[0.997s] Invoking command in '/home/manoj/ros2_ws/build/moveit_configs_utils': PYTHONPATH=/home/manoj/ros2_ws/build/moveit_configs_utils/prefix_override:/usr/lib/python3/dist-packages/colcon_core/task/python/colcon_distutils_commands:/home/manoj/ros2_ws/install/moveit_configs_utils/lib/python3.10/site-packages:${PYTHONPATH} /usr/bin/python3 -W ignore:setup.py install is deprecated -W ignore:easy_install command is deprecated setup.py develop --uninstall --editable --build-directory /home/manoj/ros2_ws/build/moveit_configs_utils/build
[1.298s] running develop
[1.535s] Removing /home/manoj/ros2_ws/install/moveit_configs_utils/lib/python3.10/site-packages/moveit-configs-utils.egg-link (link to .)
[1.570s] Invoked command in '/home/manoj/ros2_ws/build/moveit_configs_utils' returned '0': PYTHONPATH=/home/manoj/ros2_ws/build/moveit_configs_utils/prefix_override:/usr/lib/python3/dist-packages/colcon_core/task/python/colcon_distutils_commands:/home/manoj/ros2_ws/install/moveit_configs_utils/lib/python3.10/site-packages:${PYTHONPATH} /usr/bin/python3 -W ignore:setup.py install is deprecated -W ignore:easy_install command is deprecated setup.py develop --uninstall --editable --build-directory /home/manoj/ros2_ws/build/moveit_configs_utils/build
[1.571s] Invoking command in '/home/manoj/ros2_ws/src/moveit2/moveit_configs_utils': PYTHONPATH=/home/manoj/ros2_ws/build/moveit_configs_utils/prefix_override:/usr/lib/python3/dist-packages/colcon_core/task/python/colcon_distutils_commands:/home/manoj/ros2_ws/install/moveit_configs_utils/lib/python3.10/site-packages:${PYTHONPATH} /usr/bin/python3 -W ignore:setup.py install is deprecated -W ignore:easy_install command is deprecated setup.py egg_info --egg-base ../../../build/moveit_configs_utils build --build-base /home/manoj/ros2_ws/build/moveit_configs_utils/build install --record /home/manoj/ros2_ws/build/moveit_configs_utils/install.log --single-version-externally-managed install_data --force
[1.801s] running egg_info
[1.803s] writing ../../../build/moveit_configs_utils/moveit_configs_utils.egg-info/PKG-INFO
[1.803s] writing dependency_links to ../../../build/moveit_configs_utils/moveit_configs_utils.egg-info/dependency_links.txt
[1.803s] writing entry points to ../../../build/moveit_configs_utils/moveit_configs_utils.egg-info/entry_points.txt
[1.803s] writing requirements to ../../../build/moveit_configs_utils/moveit_configs_utils.egg-info/requires.txt
[1.803s] writing top-level names to ../../../build/moveit_configs_utils/moveit_configs_utils.egg-info/top_level.txt
[1.805s] reading manifest file '../../../build/moveit_configs_utils/moveit_configs_utils.egg-info/SOURCES.txt'
[1.808s] writing manifest file '../../../build/moveit_configs_utils/moveit_configs_utils.egg-info/SOURCES.txt'
[1.808s] running build
[1.808s] running build_py
[1.808s] copying moveit_configs_utils/launches.py -> /home/manoj/ros2_ws/build/moveit_configs_utils/build/lib/moveit_configs_utils
[1.808s] copying moveit_configs_utils/launch_utils.py -> /home/manoj/ros2_ws/build/moveit_configs_utils/build/lib/moveit_configs_utils
[1.808s] copying moveit_configs_utils/__init__.py -> /home/manoj/ros2_ws/build/moveit_configs_utils/build/lib/moveit_configs_utils
[1.810s] copying moveit_configs_utils/moveit_configs_builder.py -> /home/manoj/ros2_ws/build/moveit_configs_utils/build/lib/moveit_configs_utils
[1.811s] copying moveit_configs_utils/substitutions/__init__.py -> /home/manoj/ros2_ws/build/moveit_configs_utils/build/lib/moveit_configs_utils/substitutions
[1.811s] copying moveit_configs_utils/substitutions/xacro.py -> /home/manoj/ros2_ws/build/moveit_configs_utils/build/lib/moveit_configs_utils/substitutions
[1.812s] running install
[1.812s] running install_lib
[1.813s] creating /home/manoj/ros2_ws/install/moveit_configs_utils/lib/python3.10/site-packages/moveit_configs_utils
[1.814s] creating /home/manoj/ros2_ws/install/moveit_configs_utils/lib/python3.10/site-packages/moveit_configs_utils/substitutions
[1.814s] copying /home/manoj/ros2_ws/build/moveit_configs_utils/build/lib/moveit_configs_utils/substitutions/__init__.py -> /home/manoj/ros2_ws/install/moveit_configs_utils/lib/python3.10/site-packages/moveit_configs_utils/substitutions
[1.814s] copying /home/manoj/ros2_ws/build/moveit_configs_utils/build/lib/moveit_configs_utils/substitutions/xacro.py -> /home/manoj/ros2_ws/install/moveit_configs_utils/lib/python3.10/site-packages/moveit_configs_utils/substitutions
[1.814s] copying /home/manoj/ros2_ws/build/moveit_configs_utils/build/lib/moveit_configs_utils/launches.py -> /home/manoj/ros2_ws/install/moveit_configs_utils/lib/python3.10/site-packages/moveit_configs_utils
[1.814s] copying /home/manoj/ros2_ws/build/moveit_configs_utils/build/lib/moveit_configs_utils/launch_utils.py -> /home/manoj/ros2_ws/install/moveit_configs_utils/lib/python3.10/site-packages/moveit_configs_utils
[1.814s] copying /home/manoj/ros2_ws/build/moveit_configs_utils/build/lib/moveit_configs_utils/__init__.py -> /home/manoj/ros2_ws/install/moveit_configs_utils/lib/python3.10/site-packages/moveit_configs_utils
[1.814s] copying /home/manoj/ros2_ws/build/moveit_configs_utils/build/lib/moveit_configs_utils/moveit_configs_builder.py -> /home/manoj/ros2_ws/install/moveit_configs_utils/lib/python3.10/site-packages/moveit_configs_utils
[1.815s] byte-compiling /home/manoj/ros2_ws/install/moveit_configs_utils/lib/python3.10/site-packages/moveit_configs_utils/substitutions/__init__.py to __init__.cpython-310.pyc
[1.815s] byte-compiling /home/manoj/ros2_ws/install/moveit_configs_utils/lib/python3.10/site-packages/moveit_configs_utils/substitutions/xacro.py to xacro.cpython-310.pyc
[1.822s] byte-compiling /home/manoj/ros2_ws/install/moveit_configs_utils/lib/python3.10/site-packages/moveit_configs_utils/launches.py to launches.cpython-310.pyc
[1.822s] byte-compiling /home/manoj/ros2_ws/install/moveit_configs_utils/lib/python3.10/site-packages/moveit_configs_utils/launch_utils.py to launch_utils.cpython-310.pyc
[1.822s] byte-compiling /home/manoj/ros2_ws/install/moveit_configs_utils/lib/python3.10/site-packages/moveit_configs_utils/__init__.py to __init__.cpython-310.pyc
[1.822s] byte-compiling /home/manoj/ros2_ws/install/moveit_configs_utils/lib/python3.10/site-packages/moveit_configs_utils/moveit_configs_builder.py to moveit_configs_builder.cpython-310.pyc
[1.827s] running install_data
[1.827s] copying resource/moveit_configs_utils -> /home/manoj/ros2_ws/install/moveit_configs_utils/share/ament_index/resource_index/packages
[1.828s] copying package.xml -> /home/manoj/ros2_ws/install/moveit_configs_utils/share/moveit_configs_utils
[1.828s] copying default_configs/chomp_planning.yaml -> /home/manoj/ros2_ws/install/moveit_configs_utils/share/moveit_configs_utils/default_configs
[1.828s] copying default_configs/ompl_defaults.yaml -> /home/manoj/ros2_ws/install/moveit_configs_utils/share/moveit_configs_utils/default_configs
[1.828s] copying default_configs/ompl_planning.yaml -> /home/manoj/ros2_ws/install/moveit_configs_utils/share/moveit_configs_utils/default_configs
[1.829s] copying default_configs/pilz_industrial_motion_planner_planning.yaml -> /home/manoj/ros2_ws/install/moveit_configs_utils/share/moveit_configs_utils/default_configs
[1.829s] running install_egg_info
[1.832s] Copying ../../../build/moveit_configs_utils/moveit_configs_utils.egg-info to /home/manoj/ros2_ws/install/moveit_configs_utils/lib/python3.10/site-packages/moveit_configs_utils-2.5.9-py3.10.egg-info
[1.832s] running install_scripts
[1.849s] writing list of installed files to '/home/manoj/ros2_ws/build/moveit_configs_utils/install.log'
[1.865s] Invoked command in '/home/manoj/ros2_ws/src/moveit2/moveit_configs_utils' returned '0': PYTHONPATH=/home/manoj/ros2_ws/build/moveit_configs_utils/prefix_override:/usr/lib/python3/dist-packages/colcon_core/task/python/colcon_distutils_commands:/home/manoj/ros2_ws/install/moveit_configs_utils/lib/python3.10/site-packages:${PYTHONPATH} /usr/bin/python3 -W ignore:setup.py install is deprecated -W ignore:easy_install command is deprecated setup.py egg_info --egg-base ../../../build/moveit_configs_utils build --build-base /home/manoj/ros2_ws/build/moveit_configs_utils/build install --record /home/manoj/ros2_ws/build/moveit_configs_utils/install.log --single-version-externally-managed install_data --force
