[0.309s] Invoking command in '/home/manoj/ros2_ws/build/moveit_resources_prbt_support': CMAKE_PREFIX_PATH=/opt/ros/humble /usr/bin/cmake /home/manoj/ros2_ws/src/moveit2/moveit_planners/test_configs/prbt_support -DCMAKE_BUILD_TYPE=Release -DCMAKE_INSTALL_PREFIX=/home/manoj/ros2_ws/install/moveit_resources_prbt_support
[0.329s] -- Found ament_cmake: 1.3.11 (/opt/ros/humble/share/ament_cmake/cmake)
[0.471s] -- Override CMake install command with custom implementation using symlinks instead of copying resources
[0.559s] -- Configuring done
[0.565s] -- Generating done
[0.565s] -- Build files have been written to: /home/manoj/ros2_ws/build/moveit_resources_prbt_support
[0.570s] Invoked command in '/home/manoj/ros2_ws/build/moveit_resources_prbt_support' returned '0': CMAKE_PREFIX_PATH=/opt/ros/humble /usr/bin/cmake /home/manoj/ros2_ws/src/moveit2/moveit_planners/test_configs/prbt_support -DCMAKE_BUILD_TYPE=Release -DCMAKE_INSTALL_PREFIX=/home/manoj/ros2_ws/install/moveit_resources_prbt_support
[0.574s] Invoking command in '/home/manoj/ros2_ws/build/moveit_resources_prbt_support': CMAKE_PREFIX_PATH=/opt/ros/humble /usr/bin/cmake --build /home/manoj/ros2_ws/build/moveit_resources_prbt_support -- -j12 -l12
[0.624s] Invoked command in '/home/manoj/ros2_ws/build/moveit_resources_prbt_support' returned '0': CMAKE_PREFIX_PATH=/opt/ros/humble /usr/bin/cmake --build /home/manoj/ros2_ws/build/moveit_resources_prbt_support -- -j12 -l12
[0.630s] Invoking command in '/home/manoj/ros2_ws/build/moveit_resources_prbt_support': CMAKE_PREFIX_PATH=/opt/ros/humble /usr/bin/cmake --install /home/manoj/ros2_ws/build/moveit_resources_prbt_support
[0.638s] -- Install configuration: "Release"
[0.638s] -- Execute custom install script
[0.638s] -- Up-to-date symlink: /home/manoj/ros2_ws/install/moveit_resources_prbt_support/share/ament_index/resource_index/package_run_dependencies/moveit_resources_prbt_support
[0.638s] -- Up-to-date symlink: /home/manoj/ros2_ws/install/moveit_resources_prbt_support/share/ament_index/resource_index/parent_prefix_path/moveit_resources_prbt_support
[0.638s] -- Up-to-date symlink: /home/manoj/ros2_ws/install/moveit_resources_prbt_support/share/moveit_resources_prbt_support/environment/ament_prefix_path.sh
[0.638s] -- Up-to-date symlink: /home/manoj/ros2_ws/install/moveit_resources_prbt_support/share/moveit_resources_prbt_support/environment/ament_prefix_path.dsv
[0.639s] -- Up-to-date symlink: /home/manoj/ros2_ws/install/moveit_resources_prbt_support/share/moveit_resources_prbt_support/environment/path.sh
[0.639s] -- Up-to-date symlink: /home/manoj/ros2_ws/install/moveit_resources_prbt_support/share/moveit_resources_prbt_support/environment/path.dsv
[0.639s] -- Up-to-date symlink: /home/manoj/ros2_ws/install/moveit_resources_prbt_support/share/moveit_resources_prbt_support/local_setup.bash
[0.639s] -- Up-to-date symlink: /home/manoj/ros2_ws/install/moveit_resources_prbt_support/share/moveit_resources_prbt_support/local_setup.sh
[0.641s] -- Up-to-date symlink: /home/manoj/ros2_ws/install/moveit_resources_prbt_support/share/moveit_resources_prbt_support/local_setup.zsh
[0.642s] -- Up-to-date symlink: /home/manoj/ros2_ws/install/moveit_resources_prbt_support/share/moveit_resources_prbt_support/local_setup.dsv
[0.643s] -- Symlinking: /home/manoj/ros2_ws/install/moveit_resources_prbt_support/share/moveit_resources_prbt_support/package.dsv
[0.645s] -- Up-to-date symlink: /home/manoj/ros2_ws/install/moveit_resources_prbt_support/share/ament_index/resource_index/packages/moveit_resources_prbt_support
[0.645s] -- Up-to-date symlink: /home/manoj/ros2_ws/install/moveit_resources_prbt_support/share/moveit_resources_prbt_support/cmake/moveit_resources_prbt_supportConfig.cmake
[0.646s] -- Up-to-date symlink: /home/manoj/ros2_ws/install/moveit_resources_prbt_support/share/moveit_resources_prbt_support/cmake/moveit_resources_prbt_supportConfig-version.cmake
[0.646s] -- Up-to-date symlink: /home/manoj/ros2_ws/install/moveit_resources_prbt_support/share/moveit_resources_prbt_support/package.xml
[0.646s] -- Up-to-date symlink: /home/manoj/ros2_ws/install/moveit_resources_prbt_support/share/moveit_resources_prbt_support/urdf/prbt.ros2_control.xacro
[0.647s] -- Up-to-date symlink: /home/manoj/ros2_ws/install/moveit_resources_prbt_support/share/moveit_resources_prbt_support/urdf/prbt.xacro
[0.647s] -- Up-to-date symlink: /home/manoj/ros2_ws/install/moveit_resources_prbt_support/share/moveit_resources_prbt_support/urdf/prbt_macro.xacro
[0.649s] -- Up-to-date symlink: /home/manoj/ros2_ws/install/moveit_resources_prbt_support/share/moveit_resources_prbt_support/urdf/simple_gripper_brackets.urdf.xacro
[0.649s] -- Up-to-date symlink: /home/manoj/ros2_ws/install/moveit_resources_prbt_support/share/moveit_resources_prbt_support/meshes/flange.dae
[0.650s] -- Up-to-date symlink: /home/manoj/ros2_ws/install/moveit_resources_prbt_support/share/moveit_resources_prbt_support/meshes/flange.stl
[0.650s] -- Up-to-date symlink: /home/manoj/ros2_ws/install/moveit_resources_prbt_support/share/moveit_resources_prbt_support/meshes/foot.dae
[0.650s] -- Up-to-date symlink: /home/manoj/ros2_ws/install/moveit_resources_prbt_support/share/moveit_resources_prbt_support/meshes/foot.stl
[0.650s] -- Up-to-date symlink: /home/manoj/ros2_ws/install/moveit_resources_prbt_support/share/moveit_resources_prbt_support/meshes/link_1.dae
[0.650s] -- Up-to-date symlink: /home/manoj/ros2_ws/install/moveit_resources_prbt_support/share/moveit_resources_prbt_support/meshes/link_1.stl
[0.650s] -- Up-to-date symlink: /home/manoj/ros2_ws/install/moveit_resources_prbt_support/share/moveit_resources_prbt_support/meshes/link_2.dae
[0.650s] -- Up-to-date symlink: /home/manoj/ros2_ws/install/moveit_resources_prbt_support/share/moveit_resources_prbt_support/meshes/link_2.stl
[0.650s] -- Up-to-date symlink: /home/manoj/ros2_ws/install/moveit_resources_prbt_support/share/moveit_resources_prbt_support/meshes/link_3.dae
[0.650s] -- Up-to-date symlink: /home/manoj/ros2_ws/install/moveit_resources_prbt_support/share/moveit_resources_prbt_support/meshes/link_3.stl
[0.650s] -- Up-to-date symlink: /home/manoj/ros2_ws/install/moveit_resources_prbt_support/share/moveit_resources_prbt_support/meshes/link_4.dae
[0.651s] -- Up-to-date symlink: /home/manoj/ros2_ws/install/moveit_resources_prbt_support/share/moveit_resources_prbt_support/meshes/link_4.stl
[0.651s] -- Up-to-date symlink: /home/manoj/ros2_ws/install/moveit_resources_prbt_support/share/moveit_resources_prbt_support/meshes/link_5.dae
[0.651s] -- Up-to-date symlink: /home/manoj/ros2_ws/install/moveit_resources_prbt_support/share/moveit_resources_prbt_support/meshes/link_5.stl
[0.651s] -- Up-to-date symlink: /home/manoj/ros2_ws/install/moveit_resources_prbt_support/share/moveit_resources_prbt_support/config/manipulator_controller.yaml
[0.651s] -- Up-to-date symlink: /home/manoj/ros2_ws/install/moveit_resources_prbt_support/share/moveit_resources_prbt_support/config/manipulator_driver.yaml
[0.651s] -- Up-to-date symlink: /home/manoj/ros2_ws/install/moveit_resources_prbt_support/share/moveit_resources_prbt_support/config/prbt_0_1.dcf
[0.683s] Invoked command in '/home/manoj/ros2_ws/build/moveit_resources_prbt_support' returned '0': CMAKE_PREFIX_PATH=/opt/ros/humble /usr/bin/cmake --install /home/manoj/ros2_ws/build/moveit_resources_prbt_support
