[0.018s] Invoking command in '/home/manoj/ros2_ws/build/moveit_core': CMAKE_PREFIX_PATH=/home/manoj/ros2_ws/install/moveit_resources_panda_moveit_config:/home/manoj/ros2_ws/install/moveit_resources_pr2_description:/home/manoj/ros2_ws/install/moveit_resources_panda_description:/home/manoj/ros2_ws/install/moveit_common:/home/manoj/ros2_ws/install/moveit_resources_prbt_support:/home/manoj/ros2_ws/install/moveit_resources:/home/manoj/ros2_ws/install/dual_arm_panda_moveit_config:/home/manoj/ros2_ws/install/moveit_resources_fanuc_moveit_config:/home/manoj/ros2_ws/install/moveit_resources_fanuc_description:/home/manoj/ros2_ws/install/ur_description:/home/manoj/ros2_ws/install/my_mobile_manipulator_description:/home/manoj/ros2_ws/install/moveit_configs_utils:/opt/ros/humble /usr/bin/cmake /home/manoj/ros2_ws/src/moveit2/moveit_core -DAMENT_CMAKE_SYMLINK_INSTALL=1 -DCMAKE_INSTALL_PREFIX=/home/manoj/ros2_ws/install/moveit_core
[0.027s] -- Found moveit_common: 2.5.9 (/home/manoj/ros2_ws/install/moveit_common/share/moveit_common/cmake)
[0.028s] -- Found ament_cmake: 1.3.11 (/opt/ros/humble/share/ament_cmake/cmake)
[0.155s] -- Override CMake install command with custom implementation using symlinks instead of copying resources
[0.237s] -- Found angles: 1.15.0 (/opt/ros/humble/share/angles/cmake)
[0.238s] [0mmoveit_core: You did not request a specific build type: Choosing 'Release' for maximum performance[0m
[0.272s] -- Found common_interfaces: 4.8.0 (/opt/ros/humble/share/common_interfaces/cmake)
[0.272s] -- Found eigen_stl_containers: 1.1.0 (/opt/ros/humble/share/eigen_stl_containers/cmake)
[0.273s] -- Found eigen3_cmake_module: 0.1.1 (/opt/ros/humble/share/eigen3_cmake_module/cmake)
[0.277s] -- Found generate_parameter_library: 0.4.0 (/opt/ros/humble/share/generate_parameter_library/cmake)
[0.278s] -- Found parameter_traits: 0.4.0 (/opt/ros/humble/share/parameter_traits/cmake)
[0.301s] -- Found rosidl_generator_c: 3.1.6 (/opt/ros/humble/share/rosidl_generator_c/cmake)
[0.303s] -- Found rosidl_adapter: 3.1.6 (/opt/ros/humble/share/rosidl_adapter/cmake)
[0.306s] -- Found rosidl_generator_cpp: 3.1.6 (/opt/ros/humble/share/rosidl_generator_cpp/cmake)
[0.313s] -- Using all available rosidl_typesupport_c: rosidl_typesupport_fastrtps_c;rosidl_typesupport_introspection_c
[0.322s] -- Using all available rosidl_typesupport_cpp: rosidl_typesupport_fastrtps_cpp;rosidl_typesupport_introspection_cpp
[0.345s] -- Found rmw_implementation_cmake: 6.1.2 (/opt/ros/humble/share/rmw_implementation_cmake/cmake)
[0.346s] -- Found rmw_fastrtps_cpp: 6.2.7 (/opt/ros/humble/share/rmw_fastrtps_cpp/cmake)
[0.459s] -- Using RMW implementation 'rmw_fastrtps_cpp' as default
[0.507s] -- Found rclcpp_lifecycle: 16.0.12 (/opt/ros/humble/share/rclcpp_lifecycle/cmake)
[0.518s] -- Found geometric_shapes: 2.3.2 (/opt/ros/humble/share/geometric_shapes/cmake)
[0.521s] -- Found Boost: /usr/lib/x86_64-linux-gnu/cmake/Boost-1.74.0/BoostConfig.cmake (found version "1.74.0") found components: filesystem 
[0.555s] -- library: /usr/lib/x86_64-linux-gnu/libcurl.so
[0.599s] -- Found kdl_parser: 2.6.4 (/opt/ros/humble/share/kdl_parser/cmake)
[0.601s] -- Ensuring Eigen3 include directory is part of orocos-kdl CMake target
[0.602s] -- Found moveit_msgs: 2.2.1 (/opt/ros/humble/share/moveit_msgs/cmake)
[0.689s] -- Found pluginlib: 5.1.0 (/opt/ros/humble/share/pluginlib/cmake)
[0.706s] -- Found srdfdom: 2.0.7 (/opt/ros/humble/share/srdfdom/cmake)
[0.714s] -- Found tf2_eigen: 0.25.12 (/opt/ros/humble/share/tf2_eigen/cmake)
[0.775s] -- Found tf2_geometry_msgs: 0.25.12 (/opt/ros/humble/share/tf2_geometry_msgs/cmake)
[0.779s] -- Found tf2_kdl: 0.25.12 (/opt/ros/humble/share/tf2_kdl/cmake)
[0.795s] -- Found Boost: /usr/lib/x86_64-linux-gnu/cmake/Boost-1.74.0/BoostConfig.cmake (found version "1.74.0") found components: chrono date_time filesystem iostreams program_options regex serialization system thread 
[0.795s] --  *** Building MoveIt 2.5.9-Alpha ***
[0.800s] -- Found ament_cmake_gtest: 1.3.11 (/opt/ros/humble/share/ament_cmake_gtest/cmake)
[0.801s] -- Found gtest sources under '/opt/ros/humble/src/gtest_vendor': C++ tests using 'Google Test' will be built
[0.808s] -- Found ament_cmake_gmock: 1.3.11 (/opt/ros/humble/share/ament_cmake_gmock/cmake)
[0.810s] -- Found gmock sources under '/opt/ros/humble/src/gmock_vendor': C++ tests using 'Google Mock' will be built
[0.812s] -- Found ament_cmake_gtest: 1.3.11 (/opt/ros/humble/share/ament_cmake_gtest/cmake)
[0.812s] -- Found gtest sources under '/opt/ros/humble/src/gtest_vendor': C++ tests using 'Google Test' will be built
[0.819s] -- Found ament_cmake_gtest: 1.3.11 (/opt/ros/humble/share/ament_cmake_gtest/cmake)
[0.819s] -- Found gtest sources under '/opt/ros/humble/src/gtest_vendor': C++ tests using 'Google Test' will be built
[0.836s] -- Found ament_cmake_gtest: 1.3.11 (/opt/ros/humble/share/ament_cmake_gtest/cmake)
[0.836s] -- Found gtest sources under '/opt/ros/humble/src/gtest_vendor': C++ tests using 'Google Test' will be built
[0.850s] -- Found ament_lint_auto: 0.12.12 (/opt/ros/humble/share/ament_lint_auto/cmake)
[0.850s] -- Found ament_cmake_gtest: 1.3.11 (/opt/ros/humble/share/ament_cmake_gtest/cmake)
[0.851s] -- Found gtest sources under '/opt/ros/humble/src/gtest_vendor': C++ tests using 'Google Test' will be built
[0.872s] -- Found ament_cmake_gtest: 1.3.11 (/opt/ros/humble/share/ament_cmake_gtest/cmake)
[0.873s] -- Found gtest sources under '/opt/ros/humble/src/gtest_vendor': C++ tests using 'Google Test' will be built
[0.885s] -- Found ament_cmake_gtest: 1.3.11 (/opt/ros/humble/share/ament_cmake_gtest/cmake)
[0.885s] -- Found gtest sources under '/opt/ros/humble/src/gtest_vendor': C++ tests using 'Google Test' will be built
[0.892s] -- Found ament_cmake_gtest: 1.3.11 (/opt/ros/humble/share/ament_cmake_gtest/cmake)
[0.893s] -- Found gmock sources under '/opt/ros/humble/src/gmock_vendor': C++ tests using 'Google Mock' will be built
[0.893s] -- Found gtest sources under '/opt/ros/humble/src/gtest_vendor': C++ tests using 'Google Test' will be built
[0.902s] -- Found gtest sources under '/opt/ros/humble/src/gtest_vendor': C++ tests using 'Google Test' will be built
[0.909s] -- Found gtest sources under '/opt/ros/humble/src/gtest_vendor': C++ tests using 'Google Test' will be built
[0.918s] -- Found ament_cmake_gtest: 1.3.11 (/opt/ros/humble/share/ament_cmake_gtest/cmake)
[0.919s] -- Found gtest sources under '/opt/ros/humble/src/gtest_vendor': C++ tests using 'Google Test' will be built
[0.933s] -- Found gtest sources under '/opt/ros/humble/src/gtest_vendor': C++ tests using 'Google Test' will be built
[0.944s] -- Found gtest sources under '/opt/ros/humble/src/gtest_vendor': C++ tests using 'Google Test' will be built
[0.957s] -- Found gtest sources under '/opt/ros/humble/src/gtest_vendor': C++ tests using 'Google Test' will be built
[0.965s] -- Found ament_lint_auto: 0.12.12 (/opt/ros/humble/share/ament_lint_auto/cmake)
[1.000s] -- Added test 'cppcheck' to perform static code analysis on C / C++ code
[1.001s] -- Configured cppcheck include dirs: /home/manoj/ros2_ws/src/moveit2/moveit_core/exceptions/include;/home/manoj/ros2_ws/src/moveit2/moveit_core/collision_detection/include;/home/manoj/ros2_ws/src/moveit2/moveit_core/collision_detection_fcl/include;/home/manoj/ros2_ws/src/moveit2/moveit_core/collision_detection_bullet/include;/home/manoj/ros2_ws/src/moveit2/moveit_core/constraint_samplers/include;/home/manoj/ros2_ws/src/moveit2/moveit_core/controller_manager/include;/home/manoj/ros2_ws/src/moveit2/moveit_core/distance_field/include;/home/manoj/ros2_ws/src/moveit2/moveit_core/collision_distance_field/include;/home/manoj/ros2_ws/src/moveit2/moveit_core/dynamics_solver/include;/home/manoj/ros2_ws/src/moveit2/moveit_core/kinematics_base/include;/home/manoj/ros2_ws/src/moveit2/moveit_core/kinematics_metrics/include;/home/manoj/ros2_ws/src/moveit2/moveit_core/robot_model/include;/home/manoj/ros2_ws/src/moveit2/moveit_core/transforms/include;/home/manoj/ros2_ws/src/moveit2/moveit_core/robot_state/include;/home/manoj/ros2_ws/src/moveit2/moveit_core/robot_trajectory/include;/home/manoj/ros2_ws/src/moveit2/moveit_core/kinematic_constraints/include;/home/manoj/ros2_ws/src/moveit2/moveit_core/macros/include;/home/manoj/ros2_ws/src/moveit2/moveit_core/online_signal_smoothing/include;/home/manoj/ros2_ws/src/moveit2/moveit_core/planning_interface/include;/home/manoj/ros2_ws/src/moveit2/moveit_core/planning_request_adapter/include;/home/manoj/ros2_ws/src/moveit2/moveit_core/planning_scene/include;/home/manoj/ros2_ws/src/moveit2/moveit_core/sensor_manager/include;/home/manoj/ros2_ws/src/moveit2/moveit_core/trajectory_processing/include;/home/manoj/ros2_ws/src/moveit2/moveit_core/utils/include
[1.001s] -- Configured cppcheck exclude dirs and/or files: 
[1.004s] -- Added test 'pep257' to check Python code against some of the docstring style conventions in PEP 257
[1.006s] -- Added test 'xmllint' to check XML markup files
[1.009s] -- Configuring done
[1.453s] -- Generating done
[1.602s] -- Build files have been written to: /home/manoj/ros2_ws/build/moveit_core
[1.628s] Invoked command in '/home/manoj/ros2_ws/build/moveit_core' returned '0': CMAKE_PREFIX_PATH=/home/manoj/ros2_ws/install/moveit_resources_panda_moveit_config:/home/manoj/ros2_ws/install/moveit_resources_pr2_description:/home/manoj/ros2_ws/install/moveit_resources_panda_description:/home/manoj/ros2_ws/install/moveit_common:/home/manoj/ros2_ws/install/moveit_resources_prbt_support:/home/manoj/ros2_ws/install/moveit_resources:/home/manoj/ros2_ws/install/dual_arm_panda_moveit_config:/home/manoj/ros2_ws/install/moveit_resources_fanuc_moveit_config:/home/manoj/ros2_ws/install/moveit_resources_fanuc_description:/home/manoj/ros2_ws/install/ur_description:/home/manoj/ros2_ws/install/my_mobile_manipulator_description:/home/manoj/ros2_ws/install/moveit_configs_utils:/opt/ros/humble /usr/bin/cmake /home/manoj/ros2_ws/src/moveit2/moveit_core -DAMENT_CMAKE_SYMLINK_INSTALL=1 -DCMAKE_INSTALL_PREFIX=/home/manoj/ros2_ws/install/moveit_core
[1.629s] Invoking command in '/home/manoj/ros2_ws/build/moveit_core': CMAKE_PREFIX_PATH=/home/manoj/ros2_ws/install/moveit_resources_panda_moveit_config:/home/manoj/ros2_ws/install/moveit_resources_pr2_description:/home/manoj/ros2_ws/install/moveit_resources_panda_description:/home/manoj/ros2_ws/install/moveit_common:/home/manoj/ros2_ws/install/moveit_resources_prbt_support:/home/manoj/ros2_ws/install/moveit_resources:/home/manoj/ros2_ws/install/dual_arm_panda_moveit_config:/home/manoj/ros2_ws/install/moveit_resources_fanuc_moveit_config:/home/manoj/ros2_ws/install/moveit_resources_fanuc_description:/home/manoj/ros2_ws/install/ur_description:/home/manoj/ros2_ws/install/my_mobile_manipulator_description:/home/manoj/ros2_ws/install/moveit_configs_utils:/opt/ros/humble /usr/bin/cmake --build /home/manoj/ros2_ws/build/moveit_core -- -j12 -l12
[1.685s] [35m[1mConsolidate compiler generated dependencies of target moveit_exceptions[0m
[1.689s] [35m[1mConsolidate compiler generated dependencies of target moveit_transforms[0m
[1.689s] [35m[1mConsolidate compiler generated dependencies of target moveit_kinematics_base[0m
[1.689s] [35m[1mConsolidate compiler generated dependencies of target moveit_utils[0m
[1.689s] [35m[1mConsolidate compiler generated dependencies of target moveit_distance_field[0m
[1.689s] [35m[1mConsolidate compiler generated dependencies of target gtest[0m
[1.693s] [35m[1mConsolidate compiler generated dependencies of target gtest_main[0m
[1.695s] [35m[1mConsolidate compiler generated dependencies of target gmock[0m
[1.699s] [35m[1mConsolidate compiler generated dependencies of target moveit_smoothing_base[0m
[1.705s] [35m[1mConsolidate compiler generated dependencies of target moveit_version[0m
[1.705s] [35m[1mConsolidate compiler generated dependencies of target gmock_main[0m
[1.710s] [  0%] [32mBuilding CXX object gtest/CMakeFiles/gtest.dir/src/gtest-all.cc.o[0m
[1.714s] [  1%] [32mBuilding CXX object kinematics_base/CMakeFiles/moveit_kinematics_base.dir/src/kinematics_base.cpp.o[0m
[1.718s] [  2%] [32mBuilding CXX object gtest/CMakeFiles/gtest_main.dir/src/gtest_main.cc.o[0m
[1.719s] [  3%] [32mBuilding CXX object exceptions/CMakeFiles/moveit_exceptions.dir/src/exceptions.cpp.o[0m
[1.719s] [  4%] [32mBuilding CXX object transforms/CMakeFiles/moveit_transforms.dir/src/transforms.cpp.o[0m
[1.721s] [  5%] [32mBuilding CXX object utils/CMakeFiles/moveit_utils.dir/src/lexical_casts.cpp.o[0m
[1.724s] [  5%] [32mBuilding CXX object version/CMakeFiles/moveit_version.dir/version.cpp.o[0m
[1.729s] [  5%] [32mBuilding CXX object gmock/CMakeFiles/gmock.dir/opt/ros/humble/src/gtest_vendor/src/gtest-all.cc.o[0m
[1.729s] [  5%] [32mBuilding CXX object gmock/CMakeFiles/gmock_main.dir/src/gmock_main.cc.o[0m
[1.731s] [  6%] [32mBuilding CXX object online_signal_smoothing/CMakeFiles/moveit_smoothing_base.dir/src/smoothing_base_class.cpp.o[0m
[1.733s] [  7%] [34m[1mRunning `/opt/ros/humble/bin/generate_parameter_library_cpp /home/manoj/ros2_ws/build/moveit_core/online_signal_smoothing/include/moveit_core/moveit_butterworth_parameters.hpp /home/manoj/ros2_ws/src/moveit2/moveit_core/online_signal_smoothing/src/butterworth_parameters.yaml `[0m
[1.741s] [  8%] [32mBuilding CXX object distance_field/CMakeFiles/moveit_distance_field.dir/src/distance_field.cpp.o[0m
[1.826s] [  9%] [32m[1mLinking CXX executable moveit_version[0m
[2.002s] [  9%] Built target moveit_version
[2.024s] [ 10%] [32mBuilding CXX object gmock/CMakeFiles/gmock.dir/src/gmock-all.cc.o[0m
[2.090s] [ 11%] [34m[1mCreating deprecated header file /home/manoj/ros2_ws/build/moveit_core/online_signal_smoothing/include/moveit_butterworth_parameters.hpp[0m
[2.229s] [ 11%] Built target moveit_butterworth_parameters
[2.255s] [ 11%] [32mBuilding CXX object utils/CMakeFiles/moveit_utils.dir/src/message_checks.cpp.o[0m
[2.744s] [ 11%] [32m[1mLinking CXX shared library libmoveit_exceptions.so[0m
[2.749s] [ 12%] [32mBuilding CXX object utils/CMakeFiles/moveit_utils.dir/src/rclcpp_utils.cpp.o[0m
[3.061s] [ 12%] Built target moveit_exceptions
[3.081s] [ 13%] [32mBuilding CXX object distance_field/CMakeFiles/moveit_distance_field.dir/src/find_internal_points.cpp.o[0m
[3.284s] [ 13%] [32mBuilding CXX object distance_field/CMakeFiles/moveit_distance_field.dir/src/propagation_distance_field.cpp.o[0m
[3.748s] [ 13%] [32m[1mLinking CXX static library libgtest_main.a[0m
[3.796s] [ 13%] Built target gtest_main
[4.381s] [ 14%] [32m[1mLinking CXX static library libgmock_main.a[0m
[4.450s] [ 14%] Built target gmock_main
[4.890s] [ 15%] [32m[1mLinking CXX shared library libmoveit_utils.so[0m
[6.030s] [ 15%] Built target moveit_utils
[7.160s] [ 15%] [32m[1mLinking CXX shared library libmoveit_smoothing_base.so[0m
[7.362s] [ 15%] Built target moveit_smoothing_base
[10.004s] [ 15%] [32m[1mLinking CXX shared library libmoveit_kinematics_base.so[0m
[10.198s] [ 15%] Built target moveit_kinematics_base
[10.227s] [35m[1mConsolidate compiler generated dependencies of target moveit_robot_model[0m
[10.290s] [ 15%] [32mBuilding CXX object robot_model/CMakeFiles/moveit_robot_model.dir/src/floating_joint_model.cpp.o[0m
[10.295s] [ 15%] [32mBuilding CXX object robot_model/CMakeFiles/moveit_robot_model.dir/src/aabb.cpp.o[0m
[10.298s] [ 16%] [32mBuilding CXX object robot_model/CMakeFiles/moveit_robot_model.dir/src/fixed_joint_model.cpp.o[0m
[10.307s] [ 17%] [32mBuilding CXX object robot_model/CMakeFiles/moveit_robot_model.dir/src/joint_model.cpp.o[0m
[10.308s] [ 17%] [32mBuilding CXX object robot_model/CMakeFiles/moveit_robot_model.dir/src/joint_model_group.cpp.o[0m
[10.318s] [ 18%] [32mBuilding CXX object robot_model/CMakeFiles/moveit_robot_model.dir/src/link_model.cpp.o[0m
[10.321s] [ 19%] [32mBuilding CXX object robot_model/CMakeFiles/moveit_robot_model.dir/src/planar_joint_model.cpp.o[0m
[12.331s] [ 19%] [32mBuilding CXX object robot_model/CMakeFiles/moveit_robot_model.dir/src/prismatic_joint_model.cpp.o[0m
[12.962s] [ 19%] [32m[1mLinking CXX shared library libmoveit_transforms.so[0m
[13.209s] [ 19%] Built target moveit_transforms
[13.222s] [ 20%] [32mBuilding CXX object robot_model/CMakeFiles/moveit_robot_model.dir/src/revolute_joint_model.cpp.o[0m
[15.252s] [ 20%] [32mBuilding CXX object robot_model/CMakeFiles/moveit_robot_model.dir/src/robot_model.cpp.o[0m
[16.160s] [ 21%] [32m[1mLinking CXX shared library libmoveit_distance_field.so[0m
[16.551s] [ 21%] Built target moveit_distance_field
[16.852s] [ 22%] [32m[1mLinking CXX static library libgmock.a[0m
[16.932s] [ 22%] Built target gmock
[17.159s] [ 23%] [32m[1mLinking CXX static library libgtest.a[0m
[17.240s] [ 23%] Built target gtest
[17.281s] [35m[1mConsolidate compiler generated dependencies of target test_voxel_grid[0m
[17.283s] [35m[1mConsolidate compiler generated dependencies of target test_transforms[0m
[17.287s] [35m[1mConsolidate compiler generated dependencies of target test_distance_field[0m
[17.330s] [ 23%] [32mBuilding CXX object transforms/CMakeFiles/test_transforms.dir/test/test_transforms.cpp.o[0m
[17.330s] [ 24%] [32mBuilding CXX object distance_field/CMakeFiles/test_voxel_grid.dir/test/test_voxel_grid.cpp.o[0m
[17.365s] [ 25%] [32mBuilding CXX object distance_field/CMakeFiles/test_distance_field.dir/test/test_distance_field.cpp.o[0m
[23.271s] [ 26%] [32m[1mLinking CXX executable test_transforms[0m
[23.494s] [ 26%] Built target test_transforms
[25.100s] [ 26%] [32m[1mLinking CXX executable test_voxel_grid[0m
[25.326s] [ 26%] Built target test_voxel_grid
[28.599s] [ 27%] [32m[1mLinking CXX shared library libmoveit_robot_model.so[0m
[28.769s] [ 27%] Built target moveit_robot_model
[28.782s] [35m[1mConsolidate compiler generated dependencies of target moveit_butterworth_filter[0m
[28.783s] [35m[1mConsolidate compiler generated dependencies of target moveit_test_utils[0m
[28.786s] [35m[1mConsolidate compiler generated dependencies of target moveit_robot_state[0m
[28.818s] [ 28%] [32mBuilding CXX object online_signal_smoothing/CMakeFiles/moveit_butterworth_filter.dir/src/butterworth_filter.cpp.o[0m
[28.818s] [ 29%] [32mBuilding CXX object utils/CMakeFiles/moveit_test_utils.dir/src/robot_model_test_utils.cpp.o[0m
[28.823s] [ 30%] [32mBuilding CXX object robot_state/CMakeFiles/moveit_robot_state.dir/src/attached_body.cpp.o[0m
[28.827s] [ 30%] [32mBuilding CXX object robot_state/CMakeFiles/moveit_robot_state.dir/src/conversions.cpp.o[0m
[28.827s] [ 31%] [32mBuilding CXX object robot_state/CMakeFiles/moveit_robot_state.dir/src/robot_state.cpp.o[0m
[28.828s] [ 31%] [32mBuilding CXX object robot_state/CMakeFiles/moveit_robot_state.dir/src/cartesian_interpolator.cpp.o[0m
[32.574s] [ 31%] [32m[1mLinking CXX executable test_distance_field[0m
[33.009s] [ 31%] Built target test_distance_field
[39.935s] [ 31%] [32m[1mLinking CXX shared library libmoveit_butterworth_filter.so[0m
[40.160s] [ 31%] Built target moveit_butterworth_filter
[40.178s] [35m[1mConsolidate compiler generated dependencies of target test_butterworth_filter[0m
[40.210s] [ 31%] [32mBuilding CXX object online_signal_smoothing/CMakeFiles/test_butterworth_filter.dir/test/test_butterworth_filter.cpp.o[0m
[43.538s] [ 32%] [32m[1mLinking CXX shared library libmoveit_test_utils.so[0m
[43.785s] [ 32%] Built target moveit_test_utils
[43.803s] [35m[1mConsolidate compiler generated dependencies of target test_robot_model[0m
[43.838s] [ 33%] [32mBuilding CXX object robot_model/CMakeFiles/test_robot_model.dir/test/test.cpp.o[0m
[48.201s] [ 34%] [32m[1mLinking CXX executable test_butterworth_filter[0m
[48.354s] [ 34%] Built target test_butterworth_filter
[50.037s] [ 34%] [32m[1mLinking CXX executable test_robot_model[0m
[50.290s] [ 34%] Built target test_robot_model
[57.279s] [ 35%] [32m[1mLinking CXX shared library libmoveit_robot_state.so[0m
[57.447s] [ 35%] Built target moveit_robot_state
[57.458s] [35m[1mConsolidate compiler generated dependencies of target test_robot_state_complex[0m
[57.459s] [35m[1mConsolidate compiler generated dependencies of target moveit_dynamics_solver[0m
[57.461s] [35m[1mConsolidate compiler generated dependencies of target moveit_kinematics_metrics[0m
[57.461s] [35m[1mConsolidate compiler generated dependencies of target moveit_robot_trajectory[0m
[57.461s] [35m[1mConsolidate compiler generated dependencies of target test_aabb[0m
[57.461s] [35m[1mConsolidate compiler generated dependencies of target test_robot_state[0m
[57.462s] [35m[1mConsolidate compiler generated dependencies of target test_cartesian_interpolator[0m
[57.469s] [35m[1mConsolidate compiler generated dependencies of target moveit_collision_detection[0m
[57.471s] [ 35%] [32mBuilding CXX object robot_state/CMakeFiles/test_robot_state_benchmark.dir/test/robot_state_benchmark.cpp.o[0m
[57.480s] [ 35%] [32mBuilding CXX object robot_state/CMakeFiles/test_robot_state_complex.dir/test/test_kinematic_complex.cpp.o[0m
[57.482s] [ 35%] [32mBuilding CXX object dynamics_solver/CMakeFiles/moveit_dynamics_solver.dir/src/dynamics_solver.cpp.o[0m
[57.487s] [ 36%] [32mBuilding CXX object robot_state/CMakeFiles/test_cartesian_interpolator.dir/test/test_cartesian_interpolator.cpp.o[0m
[57.488s] [ 36%] [32mBuilding CXX object robot_state/CMakeFiles/test_aabb.dir/test/test_aabb.cpp.o[0m
[57.491s] [ 37%] [32mBuilding CXX object kinematics_metrics/CMakeFiles/moveit_kinematics_metrics.dir/src/kinematics_metrics.cpp.o[0m
[57.491s] [ 38%] [32mBuilding CXX object robot_trajectory/CMakeFiles/moveit_robot_trajectory.dir/src/robot_trajectory.cpp.o[0m
[57.492s] [ 39%] [32mBuilding CXX object robot_state/CMakeFiles/test_robot_state.dir/test/robot_state_test.cpp.o[0m
[57.578s] [ 40%] [32mBuilding CXX object collision_detection/CMakeFiles/moveit_collision_detection.dir/src/collision_common.cpp.o[0m
[57.583s] [ 40%] [32mBuilding CXX object collision_detection/CMakeFiles/moveit_collision_detection.dir/src/allvalid/collision_env_allvalid.cpp.o[0m
[57.586s] [ 40%] [32mBuilding CXX object collision_detection/CMakeFiles/moveit_collision_detection.dir/src/collision_matrix.cpp.o[0m
[57.590s] [ 41%] [32mBuilding CXX object collision_detection/CMakeFiles/moveit_collision_detection.dir/src/collision_octomap_filter.cpp.o[0m
[69.373s] [ 42%] [32mBuilding CXX object collision_detection/CMakeFiles/moveit_collision_detection.dir/src/collision_tools.cpp.o[0m
[70.605s] [ 42%] [32mBuilding CXX object collision_detection/CMakeFiles/moveit_collision_detection.dir/src/world.cpp.o[0m
[73.793s] [ 43%] [32mBuilding CXX object collision_detection/CMakeFiles/moveit_collision_detection.dir/src/world_diff.cpp.o[0m
[74.167s] [ 43%] [32mBuilding CXX object collision_detection/CMakeFiles/moveit_collision_detection.dir/src/collision_env.cpp.o[0m
[75.424s] [ 44%] [32m[1mLinking CXX shared library libmoveit_dynamics_solver.so[0m
[75.766s] [ 44%] Built target moveit_dynamics_solver
[76.139s] [ 44%] [32m[1mLinking CXX executable test_cartesian_interpolator[0m
[76.663s] [ 44%] Built target test_cartesian_interpolator
[78.004s] [ 45%] [32m[1mLinking CXX executable test_robot_state_benchmark[0m
[78.688s] [ 45%] Built target test_robot_state_benchmark
[79.910s] [ 46%] [32m[1mLinking CXX executable test_aabb[0m
[80.449s] [ 46%] Built target test_aabb
[81.669s] [ 47%] [32m[1mLinking CXX executable test_robot_state_complex[0m
[82.147s] [ 47%] Built target test_robot_state_complex
[82.692s] [ 48%] [32m[1mLinking CXX executable test_robot_state[0m
[82.794s] [ 48%] [32m[1mLinking CXX shared library libmoveit_robot_trajectory.so[0m
[83.073s] [ 48%] Built target moveit_robot_trajectory
[83.172s] [ 48%] Built target test_robot_state
[86.001s] [ 49%] [32mBuilding CXX object collision_detection/CMakeFiles/moveit_collision_detection.dir/src/collision_plugin_cache.cpp.o[0m
[90.917s] [ 49%] [32m[1mLinking CXX shared library libmoveit_kinematics_metrics.so[0m
[91.107s] [ 49%] Built target moveit_kinematics_metrics
[97.578s] [ 49%] [32m[1mLinking CXX shared library libmoveit_collision_detection.so[0m
[97.782s] [ 49%] Built target moveit_collision_detection
[97.807s] [35m[1mConsolidate compiler generated dependencies of target test_robot_trajectory[0m
[97.852s] [ 50%] [32mBuilding CXX object robot_trajectory/CMakeFiles/test_robot_trajectory.dir/test/test_robot_trajectory.cpp.o[0m
[105.475s] [ 50%] [32m[1mLinking CXX executable test_robot_trajectory[0m
[105.714s] [ 50%] Built target test_robot_trajectory
[105.742s] [35m[1mConsolidate compiler generated dependencies of target test_all_valid[0m
[105.744s] [35m[1mConsolidate compiler generated dependencies of target test_world_diff[0m
[105.758s] [35m[1mConsolidate compiler generated dependencies of target moveit_collision_detection_bullet[0m
[105.768s] [ 51%] [32mBuilding CXX object collision_detection/CMakeFiles/test_world_diff.dir/test/test_world_diff.cpp.o[0m
[105.778s] [ 52%] [32mBuilding CXX object collision_detection/CMakeFiles/test_all_valid.dir/test/test_all_valid.cpp.o[0m
[105.816s] [ 53%] [32mBuilding CXX object collision_detection_bullet/CMakeFiles/moveit_collision_detection_bullet.dir/src/bullet_integration/bullet_discrete_bvh_manager.cpp.o[0m
[105.821s] [ 54%] [32mBuilding CXX object collision_detection_bullet/CMakeFiles/moveit_collision_detection_bullet.dir/src/bullet_integration/bullet_utils.cpp.o[0m
[105.823s] [ 54%] [32mBuilding CXX object collision_detection_bullet/CMakeFiles/moveit_collision_detection_bullet.dir/src/bullet_integration/bullet_cast_bvh_manager.cpp.o[0m
[106.837s] [ 55%] [32mBuilding CXX object collision_detection_bullet/CMakeFiles/moveit_collision_detection_bullet.dir/src/bullet_integration/contact_checker_common.cpp.o[0m
[107.861s] [ 56%] [32mBuilding CXX object collision_detection_bullet/CMakeFiles/moveit_collision_detection_bullet.dir/src/collision_env_bullet.cpp.o[0m
[107.861s] [ 56%] [32mBuilding CXX object collision_detection_bullet/CMakeFiles/moveit_collision_detection_bullet.dir/src/bullet_integration/bullet_bvh_manager.cpp.o[0m
[113.533s] [ 57%] [32m[1mLinking CXX executable test_world_diff[0m
[113.978s] [ 57%] Built target test_world_diff
[117.120s] [ 57%] [32m[1mLinking CXX executable test_all_valid[0m
[117.391s] [ 57%] Built target test_all_valid
[119.119s] [ 58%] [32mBuilding CXX object collision_detection_bullet/CMakeFiles/moveit_collision_detection_bullet.dir/src/bullet_integration/ros_bullet_utils.cpp.o[0m
[123.786s] [ 58%] [32m[1mLinking CXX shared library libmoveit_collision_detection_bullet.so[0m
[123.993s] [ 58%] Built target moveit_collision_detection_bullet
[124.009s] [35m[1mConsolidate compiler generated dependencies of target test_world[0m
[124.028s] [ 59%] [32mBuilding CXX object collision_detection/CMakeFiles/test_world.dir/test/test_world.cpp.o[0m
[129.077s] [ 59%] [32m[1mLinking CXX executable test_world[0m
[129.360s] [ 59%] Built target test_world
[129.372s] [35m[1mConsolidate compiler generated dependencies of target test_bullet_collision_detection[0m
[129.373s] [35m[1mConsolidate compiler generated dependencies of target test_bullet_collision_detection_panda[0m
[129.373s] [35m[1mConsolidate compiler generated dependencies of target test_bullet_continuous_collision_checking[0m
[129.392s] [ 60%] [32mBuilding CXX object collision_detection_bullet/CMakeFiles/test_bullet_collision_detection.dir/test/test_bullet_collision_detection_pr2.cpp.o[0m
[129.398s] [ 61%] [32mBuilding CXX object collision_detection_bullet/CMakeFiles/test_bullet_collision_detection_panda.dir/test/test_bullet_collision_detection_panda.cpp.o[0m
[129.409s] [ 61%] [32mBuilding CXX object collision_detection_bullet/CMakeFiles/test_bullet_continuous_collision_checking.dir/test/test_bullet_continuous_collision_checking.cpp.o[0m
[140.405s] [ 62%] [32m[1mLinking CXX executable test_bullet_collision_detection_panda[0m
[140.590s] [ 63%] [32m[1mLinking CXX executable test_bullet_continuous_collision_checking[0m
[140.728s] [ 63%] Built target test_bullet_collision_detection_panda
[140.743s] [35m[1mConsolidate compiler generated dependencies of target moveit_trajectory_processing[0m
[140.746s] [35m[1mConsolidate compiler generated dependencies of target moveit_planning_interface[0m
[140.750s] [35m[1mConsolidate compiler generated dependencies of target moveit_collision_detection_fcl[0m
[140.787s] [ 64%] [32mBuilding CXX object trajectory_processing/CMakeFiles/moveit_trajectory_processing.dir/src/iterative_spline_parameterization.cpp.o[0m
[140.788s] [ 65%] [32mBuilding CXX object planning_interface/CMakeFiles/moveit_planning_interface.dir/src/planning_interface.cpp.o[0m
[140.788s] [ 65%] [32mBuilding CXX object trajectory_processing/CMakeFiles/moveit_trajectory_processing.dir/src/iterative_time_parameterization.cpp.o[0m
[140.791s] [ 66%] [32mBuilding CXX object planning_interface/CMakeFiles/moveit_planning_interface.dir/src/planning_response.cpp.o[0m
[140.792s] [ 66%] [32mBuilding CXX object collision_detection_fcl/CMakeFiles/moveit_collision_detection_fcl.dir/src/collision_env_fcl.cpp.o[0m
[140.792s] [ 67%] [32mBuilding CXX object collision_detection_fcl/CMakeFiles/moveit_collision_detection_fcl.dir/src/collision_common.cpp.o[0m
[140.795s] [ 67%] [32mBuilding CXX object trajectory_processing/CMakeFiles/moveit_trajectory_processing.dir/src/ruckig_traj_smoothing.cpp.o[0m
[140.809s] [ 68%] [32mBuilding CXX object trajectory_processing/CMakeFiles/moveit_trajectory_processing.dir/src/trajectory_tools.cpp.o[0m
[140.809s] [ 68%] [32mBuilding CXX object trajectory_processing/CMakeFiles/moveit_trajectory_processing.dir/src/time_optimal_trajectory_generation.cpp.o[0m
[141.255s] [ 68%] Built target test_bullet_continuous_collision_checking
[141.996s] [ 68%] [32m[1mLinking CXX executable test_bullet_collision_detection[0m
[142.638s] [ 68%] Built target test_bullet_collision_detection
[157.606s] [ 69%] [32m[1mLinking CXX shared library libmoveit_trajectory_processing.so[0m
[157.846s] [ 69%] Built target moveit_trajectory_processing
[158.066s] [ 70%] [32m[1mLinking CXX shared library libmoveit_collision_detection_fcl.so[0m
[158.115s] [ 70%] [32m[1mLinking CXX shared library libmoveit_planning_interface.so[0m
[158.314s] [ 70%] Built target moveit_planning_interface
[158.344s] [ 70%] Built target moveit_collision_detection_fcl
[158.366s] [35m[1mConsolidate compiler generated dependencies of target test_ruckig_traj_smoothing[0m
[158.412s] [ 71%] [32mBuilding CXX object trajectory_processing/CMakeFiles/test_ruckig_traj_smoothing.dir/test/test_ruckig_traj_smoothing.cpp.o[0m
[165.603s] [ 71%] [32m[1mLinking CXX executable test_ruckig_traj_smoothing[0m
[165.845s] [ 71%] Built target test_ruckig_traj_smoothing
[165.860s] [35m[1mConsolidate compiler generated dependencies of target test_time_optimal_trajectory_generation[0m
[165.867s] [35m[1mConsolidate compiler generated dependencies of target test_fcl_collision_env[0m
[165.868s] [35m[1mConsolidate compiler generated dependencies of target test_fcl_collision_detection_panda[0m
[165.868s] [35m[1mConsolidate compiler generated dependencies of target test_fcl_collision_detection[0m
[165.872s] [35m[1mConsolidate compiler generated dependencies of target moveit_kinematic_constraints[0m
[165.913s] [ 72%] [32mBuilding CXX object trajectory_processing/CMakeFiles/test_time_optimal_trajectory_generation.dir/test/test_time_optimal_trajectory_generation.cpp.o[0m
[165.926s] [ 74%] [32mBuilding CXX object collision_detection_fcl/CMakeFiles/test_fcl_collision_detection_panda.dir/test/test_fcl_collision_detection_panda.cpp.o[0m
[165.926s] [ 74%] [32mBuilding CXX object collision_detection_fcl/CMakeFiles/test_fcl_collision_detection.dir/test/test_fcl_collision_detection_pr2.cpp.o[0m
[165.934s] [ 74%] [32mBuilding CXX object collision_detection_fcl/CMakeFiles/test_fcl_collision_env.dir/test/test_fcl_env.cpp.o[0m
[165.942s] [ 75%] [32mBuilding CXX object kinematic_constraints/CMakeFiles/moveit_kinematic_constraints.dir/src/utils.cpp.o[0m
[165.944s] [ 75%] [32mBuilding CXX object kinematic_constraints/CMakeFiles/moveit_kinematic_constraints.dir/src/kinematic_constraint.cpp.o[0m
[181.584s] [ 76%] [32m[1mLinking CXX executable test_fcl_collision_env[0m
[182.121s] [ 76%] Built target test_fcl_collision_env
[182.571s] [ 77%] [32m[1mLinking CXX executable test_time_optimal_trajectory_generation[0m
[183.022s] [ 77%] Built target test_time_optimal_trajectory_generation
[183.346s] [ 78%] [32m[1mLinking CXX executable test_fcl_collision_detection_panda[0m
[183.743s] [ 78%] [32m[1mLinking CXX executable test_fcl_collision_detection[0m
[183.770s] [ 78%] Built target test_fcl_collision_detection_panda
[184.145s] [ 78%] Built target test_fcl_collision_detection
[187.183s] [ 79%] [32m[1mLinking CXX shared library libmoveit_kinematic_constraints.so[0m
[187.397s] [ 79%] Built target moveit_kinematic_constraints
[187.433s] [ 79%] [32mBuilding CXX object trajectory_processing/CMakeFiles/test_time_parameterization.dir/test/test_time_parameterization.cpp.o[0m
[194.620s] [ 80%] [32m[1mLinking CXX executable test_time_parameterization[0m
[194.908s] [ 80%] Built target test_time_parameterization
[194.923s] [35m[1mConsolidate compiler generated dependencies of target moveit_planning_scene[0m
[194.925s] [35m[1mConsolidate compiler generated dependencies of target test_orientation_constraints[0m
[194.925s] [35m[1mConsolidate compiler generated dependencies of target test_constraints[0m
[194.962s] [ 81%] [32mBuilding CXX object kinematic_constraints/CMakeFiles/test_orientation_constraints.dir/test/test_orientation_constraints.cpp.o[0m
[194.968s] [ 81%] [32mBuilding CXX object kinematic_constraints/CMakeFiles/test_constraints.dir/test/test_constraints.cpp.o[0m
[194.971s] [ 82%] [32mBuilding CXX object planning_scene/CMakeFiles/moveit_planning_scene.dir/src/planning_scene.cpp.o[0m
[208.678s] [ 82%] [32m[1mLinking CXX executable test_orientation_constraints[0m
[208.816s] [ 83%] [32m[1mLinking CXX executable test_constraints[0m
[209.061s] [ 83%] Built target test_orientation_constraints
[209.205s] [ 83%] Built target test_constraints
[215.281s] [ 84%] [32m[1mLinking CXX shared library libmoveit_planning_scene.so[0m
[215.537s] [ 84%] Built target moveit_planning_scene
[215.568s] [35m[1mConsolidate compiler generated dependencies of target moveit_constraint_samplers[0m
[215.568s] [35m[1mConsolidate compiler generated dependencies of target moveit_collision_distance_field[0m
[215.603s] [ 85%] [32mBuilding CXX object constraint_samplers/CMakeFiles/moveit_constraint_samplers.dir/src/constraint_sampler.cpp.o[0m
[215.605s] [ 85%] [32mBuilding CXX object constraint_samplers/CMakeFiles/moveit_constraint_samplers.dir/src/constraint_sampler_manager.cpp.o[0m
[215.617s] [ 86%] [32mBuilding CXX object collision_distance_field/CMakeFiles/moveit_collision_distance_field.dir/src/collision_distance_field_types.cpp.o[0m
[224.062s] [ 86%] [32mBuilding CXX object collision_distance_field/CMakeFiles/moveit_collision_distance_field.dir/src/collision_common_distance_field.cpp.o[0m
[225.076s] [ 87%] [32mBuilding CXX object collision_distance_field/CMakeFiles/moveit_collision_distance_field.dir/src/collision_env_distance_field.cpp.o[0m
[226.174s] [ 88%] [32mBuilding CXX object collision_distance_field/CMakeFiles/moveit_collision_distance_field.dir/src/collision_env_hybrid.cpp.o[0m
[226.174s] [ 88%] [32mBuilding CXX object constraint_samplers/CMakeFiles/moveit_constraint_samplers.dir/src/union_constraint_sampler.cpp.o[0m
[226.179s] [ 88%] [32mBuilding CXX object constraint_samplers/CMakeFiles/moveit_constraint_samplers.dir/src/default_constraint_samplers.cpp.o[0m
[226.186s] [ 89%] [32mBuilding CXX object constraint_samplers/CMakeFiles/moveit_constraint_samplers.dir/src/constraint_sampler_tools.cpp.o[0m
[242.359s] [ 89%] [32m[1mLinking CXX shared library libmoveit_constraint_samplers.so[0m
[242.580s] [ 89%] Built target moveit_constraint_samplers
[242.597s] [35m[1mConsolidate compiler generated dependencies of target collision_detector_fcl_plugin[0m
[242.597s] [35m[1mConsolidate compiler generated dependencies of target collision_detector_bullet_plugin[0m
[242.629s] [ 89%] [32mBuilding CXX object collision_detection_bullet/CMakeFiles/collision_detector_bullet_plugin.dir/src/collision_detector_bullet_plugin_loader.cpp.o[0m
[242.634s] [ 89%] [32mBuilding CXX object collision_detection_fcl/CMakeFiles/collision_detector_fcl_plugin.dir/src/collision_detector_fcl_plugin_loader.cpp.o[0m
[246.687s] [ 90%] [32m[1mLinking CXX shared library libmoveit_collision_distance_field.so[0m
[246.950s] [ 90%] Built target moveit_collision_distance_field
[246.964s] [35m[1mConsolidate compiler generated dependencies of target test_planning_scene[0m
[246.968s] [35m[1mConsolidate compiler generated dependencies of target test_multi_threaded[0m
[246.968s] [35m[1mConsolidate compiler generated dependencies of target test_collision_objects[0m
[246.986s] [ 91%] [32mBuilding CXX object constraint_samplers/CMakeFiles/test_constraint_samplers.dir/test/test_constraint_samplers.cpp.o[0m
[246.993s] [ 92%] [32mBuilding CXX object constraint_samplers/CMakeFiles/test_constraint_samplers.dir/test/pr2_arm_kinematics_plugin.cpp.o[0m
[247.010s] [ 92%] [32mBuilding CXX object constraint_samplers/CMakeFiles/test_constraint_samplers.dir/test/pr2_arm_ik.cpp.o[0m
[247.011s] [ 93%] [32mBuilding CXX object planning_scene/CMakeFiles/test_collision_objects.dir/test/test_collision_objects.cpp.o[0m
[247.013s] [ 93%] [32mBuilding CXX object planning_scene/CMakeFiles/test_multi_threaded.dir/test/test_multi_threaded.cpp.o[0m
[247.040s] [ 94%] [32mBuilding CXX object planning_scene/CMakeFiles/test_planning_scene.dir/test/test_planning_scene.cpp.o[0m
[256.327s] [ 95%] [32m[1mLinking CXX shared library libcollision_detector_bullet_plugin.so[0m
[256.396s] [ 96%] [32m[1mLinking CXX shared library libcollision_detector_fcl_plugin.so[0m
[256.673s] [ 96%] Built target collision_detector_bullet_plugin
[256.804s] [ 96%] Built target collision_detector_fcl_plugin
[264.017s] [ 97%] [32m[1mLinking CXX executable test_multi_threaded[0m
[264.449s] [ 97%] Built target test_multi_threaded
[265.609s] [ 97%] [32m[1mLinking CXX executable test_collision_objects[0m
[265.923s] [ 97%] Built target test_collision_objects
[270.314s] [ 98%] [32m[1mLinking CXX executable test_constraint_samplers[0m
[270.705s] [ 98%] Built target test_constraint_samplers
[271.184s] [ 98%] [32m[1mLinking CXX executable test_planning_scene[0m
[271.564s] [ 98%] Built target test_planning_scene
[271.587s] [ 99%] [32mBuilding CXX object collision_distance_field/CMakeFiles/test_collision_distance_field.dir/test/test_collision_distance_field.cpp.o[0m
[281.742s] [ 99%] [32m[1mLinking CXX executable test_collision_distance_field[0m
[282.053s] [ 99%] Built target test_collision_distance_field
[282.090s] [100%] [32mBuilding CXX object planning_request_adapter/CMakeFiles/moveit_planning_request_adapter.dir/src/planning_request_adapter.cpp.o[0m
[288.588s] [100%] [32m[1mLinking CXX shared library libmoveit_planning_request_adapter.so[0m
[288.770s] [100%] Built target moveit_planning_request_adapter
[288.785s] Invoked command in '/home/manoj/ros2_ws/build/moveit_core' returned '0': CMAKE_PREFIX_PATH=/home/manoj/ros2_ws/install/moveit_resources_panda_moveit_config:/home/manoj/ros2_ws/install/moveit_resources_pr2_description:/home/manoj/ros2_ws/install/moveit_resources_panda_description:/home/manoj/ros2_ws/install/moveit_common:/home/manoj/ros2_ws/install/moveit_resources_prbt_support:/home/manoj/ros2_ws/install/moveit_resources:/home/manoj/ros2_ws/install/dual_arm_panda_moveit_config:/home/manoj/ros2_ws/install/moveit_resources_fanuc_moveit_config:/home/manoj/ros2_ws/install/moveit_resources_fanuc_description:/home/manoj/ros2_ws/install/ur_description:/home/manoj/ros2_ws/install/my_mobile_manipulator_description:/home/manoj/ros2_ws/install/moveit_configs_utils:/opt/ros/humble /usr/bin/cmake --build /home/manoj/ros2_ws/build/moveit_core -- -j12 -l12
[288.788s] Invoking command in '/home/manoj/ros2_ws/build/moveit_core': CMAKE_PREFIX_PATH=/home/manoj/ros2_ws/install/moveit_resources_panda_moveit_config:/home/manoj/ros2_ws/install/moveit_resources_pr2_description:/home/manoj/ros2_ws/install/moveit_resources_panda_description:/home/manoj/ros2_ws/install/moveit_common:/home/manoj/ros2_ws/install/moveit_resources_prbt_support:/home/manoj/ros2_ws/install/moveit_resources:/home/manoj/ros2_ws/install/dual_arm_panda_moveit_config:/home/manoj/ros2_ws/install/moveit_resources_fanuc_moveit_config:/home/manoj/ros2_ws/install/moveit_resources_fanuc_description:/home/manoj/ros2_ws/install/ur_description:/home/manoj/ros2_ws/install/my_mobile_manipulator_description:/home/manoj/ros2_ws/install/moveit_configs_utils:/opt/ros/humble /usr/bin/cmake --install /home/manoj/ros2_ws/build/moveit_core
[288.806s] -- Install configuration: "Release"
[288.807s] -- Execute custom install script
[288.807s] -- Symlinking: /home/manoj/ros2_ws/install/moveit_core/include/moveit/version.h
[288.824s] -- Symlinking: /home/manoj/ros2_ws/install/moveit_core/include/moveit/collision_distance_field/collision_common_distance_field.h
[288.837s] -- Symlinking: /home/manoj/ros2_ws/install/moveit_core/include/moveit/collision_distance_field/collision_detector_allocator_distance_field.h
[288.844s] -- Symlinking: /home/manoj/ros2_ws/install/moveit_core/include/moveit/collision_distance_field/collision_detector_allocator_hybrid.h
[288.851s] -- Symlinking: /home/manoj/ros2_ws/install/moveit_core/include/moveit/collision_distance_field/collision_distance_field_types.h
[288.860s] -- Symlinking: /home/manoj/ros2_ws/install/moveit_core/include/moveit/collision_distance_field/collision_env_distance_field.h
[288.868s] -- Symlinking: /home/manoj/ros2_ws/install/moveit_core/include/moveit/collision_distance_field/collision_env_hybrid.h
[288.875s] -- Symlinking: /home/manoj/ros2_ws/install/moveit_core/include/moveit_collision_distance_field_export.h
[288.886s] -- Symlinking: /home/manoj/ros2_ws/install/moveit_core/include/moveit/constraint_samplers/constraint_sampler.h
[288.904s] -- Symlinking: /home/manoj/ros2_ws/install/moveit_core/include/moveit/constraint_samplers/constraint_sampler_allocator.h
[288.919s] -- Symlinking: /home/manoj/ros2_ws/install/moveit_core/include/moveit/constraint_samplers/constraint_sampler_manager.h
[288.932s] -- Symlinking: /home/manoj/ros2_ws/install/moveit_core/include/moveit/constraint_samplers/constraint_sampler_tools.h
[288.947s] -- Symlinking: /home/manoj/ros2_ws/install/moveit_core/include/moveit/constraint_samplers/default_constraint_samplers.h
[288.953s] -- Symlinking: /home/manoj/ros2_ws/install/moveit_core/include/moveit/constraint_samplers/union_constraint_sampler.h
[288.960s] -- Symlinking: /home/manoj/ros2_ws/install/moveit_core/include/moveit/controller_manager/controller_manager.h
[288.967s] -- Symlinking: /home/manoj/ros2_ws/install/moveit_core/include/moveit/distance_field/distance_field.h
[288.978s] -- Symlinking: /home/manoj/ros2_ws/install/moveit_core/include/moveit/distance_field/find_internal_points.h
[288.990s] -- Symlinking: /home/manoj/ros2_ws/install/moveit_core/include/moveit/distance_field/propagation_distance_field.h
[289.005s] -- Symlinking: /home/manoj/ros2_ws/install/moveit_core/include/moveit/distance_field/voxel_grid.h
[289.019s] -- Symlinking: /home/manoj/ros2_ws/install/moveit_core/include/moveit/dynamics_solver/dynamics_solver.h
[289.028s] -- Symlinking: /home/manoj/ros2_ws/install/moveit_core/include/moveit/exceptions/exceptions.h
[289.037s] -- Symlinking: /home/manoj/ros2_ws/install/moveit_core/include/moveit/kinematics_base/kinematics_base.h
[289.045s] -- Symlinking: /home/manoj/ros2_ws/install/moveit_core/include/moveit_kinematics_base_export.h
[289.055s] -- Symlinking: /home/manoj/ros2_ws/install/moveit_core/include/moveit/kinematic_constraints/kinematic_constraint.h
[289.062s] -- Symlinking: /home/manoj/ros2_ws/install/moveit_core/include/moveit/kinematic_constraints/utils.h
[289.070s] -- Symlinking: /home/manoj/ros2_ws/install/moveit_core/include/moveit/kinematics_metrics/kinematics_metrics.h
[289.076s] -- Symlinking: /home/manoj/ros2_ws/install/moveit_core/include/moveit/macros/class_forward.h
[289.084s] -- Symlinking: /home/manoj/ros2_ws/install/moveit_core/include/moveit/macros/console_colors.h
[289.093s] -- Symlinking: /home/manoj/ros2_ws/install/moveit_core/include/moveit/macros/declare_ptr.h
[289.106s] -- Symlinking: /home/manoj/ros2_ws/install/moveit_core/include/moveit/macros/deprecation.h
[289.116s] -- Symlinking: /home/manoj/ros2_ws/install/moveit_core/include/moveit_core/moveit_acceleration_filter_parameters.hpp
[289.126s] -- Symlinking: /home/manoj/ros2_ws/install/moveit_core/include/moveit_core/moveit_butterworth_filter_parameters.hpp
[289.137s] -- Symlinking: /home/manoj/ros2_ws/install/moveit_core/include/moveit_core/moveit_butterworth_parameters.hpp
[289.147s] -- Symlinking: /home/manoj/ros2_ws/install/moveit_core/include/moveit_core/moveit_ruckig_filter_parameters.hpp
[289.155s] -- Symlinking: /home/manoj/ros2_ws/install/moveit_core/include/moveit/online_signal_smoothing/butterworth_filter.h
[289.162s] -- Symlinking: /home/manoj/ros2_ws/install/moveit_core/include/moveit/online_signal_smoothing/smoothing_base_class.h
[289.174s] -- Symlinking: /home/manoj/ros2_ws/install/moveit_core/include/moveit_smoothing_base_export.h
[289.188s] -- Symlinking: /home/manoj/ros2_ws/install/moveit_core/include/moveit_butterworth_filter_export.h
[289.205s] -- Symlinking: /home/manoj/ros2_ws/install/moveit_core/include/moveit/planning_interface/planning_interface.h
[289.221s] -- Symlinking: /home/manoj/ros2_ws/install/moveit_core/include/moveit/planning_interface/planning_request.h
[289.236s] -- Symlinking: /home/manoj/ros2_ws/install/moveit_core/include/moveit/planning_interface/planning_response.h
[289.247s] -- Symlinking: /home/manoj/ros2_ws/install/moveit_core/include/moveit/planning_request_adapter/planning_request_adapter.h
[289.254s] -- Symlinking: /home/manoj/ros2_ws/install/moveit_core/include/moveit/planning_scene/planning_scene.h
[289.260s] -- Symlinking: /home/manoj/ros2_ws/install/moveit_core/include/moveit_planning_scene_export.h
[289.271s] -- Symlinking: /home/manoj/ros2_ws/install/moveit_core/include/moveit/robot_model/aabb.h
[289.285s] -- Symlinking: /home/manoj/ros2_ws/install/moveit_core/include/moveit/robot_model/fixed_joint_model.h
[289.304s] -- Symlinking: /home/manoj/ros2_ws/install/moveit_core/include/moveit/robot_model/floating_joint_model.h
[289.321s] -- Symlinking: /home/manoj/ros2_ws/install/moveit_core/include/moveit/robot_model/joint_model.h
[289.337s] -- Symlinking: /home/manoj/ros2_ws/install/moveit_core/include/moveit/robot_model/joint_model_group.h
[289.355s] -- Symlinking: /home/manoj/ros2_ws/install/moveit_core/include/moveit/robot_model/link_model.h
[289.364s] -- Symlinking: /home/manoj/ros2_ws/install/moveit_core/include/moveit/robot_model/planar_joint_model.h
[289.370s] -- Symlinking: /home/manoj/ros2_ws/install/moveit_core/include/moveit/robot_model/prismatic_joint_model.h
[289.378s] -- Symlinking: /home/manoj/ros2_ws/install/moveit_core/include/moveit/robot_model/revolute_joint_model.h
[289.386s] -- Symlinking: /home/manoj/ros2_ws/install/moveit_core/include/moveit/robot_model/robot_model.h
[289.399s] -- Symlinking: /home/manoj/ros2_ws/install/moveit_core/include/moveit/robot_state/attached_body.h
[289.409s] -- Symlinking: /home/manoj/ros2_ws/install/moveit_core/include/moveit/robot_state/cartesian_interpolator.h
[289.417s] -- Symlinking: /home/manoj/ros2_ws/install/moveit_core/include/moveit/robot_state/conversions.h
[289.425s] -- Symlinking: /home/manoj/ros2_ws/install/moveit_core/include/moveit/robot_state/robot_state.h
[289.437s] -- Symlinking: /home/manoj/ros2_ws/install/moveit_core/include/moveit/robot_trajectory/robot_trajectory.h
[289.444s] -- Symlinking: /home/manoj/ros2_ws/install/moveit_core/include/moveit/sensor_manager/sensor_manager.h
[289.452s] -- Symlinking: /home/manoj/ros2_ws/install/moveit_core/include/moveit/trajectory_processing/iterative_spline_parameterization.h
[289.460s] -- Symlinking: /home/manoj/ros2_ws/install/moveit_core/include/moveit/trajectory_processing/iterative_time_parameterization.h
[289.468s] -- Symlinking: /home/manoj/ros2_ws/install/moveit_core/include/moveit/trajectory_processing/ruckig_traj_smoothing.h
[289.476s] -- Symlinking: /home/manoj/ros2_ws/install/moveit_core/include/moveit/trajectory_processing/time_optimal_trajectory_generation.h
[289.487s] -- Symlinking: /home/manoj/ros2_ws/install/moveit_core/include/moveit/trajectory_processing/time_parameterization.h
[289.497s] -- Symlinking: /home/manoj/ros2_ws/install/moveit_core/include/moveit/trajectory_processing/trajectory_tools.h
[289.508s] -- Symlinking: /home/manoj/ros2_ws/install/moveit_core/include/moveit/transforms/transforms.h
[289.518s] -- Symlinking: /home/manoj/ros2_ws/install/moveit_core/include/moveit/utils/lexical_casts.h
[289.528s] -- Symlinking: /home/manoj/ros2_ws/install/moveit_core/include/moveit/utils/message_checks.h
[289.536s] -- Symlinking: /home/manoj/ros2_ws/install/moveit_core/include/moveit/utils/moveit_error_code.h
[289.545s] -- Symlinking: /home/manoj/ros2_ws/install/moveit_core/include/moveit/utils/rclcpp_utils.h
[289.554s] -- Symlinking: /home/manoj/ros2_ws/install/moveit_core/include/moveit/utils/robot_model_test_utils.h
[289.563s] -- Symlinking: /home/manoj/ros2_ws/install/moveit_core/bin/moveit_version
[289.572s] -- Symlinking: /home/manoj/ros2_ws/install/moveit_core/include/moveit/collision_detection/allvalid/collision_detector_allocator_allvalid.h
[289.580s] -- Symlinking: /home/manoj/ros2_ws/install/moveit_core/include/moveit/collision_detection/allvalid/collision_env_allvalid.h
[289.591s] -- Symlinking: /home/manoj/ros2_ws/install/moveit_core/include/moveit/collision_detection/collision_common.h
[289.602s] -- Symlinking: /home/manoj/ros2_ws/install/moveit_core/include/moveit/collision_detection/collision_detector_allocator.h
[289.613s] -- Symlinking: /home/manoj/ros2_ws/install/moveit_core/include/moveit/collision_detection/collision_env.h
[289.625s] -- Symlinking: /home/manoj/ros2_ws/install/moveit_core/include/moveit/collision_detection/collision_matrix.h
[289.636s] -- Symlinking: /home/manoj/ros2_ws/install/moveit_core/include/moveit/collision_detection/collision_octomap_filter.h
[289.646s] -- Symlinking: /home/manoj/ros2_ws/install/moveit_core/include/moveit/collision_detection/collision_plugin.h
[289.656s] -- Symlinking: /home/manoj/ros2_ws/install/moveit_core/include/moveit/collision_detection/collision_plugin_cache.h
[289.666s] -- Symlinking: /home/manoj/ros2_ws/install/moveit_core/include/moveit/collision_detection/collision_tools.h
[289.675s] -- Symlinking: /home/manoj/ros2_ws/install/moveit_core/include/moveit/collision_detection/occupancy_map.h
[289.686s] -- Symlinking: /home/manoj/ros2_ws/install/moveit_core/include/moveit/collision_detection/test_collision_common_panda.h
[289.697s] -- Symlinking: /home/manoj/ros2_ws/install/moveit_core/include/moveit/collision_detection/test_collision_common_pr2.h
[289.708s] -- Symlinking: /home/manoj/ros2_ws/install/moveit_core/include/moveit/collision_detection/world.h
[289.720s] -- Symlinking: /home/manoj/ros2_ws/install/moveit_core/include/moveit/collision_detection/world_diff.h
[289.731s] -- Symlinking: /home/manoj/ros2_ws/install/moveit_core/include/moveit_collision_detection_export.h
[289.743s] -- Symlinking: /home/manoj/ros2_ws/install/moveit_core/include/moveit/collision_detection_bullet/bullet_integration/basic_types.h
[289.754s] -- Symlinking: /home/manoj/ros2_ws/install/moveit_core/include/moveit/collision_detection_bullet/bullet_integration/bullet_bvh_manager.h
[289.765s] -- Symlinking: /home/manoj/ros2_ws/install/moveit_core/include/moveit/collision_detection_bullet/bullet_integration/bullet_cast_bvh_manager.h
[289.776s] -- Symlinking: /home/manoj/ros2_ws/install/moveit_core/include/moveit/collision_detection_bullet/bullet_integration/bullet_discrete_bvh_manager.h
[289.786s] -- Symlinking: /home/manoj/ros2_ws/install/moveit_core/include/moveit/collision_detection_bullet/bullet_integration/bullet_utils.h
[289.797s] -- Symlinking: /home/manoj/ros2_ws/install/moveit_core/include/moveit/collision_detection_bullet/bullet_integration/contact_checker_common.h
[289.809s] -- Symlinking: /home/manoj/ros2_ws/install/moveit_core/include/moveit/collision_detection_bullet/bullet_integration/ros_bullet_utils.h
[289.820s] -- Symlinking: /home/manoj/ros2_ws/install/moveit_core/include/moveit/collision_detection_bullet/collision_detector_allocator_bullet.h
[289.831s] -- Symlinking: /home/manoj/ros2_ws/install/moveit_core/include/moveit/collision_detection_bullet/collision_detector_bullet_plugin_loader.h
[289.840s] -- Symlinking: /home/manoj/ros2_ws/install/moveit_core/include/moveit/collision_detection_bullet/collision_env_bullet.h
[289.852s] -- Symlinking: /home/manoj/ros2_ws/install/moveit_core/include/moveit_collision_detection_bullet_export.h
[289.859s] -- Symlinking: /home/manoj/ros2_ws/install/moveit_core/include/moveit/collision_detection_fcl/collision_common.h
[289.867s] -- Symlinking: /home/manoj/ros2_ws/install/moveit_core/include/moveit/collision_detection_fcl/collision_detector_allocator_fcl.h
[289.877s] -- Symlinking: /home/manoj/ros2_ws/install/moveit_core/include/moveit/collision_detection_fcl/collision_detector_fcl_plugin_loader.h
[289.888s] -- Symlinking: /home/manoj/ros2_ws/install/moveit_core/include/moveit/collision_detection_fcl/collision_env_fcl.h
[289.899s] -- Symlinking: /home/manoj/ros2_ws/install/moveit_core/include/moveit/collision_detection_fcl/fcl_compat.h
[289.911s] -- Symlinking: /home/manoj/ros2_ws/install/moveit_core/include/moveit_collision_detection_fcl_export.h
[289.922s] -- Symlinking: /home/manoj/ros2_ws/install/moveit_core/share/moveit_core/environment/library_path.sh
[289.933s] -- Symlinking: /home/manoj/ros2_ws/install/moveit_core/share/moveit_core/environment/library_path.dsv
[289.943s] -- Symlinking: /home/manoj/ros2_ws/install/moveit_core/share/moveit_core//collision_detector_fcl_description.xml
[289.949s] -- Symlinking: /home/manoj/ros2_ws/install/moveit_core/share/moveit_core//collision_detector_bullet_description.xml
[289.955s] -- Symlinking: /home/manoj/ros2_ws/install/moveit_core/share/moveit_core//filter_plugin_butterworth.xml
[289.961s] -- Symlinking: /home/manoj/ros2_ws/install/moveit_core/share/ament_index/resource_index/package_run_dependencies/moveit_core
[289.970s] -- Symlinking: /home/manoj/ros2_ws/install/moveit_core/share/ament_index/resource_index/parent_prefix_path/moveit_core
[289.984s] -- Symlinking: /home/manoj/ros2_ws/install/moveit_core/share/moveit_core/environment/ament_prefix_path.sh
[289.997s] -- Symlinking: /home/manoj/ros2_ws/install/moveit_core/share/moveit_core/environment/ament_prefix_path.dsv
[290.007s] -- Symlinking: /home/manoj/ros2_ws/install/moveit_core/share/moveit_core/environment/path.sh
[290.016s] -- Symlinking: /home/manoj/ros2_ws/install/moveit_core/share/moveit_core/environment/path.dsv
[290.029s] -- Symlinking: /home/manoj/ros2_ws/install/moveit_core/share/moveit_core/local_setup.bash
[290.038s] -- Symlinking: /home/manoj/ros2_ws/install/moveit_core/share/moveit_core/local_setup.sh
[290.048s] -- Symlinking: /home/manoj/ros2_ws/install/moveit_core/share/moveit_core/local_setup.zsh
[290.059s] -- Symlinking: /home/manoj/ros2_ws/install/moveit_core/share/moveit_core/local_setup.dsv
[290.068s] -- Symlinking: /home/manoj/ros2_ws/install/moveit_core/share/moveit_core/package.dsv
[290.079s] -- Symlinking: /home/manoj/ros2_ws/install/moveit_core/share/ament_index/resource_index/packages/moveit_core
[290.091s] -- Symlinking: /home/manoj/ros2_ws/install/moveit_core/share/ament_index/resource_index/moveit_core__pluginlib__plugin/moveit_core
[290.102s] -- Symlinking: /home/manoj/ros2_ws/install/moveit_core/share/moveit_core/cmake/ConfigExtras.cmake
[290.114s] -- Symlinking: /home/manoj/ros2_ws/install/moveit_core/share/moveit_core/cmake/ament_cmake_export_targets-extras.cmake
[290.125s] -- Symlinking: /home/manoj/ros2_ws/install/moveit_core/share/moveit_core/cmake/ament_cmake_export_dependencies-extras.cmake
[290.136s] -- Symlinking: /home/manoj/ros2_ws/install/moveit_core/share/moveit_core/cmake/moveit_coreConfig.cmake
[290.151s] -- Symlinking: /home/manoj/ros2_ws/install/moveit_core/share/moveit_core/cmake/moveit_coreConfig-version.cmake
[290.162s] -- Symlinking: /home/manoj/ros2_ws/install/moveit_core/share/moveit_core/package.xml
[290.173s] -- Installing: /home/manoj/ros2_ws/install/moveit_core/lib/libcollision_detector_bullet_plugin.so.2.5.9
[290.174s] -- Set runtime path of "/home/manoj/ros2_ws/install/moveit_core/lib/libcollision_detector_bullet_plugin.so.2.5.9" to ""
[290.174s] -- Installing: /home/manoj/ros2_ws/install/moveit_core/lib/libcollision_detector_bullet_plugin.so
[290.174s] -- Installing: /home/manoj/ros2_ws/install/moveit_core/lib/libmoveit_butterworth_filter.so.2.5.9
[290.174s] -- Set runtime path of "/home/manoj/ros2_ws/install/moveit_core/lib/libmoveit_butterworth_filter.so.2.5.9" to ""
[290.174s] -- Installing: /home/manoj/ros2_ws/install/moveit_core/lib/libmoveit_butterworth_filter.so
[290.176s] -- Installing: /home/manoj/ros2_ws/install/moveit_core/lib/libmoveit_collision_distance_field.so.2.5.9
[290.177s] -- Set runtime path of "/home/manoj/ros2_ws/install/moveit_core/lib/libmoveit_collision_distance_field.so.2.5.9" to ""
[290.177s] -- Installing: /home/manoj/ros2_ws/install/moveit_core/lib/libmoveit_collision_distance_field.so
[290.177s] -- Installing: /home/manoj/ros2_ws/install/moveit_core/lib/libmoveit_collision_detection.so.2.5.9
[290.178s] -- Set runtime path of "/home/manoj/ros2_ws/install/moveit_core/lib/libmoveit_collision_detection.so.2.5.9" to ""
[290.178s] -- Installing: /home/manoj/ros2_ws/install/moveit_core/lib/libmoveit_collision_detection.so
[290.178s] -- Installing: /home/manoj/ros2_ws/install/moveit_core/lib/libmoveit_collision_detection_fcl.so.2.5.9
[290.178s] -- Set runtime path of "/home/manoj/ros2_ws/install/moveit_core/lib/libmoveit_collision_detection_fcl.so.2.5.9" to ""
[290.178s] -- Installing: /home/manoj/ros2_ws/install/moveit_core/lib/libmoveit_collision_detection_fcl.so
[290.178s] -- Installing: /home/manoj/ros2_ws/install/moveit_core/lib/libmoveit_collision_detection_bullet.so.2.5.9
[290.179s] -- Set runtime path of "/home/manoj/ros2_ws/install/moveit_core/lib/libmoveit_collision_detection_bullet.so.2.5.9" to ""
[290.179s] -- Installing: /home/manoj/ros2_ws/install/moveit_core/lib/libmoveit_collision_detection_bullet.so
[290.179s] -- Installing: /home/manoj/ros2_ws/install/moveit_core/lib/libmoveit_dynamics_solver.so.2.5.9
[290.179s] -- Set runtime path of "/home/manoj/ros2_ws/install/moveit_core/lib/libmoveit_dynamics_solver.so.2.5.9" to ""
[290.179s] -- Installing: /home/manoj/ros2_ws/install/moveit_core/lib/libmoveit_dynamics_solver.so
[290.179s] -- Installing: /home/manoj/ros2_ws/install/moveit_core/lib/libmoveit_constraint_samplers.so.2.5.9
[290.180s] -- Set runtime path of "/home/manoj/ros2_ws/install/moveit_core/lib/libmoveit_constraint_samplers.so.2.5.9" to ""
[290.180s] -- Installing: /home/manoj/ros2_ws/install/moveit_core/lib/libmoveit_constraint_samplers.so
[290.180s] -- Installing: /home/manoj/ros2_ws/install/moveit_core/lib/libmoveit_distance_field.so.2.5.9
[290.180s] -- Set runtime path of "/home/manoj/ros2_ws/install/moveit_core/lib/libmoveit_distance_field.so.2.5.9" to ""
[290.180s] -- Installing: /home/manoj/ros2_ws/install/moveit_core/lib/libmoveit_distance_field.so
[290.180s] -- Installing: /home/manoj/ros2_ws/install/moveit_core/lib/libmoveit_exceptions.so.2.5.9
[290.181s] -- Set runtime path of "/home/manoj/ros2_ws/install/moveit_core/lib/libmoveit_exceptions.so.2.5.9" to ""
[290.181s] -- Installing: /home/manoj/ros2_ws/install/moveit_core/lib/libmoveit_exceptions.so
[290.181s] -- Installing: /home/manoj/ros2_ws/install/moveit_core/lib/libmoveit_kinematics_base.so
[290.181s] -- Set runtime path of "/home/manoj/ros2_ws/install/moveit_core/lib/libmoveit_kinematics_base.so" to ""
[290.181s] -- Installing: /home/manoj/ros2_ws/install/moveit_core/lib/libmoveit_kinematic_constraints.so.2.5.9
[290.181s] -- Set runtime path of "/home/manoj/ros2_ws/install/moveit_core/lib/libmoveit_kinematic_constraints.so.2.5.9" to ""
[290.182s] -- Installing: /home/manoj/ros2_ws/install/moveit_core/lib/libmoveit_kinematic_constraints.so
[290.182s] -- Installing: /home/manoj/ros2_ws/install/moveit_core/lib/libmoveit_kinematics_metrics.so.2.5.9
[290.182s] -- Set runtime path of "/home/manoj/ros2_ws/install/moveit_core/lib/libmoveit_kinematics_metrics.so.2.5.9" to ""
[290.182s] -- Installing: /home/manoj/ros2_ws/install/moveit_core/lib/libmoveit_kinematics_metrics.so
[290.182s] -- Installing: /home/manoj/ros2_ws/install/moveit_core/lib/libmoveit_planning_interface.so.2.5.9
[290.182s] -- Set runtime path of "/home/manoj/ros2_ws/install/moveit_core/lib/libmoveit_planning_interface.so.2.5.9" to ""
[290.183s] -- Installing: /home/manoj/ros2_ws/install/moveit_core/lib/libmoveit_planning_interface.so
[290.183s] -- Installing: /home/manoj/ros2_ws/install/moveit_core/lib/libmoveit_planning_scene.so.2.5.9
[290.183s] -- Set runtime path of "/home/manoj/ros2_ws/install/moveit_core/lib/libmoveit_planning_scene.so.2.5.9" to ""
[290.183s] -- Installing: /home/manoj/ros2_ws/install/moveit_core/lib/libmoveit_planning_scene.so
[290.184s] -- Installing: /home/manoj/ros2_ws/install/moveit_core/lib/libmoveit_planning_request_adapter.so.2.5.9
[290.184s] -- Set runtime path of "/home/manoj/ros2_ws/install/moveit_core/lib/libmoveit_planning_request_adapter.so.2.5.9" to ""
[290.184s] -- Installing: /home/manoj/ros2_ws/install/moveit_core/lib/libmoveit_planning_request_adapter.so
[290.184s] -- Installing: /home/manoj/ros2_ws/install/moveit_core/lib/libmoveit_robot_model.so.2.5.9
[290.185s] -- Set runtime path of "/home/manoj/ros2_ws/install/moveit_core/lib/libmoveit_robot_model.so.2.5.9" to ""
[290.185s] -- Installing: /home/manoj/ros2_ws/install/moveit_core/lib/libmoveit_robot_model.so
[290.185s] -- Installing: /home/manoj/ros2_ws/install/moveit_core/lib/libmoveit_robot_state.so.2.5.9
[290.186s] -- Set runtime path of "/home/manoj/ros2_ws/install/moveit_core/lib/libmoveit_robot_state.so.2.5.9" to ""
[290.186s] -- Installing: /home/manoj/ros2_ws/install/moveit_core/lib/libmoveit_robot_state.so
[290.186s] -- Installing: /home/manoj/ros2_ws/install/moveit_core/lib/libmoveit_robot_trajectory.so.2.5.9
[290.186s] -- Set runtime path of "/home/manoj/ros2_ws/install/moveit_core/lib/libmoveit_robot_trajectory.so.2.5.9" to ""
[290.186s] -- Installing: /home/manoj/ros2_ws/install/moveit_core/lib/libmoveit_robot_trajectory.so
[290.186s] -- Installing: /home/manoj/ros2_ws/install/moveit_core/lib/libmoveit_smoothing_base.so.2.5.9
[290.187s] -- Set runtime path of "/home/manoj/ros2_ws/install/moveit_core/lib/libmoveit_smoothing_base.so.2.5.9" to ""
[290.187s] -- Installing: /home/manoj/ros2_ws/install/moveit_core/lib/libmoveit_smoothing_base.so
[290.187s] -- Installing: /home/manoj/ros2_ws/install/moveit_core/lib/libmoveit_test_utils.so.2.5.9
[290.190s] -- Set runtime path of "/home/manoj/ros2_ws/install/moveit_core/lib/libmoveit_test_utils.so.2.5.9" to ""
[290.190s] -- Installing: /home/manoj/ros2_ws/install/moveit_core/lib/libmoveit_test_utils.so
[290.190s] -- Installing: /home/manoj/ros2_ws/install/moveit_core/lib/libmoveit_trajectory_processing.so.2.5.9
[290.192s] -- Set runtime path of "/home/manoj/ros2_ws/install/moveit_core/lib/libmoveit_trajectory_processing.so.2.5.9" to ""
[290.192s] -- Installing: /home/manoj/ros2_ws/install/moveit_core/lib/libmoveit_trajectory_processing.so
[290.192s] -- Installing: /home/manoj/ros2_ws/install/moveit_core/lib/libmoveit_transforms.so.2.5.9
[290.192s] -- Set runtime path of "/home/manoj/ros2_ws/install/moveit_core/lib/libmoveit_transforms.so.2.5.9" to ""
[290.192s] -- Installing: /home/manoj/ros2_ws/install/moveit_core/lib/libmoveit_transforms.so
[290.192s] -- Installing: /home/manoj/ros2_ws/install/moveit_core/lib/libmoveit_utils.so.2.5.9
[290.192s] -- Set runtime path of "/home/manoj/ros2_ws/install/moveit_core/lib/libmoveit_utils.so.2.5.9" to ""
[290.193s] -- Installing: /home/manoj/ros2_ws/install/moveit_core/lib/libmoveit_utils.so
[290.193s] -- Installing: /home/manoj/ros2_ws/install/moveit_core/share/moveit_core/cmake/export_moveit_coreExport.cmake
[290.193s] -- Installing: /home/manoj/ros2_ws/install/moveit_core/share/moveit_core/cmake/export_moveit_coreExport-release.cmake
[290.194s] Invoked command in '/home/manoj/ros2_ws/build/moveit_core' returned '0': CMAKE_PREFIX_PATH=/home/manoj/ros2_ws/install/moveit_resources_panda_moveit_config:/home/manoj/ros2_ws/install/moveit_resources_pr2_description:/home/manoj/ros2_ws/install/moveit_resources_panda_description:/home/manoj/ros2_ws/install/moveit_common:/home/manoj/ros2_ws/install/moveit_resources_prbt_support:/home/manoj/ros2_ws/install/moveit_resources:/home/manoj/ros2_ws/install/dual_arm_panda_moveit_config:/home/manoj/ros2_ws/install/moveit_resources_fanuc_moveit_config:/home/manoj/ros2_ws/install/moveit_resources_fanuc_description:/home/manoj/ros2_ws/install/ur_description:/home/manoj/ros2_ws/install/my_mobile_manipulator_description:/home/manoj/ros2_ws/install/moveit_configs_utils:/opt/ros/humble /usr/bin/cmake --install /home/manoj/ros2_ws/build/moveit_core
