[0.067s] Invoking command in '/home/manoj/ros2_ws/build/pilz_industrial_motion_planner': AMENT_PREFIX_PATH=/home/manoj/ros2_ws/install/moveit_configs_utils:/home/manoj/ros2_ws/install/my_mobile_manipulator_bringup:/home/manoj/ros2_ws/install/ur_description:/home/manoj/ros2_ws/install/pilz_industrial_motion_planner_testutils:/home/manoj/ros2_ws/install/moveit_runtime:/home/manoj/ros2_ws/install/moveit:/home/manoj/ros2_ws/install/moveit_planners:/home/manoj/ros2_ws/install/pilz_industrial_motion_planner:/home/manoj/ros2_ws/install/my_mobile_manipulator_description:/home/manoj/ros2_ws/install/moveit_ros_control_interface:/home/manoj/ros2_ws/install/moveit_plugins:/home/manoj/ros2_ws/install/moveit_simple_controller_manager:/home/manoj/ros2_ws/install/moveit_setup_assistant:/home/manoj/ros2_ws/install/moveit_setup_srdf_plugins:/home/manoj/ros2_ws/install/moveit_setup_core_plugins:/home/manoj/ros2_ws/install/moveit_setup_controllers:/home/manoj/ros2_ws/install/moveit_setup_app_plugins:/home/manoj/ros2_ws/install/moveit_setup_framework:/home/manoj/ros2_ws/install/moveit_servo:/home/manoj/ros2_ws/install/moveit_ros:/home/manoj/ros2_ws/install/moveit_ros_visualization:/home/manoj/ros2_ws/install/moveit_hybrid_planning:/home/manoj/ros2_ws/install/moveit_ros_planning_interface:/home/manoj/ros2_ws/install/moveit_ros_benchmarks:/home/manoj/ros2_ws/install/moveit_ros_warehouse:/home/manoj/ros2_ws/install/moveit_ros_robot_interaction:/home/manoj/ros2_ws/install/moveit_ros_perception:/home/manoj/ros2_ws/install/moveit_resources_prbt_pg70_support:/home/manoj/ros2_ws/install/moveit_resources_prbt_moveit_config:/home/manoj/ros2_ws/install/moveit_ros_move_group:/home/manoj/ros2_ws/install/moveit_planners_ompl:/home/manoj/ros2_ws/install/moveit_ros_planning:/home/manoj/ros2_ws/install/moveit_ros_occupancy_map_monitor:/home/manoj/ros2_ws/install/moveit_resources_prbt_support:/home/manoj/ros2_ws/install/moveit_resources_prbt_ikfast_manipulator_plugin:/home/manoj/ros2_ws/install/moveit_resources:/home/manoj/ros2_ws/install/moveit_resources_pr2_description:/home/manoj/ros2_ws/install/moveit_resources_panda_moveit_config:/home/manoj/ros2_ws/install/dual_arm_panda_moveit_config:/home/manoj/ros2_ws/install/moveit_resources_panda_description:/home/manoj/ros2_ws/install/moveit_resources_fanuc_moveit_config:/home/manoj/ros2_ws/install/moveit_resources_fanuc_description:/home/manoj/ros2_ws/install/moveit_planners_chomp:/home/manoj/ros2_ws/install/moveit_kinematics:/home/manoj/ros2_ws/install/moveit_chomp_optimizer_adapter:/home/manoj/ros2_ws/install/chomp_motion_planner:/home/manoj/ros2_ws/install/moveit_core:/home/manoj/ros2_ws/install/moveit_common:/opt/ros/humble CMAKE_PREFIX_PATH=/home/manoj/ros2_ws/install/moveit_resources_prbt_pg70_support:/home/manoj/ros2_ws/install/moveit_ros_planning_interface:/home/manoj/ros2_ws/install/moveit_resources_prbt_moveit_config:/home/manoj/ros2_ws/install/moveit_ros_move_group:/home/manoj/ros2_ws/install/moveit_ros_warehouse:/home/manoj/ros2_ws/install/moveit_planners_ompl:/home/manoj/ros2_ws/install/moveit_kinematics:/home/manoj/ros2_ws/install/moveit_ros_planning:/home/manoj/ros2_ws/install/pilz_industrial_motion_planner_testutils:/home/manoj/ros2_ws/install/moveit_simple_controller_manager:/home/manoj/ros2_ws/install/moveit_ros_occupancy_map_monitor:/home/manoj/ros2_ws/install/moveit_resources_prbt_ikfast_manipulator_plugin:/home/manoj/ros2_ws/install/moveit_core:/home/manoj/ros2_ws/install/moveit_resources_panda_moveit_config:/home/manoj/ros2_ws/install/moveit_resources_fanuc_moveit_config:/home/manoj/ros2_ws/install/moveit_resources_prbt_support:/home/manoj/ros2_ws/install/moveit_resources_pr2_description:/home/manoj/ros2_ws/install/moveit_resources_panda_description:/home/manoj/ros2_ws/install/moveit_resources_fanuc_description:/home/manoj/ros2_ws/install/moveit_common:/home/manoj/ros2_ws/install/ur_description:/home/manoj/ros2_ws/install/moveit_runtime:/home/manoj/ros2_ws/install/moveit:/home/manoj/ros2_ws/install/moveit_planners:/home/manoj/ros2_ws/install/pilz_industrial_motion_planner:/home/manoj/ros2_ws/install/my_mobile_manipulator_description:/home/manoj/ros2_ws/install/moveit_ros_control_interface:/home/manoj/ros2_ws/install/moveit_plugins:/home/manoj/ros2_ws/install/moveit_setup_assistant:/home/manoj/ros2_ws/install/moveit_setup_srdf_plugins:/home/manoj/ros2_ws/install/moveit_setup_core_plugins:/home/manoj/ros2_ws/install/moveit_setup_controllers:/home/manoj/ros2_ws/install/moveit_setup_app_plugins:/home/manoj/ros2_ws/install/moveit_setup_framework:/home/manoj/ros2_ws/install/moveit_servo:/home/manoj/ros2_ws/install/moveit_ros:/home/manoj/ros2_ws/install/moveit_ros_visualization:/home/manoj/ros2_ws/install/moveit_hybrid_planning:/home/manoj/ros2_ws/install/moveit_ros_benchmarks:/home/manoj/ros2_ws/install/moveit_ros_robot_interaction:/home/manoj/ros2_ws/install/moveit_ros_perception:/home/manoj/ros2_ws/install/moveit_resources:/home/manoj/ros2_ws/install/dual_arm_panda_moveit_config:/home/manoj/ros2_ws/install/moveit_planners_chomp:/home/manoj/ros2_ws/install/moveit_chomp_optimizer_adapter:/home/manoj/ros2_ws/install/chomp_motion_planner:/home/manoj/ros2_ws/install/my_mobile_manipulator_bringup:/home/manoj/ros2_ws/install/moveit_configs_utils:/opt/ros/humble LD_LIBRARY_PATH=/home/manoj/ros2_ws/install/moveit_ros_planning_interface/lib:/home/manoj/ros2_ws/install/moveit_ros_move_group/lib:/home/manoj/ros2_ws/install/moveit_ros_warehouse/lib:/home/manoj/ros2_ws/install/moveit_planners_ompl/lib:/home/manoj/ros2_ws/install/moveit_kinematics/lib:/home/manoj/ros2_ws/install/moveit_ros_planning/lib:/home/manoj/ros2_ws/install/pilz_industrial_motion_planner_testutils/lib:/home/manoj/ros2_ws/install/moveit_simple_controller_manager/lib:/home/manoj/ros2_ws/install/moveit_ros_occupancy_map_monitor/lib:/home/manoj/ros2_ws/install/moveit_resources_prbt_ikfast_manipulator_plugin/lib:/home/manoj/ros2_ws/install/moveit_core/lib:/home/manoj/ros2_ws/install/pilz_industrial_motion_planner/lib:/home/manoj/ros2_ws/install/moveit_ros_control_interface/lib:/home/manoj/ros2_ws/install/moveit_setup_assistant/lib:/home/manoj/ros2_ws/install/moveit_setup_srdf_plugins/lib:/home/manoj/ros2_ws/install/moveit_setup_core_plugins/lib:/home/manoj/ros2_ws/install/moveit_setup_controllers/lib:/home/manoj/ros2_ws/install/moveit_setup_app_plugins/lib:/home/manoj/ros2_ws/install/moveit_setup_framework/lib:/home/manoj/ros2_ws/install/moveit_servo/lib:/home/manoj/ros2_ws/install/moveit_ros_visualization/lib:/home/manoj/ros2_ws/install/moveit_hybrid_planning/lib:/home/manoj/ros2_ws/install/moveit_ros_benchmarks/lib:/home/manoj/ros2_ws/install/moveit_ros_robot_interaction/lib:/home/manoj/ros2_ws/install/moveit_ros_perception/lib:/home/manoj/ros2_ws/install/moveit_planners_chomp/lib:/home/manoj/ros2_ws/install/moveit_chomp_optimizer_adapter/lib:/home/manoj/ros2_ws/install/chomp_motion_planner/lib:/usr/lib/x86_64-linux-gnu/gazebo-11/plugins:/opt/ros/humble/opt/rviz_ogre_vendor/lib:/opt/ros/humble/lib/x86_64-linux-gnu:/opt/ros/humble/lib PYTHONPATH=/home/manoj/ros2_ws/install/moveit_configs_utils/lib/python3.10/site-packages:/home/manoj/ros2_ws/install/my_mobile_manipulator_bringup/lib/python3.10/site-packages:/opt/ros/humble/lib/python3.10/site-packages:/opt/ros/humble/local/lib/python3.10/dist-packages /usr/bin/cmake --build /home/manoj/ros2_ws/build/pilz_industrial_motion_planner -- -j12 -l12
[0.170s] [  2%] Built target planning_context_loader_base
[0.184s] [ 10%] Built target joint_limits_common
[0.204s] [ 15%] Built target trajectory_generation_common
[0.229s] [ 18%] Built target gmock_main
[0.237s] [ 21%] Built target gmock
[0.271s] [ 24%] Built target pilz_industrial_motion_planner
[0.279s] [ 26%] Built target pilz_industrial_motion_planner_test_utils
[0.299s] [ 31%] Built target planning_context_loader_circ
[0.333s] [ 36%] Built target planning_context_loader_lin
[0.340s] [ 38%] Built target unittest_get_solver_tip_frame
[0.357s] [ 43%] Built target planning_context_loader_ptp
[0.367s] [ 45%] Built target gtest
[0.377s] [ 49%] Built target command_list_manager
[0.393s] [ 51%] Built target gtest_main
[0.429s] [ 55%] Built target unittest_velocity_profile_atrap
[0.437s] [ 57%] Built target unittest_pilz_industrial_motion_planner_direct
[0.440s] [ 61%] Built target sequence_capability
[0.458s] [ 63%] Built target unittest_joint_limit
[0.485s] [ 66%] Built target unittest_joint_limits_container
[0.494s] [ 68%] Built target unittest_joint_limits_aggregator
[0.508s] [ 71%] Built target unittest_joint_limits_validator
[0.529s] [ 73%] Built target unittest_cartesian_limits_aggregator
[0.547s] [ 75%] Built target unittest_planning_context_loaders
[0.560s] [ 78%] Built target unittest_pilz_industrial_motion_planner
[0.569s] [ 80%] Built target unittest_planning_context
[0.593s] [ 83%] Built target unittest_trajectory_generator_ptp
[0.647s] [ 86%] Built target unittest_trajectory_generator_circ
[0.647s] [ 87%] Built target unittest_trajectory_generator_lin
[0.652s] [ 90%] Built target unittest_trajectory_generator_common
[0.687s] [ 93%] Built target unittest_trajectory_blender_transition_window
[0.691s] [ 96%] Built target unittest_trajectory_functions
[0.698s] [100%] Built target unittest_trajectory_generator
[0.713s] Invoked command in '/home/manoj/ros2_ws/build/pilz_industrial_motion_planner' returned '0': AMENT_PREFIX_PATH=/home/manoj/ros2_ws/install/moveit_configs_utils:/home/manoj/ros2_ws/install/my_mobile_manipulator_bringup:/home/manoj/ros2_ws/install/ur_description:/home/manoj/ros2_ws/install/pilz_industrial_motion_planner_testutils:/home/manoj/ros2_ws/install/moveit_runtime:/home/manoj/ros2_ws/install/moveit:/home/manoj/ros2_ws/install/moveit_planners:/home/manoj/ros2_ws/install/pilz_industrial_motion_planner:/home/manoj/ros2_ws/install/my_mobile_manipulator_description:/home/manoj/ros2_ws/install/moveit_ros_control_interface:/home/manoj/ros2_ws/install/moveit_plugins:/home/manoj/ros2_ws/install/moveit_simple_controller_manager:/home/manoj/ros2_ws/install/moveit_setup_assistant:/home/manoj/ros2_ws/install/moveit_setup_srdf_plugins:/home/manoj/ros2_ws/install/moveit_setup_core_plugins:/home/manoj/ros2_ws/install/moveit_setup_controllers:/home/manoj/ros2_ws/install/moveit_setup_app_plugins:/home/manoj/ros2_ws/install/moveit_setup_framework:/home/manoj/ros2_ws/install/moveit_servo:/home/manoj/ros2_ws/install/moveit_ros:/home/manoj/ros2_ws/install/moveit_ros_visualization:/home/manoj/ros2_ws/install/moveit_hybrid_planning:/home/manoj/ros2_ws/install/moveit_ros_planning_interface:/home/manoj/ros2_ws/install/moveit_ros_benchmarks:/home/manoj/ros2_ws/install/moveit_ros_warehouse:/home/manoj/ros2_ws/install/moveit_ros_robot_interaction:/home/manoj/ros2_ws/install/moveit_ros_perception:/home/manoj/ros2_ws/install/moveit_resources_prbt_pg70_support:/home/manoj/ros2_ws/install/moveit_resources_prbt_moveit_config:/home/manoj/ros2_ws/install/moveit_ros_move_group:/home/manoj/ros2_ws/install/moveit_planners_ompl:/home/manoj/ros2_ws/install/moveit_ros_planning:/home/manoj/ros2_ws/install/moveit_ros_occupancy_map_monitor:/home/manoj/ros2_ws/install/moveit_resources_prbt_support:/home/manoj/ros2_ws/install/moveit_resources_prbt_ikfast_manipulator_plugin:/home/manoj/ros2_ws/install/moveit_resources:/home/manoj/ros2_ws/install/moveit_resources_pr2_description:/home/manoj/ros2_ws/install/moveit_resources_panda_moveit_config:/home/manoj/ros2_ws/install/dual_arm_panda_moveit_config:/home/manoj/ros2_ws/install/moveit_resources_panda_description:/home/manoj/ros2_ws/install/moveit_resources_fanuc_moveit_config:/home/manoj/ros2_ws/install/moveit_resources_fanuc_description:/home/manoj/ros2_ws/install/moveit_planners_chomp:/home/manoj/ros2_ws/install/moveit_kinematics:/home/manoj/ros2_ws/install/moveit_chomp_optimizer_adapter:/home/manoj/ros2_ws/install/chomp_motion_planner:/home/manoj/ros2_ws/install/moveit_core:/home/manoj/ros2_ws/install/moveit_common:/opt/ros/humble CMAKE_PREFIX_PATH=/home/manoj/ros2_ws/install/moveit_resources_prbt_pg70_support:/home/manoj/ros2_ws/install/moveit_ros_planning_interface:/home/manoj/ros2_ws/install/moveit_resources_prbt_moveit_config:/home/manoj/ros2_ws/install/moveit_ros_move_group:/home/manoj/ros2_ws/install/moveit_ros_warehouse:/home/manoj/ros2_ws/install/moveit_planners_ompl:/home/manoj/ros2_ws/install/moveit_kinematics:/home/manoj/ros2_ws/install/moveit_ros_planning:/home/manoj/ros2_ws/install/pilz_industrial_motion_planner_testutils:/home/manoj/ros2_ws/install/moveit_simple_controller_manager:/home/manoj/ros2_ws/install/moveit_ros_occupancy_map_monitor:/home/manoj/ros2_ws/install/moveit_resources_prbt_ikfast_manipulator_plugin:/home/manoj/ros2_ws/install/moveit_core:/home/manoj/ros2_ws/install/moveit_resources_panda_moveit_config:/home/manoj/ros2_ws/install/moveit_resources_fanuc_moveit_config:/home/manoj/ros2_ws/install/moveit_resources_prbt_support:/home/manoj/ros2_ws/install/moveit_resources_pr2_description:/home/manoj/ros2_ws/install/moveit_resources_panda_description:/home/manoj/ros2_ws/install/moveit_resources_fanuc_description:/home/manoj/ros2_ws/install/moveit_common:/home/manoj/ros2_ws/install/ur_description:/home/manoj/ros2_ws/install/moveit_runtime:/home/manoj/ros2_ws/install/moveit:/home/manoj/ros2_ws/install/moveit_planners:/home/manoj/ros2_ws/install/pilz_industrial_motion_planner:/home/manoj/ros2_ws/install/my_mobile_manipulator_description:/home/manoj/ros2_ws/install/moveit_ros_control_interface:/home/manoj/ros2_ws/install/moveit_plugins:/home/manoj/ros2_ws/install/moveit_setup_assistant:/home/manoj/ros2_ws/install/moveit_setup_srdf_plugins:/home/manoj/ros2_ws/install/moveit_setup_core_plugins:/home/manoj/ros2_ws/install/moveit_setup_controllers:/home/manoj/ros2_ws/install/moveit_setup_app_plugins:/home/manoj/ros2_ws/install/moveit_setup_framework:/home/manoj/ros2_ws/install/moveit_servo:/home/manoj/ros2_ws/install/moveit_ros:/home/manoj/ros2_ws/install/moveit_ros_visualization:/home/manoj/ros2_ws/install/moveit_hybrid_planning:/home/manoj/ros2_ws/install/moveit_ros_benchmarks:/home/manoj/ros2_ws/install/moveit_ros_robot_interaction:/home/manoj/ros2_ws/install/moveit_ros_perception:/home/manoj/ros2_ws/install/moveit_resources:/home/manoj/ros2_ws/install/dual_arm_panda_moveit_config:/home/manoj/ros2_ws/install/moveit_planners_chomp:/home/manoj/ros2_ws/install/moveit_chomp_optimizer_adapter:/home/manoj/ros2_ws/install/chomp_motion_planner:/home/manoj/ros2_ws/install/my_mobile_manipulator_bringup:/home/manoj/ros2_ws/install/moveit_configs_utils:/opt/ros/humble LD_LIBRARY_PATH=/home/manoj/ros2_ws/install/moveit_ros_planning_interface/lib:/home/manoj/ros2_ws/install/moveit_ros_move_group/lib:/home/manoj/ros2_ws/install/moveit_ros_warehouse/lib:/home/manoj/ros2_ws/install/moveit_planners_ompl/lib:/home/manoj/ros2_ws/install/moveit_kinematics/lib:/home/manoj/ros2_ws/install/moveit_ros_planning/lib:/home/manoj/ros2_ws/install/pilz_industrial_motion_planner_testutils/lib:/home/manoj/ros2_ws/install/moveit_simple_controller_manager/lib:/home/manoj/ros2_ws/install/moveit_ros_occupancy_map_monitor/lib:/home/manoj/ros2_ws/install/moveit_resources_prbt_ikfast_manipulator_plugin/lib:/home/manoj/ros2_ws/install/moveit_core/lib:/home/manoj/ros2_ws/install/pilz_industrial_motion_planner/lib:/home/manoj/ros2_ws/install/moveit_ros_control_interface/lib:/home/manoj/ros2_ws/install/moveit_setup_assistant/lib:/home/manoj/ros2_ws/install/moveit_setup_srdf_plugins/lib:/home/manoj/ros2_ws/install/moveit_setup_core_plugins/lib:/home/manoj/ros2_ws/install/moveit_setup_controllers/lib:/home/manoj/ros2_ws/install/moveit_setup_app_plugins/lib:/home/manoj/ros2_ws/install/moveit_setup_framework/lib:/home/manoj/ros2_ws/install/moveit_servo/lib:/home/manoj/ros2_ws/install/moveit_ros_visualization/lib:/home/manoj/ros2_ws/install/moveit_hybrid_planning/lib:/home/manoj/ros2_ws/install/moveit_ros_benchmarks/lib:/home/manoj/ros2_ws/install/moveit_ros_robot_interaction/lib:/home/manoj/ros2_ws/install/moveit_ros_perception/lib:/home/manoj/ros2_ws/install/moveit_planners_chomp/lib:/home/manoj/ros2_ws/install/moveit_chomp_optimizer_adapter/lib:/home/manoj/ros2_ws/install/chomp_motion_planner/lib:/usr/lib/x86_64-linux-gnu/gazebo-11/plugins:/opt/ros/humble/opt/rviz_ogre_vendor/lib:/opt/ros/humble/lib/x86_64-linux-gnu:/opt/ros/humble/lib PYTHONPATH=/home/manoj/ros2_ws/install/moveit_configs_utils/lib/python3.10/site-packages:/home/manoj/ros2_ws/install/my_mobile_manipulator_bringup/lib/python3.10/site-packages:/opt/ros/humble/lib/python3.10/site-packages:/opt/ros/humble/local/lib/python3.10/dist-packages /usr/bin/cmake --build /home/manoj/ros2_ws/build/pilz_industrial_motion_planner -- -j12 -l12
[0.716s] Invoking command in '/home/manoj/ros2_ws/build/pilz_industrial_motion_planner': AMENT_PREFIX_PATH=/home/manoj/ros2_ws/install/moveit_configs_utils:/home/manoj/ros2_ws/install/my_mobile_manipulator_bringup:/home/manoj/ros2_ws/install/ur_description:/home/manoj/ros2_ws/install/pilz_industrial_motion_planner_testutils:/home/manoj/ros2_ws/install/moveit_runtime:/home/manoj/ros2_ws/install/moveit:/home/manoj/ros2_ws/install/moveit_planners:/home/manoj/ros2_ws/install/pilz_industrial_motion_planner:/home/manoj/ros2_ws/install/my_mobile_manipulator_description:/home/manoj/ros2_ws/install/moveit_ros_control_interface:/home/manoj/ros2_ws/install/moveit_plugins:/home/manoj/ros2_ws/install/moveit_simple_controller_manager:/home/manoj/ros2_ws/install/moveit_setup_assistant:/home/manoj/ros2_ws/install/moveit_setup_srdf_plugins:/home/manoj/ros2_ws/install/moveit_setup_core_plugins:/home/manoj/ros2_ws/install/moveit_setup_controllers:/home/manoj/ros2_ws/install/moveit_setup_app_plugins:/home/manoj/ros2_ws/install/moveit_setup_framework:/home/manoj/ros2_ws/install/moveit_servo:/home/manoj/ros2_ws/install/moveit_ros:/home/manoj/ros2_ws/install/moveit_ros_visualization:/home/manoj/ros2_ws/install/moveit_hybrid_planning:/home/manoj/ros2_ws/install/moveit_ros_planning_interface:/home/manoj/ros2_ws/install/moveit_ros_benchmarks:/home/manoj/ros2_ws/install/moveit_ros_warehouse:/home/manoj/ros2_ws/install/moveit_ros_robot_interaction:/home/manoj/ros2_ws/install/moveit_ros_perception:/home/manoj/ros2_ws/install/moveit_resources_prbt_pg70_support:/home/manoj/ros2_ws/install/moveit_resources_prbt_moveit_config:/home/manoj/ros2_ws/install/moveit_ros_move_group:/home/manoj/ros2_ws/install/moveit_planners_ompl:/home/manoj/ros2_ws/install/moveit_ros_planning:/home/manoj/ros2_ws/install/moveit_ros_occupancy_map_monitor:/home/manoj/ros2_ws/install/moveit_resources_prbt_support:/home/manoj/ros2_ws/install/moveit_resources_prbt_ikfast_manipulator_plugin:/home/manoj/ros2_ws/install/moveit_resources:/home/manoj/ros2_ws/install/moveit_resources_pr2_description:/home/manoj/ros2_ws/install/moveit_resources_panda_moveit_config:/home/manoj/ros2_ws/install/dual_arm_panda_moveit_config:/home/manoj/ros2_ws/install/moveit_resources_panda_description:/home/manoj/ros2_ws/install/moveit_resources_fanuc_moveit_config:/home/manoj/ros2_ws/install/moveit_resources_fanuc_description:/home/manoj/ros2_ws/install/moveit_planners_chomp:/home/manoj/ros2_ws/install/moveit_kinematics:/home/manoj/ros2_ws/install/moveit_chomp_optimizer_adapter:/home/manoj/ros2_ws/install/chomp_motion_planner:/home/manoj/ros2_ws/install/moveit_core:/home/manoj/ros2_ws/install/moveit_common:/opt/ros/humble CMAKE_PREFIX_PATH=/home/manoj/ros2_ws/install/moveit_resources_prbt_pg70_support:/home/manoj/ros2_ws/install/moveit_ros_planning_interface:/home/manoj/ros2_ws/install/moveit_resources_prbt_moveit_config:/home/manoj/ros2_ws/install/moveit_ros_move_group:/home/manoj/ros2_ws/install/moveit_ros_warehouse:/home/manoj/ros2_ws/install/moveit_planners_ompl:/home/manoj/ros2_ws/install/moveit_kinematics:/home/manoj/ros2_ws/install/moveit_ros_planning:/home/manoj/ros2_ws/install/pilz_industrial_motion_planner_testutils:/home/manoj/ros2_ws/install/moveit_simple_controller_manager:/home/manoj/ros2_ws/install/moveit_ros_occupancy_map_monitor:/home/manoj/ros2_ws/install/moveit_resources_prbt_ikfast_manipulator_plugin:/home/manoj/ros2_ws/install/moveit_core:/home/manoj/ros2_ws/install/moveit_resources_panda_moveit_config:/home/manoj/ros2_ws/install/moveit_resources_fanuc_moveit_config:/home/manoj/ros2_ws/install/moveit_resources_prbt_support:/home/manoj/ros2_ws/install/moveit_resources_pr2_description:/home/manoj/ros2_ws/install/moveit_resources_panda_description:/home/manoj/ros2_ws/install/moveit_resources_fanuc_description:/home/manoj/ros2_ws/install/moveit_common:/home/manoj/ros2_ws/install/ur_description:/home/manoj/ros2_ws/install/moveit_runtime:/home/manoj/ros2_ws/install/moveit:/home/manoj/ros2_ws/install/moveit_planners:/home/manoj/ros2_ws/install/pilz_industrial_motion_planner:/home/manoj/ros2_ws/install/my_mobile_manipulator_description:/home/manoj/ros2_ws/install/moveit_ros_control_interface:/home/manoj/ros2_ws/install/moveit_plugins:/home/manoj/ros2_ws/install/moveit_setup_assistant:/home/manoj/ros2_ws/install/moveit_setup_srdf_plugins:/home/manoj/ros2_ws/install/moveit_setup_core_plugins:/home/manoj/ros2_ws/install/moveit_setup_controllers:/home/manoj/ros2_ws/install/moveit_setup_app_plugins:/home/manoj/ros2_ws/install/moveit_setup_framework:/home/manoj/ros2_ws/install/moveit_servo:/home/manoj/ros2_ws/install/moveit_ros:/home/manoj/ros2_ws/install/moveit_ros_visualization:/home/manoj/ros2_ws/install/moveit_hybrid_planning:/home/manoj/ros2_ws/install/moveit_ros_benchmarks:/home/manoj/ros2_ws/install/moveit_ros_robot_interaction:/home/manoj/ros2_ws/install/moveit_ros_perception:/home/manoj/ros2_ws/install/moveit_resources:/home/manoj/ros2_ws/install/dual_arm_panda_moveit_config:/home/manoj/ros2_ws/install/moveit_planners_chomp:/home/manoj/ros2_ws/install/moveit_chomp_optimizer_adapter:/home/manoj/ros2_ws/install/chomp_motion_planner:/home/manoj/ros2_ws/install/my_mobile_manipulator_bringup:/home/manoj/ros2_ws/install/moveit_configs_utils:/opt/ros/humble LD_LIBRARY_PATH=/home/manoj/ros2_ws/install/moveit_ros_planning_interface/lib:/home/manoj/ros2_ws/install/moveit_ros_move_group/lib:/home/manoj/ros2_ws/install/moveit_ros_warehouse/lib:/home/manoj/ros2_ws/install/moveit_planners_ompl/lib:/home/manoj/ros2_ws/install/moveit_kinematics/lib:/home/manoj/ros2_ws/install/moveit_ros_planning/lib:/home/manoj/ros2_ws/install/pilz_industrial_motion_planner_testutils/lib:/home/manoj/ros2_ws/install/moveit_simple_controller_manager/lib:/home/manoj/ros2_ws/install/moveit_ros_occupancy_map_monitor/lib:/home/manoj/ros2_ws/install/moveit_resources_prbt_ikfast_manipulator_plugin/lib:/home/manoj/ros2_ws/install/moveit_core/lib:/home/manoj/ros2_ws/install/pilz_industrial_motion_planner/lib:/home/manoj/ros2_ws/install/moveit_ros_control_interface/lib:/home/manoj/ros2_ws/install/moveit_setup_assistant/lib:/home/manoj/ros2_ws/install/moveit_setup_srdf_plugins/lib:/home/manoj/ros2_ws/install/moveit_setup_core_plugins/lib:/home/manoj/ros2_ws/install/moveit_setup_controllers/lib:/home/manoj/ros2_ws/install/moveit_setup_app_plugins/lib:/home/manoj/ros2_ws/install/moveit_setup_framework/lib:/home/manoj/ros2_ws/install/moveit_servo/lib:/home/manoj/ros2_ws/install/moveit_ros_visualization/lib:/home/manoj/ros2_ws/install/moveit_hybrid_planning/lib:/home/manoj/ros2_ws/install/moveit_ros_benchmarks/lib:/home/manoj/ros2_ws/install/moveit_ros_robot_interaction/lib:/home/manoj/ros2_ws/install/moveit_ros_perception/lib:/home/manoj/ros2_ws/install/moveit_planners_chomp/lib:/home/manoj/ros2_ws/install/moveit_chomp_optimizer_adapter/lib:/home/manoj/ros2_ws/install/chomp_motion_planner/lib:/usr/lib/x86_64-linux-gnu/gazebo-11/plugins:/opt/ros/humble/opt/rviz_ogre_vendor/lib:/opt/ros/humble/lib/x86_64-linux-gnu:/opt/ros/humble/lib PYTHONPATH=/home/manoj/ros2_ws/install/moveit_configs_utils/lib/python3.10/site-packages:/home/manoj/ros2_ws/install/my_mobile_manipulator_bringup/lib/python3.10/site-packages:/opt/ros/humble/lib/python3.10/site-packages:/opt/ros/humble/local/lib/python3.10/dist-packages /usr/bin/cmake --install /home/manoj/ros2_ws/build/pilz_industrial_motion_planner
[0.726s] -- Install configuration: "Release"
[0.727s] -- Execute custom install script
[0.727s] -- Up-to-date symlink: /home/manoj/ros2_ws/install/pilz_industrial_motion_planner/share/pilz_industrial_motion_planner/plugins/pilz_industrial_motion_planner_plugin_description.xml
[0.727s] -- Up-to-date symlink: /home/manoj/ros2_ws/install/pilz_industrial_motion_planner/share/pilz_industrial_motion_planner/plugins/sequence_capability_plugin_description.xml
[0.727s] -- Up-to-date symlink: /home/manoj/ros2_ws/install/pilz_industrial_motion_planner/share/pilz_industrial_motion_planner/plugins/planning_context_plugin_description.xml
[0.728s] -- Up-to-date symlink: /home/manoj/ros2_ws/install/pilz_industrial_motion_planner/include/joint_limits_copy/joint_limits.hpp
[0.728s] -- Up-to-date symlink: /home/manoj/ros2_ws/install/pilz_industrial_motion_planner/include/joint_limits_copy/joint_limits_rosparam.hpp
[0.729s] -- Up-to-date symlink: /home/manoj/ros2_ws/install/pilz_industrial_motion_planner/include/pilz_industrial_motion_planner/capability_names.h
[0.729s] -- Up-to-date symlink: /home/manoj/ros2_ws/install/pilz_industrial_motion_planner/include/pilz_industrial_motion_planner/cartesian_limit.h
[0.729s] -- Up-to-date symlink: /home/manoj/ros2_ws/install/pilz_industrial_motion_planner/include/pilz_industrial_motion_planner/cartesian_limits_aggregator.h
[0.729s] -- Up-to-date symlink: /home/manoj/ros2_ws/install/pilz_industrial_motion_planner/include/pilz_industrial_motion_planner/cartesian_trajectory.h
[0.729s] -- Up-to-date symlink: /home/manoj/ros2_ws/install/pilz_industrial_motion_planner/include/pilz_industrial_motion_planner/cartesian_trajectory_point.h
[0.729s] -- Up-to-date symlink: /home/manoj/ros2_ws/install/pilz_industrial_motion_planner/include/pilz_industrial_motion_planner/command_list_manager.h
[0.729s] -- Up-to-date symlink: /home/manoj/ros2_ws/install/pilz_industrial_motion_planner/include/pilz_industrial_motion_planner/joint_limits_aggregator.h
[0.729s] -- Up-to-date symlink: /home/manoj/ros2_ws/install/pilz_industrial_motion_planner/include/pilz_industrial_motion_planner/joint_limits_container.h
[0.729s] -- Up-to-date symlink: /home/manoj/ros2_ws/install/pilz_industrial_motion_planner/include/pilz_industrial_motion_planner/joint_limits_extension.h
[0.729s] -- Up-to-date symlink: /home/manoj/ros2_ws/install/pilz_industrial_motion_planner/include/pilz_industrial_motion_planner/joint_limits_interface_extension.h
[0.729s] -- Up-to-date symlink: /home/manoj/ros2_ws/install/pilz_industrial_motion_planner/include/pilz_industrial_motion_planner/joint_limits_validator.h
[0.729s] -- Up-to-date symlink: /home/manoj/ros2_ws/install/pilz_industrial_motion_planner/include/pilz_industrial_motion_planner/limits_container.h
[0.729s] -- Up-to-date symlink: /home/manoj/ros2_ws/install/pilz_industrial_motion_planner/include/pilz_industrial_motion_planner/move_group_sequence_action.h
[0.730s] -- Up-to-date symlink: /home/manoj/ros2_ws/install/pilz_industrial_motion_planner/include/pilz_industrial_motion_planner/move_group_sequence_service.h
[0.730s] -- Up-to-date symlink: /home/manoj/ros2_ws/install/pilz_industrial_motion_planner/include/pilz_industrial_motion_planner/path_circle_generator.h
[0.730s] -- Up-to-date symlink: /home/manoj/ros2_ws/install/pilz_industrial_motion_planner/include/pilz_industrial_motion_planner/pilz_industrial_motion_planner.h
[0.730s] -- Up-to-date symlink: /home/manoj/ros2_ws/install/pilz_industrial_motion_planner/include/pilz_industrial_motion_planner/plan_components_builder.h
[0.730s] -- Up-to-date symlink: /home/manoj/ros2_ws/install/pilz_industrial_motion_planner/include/pilz_industrial_motion_planner/planning_context_base.h
[0.730s] -- Up-to-date symlink: /home/manoj/ros2_ws/install/pilz_industrial_motion_planner/include/pilz_industrial_motion_planner/planning_context_circ.h
[0.730s] -- Up-to-date symlink: /home/manoj/ros2_ws/install/pilz_industrial_motion_planner/include/pilz_industrial_motion_planner/planning_context_lin.h
[0.730s] -- Up-to-date symlink: /home/manoj/ros2_ws/install/pilz_industrial_motion_planner/include/pilz_industrial_motion_planner/planning_context_loader.h
[0.730s] -- Up-to-date symlink: /home/manoj/ros2_ws/install/pilz_industrial_motion_planner/include/pilz_industrial_motion_planner/planning_context_loader_circ.h
[0.730s] -- Up-to-date symlink: /home/manoj/ros2_ws/install/pilz_industrial_motion_planner/include/pilz_industrial_motion_planner/planning_context_loader_lin.h
[0.731s] -- Up-to-date symlink: /home/manoj/ros2_ws/install/pilz_industrial_motion_planner/include/pilz_industrial_motion_planner/planning_context_loader_ptp.h
[0.731s] -- Up-to-date symlink: /home/manoj/ros2_ws/install/pilz_industrial_motion_planner/include/pilz_industrial_motion_planner/planning_context_ptp.h
[0.731s] -- Up-to-date symlink: /home/manoj/ros2_ws/install/pilz_industrial_motion_planner/include/pilz_industrial_motion_planner/planning_exceptions.h
[0.731s] -- Up-to-date symlink: /home/manoj/ros2_ws/install/pilz_industrial_motion_planner/include/pilz_industrial_motion_planner/tip_frame_getter.h
[0.731s] -- Up-to-date symlink: /home/manoj/ros2_ws/install/pilz_industrial_motion_planner/include/pilz_industrial_motion_planner/trajectory_blend_request.h
[0.731s] -- Up-to-date symlink: /home/manoj/ros2_ws/install/pilz_industrial_motion_planner/include/pilz_industrial_motion_planner/trajectory_blend_response.h
[0.731s] -- Up-to-date symlink: /home/manoj/ros2_ws/install/pilz_industrial_motion_planner/include/pilz_industrial_motion_planner/trajectory_blender.h
[0.731s] -- Up-to-date symlink: /home/manoj/ros2_ws/install/pilz_industrial_motion_planner/include/pilz_industrial_motion_planner/trajectory_blender_transition_window.h
[0.732s] -- Up-to-date symlink: /home/manoj/ros2_ws/install/pilz_industrial_motion_planner/include/pilz_industrial_motion_planner/trajectory_functions.h
[0.732s] -- Up-to-date symlink: /home/manoj/ros2_ws/install/pilz_industrial_motion_planner/include/pilz_industrial_motion_planner/trajectory_generation_exceptions.h
[0.732s] -- Up-to-date symlink: /home/manoj/ros2_ws/install/pilz_industrial_motion_planner/include/pilz_industrial_motion_planner/trajectory_generator.h
[0.732s] -- Up-to-date symlink: /home/manoj/ros2_ws/install/pilz_industrial_motion_planner/include/pilz_industrial_motion_planner/trajectory_generator_circ.h
[0.732s] -- Up-to-date symlink: /home/manoj/ros2_ws/install/pilz_industrial_motion_planner/include/pilz_industrial_motion_planner/trajectory_generator_lin.h
[0.732s] -- Up-to-date symlink: /home/manoj/ros2_ws/install/pilz_industrial_motion_planner/include/pilz_industrial_motion_planner/trajectory_generator_ptp.h
[0.732s] -- Up-to-date symlink: /home/manoj/ros2_ws/install/pilz_industrial_motion_planner/include/pilz_industrial_motion_planner/velocity_profile_atrap.h
[0.732s] -- Up-to-date symlink: /home/manoj/ros2_ws/install/pilz_industrial_motion_planner/share/pilz_industrial_motion_planner/environment/library_path.sh
[0.733s] -- Up-to-date symlink: /home/manoj/ros2_ws/install/pilz_industrial_motion_planner/share/pilz_industrial_motion_planner/environment/library_path.dsv
[0.733s] -- Up-to-date symlink: /home/manoj/ros2_ws/install/pilz_industrial_motion_planner/lib/pilz_industrial_motion_planner/unittest_pilz_industrial_motion_planner_direct
[0.733s] -- Up-to-date symlink: /home/manoj/ros2_ws/install/pilz_industrial_motion_planner/lib/pilz_industrial_motion_planner/unittest_velocity_profile_atrap
[0.733s] -- Up-to-date symlink: /home/manoj/ros2_ws/install/pilz_industrial_motion_planner/lib/pilz_industrial_motion_planner/unittest_trajectory_generator
[0.734s] -- Up-to-date symlink: /home/manoj/ros2_ws/install/pilz_industrial_motion_planner/lib/pilz_industrial_motion_planner/unittest_trajectory_functions
[0.734s] -- Up-to-date symlink: /home/manoj/ros2_ws/install/pilz_industrial_motion_planner/lib/pilz_industrial_motion_planner/unittest_trajectory_blender_transition_window
[0.734s] -- Up-to-date symlink: /home/manoj/ros2_ws/install/pilz_industrial_motion_planner/lib/pilz_industrial_motion_planner/unittest_trajectory_generator_common
[0.734s] -- Up-to-date symlink: /home/manoj/ros2_ws/install/pilz_industrial_motion_planner/lib/pilz_industrial_motion_planner/unittest_trajectory_generator_circ
[0.734s] -- Up-to-date symlink: /home/manoj/ros2_ws/install/pilz_industrial_motion_planner/lib/pilz_industrial_motion_planner/unittest_trajectory_generator_lin
[0.734s] -- Up-to-date symlink: /home/manoj/ros2_ws/install/pilz_industrial_motion_planner/lib/pilz_industrial_motion_planner/unittest_trajectory_generator_ptp
[0.734s] -- Up-to-date symlink: /home/manoj/ros2_ws/install/pilz_industrial_motion_planner/lib/pilz_industrial_motion_planner/unittest_pilz_industrial_motion_planner
[0.735s] -- Up-to-date symlink: /home/manoj/ros2_ws/install/pilz_industrial_motion_planner/lib/pilz_industrial_motion_planner/unittest_joint_limit
[0.735s] -- Up-to-date symlink: /home/manoj/ros2_ws/install/pilz_industrial_motion_planner/lib/pilz_industrial_motion_planner/unittest_joint_limits_aggregator
[0.735s] -- Up-to-date symlink: /home/manoj/ros2_ws/install/pilz_industrial_motion_planner/lib/pilz_industrial_motion_planner/unittest_joint_limits_container
[0.735s] -- Up-to-date symlink: /home/manoj/ros2_ws/install/pilz_industrial_motion_planner/lib/pilz_industrial_motion_planner/unittest_joint_limits_validator
[0.735s] -- Up-to-date symlink: /home/manoj/ros2_ws/install/pilz_industrial_motion_planner/lib/pilz_industrial_motion_planner/unittest_cartesian_limits_aggregator
[0.735s] -- Up-to-date symlink: /home/manoj/ros2_ws/install/pilz_industrial_motion_planner/lib/pilz_industrial_motion_planner/unittest_planning_context_loaders
[0.735s] -- Up-to-date symlink: /home/manoj/ros2_ws/install/pilz_industrial_motion_planner/lib/pilz_industrial_motion_planner/unittest_planning_context
[0.736s] -- Up-to-date symlink: /home/manoj/ros2_ws/install/pilz_industrial_motion_planner/lib/pilz_industrial_motion_planner/unittest_get_solver_tip_frame
[0.736s] -- Up-to-date symlink: /home/manoj/ros2_ws/install/pilz_industrial_motion_planner/share/pilz_industrial_motion_planner/config/unittest_cartesian_limits_aggregator.yaml
[0.736s] -- Up-to-date symlink: /home/manoj/ros2_ws/install/pilz_industrial_motion_planner/share/pilz_industrial_motion_planner/config/unittest_joint_limit_config.yaml
[0.736s] -- Up-to-date symlink: /home/manoj/ros2_ws/install/pilz_industrial_motion_planner/share/pilz_industrial_motion_planner/config/unittest_joint_limits_aggregator.yaml
[0.736s] -- Up-to-date symlink: /home/manoj/ros2_ws/install/pilz_industrial_motion_planner/share/pilz_industrial_motion_planner/config/unittest_trajectory_blender_transition_window.yaml
[0.737s] -- Up-to-date symlink: /home/manoj/ros2_ws/install/pilz_industrial_motion_planner/share/pilz_industrial_motion_planner/config/unittest_trajectory_functions.yaml
[0.737s] -- Up-to-date symlink: /home/manoj/ros2_ws/install/pilz_industrial_motion_planner/share/pilz_industrial_motion_planner/config/unittest_trajectory_generator_circ.yaml
[0.737s] -- Up-to-date symlink: /home/manoj/ros2_ws/install/pilz_industrial_motion_planner/share/pilz_industrial_motion_planner/config/unittest_trajectory_generator_common.yaml
[0.737s] -- Up-to-date symlink: /home/manoj/ros2_ws/install/pilz_industrial_motion_planner/share/pilz_industrial_motion_planner/config/unittest_trajectory_generator_lin.yaml
[0.737s] -- Up-to-date symlink: /home/manoj/ros2_ws/install/pilz_industrial_motion_planner/share/pilz_industrial_motion_planner/config/unittest_trajectory_generator_ptp.yaml
[0.738s] -- Up-to-date symlink: /home/manoj/ros2_ws/install/pilz_industrial_motion_planner/share/pilz_industrial_motion_planner/launch/common_parameters.py
[0.738s] -- Up-to-date symlink: /home/manoj/ros2_ws/install/pilz_industrial_motion_planner/share/pilz_industrial_motion_planner/launch/unittest_cartesian_limits_aggregator.test.py
[0.738s] -- Up-to-date symlink: /home/manoj/ros2_ws/install/pilz_industrial_motion_planner/share/pilz_industrial_motion_planner/launch/unittest_joint_limit.test.py
[0.738s] -- Up-to-date symlink: /home/manoj/ros2_ws/install/pilz_industrial_motion_planner/share/pilz_industrial_motion_planner/launch/unittest_joint_limits_aggregator.test.py
[0.738s] -- Up-to-date symlink: /home/manoj/ros2_ws/install/pilz_industrial_motion_planner/share/pilz_industrial_motion_planner/launch/unittest_pilz_industrial_motion_planner.test.py
[0.738s] -- Up-to-date symlink: /home/manoj/ros2_ws/install/pilz_industrial_motion_planner/share/pilz_industrial_motion_planner/launch/unittest_planning_context.test.py
[0.739s] -- Up-to-date symlink: /home/manoj/ros2_ws/install/pilz_industrial_motion_planner/share/pilz_industrial_motion_planner/launch/unittest_planning_context_loaders.test.py
[0.739s] -- Up-to-date symlink: /home/manoj/ros2_ws/install/pilz_industrial_motion_planner/share/pilz_industrial_motion_planner/launch/unittest_trajectory_blender_transition_window.test.py
[0.739s] -- Up-to-date symlink: /home/manoj/ros2_ws/install/pilz_industrial_motion_planner/share/pilz_industrial_motion_planner/launch/unittest_trajectory_functions.test.py
[0.739s] -- Up-to-date symlink: /home/manoj/ros2_ws/install/pilz_industrial_motion_planner/share/pilz_industrial_motion_planner/launch/unittest_trajectory_generator_circ.test.py
[0.739s] -- Up-to-date symlink: /home/manoj/ros2_ws/install/pilz_industrial_motion_planner/share/pilz_industrial_motion_planner/launch/unittest_trajectory_generator_common.test.py
[0.739s] -- Up-to-date symlink: /home/manoj/ros2_ws/install/pilz_industrial_motion_planner/share/pilz_industrial_motion_planner/launch/unittest_trajectory_generator_lin.test.py
[0.739s] -- Up-to-date symlink: /home/manoj/ros2_ws/install/pilz_industrial_motion_planner/share/pilz_industrial_motion_planner/launch/unittest_trajectory_generator_ptp.test.py
[0.740s] -- Up-to-date symlink: /home/manoj/ros2_ws/install/pilz_industrial_motion_planner/share/pilz_industrial_motion_planner/test_data/concept_testdata.odp
[0.740s] -- Up-to-date symlink: /home/manoj/ros2_ws/install/pilz_industrial_motion_planner/share/pilz_industrial_motion_planner/test_data/concept_testdata.png
[0.740s] -- Up-to-date symlink: /home/manoj/ros2_ws/install/pilz_industrial_motion_planner/share/pilz_industrial_motion_planner/test_data/frankaemika_panda/testdata_sequence.xml
[0.740s] -- Up-to-date symlink: /home/manoj/ros2_ws/install/pilz_industrial_motion_planner/share/pilz_industrial_motion_planner/test_data/prbt/testdata_deprecated.xml
[0.740s] -- Up-to-date symlink: /home/manoj/ros2_ws/install/pilz_industrial_motion_planner/share/pilz_industrial_motion_planner/test_data/prbt/testdata_sequence.xml
[0.740s] -- Up-to-date symlink: /home/manoj/ros2_ws/install/pilz_industrial_motion_planner/share/pilz_industrial_motion_planner/test_data/prbt/testdata_with_gripper.xml
[0.740s] -- Up-to-date symlink: /home/manoj/ros2_ws/install/pilz_industrial_motion_planner/share/pilz_industrial_motion_planner/test_data/testpoints.py
[0.740s] -- Up-to-date symlink: /home/manoj/ros2_ws/install/pilz_industrial_motion_planner/share/ament_index/resource_index/package_run_dependencies/pilz_industrial_motion_planner
[0.741s] -- Up-to-date symlink: /home/manoj/ros2_ws/install/pilz_industrial_motion_planner/share/ament_index/resource_index/parent_prefix_path/pilz_industrial_motion_planner
[0.741s] -- Up-to-date symlink: /home/manoj/ros2_ws/install/pilz_industrial_motion_planner/share/pilz_industrial_motion_planner/environment/ament_prefix_path.sh
[0.741s] -- Up-to-date symlink: /home/manoj/ros2_ws/install/pilz_industrial_motion_planner/share/pilz_industrial_motion_planner/environment/ament_prefix_path.dsv
[0.741s] -- Up-to-date symlink: /home/manoj/ros2_ws/install/pilz_industrial_motion_planner/share/pilz_industrial_motion_planner/environment/path.sh
[0.741s] -- Up-to-date symlink: /home/manoj/ros2_ws/install/pilz_industrial_motion_planner/share/pilz_industrial_motion_planner/environment/path.dsv
[0.741s] -- Up-to-date symlink: /home/manoj/ros2_ws/install/pilz_industrial_motion_planner/share/pilz_industrial_motion_planner/local_setup.bash
[0.741s] -- Up-to-date symlink: /home/manoj/ros2_ws/install/pilz_industrial_motion_planner/share/pilz_industrial_motion_planner/local_setup.sh
[0.742s] -- Up-to-date symlink: /home/manoj/ros2_ws/install/pilz_industrial_motion_planner/share/pilz_industrial_motion_planner/local_setup.zsh
[0.742s] -- Up-to-date symlink: /home/manoj/ros2_ws/install/pilz_industrial_motion_planner/share/pilz_industrial_motion_planner/local_setup.dsv
[0.742s] -- Symlinking: /home/manoj/ros2_ws/install/pilz_industrial_motion_planner/share/pilz_industrial_motion_planner/package.dsv
[0.752s] -- Up-to-date symlink: /home/manoj/ros2_ws/install/pilz_industrial_motion_planner/share/ament_index/resource_index/packages/pilz_industrial_motion_planner
[0.752s] -- Up-to-date symlink: /home/manoj/ros2_ws/install/pilz_industrial_motion_planner/share/ament_index/resource_index/moveit_core__pluginlib__plugin/pilz_industrial_motion_planner
[0.752s] -- Up-to-date symlink: /home/manoj/ros2_ws/install/pilz_industrial_motion_planner/share/ament_index/resource_index/moveit_ros_move_group__pluginlib__plugin/pilz_industrial_motion_planner
[0.753s] -- Up-to-date symlink: /home/manoj/ros2_ws/install/pilz_industrial_motion_planner/share/ament_index/resource_index/pilz_industrial_motion_planner__pluginlib__plugin/pilz_industrial_motion_planner
[0.753s] -- Up-to-date symlink: /home/manoj/ros2_ws/install/pilz_industrial_motion_planner/share/pilz_industrial_motion_planner/cmake/ament_cmake_export_include_directories-extras.cmake
[0.753s] -- Up-to-date symlink: /home/manoj/ros2_ws/install/pilz_industrial_motion_planner/share/pilz_industrial_motion_planner/cmake/ament_cmake_export_targets-extras.cmake
[0.753s] -- Up-to-date symlink: /home/manoj/ros2_ws/install/pilz_industrial_motion_planner/share/pilz_industrial_motion_planner/cmake/ament_cmake_export_dependencies-extras.cmake
[0.753s] -- Up-to-date symlink: /home/manoj/ros2_ws/install/pilz_industrial_motion_planner/share/pilz_industrial_motion_planner/cmake/pilz_industrial_motion_plannerConfig.cmake
[0.753s] -- Up-to-date symlink: /home/manoj/ros2_ws/install/pilz_industrial_motion_planner/share/pilz_industrial_motion_planner/cmake/pilz_industrial_motion_plannerConfig-version.cmake
[0.753s] -- Up-to-date symlink: /home/manoj/ros2_ws/install/pilz_industrial_motion_planner/share/pilz_industrial_motion_planner/package.xml
[0.754s] -- Up-to-date: /home/manoj/ros2_ws/install/pilz_industrial_motion_planner/lib/libpilz_industrial_motion_planner.so
[0.754s] -- Up-to-date: /home/manoj/ros2_ws/install/pilz_industrial_motion_planner/lib/libjoint_limits_common.so
[0.755s] -- Up-to-date: /home/manoj/ros2_ws/install/pilz_industrial_motion_planner/lib/libplanning_context_loader_base.so
[0.755s] -- Up-to-date: /home/manoj/ros2_ws/install/pilz_industrial_motion_planner/lib/libplanning_context_loader_ptp.so
[0.755s] -- Up-to-date: /home/manoj/ros2_ws/install/pilz_industrial_motion_planner/lib/libplanning_context_loader_lin.so
[0.756s] -- Up-to-date: /home/manoj/ros2_ws/install/pilz_industrial_motion_planner/lib/libplanning_context_loader_circ.so
[0.756s] -- Up-to-date: /home/manoj/ros2_ws/install/pilz_industrial_motion_planner/lib/libcommand_list_manager.so
[0.756s] -- Up-to-date: /home/manoj/ros2_ws/install/pilz_industrial_motion_planner/lib/libsequence_capability.so
[0.757s] -- Up-to-date: /home/manoj/ros2_ws/install/pilz_industrial_motion_planner/lib/libtrajectory_generation_common.so
[0.759s] -- Up-to-date: /home/manoj/ros2_ws/install/pilz_industrial_motion_planner/share/pilz_industrial_motion_planner/cmake/pilz_industrial_motion_plannerTargetsExport.cmake
[0.759s] -- Up-to-date: /home/manoj/ros2_ws/install/pilz_industrial_motion_planner/share/pilz_industrial_motion_planner/cmake/pilz_industrial_motion_plannerTargetsExport-release.cmake
[0.760s] Invoked command in '/home/manoj/ros2_ws/build/pilz_industrial_motion_planner' returned '0': AMENT_PREFIX_PATH=/home/manoj/ros2_ws/install/moveit_configs_utils:/home/manoj/ros2_ws/install/my_mobile_manipulator_bringup:/home/manoj/ros2_ws/install/ur_description:/home/manoj/ros2_ws/install/pilz_industrial_motion_planner_testutils:/home/manoj/ros2_ws/install/moveit_runtime:/home/manoj/ros2_ws/install/moveit:/home/manoj/ros2_ws/install/moveit_planners:/home/manoj/ros2_ws/install/pilz_industrial_motion_planner:/home/manoj/ros2_ws/install/my_mobile_manipulator_description:/home/manoj/ros2_ws/install/moveit_ros_control_interface:/home/manoj/ros2_ws/install/moveit_plugins:/home/manoj/ros2_ws/install/moveit_simple_controller_manager:/home/manoj/ros2_ws/install/moveit_setup_assistant:/home/manoj/ros2_ws/install/moveit_setup_srdf_plugins:/home/manoj/ros2_ws/install/moveit_setup_core_plugins:/home/manoj/ros2_ws/install/moveit_setup_controllers:/home/manoj/ros2_ws/install/moveit_setup_app_plugins:/home/manoj/ros2_ws/install/moveit_setup_framework:/home/manoj/ros2_ws/install/moveit_servo:/home/manoj/ros2_ws/install/moveit_ros:/home/manoj/ros2_ws/install/moveit_ros_visualization:/home/manoj/ros2_ws/install/moveit_hybrid_planning:/home/manoj/ros2_ws/install/moveit_ros_planning_interface:/home/manoj/ros2_ws/install/moveit_ros_benchmarks:/home/manoj/ros2_ws/install/moveit_ros_warehouse:/home/manoj/ros2_ws/install/moveit_ros_robot_interaction:/home/manoj/ros2_ws/install/moveit_ros_perception:/home/manoj/ros2_ws/install/moveit_resources_prbt_pg70_support:/home/manoj/ros2_ws/install/moveit_resources_prbt_moveit_config:/home/manoj/ros2_ws/install/moveit_ros_move_group:/home/manoj/ros2_ws/install/moveit_planners_ompl:/home/manoj/ros2_ws/install/moveit_ros_planning:/home/manoj/ros2_ws/install/moveit_ros_occupancy_map_monitor:/home/manoj/ros2_ws/install/moveit_resources_prbt_support:/home/manoj/ros2_ws/install/moveit_resources_prbt_ikfast_manipulator_plugin:/home/manoj/ros2_ws/install/moveit_resources:/home/manoj/ros2_ws/install/moveit_resources_pr2_description:/home/manoj/ros2_ws/install/moveit_resources_panda_moveit_config:/home/manoj/ros2_ws/install/dual_arm_panda_moveit_config:/home/manoj/ros2_ws/install/moveit_resources_panda_description:/home/manoj/ros2_ws/install/moveit_resources_fanuc_moveit_config:/home/manoj/ros2_ws/install/moveit_resources_fanuc_description:/home/manoj/ros2_ws/install/moveit_planners_chomp:/home/manoj/ros2_ws/install/moveit_kinematics:/home/manoj/ros2_ws/install/moveit_chomp_optimizer_adapter:/home/manoj/ros2_ws/install/chomp_motion_planner:/home/manoj/ros2_ws/install/moveit_core:/home/manoj/ros2_ws/install/moveit_common:/opt/ros/humble CMAKE_PREFIX_PATH=/home/manoj/ros2_ws/install/moveit_resources_prbt_pg70_support:/home/manoj/ros2_ws/install/moveit_ros_planning_interface:/home/manoj/ros2_ws/install/moveit_resources_prbt_moveit_config:/home/manoj/ros2_ws/install/moveit_ros_move_group:/home/manoj/ros2_ws/install/moveit_ros_warehouse:/home/manoj/ros2_ws/install/moveit_planners_ompl:/home/manoj/ros2_ws/install/moveit_kinematics:/home/manoj/ros2_ws/install/moveit_ros_planning:/home/manoj/ros2_ws/install/pilz_industrial_motion_planner_testutils:/home/manoj/ros2_ws/install/moveit_simple_controller_manager:/home/manoj/ros2_ws/install/moveit_ros_occupancy_map_monitor:/home/manoj/ros2_ws/install/moveit_resources_prbt_ikfast_manipulator_plugin:/home/manoj/ros2_ws/install/moveit_core:/home/manoj/ros2_ws/install/moveit_resources_panda_moveit_config:/home/manoj/ros2_ws/install/moveit_resources_fanuc_moveit_config:/home/manoj/ros2_ws/install/moveit_resources_prbt_support:/home/manoj/ros2_ws/install/moveit_resources_pr2_description:/home/manoj/ros2_ws/install/moveit_resources_panda_description:/home/manoj/ros2_ws/install/moveit_resources_fanuc_description:/home/manoj/ros2_ws/install/moveit_common:/home/manoj/ros2_ws/install/ur_description:/home/manoj/ros2_ws/install/moveit_runtime:/home/manoj/ros2_ws/install/moveit:/home/manoj/ros2_ws/install/moveit_planners:/home/manoj/ros2_ws/install/pilz_industrial_motion_planner:/home/manoj/ros2_ws/install/my_mobile_manipulator_description:/home/manoj/ros2_ws/install/moveit_ros_control_interface:/home/manoj/ros2_ws/install/moveit_plugins:/home/manoj/ros2_ws/install/moveit_setup_assistant:/home/manoj/ros2_ws/install/moveit_setup_srdf_plugins:/home/manoj/ros2_ws/install/moveit_setup_core_plugins:/home/manoj/ros2_ws/install/moveit_setup_controllers:/home/manoj/ros2_ws/install/moveit_setup_app_plugins:/home/manoj/ros2_ws/install/moveit_setup_framework:/home/manoj/ros2_ws/install/moveit_servo:/home/manoj/ros2_ws/install/moveit_ros:/home/manoj/ros2_ws/install/moveit_ros_visualization:/home/manoj/ros2_ws/install/moveit_hybrid_planning:/home/manoj/ros2_ws/install/moveit_ros_benchmarks:/home/manoj/ros2_ws/install/moveit_ros_robot_interaction:/home/manoj/ros2_ws/install/moveit_ros_perception:/home/manoj/ros2_ws/install/moveit_resources:/home/manoj/ros2_ws/install/dual_arm_panda_moveit_config:/home/manoj/ros2_ws/install/moveit_planners_chomp:/home/manoj/ros2_ws/install/moveit_chomp_optimizer_adapter:/home/manoj/ros2_ws/install/chomp_motion_planner:/home/manoj/ros2_ws/install/my_mobile_manipulator_bringup:/home/manoj/ros2_ws/install/moveit_configs_utils:/opt/ros/humble LD_LIBRARY_PATH=/home/manoj/ros2_ws/install/moveit_ros_planning_interface/lib:/home/manoj/ros2_ws/install/moveit_ros_move_group/lib:/home/manoj/ros2_ws/install/moveit_ros_warehouse/lib:/home/manoj/ros2_ws/install/moveit_planners_ompl/lib:/home/manoj/ros2_ws/install/moveit_kinematics/lib:/home/manoj/ros2_ws/install/moveit_ros_planning/lib:/home/manoj/ros2_ws/install/pilz_industrial_motion_planner_testutils/lib:/home/manoj/ros2_ws/install/moveit_simple_controller_manager/lib:/home/manoj/ros2_ws/install/moveit_ros_occupancy_map_monitor/lib:/home/manoj/ros2_ws/install/moveit_resources_prbt_ikfast_manipulator_plugin/lib:/home/manoj/ros2_ws/install/moveit_core/lib:/home/manoj/ros2_ws/install/pilz_industrial_motion_planner/lib:/home/manoj/ros2_ws/install/moveit_ros_control_interface/lib:/home/manoj/ros2_ws/install/moveit_setup_assistant/lib:/home/manoj/ros2_ws/install/moveit_setup_srdf_plugins/lib:/home/manoj/ros2_ws/install/moveit_setup_core_plugins/lib:/home/manoj/ros2_ws/install/moveit_setup_controllers/lib:/home/manoj/ros2_ws/install/moveit_setup_app_plugins/lib:/home/manoj/ros2_ws/install/moveit_setup_framework/lib:/home/manoj/ros2_ws/install/moveit_servo/lib:/home/manoj/ros2_ws/install/moveit_ros_visualization/lib:/home/manoj/ros2_ws/install/moveit_hybrid_planning/lib:/home/manoj/ros2_ws/install/moveit_ros_benchmarks/lib:/home/manoj/ros2_ws/install/moveit_ros_robot_interaction/lib:/home/manoj/ros2_ws/install/moveit_ros_perception/lib:/home/manoj/ros2_ws/install/moveit_planners_chomp/lib:/home/manoj/ros2_ws/install/moveit_chomp_optimizer_adapter/lib:/home/manoj/ros2_ws/install/chomp_motion_planner/lib:/usr/lib/x86_64-linux-gnu/gazebo-11/plugins:/opt/ros/humble/opt/rviz_ogre_vendor/lib:/opt/ros/humble/lib/x86_64-linux-gnu:/opt/ros/humble/lib PYTHONPATH=/home/manoj/ros2_ws/install/moveit_configs_utils/lib/python3.10/site-packages:/home/manoj/ros2_ws/install/my_mobile_manipulator_bringup/lib/python3.10/site-packages:/opt/ros/humble/lib/python3.10/site-packages:/opt/ros/humble/local/lib/python3.10/dist-packages /usr/bin/cmake --install /home/manoj/ros2_ws/build/pilz_industrial_motion_planner
