[0.037s] Invoking command in '/home/manoj/ros2_ws/build/moveit_ros_control_interface': AMENT_PREFIX_PATH=/home/manoj/ros2_ws/install/moveit_simple_controller_manager:/home/manoj/ros2_ws/install/moveit_core:/home/manoj/ros2_ws/install/moveit_resources_panda_moveit_config:/home/manoj/ros2_ws/install/moveit_resources_pr2_description:/home/manoj/ros2_ws/install/moveit_resources_panda_description:/home/manoj/ros2_ws/install/moveit_common:${AMENT_PREFIX_PATH} CMAKE_PREFIX_PATH=/home/manoj/ros2_ws/install/moveit_simple_controller_manager:/home/manoj/ros2_ws/install/moveit_core:/home/manoj/ros2_ws/install/moveit_resources_panda_moveit_config:/home/manoj/ros2_ws/install/moveit_resources_pr2_description:/home/manoj/ros2_ws/install/moveit_resources_panda_description:/home/manoj/ros2_ws/install/moveit_common:/home/manoj/ros3_ws/src/install/my_mobile_manipulator_description:/opt/ros/humble LD_LIBRARY_PATH=/home/manoj/ros2_ws/install/moveit_simple_controller_manager/lib:/home/manoj/ros2_ws/install/moveit_core/lib:${LD_LIBRARY_PATH} PATH=/home/manoj/ros2_ws/install/moveit_core/bin:${PATH} /usr/bin/cmake --build /home/manoj/ros2_ws/build/moveit_ros_control_interface -- -j12 -l12
[0.103s] [ 21%] Built target gtest
[0.103s] [ 28%] Built target gtest_main
[0.106s] [ 42%] Built target moveit_ros_control_interface_trajectory_plugin
[0.107s] [ 57%] Built target moveit_ros_control_interface_empty_plugin
[0.109s] [ 71%] Built target moveit_ros_control_interface_plugin
[0.112s] [ 85%] Built target moveit_ros_control_interface_gripper_plugin
[0.153s] [100%] Built target test_controller_manager_plugin
[0.184s] Invoked command in '/home/manoj/ros2_ws/build/moveit_ros_control_interface' returned '0': AMENT_PREFIX_PATH=/home/manoj/ros2_ws/install/moveit_simple_controller_manager:/home/manoj/ros2_ws/install/moveit_core:/home/manoj/ros2_ws/install/moveit_resources_panda_moveit_config:/home/manoj/ros2_ws/install/moveit_resources_pr2_description:/home/manoj/ros2_ws/install/moveit_resources_panda_description:/home/manoj/ros2_ws/install/moveit_common:${AMENT_PREFIX_PATH} CMAKE_PREFIX_PATH=/home/manoj/ros2_ws/install/moveit_simple_controller_manager:/home/manoj/ros2_ws/install/moveit_core:/home/manoj/ros2_ws/install/moveit_resources_panda_moveit_config:/home/manoj/ros2_ws/install/moveit_resources_pr2_description:/home/manoj/ros2_ws/install/moveit_resources_panda_description:/home/manoj/ros2_ws/install/moveit_common:/home/manoj/ros3_ws/src/install/my_mobile_manipulator_description:/opt/ros/humble LD_LIBRARY_PATH=/home/manoj/ros2_ws/install/moveit_simple_controller_manager/lib:/home/manoj/ros2_ws/install/moveit_core/lib:${LD_LIBRARY_PATH} PATH=/home/manoj/ros2_ws/install/moveit_core/bin:${PATH} /usr/bin/cmake --build /home/manoj/ros2_ws/build/moveit_ros_control_interface -- -j12 -l12
[0.185s] Invoking command in '/home/manoj/ros2_ws/build/moveit_ros_control_interface': AMENT_PREFIX_PATH=/home/manoj/ros2_ws/install/moveit_simple_controller_manager:/home/manoj/ros2_ws/install/moveit_core:/home/manoj/ros2_ws/install/moveit_resources_panda_moveit_config:/home/manoj/ros2_ws/install/moveit_resources_pr2_description:/home/manoj/ros2_ws/install/moveit_resources_panda_description:/home/manoj/ros2_ws/install/moveit_common:${AMENT_PREFIX_PATH} CMAKE_PREFIX_PATH=/home/manoj/ros2_ws/install/moveit_simple_controller_manager:/home/manoj/ros2_ws/install/moveit_core:/home/manoj/ros2_ws/install/moveit_resources_panda_moveit_config:/home/manoj/ros2_ws/install/moveit_resources_pr2_description:/home/manoj/ros2_ws/install/moveit_resources_panda_description:/home/manoj/ros2_ws/install/moveit_common:/home/manoj/ros3_ws/src/install/my_mobile_manipulator_description:/opt/ros/humble LD_LIBRARY_PATH=/home/manoj/ros2_ws/install/moveit_simple_controller_manager/lib:/home/manoj/ros2_ws/install/moveit_core/lib:${LD_LIBRARY_PATH} PATH=/home/manoj/ros2_ws/install/moveit_core/bin:${PATH} /usr/bin/cmake --install /home/manoj/ros2_ws/build/moveit_ros_control_interface
[0.198s] -- Install configuration: "Release"
[0.198s] -- Execute custom install script
[0.198s] -- Up-to-date symlink: /home/manoj/ros2_ws/install/moveit_ros_control_interface/include/moveit_ros_control_interface/ControllerHandle.h
[0.199s] -- Up-to-date symlink: /home/manoj/ros2_ws/install/moveit_ros_control_interface/share/moveit_ros_control_interface//moveit_core_plugins.xml
[0.199s] -- Up-to-date symlink: /home/manoj/ros2_ws/install/moveit_ros_control_interface/share/moveit_ros_control_interface//moveit_ros_control_interface_plugins.xml
[0.199s] -- Up-to-date symlink: /home/manoj/ros2_ws/install/moveit_ros_control_interface/share/moveit_ros_control_interface/environment/library_path.sh
[0.199s] -- Up-to-date symlink: /home/manoj/ros2_ws/install/moveit_ros_control_interface/share/moveit_ros_control_interface/environment/library_path.dsv
[0.199s] -- Up-to-date symlink: /home/manoj/ros2_ws/install/moveit_ros_control_interface/share/ament_index/resource_index/package_run_dependencies/moveit_ros_control_interface
[0.199s] -- Up-to-date symlink: /home/manoj/ros2_ws/install/moveit_ros_control_interface/share/ament_index/resource_index/parent_prefix_path/moveit_ros_control_interface
[0.199s] -- Up-to-date symlink: /home/manoj/ros2_ws/install/moveit_ros_control_interface/share/moveit_ros_control_interface/environment/ament_prefix_path.sh
[0.199s] -- Up-to-date symlink: /home/manoj/ros2_ws/install/moveit_ros_control_interface/share/moveit_ros_control_interface/environment/ament_prefix_path.dsv
[0.199s] -- Up-to-date symlink: /home/manoj/ros2_ws/install/moveit_ros_control_interface/share/moveit_ros_control_interface/environment/path.sh
[0.199s] -- Up-to-date symlink: /home/manoj/ros2_ws/install/moveit_ros_control_interface/share/moveit_ros_control_interface/environment/path.dsv
[0.200s] -- Up-to-date symlink: /home/manoj/ros2_ws/install/moveit_ros_control_interface/share/moveit_ros_control_interface/local_setup.bash
[0.200s] -- Up-to-date symlink: /home/manoj/ros2_ws/install/moveit_ros_control_interface/share/moveit_ros_control_interface/local_setup.sh
[0.201s] -- Up-to-date symlink: /home/manoj/ros2_ws/install/moveit_ros_control_interface/share/moveit_ros_control_interface/local_setup.zsh
[0.201s] -- Up-to-date symlink: /home/manoj/ros2_ws/install/moveit_ros_control_interface/share/moveit_ros_control_interface/local_setup.dsv
[0.201s] -- Symlinking: /home/manoj/ros2_ws/install/moveit_ros_control_interface/share/moveit_ros_control_interface/package.dsv
[0.210s] -- Up-to-date symlink: /home/manoj/ros2_ws/install/moveit_ros_control_interface/share/ament_index/resource_index/packages/moveit_ros_control_interface
[0.210s] -- Up-to-date symlink: /home/manoj/ros2_ws/install/moveit_ros_control_interface/share/ament_index/resource_index/moveit_core__pluginlib__plugin/moveit_ros_control_interface
[0.210s] -- Up-to-date symlink: /home/manoj/ros2_ws/install/moveit_ros_control_interface/share/ament_index/resource_index/moveit_ros_control_interface__pluginlib__plugin/moveit_ros_control_interface
[0.212s] -- Up-to-date symlink: /home/manoj/ros2_ws/install/moveit_ros_control_interface/share/moveit_ros_control_interface/cmake/ConfigExtras.cmake
[0.212s] -- Up-to-date symlink: /home/manoj/ros2_ws/install/moveit_ros_control_interface/share/moveit_ros_control_interface/cmake/ament_cmake_export_targets-extras.cmake
[0.212s] -- Up-to-date symlink: /home/manoj/ros2_ws/install/moveit_ros_control_interface/share/moveit_ros_control_interface/cmake/ament_cmake_export_dependencies-extras.cmake
[0.212s] -- Up-to-date symlink: /home/manoj/ros2_ws/install/moveit_ros_control_interface/share/moveit_ros_control_interface/cmake/moveit_ros_control_interfaceConfig.cmake
[0.212s] -- Up-to-date symlink: /home/manoj/ros2_ws/install/moveit_ros_control_interface/share/moveit_ros_control_interface/cmake/moveit_ros_control_interfaceConfig-version.cmake
[0.212s] -- Up-to-date symlink: /home/manoj/ros2_ws/install/moveit_ros_control_interface/share/moveit_ros_control_interface/package.xml
[0.213s] -- Up-to-date: /home/manoj/ros2_ws/install/moveit_ros_control_interface/lib/libmoveit_ros_control_interface_plugin.so.2.5.9
[0.213s] -- Up-to-date: /home/manoj/ros2_ws/install/moveit_ros_control_interface/lib/libmoveit_ros_control_interface_plugin.so
[0.213s] -- Up-to-date: /home/manoj/ros2_ws/install/moveit_ros_control_interface/lib/libmoveit_ros_control_interface_trajectory_plugin.so.2.5.9
[0.213s] -- Up-to-date: /home/manoj/ros2_ws/install/moveit_ros_control_interface/lib/libmoveit_ros_control_interface_trajectory_plugin.so
[0.213s] -- Up-to-date: /home/manoj/ros2_ws/install/moveit_ros_control_interface/lib/libmoveit_ros_control_interface_gripper_plugin.so.2.5.9
[0.213s] -- Up-to-date: /home/manoj/ros2_ws/install/moveit_ros_control_interface/lib/libmoveit_ros_control_interface_gripper_plugin.so
[0.213s] -- Up-to-date: /home/manoj/ros2_ws/install/moveit_ros_control_interface/lib/libmoveit_ros_control_interface_empty_plugin.so.2.5.9
[0.213s] -- Up-to-date: /home/manoj/ros2_ws/install/moveit_ros_control_interface/lib/libmoveit_ros_control_interface_empty_plugin.so
[0.213s] -- Up-to-date: /home/manoj/ros2_ws/install/moveit_ros_control_interface/share/moveit_ros_control_interface/cmake/export_moveit_ros_control_interfaceExport.cmake
[0.213s] -- Up-to-date: /home/manoj/ros2_ws/install/moveit_ros_control_interface/share/moveit_ros_control_interface/cmake/export_moveit_ros_control_interfaceExport-release.cmake
[0.216s] Invoked command in '/home/manoj/ros2_ws/build/moveit_ros_control_interface' returned '0': AMENT_PREFIX_PATH=/home/manoj/ros2_ws/install/moveit_simple_controller_manager:/home/manoj/ros2_ws/install/moveit_core:/home/manoj/ros2_ws/install/moveit_resources_panda_moveit_config:/home/manoj/ros2_ws/install/moveit_resources_pr2_description:/home/manoj/ros2_ws/install/moveit_resources_panda_description:/home/manoj/ros2_ws/install/moveit_common:${AMENT_PREFIX_PATH} CMAKE_PREFIX_PATH=/home/manoj/ros2_ws/install/moveit_simple_controller_manager:/home/manoj/ros2_ws/install/moveit_core:/home/manoj/ros2_ws/install/moveit_resources_panda_moveit_config:/home/manoj/ros2_ws/install/moveit_resources_pr2_description:/home/manoj/ros2_ws/install/moveit_resources_panda_description:/home/manoj/ros2_ws/install/moveit_common:/home/manoj/ros3_ws/src/install/my_mobile_manipulator_description:/opt/ros/humble LD_LIBRARY_PATH=/home/manoj/ros2_ws/install/moveit_simple_controller_manager/lib:/home/manoj/ros2_ws/install/moveit_core/lib:${LD_LIBRARY_PATH} PATH=/home/manoj/ros2_ws/install/moveit_core/bin:${PATH} /usr/bin/cmake --install /home/manoj/ros2_ws/build/moveit_ros_control_interface
