[0.064s] Invoking command in '/home/manoj/ros2_ws/build/moveit_servo': AMENT_PREFIX_PATH=/home/manoj/ros2_ws/install/moveit_ros_planning_interface:/home/manoj/ros2_ws/install/moveit_ros_move_group:/home/manoj/ros2_ws/install/moveit_ros_warehouse:/home/manoj/ros2_ws/install/moveit_planners_ompl:/home/manoj/ros2_ws/install/moveit_kinematics:/home/manoj/ros2_ws/install/moveit_ros_planning:/home/manoj/ros2_ws/install/moveit_simple_controller_manager:/home/manoj/ros2_ws/install/moveit_ros_occupancy_map_monitor:/home/manoj/ros2_ws/install/moveit_core:/home/manoj/ros2_ws/install/moveit_resources_panda_moveit_config:/home/manoj/ros2_ws/install/moveit_resources_fanuc_moveit_config:/home/manoj/ros2_ws/install/moveit_resources_pr2_description:/home/manoj/ros2_ws/install/moveit_resources_panda_description:/home/manoj/ros2_ws/install/moveit_resources_fanuc_description:/home/manoj/ros2_ws/install/moveit_configs_utils:/home/manoj/ros2_ws/install/moveit_common:${AMENT_PREFIX_PATH} CMAKE_PREFIX_PATH=/home/manoj/ros2_ws/install/moveit_ros_planning_interface:/home/manoj/ros2_ws/install/moveit_ros_move_group:/home/manoj/ros2_ws/install/moveit_ros_warehouse:/home/manoj/ros2_ws/install/moveit_planners_ompl:/home/manoj/ros2_ws/install/moveit_kinematics:/home/manoj/ros2_ws/install/moveit_ros_planning:/home/manoj/ros2_ws/install/moveit_simple_controller_manager:/home/manoj/ros2_ws/install/moveit_ros_occupancy_map_monitor:/home/manoj/ros2_ws/install/moveit_core:/home/manoj/ros2_ws/install/moveit_resources_panda_moveit_config:/home/manoj/ros2_ws/install/moveit_resources_fanuc_moveit_config:/home/manoj/ros2_ws/install/moveit_resources_pr2_description:/home/manoj/ros2_ws/install/moveit_resources_panda_description:/home/manoj/ros2_ws/install/moveit_resources_fanuc_description:/home/manoj/ros2_ws/install/moveit_common:/home/manoj/ros3_ws/src/install/my_mobile_manipulator_description:/opt/ros/humble LD_LIBRARY_PATH=/home/manoj/ros2_ws/install/moveit_ros_planning_interface/lib:/home/manoj/ros2_ws/install/moveit_ros_move_group/lib:/home/manoj/ros2_ws/install/moveit_ros_warehouse/lib:/home/manoj/ros2_ws/install/moveit_planners_ompl/lib:/home/manoj/ros2_ws/install/moveit_kinematics/lib:/home/manoj/ros2_ws/install/moveit_ros_planning/lib:/home/manoj/ros2_ws/install/moveit_simple_controller_manager/lib:/home/manoj/ros2_ws/install/moveit_ros_occupancy_map_monitor/lib:/home/manoj/ros2_ws/install/moveit_core/lib:${LD_LIBRARY_PATH} PATH=/home/manoj/ros2_ws/install/moveit_core/bin:${PATH} PYTHONPATH=/home/manoj/ros2_ws/install/moveit_configs_utils/lib/python3.10/site-packages:${PYTHONPATH} /usr/bin/cmake --build /home/manoj/ros2_ws/build/moveit_servo -- -j12 -l12
[0.173s] [  6%] Built target servo_controller_input
[0.177s] [ 12%] Built target gtest_main
[0.183s] [ 18%] Built target gtest
[0.189s] [ 27%] Built target moveit_servo_lib_parameters
[0.192s] [ 33%] Built target fake_command_publisher
[0.257s] [ 39%] Built target test_servo_collision
[0.270s] [ 54%] Built target test_servo_integration
[0.271s] [ 63%] Built target moveit_servo_lib
[0.322s] [ 69%] Built target servo_node
[0.340s] [ 75%] Built target servo_calcs_unit_tests
[0.342s] [ 81%] Built target pose_tracking
[0.409s] [ 93%] Built target test_servo_pose_tracking
[0.409s] [ 93%] Built target servo_node_main
[0.429s] [100%] Built target servo_pose_tracking_demo
[0.447s] Invoked command in '/home/manoj/ros2_ws/build/moveit_servo' returned '0': AMENT_PREFIX_PATH=/home/manoj/ros2_ws/install/moveit_ros_planning_interface:/home/manoj/ros2_ws/install/moveit_ros_move_group:/home/manoj/ros2_ws/install/moveit_ros_warehouse:/home/manoj/ros2_ws/install/moveit_planners_ompl:/home/manoj/ros2_ws/install/moveit_kinematics:/home/manoj/ros2_ws/install/moveit_ros_planning:/home/manoj/ros2_ws/install/moveit_simple_controller_manager:/home/manoj/ros2_ws/install/moveit_ros_occupancy_map_monitor:/home/manoj/ros2_ws/install/moveit_core:/home/manoj/ros2_ws/install/moveit_resources_panda_moveit_config:/home/manoj/ros2_ws/install/moveit_resources_fanuc_moveit_config:/home/manoj/ros2_ws/install/moveit_resources_pr2_description:/home/manoj/ros2_ws/install/moveit_resources_panda_description:/home/manoj/ros2_ws/install/moveit_resources_fanuc_description:/home/manoj/ros2_ws/install/moveit_configs_utils:/home/manoj/ros2_ws/install/moveit_common:${AMENT_PREFIX_PATH} CMAKE_PREFIX_PATH=/home/manoj/ros2_ws/install/moveit_ros_planning_interface:/home/manoj/ros2_ws/install/moveit_ros_move_group:/home/manoj/ros2_ws/install/moveit_ros_warehouse:/home/manoj/ros2_ws/install/moveit_planners_ompl:/home/manoj/ros2_ws/install/moveit_kinematics:/home/manoj/ros2_ws/install/moveit_ros_planning:/home/manoj/ros2_ws/install/moveit_simple_controller_manager:/home/manoj/ros2_ws/install/moveit_ros_occupancy_map_monitor:/home/manoj/ros2_ws/install/moveit_core:/home/manoj/ros2_ws/install/moveit_resources_panda_moveit_config:/home/manoj/ros2_ws/install/moveit_resources_fanuc_moveit_config:/home/manoj/ros2_ws/install/moveit_resources_pr2_description:/home/manoj/ros2_ws/install/moveit_resources_panda_description:/home/manoj/ros2_ws/install/moveit_resources_fanuc_description:/home/manoj/ros2_ws/install/moveit_common:/home/manoj/ros3_ws/src/install/my_mobile_manipulator_description:/opt/ros/humble LD_LIBRARY_PATH=/home/manoj/ros2_ws/install/moveit_ros_planning_interface/lib:/home/manoj/ros2_ws/install/moveit_ros_move_group/lib:/home/manoj/ros2_ws/install/moveit_ros_warehouse/lib:/home/manoj/ros2_ws/install/moveit_planners_ompl/lib:/home/manoj/ros2_ws/install/moveit_kinematics/lib:/home/manoj/ros2_ws/install/moveit_ros_planning/lib:/home/manoj/ros2_ws/install/moveit_simple_controller_manager/lib:/home/manoj/ros2_ws/install/moveit_ros_occupancy_map_monitor/lib:/home/manoj/ros2_ws/install/moveit_core/lib:${LD_LIBRARY_PATH} PATH=/home/manoj/ros2_ws/install/moveit_core/bin:${PATH} PYTHONPATH=/home/manoj/ros2_ws/install/moveit_configs_utils/lib/python3.10/site-packages:${PYTHONPATH} /usr/bin/cmake --build /home/manoj/ros2_ws/build/moveit_servo -- -j12 -l12
[0.449s] Invoking command in '/home/manoj/ros2_ws/build/moveit_servo': AMENT_PREFIX_PATH=/home/manoj/ros2_ws/install/moveit_ros_planning_interface:/home/manoj/ros2_ws/install/moveit_ros_move_group:/home/manoj/ros2_ws/install/moveit_ros_warehouse:/home/manoj/ros2_ws/install/moveit_planners_ompl:/home/manoj/ros2_ws/install/moveit_kinematics:/home/manoj/ros2_ws/install/moveit_ros_planning:/home/manoj/ros2_ws/install/moveit_simple_controller_manager:/home/manoj/ros2_ws/install/moveit_ros_occupancy_map_monitor:/home/manoj/ros2_ws/install/moveit_core:/home/manoj/ros2_ws/install/moveit_resources_panda_moveit_config:/home/manoj/ros2_ws/install/moveit_resources_fanuc_moveit_config:/home/manoj/ros2_ws/install/moveit_resources_pr2_description:/home/manoj/ros2_ws/install/moveit_resources_panda_description:/home/manoj/ros2_ws/install/moveit_resources_fanuc_description:/home/manoj/ros2_ws/install/moveit_configs_utils:/home/manoj/ros2_ws/install/moveit_common:${AMENT_PREFIX_PATH} CMAKE_PREFIX_PATH=/home/manoj/ros2_ws/install/moveit_ros_planning_interface:/home/manoj/ros2_ws/install/moveit_ros_move_group:/home/manoj/ros2_ws/install/moveit_ros_warehouse:/home/manoj/ros2_ws/install/moveit_planners_ompl:/home/manoj/ros2_ws/install/moveit_kinematics:/home/manoj/ros2_ws/install/moveit_ros_planning:/home/manoj/ros2_ws/install/moveit_simple_controller_manager:/home/manoj/ros2_ws/install/moveit_ros_occupancy_map_monitor:/home/manoj/ros2_ws/install/moveit_core:/home/manoj/ros2_ws/install/moveit_resources_panda_moveit_config:/home/manoj/ros2_ws/install/moveit_resources_fanuc_moveit_config:/home/manoj/ros2_ws/install/moveit_resources_pr2_description:/home/manoj/ros2_ws/install/moveit_resources_panda_description:/home/manoj/ros2_ws/install/moveit_resources_fanuc_description:/home/manoj/ros2_ws/install/moveit_common:/home/manoj/ros3_ws/src/install/my_mobile_manipulator_description:/opt/ros/humble LD_LIBRARY_PATH=/home/manoj/ros2_ws/install/moveit_ros_planning_interface/lib:/home/manoj/ros2_ws/install/moveit_ros_move_group/lib:/home/manoj/ros2_ws/install/moveit_ros_warehouse/lib:/home/manoj/ros2_ws/install/moveit_planners_ompl/lib:/home/manoj/ros2_ws/install/moveit_kinematics/lib:/home/manoj/ros2_ws/install/moveit_ros_planning/lib:/home/manoj/ros2_ws/install/moveit_simple_controller_manager/lib:/home/manoj/ros2_ws/install/moveit_ros_occupancy_map_monitor/lib:/home/manoj/ros2_ws/install/moveit_core/lib:${LD_LIBRARY_PATH} PATH=/home/manoj/ros2_ws/install/moveit_core/bin:${PATH} PYTHONPATH=/home/manoj/ros2_ws/install/moveit_configs_utils/lib/python3.10/site-packages:${PYTHONPATH} /usr/bin/cmake --install /home/manoj/ros2_ws/build/moveit_servo
[0.458s] -- Install configuration: "Release"
[0.458s] -- Execute custom install script
[0.459s] -- Up-to-date symlink: /home/manoj/ros2_ws/install/moveit_servo/lib/moveit_servo/servo_node_main
[0.459s] -- Up-to-date symlink: /home/manoj/ros2_ws/install/moveit_servo/lib/moveit_servo/servo_pose_tracking_demo
[0.459s] -- Up-to-date symlink: /home/manoj/ros2_ws/install/moveit_servo/lib/moveit_servo/fake_command_publisher
[0.460s] -- Up-to-date symlink: /home/manoj/ros2_ws/install/moveit_servo/include/moveit_servo/collision_check.h
[0.461s] -- Up-to-date symlink: /home/manoj/ros2_ws/install/moveit_servo/include/moveit_servo/enforce_limits.hpp
[0.461s] -- Up-to-date symlink: /home/manoj/ros2_ws/install/moveit_servo/include/moveit_servo/make_shared_from_pool.h
[0.461s] -- Up-to-date symlink: /home/manoj/ros2_ws/install/moveit_servo/include/moveit_servo/parameter_descriptor_builder.hpp
[0.461s] -- Up-to-date symlink: /home/manoj/ros2_ws/install/moveit_servo/include/moveit_servo/pose_tracking.h
[0.461s] -- Up-to-date symlink: /home/manoj/ros2_ws/install/moveit_servo/include/moveit_servo/servo.h
[0.461s] -- Up-to-date symlink: /home/manoj/ros2_ws/install/moveit_servo/include/moveit_servo/servo_calcs.h
[0.461s] -- Up-to-date symlink: /home/manoj/ros2_ws/install/moveit_servo/include/moveit_servo/servo_node.h
[0.461s] -- Up-to-date symlink: /home/manoj/ros2_ws/install/moveit_servo/include/moveit_servo/servo_parameters.h
[0.463s] -- Up-to-date symlink: /home/manoj/ros2_ws/install/moveit_servo/include/moveit_servo/servo_server.h
[0.463s] -- Up-to-date symlink: /home/manoj/ros2_ws/install/moveit_servo/include/moveit_servo/status_codes.h
[0.463s] -- Up-to-date symlink: /home/manoj/ros2_ws/install/moveit_servo/include/moveit_servo/utilities.h
[0.463s] -- Up-to-date symlink: /home/manoj/ros2_ws/install/moveit_servo/share/moveit_servo/launch/pose_tracking_example.launch.py
[0.463s] -- Up-to-date symlink: /home/manoj/ros2_ws/install/moveit_servo/share/moveit_servo/launch/servo_example.launch.py
[0.464s] -- Up-to-date symlink: /home/manoj/ros2_ws/install/moveit_servo/share/moveit_servo/config/demo_rviz_config.rviz
[0.465s] -- Up-to-date symlink: /home/manoj/ros2_ws/install/moveit_servo/share/moveit_servo/config/demo_rviz_pose_tracking.rviz
[0.465s] -- Up-to-date symlink: /home/manoj/ros2_ws/install/moveit_servo/share/moveit_servo/config/panda_simulated_config.yaml
[0.465s] -- Up-to-date symlink: /home/manoj/ros2_ws/install/moveit_servo/share/moveit_servo/config/panda_simulated_config_pose_tracking.yaml
[0.465s] -- Up-to-date symlink: /home/manoj/ros2_ws/install/moveit_servo/share/moveit_servo/config/pose_tracking_settings.yaml
[0.465s] -- Up-to-date symlink: /home/manoj/ros2_ws/install/moveit_servo/share/moveit_servo/environment/library_path.sh
[0.465s] -- Up-to-date symlink: /home/manoj/ros2_ws/install/moveit_servo/share/moveit_servo/environment/library_path.dsv
[0.466s] -- Up-to-date symlink: /home/manoj/ros2_ws/install/moveit_servo/share/ament_index/resource_index/package_run_dependencies/moveit_servo
[0.466s] -- Up-to-date symlink: /home/manoj/ros2_ws/install/moveit_servo/share/ament_index/resource_index/parent_prefix_path/moveit_servo
[0.466s] -- Up-to-date symlink: /home/manoj/ros2_ws/install/moveit_servo/share/moveit_servo/environment/ament_prefix_path.sh
[0.466s] -- Up-to-date symlink: /home/manoj/ros2_ws/install/moveit_servo/share/moveit_servo/environment/ament_prefix_path.dsv
[0.467s] -- Up-to-date symlink: /home/manoj/ros2_ws/install/moveit_servo/share/moveit_servo/environment/path.sh
[0.467s] -- Up-to-date symlink: /home/manoj/ros2_ws/install/moveit_servo/share/moveit_servo/environment/path.dsv
[0.467s] -- Up-to-date symlink: /home/manoj/ros2_ws/install/moveit_servo/share/moveit_servo/local_setup.bash
[0.467s] -- Up-to-date symlink: /home/manoj/ros2_ws/install/moveit_servo/share/moveit_servo/local_setup.sh
[0.467s] -- Up-to-date symlink: /home/manoj/ros2_ws/install/moveit_servo/share/moveit_servo/local_setup.zsh
[0.467s] -- Up-to-date symlink: /home/manoj/ros2_ws/install/moveit_servo/share/moveit_servo/local_setup.dsv
[0.467s] -- Symlinking: /home/manoj/ros2_ws/install/moveit_servo/share/moveit_servo/package.dsv
[0.474s] -- Up-to-date symlink: /home/manoj/ros2_ws/install/moveit_servo/share/ament_index/resource_index/packages/moveit_servo
[0.474s] -- Up-to-date symlink: /home/manoj/ros2_ws/install/moveit_servo/share/ament_index/resource_index/rclcpp_components/moveit_servo
[0.474s] -- Up-to-date symlink: /home/manoj/ros2_ws/install/moveit_servo/share/moveit_servo/cmake/ament_cmake_export_targets-extras.cmake
[0.476s] -- Up-to-date symlink: /home/manoj/ros2_ws/install/moveit_servo/share/moveit_servo/cmake/ament_cmake_export_dependencies-extras.cmake
[0.476s] -- Up-to-date symlink: /home/manoj/ros2_ws/install/moveit_servo/share/moveit_servo/cmake/moveit_servoConfig.cmake
[0.476s] -- Up-to-date symlink: /home/manoj/ros2_ws/install/moveit_servo/share/moveit_servo/cmake/moveit_servoConfig-version.cmake
[0.476s] -- Up-to-date symlink: /home/manoj/ros2_ws/install/moveit_servo/share/moveit_servo/package.xml
[0.476s] -- Up-to-date: /home/manoj/ros2_ws/install/moveit_servo/lib/libmoveit_servo_lib.so.2.5.9
[0.476s] -- Up-to-date: /home/manoj/ros2_ws/install/moveit_servo/lib/libmoveit_servo_lib.so
[0.476s] -- Up-to-date: /home/manoj/ros2_ws/install/moveit_servo/lib/libmoveit_servo_lib_parameters.so.2.5.9
[0.477s] -- Up-to-date: /home/manoj/ros2_ws/install/moveit_servo/lib/libmoveit_servo_lib_parameters.so
[0.477s] -- Up-to-date: /home/manoj/ros2_ws/install/moveit_servo/lib/libpose_tracking.so
[0.477s] -- Up-to-date: /home/manoj/ros2_ws/install/moveit_servo/lib/libservo_node.so
[0.477s] -- Up-to-date: /home/manoj/ros2_ws/install/moveit_servo/lib/libservo_controller_input.so
[0.478s] -- Up-to-date: /home/manoj/ros2_ws/install/moveit_servo/share/moveit_servo/cmake/export_moveit_servoExport.cmake
[0.478s] -- Up-to-date: /home/manoj/ros2_ws/install/moveit_servo/share/moveit_servo/cmake/export_moveit_servoExport-release.cmake
[0.481s] Invoked command in '/home/manoj/ros2_ws/build/moveit_servo' returned '0': AMENT_PREFIX_PATH=/home/manoj/ros2_ws/install/moveit_ros_planning_interface:/home/manoj/ros2_ws/install/moveit_ros_move_group:/home/manoj/ros2_ws/install/moveit_ros_warehouse:/home/manoj/ros2_ws/install/moveit_planners_ompl:/home/manoj/ros2_ws/install/moveit_kinematics:/home/manoj/ros2_ws/install/moveit_ros_planning:/home/manoj/ros2_ws/install/moveit_simple_controller_manager:/home/manoj/ros2_ws/install/moveit_ros_occupancy_map_monitor:/home/manoj/ros2_ws/install/moveit_core:/home/manoj/ros2_ws/install/moveit_resources_panda_moveit_config:/home/manoj/ros2_ws/install/moveit_resources_fanuc_moveit_config:/home/manoj/ros2_ws/install/moveit_resources_pr2_description:/home/manoj/ros2_ws/install/moveit_resources_panda_description:/home/manoj/ros2_ws/install/moveit_resources_fanuc_description:/home/manoj/ros2_ws/install/moveit_configs_utils:/home/manoj/ros2_ws/install/moveit_common:${AMENT_PREFIX_PATH} CMAKE_PREFIX_PATH=/home/manoj/ros2_ws/install/moveit_ros_planning_interface:/home/manoj/ros2_ws/install/moveit_ros_move_group:/home/manoj/ros2_ws/install/moveit_ros_warehouse:/home/manoj/ros2_ws/install/moveit_planners_ompl:/home/manoj/ros2_ws/install/moveit_kinematics:/home/manoj/ros2_ws/install/moveit_ros_planning:/home/manoj/ros2_ws/install/moveit_simple_controller_manager:/home/manoj/ros2_ws/install/moveit_ros_occupancy_map_monitor:/home/manoj/ros2_ws/install/moveit_core:/home/manoj/ros2_ws/install/moveit_resources_panda_moveit_config:/home/manoj/ros2_ws/install/moveit_resources_fanuc_moveit_config:/home/manoj/ros2_ws/install/moveit_resources_pr2_description:/home/manoj/ros2_ws/install/moveit_resources_panda_description:/home/manoj/ros2_ws/install/moveit_resources_fanuc_description:/home/manoj/ros2_ws/install/moveit_common:/home/manoj/ros3_ws/src/install/my_mobile_manipulator_description:/opt/ros/humble LD_LIBRARY_PATH=/home/manoj/ros2_ws/install/moveit_ros_planning_interface/lib:/home/manoj/ros2_ws/install/moveit_ros_move_group/lib:/home/manoj/ros2_ws/install/moveit_ros_warehouse/lib:/home/manoj/ros2_ws/install/moveit_planners_ompl/lib:/home/manoj/ros2_ws/install/moveit_kinematics/lib:/home/manoj/ros2_ws/install/moveit_ros_planning/lib:/home/manoj/ros2_ws/install/moveit_simple_controller_manager/lib:/home/manoj/ros2_ws/install/moveit_ros_occupancy_map_monitor/lib:/home/manoj/ros2_ws/install/moveit_core/lib:${LD_LIBRARY_PATH} PATH=/home/manoj/ros2_ws/install/moveit_core/bin:${PATH} PYTHONPATH=/home/manoj/ros2_ws/install/moveit_configs_utils/lib/python3.10/site-packages:${PYTHONPATH} /usr/bin/cmake --install /home/manoj/ros2_ws/build/moveit_servo
