[0.043s] Invoking command in '/home/manoj/ros2_ws/build/moveit_common': CMAKE_PREFIX_PATH=/opt/ros/humble /usr/bin/cmake /home/manoj/ros2_ws/src/moveit2/moveit_common -DCMAKE_BUILD_TYPE=Release -DCMAKE_INSTALL_PREFIX=/home/manoj/ros2_ws/install/moveit_common
[0.333s] -- Found ament_cmake: 1.3.11 (/opt/ros/humble/share/ament_cmake/cmake)
[0.333s] -- Override CMake install command with custom implementation using symlinks instead of copying resources
[0.333s] -- Found ament_lint_auto: 0.12.12 (/opt/ros/humble/share/ament_lint_auto/cmake)
[0.333s] -- Added test 'copyright' to check source files copyright and LICENSE
[0.334s] -- Added test 'lint_cmake' to check CMake code style
[0.334s] -- Added test 'xmllint' to check XML markup files
[0.334s] -- Configuring done
[0.334s] -- Generating done
[0.334s] -- Build files have been written to: /home/manoj/ros2_ws/build/moveit_common
[0.344s] Invoked command in '/home/manoj/ros2_ws/build/moveit_common' returned '0': CMAKE_PREFIX_PATH=/opt/ros/humble /usr/bin/cmake /home/manoj/ros2_ws/src/moveit2/moveit_common -DCMAKE_BUILD_TYPE=Release -DCMAKE_INSTALL_PREFIX=/home/manoj/ros2_ws/install/moveit_common
[0.345s] Invoking command in '/home/manoj/ros2_ws/build/moveit_common': CMAKE_PREFIX_PATH=/opt/ros/humble /usr/bin/cmake --build /home/manoj/ros2_ws/build/moveit_common -- -j12 -l12
[0.393s] Invoked command in '/home/manoj/ros2_ws/build/moveit_common' returned '0': CMAKE_PREFIX_PATH=/opt/ros/humble /usr/bin/cmake --build /home/manoj/ros2_ws/build/moveit_common -- -j12 -l12
[0.394s] Invoking command in '/home/manoj/ros2_ws/build/moveit_common': CMAKE_PREFIX_PATH=/opt/ros/humble /usr/bin/cmake --install /home/manoj/ros2_ws/build/moveit_common
[0.402s] -- Install configuration: "Release"
[0.403s] -- Execute custom install script
[0.403s] -- Up-to-date symlink: /home/manoj/ros2_ws/install/moveit_common/share/ament_index/resource_index/package_run_dependencies/moveit_common
[0.404s] -- Up-to-date symlink: /home/manoj/ros2_ws/install/moveit_common/share/ament_index/resource_index/parent_prefix_path/moveit_common
[0.404s] -- Up-to-date symlink: /home/manoj/ros2_ws/install/moveit_common/share/moveit_common/environment/ament_prefix_path.sh
[0.404s] -- Up-to-date symlink: /home/manoj/ros2_ws/install/moveit_common/share/moveit_common/environment/ament_prefix_path.dsv
[0.405s] -- Up-to-date symlink: /home/manoj/ros2_ws/install/moveit_common/share/moveit_common/environment/path.sh
[0.405s] -- Up-to-date symlink: /home/manoj/ros2_ws/install/moveit_common/share/moveit_common/environment/path.dsv
[0.406s] -- Up-to-date symlink: /home/manoj/ros2_ws/install/moveit_common/share/moveit_common/local_setup.bash
[0.408s] -- Up-to-date symlink: /home/manoj/ros2_ws/install/moveit_common/share/moveit_common/local_setup.sh
[0.408s] -- Up-to-date symlink: /home/manoj/ros2_ws/install/moveit_common/share/moveit_common/local_setup.zsh
[0.408s] -- Up-to-date symlink: /home/manoj/ros2_ws/install/moveit_common/share/moveit_common/local_setup.dsv
[0.408s] -- Symlinking: /home/manoj/ros2_ws/install/moveit_common/share/moveit_common/package.dsv
[0.418s] -- Up-to-date symlink: /home/manoj/ros2_ws/install/moveit_common/share/ament_index/resource_index/packages/moveit_common
[0.419s] -- Up-to-date symlink: /home/manoj/ros2_ws/install/moveit_common/share/moveit_common/cmake/moveit_common-extras.cmake
[0.419s] -- Up-to-date symlink: /home/manoj/ros2_ws/install/moveit_common/share/moveit_common/cmake/moveit_commonConfig.cmake
[0.419s] -- Up-to-date symlink: /home/manoj/ros2_ws/install/moveit_common/share/moveit_common/cmake/moveit_commonConfig-version.cmake
[0.423s] -- Up-to-date symlink: /home/manoj/ros2_ws/install/moveit_common/share/moveit_common/package.xml
[0.426s] -- Up-to-date symlink: /home/manoj/ros2_ws/install/moveit_common/share/moveit_common/cmake/moveit_package.cmake
[0.475s] Invoked command in '/home/manoj/ros2_ws/build/moveit_common' returned '0': CMAKE_PREFIX_PATH=/opt/ros/humble /usr/bin/cmake --install /home/manoj/ros2_ws/build/moveit_common
