[1.303s] Invoking command in '/home/manoj/ros2_ws/build/moveit_configs_utils': PYTHONPATH=/home/manoj/ros2_ws/build/moveit_configs_utils/prefix_override:/usr/lib/python3/dist-packages/colcon_core/task/python/colcon_distutils_commands:/home/manoj/ros2_ws/install/moveit_configs_utils/lib/python3.10/site-packages:${PYTHONPATH} /usr/bin/python3 -W ignore:setup.py install is deprecated -W ignore:easy_install command is deprecated setup.py develop --uninstall --editable --build-directory /home/manoj/ros2_ws/build/moveit_configs_utils/build
[1.719s] running develop
[2.012s] Removing /home/manoj/ros2_ws/install/moveit_configs_utils/lib/python3.10/site-packages/moveit-configs-utils.egg-link (link to .)
[2.047s] Invoked command in '/home/manoj/ros2_ws/build/moveit_configs_utils' returned '0': PYTHONPATH=/home/manoj/ros2_ws/build/moveit_configs_utils/prefix_override:/usr/lib/python3/dist-packages/colcon_core/task/python/colcon_distutils_commands:/home/manoj/ros2_ws/install/moveit_configs_utils/lib/python3.10/site-packages:${PYTHONPATH} /usr/bin/python3 -W ignore:setup.py install is deprecated -W ignore:easy_install command is deprecated setup.py develop --uninstall --editable --build-directory /home/manoj/ros2_ws/build/moveit_configs_utils/build
[2.047s] Invoking command in '/home/manoj/ros2_ws/src/moveit2/moveit_configs_utils': PYTHONPATH=/home/manoj/ros2_ws/build/moveit_configs_utils/prefix_override:/usr/lib/python3/dist-packages/colcon_core/task/python/colcon_distutils_commands:/home/manoj/ros2_ws/install/moveit_configs_utils/lib/python3.10/site-packages:${PYTHONPATH} /usr/bin/python3 -W ignore:setup.py install is deprecated -W ignore:easy_install command is deprecated setup.py egg_info --egg-base ../../../build/moveit_configs_utils build --build-base /home/manoj/ros2_ws/build/moveit_configs_utils/build install --record /home/manoj/ros2_ws/build/moveit_configs_utils/install.log --single-version-externally-managed install_data --force
[2.373s] running egg_info
[2.374s] writing ../../../build/moveit_configs_utils/moveit_configs_utils.egg-info/PKG-INFO
[2.374s] writing dependency_links to ../../../build/moveit_configs_utils/moveit_configs_utils.egg-info/dependency_links.txt
[2.374s] writing entry points to ../../../build/moveit_configs_utils/moveit_configs_utils.egg-info/entry_points.txt
[2.374s] writing requirements to ../../../build/moveit_configs_utils/moveit_configs_utils.egg-info/requires.txt
[2.375s] writing top-level names to ../../../build/moveit_configs_utils/moveit_configs_utils.egg-info/top_level.txt
[2.377s] reading manifest file '../../../build/moveit_configs_utils/moveit_configs_utils.egg-info/SOURCES.txt'
[2.378s] writing manifest file '../../../build/moveit_configs_utils/moveit_configs_utils.egg-info/SOURCES.txt'
[2.378s] running build
[2.379s] running build_py
[2.379s] running install
[2.379s] running install_lib
[2.380s] creating /home/manoj/ros2_ws/install/moveit_configs_utils/lib/python3.10/site-packages/moveit_configs_utils
[2.380s] creating /home/manoj/ros2_ws/install/moveit_configs_utils/lib/python3.10/site-packages/moveit_configs_utils/substitutions
[2.381s] copying /home/manoj/ros2_ws/build/moveit_configs_utils/build/lib/moveit_configs_utils/substitutions/__init__.py -> /home/manoj/ros2_ws/install/moveit_configs_utils/lib/python3.10/site-packages/moveit_configs_utils/substitutions
[2.381s] copying /home/manoj/ros2_ws/build/moveit_configs_utils/build/lib/moveit_configs_utils/substitutions/xacro.py -> /home/manoj/ros2_ws/install/moveit_configs_utils/lib/python3.10/site-packages/moveit_configs_utils/substitutions
[2.381s] copying /home/manoj/ros2_ws/build/moveit_configs_utils/build/lib/moveit_configs_utils/launches.py -> /home/manoj/ros2_ws/install/moveit_configs_utils/lib/python3.10/site-packages/moveit_configs_utils
[2.381s] copying /home/manoj/ros2_ws/build/moveit_configs_utils/build/lib/moveit_configs_utils/launch_utils.py -> /home/manoj/ros2_ws/install/moveit_configs_utils/lib/python3.10/site-packages/moveit_configs_utils
[2.382s] copying /home/manoj/ros2_ws/build/moveit_configs_utils/build/lib/moveit_configs_utils/__init__.py -> /home/manoj/ros2_ws/install/moveit_configs_utils/lib/python3.10/site-packages/moveit_configs_utils
[2.382s] copying /home/manoj/ros2_ws/build/moveit_configs_utils/build/lib/moveit_configs_utils/moveit_configs_builder.py -> /home/manoj/ros2_ws/install/moveit_configs_utils/lib/python3.10/site-packages/moveit_configs_utils
[2.382s] byte-compiling /home/manoj/ros2_ws/install/moveit_configs_utils/lib/python3.10/site-packages/moveit_configs_utils/substitutions/__init__.py to __init__.cpython-310.pyc
[2.383s] byte-compiling /home/manoj/ros2_ws/install/moveit_configs_utils/lib/python3.10/site-packages/moveit_configs_utils/substitutions/xacro.py to xacro.cpython-310.pyc
[2.383s] byte-compiling /home/manoj/ros2_ws/install/moveit_configs_utils/lib/python3.10/site-packages/moveit_configs_utils/launches.py to launches.cpython-310.pyc
[2.385s] byte-compiling /home/manoj/ros2_ws/install/moveit_configs_utils/lib/python3.10/site-packages/moveit_configs_utils/launch_utils.py to launch_utils.cpython-310.pyc
[2.385s] byte-compiling /home/manoj/ros2_ws/install/moveit_configs_utils/lib/python3.10/site-packages/moveit_configs_utils/__init__.py to __init__.cpython-310.pyc
[2.385s] byte-compiling /home/manoj/ros2_ws/install/moveit_configs_utils/lib/python3.10/site-packages/moveit_configs_utils/moveit_configs_builder.py to moveit_configs_builder.cpython-310.pyc
[2.388s] running install_data
[2.388s] copying resource/moveit_configs_utils -> /home/manoj/ros2_ws/install/moveit_configs_utils/share/ament_index/resource_index/packages
[2.388s] copying package.xml -> /home/manoj/ros2_ws/install/moveit_configs_utils/share/moveit_configs_utils
[2.388s] copying default_configs/chomp_planning.yaml -> /home/manoj/ros2_ws/install/moveit_configs_utils/share/moveit_configs_utils/default_configs
[2.388s] copying default_configs/ompl_defaults.yaml -> /home/manoj/ros2_ws/install/moveit_configs_utils/share/moveit_configs_utils/default_configs
[2.389s] copying default_configs/ompl_planning.yaml -> /home/manoj/ros2_ws/install/moveit_configs_utils/share/moveit_configs_utils/default_configs
[2.389s] copying default_configs/pilz_industrial_motion_planner_planning.yaml -> /home/manoj/ros2_ws/install/moveit_configs_utils/share/moveit_configs_utils/default_configs
[2.389s] running install_egg_info
[2.391s] Copying ../../../build/moveit_configs_utils/moveit_configs_utils.egg-info to /home/manoj/ros2_ws/install/moveit_configs_utils/lib/python3.10/site-packages/moveit_configs_utils-2.5.9-py3.10.egg-info
[2.392s] running install_scripts
[2.415s] writing list of installed files to '/home/manoj/ros2_ws/build/moveit_configs_utils/install.log'
[2.441s] Invoked command in '/home/manoj/ros2_ws/src/moveit2/moveit_configs_utils' returned '0': PYTHONPATH=/home/manoj/ros2_ws/build/moveit_configs_utils/prefix_override:/usr/lib/python3/dist-packages/colcon_core/task/python/colcon_distutils_commands:/home/manoj/ros2_ws/install/moveit_configs_utils/lib/python3.10/site-packages:${PYTHONPATH} /usr/bin/python3 -W ignore:setup.py install is deprecated -W ignore:easy_install command is deprecated setup.py egg_info --egg-base ../../../build/moveit_configs_utils build --build-base /home/manoj/ros2_ws/build/moveit_configs_utils/build install --record /home/manoj/ros2_ws/build/moveit_configs_utils/install.log --single-version-externally-managed install_data --force
