[  1%] Built target moveit_kinematics_base
[  2%] Built target moveit_exceptions
[  5%] Built target moveit_distance_field
[  6%] Built target moveit_transforms
[  8%] Built target moveit_smoothing_base
[  9%] Built target gtest
[  9%] Built target gtest_main
[ 11%] Built target moveit_butterworth_parameters
[ 13%] Built target gmock
[ 16%] Built target moveit_utils
[ 17%] Built target gmock_main
[ 18%] Built target moveit_version
[ 19%] Built target test_transforms
[ 20%] Built target test_voxel_grid
[ 25%] Built target test_distance_field
[ 27%] Built target moveit_robot_model
[ 30%] Built target moveit_robot_state
[ 31%] Built target moveit_butterworth_filter
[ 33%] Built target moveit_test_utils
[ 35%] Built target test_aabb
[ 40%] Built target moveit_collision_detection
[ 41%] Built target moveit_dynamics_solver
[ 41%] Built target moveit_robot_trajectory
[ 42%] Built target moveit_kinematics_metrics
[ 43%] Built target test_robot_model
[ 44%] Built target test_robot_state_complex
[ 45%] Built target test_butterworth_filter
[ 46%] Built target test_robot_state_benchmark
[ 48%] Built target test_robot_state
[ 49%] Built target test_cartesian_interpolator
[ 50%] Built target test_world
[ 51%] Built target test_all_valid
[ 53%] Built target moveit_collision_detection_fcl
[ 54%] Built target test_robot_trajectory
[ 56%] Built target test_world_diff
[ 58%] Built target moveit_planning_interface
[ 65%] Built target moveit_trajectory_processing
[ 66%] Built target moveit_collision_detection_bullet
[ 67%] Built target test_fcl_collision_env
[ 69%] Built target moveit_kinematic_constraints
[ 70%] Built target test_fcl_collision_detection
[ 72%] Built target test_fcl_collision_detection_panda
[ 73%] Built target test_time_parameterization
[ 76%] Built target test_ruckig_traj_smoothing
[ 76%] Built target test_time_optimal_trajectory_generation
[ 77%] Built target test_bullet_collision_detection
[ 79%] Built target test_bullet_collision_detection_panda
[ 80%] Built target test_constraints
[ 81%] Built target test_bullet_continuous_collision_checking
[ 82%] Built target test_orientation_constraints
[ 84%] Built target moveit_planning_scene
[ 85%] Built target test_collision_objects
[ 86%] Built target collision_detector_fcl_plugin
[ 87%] Built target test_planning_scene
[ 88%] Built target test_multi_threaded
[ 91%] Built target moveit_constraint_samplers
[ 94%] Built target moveit_collision_distance_field
[ 95%] Built target moveit_planning_request_adapter
[ 96%] Built target collision_detector_bullet_plugin
[ 97%] Built target test_collision_distance_field
[100%] Built target test_constraint_samplers
