[0.064s] Invoking command in '/home/manoj/ros2_ws/build/moveit_core': CMAKE_PREFIX_PATH=/home/manoj/ros2_ws/install/moveit_resources_panda_moveit_config:/home/manoj/ros2_ws/install/moveit_resources_pr2_description:/home/manoj/ros2_ws/install/moveit_resources_panda_description:/home/manoj/ros2_ws/install/moveit_common:/home/manoj/ros2_ws/install/ur_description:/home/manoj/ros2_ws/install/pilz_industrial_motion_planner_testutils:/home/manoj/ros2_ws/install/moveit_runtime:/home/manoj/ros2_ws/install/moveit:/home/manoj/ros2_ws/install/moveit_planners:/home/manoj/ros2_ws/install/pilz_industrial_motion_planner:/home/manoj/ros2_ws/install/my_mobile_manipulator_description:/home/manoj/ros2_ws/install/moveit_ros_control_interface:/home/manoj/ros2_ws/install/moveit_plugins:/home/manoj/ros2_ws/install/moveit_simple_controller_manager:/home/manoj/ros2_ws/install/moveit_setup_assistant:/home/manoj/ros2_ws/install/moveit_setup_srdf_plugins:/home/manoj/ros2_ws/install/moveit_setup_core_plugins:/home/manoj/ros2_ws/install/moveit_setup_controllers:/home/manoj/ros2_ws/install/moveit_setup_app_plugins:/home/manoj/ros2_ws/install/moveit_setup_framework:/home/manoj/ros2_ws/install/moveit_servo:/home/manoj/ros2_ws/install/moveit_ros:/home/manoj/ros2_ws/install/moveit_ros_visualization:/home/manoj/ros2_ws/install/moveit_hybrid_planning:/home/manoj/ros2_ws/install/moveit_ros_planning_interface:/home/manoj/ros2_ws/install/moveit_ros_benchmarks:/home/manoj/ros2_ws/install/moveit_ros_warehouse:/home/manoj/ros2_ws/install/moveit_ros_robot_interaction:/home/manoj/ros2_ws/install/moveit_ros_perception:/home/manoj/ros2_ws/install/moveit_resources_prbt_pg70_support:/home/manoj/ros2_ws/install/moveit_resources_prbt_moveit_config:/home/manoj/ros2_ws/install/moveit_ros_move_group:/home/manoj/ros2_ws/install/moveit_planners_ompl:/home/manoj/ros2_ws/install/moveit_ros_planning:/home/manoj/ros2_ws/install/moveit_ros_occupancy_map_monitor:/home/manoj/ros2_ws/install/moveit_resources_prbt_support:/home/manoj/ros2_ws/install/moveit_resources_prbt_ikfast_manipulator_plugin:/home/manoj/ros2_ws/install/moveit_resources:/home/manoj/ros2_ws/install/dual_arm_panda_moveit_config:/home/manoj/ros2_ws/install/moveit_resources_fanuc_moveit_config:/home/manoj/ros2_ws/install/moveit_resources_fanuc_description:/home/manoj/ros2_ws/install/moveit_planners_chomp:/home/manoj/ros2_ws/install/moveit_kinematics:/home/manoj/ros2_ws/install/moveit_chomp_optimizer_adapter:/home/manoj/ros2_ws/install/chomp_motion_planner:/home/manoj/ros2_ws/install/moveit_core:/home/manoj/ros2_ws/install/moveit_configs_utils:/opt/ros/humble /usr/bin/cmake --build /home/manoj/ros2_ws/build/moveit_core -- -j12 -l12
[0.165s] [  1%] Built target moveit_kinematics_base
[0.165s] [  2%] Built target moveit_exceptions
[0.199s] [  5%] Built target moveit_distance_field
[0.200s] [  6%] Built target moveit_transforms
[0.201s] [  8%] Built target moveit_smoothing_base
[0.201s] [  9%] Built target gtest
[0.201s] [  9%] Built target gtest_main
[0.202s] [ 11%] Built target moveit_butterworth_parameters
[0.202s] [ 13%] Built target gmock
[0.205s] [ 16%] Built target moveit_utils
[0.206s] [ 17%] Built target gmock_main
[0.208s] [ 18%] Built target moveit_version
[0.242s] [ 19%] Built target test_transforms
[0.245s] [ 20%] Built target test_voxel_grid
[0.250s] [ 25%] Built target test_distance_field
[0.250s] [ 27%] Built target moveit_robot_model
[0.297s] [ 30%] Built target moveit_robot_state
[0.301s] [ 31%] Built target moveit_butterworth_filter
[0.303s] [ 33%] Built target moveit_test_utils
[0.370s] [ 35%] Built target test_aabb
[0.371s] [ 40%] Built target moveit_collision_detection
[0.371s] [ 41%] Built target moveit_dynamics_solver
[0.372s] [ 41%] Built target moveit_robot_trajectory
[0.376s] [ 42%] Built target moveit_kinematics_metrics
[0.379s] [ 43%] Built target test_robot_model
[0.385s] [ 44%] Built target test_robot_state_complex
[0.386s] [ 45%] Built target test_butterworth_filter
[0.386s] [ 46%] Built target test_robot_state_benchmark
[0.388s] [ 48%] Built target test_robot_state
[0.397s] [ 49%] Built target test_cartesian_interpolator
[0.425s] [ 50%] Built target test_world
[0.438s] [ 51%] Built target test_all_valid
[0.438s] [ 53%] Built target moveit_collision_detection_fcl
[0.443s] [ 54%] Built target test_robot_trajectory
[0.444s] [ 56%] Built target test_world_diff
[0.451s] [ 58%] Built target moveit_planning_interface
[0.458s] [ 65%] Built target moveit_trajectory_processing
[0.458s] [ 66%] Built target moveit_collision_detection_bullet
[0.520s] [ 67%] Built target test_fcl_collision_env
[0.526s] [ 69%] Built target moveit_kinematic_constraints
[0.529s] [ 70%] Built target test_fcl_collision_detection
[0.533s] [ 72%] Built target test_fcl_collision_detection_panda
[0.533s] [ 73%] Built target test_time_parameterization
[0.534s] [ 76%] Built target test_ruckig_traj_smoothing
[0.534s] [ 76%] Built target test_time_optimal_trajectory_generation
[0.541s] [ 77%] Built target test_bullet_collision_detection
[0.570s] [ 79%] Built target test_bullet_collision_detection_panda
[0.574s] [ 80%] Built target test_constraints
[0.578s] [ 81%] Built target test_bullet_continuous_collision_checking
[0.579s] [ 82%] Built target test_orientation_constraints
[0.588s] [ 84%] Built target moveit_planning_scene
[0.639s] [ 85%] Built target test_collision_objects
[0.640s] [ 86%] Built target collision_detector_fcl_plugin
[0.641s] [ 87%] Built target test_planning_scene
[0.645s] [ 88%] Built target test_multi_threaded
[0.646s] [ 91%] Built target moveit_constraint_samplers
[0.648s] [ 94%] Built target moveit_collision_distance_field
[0.652s] [ 95%] Built target moveit_planning_request_adapter
[0.653s] [ 96%] Built target collision_detector_bullet_plugin
[0.696s] [ 97%] Built target test_collision_distance_field
[0.697s] [100%] Built target test_constraint_samplers
