[0.049s] Invoking command in '/home/manoj/ros2_ws/build/dual_arm_panda_moveit_config': AMENT_PREFIX_PATH=/home/manoj/ros2_ws/install/moveit_resources_panda_description:${AMENT_PREFIX_PATH} CMAKE_PREFIX_PATH=/home/manoj/ros2_ws/install/moveit_resources_panda_description:/home/manoj/ros2_ws/install/ur_description:/home/manoj/ros2_ws/install/my_mobile_manipulator_description:/opt/ros/humble /usr/bin/cmake /home/manoj/ros2_ws/src/moveit_resources/dual_arm_panda_moveit_config -DCMAKE_INSTALL_PREFIX=/home/manoj/ros2_ws/install/dual_arm_panda_moveit_config
[0.158s] -- The C compiler identification is GNU 11.4.0
[0.266s] -- The CXX compiler identification is GNU 11.4.0
[0.275s] -- Detecting C compiler ABI info
[0.399s] -- Detecting C compiler ABI info - done
[0.418s] -- Check for working C compiler: /usr/bin/cc - skipped
[0.418s] -- Detecting C compile features
[0.418s] -- Detecting C compile features - done
[0.424s] -- Detecting CXX compiler ABI info
[0.558s] -- Detecting CXX compiler ABI info - done
[0.574s] -- Check for working CXX compiler: /usr/bin/c++ - skipped
[0.574s] -- Detecting CXX compile features
[0.581s] -- Detecting CXX compile features - done
[0.581s] -- Found ament_cmake: 1.3.11 (/opt/ros/humble/share/ament_cmake/cmake)
[0.882s] -- Found Python3: /usr/bin/python3 (found version "3.10.12") found components: Interpreter 
[1.203s] -- Configuring done
[1.205s] -- Generating done
[1.212s] -- Build files have been written to: /home/manoj/ros2_ws/build/dual_arm_panda_moveit_config
[1.215s] Invoked command in '/home/manoj/ros2_ws/build/dual_arm_panda_moveit_config' returned '0': AMENT_PREFIX_PATH=/home/manoj/ros2_ws/install/moveit_resources_panda_description:${AMENT_PREFIX_PATH} CMAKE_PREFIX_PATH=/home/manoj/ros2_ws/install/moveit_resources_panda_description:/home/manoj/ros2_ws/install/ur_description:/home/manoj/ros2_ws/install/my_mobile_manipulator_description:/opt/ros/humble /usr/bin/cmake /home/manoj/ros2_ws/src/moveit_resources/dual_arm_panda_moveit_config -DCMAKE_INSTALL_PREFIX=/home/manoj/ros2_ws/install/dual_arm_panda_moveit_config
[1.217s] Invoking command in '/home/manoj/ros2_ws/build/dual_arm_panda_moveit_config': AMENT_PREFIX_PATH=/home/manoj/ros2_ws/install/moveit_resources_panda_description:${AMENT_PREFIX_PATH} CMAKE_PREFIX_PATH=/home/manoj/ros2_ws/install/moveit_resources_panda_description:/home/manoj/ros2_ws/install/ur_description:/home/manoj/ros2_ws/install/my_mobile_manipulator_description:/opt/ros/humble /usr/bin/cmake --build /home/manoj/ros2_ws/build/dual_arm_panda_moveit_config -- -j12 -l12
[1.278s] Invoked command in '/home/manoj/ros2_ws/build/dual_arm_panda_moveit_config' returned '0': AMENT_PREFIX_PATH=/home/manoj/ros2_ws/install/moveit_resources_panda_description:${AMENT_PREFIX_PATH} CMAKE_PREFIX_PATH=/home/manoj/ros2_ws/install/moveit_resources_panda_description:/home/manoj/ros2_ws/install/ur_description:/home/manoj/ros2_ws/install/my_mobile_manipulator_description:/opt/ros/humble /usr/bin/cmake --build /home/manoj/ros2_ws/build/dual_arm_panda_moveit_config -- -j12 -l12
[1.280s] Invoking command in '/home/manoj/ros2_ws/build/dual_arm_panda_moveit_config': AMENT_PREFIX_PATH=/home/manoj/ros2_ws/install/moveit_resources_panda_description:${AMENT_PREFIX_PATH} CMAKE_PREFIX_PATH=/home/manoj/ros2_ws/install/moveit_resources_panda_description:/home/manoj/ros2_ws/install/ur_description:/home/manoj/ros2_ws/install/my_mobile_manipulator_description:/opt/ros/humble /usr/bin/cmake --install /home/manoj/ros2_ws/build/dual_arm_panda_moveit_config
[1.291s] -- Install configuration: ""
[1.291s] -- Installing: /home/manoj/ros2_ws/install/dual_arm_panda_moveit_config/share/ament_index/resource_index/package_run_dependencies/dual_arm_panda_moveit_config
[1.292s] -- Installing: /home/manoj/ros2_ws/install/dual_arm_panda_moveit_config/share/ament_index/resource_index/parent_prefix_path/dual_arm_panda_moveit_config
[1.292s] -- Installing: /home/manoj/ros2_ws/install/dual_arm_panda_moveit_config/share/dual_arm_panda_moveit_config/environment/ament_prefix_path.sh
[1.292s] -- Installing: /home/manoj/ros2_ws/install/dual_arm_panda_moveit_config/share/dual_arm_panda_moveit_config/environment/ament_prefix_path.dsv
[1.292s] -- Installing: /home/manoj/ros2_ws/install/dual_arm_panda_moveit_config/share/dual_arm_panda_moveit_config/environment/path.sh
[1.292s] -- Installing: /home/manoj/ros2_ws/install/dual_arm_panda_moveit_config/share/dual_arm_panda_moveit_config/environment/path.dsv
[1.292s] -- Installing: /home/manoj/ros2_ws/install/dual_arm_panda_moveit_config/share/dual_arm_panda_moveit_config/local_setup.bash
[1.292s] -- Installing: /home/manoj/ros2_ws/install/dual_arm_panda_moveit_config/share/dual_arm_panda_moveit_config/local_setup.sh
[1.293s] -- Installing: /home/manoj/ros2_ws/install/dual_arm_panda_moveit_config/share/dual_arm_panda_moveit_config/local_setup.zsh
[1.293s] -- Installing: /home/manoj/ros2_ws/install/dual_arm_panda_moveit_config/share/dual_arm_panda_moveit_config/local_setup.dsv
[1.293s] -- Installing: /home/manoj/ros2_ws/install/dual_arm_panda_moveit_config/share/dual_arm_panda_moveit_config/package.dsv
[1.293s] -- Installing: /home/manoj/ros2_ws/install/dual_arm_panda_moveit_config/share/ament_index/resource_index/packages/dual_arm_panda_moveit_config
[1.293s] -- Installing: /home/manoj/ros2_ws/install/dual_arm_panda_moveit_config/share/dual_arm_panda_moveit_config/cmake/dual_arm_panda_moveit_configConfig.cmake
[1.293s] -- Installing: /home/manoj/ros2_ws/install/dual_arm_panda_moveit_config/share/dual_arm_panda_moveit_config/cmake/dual_arm_panda_moveit_configConfig-version.cmake
[1.293s] -- Installing: /home/manoj/ros2_ws/install/dual_arm_panda_moveit_config/share/dual_arm_panda_moveit_config/package.xml
[1.293s] -- Installing: /home/manoj/ros2_ws/install/dual_arm_panda_moveit_config/share/dual_arm_panda_moveit_config/launch
[1.294s] -- Installing: /home/manoj/ros2_ws/install/dual_arm_panda_moveit_config/share/dual_arm_panda_moveit_config/launch/demo.launch.py
[1.294s] -- Installing: /home/manoj/ros2_ws/install/dual_arm_panda_moveit_config/share/dual_arm_panda_moveit_config/launch/moveit.rviz
[1.294s] -- Installing: /home/manoj/ros2_ws/install/dual_arm_panda_moveit_config/share/dual_arm_panda_moveit_config/config
[1.294s] -- Installing: /home/manoj/ros2_ws/install/dual_arm_panda_moveit_config/share/dual_arm_panda_moveit_config/config/panda.urdf.xacro
[1.294s] -- Installing: /home/manoj/ros2_ws/install/dual_arm_panda_moveit_config/share/dual_arm_panda_moveit_config/config/left_initial_positions.yaml
[1.295s] -- Installing: /home/manoj/ros2_ws/install/dual_arm_panda_moveit_config/share/dual_arm_panda_moveit_config/config/panda.ros2_control.xacro
[1.295s] -- Installing: /home/manoj/ros2_ws/install/dual_arm_panda_moveit_config/share/dual_arm_panda_moveit_config/config/ros2_controllers.yaml
[1.295s] -- Installing: /home/manoj/ros2_ws/install/dual_arm_panda_moveit_config/share/dual_arm_panda_moveit_config/config/panda.srdf
[1.295s] -- Installing: /home/manoj/ros2_ws/install/dual_arm_panda_moveit_config/share/dual_arm_panda_moveit_config/config/hand.xacro
[1.295s] -- Installing: /home/manoj/ros2_ws/install/dual_arm_panda_moveit_config/share/dual_arm_panda_moveit_config/config/panda_arm_macro.xacro
[1.295s] -- Installing: /home/manoj/ros2_ws/install/dual_arm_panda_moveit_config/share/dual_arm_panda_moveit_config/config/kinematics.yaml
[1.295s] -- Installing: /home/manoj/ros2_ws/install/dual_arm_panda_moveit_config/share/dual_arm_panda_moveit_config/config/right_initial_positions.yaml
[1.295s] -- Installing: /home/manoj/ros2_ws/install/dual_arm_panda_moveit_config/share/dual_arm_panda_moveit_config/config/moveit_controllers.yaml
[1.296s] -- Installing: /home/manoj/ros2_ws/install/dual_arm_panda_moveit_config/share/dual_arm_panda_moveit_config/config/panda_hand.ros2_control.xacro
[1.296s] -- Installing: /home/manoj/ros2_ws/install/dual_arm_panda_moveit_config/share/dual_arm_panda_moveit_config/config/joint_limits.yaml
[1.296s] -- Installing: /home/manoj/ros2_ws/install/dual_arm_panda_moveit_config/share/dual_arm_panda_moveit_config/config/ompl_planning.yaml
[1.296s] -- Installing: /home/manoj/ros2_ws/install/dual_arm_panda_moveit_config/share/dual_arm_panda_moveit_config/config/pilz_cartesian_limits.yaml
[1.299s] Invoked command in '/home/manoj/ros2_ws/build/dual_arm_panda_moveit_config' returned '0': AMENT_PREFIX_PATH=/home/manoj/ros2_ws/install/moveit_resources_panda_description:${AMENT_PREFIX_PATH} CMAKE_PREFIX_PATH=/home/manoj/ros2_ws/install/moveit_resources_panda_description:/home/manoj/ros2_ws/install/ur_description:/home/manoj/ros2_ws/install/my_mobile_manipulator_description:/opt/ros/humble /usr/bin/cmake --install /home/manoj/ros2_ws/build/dual_arm_panda_moveit_config
