[0.027s] Invoking command in '/home/manoj/ros2_ws/build/moveit_ros_robot_interaction': AMENT_PREFIX_PATH=/home/manoj/ros2_ws/install/moveit_ros_planning:/home/manoj/ros2_ws/install/moveit_ros_occupancy_map_monitor:/home/manoj/ros2_ws/install/moveit_core:/home/manoj/ros2_ws/install/moveit_resources_panda_moveit_config:/home/manoj/ros2_ws/install/moveit_resources_pr2_description:/home/manoj/ros2_ws/install/moveit_resources_panda_description:/home/manoj/ros2_ws/install/moveit_configs_utils:/home/manoj/ros2_ws/install/moveit_common:${AMENT_PREFIX_PATH} CMAKE_PREFIX_PATH=/home/manoj/ros2_ws/install/moveit_ros_planning:/home/manoj/ros2_ws/install/moveit_ros_occupancy_map_monitor:/home/manoj/ros2_ws/install/moveit_core:/home/manoj/ros2_ws/install/moveit_resources_panda_moveit_config:/home/manoj/ros2_ws/install/moveit_resources_pr2_description:/home/manoj/ros2_ws/install/moveit_resources_panda_description:/home/manoj/ros2_ws/install/moveit_common:/home/manoj/ros3_ws/src/install/my_mobile_manipulator_description:/opt/ros/humble LD_LIBRARY_PATH=/home/manoj/ros2_ws/install/moveit_ros_planning/lib:/home/manoj/ros2_ws/install/moveit_ros_occupancy_map_monitor/lib:/home/manoj/ros2_ws/install/moveit_core/lib:${LD_LIBRARY_PATH} PATH=/home/manoj/ros2_ws/install/moveit_core/bin:${PATH} PYTHONPATH=/home/manoj/ros2_ws/install/moveit_configs_utils/lib/python3.10/site-packages:${PYTHONPATH} /usr/bin/cmake --build /home/manoj/ros2_ws/build/moveit_ros_robot_interaction -- -j12 -l12
[0.104s] [ 15%] Built target gtest_main
[0.110s] [ 30%] Built target gtest
[0.144s] [ 84%] Built target moveit_robot_interaction
[0.194s] [100%] Built target locked_robot_state_test
[0.205s] Invoked command in '/home/manoj/ros2_ws/build/moveit_ros_robot_interaction' returned '0': AMENT_PREFIX_PATH=/home/manoj/ros2_ws/install/moveit_ros_planning:/home/manoj/ros2_ws/install/moveit_ros_occupancy_map_monitor:/home/manoj/ros2_ws/install/moveit_core:/home/manoj/ros2_ws/install/moveit_resources_panda_moveit_config:/home/manoj/ros2_ws/install/moveit_resources_pr2_description:/home/manoj/ros2_ws/install/moveit_resources_panda_description:/home/manoj/ros2_ws/install/moveit_configs_utils:/home/manoj/ros2_ws/install/moveit_common:${AMENT_PREFIX_PATH} CMAKE_PREFIX_PATH=/home/manoj/ros2_ws/install/moveit_ros_planning:/home/manoj/ros2_ws/install/moveit_ros_occupancy_map_monitor:/home/manoj/ros2_ws/install/moveit_core:/home/manoj/ros2_ws/install/moveit_resources_panda_moveit_config:/home/manoj/ros2_ws/install/moveit_resources_pr2_description:/home/manoj/ros2_ws/install/moveit_resources_panda_description:/home/manoj/ros2_ws/install/moveit_common:/home/manoj/ros3_ws/src/install/my_mobile_manipulator_description:/opt/ros/humble LD_LIBRARY_PATH=/home/manoj/ros2_ws/install/moveit_ros_planning/lib:/home/manoj/ros2_ws/install/moveit_ros_occupancy_map_monitor/lib:/home/manoj/ros2_ws/install/moveit_core/lib:${LD_LIBRARY_PATH} PATH=/home/manoj/ros2_ws/install/moveit_core/bin:${PATH} PYTHONPATH=/home/manoj/ros2_ws/install/moveit_configs_utils/lib/python3.10/site-packages:${PYTHONPATH} /usr/bin/cmake --build /home/manoj/ros2_ws/build/moveit_ros_robot_interaction -- -j12 -l12
[0.208s] Invoking command in '/home/manoj/ros2_ws/build/moveit_ros_robot_interaction': AMENT_PREFIX_PATH=/home/manoj/ros2_ws/install/moveit_ros_planning:/home/manoj/ros2_ws/install/moveit_ros_occupancy_map_monitor:/home/manoj/ros2_ws/install/moveit_core:/home/manoj/ros2_ws/install/moveit_resources_panda_moveit_config:/home/manoj/ros2_ws/install/moveit_resources_pr2_description:/home/manoj/ros2_ws/install/moveit_resources_panda_description:/home/manoj/ros2_ws/install/moveit_configs_utils:/home/manoj/ros2_ws/install/moveit_common:${AMENT_PREFIX_PATH} CMAKE_PREFIX_PATH=/home/manoj/ros2_ws/install/moveit_ros_planning:/home/manoj/ros2_ws/install/moveit_ros_occupancy_map_monitor:/home/manoj/ros2_ws/install/moveit_core:/home/manoj/ros2_ws/install/moveit_resources_panda_moveit_config:/home/manoj/ros2_ws/install/moveit_resources_pr2_description:/home/manoj/ros2_ws/install/moveit_resources_panda_description:/home/manoj/ros2_ws/install/moveit_common:/home/manoj/ros3_ws/src/install/my_mobile_manipulator_description:/opt/ros/humble LD_LIBRARY_PATH=/home/manoj/ros2_ws/install/moveit_ros_planning/lib:/home/manoj/ros2_ws/install/moveit_ros_occupancy_map_monitor/lib:/home/manoj/ros2_ws/install/moveit_core/lib:${LD_LIBRARY_PATH} PATH=/home/manoj/ros2_ws/install/moveit_core/bin:${PATH} PYTHONPATH=/home/manoj/ros2_ws/install/moveit_configs_utils/lib/python3.10/site-packages:${PYTHONPATH} /usr/bin/cmake --install /home/manoj/ros2_ws/build/moveit_ros_robot_interaction
[0.237s] -- Install configuration: "Release"
[0.237s] -- Execute custom install script
[0.237s] -- Up-to-date symlink: /home/manoj/ros2_ws/install/moveit_ros_robot_interaction/include/moveit/robot_interaction/interaction.h
[0.242s] -- Up-to-date symlink: /home/manoj/ros2_ws/install/moveit_ros_robot_interaction/include/moveit/robot_interaction/interaction_handler.h
[0.242s] -- Up-to-date symlink: /home/manoj/ros2_ws/install/moveit_ros_robot_interaction/include/moveit/robot_interaction/interactive_marker_helpers.h
[0.242s] -- Up-to-date symlink: /home/manoj/ros2_ws/install/moveit_ros_robot_interaction/include/moveit/robot_interaction/kinematic_options.h
[0.242s] -- Up-to-date symlink: /home/manoj/ros2_ws/install/moveit_ros_robot_interaction/include/moveit/robot_interaction/kinematic_options_map.h
[0.242s] -- Up-to-date symlink: /home/manoj/ros2_ws/install/moveit_ros_robot_interaction/include/moveit/robot_interaction/locked_robot_state.h
[0.242s] -- Up-to-date symlink: /home/manoj/ros2_ws/install/moveit_ros_robot_interaction/include/moveit/robot_interaction/robot_interaction.h
[0.243s] -- Up-to-date symlink: /home/manoj/ros2_ws/install/moveit_ros_robot_interaction/include/moveit_robot_interaction_export.h
[0.243s] -- Up-to-date symlink: /home/manoj/ros2_ws/install/moveit_ros_robot_interaction/share/moveit_ros_robot_interaction/resources/access-denied.dae
[0.243s] -- Up-to-date symlink: /home/manoj/ros2_ws/install/moveit_ros_robot_interaction/share/moveit_ros_robot_interaction/resources/access-denied.stl
[0.243s] -- Up-to-date symlink: /home/manoj/ros2_ws/install/moveit_ros_robot_interaction/share/moveit_ros_robot_interaction/environment/library_path.sh
[0.243s] -- Up-to-date symlink: /home/manoj/ros2_ws/install/moveit_ros_robot_interaction/share/moveit_ros_robot_interaction/environment/library_path.dsv
[0.243s] -- Up-to-date symlink: /home/manoj/ros2_ws/install/moveit_ros_robot_interaction/share/ament_index/resource_index/package_run_dependencies/moveit_ros_robot_interaction
[0.243s] -- Up-to-date symlink: /home/manoj/ros2_ws/install/moveit_ros_robot_interaction/share/ament_index/resource_index/parent_prefix_path/moveit_ros_robot_interaction
[0.243s] -- Up-to-date symlink: /home/manoj/ros2_ws/install/moveit_ros_robot_interaction/share/moveit_ros_robot_interaction/environment/ament_prefix_path.sh
[0.243s] -- Up-to-date symlink: /home/manoj/ros2_ws/install/moveit_ros_robot_interaction/share/moveit_ros_robot_interaction/environment/ament_prefix_path.dsv
[0.243s] -- Up-to-date symlink: /home/manoj/ros2_ws/install/moveit_ros_robot_interaction/share/moveit_ros_robot_interaction/environment/path.sh
[0.243s] -- Up-to-date symlink: /home/manoj/ros2_ws/install/moveit_ros_robot_interaction/share/moveit_ros_robot_interaction/environment/path.dsv
[0.243s] -- Up-to-date symlink: /home/manoj/ros2_ws/install/moveit_ros_robot_interaction/share/moveit_ros_robot_interaction/local_setup.bash
[0.245s] -- Up-to-date symlink: /home/manoj/ros2_ws/install/moveit_ros_robot_interaction/share/moveit_ros_robot_interaction/local_setup.sh
[0.245s] -- Up-to-date symlink: /home/manoj/ros2_ws/install/moveit_ros_robot_interaction/share/moveit_ros_robot_interaction/local_setup.zsh
[0.245s] -- Up-to-date symlink: /home/manoj/ros2_ws/install/moveit_ros_robot_interaction/share/moveit_ros_robot_interaction/local_setup.dsv
[0.250s] -- Symlinking: /home/manoj/ros2_ws/install/moveit_ros_robot_interaction/share/moveit_ros_robot_interaction/package.dsv
[0.251s] -- Up-to-date symlink: /home/manoj/ros2_ws/install/moveit_ros_robot_interaction/share/ament_index/resource_index/packages/moveit_ros_robot_interaction
[0.251s] -- Up-to-date symlink: /home/manoj/ros2_ws/install/moveit_ros_robot_interaction/share/moveit_ros_robot_interaction/cmake/ament_cmake_export_targets-extras.cmake
[0.251s] -- Up-to-date symlink: /home/manoj/ros2_ws/install/moveit_ros_robot_interaction/share/moveit_ros_robot_interaction/cmake/ament_cmake_export_dependencies-extras.cmake
[0.251s] -- Up-to-date symlink: /home/manoj/ros2_ws/install/moveit_ros_robot_interaction/share/moveit_ros_robot_interaction/cmake/moveit_ros_robot_interactionConfig.cmake
[0.251s] -- Up-to-date symlink: /home/manoj/ros2_ws/install/moveit_ros_robot_interaction/share/moveit_ros_robot_interaction/cmake/moveit_ros_robot_interactionConfig-version.cmake
[0.251s] -- Up-to-date symlink: /home/manoj/ros2_ws/install/moveit_ros_robot_interaction/share/moveit_ros_robot_interaction/package.xml
[0.251s] -- Up-to-date: /home/manoj/ros2_ws/install/moveit_ros_robot_interaction/lib/libmoveit_robot_interaction.so.2.5.9
[0.251s] -- Up-to-date: /home/manoj/ros2_ws/install/moveit_ros_robot_interaction/lib/libmoveit_robot_interaction.so
[0.251s] -- Up-to-date: /home/manoj/ros2_ws/install/moveit_ros_robot_interaction/share/moveit_ros_robot_interaction/cmake/export_moveit_ros_robot_interactionExport.cmake
[0.251s] -- Up-to-date: /home/manoj/ros2_ws/install/moveit_ros_robot_interaction/share/moveit_ros_robot_interaction/cmake/export_moveit_ros_robot_interactionExport-release.cmake
[0.268s] Invoked command in '/home/manoj/ros2_ws/build/moveit_ros_robot_interaction' returned '0': AMENT_PREFIX_PATH=/home/manoj/ros2_ws/install/moveit_ros_planning:/home/manoj/ros2_ws/install/moveit_ros_occupancy_map_monitor:/home/manoj/ros2_ws/install/moveit_core:/home/manoj/ros2_ws/install/moveit_resources_panda_moveit_config:/home/manoj/ros2_ws/install/moveit_resources_pr2_description:/home/manoj/ros2_ws/install/moveit_resources_panda_description:/home/manoj/ros2_ws/install/moveit_configs_utils:/home/manoj/ros2_ws/install/moveit_common:${AMENT_PREFIX_PATH} CMAKE_PREFIX_PATH=/home/manoj/ros2_ws/install/moveit_ros_planning:/home/manoj/ros2_ws/install/moveit_ros_occupancy_map_monitor:/home/manoj/ros2_ws/install/moveit_core:/home/manoj/ros2_ws/install/moveit_resources_panda_moveit_config:/home/manoj/ros2_ws/install/moveit_resources_pr2_description:/home/manoj/ros2_ws/install/moveit_resources_panda_description:/home/manoj/ros2_ws/install/moveit_common:/home/manoj/ros3_ws/src/install/my_mobile_manipulator_description:/opt/ros/humble LD_LIBRARY_PATH=/home/manoj/ros2_ws/install/moveit_ros_planning/lib:/home/manoj/ros2_ws/install/moveit_ros_occupancy_map_monitor/lib:/home/manoj/ros2_ws/install/moveit_core/lib:${LD_LIBRARY_PATH} PATH=/home/manoj/ros2_ws/install/moveit_core/bin:${PATH} PYTHONPATH=/home/manoj/ros2_ws/install/moveit_configs_utils/lib/python3.10/site-packages:${PYTHONPATH} /usr/bin/cmake --install /home/manoj/ros2_ws/build/moveit_ros_robot_interaction
