-- Found ament_cmake: 1.3.11 (/opt/ros/humble/share/ament_cmake/cmake)
-- Override CMake install command with custom implementation using symlinks instead of copying resources
-- Found ament_lint_auto: 0.12.12 (/opt/ros/humble/share/ament_lint_auto/cmake)
-- Added test 'copyright' to check source files copyright and LICENSE
-- Added test 'lint_cmake' to check CMake code style
-- Added test 'xmllint' to check XML markup files
-- Configuring done
-- Generating done
-- Build files have been written to: /home/manoj/ros2_ws/build/moveit_common
-- Install configuration: ""
-- Execute custom install script
-- Symlinking: /home/manoj/ros2_ws/install/moveit_common/share/ament_index/resource_index/package_run_dependencies/moveit_common
-- Symlinking: /home/manoj/ros2_ws/install/moveit_common/share/ament_index/resource_index/parent_prefix_path/moveit_common
-- Symlinking: /home/manoj/ros2_ws/install/moveit_common/share/moveit_common/environment/ament_prefix_path.sh
-- Symlinking: /home/manoj/ros2_ws/install/moveit_common/share/moveit_common/environment/ament_prefix_path.dsv
-- Symlinking: /home/manoj/ros2_ws/install/moveit_common/share/moveit_common/environment/path.sh
-- Symlinking: /home/manoj/ros2_ws/install/moveit_common/share/moveit_common/environment/path.dsv
-- Symlinking: /home/manoj/ros2_ws/install/moveit_common/share/moveit_common/local_setup.bash
-- Symlinking: /home/manoj/ros2_ws/install/moveit_common/share/moveit_common/local_setup.sh
-- Symlinking: /home/manoj/ros2_ws/install/moveit_common/share/moveit_common/local_setup.zsh
-- Symlinking: /home/manoj/ros2_ws/install/moveit_common/share/moveit_common/local_setup.dsv
-- Symlinking: /home/manoj/ros2_ws/install/moveit_common/share/moveit_common/package.dsv
-- Symlinking: /home/manoj/ros2_ws/install/moveit_common/share/ament_index/resource_index/packages/moveit_common
-- Symlinking: /home/manoj/ros2_ws/install/moveit_common/share/moveit_common/cmake/moveit_common-extras.cmake
-- Symlinking: /home/manoj/ros2_ws/install/moveit_common/share/moveit_common/cmake/moveit_commonConfig.cmake
-- Symlinking: /home/manoj/ros2_ws/install/moveit_common/share/moveit_common/cmake/moveit_commonConfig-version.cmake
-- Symlinking: /home/manoj/ros2_ws/install/moveit_common/share/moveit_common/package.xml
-- Symlinking: /home/manoj/ros2_ws/install/moveit_common/share/moveit_common/cmake/moveit_package.cmake
