[0.047s] Invoking command in '/home/manoj/ros2_ws/build/moveit_common': CMAKE_PREFIX_PATH=${CMAKE_PREFIX_PATH}:/home/manoj/ros2_ws/install/moveit_configs_utils:/opt/ros/humble /usr/bin/cmake /home/manoj/ros2_ws/src/moveit2/moveit_common -DAMENT_CMAKE_SYMLINK_INSTALL=1 -DCMAKE_INSTALL_PREFIX=/home/manoj/ros2_ws/install/moveit_common
[0.342s] -- Found ament_cmake: 1.3.11 (/opt/ros/humble/share/ament_cmake/cmake)
[0.342s] -- Override CMake install command with custom implementation using symlinks instead of copying resources
[0.342s] -- Found ament_lint_auto: 0.12.12 (/opt/ros/humble/share/ament_lint_auto/cmake)
[0.342s] -- Added test 'copyright' to check source files copyright and LICENSE
[0.342s] -- Added test 'lint_cmake' to check CMake code style
[0.342s] -- Added test 'xmllint' to check XML markup files
[0.342s] -- Configuring done
[0.344s] -- Generating done
[0.344s] -- Build files have been written to: /home/manoj/ros2_ws/build/moveit_common
[0.351s] Invoked command in '/home/manoj/ros2_ws/build/moveit_common' returned '0': CMAKE_PREFIX_PATH=${CMAKE_PREFIX_PATH}:/home/manoj/ros2_ws/install/moveit_configs_utils:/opt/ros/humble /usr/bin/cmake /home/manoj/ros2_ws/src/moveit2/moveit_common -DAMENT_CMAKE_SYMLINK_INSTALL=1 -DCMAKE_INSTALL_PREFIX=/home/manoj/ros2_ws/install/moveit_common
[0.352s] Invoking command in '/home/manoj/ros2_ws/build/moveit_common': CMAKE_PREFIX_PATH=${CMAKE_PREFIX_PATH}:/home/manoj/ros2_ws/install/moveit_configs_utils:/opt/ros/humble /usr/bin/cmake --build /home/manoj/ros2_ws/build/moveit_common -- -j12 -l12
[0.412s] Invoked command in '/home/manoj/ros2_ws/build/moveit_common' returned '0': CMAKE_PREFIX_PATH=${CMAKE_PREFIX_PATH}:/home/manoj/ros2_ws/install/moveit_configs_utils:/opt/ros/humble /usr/bin/cmake --build /home/manoj/ros2_ws/build/moveit_common -- -j12 -l12
[0.416s] Invoking command in '/home/manoj/ros2_ws/build/moveit_common': CMAKE_PREFIX_PATH=${CMAKE_PREFIX_PATH}:/home/manoj/ros2_ws/install/moveit_configs_utils:/opt/ros/humble /usr/bin/cmake --install /home/manoj/ros2_ws/build/moveit_common
[0.421s] -- Install configuration: ""
[0.422s] -- Execute custom install script
[0.422s] -- Symlinking: /home/manoj/ros2_ws/install/moveit_common/share/ament_index/resource_index/package_run_dependencies/moveit_common
[0.435s] -- Symlinking: /home/manoj/ros2_ws/install/moveit_common/share/ament_index/resource_index/parent_prefix_path/moveit_common
[0.452s] -- Symlinking: /home/manoj/ros2_ws/install/moveit_common/share/moveit_common/environment/ament_prefix_path.sh
[0.462s] -- Symlinking: /home/manoj/ros2_ws/install/moveit_common/share/moveit_common/environment/ament_prefix_path.dsv
[0.471s] -- Symlinking: /home/manoj/ros2_ws/install/moveit_common/share/moveit_common/environment/path.sh
[0.477s] -- Symlinking: /home/manoj/ros2_ws/install/moveit_common/share/moveit_common/environment/path.dsv
[0.483s] -- Symlinking: /home/manoj/ros2_ws/install/moveit_common/share/moveit_common/local_setup.bash
[0.492s] -- Symlinking: /home/manoj/ros2_ws/install/moveit_common/share/moveit_common/local_setup.sh
[0.507s] -- Symlinking: /home/manoj/ros2_ws/install/moveit_common/share/moveit_common/local_setup.zsh
[0.526s] -- Symlinking: /home/manoj/ros2_ws/install/moveit_common/share/moveit_common/local_setup.dsv
[0.535s] -- Symlinking: /home/manoj/ros2_ws/install/moveit_common/share/moveit_common/package.dsv
[0.556s] -- Symlinking: /home/manoj/ros2_ws/install/moveit_common/share/ament_index/resource_index/packages/moveit_common
[0.567s] -- Symlinking: /home/manoj/ros2_ws/install/moveit_common/share/moveit_common/cmake/moveit_common-extras.cmake
[0.574s] -- Symlinking: /home/manoj/ros2_ws/install/moveit_common/share/moveit_common/cmake/moveit_commonConfig.cmake
[0.580s] -- Symlinking: /home/manoj/ros2_ws/install/moveit_common/share/moveit_common/cmake/moveit_commonConfig-version.cmake
[0.587s] -- Symlinking: /home/manoj/ros2_ws/install/moveit_common/share/moveit_common/package.xml
[0.597s] -- Symlinking: /home/manoj/ros2_ws/install/moveit_common/share/moveit_common/cmake/moveit_package.cmake
[0.607s] Invoked command in '/home/manoj/ros2_ws/build/moveit_common' returned '0': CMAKE_PREFIX_PATH=${CMAKE_PREFIX_PATH}:/home/manoj/ros2_ws/install/moveit_configs_utils:/opt/ros/humble /usr/bin/cmake --install /home/manoj/ros2_ws/build/moveit_common
