[0.023s] Invoking command in '/home/manoj/ros2_ws/build/moveit_core': AMENT_PREFIX_PATH=/home/manoj/ros2_ws/install/moveit_resources_panda_moveit_config:/home/manoj/ros2_ws/install/moveit_resources_pr2_description:/home/manoj/ros2_ws/install/moveit_resources_panda_description:/home/manoj/ros2_ws/install/moveit_common:${AMENT_PREFIX_PATH} CMAKE_PREFIX_PATH=/home/manoj/ros2_ws/install/moveit_resources_panda_moveit_config:/home/manoj/ros2_ws/install/moveit_resources_pr2_description:/home/manoj/ros2_ws/install/moveit_resources_panda_description:/home/manoj/ros2_ws/install/moveit_common:/opt/ros/humble /usr/bin/cmake --build /home/manoj/ros2_ws/build/moveit_core -- -j12 -l12
[0.116s] [  1%] Built target moveit_exceptions
[0.117s] [  4%] Built target moveit_butterworth_parameters
[0.118s] [  5%] Built target moveit_kinematics_base
[0.119s] [  8%] Built target moveit_utils
[0.119s] [  2%] Built target moveit_transforms
[0.126s] [  9%] Built target gtest_main
[0.128s] [ 10%] Built target gtest
[0.129s] [ 11%] Built target gmock_main
[0.131s] [ 12%] Built target moveit_version
[0.134s] [ 14%] Built target gmock
[0.140s] [ 17%] Built target moveit_distance_field
[0.148s] [ 18%] Built target moveit_smoothing_base
[0.159s] [ 19%] Built target test_transforms
[0.173s] [ 20%] Built target test_voxel_grid
[0.175s] [ 26%] Built target moveit_robot_model
[0.180s] [ 27%] Built target test_distance_field
[0.211s] [ 29%] Built target moveit_test_utils
[0.218s] [ 30%] Built target moveit_butterworth_filter
[0.218s] [ 33%] Built target moveit_robot_state
[0.261s] [ 34%] Built target test_robot_model
[0.276s] [ 35%] Built target test_aabb
[0.280s] [ 36%] Built target moveit_kinematics_metrics
[0.280s] [ 37%] Built target test_butterworth_filter
[0.280s] [ 38%] Built target moveit_dynamics_solver
[0.281s] [ 40%] Built target test_robot_state
[0.281s] [ 41%] Built target test_robot_state_complex
[0.285s] [ 42%] Built target test_cartesian_interpolator
[0.288s] [ 43%] Built target test_robot_state_benchmark
[0.288s] [ 44%] Built target moveit_robot_trajectory
[0.290s] [ 49%] Built target moveit_collision_detection
[0.330s] [ 50%] Built target test_world
[0.330s] [ 52%] Built target test_world_diff
[0.334s] [ 53%] Built target test_all_valid
[0.334s] [ 56%] Built target test_robot_trajectory
[0.334s] [ 56%] Built target moveit_planning_interface
[0.340s] [ 58%] Built target moveit_collision_detection_fcl
[0.358s] [ 61%] Built target moveit_trajectory_processing
[0.366s] [ 66%] Built target moveit_collision_detection_bullet
[0.396s] [ 68%] Built target moveit_kinematic_constraints
[0.399s] [ 69%] Built target test_fcl_collision_env
[0.407s] [ 71%] Built target test_time_optimal_trajectory_generation
[0.417s] [ 72%] Built target test_time_parameterization
[0.417s] [ 73%] Built target test_fcl_collision_detection
[0.424s] [ 74%] Built target test_ruckig_traj_smoothing
[0.427s] [ 75%] Built target test_bullet_collision_detection
[0.429s] [ 77%] Built target test_fcl_collision_detection_panda
[0.430s] [ 79%] Built target test_bullet_collision_detection_panda
[0.439s] [ 80%] Built target test_bullet_continuous_collision_checking
[0.462s] [ 81%] Built target test_orientation_constraints
[0.469s] [ 84%] Built target test_constraints
[0.469s] [ 84%] Built target moveit_planning_scene
[0.520s] [ 85%] Built target collision_detector_bullet_plugin
[0.523s] [ 86%] Built target test_multi_threaded
[0.526s] [ 87%] Built target collision_detector_fcl_plugin
[0.527s] [ 91%] Built target test_collision_objects
[0.527s] [ 91%] Built target moveit_constraint_samplers
[0.536s] [ 92%] Built target moveit_planning_request_adapter
[0.537s] [ 93%] Built target test_planning_scene
[0.537s] [ 96%] Built target moveit_collision_distance_field
[0.583s] [ 97%] Built target test_collision_distance_field
[0.584s] [100%] Built target test_constraint_samplers
[0.599s] Invoked command in '/home/manoj/ros2_ws/build/moveit_core' returned '0': AMENT_PREFIX_PATH=/home/manoj/ros2_ws/install/moveit_resources_panda_moveit_config:/home/manoj/ros2_ws/install/moveit_resources_pr2_description:/home/manoj/ros2_ws/install/moveit_resources_panda_description:/home/manoj/ros2_ws/install/moveit_common:${AMENT_PREFIX_PATH} CMAKE_PREFIX_PATH=/home/manoj/ros2_ws/install/moveit_resources_panda_moveit_config:/home/manoj/ros2_ws/install/moveit_resources_pr2_description:/home/manoj/ros2_ws/install/moveit_resources_panda_description:/home/manoj/ros2_ws/install/moveit_common:/opt/ros/humble /usr/bin/cmake --build /home/manoj/ros2_ws/build/moveit_core -- -j12 -l12
[0.603s] Invoking command in '/home/manoj/ros2_ws/build/moveit_core': AMENT_PREFIX_PATH=/home/manoj/ros2_ws/install/moveit_resources_panda_moveit_config:/home/manoj/ros2_ws/install/moveit_resources_pr2_description:/home/manoj/ros2_ws/install/moveit_resources_panda_description:/home/manoj/ros2_ws/install/moveit_common:${AMENT_PREFIX_PATH} CMAKE_PREFIX_PATH=/home/manoj/ros2_ws/install/moveit_resources_panda_moveit_config:/home/manoj/ros2_ws/install/moveit_resources_pr2_description:/home/manoj/ros2_ws/install/moveit_resources_panda_description:/home/manoj/ros2_ws/install/moveit_common:/opt/ros/humble /usr/bin/cmake --install /home/manoj/ros2_ws/build/moveit_core
[0.615s] -- Install configuration: "Release"
[0.615s] -- Execute custom install script
[0.615s] -- Up-to-date symlink: /home/manoj/ros2_ws/install/moveit_core/include/moveit/version.h
[0.615s] -- Up-to-date symlink: /home/manoj/ros2_ws/install/moveit_core/include/moveit/collision_distance_field/collision_common_distance_field.h
[0.615s] -- Up-to-date symlink: /home/manoj/ros2_ws/install/moveit_core/include/moveit/collision_distance_field/collision_detector_allocator_distance_field.h
[0.616s] -- Up-to-date symlink: /home/manoj/ros2_ws/install/moveit_core/include/moveit/collision_distance_field/collision_detector_allocator_hybrid.h
[0.616s] -- Up-to-date symlink: /home/manoj/ros2_ws/install/moveit_core/include/moveit/collision_distance_field/collision_distance_field_types.h
[0.616s] -- Up-to-date symlink: /home/manoj/ros2_ws/install/moveit_core/include/moveit/collision_distance_field/collision_env_distance_field.h
[0.616s] -- Up-to-date symlink: /home/manoj/ros2_ws/install/moveit_core/include/moveit/collision_distance_field/collision_env_hybrid.h
[0.617s] -- Up-to-date symlink: /home/manoj/ros2_ws/install/moveit_core/include/moveit_collision_distance_field_export.h
[0.617s] -- Up-to-date symlink: /home/manoj/ros2_ws/install/moveit_core/include/moveit/constraint_samplers/constraint_sampler.h
[0.617s] -- Up-to-date symlink: /home/manoj/ros2_ws/install/moveit_core/include/moveit/constraint_samplers/constraint_sampler_allocator.h
[0.617s] -- Up-to-date symlink: /home/manoj/ros2_ws/install/moveit_core/include/moveit/constraint_samplers/constraint_sampler_manager.h
[0.617s] -- Up-to-date symlink: /home/manoj/ros2_ws/install/moveit_core/include/moveit/constraint_samplers/constraint_sampler_tools.h
[0.617s] -- Up-to-date symlink: /home/manoj/ros2_ws/install/moveit_core/include/moveit/constraint_samplers/default_constraint_samplers.h
[0.617s] -- Up-to-date symlink: /home/manoj/ros2_ws/install/moveit_core/include/moveit/constraint_samplers/union_constraint_sampler.h
[0.618s] -- Up-to-date symlink: /home/manoj/ros2_ws/install/moveit_core/include/moveit/controller_manager/controller_manager.h
[0.618s] -- Up-to-date symlink: /home/manoj/ros2_ws/install/moveit_core/include/moveit/distance_field/distance_field.h
[0.618s] -- Up-to-date symlink: /home/manoj/ros2_ws/install/moveit_core/include/moveit/distance_field/find_internal_points.h
[0.618s] -- Up-to-date symlink: /home/manoj/ros2_ws/install/moveit_core/include/moveit/distance_field/propagation_distance_field.h
[0.620s] -- Up-to-date symlink: /home/manoj/ros2_ws/install/moveit_core/include/moveit/distance_field/voxel_grid.h
[0.620s] -- Up-to-date symlink: /home/manoj/ros2_ws/install/moveit_core/include/moveit/dynamics_solver/dynamics_solver.h
[0.620s] -- Up-to-date symlink: /home/manoj/ros2_ws/install/moveit_core/include/moveit/exceptions/exceptions.h
[0.620s] -- Up-to-date symlink: /home/manoj/ros2_ws/install/moveit_core/include/moveit/kinematics_base/kinematics_base.h
[0.620s] -- Up-to-date symlink: /home/manoj/ros2_ws/install/moveit_core/include/moveit_kinematics_base_export.h
[0.620s] -- Up-to-date symlink: /home/manoj/ros2_ws/install/moveit_core/include/moveit/kinematic_constraints/kinematic_constraint.h
[0.620s] -- Up-to-date symlink: /home/manoj/ros2_ws/install/moveit_core/include/moveit/kinematic_constraints/utils.h
[0.620s] -- Up-to-date symlink: /home/manoj/ros2_ws/install/moveit_core/include/moveit/kinematics_metrics/kinematics_metrics.h
[0.621s] -- Up-to-date symlink: /home/manoj/ros2_ws/install/moveit_core/include/moveit/macros/class_forward.h
[0.621s] -- Up-to-date symlink: /home/manoj/ros2_ws/install/moveit_core/include/moveit/macros/console_colors.h
[0.621s] -- Up-to-date symlink: /home/manoj/ros2_ws/install/moveit_core/include/moveit/macros/declare_ptr.h
[0.621s] -- Up-to-date symlink: /home/manoj/ros2_ws/install/moveit_core/include/moveit/macros/deprecation.h
[0.621s] -- Up-to-date symlink: /home/manoj/ros2_ws/install/moveit_core/include/moveit_core/moveit_acceleration_filter_parameters.hpp
[0.622s] -- Up-to-date symlink: /home/manoj/ros2_ws/install/moveit_core/include/moveit_core/moveit_butterworth_filter_parameters.hpp
[0.622s] -- Up-to-date symlink: /home/manoj/ros2_ws/install/moveit_core/include/moveit_core/moveit_butterworth_parameters.hpp
[0.622s] -- Up-to-date symlink: /home/manoj/ros2_ws/install/moveit_core/include/moveit_core/moveit_ruckig_filter_parameters.hpp
[0.622s] -- Up-to-date symlink: /home/manoj/ros2_ws/install/moveit_core/include/moveit/online_signal_smoothing/butterworth_filter.h
[0.622s] -- Up-to-date symlink: /home/manoj/ros2_ws/install/moveit_core/include/moveit/online_signal_smoothing/smoothing_base_class.h
[0.622s] -- Up-to-date symlink: /home/manoj/ros2_ws/install/moveit_core/include/moveit_smoothing_base_export.h
[0.623s] -- Up-to-date symlink: /home/manoj/ros2_ws/install/moveit_core/include/moveit_butterworth_filter_export.h
[0.623s] -- Up-to-date symlink: /home/manoj/ros2_ws/install/moveit_core/include/moveit/planning_interface/planning_interface.h
[0.623s] -- Up-to-date symlink: /home/manoj/ros2_ws/install/moveit_core/include/moveit/planning_interface/planning_request.h
[0.623s] -- Up-to-date symlink: /home/manoj/ros2_ws/install/moveit_core/include/moveit/planning_interface/planning_response.h
[0.623s] -- Up-to-date symlink: /home/manoj/ros2_ws/install/moveit_core/include/moveit/planning_request_adapter/planning_request_adapter.h
[0.624s] -- Up-to-date symlink: /home/manoj/ros2_ws/install/moveit_core/include/moveit/planning_scene/planning_scene.h
[0.624s] -- Up-to-date symlink: /home/manoj/ros2_ws/install/moveit_core/include/moveit_planning_scene_export.h
[0.625s] -- Up-to-date symlink: /home/manoj/ros2_ws/install/moveit_core/include/moveit/robot_model/aabb.h
[0.625s] -- Up-to-date symlink: /home/manoj/ros2_ws/install/moveit_core/include/moveit/robot_model/fixed_joint_model.h
[0.625s] -- Up-to-date symlink: /home/manoj/ros2_ws/install/moveit_core/include/moveit/robot_model/floating_joint_model.h
[0.625s] -- Up-to-date symlink: /home/manoj/ros2_ws/install/moveit_core/include/moveit/robot_model/joint_model.h
[0.625s] -- Up-to-date symlink: /home/manoj/ros2_ws/install/moveit_core/include/moveit/robot_model/joint_model_group.h
[0.625s] -- Up-to-date symlink: /home/manoj/ros2_ws/install/moveit_core/include/moveit/robot_model/link_model.h
[0.625s] -- Up-to-date symlink: /home/manoj/ros2_ws/install/moveit_core/include/moveit/robot_model/planar_joint_model.h
[0.626s] -- Up-to-date symlink: /home/manoj/ros2_ws/install/moveit_core/include/moveit/robot_model/prismatic_joint_model.h
[0.626s] -- Up-to-date symlink: /home/manoj/ros2_ws/install/moveit_core/include/moveit/robot_model/revolute_joint_model.h
[0.626s] -- Up-to-date symlink: /home/manoj/ros2_ws/install/moveit_core/include/moveit/robot_model/robot_model.h
[0.626s] -- Up-to-date symlink: /home/manoj/ros2_ws/install/moveit_core/include/moveit/robot_state/attached_body.h
[0.626s] -- Up-to-date symlink: /home/manoj/ros2_ws/install/moveit_core/include/moveit/robot_state/cartesian_interpolator.h
[0.626s] -- Up-to-date symlink: /home/manoj/ros2_ws/install/moveit_core/include/moveit/robot_state/conversions.h
[0.626s] -- Up-to-date symlink: /home/manoj/ros2_ws/install/moveit_core/include/moveit/robot_state/robot_state.h
[0.627s] -- Up-to-date symlink: /home/manoj/ros2_ws/install/moveit_core/include/moveit/robot_trajectory/robot_trajectory.h
[0.627s] -- Up-to-date symlink: /home/manoj/ros2_ws/install/moveit_core/include/moveit/sensor_manager/sensor_manager.h
[0.627s] -- Up-to-date symlink: /home/manoj/ros2_ws/install/moveit_core/include/moveit/trajectory_processing/iterative_spline_parameterization.h
[0.627s] -- Up-to-date symlink: /home/manoj/ros2_ws/install/moveit_core/include/moveit/trajectory_processing/iterative_time_parameterization.h
[0.628s] -- Up-to-date symlink: /home/manoj/ros2_ws/install/moveit_core/include/moveit/trajectory_processing/ruckig_traj_smoothing.h
[0.628s] -- Up-to-date symlink: /home/manoj/ros2_ws/install/moveit_core/include/moveit/trajectory_processing/time_optimal_trajectory_generation.h
[0.628s] -- Up-to-date symlink: /home/manoj/ros2_ws/install/moveit_core/include/moveit/trajectory_processing/time_parameterization.h
[0.628s] -- Up-to-date symlink: /home/manoj/ros2_ws/install/moveit_core/include/moveit/trajectory_processing/trajectory_tools.h
[0.628s] -- Up-to-date symlink: /home/manoj/ros2_ws/install/moveit_core/include/moveit/transforms/transforms.h
[0.629s] -- Up-to-date symlink: /home/manoj/ros2_ws/install/moveit_core/include/moveit/utils/lexical_casts.h
[0.629s] -- Up-to-date symlink: /home/manoj/ros2_ws/install/moveit_core/include/moveit/utils/message_checks.h
[0.629s] -- Up-to-date symlink: /home/manoj/ros2_ws/install/moveit_core/include/moveit/utils/moveit_error_code.h
[0.629s] -- Up-to-date symlink: /home/manoj/ros2_ws/install/moveit_core/include/moveit/utils/rclcpp_utils.h
[0.629s] -- Up-to-date symlink: /home/manoj/ros2_ws/install/moveit_core/include/moveit/utils/robot_model_test_utils.h
[0.630s] -- Up-to-date symlink: /home/manoj/ros2_ws/install/moveit_core/bin/moveit_version
[0.631s] -- Up-to-date symlink: /home/manoj/ros2_ws/install/moveit_core/include/moveit/collision_detection/allvalid/collision_detector_allocator_allvalid.h
[0.631s] -- Up-to-date symlink: /home/manoj/ros2_ws/install/moveit_core/include/moveit/collision_detection/allvalid/collision_env_allvalid.h
[0.631s] -- Up-to-date symlink: /home/manoj/ros2_ws/install/moveit_core/include/moveit/collision_detection/collision_common.h
[0.631s] -- Up-to-date symlink: /home/manoj/ros2_ws/install/moveit_core/include/moveit/collision_detection/collision_detector_allocator.h
[0.631s] -- Up-to-date symlink: /home/manoj/ros2_ws/install/moveit_core/include/moveit/collision_detection/collision_env.h
[0.631s] -- Up-to-date symlink: /home/manoj/ros2_ws/install/moveit_core/include/moveit/collision_detection/collision_matrix.h
[0.631s] -- Up-to-date symlink: /home/manoj/ros2_ws/install/moveit_core/include/moveit/collision_detection/collision_octomap_filter.h
[0.631s] -- Up-to-date symlink: /home/manoj/ros2_ws/install/moveit_core/include/moveit/collision_detection/collision_plugin.h
[0.631s] -- Up-to-date symlink: /home/manoj/ros2_ws/install/moveit_core/include/moveit/collision_detection/collision_plugin_cache.h
[0.632s] -- Up-to-date symlink: /home/manoj/ros2_ws/install/moveit_core/include/moveit/collision_detection/collision_tools.h
[0.632s] -- Up-to-date symlink: /home/manoj/ros2_ws/install/moveit_core/include/moveit/collision_detection/occupancy_map.h
[0.632s] -- Up-to-date symlink: /home/manoj/ros2_ws/install/moveit_core/include/moveit/collision_detection/test_collision_common_panda.h
[0.632s] -- Up-to-date symlink: /home/manoj/ros2_ws/install/moveit_core/include/moveit/collision_detection/test_collision_common_pr2.h
[0.632s] -- Up-to-date symlink: /home/manoj/ros2_ws/install/moveit_core/include/moveit/collision_detection/world.h
[0.632s] -- Up-to-date symlink: /home/manoj/ros2_ws/install/moveit_core/include/moveit/collision_detection/world_diff.h
[0.632s] -- Up-to-date symlink: /home/manoj/ros2_ws/install/moveit_core/include/moveit_collision_detection_export.h
[0.633s] -- Up-to-date symlink: /home/manoj/ros2_ws/install/moveit_core/include/moveit/collision_detection_bullet/bullet_integration/basic_types.h
[0.633s] -- Up-to-date symlink: /home/manoj/ros2_ws/install/moveit_core/include/moveit/collision_detection_bullet/bullet_integration/bullet_bvh_manager.h
[0.633s] -- Up-to-date symlink: /home/manoj/ros2_ws/install/moveit_core/include/moveit/collision_detection_bullet/bullet_integration/bullet_cast_bvh_manager.h
[0.633s] -- Up-to-date symlink: /home/manoj/ros2_ws/install/moveit_core/include/moveit/collision_detection_bullet/bullet_integration/bullet_discrete_bvh_manager.h
[0.633s] -- Up-to-date symlink: /home/manoj/ros2_ws/install/moveit_core/include/moveit/collision_detection_bullet/bullet_integration/bullet_utils.h
[0.633s] -- Up-to-date symlink: /home/manoj/ros2_ws/install/moveit_core/include/moveit/collision_detection_bullet/bullet_integration/contact_checker_common.h
[0.633s] -- Up-to-date symlink: /home/manoj/ros2_ws/install/moveit_core/include/moveit/collision_detection_bullet/bullet_integration/ros_bullet_utils.h
[0.633s] -- Up-to-date symlink: /home/manoj/ros2_ws/install/moveit_core/include/moveit/collision_detection_bullet/collision_detector_allocator_bullet.h
[0.634s] -- Up-to-date symlink: /home/manoj/ros2_ws/install/moveit_core/include/moveit/collision_detection_bullet/collision_detector_bullet_plugin_loader.h
[0.634s] -- Up-to-date symlink: /home/manoj/ros2_ws/install/moveit_core/include/moveit/collision_detection_bullet/collision_env_bullet.h
[0.634s] -- Up-to-date symlink: /home/manoj/ros2_ws/install/moveit_core/include/moveit_collision_detection_bullet_export.h
[0.634s] -- Up-to-date symlink: /home/manoj/ros2_ws/install/moveit_core/include/moveit/collision_detection_fcl/collision_common.h
[0.634s] -- Up-to-date symlink: /home/manoj/ros2_ws/install/moveit_core/include/moveit/collision_detection_fcl/collision_detector_allocator_fcl.h
[0.634s] -- Up-to-date symlink: /home/manoj/ros2_ws/install/moveit_core/include/moveit/collision_detection_fcl/collision_detector_fcl_plugin_loader.h
[0.635s] -- Up-to-date symlink: /home/manoj/ros2_ws/install/moveit_core/include/moveit/collision_detection_fcl/collision_env_fcl.h
[0.635s] -- Up-to-date symlink: /home/manoj/ros2_ws/install/moveit_core/include/moveit/collision_detection_fcl/fcl_compat.h
[0.635s] -- Up-to-date symlink: /home/manoj/ros2_ws/install/moveit_core/include/moveit_collision_detection_fcl_export.h
[0.635s] -- Up-to-date symlink: /home/manoj/ros2_ws/install/moveit_core/share/moveit_core/environment/library_path.sh
[0.635s] -- Up-to-date symlink: /home/manoj/ros2_ws/install/moveit_core/share/moveit_core/environment/library_path.dsv
[0.635s] -- Up-to-date symlink: /home/manoj/ros2_ws/install/moveit_core/share/moveit_core//collision_detector_fcl_description.xml
[0.636s] -- Up-to-date symlink: /home/manoj/ros2_ws/install/moveit_core/share/moveit_core//collision_detector_bullet_description.xml
[0.636s] -- Up-to-date symlink: /home/manoj/ros2_ws/install/moveit_core/share/moveit_core//filter_plugin_butterworth.xml
[0.636s] -- Up-to-date symlink: /home/manoj/ros2_ws/install/moveit_core/share/ament_index/resource_index/package_run_dependencies/moveit_core
[0.636s] -- Up-to-date symlink: /home/manoj/ros2_ws/install/moveit_core/share/ament_index/resource_index/parent_prefix_path/moveit_core
[0.636s] -- Up-to-date symlink: /home/manoj/ros2_ws/install/moveit_core/share/moveit_core/environment/ament_prefix_path.sh
[0.636s] -- Up-to-date symlink: /home/manoj/ros2_ws/install/moveit_core/share/moveit_core/environment/ament_prefix_path.dsv
[0.636s] -- Up-to-date symlink: /home/manoj/ros2_ws/install/moveit_core/share/moveit_core/environment/path.sh
[0.636s] -- Up-to-date symlink: /home/manoj/ros2_ws/install/moveit_core/share/moveit_core/environment/path.dsv
[0.637s] -- Up-to-date symlink: /home/manoj/ros2_ws/install/moveit_core/share/moveit_core/local_setup.bash
[0.637s] -- Up-to-date symlink: /home/manoj/ros2_ws/install/moveit_core/share/moveit_core/local_setup.sh
[0.637s] -- Up-to-date symlink: /home/manoj/ros2_ws/install/moveit_core/share/moveit_core/local_setup.zsh
[0.637s] -- Up-to-date symlink: /home/manoj/ros2_ws/install/moveit_core/share/moveit_core/local_setup.dsv
[0.637s] -- Symlinking: /home/manoj/ros2_ws/install/moveit_core/share/moveit_core/package.dsv
[0.647s] -- Up-to-date symlink: /home/manoj/ros2_ws/install/moveit_core/share/ament_index/resource_index/packages/moveit_core
[0.647s] -- Up-to-date symlink: /home/manoj/ros2_ws/install/moveit_core/share/ament_index/resource_index/moveit_core__pluginlib__plugin/moveit_core
[0.648s] -- Up-to-date symlink: /home/manoj/ros2_ws/install/moveit_core/share/moveit_core/cmake/ConfigExtras.cmake
[0.648s] -- Up-to-date symlink: /home/manoj/ros2_ws/install/moveit_core/share/moveit_core/cmake/ament_cmake_export_targets-extras.cmake
[0.648s] -- Up-to-date symlink: /home/manoj/ros2_ws/install/moveit_core/share/moveit_core/cmake/ament_cmake_export_dependencies-extras.cmake
[0.649s] -- Up-to-date symlink: /home/manoj/ros2_ws/install/moveit_core/share/moveit_core/cmake/moveit_coreConfig.cmake
[0.649s] -- Up-to-date symlink: /home/manoj/ros2_ws/install/moveit_core/share/moveit_core/cmake/moveit_coreConfig-version.cmake
[0.649s] -- Up-to-date symlink: /home/manoj/ros2_ws/install/moveit_core/share/moveit_core/package.xml
[0.651s] -- Up-to-date: /home/manoj/ros2_ws/install/moveit_core/lib/libcollision_detector_bullet_plugin.so.2.5.9
[0.652s] -- Up-to-date: /home/manoj/ros2_ws/install/moveit_core/lib/libcollision_detector_bullet_plugin.so
[0.652s] -- Up-to-date: /home/manoj/ros2_ws/install/moveit_core/lib/libmoveit_butterworth_filter.so.2.5.9
[0.652s] -- Up-to-date: /home/manoj/ros2_ws/install/moveit_core/lib/libmoveit_butterworth_filter.so
[0.652s] -- Up-to-date: /home/manoj/ros2_ws/install/moveit_core/lib/libmoveit_collision_distance_field.so.2.5.9
[0.653s] -- Up-to-date: /home/manoj/ros2_ws/install/moveit_core/lib/libmoveit_collision_distance_field.so
[0.653s] -- Up-to-date: /home/manoj/ros2_ws/install/moveit_core/lib/libmoveit_collision_detection.so.2.5.9
[0.653s] -- Up-to-date: /home/manoj/ros2_ws/install/moveit_core/lib/libmoveit_collision_detection.so
[0.654s] -- Up-to-date: /home/manoj/ros2_ws/install/moveit_core/lib/libmoveit_collision_detection_fcl.so.2.5.9
[0.654s] -- Up-to-date: /home/manoj/ros2_ws/install/moveit_core/lib/libmoveit_collision_detection_fcl.so
[0.654s] -- Up-to-date: /home/manoj/ros2_ws/install/moveit_core/lib/libmoveit_collision_detection_bullet.so.2.5.9
[0.654s] -- Up-to-date: /home/manoj/ros2_ws/install/moveit_core/lib/libmoveit_collision_detection_bullet.so
[0.655s] -- Up-to-date: /home/manoj/ros2_ws/install/moveit_core/lib/libmoveit_dynamics_solver.so.2.5.9
[0.655s] -- Up-to-date: /home/manoj/ros2_ws/install/moveit_core/lib/libmoveit_dynamics_solver.so
[0.655s] -- Up-to-date: /home/manoj/ros2_ws/install/moveit_core/lib/libmoveit_constraint_samplers.so.2.5.9
[0.655s] -- Up-to-date: /home/manoj/ros2_ws/install/moveit_core/lib/libmoveit_constraint_samplers.so
[0.656s] -- Up-to-date: /home/manoj/ros2_ws/install/moveit_core/lib/libmoveit_distance_field.so.2.5.9
[0.656s] -- Up-to-date: /home/manoj/ros2_ws/install/moveit_core/lib/libmoveit_distance_field.so
[0.657s] -- Up-to-date: /home/manoj/ros2_ws/install/moveit_core/lib/libmoveit_exceptions.so.2.5.9
[0.657s] -- Up-to-date: /home/manoj/ros2_ws/install/moveit_core/lib/libmoveit_exceptions.so
[0.657s] -- Up-to-date: /home/manoj/ros2_ws/install/moveit_core/lib/libmoveit_kinematics_base.so
[0.661s] -- Up-to-date: /home/manoj/ros2_ws/install/moveit_core/lib/libmoveit_kinematic_constraints.so.2.5.9
[0.661s] -- Up-to-date: /home/manoj/ros2_ws/install/moveit_core/lib/libmoveit_kinematic_constraints.so
[0.661s] -- Up-to-date: /home/manoj/ros2_ws/install/moveit_core/lib/libmoveit_kinematics_metrics.so.2.5.9
[0.661s] -- Up-to-date: /home/manoj/ros2_ws/install/moveit_core/lib/libmoveit_kinematics_metrics.so
[0.661s] -- Up-to-date: /home/manoj/ros2_ws/install/moveit_core/lib/libmoveit_planning_interface.so.2.5.9
[0.661s] -- Up-to-date: /home/manoj/ros2_ws/install/moveit_core/lib/libmoveit_planning_interface.so
[0.662s] -- Up-to-date: /home/manoj/ros2_ws/install/moveit_core/lib/libmoveit_planning_scene.so.2.5.9
[0.662s] -- Up-to-date: /home/manoj/ros2_ws/install/moveit_core/lib/libmoveit_planning_scene.so
[0.662s] -- Up-to-date: /home/manoj/ros2_ws/install/moveit_core/lib/libmoveit_planning_request_adapter.so.2.5.9
[0.663s] -- Up-to-date: /home/manoj/ros2_ws/install/moveit_core/lib/libmoveit_planning_request_adapter.so
[0.663s] -- Up-to-date: /home/manoj/ros2_ws/install/moveit_core/lib/libmoveit_robot_model.so.2.5.9
[0.664s] -- Up-to-date: /home/manoj/ros2_ws/install/moveit_core/lib/libmoveit_robot_model.so
[0.664s] -- Up-to-date: /home/manoj/ros2_ws/install/moveit_core/lib/libmoveit_robot_state.so.2.5.9
[0.664s] -- Up-to-date: /home/manoj/ros2_ws/install/moveit_core/lib/libmoveit_robot_state.so
[0.665s] -- Up-to-date: /home/manoj/ros2_ws/install/moveit_core/lib/libmoveit_robot_trajectory.so.2.5.9
[0.665s] -- Up-to-date: /home/manoj/ros2_ws/install/moveit_core/lib/libmoveit_robot_trajectory.so
[0.665s] -- Up-to-date: /home/manoj/ros2_ws/install/moveit_core/lib/libmoveit_smoothing_base.so.2.5.9
[0.666s] -- Up-to-date: /home/manoj/ros2_ws/install/moveit_core/lib/libmoveit_smoothing_base.so
[0.666s] -- Up-to-date: /home/manoj/ros2_ws/install/moveit_core/lib/libmoveit_test_utils.so.2.5.9
[0.666s] -- Up-to-date: /home/manoj/ros2_ws/install/moveit_core/lib/libmoveit_test_utils.so
[0.666s] -- Up-to-date: /home/manoj/ros2_ws/install/moveit_core/lib/libmoveit_trajectory_processing.so.2.5.9
[0.667s] -- Up-to-date: /home/manoj/ros2_ws/install/moveit_core/lib/libmoveit_trajectory_processing.so
[0.667s] -- Up-to-date: /home/manoj/ros2_ws/install/moveit_core/lib/libmoveit_transforms.so.2.5.9
[0.667s] -- Up-to-date: /home/manoj/ros2_ws/install/moveit_core/lib/libmoveit_transforms.so
[0.667s] -- Up-to-date: /home/manoj/ros2_ws/install/moveit_core/lib/libmoveit_utils.so.2.5.9
[0.668s] -- Up-to-date: /home/manoj/ros2_ws/install/moveit_core/lib/libmoveit_utils.so
[0.668s] -- Up-to-date: /home/manoj/ros2_ws/install/moveit_core/share/moveit_core/cmake/export_moveit_coreExport.cmake
[0.668s] -- Up-to-date: /home/manoj/ros2_ws/install/moveit_core/share/moveit_core/cmake/export_moveit_coreExport-release.cmake
[0.672s] Invoked command in '/home/manoj/ros2_ws/build/moveit_core' returned '0': AMENT_PREFIX_PATH=/home/manoj/ros2_ws/install/moveit_resources_panda_moveit_config:/home/manoj/ros2_ws/install/moveit_resources_pr2_description:/home/manoj/ros2_ws/install/moveit_resources_panda_description:/home/manoj/ros2_ws/install/moveit_common:${AMENT_PREFIX_PATH} CMAKE_PREFIX_PATH=/home/manoj/ros2_ws/install/moveit_resources_panda_moveit_config:/home/manoj/ros2_ws/install/moveit_resources_pr2_description:/home/manoj/ros2_ws/install/moveit_resources_panda_description:/home/manoj/ros2_ws/install/moveit_common:/opt/ros/humble /usr/bin/cmake --install /home/manoj/ros2_ws/build/moveit_core
