[0.026s] Invoking command in '/home/manoj/ros2_ws/build/moveit_resources_fanuc_moveit_config': AMENT_PREFIX_PATH=/home/manoj/ros2_ws/install/moveit_resources_fanuc_description:${AMENT_PREFIX_PATH} CMAKE_PREFIX_PATH=/home/manoj/ros2_ws/install/moveit_resources_fanuc_description:/home/manoj/ros2_ws/install/ur_description:/home/manoj/ros2_ws/install/my_mobile_manipulator_description:/opt/ros/humble /usr/bin/cmake /home/manoj/ros2_ws/src/moveit_resources/fanuc_moveit_config -DCMAKE_INSTALL_PREFIX=/home/manoj/ros2_ws/install/moveit_resources_fanuc_moveit_config
[0.118s] -- The C compiler identification is GNU 11.4.0
[0.221s] -- The CXX compiler identification is GNU 11.4.0
[0.232s] -- Detecting C compiler ABI info
[0.358s] -- Detecting C compiler ABI info - done
[0.376s] -- Check for working C compiler: /usr/bin/cc - skipped
[0.378s] -- Detecting C compile features
[0.378s] -- Detecting C compile features - done
[0.386s] -- Detecting CXX compiler ABI info
[0.515s] -- Detecting CXX compiler ABI info - done
[0.526s] -- Check for working CXX compiler: /usr/bin/c++ - skipped
[0.526s] -- Detecting CXX compile features
[0.527s] -- Detecting CXX compile features - done
[0.533s] -- Found ament_cmake: 1.3.11 (/opt/ros/humble/share/ament_cmake/cmake)
[0.814s] -- Found Python3: /usr/bin/python3 (found version "3.10.12") found components: Interpreter 
[1.075s] -- Configuring done
[1.079s] -- Generating done
[1.082s] -- Build files have been written to: /home/manoj/ros2_ws/build/moveit_resources_fanuc_moveit_config
[1.090s] Invoked command in '/home/manoj/ros2_ws/build/moveit_resources_fanuc_moveit_config' returned '0': AMENT_PREFIX_PATH=/home/manoj/ros2_ws/install/moveit_resources_fanuc_description:${AMENT_PREFIX_PATH} CMAKE_PREFIX_PATH=/home/manoj/ros2_ws/install/moveit_resources_fanuc_description:/home/manoj/ros2_ws/install/ur_description:/home/manoj/ros2_ws/install/my_mobile_manipulator_description:/opt/ros/humble /usr/bin/cmake /home/manoj/ros2_ws/src/moveit_resources/fanuc_moveit_config -DCMAKE_INSTALL_PREFIX=/home/manoj/ros2_ws/install/moveit_resources_fanuc_moveit_config
[1.091s] Invoking command in '/home/manoj/ros2_ws/build/moveit_resources_fanuc_moveit_config': AMENT_PREFIX_PATH=/home/manoj/ros2_ws/install/moveit_resources_fanuc_description:${AMENT_PREFIX_PATH} CMAKE_PREFIX_PATH=/home/manoj/ros2_ws/install/moveit_resources_fanuc_description:/home/manoj/ros2_ws/install/ur_description:/home/manoj/ros2_ws/install/my_mobile_manipulator_description:/opt/ros/humble /usr/bin/cmake --build /home/manoj/ros2_ws/build/moveit_resources_fanuc_moveit_config -- -j12 -l12
[1.141s] Invoked command in '/home/manoj/ros2_ws/build/moveit_resources_fanuc_moveit_config' returned '0': AMENT_PREFIX_PATH=/home/manoj/ros2_ws/install/moveit_resources_fanuc_description:${AMENT_PREFIX_PATH} CMAKE_PREFIX_PATH=/home/manoj/ros2_ws/install/moveit_resources_fanuc_description:/home/manoj/ros2_ws/install/ur_description:/home/manoj/ros2_ws/install/my_mobile_manipulator_description:/opt/ros/humble /usr/bin/cmake --build /home/manoj/ros2_ws/build/moveit_resources_fanuc_moveit_config -- -j12 -l12
[1.144s] Invoking command in '/home/manoj/ros2_ws/build/moveit_resources_fanuc_moveit_config': AMENT_PREFIX_PATH=/home/manoj/ros2_ws/install/moveit_resources_fanuc_description:${AMENT_PREFIX_PATH} CMAKE_PREFIX_PATH=/home/manoj/ros2_ws/install/moveit_resources_fanuc_description:/home/manoj/ros2_ws/install/ur_description:/home/manoj/ros2_ws/install/my_mobile_manipulator_description:/opt/ros/humble /usr/bin/cmake --install /home/manoj/ros2_ws/build/moveit_resources_fanuc_moveit_config
[1.154s] -- Install configuration: ""
[1.154s] -- Installing: /home/manoj/ros2_ws/install/moveit_resources_fanuc_moveit_config/share/ament_index/resource_index/package_run_dependencies/moveit_resources_fanuc_moveit_config
[1.155s] -- Installing: /home/manoj/ros2_ws/install/moveit_resources_fanuc_moveit_config/share/ament_index/resource_index/parent_prefix_path/moveit_resources_fanuc_moveit_config
[1.155s] -- Installing: /home/manoj/ros2_ws/install/moveit_resources_fanuc_moveit_config/share/moveit_resources_fanuc_moveit_config/environment/ament_prefix_path.sh
[1.155s] -- Installing: /home/manoj/ros2_ws/install/moveit_resources_fanuc_moveit_config/share/moveit_resources_fanuc_moveit_config/environment/ament_prefix_path.dsv
[1.156s] -- Installing: /home/manoj/ros2_ws/install/moveit_resources_fanuc_moveit_config/share/moveit_resources_fanuc_moveit_config/environment/path.sh
[1.156s] -- Installing: /home/manoj/ros2_ws/install/moveit_resources_fanuc_moveit_config/share/moveit_resources_fanuc_moveit_config/environment/path.dsv
[1.156s] -- Installing: /home/manoj/ros2_ws/install/moveit_resources_fanuc_moveit_config/share/moveit_resources_fanuc_moveit_config/local_setup.bash
[1.156s] -- Installing: /home/manoj/ros2_ws/install/moveit_resources_fanuc_moveit_config/share/moveit_resources_fanuc_moveit_config/local_setup.sh
[1.157s] -- Installing: /home/manoj/ros2_ws/install/moveit_resources_fanuc_moveit_config/share/moveit_resources_fanuc_moveit_config/local_setup.zsh
[1.157s] -- Installing: /home/manoj/ros2_ws/install/moveit_resources_fanuc_moveit_config/share/moveit_resources_fanuc_moveit_config/local_setup.dsv
[1.157s] -- Installing: /home/manoj/ros2_ws/install/moveit_resources_fanuc_moveit_config/share/moveit_resources_fanuc_moveit_config/package.dsv
[1.157s] -- Installing: /home/manoj/ros2_ws/install/moveit_resources_fanuc_moveit_config/share/ament_index/resource_index/packages/moveit_resources_fanuc_moveit_config
[1.158s] -- Installing: /home/manoj/ros2_ws/install/moveit_resources_fanuc_moveit_config/share/moveit_resources_fanuc_moveit_config/cmake/moveit_resources_fanuc_moveit_configConfig.cmake
[1.158s] -- Installing: /home/manoj/ros2_ws/install/moveit_resources_fanuc_moveit_config/share/moveit_resources_fanuc_moveit_config/cmake/moveit_resources_fanuc_moveit_configConfig-version.cmake
[1.158s] -- Installing: /home/manoj/ros2_ws/install/moveit_resources_fanuc_moveit_config/share/moveit_resources_fanuc_moveit_config/package.xml
[1.159s] -- Installing: /home/manoj/ros2_ws/install/moveit_resources_fanuc_moveit_config/share/moveit_resources_fanuc_moveit_config/launch
[1.159s] -- Installing: /home/manoj/ros2_ws/install/moveit_resources_fanuc_moveit_config/share/moveit_resources_fanuc_moveit_config/launch/demo.launch.py
[1.159s] -- Installing: /home/manoj/ros2_ws/install/moveit_resources_fanuc_moveit_config/share/moveit_resources_fanuc_moveit_config/launch/moveit.rviz
[1.159s] -- Installing: /home/manoj/ros2_ws/install/moveit_resources_fanuc_moveit_config/share/moveit_resources_fanuc_moveit_config/config
[1.159s] -- Installing: /home/manoj/ros2_ws/install/moveit_resources_fanuc_moveit_config/share/moveit_resources_fanuc_moveit_config/config/fanuc.ros2_control.xacro
[1.160s] -- Installing: /home/manoj/ros2_ws/install/moveit_resources_fanuc_moveit_config/share/moveit_resources_fanuc_moveit_config/config/initial_positions.yaml
[1.160s] -- Installing: /home/manoj/ros2_ws/install/moveit_resources_fanuc_moveit_config/share/moveit_resources_fanuc_moveit_config/config/fanuc.urdf.xacro
[1.160s] -- Installing: /home/manoj/ros2_ws/install/moveit_resources_fanuc_moveit_config/share/moveit_resources_fanuc_moveit_config/config/sensors_3d.yaml
[1.160s] -- Installing: /home/manoj/ros2_ws/install/moveit_resources_fanuc_moveit_config/share/moveit_resources_fanuc_moveit_config/config/ros2_controllers.yaml
[1.160s] -- Installing: /home/manoj/ros2_ws/install/moveit_resources_fanuc_moveit_config/share/moveit_resources_fanuc_moveit_config/config/kinematics.yaml
[1.161s] -- Installing: /home/manoj/ros2_ws/install/moveit_resources_fanuc_moveit_config/share/moveit_resources_fanuc_moveit_config/config/chomp_planning.yaml
[1.161s] -- Installing: /home/manoj/ros2_ws/install/moveit_resources_fanuc_moveit_config/share/moveit_resources_fanuc_moveit_config/config/fanuc.srdf
[1.161s] -- Installing: /home/manoj/ros2_ws/install/moveit_resources_fanuc_moveit_config/share/moveit_resources_fanuc_moveit_config/config/moveit_controllers.yaml
[1.161s] -- Installing: /home/manoj/ros2_ws/install/moveit_resources_fanuc_moveit_config/share/moveit_resources_fanuc_moveit_config/config/joint_limits.yaml
[1.161s] -- Installing: /home/manoj/ros2_ws/install/moveit_resources_fanuc_moveit_config/share/moveit_resources_fanuc_moveit_config/config/ompl_planning.yaml
[1.162s] -- Installing: /home/manoj/ros2_ws/install/moveit_resources_fanuc_moveit_config/share/moveit_resources_fanuc_moveit_config/config/pilz_cartesian_limits.yaml
[1.162s] -- Installing: /home/manoj/ros2_ws/install/moveit_resources_fanuc_moveit_config/share/moveit_resources_fanuc_moveit_config/.setup_assistant
[1.166s] Invoked command in '/home/manoj/ros2_ws/build/moveit_resources_fanuc_moveit_config' returned '0': AMENT_PREFIX_PATH=/home/manoj/ros2_ws/install/moveit_resources_fanuc_description:${AMENT_PREFIX_PATH} CMAKE_PREFIX_PATH=/home/manoj/ros2_ws/install/moveit_resources_fanuc_description:/home/manoj/ros2_ws/install/ur_description:/home/manoj/ros2_ws/install/my_mobile_manipulator_description:/opt/ros/humble /usr/bin/cmake --install /home/manoj/ros2_ws/build/moveit_resources_fanuc_moveit_config
