[0.013s] Invoking command in '/home/manoj/ros2_ws/build/moveit_resources': AMENT_PREFIX_PATH=/home/manoj/ros2_ws/install/moveit_resources_panda_moveit_config:/home/manoj/ros2_ws/install/moveit_resources_fanuc_moveit_config:/home/manoj/ros2_ws/install/moveit_resources_pr2_description:/home/manoj/ros2_ws/install/moveit_resources_panda_description:/home/manoj/ros2_ws/install/moveit_resources_fanuc_description:${AMENT_PREFIX_PATH} CMAKE_PREFIX_PATH=/home/manoj/ros2_ws/install/moveit_resources_panda_moveit_config:/home/manoj/ros2_ws/install/moveit_resources_fanuc_moveit_config:/home/manoj/ros2_ws/install/moveit_resources_pr2_description:/home/manoj/ros2_ws/install/moveit_resources_panda_description:/home/manoj/ros2_ws/install/moveit_resources_fanuc_description:/home/manoj/ros2_ws/install/ur_description:/home/manoj/ros2_ws/install/my_mobile_manipulator_description:/opt/ros/humble /usr/bin/cmake /home/manoj/ros2_ws/src/moveit_resources/moveit_resources -DCMAKE_INSTALL_PREFIX=/home/manoj/ros2_ws/install/moveit_resources
[0.096s] -- The C compiler identification is GNU 11.4.0
[0.183s] -- The CXX compiler identification is GNU 11.4.0
[0.193s] -- Detecting C compiler ABI info
[0.288s] -- Detecting C compiler ABI info - done
[0.300s] -- Check for working C compiler: /usr/bin/cc - skipped
[0.300s] -- Detecting C compile features
[0.301s] -- Detecting C compile features - done
[0.306s] -- Detecting CXX compiler ABI info
[0.412s] -- Detecting CXX compiler ABI info - done
[0.424s] -- Check for working CXX compiler: /usr/bin/c++ - skipped
[0.424s] -- Detecting CXX compile features
[0.425s] -- Detecting CXX compile features - done
[0.430s] -- Found ament_cmake: 1.3.11 (/opt/ros/humble/share/ament_cmake/cmake)
[0.667s] -- Found Python3: /usr/bin/python3 (found version "3.10.12") found components: Interpreter 
[0.912s] -- Configuring done
[0.916s] -- Generating done
[0.920s] -- Build files have been written to: /home/manoj/ros2_ws/build/moveit_resources
[0.924s] Invoked command in '/home/manoj/ros2_ws/build/moveit_resources' returned '0': AMENT_PREFIX_PATH=/home/manoj/ros2_ws/install/moveit_resources_panda_moveit_config:/home/manoj/ros2_ws/install/moveit_resources_fanuc_moveit_config:/home/manoj/ros2_ws/install/moveit_resources_pr2_description:/home/manoj/ros2_ws/install/moveit_resources_panda_description:/home/manoj/ros2_ws/install/moveit_resources_fanuc_description:${AMENT_PREFIX_PATH} CMAKE_PREFIX_PATH=/home/manoj/ros2_ws/install/moveit_resources_panda_moveit_config:/home/manoj/ros2_ws/install/moveit_resources_fanuc_moveit_config:/home/manoj/ros2_ws/install/moveit_resources_pr2_description:/home/manoj/ros2_ws/install/moveit_resources_panda_description:/home/manoj/ros2_ws/install/moveit_resources_fanuc_description:/home/manoj/ros2_ws/install/ur_description:/home/manoj/ros2_ws/install/my_mobile_manipulator_description:/opt/ros/humble /usr/bin/cmake /home/manoj/ros2_ws/src/moveit_resources/moveit_resources -DCMAKE_INSTALL_PREFIX=/home/manoj/ros2_ws/install/moveit_resources
[0.929s] Invoking command in '/home/manoj/ros2_ws/build/moveit_resources': AMENT_PREFIX_PATH=/home/manoj/ros2_ws/install/moveit_resources_panda_moveit_config:/home/manoj/ros2_ws/install/moveit_resources_fanuc_moveit_config:/home/manoj/ros2_ws/install/moveit_resources_pr2_description:/home/manoj/ros2_ws/install/moveit_resources_panda_description:/home/manoj/ros2_ws/install/moveit_resources_fanuc_description:${AMENT_PREFIX_PATH} CMAKE_PREFIX_PATH=/home/manoj/ros2_ws/install/moveit_resources_panda_moveit_config:/home/manoj/ros2_ws/install/moveit_resources_fanuc_moveit_config:/home/manoj/ros2_ws/install/moveit_resources_pr2_description:/home/manoj/ros2_ws/install/moveit_resources_panda_description:/home/manoj/ros2_ws/install/moveit_resources_fanuc_description:/home/manoj/ros2_ws/install/ur_description:/home/manoj/ros2_ws/install/my_mobile_manipulator_description:/opt/ros/humble /usr/bin/cmake --build /home/manoj/ros2_ws/build/moveit_resources -- -j12 -l12
[0.981s] Invoked command in '/home/manoj/ros2_ws/build/moveit_resources' returned '0': AMENT_PREFIX_PATH=/home/manoj/ros2_ws/install/moveit_resources_panda_moveit_config:/home/manoj/ros2_ws/install/moveit_resources_fanuc_moveit_config:/home/manoj/ros2_ws/install/moveit_resources_pr2_description:/home/manoj/ros2_ws/install/moveit_resources_panda_description:/home/manoj/ros2_ws/install/moveit_resources_fanuc_description:${AMENT_PREFIX_PATH} CMAKE_PREFIX_PATH=/home/manoj/ros2_ws/install/moveit_resources_panda_moveit_config:/home/manoj/ros2_ws/install/moveit_resources_fanuc_moveit_config:/home/manoj/ros2_ws/install/moveit_resources_pr2_description:/home/manoj/ros2_ws/install/moveit_resources_panda_description:/home/manoj/ros2_ws/install/moveit_resources_fanuc_description:/home/manoj/ros2_ws/install/ur_description:/home/manoj/ros2_ws/install/my_mobile_manipulator_description:/opt/ros/humble /usr/bin/cmake --build /home/manoj/ros2_ws/build/moveit_resources -- -j12 -l12
[0.983s] Invoking command in '/home/manoj/ros2_ws/build/moveit_resources': AMENT_PREFIX_PATH=/home/manoj/ros2_ws/install/moveit_resources_panda_moveit_config:/home/manoj/ros2_ws/install/moveit_resources_fanuc_moveit_config:/home/manoj/ros2_ws/install/moveit_resources_pr2_description:/home/manoj/ros2_ws/install/moveit_resources_panda_description:/home/manoj/ros2_ws/install/moveit_resources_fanuc_description:${AMENT_PREFIX_PATH} CMAKE_PREFIX_PATH=/home/manoj/ros2_ws/install/moveit_resources_panda_moveit_config:/home/manoj/ros2_ws/install/moveit_resources_fanuc_moveit_config:/home/manoj/ros2_ws/install/moveit_resources_pr2_description:/home/manoj/ros2_ws/install/moveit_resources_panda_description:/home/manoj/ros2_ws/install/moveit_resources_fanuc_description:/home/manoj/ros2_ws/install/ur_description:/home/manoj/ros2_ws/install/my_mobile_manipulator_description:/opt/ros/humble /usr/bin/cmake --install /home/manoj/ros2_ws/build/moveit_resources
[0.993s] -- Install configuration: ""
[0.993s] -- Installing: /home/manoj/ros2_ws/install/moveit_resources/share/ament_index/resource_index/package_run_dependencies/moveit_resources
[0.994s] -- Installing: /home/manoj/ros2_ws/install/moveit_resources/share/ament_index/resource_index/parent_prefix_path/moveit_resources
[0.994s] -- Installing: /home/manoj/ros2_ws/install/moveit_resources/share/moveit_resources/environment/ament_prefix_path.sh
[0.994s] -- Installing: /home/manoj/ros2_ws/install/moveit_resources/share/moveit_resources/environment/ament_prefix_path.dsv
[0.994s] -- Installing: /home/manoj/ros2_ws/install/moveit_resources/share/moveit_resources/environment/path.sh
[0.994s] -- Installing: /home/manoj/ros2_ws/install/moveit_resources/share/moveit_resources/environment/path.dsv
[0.994s] -- Installing: /home/manoj/ros2_ws/install/moveit_resources/share/moveit_resources/local_setup.bash
[0.994s] -- Installing: /home/manoj/ros2_ws/install/moveit_resources/share/moveit_resources/local_setup.sh
[0.995s] -- Installing: /home/manoj/ros2_ws/install/moveit_resources/share/moveit_resources/local_setup.zsh
[0.995s] -- Installing: /home/manoj/ros2_ws/install/moveit_resources/share/moveit_resources/local_setup.dsv
[0.995s] -- Installing: /home/manoj/ros2_ws/install/moveit_resources/share/moveit_resources/package.dsv
[0.995s] -- Installing: /home/manoj/ros2_ws/install/moveit_resources/share/ament_index/resource_index/packages/moveit_resources
[0.995s] -- Installing: /home/manoj/ros2_ws/install/moveit_resources/share/moveit_resources/cmake/moveit_resourcesConfig.cmake
[0.995s] -- Installing: /home/manoj/ros2_ws/install/moveit_resources/share/moveit_resources/cmake/moveit_resourcesConfig-version.cmake
[0.995s] -- Installing: /home/manoj/ros2_ws/install/moveit_resources/share/moveit_resources/package.xml
[0.997s] Invoked command in '/home/manoj/ros2_ws/build/moveit_resources' returned '0': AMENT_PREFIX_PATH=/home/manoj/ros2_ws/install/moveit_resources_panda_moveit_config:/home/manoj/ros2_ws/install/moveit_resources_fanuc_moveit_config:/home/manoj/ros2_ws/install/moveit_resources_pr2_description:/home/manoj/ros2_ws/install/moveit_resources_panda_description:/home/manoj/ros2_ws/install/moveit_resources_fanuc_description:${AMENT_PREFIX_PATH} CMAKE_PREFIX_PATH=/home/manoj/ros2_ws/install/moveit_resources_panda_moveit_config:/home/manoj/ros2_ws/install/moveit_resources_fanuc_moveit_config:/home/manoj/ros2_ws/install/moveit_resources_pr2_description:/home/manoj/ros2_ws/install/moveit_resources_panda_description:/home/manoj/ros2_ws/install/moveit_resources_fanuc_description:/home/manoj/ros2_ws/install/ur_description:/home/manoj/ros2_ws/install/my_mobile_manipulator_description:/opt/ros/humble /usr/bin/cmake --install /home/manoj/ros2_ws/build/moveit_resources
