[0.951s] Invoking command in '/home/manoj/ros2_ws/build/moveit_configs_utils': PYTHONPATH=/home/manoj/ros2_ws/build/moveit_configs_utils/prefix_override:/usr/lib/python3/dist-packages/colcon_core/task/python/colcon_distutils_commands:/home/manoj/ros2_ws/install/moveit_configs_utils/lib/python3.10/site-packages:${PYTHONPATH} /usr/bin/python3 -W ignore:setup.py install is deprecated -W ignore:easy_install command is deprecated setup.py develop --editable --build-directory /home/manoj/ros2_ws/build/moveit_configs_utils/build --no-deps symlink_data --force
[1.371s] running develop
[1.692s] running egg_info
[1.692s] writing moveit_configs_utils.egg-info/PKG-INFO
[1.692s] writing dependency_links to moveit_configs_utils.egg-info/dependency_links.txt
[1.693s] writing entry points to moveit_configs_utils.egg-info/entry_points.txt
[1.693s] writing requirements to moveit_configs_utils.egg-info/requires.txt
[1.693s] writing top-level names to moveit_configs_utils.egg-info/top_level.txt
[1.696s] reading manifest file 'moveit_configs_utils.egg-info/SOURCES.txt'
[1.697s] writing manifest file 'moveit_configs_utils.egg-info/SOURCES.txt'
[1.698s] running build_ext
[1.698s] Creating /home/manoj/ros2_ws/install/moveit_configs_utils/lib/python3.10/site-packages/moveit-configs-utils.egg-link (link to .)
[1.699s] 
[1.699s] Installed /home/manoj/ros2_ws/build/moveit_configs_utils
[1.699s] running symlink_data
[1.699s] symbolically linking /home/manoj/ros2_ws/build/moveit_configs_utils/resource/moveit_configs_utils -> /home/manoj/ros2_ws/install/moveit_configs_utils/share/ament_index/resource_index/packages
[1.700s] symbolically linking /home/manoj/ros2_ws/build/moveit_configs_utils/package.xml -> /home/manoj/ros2_ws/install/moveit_configs_utils/share/moveit_configs_utils
[1.700s] symbolically linking /home/manoj/ros2_ws/build/moveit_configs_utils/default_configs/chomp_planning.yaml -> /home/manoj/ros2_ws/install/moveit_configs_utils/share/moveit_configs_utils/default_configs
[1.700s] symbolically linking /home/manoj/ros2_ws/build/moveit_configs_utils/default_configs/ompl_defaults.yaml -> /home/manoj/ros2_ws/install/moveit_configs_utils/share/moveit_configs_utils/default_configs
[1.700s] symbolically linking /home/manoj/ros2_ws/build/moveit_configs_utils/default_configs/ompl_planning.yaml -> /home/manoj/ros2_ws/install/moveit_configs_utils/share/moveit_configs_utils/default_configs
[1.700s] symbolically linking /home/manoj/ros2_ws/build/moveit_configs_utils/default_configs/pilz_industrial_motion_planner_planning.yaml -> /home/manoj/ros2_ws/install/moveit_configs_utils/share/moveit_configs_utils/default_configs
[1.738s] Invoked command in '/home/manoj/ros2_ws/build/moveit_configs_utils' returned '0': PYTHONPATH=/home/manoj/ros2_ws/build/moveit_configs_utils/prefix_override:/usr/lib/python3/dist-packages/colcon_core/task/python/colcon_distutils_commands:/home/manoj/ros2_ws/install/moveit_configs_utils/lib/python3.10/site-packages:${PYTHONPATH} /usr/bin/python3 -W ignore:setup.py install is deprecated -W ignore:easy_install command is deprecated setup.py develop --editable --build-directory /home/manoj/ros2_ws/build/moveit_configs_utils/build --no-deps symlink_data --force
