[0.036s] Invoking command in '/home/manoj/ros2_ws/build/moveit_ros_perception': AMENT_PREFIX_PATH=/home/manoj/ros2_ws/install/moveit_ros_planning:/home/manoj/ros2_ws/install/moveit_ros_occupancy_map_monitor:/home/manoj/ros2_ws/install/moveit_core:/home/manoj/ros2_ws/install/moveit_resources_panda_moveit_config:/home/manoj/ros2_ws/install/moveit_resources_pr2_description:/home/manoj/ros2_ws/install/moveit_resources_panda_description:/home/manoj/ros2_ws/install/moveit_configs_utils:/home/manoj/ros2_ws/install/moveit_common:${AMENT_PREFIX_PATH} CMAKE_PREFIX_PATH=/home/manoj/ros2_ws/install/moveit_ros_planning:/home/manoj/ros2_ws/install/moveit_ros_occupancy_map_monitor:/home/manoj/ros2_ws/install/moveit_core:/home/manoj/ros2_ws/install/moveit_resources_panda_moveit_config:/home/manoj/ros2_ws/install/moveit_resources_pr2_description:/home/manoj/ros2_ws/install/moveit_resources_panda_description:/home/manoj/ros2_ws/install/moveit_common:/opt/ros/humble LD_LIBRARY_PATH=/home/manoj/ros2_ws/install/moveit_ros_planning/lib:/home/manoj/ros2_ws/install/moveit_ros_occupancy_map_monitor/lib:/home/manoj/ros2_ws/install/moveit_core/lib:${LD_LIBRARY_PATH} PATH=/home/manoj/ros2_ws/install/moveit_core/bin:${PATH} PYTHONPATH=/home/manoj/ros2_ws/install/moveit_configs_utils/lib/python3.10/site-packages:${PYTHONPATH} /usr/bin/cmake /home/manoj/ros2_ws/src/moveit2/moveit_ros/perception -DCMAKE_BUILD_TYPE=Release -DCMAKE_INSTALL_PREFIX=/home/manoj/ros2_ws/install/moveit_ros_perception
[0.050s] -- Found moveit_common: 2.5.9 (/home/manoj/ros2_ws/install/moveit_common/share/moveit_common/cmake)
[0.050s] -- Found ament_cmake: 1.3.11 (/opt/ros/humble/share/ament_cmake/cmake)
[0.205s] -- Override CMake install command with custom implementation using symlinks instead of copying resources
[0.364s] -- Checking for module 'glut'
[0.367s] --   No package 'glut' found
[0.370s] -- Found cv_bridge: 3.2.1 (/opt/ros/humble/share/cv_bridge/cmake)
[0.403s] -- Found rosidl_generator_c: 3.1.6 (/opt/ros/humble/share/rosidl_generator_c/cmake)
[0.407s] -- Found rosidl_adapter: 3.1.6 (/opt/ros/humble/share/rosidl_adapter/cmake)
[0.415s] -- Found rosidl_generator_cpp: 3.1.6 (/opt/ros/humble/share/rosidl_generator_cpp/cmake)
[0.428s] -- Using all available rosidl_typesupport_c: rosidl_typesupport_fastrtps_c;rosidl_typesupport_introspection_c
[0.447s] -- Using all available rosidl_typesupport_cpp: rosidl_typesupport_fastrtps_cpp;rosidl_typesupport_introspection_cpp
[0.518s] -- Found moveit_core: 2.5.9 (/home/manoj/ros2_ws/install/moveit_core/share/moveit_core/cmake)
[0.535s] -- Found Boost: /usr/lib/x86_64-linux-gnu/cmake/Boost-1.74.0/BoostConfig.cmake (found version "1.74.0") found components: chrono date_time filesystem iostreams program_options regex serialization system thread 
[0.569s] -- Found parameter_traits: 0.4.0 (/opt/ros/humble/share/parameter_traits/cmake)
[0.605s] -- Found rmw_implementation_cmake: 6.1.2 (/opt/ros/humble/share/rmw_implementation_cmake/cmake)
[0.607s] -- Found rmw_fastrtps_cpp: 6.2.7 (/opt/ros/humble/share/rmw_fastrtps_cpp/cmake)
[0.749s] -- Using RMW implementation 'rmw_fastrtps_cpp' as default
[0.808s] -- Found rclcpp_lifecycle: 16.0.12 (/opt/ros/humble/share/rclcpp_lifecycle/cmake)
[0.832s] -- Found Boost: /usr/lib/x86_64-linux-gnu/cmake/Boost-1.74.0/BoostConfig.cmake (found version "1.74.0") found components: filesystem 
[0.879s] -- library: /usr/lib/x86_64-linux-gnu/libcurl.so
[0.931s] -- Ensuring Eigen3 include directory is part of orocos-kdl CMake target
[1.199s] -- Found image_transport: 3.1.11 (/opt/ros/humble/share/image_transport/cmake)
[1.208s] -- Found moveit_ros_occupancy_map_monitor: 2.5.9 (/home/manoj/ros2_ws/install/moveit_ros_occupancy_map_monitor/share/moveit_ros_occupancy_map_monitor/cmake)
[1.231s] -- Found Boost: /usr/lib/x86_64-linux-gnu/cmake/Boost-1.74.0/BoostConfig.cmake (found version "1.74.0") found components: thread 
[1.295s] -- Found ament_lint_auto: 0.12.12 (/opt/ros/humble/share/ament_lint_auto/cmake)
[1.317s] -- Added test 'cppcheck' to perform static code analysis on C / C++ code
[1.317s] -- Configured cppcheck include dirs: /home/manoj/ros2_ws/src/moveit2/moveit_ros/perception/depth_image_octomap_updater/include;/home/manoj/ros2_ws/src/moveit2/moveit_ros/perception/lazy_free_space_updater/include;/home/manoj/ros2_ws/src/moveit2/moveit_ros/perception/mesh_filter/include;/home/manoj/ros2_ws/src/moveit2/moveit_ros/perception/point_containment_filter/include;/home/manoj/ros2_ws/src/moveit2/moveit_ros/perception/pointcloud_octomap_updater/include;/home/manoj/ros2_ws/src/moveit2/moveit_ros/perception/semantic_world/include
[1.317s] -- Configured cppcheck exclude dirs and/or files: 
[1.320s] -- Added test 'lint_cmake' to check CMake code style
[1.323s] -- Added test 'xmllint' to check XML markup files
[1.325s] -- Configuring done
[1.497s] -- Generating done
[1.544s] -- Build files have been written to: /home/manoj/ros2_ws/build/moveit_ros_perception
[1.568s] Invoked command in '/home/manoj/ros2_ws/build/moveit_ros_perception' returned '0': AMENT_PREFIX_PATH=/home/manoj/ros2_ws/install/moveit_ros_planning:/home/manoj/ros2_ws/install/moveit_ros_occupancy_map_monitor:/home/manoj/ros2_ws/install/moveit_core:/home/manoj/ros2_ws/install/moveit_resources_panda_moveit_config:/home/manoj/ros2_ws/install/moveit_resources_pr2_description:/home/manoj/ros2_ws/install/moveit_resources_panda_description:/home/manoj/ros2_ws/install/moveit_configs_utils:/home/manoj/ros2_ws/install/moveit_common:${AMENT_PREFIX_PATH} CMAKE_PREFIX_PATH=/home/manoj/ros2_ws/install/moveit_ros_planning:/home/manoj/ros2_ws/install/moveit_ros_occupancy_map_monitor:/home/manoj/ros2_ws/install/moveit_core:/home/manoj/ros2_ws/install/moveit_resources_panda_moveit_config:/home/manoj/ros2_ws/install/moveit_resources_pr2_description:/home/manoj/ros2_ws/install/moveit_resources_panda_description:/home/manoj/ros2_ws/install/moveit_common:/opt/ros/humble LD_LIBRARY_PATH=/home/manoj/ros2_ws/install/moveit_ros_planning/lib:/home/manoj/ros2_ws/install/moveit_ros_occupancy_map_monitor/lib:/home/manoj/ros2_ws/install/moveit_core/lib:${LD_LIBRARY_PATH} PATH=/home/manoj/ros2_ws/install/moveit_core/bin:${PATH} PYTHONPATH=/home/manoj/ros2_ws/install/moveit_configs_utils/lib/python3.10/site-packages:${PYTHONPATH} /usr/bin/cmake /home/manoj/ros2_ws/src/moveit2/moveit_ros/perception -DCMAKE_BUILD_TYPE=Release -DCMAKE_INSTALL_PREFIX=/home/manoj/ros2_ws/install/moveit_ros_perception
[1.569s] Invoking command in '/home/manoj/ros2_ws/build/moveit_ros_perception': AMENT_PREFIX_PATH=/home/manoj/ros2_ws/install/moveit_ros_planning:/home/manoj/ros2_ws/install/moveit_ros_occupancy_map_monitor:/home/manoj/ros2_ws/install/moveit_core:/home/manoj/ros2_ws/install/moveit_resources_panda_moveit_config:/home/manoj/ros2_ws/install/moveit_resources_pr2_description:/home/manoj/ros2_ws/install/moveit_resources_panda_description:/home/manoj/ros2_ws/install/moveit_configs_utils:/home/manoj/ros2_ws/install/moveit_common:${AMENT_PREFIX_PATH} CMAKE_PREFIX_PATH=/home/manoj/ros2_ws/install/moveit_ros_planning:/home/manoj/ros2_ws/install/moveit_ros_occupancy_map_monitor:/home/manoj/ros2_ws/install/moveit_core:/home/manoj/ros2_ws/install/moveit_resources_panda_moveit_config:/home/manoj/ros2_ws/install/moveit_resources_pr2_description:/home/manoj/ros2_ws/install/moveit_resources_panda_description:/home/manoj/ros2_ws/install/moveit_common:/opt/ros/humble LD_LIBRARY_PATH=/home/manoj/ros2_ws/install/moveit_ros_planning/lib:/home/manoj/ros2_ws/install/moveit_ros_occupancy_map_monitor/lib:/home/manoj/ros2_ws/install/moveit_core/lib:${LD_LIBRARY_PATH} PATH=/home/manoj/ros2_ws/install/moveit_core/bin:${PATH} PYTHONPATH=/home/manoj/ros2_ws/install/moveit_configs_utils/lib/python3.10/site-packages:${PYTHONPATH} /usr/bin/cmake --build /home/manoj/ros2_ws/build/moveit_ros_perception -- -j12 -l12
[1.639s] [35m[1mConsolidate compiler generated dependencies of target moveit_lazy_free_space_updater[0m
[1.663s] [ 10%] Built target moveit_lazy_free_space_updater
[1.677s] [35m[1mConsolidate compiler generated dependencies of target moveit_semantic_world[0m
[1.720s] [ 20%] Built target moveit_semantic_world
[1.738s] [35m[1mConsolidate compiler generated dependencies of target moveit_mesh_filter[0m
[1.773s] [ 50%] Built target moveit_mesh_filter
[1.787s] [35m[1mConsolidate compiler generated dependencies of target moveit_point_containment_filter[0m
[1.814s] [ 60%] Built target moveit_point_containment_filter
[1.827s] [35m[1mConsolidate compiler generated dependencies of target moveit_depth_image_octomap_updater_core[0m
[1.867s] [ 70%] Built target moveit_depth_image_octomap_updater_core
[1.890s] [35m[1mConsolidate compiler generated dependencies of target moveit_pointcloud_octomap_updater_core[0m
[1.917s] [ 80%] Built target moveit_pointcloud_octomap_updater_core
[1.935s] [35m[1mConsolidate compiler generated dependencies of target moveit_depth_image_octomap_updater[0m
[1.956s] [ 90%] Built target moveit_depth_image_octomap_updater
[1.965s] [35m[1mConsolidate compiler generated dependencies of target moveit_pointcloud_octomap_updater[0m
[1.988s] [100%] Built target moveit_pointcloud_octomap_updater
[2.015s] Invoked command in '/home/manoj/ros2_ws/build/moveit_ros_perception' returned '0': AMENT_PREFIX_PATH=/home/manoj/ros2_ws/install/moveit_ros_planning:/home/manoj/ros2_ws/install/moveit_ros_occupancy_map_monitor:/home/manoj/ros2_ws/install/moveit_core:/home/manoj/ros2_ws/install/moveit_resources_panda_moveit_config:/home/manoj/ros2_ws/install/moveit_resources_pr2_description:/home/manoj/ros2_ws/install/moveit_resources_panda_description:/home/manoj/ros2_ws/install/moveit_configs_utils:/home/manoj/ros2_ws/install/moveit_common:${AMENT_PREFIX_PATH} CMAKE_PREFIX_PATH=/home/manoj/ros2_ws/install/moveit_ros_planning:/home/manoj/ros2_ws/install/moveit_ros_occupancy_map_monitor:/home/manoj/ros2_ws/install/moveit_core:/home/manoj/ros2_ws/install/moveit_resources_panda_moveit_config:/home/manoj/ros2_ws/install/moveit_resources_pr2_description:/home/manoj/ros2_ws/install/moveit_resources_panda_description:/home/manoj/ros2_ws/install/moveit_common:/opt/ros/humble LD_LIBRARY_PATH=/home/manoj/ros2_ws/install/moveit_ros_planning/lib:/home/manoj/ros2_ws/install/moveit_ros_occupancy_map_monitor/lib:/home/manoj/ros2_ws/install/moveit_core/lib:${LD_LIBRARY_PATH} PATH=/home/manoj/ros2_ws/install/moveit_core/bin:${PATH} PYTHONPATH=/home/manoj/ros2_ws/install/moveit_configs_utils/lib/python3.10/site-packages:${PYTHONPATH} /usr/bin/cmake --build /home/manoj/ros2_ws/build/moveit_ros_perception -- -j12 -l12
[2.018s] Invoking command in '/home/manoj/ros2_ws/build/moveit_ros_perception': AMENT_PREFIX_PATH=/home/manoj/ros2_ws/install/moveit_ros_planning:/home/manoj/ros2_ws/install/moveit_ros_occupancy_map_monitor:/home/manoj/ros2_ws/install/moveit_core:/home/manoj/ros2_ws/install/moveit_resources_panda_moveit_config:/home/manoj/ros2_ws/install/moveit_resources_pr2_description:/home/manoj/ros2_ws/install/moveit_resources_panda_description:/home/manoj/ros2_ws/install/moveit_configs_utils:/home/manoj/ros2_ws/install/moveit_common:${AMENT_PREFIX_PATH} CMAKE_PREFIX_PATH=/home/manoj/ros2_ws/install/moveit_ros_planning:/home/manoj/ros2_ws/install/moveit_ros_occupancy_map_monitor:/home/manoj/ros2_ws/install/moveit_core:/home/manoj/ros2_ws/install/moveit_resources_panda_moveit_config:/home/manoj/ros2_ws/install/moveit_resources_pr2_description:/home/manoj/ros2_ws/install/moveit_resources_panda_description:/home/manoj/ros2_ws/install/moveit_common:/opt/ros/humble LD_LIBRARY_PATH=/home/manoj/ros2_ws/install/moveit_ros_planning/lib:/home/manoj/ros2_ws/install/moveit_ros_occupancy_map_monitor/lib:/home/manoj/ros2_ws/install/moveit_core/lib:${LD_LIBRARY_PATH} PATH=/home/manoj/ros2_ws/install/moveit_core/bin:${PATH} PYTHONPATH=/home/manoj/ros2_ws/install/moveit_configs_utils/lib/python3.10/site-packages:${PYTHONPATH} /usr/bin/cmake --install /home/manoj/ros2_ws/build/moveit_ros_perception
[2.027s] -- Install configuration: "Release"
[2.028s] -- Execute custom install script
[2.028s] -- Up-to-date symlink: /home/manoj/ros2_ws/install/moveit_ros_perception/include/moveit/lazy_free_space_updater/lazy_free_space_updater.h
[2.028s] -- Up-to-date symlink: /home/manoj/ros2_ws/install/moveit_ros_perception/include/moveit/point_containment_filter/shape_mask.h
[2.029s] -- Up-to-date symlink: /home/manoj/ros2_ws/install/moveit_ros_perception/include/moveit/pointcloud_octomap_updater/pointcloud_octomap_updater.h
[2.029s] -- Up-to-date symlink: /home/manoj/ros2_ws/install/moveit_ros_perception/include/moveit/mesh_filter/depth_self_filter_nodelet.h
[2.029s] -- Up-to-date symlink: /home/manoj/ros2_ws/install/moveit_ros_perception/include/moveit/mesh_filter/filter_job.h
[2.029s] -- Up-to-date symlink: /home/manoj/ros2_ws/install/moveit_ros_perception/include/moveit/mesh_filter/gl_mesh.h
[2.030s] -- Up-to-date symlink: /home/manoj/ros2_ws/install/moveit_ros_perception/include/moveit/mesh_filter/gl_renderer.h
[2.030s] -- Up-to-date symlink: /home/manoj/ros2_ws/install/moveit_ros_perception/include/moveit/mesh_filter/mesh_filter.h
[2.030s] -- Up-to-date symlink: /home/manoj/ros2_ws/install/moveit_ros_perception/include/moveit/mesh_filter/mesh_filter_base.h
[2.030s] -- Up-to-date symlink: /home/manoj/ros2_ws/install/moveit_ros_perception/include/moveit/mesh_filter/sensor_model.h
[2.030s] -- Up-to-date symlink: /home/manoj/ros2_ws/install/moveit_ros_perception/include/moveit/mesh_filter/stereo_camera_model.h
[2.030s] -- Up-to-date symlink: /home/manoj/ros2_ws/install/moveit_ros_perception/include/moveit/mesh_filter/transform_provider.h
[2.030s] -- Up-to-date symlink: /home/manoj/ros2_ws/install/moveit_ros_perception/include/moveit_mesh_filter_export.h
[2.031s] -- Up-to-date symlink: /home/manoj/ros2_ws/install/moveit_ros_perception/include/moveit/depth_image_octomap_updater/depth_image_octomap_updater.h
[2.031s] -- Up-to-date symlink: /home/manoj/ros2_ws/install/moveit_ros_perception/include/moveit/semantic_world/semantic_world.h
[2.032s] -- Up-to-date symlink: /home/manoj/ros2_ws/install/moveit_ros_perception/share/moveit_ros_perception/environment/library_path.sh
[2.032s] -- Up-to-date symlink: /home/manoj/ros2_ws/install/moveit_ros_perception/share/moveit_ros_perception/environment/library_path.dsv
[2.032s] -- Up-to-date symlink: /home/manoj/ros2_ws/install/moveit_ros_perception/share/moveit_ros_perception//pointcloud_octomap_updater_plugin_description.xml
[2.032s] -- Up-to-date symlink: /home/manoj/ros2_ws/install/moveit_ros_perception/share/moveit_ros_perception//depth_image_octomap_updater_plugin_description.xml
[2.032s] -- Up-to-date symlink: /home/manoj/ros2_ws/install/moveit_ros_perception/share/ament_index/resource_index/package_run_dependencies/moveit_ros_perception
[2.033s] -- Up-to-date symlink: /home/manoj/ros2_ws/install/moveit_ros_perception/share/ament_index/resource_index/parent_prefix_path/moveit_ros_perception
[2.033s] -- Up-to-date symlink: /home/manoj/ros2_ws/install/moveit_ros_perception/share/moveit_ros_perception/environment/ament_prefix_path.sh
[2.033s] -- Up-to-date symlink: /home/manoj/ros2_ws/install/moveit_ros_perception/share/moveit_ros_perception/environment/ament_prefix_path.dsv
[2.033s] -- Up-to-date symlink: /home/manoj/ros2_ws/install/moveit_ros_perception/share/moveit_ros_perception/environment/path.sh
[2.034s] -- Up-to-date symlink: /home/manoj/ros2_ws/install/moveit_ros_perception/share/moveit_ros_perception/environment/path.dsv
[2.034s] -- Up-to-date symlink: /home/manoj/ros2_ws/install/moveit_ros_perception/share/moveit_ros_perception/local_setup.bash
[2.034s] -- Up-to-date symlink: /home/manoj/ros2_ws/install/moveit_ros_perception/share/moveit_ros_perception/local_setup.sh
[2.034s] -- Up-to-date symlink: /home/manoj/ros2_ws/install/moveit_ros_perception/share/moveit_ros_perception/local_setup.zsh
[2.034s] -- Up-to-date symlink: /home/manoj/ros2_ws/install/moveit_ros_perception/share/moveit_ros_perception/local_setup.dsv
[2.035s] -- Symlinking: /home/manoj/ros2_ws/install/moveit_ros_perception/share/moveit_ros_perception/package.dsv
[2.045s] -- Up-to-date symlink: /home/manoj/ros2_ws/install/moveit_ros_perception/share/ament_index/resource_index/packages/moveit_ros_perception
[2.049s] -- Up-to-date symlink: /home/manoj/ros2_ws/install/moveit_ros_perception/share/ament_index/resource_index/moveit_ros_occupancy_map_monitor__pluginlib__plugin/moveit_ros_perception
[2.049s] -- Up-to-date symlink: /home/manoj/ros2_ws/install/moveit_ros_perception/share/moveit_ros_perception/cmake/ConfigExtras.cmake
[2.049s] -- Up-to-date symlink: /home/manoj/ros2_ws/install/moveit_ros_perception/share/moveit_ros_perception/cmake/ament_cmake_export_targets-extras.cmake
[2.049s] -- Up-to-date symlink: /home/manoj/ros2_ws/install/moveit_ros_perception/share/moveit_ros_perception/cmake/ament_cmake_export_dependencies-extras.cmake
[2.049s] -- Up-to-date symlink: /home/manoj/ros2_ws/install/moveit_ros_perception/share/moveit_ros_perception/cmake/moveit_ros_perceptionConfig.cmake
[2.049s] -- Up-to-date symlink: /home/manoj/ros2_ws/install/moveit_ros_perception/share/moveit_ros_perception/cmake/moveit_ros_perceptionConfig-version.cmake
[2.049s] -- Up-to-date symlink: /home/manoj/ros2_ws/install/moveit_ros_perception/share/moveit_ros_perception/package.xml
[2.051s] -- Up-to-date: /home/manoj/ros2_ws/install/moveit_ros_perception/lib/libmoveit_depth_image_octomap_updater.so.2.5.9
[2.052s] -- Up-to-date: /home/manoj/ros2_ws/install/moveit_ros_perception/lib/libmoveit_depth_image_octomap_updater.so
[2.056s] -- Up-to-date: /home/manoj/ros2_ws/install/moveit_ros_perception/lib/libmoveit_depth_image_octomap_updater_core.so.2.5.9
[2.057s] -- Up-to-date: /home/manoj/ros2_ws/install/moveit_ros_perception/lib/libmoveit_depth_image_octomap_updater_core.so
[2.057s] -- Up-to-date: /home/manoj/ros2_ws/install/moveit_ros_perception/lib/libmoveit_lazy_free_space_updater.so.2.5.9
[2.058s] -- Up-to-date: /home/manoj/ros2_ws/install/moveit_ros_perception/lib/libmoveit_lazy_free_space_updater.so
[2.070s] -- Up-to-date: /home/manoj/ros2_ws/install/moveit_ros_perception/lib/libmoveit_mesh_filter.so.2.5.9
[2.070s] -- Up-to-date: /home/manoj/ros2_ws/install/moveit_ros_perception/lib/libmoveit_mesh_filter.so
[2.071s] -- Up-to-date: /home/manoj/ros2_ws/install/moveit_ros_perception/lib/libmoveit_point_containment_filter.so.2.5.9
[2.071s] -- Up-to-date: /home/manoj/ros2_ws/install/moveit_ros_perception/lib/libmoveit_point_containment_filter.so
[2.071s] -- Up-to-date: /home/manoj/ros2_ws/install/moveit_ros_perception/lib/libmoveit_pointcloud_octomap_updater.so.2.5.9
[2.071s] -- Up-to-date: /home/manoj/ros2_ws/install/moveit_ros_perception/lib/libmoveit_pointcloud_octomap_updater.so
[2.071s] -- Up-to-date: /home/manoj/ros2_ws/install/moveit_ros_perception/lib/libmoveit_pointcloud_octomap_updater_core.so.2.5.9
[2.071s] -- Up-to-date: /home/manoj/ros2_ws/install/moveit_ros_perception/lib/libmoveit_pointcloud_octomap_updater_core.so
[2.071s] -- Up-to-date: /home/manoj/ros2_ws/install/moveit_ros_perception/lib/libmoveit_semantic_world.so.2.5.9
[2.071s] -- Up-to-date: /home/manoj/ros2_ws/install/moveit_ros_perception/lib/libmoveit_semantic_world.so
[2.071s] -- Up-to-date: /home/manoj/ros2_ws/install/moveit_ros_perception/share/moveit_ros_perception/cmake/export_moveit_ros_perceptionExport.cmake
[2.073s] -- Up-to-date: /home/manoj/ros2_ws/install/moveit_ros_perception/share/moveit_ros_perception/cmake/export_moveit_ros_perceptionExport-release.cmake
[2.076s] Invoked command in '/home/manoj/ros2_ws/build/moveit_ros_perception' returned '0': AMENT_PREFIX_PATH=/home/manoj/ros2_ws/install/moveit_ros_planning:/home/manoj/ros2_ws/install/moveit_ros_occupancy_map_monitor:/home/manoj/ros2_ws/install/moveit_core:/home/manoj/ros2_ws/install/moveit_resources_panda_moveit_config:/home/manoj/ros2_ws/install/moveit_resources_pr2_description:/home/manoj/ros2_ws/install/moveit_resources_panda_description:/home/manoj/ros2_ws/install/moveit_configs_utils:/home/manoj/ros2_ws/install/moveit_common:${AMENT_PREFIX_PATH} CMAKE_PREFIX_PATH=/home/manoj/ros2_ws/install/moveit_ros_planning:/home/manoj/ros2_ws/install/moveit_ros_occupancy_map_monitor:/home/manoj/ros2_ws/install/moveit_core:/home/manoj/ros2_ws/install/moveit_resources_panda_moveit_config:/home/manoj/ros2_ws/install/moveit_resources_pr2_description:/home/manoj/ros2_ws/install/moveit_resources_panda_description:/home/manoj/ros2_ws/install/moveit_common:/opt/ros/humble LD_LIBRARY_PATH=/home/manoj/ros2_ws/install/moveit_ros_planning/lib:/home/manoj/ros2_ws/install/moveit_ros_occupancy_map_monitor/lib:/home/manoj/ros2_ws/install/moveit_core/lib:${LD_LIBRARY_PATH} PATH=/home/manoj/ros2_ws/install/moveit_core/bin:${PATH} PYTHONPATH=/home/manoj/ros2_ws/install/moveit_configs_utils/lib/python3.10/site-packages:${PYTHONPATH} /usr/bin/cmake --install /home/manoj/ros2_ws/build/moveit_ros_perception
