[0.028s] Invoking command in '/home/manoj/ros2_ws/build/moveit_ros_perception': AMENT_PREFIX_PATH=/home/manoj/ros2_ws/install/moveit_ros_planning:/home/manoj/ros2_ws/install/moveit_ros_occupancy_map_monitor:/home/manoj/ros2_ws/install/moveit_core:/home/manoj/ros2_ws/install/moveit_resources_panda_moveit_config:/home/manoj/ros2_ws/install/moveit_resources_pr2_description:/home/manoj/ros2_ws/install/moveit_resources_panda_description:/home/manoj/ros2_ws/install/moveit_configs_utils:/home/manoj/ros2_ws/install/moveit_common:${AMENT_PREFIX_PATH} CMAKE_PREFIX_PATH=/home/manoj/ros2_ws/install/moveit_ros_planning:/home/manoj/ros2_ws/install/moveit_ros_occupancy_map_monitor:/home/manoj/ros2_ws/install/moveit_core:/home/manoj/ros2_ws/install/moveit_resources_panda_moveit_config:/home/manoj/ros2_ws/install/moveit_resources_pr2_description:/home/manoj/ros2_ws/install/moveit_resources_panda_description:/home/manoj/ros2_ws/install/moveit_common:/home/manoj/ros3_ws/src/install/my_mobile_manipulator_description:/opt/ros/humble LD_LIBRARY_PATH=/home/manoj/ros2_ws/install/moveit_ros_planning/lib:/home/manoj/ros2_ws/install/moveit_ros_occupancy_map_monitor/lib:/home/manoj/ros2_ws/install/moveit_core/lib:${LD_LIBRARY_PATH} PATH=/home/manoj/ros2_ws/install/moveit_core/bin:${PATH} PYTHONPATH=/home/manoj/ros2_ws/install/moveit_configs_utils/lib/python3.10/site-packages:${PYTHONPATH} /usr/bin/cmake --build /home/manoj/ros2_ws/build/moveit_ros_perception -- -j12 -l12
[0.133s] [ 10%] Built target moveit_lazy_free_space_updater
[0.153s] [ 20%] Built target moveit_point_containment_filter
[0.157s] [ 60%] Built target moveit_semantic_world
[0.158s] [ 50%] Built target moveit_mesh_filter
[0.195s] [ 70%] Built target moveit_depth_image_octomap_updater_core
[0.196s] [ 80%] Built target moveit_pointcloud_octomap_updater_core
[0.263s] [ 90%] Built target moveit_depth_image_octomap_updater
[0.265s] [100%] Built target moveit_pointcloud_octomap_updater
[0.312s] Invoked command in '/home/manoj/ros2_ws/build/moveit_ros_perception' returned '0': AMENT_PREFIX_PATH=/home/manoj/ros2_ws/install/moveit_ros_planning:/home/manoj/ros2_ws/install/moveit_ros_occupancy_map_monitor:/home/manoj/ros2_ws/install/moveit_core:/home/manoj/ros2_ws/install/moveit_resources_panda_moveit_config:/home/manoj/ros2_ws/install/moveit_resources_pr2_description:/home/manoj/ros2_ws/install/moveit_resources_panda_description:/home/manoj/ros2_ws/install/moveit_configs_utils:/home/manoj/ros2_ws/install/moveit_common:${AMENT_PREFIX_PATH} CMAKE_PREFIX_PATH=/home/manoj/ros2_ws/install/moveit_ros_planning:/home/manoj/ros2_ws/install/moveit_ros_occupancy_map_monitor:/home/manoj/ros2_ws/install/moveit_core:/home/manoj/ros2_ws/install/moveit_resources_panda_moveit_config:/home/manoj/ros2_ws/install/moveit_resources_pr2_description:/home/manoj/ros2_ws/install/moveit_resources_panda_description:/home/manoj/ros2_ws/install/moveit_common:/home/manoj/ros3_ws/src/install/my_mobile_manipulator_description:/opt/ros/humble LD_LIBRARY_PATH=/home/manoj/ros2_ws/install/moveit_ros_planning/lib:/home/manoj/ros2_ws/install/moveit_ros_occupancy_map_monitor/lib:/home/manoj/ros2_ws/install/moveit_core/lib:${LD_LIBRARY_PATH} PATH=/home/manoj/ros2_ws/install/moveit_core/bin:${PATH} PYTHONPATH=/home/manoj/ros2_ws/install/moveit_configs_utils/lib/python3.10/site-packages:${PYTHONPATH} /usr/bin/cmake --build /home/manoj/ros2_ws/build/moveit_ros_perception -- -j12 -l12
[0.313s] Invoking command in '/home/manoj/ros2_ws/build/moveit_ros_perception': AMENT_PREFIX_PATH=/home/manoj/ros2_ws/install/moveit_ros_planning:/home/manoj/ros2_ws/install/moveit_ros_occupancy_map_monitor:/home/manoj/ros2_ws/install/moveit_core:/home/manoj/ros2_ws/install/moveit_resources_panda_moveit_config:/home/manoj/ros2_ws/install/moveit_resources_pr2_description:/home/manoj/ros2_ws/install/moveit_resources_panda_description:/home/manoj/ros2_ws/install/moveit_configs_utils:/home/manoj/ros2_ws/install/moveit_common:${AMENT_PREFIX_PATH} CMAKE_PREFIX_PATH=/home/manoj/ros2_ws/install/moveit_ros_planning:/home/manoj/ros2_ws/install/moveit_ros_occupancy_map_monitor:/home/manoj/ros2_ws/install/moveit_core:/home/manoj/ros2_ws/install/moveit_resources_panda_moveit_config:/home/manoj/ros2_ws/install/moveit_resources_pr2_description:/home/manoj/ros2_ws/install/moveit_resources_panda_description:/home/manoj/ros2_ws/install/moveit_common:/home/manoj/ros3_ws/src/install/my_mobile_manipulator_description:/opt/ros/humble LD_LIBRARY_PATH=/home/manoj/ros2_ws/install/moveit_ros_planning/lib:/home/manoj/ros2_ws/install/moveit_ros_occupancy_map_monitor/lib:/home/manoj/ros2_ws/install/moveit_core/lib:${LD_LIBRARY_PATH} PATH=/home/manoj/ros2_ws/install/moveit_core/bin:${PATH} PYTHONPATH=/home/manoj/ros2_ws/install/moveit_configs_utils/lib/python3.10/site-packages:${PYTHONPATH} /usr/bin/cmake --install /home/manoj/ros2_ws/build/moveit_ros_perception
[0.318s] -- Install configuration: "Release"
[0.318s] -- Execute custom install script
[0.319s] -- Up-to-date symlink: /home/manoj/ros2_ws/install/moveit_ros_perception/include/moveit/lazy_free_space_updater/lazy_free_space_updater.h
[0.320s] -- Up-to-date symlink: /home/manoj/ros2_ws/install/moveit_ros_perception/include/moveit/point_containment_filter/shape_mask.h
[0.326s] -- Up-to-date symlink: /home/manoj/ros2_ws/install/moveit_ros_perception/include/moveit/pointcloud_octomap_updater/pointcloud_octomap_updater.h
[0.326s] -- Up-to-date symlink: /home/manoj/ros2_ws/install/moveit_ros_perception/include/moveit/mesh_filter/depth_self_filter_nodelet.h
[0.326s] -- Up-to-date symlink: /home/manoj/ros2_ws/install/moveit_ros_perception/include/moveit/mesh_filter/filter_job.h
[0.326s] -- Up-to-date symlink: /home/manoj/ros2_ws/install/moveit_ros_perception/include/moveit/mesh_filter/gl_mesh.h
[0.327s] -- Up-to-date symlink: /home/manoj/ros2_ws/install/moveit_ros_perception/include/moveit/mesh_filter/gl_renderer.h
[0.327s] -- Up-to-date symlink: /home/manoj/ros2_ws/install/moveit_ros_perception/include/moveit/mesh_filter/mesh_filter.h
[0.327s] -- Up-to-date symlink: /home/manoj/ros2_ws/install/moveit_ros_perception/include/moveit/mesh_filter/mesh_filter_base.h
[0.327s] -- Up-to-date symlink: /home/manoj/ros2_ws/install/moveit_ros_perception/include/moveit/mesh_filter/sensor_model.h
[0.327s] -- Up-to-date symlink: /home/manoj/ros2_ws/install/moveit_ros_perception/include/moveit/mesh_filter/stereo_camera_model.h
[0.327s] -- Up-to-date symlink: /home/manoj/ros2_ws/install/moveit_ros_perception/include/moveit/mesh_filter/transform_provider.h
[0.327s] -- Up-to-date symlink: /home/manoj/ros2_ws/install/moveit_ros_perception/include/moveit_mesh_filter_export.h
[0.327s] -- Up-to-date symlink: /home/manoj/ros2_ws/install/moveit_ros_perception/include/moveit/depth_image_octomap_updater/depth_image_octomap_updater.h
[0.327s] -- Up-to-date symlink: /home/manoj/ros2_ws/install/moveit_ros_perception/include/moveit/semantic_world/semantic_world.h
[0.328s] -- Up-to-date symlink: /home/manoj/ros2_ws/install/moveit_ros_perception/share/moveit_ros_perception/environment/library_path.sh
[0.328s] -- Up-to-date symlink: /home/manoj/ros2_ws/install/moveit_ros_perception/share/moveit_ros_perception/environment/library_path.dsv
[0.328s] -- Up-to-date symlink: /home/manoj/ros2_ws/install/moveit_ros_perception/share/moveit_ros_perception//pointcloud_octomap_updater_plugin_description.xml
[0.328s] -- Up-to-date symlink: /home/manoj/ros2_ws/install/moveit_ros_perception/share/moveit_ros_perception//depth_image_octomap_updater_plugin_description.xml
[0.328s] -- Up-to-date symlink: /home/manoj/ros2_ws/install/moveit_ros_perception/share/ament_index/resource_index/package_run_dependencies/moveit_ros_perception
[0.331s] -- Up-to-date symlink: /home/manoj/ros2_ws/install/moveit_ros_perception/share/ament_index/resource_index/parent_prefix_path/moveit_ros_perception
[0.331s] -- Up-to-date symlink: /home/manoj/ros2_ws/install/moveit_ros_perception/share/moveit_ros_perception/environment/ament_prefix_path.sh
[0.331s] -- Up-to-date symlink: /home/manoj/ros2_ws/install/moveit_ros_perception/share/moveit_ros_perception/environment/ament_prefix_path.dsv
[0.331s] -- Up-to-date symlink: /home/manoj/ros2_ws/install/moveit_ros_perception/share/moveit_ros_perception/environment/path.sh
[0.332s] -- Up-to-date symlink: /home/manoj/ros2_ws/install/moveit_ros_perception/share/moveit_ros_perception/environment/path.dsv
[0.332s] -- Up-to-date symlink: /home/manoj/ros2_ws/install/moveit_ros_perception/share/moveit_ros_perception/local_setup.bash
[0.332s] -- Up-to-date symlink: /home/manoj/ros2_ws/install/moveit_ros_perception/share/moveit_ros_perception/local_setup.sh
[0.332s] -- Up-to-date symlink: /home/manoj/ros2_ws/install/moveit_ros_perception/share/moveit_ros_perception/local_setup.zsh
[0.332s] -- Up-to-date symlink: /home/manoj/ros2_ws/install/moveit_ros_perception/share/moveit_ros_perception/local_setup.dsv
[0.333s] -- Symlinking: /home/manoj/ros2_ws/install/moveit_ros_perception/share/moveit_ros_perception/package.dsv
[0.333s] -- Up-to-date symlink: /home/manoj/ros2_ws/install/moveit_ros_perception/share/ament_index/resource_index/packages/moveit_ros_perception
[0.333s] -- Up-to-date symlink: /home/manoj/ros2_ws/install/moveit_ros_perception/share/ament_index/resource_index/moveit_ros_occupancy_map_monitor__pluginlib__plugin/moveit_ros_perception
[0.333s] -- Up-to-date symlink: /home/manoj/ros2_ws/install/moveit_ros_perception/share/moveit_ros_perception/cmake/ConfigExtras.cmake
[0.333s] -- Up-to-date symlink: /home/manoj/ros2_ws/install/moveit_ros_perception/share/moveit_ros_perception/cmake/ament_cmake_export_targets-extras.cmake
[0.333s] -- Up-to-date symlink: /home/manoj/ros2_ws/install/moveit_ros_perception/share/moveit_ros_perception/cmake/ament_cmake_export_dependencies-extras.cmake
[0.334s] -- Up-to-date symlink: /home/manoj/ros2_ws/install/moveit_ros_perception/share/moveit_ros_perception/cmake/moveit_ros_perceptionConfig.cmake
[0.334s] -- Up-to-date symlink: /home/manoj/ros2_ws/install/moveit_ros_perception/share/moveit_ros_perception/cmake/moveit_ros_perceptionConfig-version.cmake
[0.334s] -- Up-to-date symlink: /home/manoj/ros2_ws/install/moveit_ros_perception/share/moveit_ros_perception/package.xml
[0.334s] -- Up-to-date: /home/manoj/ros2_ws/install/moveit_ros_perception/lib/libmoveit_depth_image_octomap_updater.so.2.5.9
[0.334s] -- Up-to-date: /home/manoj/ros2_ws/install/moveit_ros_perception/lib/libmoveit_depth_image_octomap_updater.so
[0.334s] -- Up-to-date: /home/manoj/ros2_ws/install/moveit_ros_perception/lib/libmoveit_depth_image_octomap_updater_core.so.2.5.9
[0.334s] -- Up-to-date: /home/manoj/ros2_ws/install/moveit_ros_perception/lib/libmoveit_depth_image_octomap_updater_core.so
[0.334s] -- Up-to-date: /home/manoj/ros2_ws/install/moveit_ros_perception/lib/libmoveit_lazy_free_space_updater.so.2.5.9
[0.334s] -- Up-to-date: /home/manoj/ros2_ws/install/moveit_ros_perception/lib/libmoveit_lazy_free_space_updater.so
[0.334s] -- Up-to-date: /home/manoj/ros2_ws/install/moveit_ros_perception/lib/libmoveit_mesh_filter.so.2.5.9
[0.334s] -- Up-to-date: /home/manoj/ros2_ws/install/moveit_ros_perception/lib/libmoveit_mesh_filter.so
[0.334s] -- Up-to-date: /home/manoj/ros2_ws/install/moveit_ros_perception/lib/libmoveit_point_containment_filter.so.2.5.9
[0.335s] -- Up-to-date: /home/manoj/ros2_ws/install/moveit_ros_perception/lib/libmoveit_point_containment_filter.so
[0.335s] -- Up-to-date: /home/manoj/ros2_ws/install/moveit_ros_perception/lib/libmoveit_pointcloud_octomap_updater.so.2.5.9
[0.335s] -- Up-to-date: /home/manoj/ros2_ws/install/moveit_ros_perception/lib/libmoveit_pointcloud_octomap_updater.so
[0.335s] -- Up-to-date: /home/manoj/ros2_ws/install/moveit_ros_perception/lib/libmoveit_pointcloud_octomap_updater_core.so.2.5.9
[0.335s] -- Up-to-date: /home/manoj/ros2_ws/install/moveit_ros_perception/lib/libmoveit_pointcloud_octomap_updater_core.so
[0.335s] -- Up-to-date: /home/manoj/ros2_ws/install/moveit_ros_perception/lib/libmoveit_semantic_world.so.2.5.9
[0.335s] -- Up-to-date: /home/manoj/ros2_ws/install/moveit_ros_perception/lib/libmoveit_semantic_world.so
[0.336s] -- Up-to-date: /home/manoj/ros2_ws/install/moveit_ros_perception/share/moveit_ros_perception/cmake/export_moveit_ros_perceptionExport.cmake
[0.336s] -- Up-to-date: /home/manoj/ros2_ws/install/moveit_ros_perception/share/moveit_ros_perception/cmake/export_moveit_ros_perceptionExport-release.cmake
[0.352s] Invoked command in '/home/manoj/ros2_ws/build/moveit_ros_perception' returned '0': AMENT_PREFIX_PATH=/home/manoj/ros2_ws/install/moveit_ros_planning:/home/manoj/ros2_ws/install/moveit_ros_occupancy_map_monitor:/home/manoj/ros2_ws/install/moveit_core:/home/manoj/ros2_ws/install/moveit_resources_panda_moveit_config:/home/manoj/ros2_ws/install/moveit_resources_pr2_description:/home/manoj/ros2_ws/install/moveit_resources_panda_description:/home/manoj/ros2_ws/install/moveit_configs_utils:/home/manoj/ros2_ws/install/moveit_common:${AMENT_PREFIX_PATH} CMAKE_PREFIX_PATH=/home/manoj/ros2_ws/install/moveit_ros_planning:/home/manoj/ros2_ws/install/moveit_ros_occupancy_map_monitor:/home/manoj/ros2_ws/install/moveit_core:/home/manoj/ros2_ws/install/moveit_resources_panda_moveit_config:/home/manoj/ros2_ws/install/moveit_resources_pr2_description:/home/manoj/ros2_ws/install/moveit_resources_panda_description:/home/manoj/ros2_ws/install/moveit_common:/home/manoj/ros3_ws/src/install/my_mobile_manipulator_description:/opt/ros/humble LD_LIBRARY_PATH=/home/manoj/ros2_ws/install/moveit_ros_planning/lib:/home/manoj/ros2_ws/install/moveit_ros_occupancy_map_monitor/lib:/home/manoj/ros2_ws/install/moveit_core/lib:${LD_LIBRARY_PATH} PATH=/home/manoj/ros2_ws/install/moveit_core/bin:${PATH} PYTHONPATH=/home/manoj/ros2_ws/install/moveit_configs_utils/lib/python3.10/site-packages:${PYTHONPATH} /usr/bin/cmake --install /home/manoj/ros2_ws/build/moveit_ros_perception
