[0.071s] Invoking command in '/home/manoj/ros2_ws/build/moveit_planners_chomp': AMENT_PREFIX_PATH=/home/manoj/ros2_ws/install/chomp_motion_planner:/home/manoj/ros2_ws/install/moveit_core:/home/manoj/ros2_ws/install/moveit_resources_panda_moveit_config:/home/manoj/ros2_ws/install/moveit_resources_pr2_description:/home/manoj/ros2_ws/install/moveit_resources_panda_description:/home/manoj/ros2_ws/install/moveit_common:${AMENT_PREFIX_PATH} CMAKE_PREFIX_PATH=/home/manoj/ros2_ws/install/chomp_motion_planner:/home/manoj/ros2_ws/install/moveit_core:/home/manoj/ros2_ws/install/moveit_resources_panda_moveit_config:/home/manoj/ros2_ws/install/moveit_resources_pr2_description:/home/manoj/ros2_ws/install/moveit_resources_panda_description:/home/manoj/ros2_ws/install/moveit_common:/opt/ros/humble LD_LIBRARY_PATH=/home/manoj/ros2_ws/install/chomp_motion_planner/lib:/home/manoj/ros2_ws/install/moveit_core/lib:${LD_LIBRARY_PATH} PATH=/home/manoj/ros2_ws/install/moveit_core/bin:${PATH} /usr/bin/cmake /home/manoj/ros2_ws/src/moveit2/moveit_planners/chomp/chomp_interface -DCMAKE_INSTALL_PREFIX=/home/manoj/ros2_ws/install/moveit_planners_chomp
[0.088s] -- Found moveit_common: 2.5.9 (/home/manoj/ros2_ws/install/moveit_common/share/moveit_common/cmake)
[0.089s] -- Found ament_cmake: 1.3.11 (/opt/ros/humble/share/ament_cmake/cmake)
[0.240s] -- Override CMake install command with custom implementation using symlinks instead of copying resources
[0.331s] -- Found moveit_core: 2.5.9 (/home/manoj/ros2_ws/install/moveit_core/share/moveit_core/cmake)
[0.349s] -- Found Boost: /usr/lib/x86_64-linux-gnu/cmake/Boost-1.74.0/BoostConfig.cmake (found version "1.74.0") found components: chrono date_time filesystem iostreams program_options regex serialization system thread 
[0.401s] -- Found parameter_traits: 0.4.0 (/opt/ros/humble/share/parameter_traits/cmake)
[0.432s] -- Found rosidl_generator_c: 3.1.6 (/opt/ros/humble/share/rosidl_generator_c/cmake)
[0.435s] -- Found rosidl_adapter: 3.1.6 (/opt/ros/humble/share/rosidl_adapter/cmake)
[0.443s] -- Found rosidl_generator_cpp: 3.1.6 (/opt/ros/humble/share/rosidl_generator_cpp/cmake)
[0.456s] -- Using all available rosidl_typesupport_c: rosidl_typesupport_fastrtps_c;rosidl_typesupport_introspection_c
[0.476s] -- Using all available rosidl_typesupport_cpp: rosidl_typesupport_fastrtps_cpp;rosidl_typesupport_introspection_cpp
[0.515s] -- Found rmw_implementation_cmake: 6.1.2 (/opt/ros/humble/share/rmw_implementation_cmake/cmake)
[0.520s] -- Found rmw_fastrtps_cpp: 6.2.7 (/opt/ros/humble/share/rmw_fastrtps_cpp/cmake)
[0.651s] -- Using RMW implementation 'rmw_fastrtps_cpp' as default
[0.717s] -- Found rclcpp_lifecycle: 16.0.12 (/opt/ros/humble/share/rclcpp_lifecycle/cmake)
[0.733s] -- Found Boost: /usr/lib/x86_64-linux-gnu/cmake/Boost-1.74.0/BoostConfig.cmake (found version "1.74.0") found components: filesystem 
[0.778s] -- library: /usr/lib/x86_64-linux-gnu/libcurl.so
[0.850s] -- Ensuring Eigen3 include directory is part of orocos-kdl CMake target
[1.088s] -- Found chomp_motion_planner: 2.5.9 (/home/manoj/ros2_ws/install/chomp_motion_planner/share/chomp_motion_planner/cmake)
[1.099s] -- Found ament_lint_auto: 0.12.12 (/opt/ros/humble/share/ament_lint_auto/cmake)
[1.109s] -- Added test 'cppcheck' to perform static code analysis on C / C++ code
[1.109s] -- Configured cppcheck include dirs: /home/manoj/ros2_ws/src/moveit2/moveit_planners/chomp/chomp_interface/include
[1.109s] -- Configured cppcheck exclude dirs and/or files: 
[1.110s] -- Added test 'xmllint' to check XML markup files
[1.112s] -- Configuring done
[1.144s] -- Generating done
[1.156s] -- Build files have been written to: /home/manoj/ros2_ws/build/moveit_planners_chomp
[1.172s] Invoked command in '/home/manoj/ros2_ws/build/moveit_planners_chomp' returned '0': AMENT_PREFIX_PATH=/home/manoj/ros2_ws/install/chomp_motion_planner:/home/manoj/ros2_ws/install/moveit_core:/home/manoj/ros2_ws/install/moveit_resources_panda_moveit_config:/home/manoj/ros2_ws/install/moveit_resources_pr2_description:/home/manoj/ros2_ws/install/moveit_resources_panda_description:/home/manoj/ros2_ws/install/moveit_common:${AMENT_PREFIX_PATH} CMAKE_PREFIX_PATH=/home/manoj/ros2_ws/install/chomp_motion_planner:/home/manoj/ros2_ws/install/moveit_core:/home/manoj/ros2_ws/install/moveit_resources_panda_moveit_config:/home/manoj/ros2_ws/install/moveit_resources_pr2_description:/home/manoj/ros2_ws/install/moveit_resources_panda_description:/home/manoj/ros2_ws/install/moveit_common:/opt/ros/humble LD_LIBRARY_PATH=/home/manoj/ros2_ws/install/chomp_motion_planner/lib:/home/manoj/ros2_ws/install/moveit_core/lib:${LD_LIBRARY_PATH} PATH=/home/manoj/ros2_ws/install/moveit_core/bin:${PATH} /usr/bin/cmake /home/manoj/ros2_ws/src/moveit2/moveit_planners/chomp/chomp_interface -DCMAKE_INSTALL_PREFIX=/home/manoj/ros2_ws/install/moveit_planners_chomp
[1.172s] Invoking command in '/home/manoj/ros2_ws/build/moveit_planners_chomp': AMENT_PREFIX_PATH=/home/manoj/ros2_ws/install/chomp_motion_planner:/home/manoj/ros2_ws/install/moveit_core:/home/manoj/ros2_ws/install/moveit_resources_panda_moveit_config:/home/manoj/ros2_ws/install/moveit_resources_pr2_description:/home/manoj/ros2_ws/install/moveit_resources_panda_description:/home/manoj/ros2_ws/install/moveit_common:${AMENT_PREFIX_PATH} CMAKE_PREFIX_PATH=/home/manoj/ros2_ws/install/chomp_motion_planner:/home/manoj/ros2_ws/install/moveit_core:/home/manoj/ros2_ws/install/moveit_resources_panda_moveit_config:/home/manoj/ros2_ws/install/moveit_resources_pr2_description:/home/manoj/ros2_ws/install/moveit_resources_panda_description:/home/manoj/ros2_ws/install/moveit_common:/opt/ros/humble LD_LIBRARY_PATH=/home/manoj/ros2_ws/install/chomp_motion_planner/lib:/home/manoj/ros2_ws/install/moveit_core/lib:${LD_LIBRARY_PATH} PATH=/home/manoj/ros2_ws/install/moveit_core/bin:${PATH} /usr/bin/cmake --build /home/manoj/ros2_ws/build/moveit_planners_chomp -- -j12 -l12
[1.221s] [35m[1mConsolidate compiler generated dependencies of target moveit_chomp_interface[0m
[1.248s] [ 60%] Built target moveit_chomp_interface
[1.259s] [35m[1mConsolidate compiler generated dependencies of target moveit_chomp_planner_plugin[0m
[1.286s] [100%] Built target moveit_chomp_planner_plugin
[1.296s] Invoked command in '/home/manoj/ros2_ws/build/moveit_planners_chomp' returned '0': AMENT_PREFIX_PATH=/home/manoj/ros2_ws/install/chomp_motion_planner:/home/manoj/ros2_ws/install/moveit_core:/home/manoj/ros2_ws/install/moveit_resources_panda_moveit_config:/home/manoj/ros2_ws/install/moveit_resources_pr2_description:/home/manoj/ros2_ws/install/moveit_resources_panda_description:/home/manoj/ros2_ws/install/moveit_common:${AMENT_PREFIX_PATH} CMAKE_PREFIX_PATH=/home/manoj/ros2_ws/install/chomp_motion_planner:/home/manoj/ros2_ws/install/moveit_core:/home/manoj/ros2_ws/install/moveit_resources_panda_moveit_config:/home/manoj/ros2_ws/install/moveit_resources_pr2_description:/home/manoj/ros2_ws/install/moveit_resources_panda_description:/home/manoj/ros2_ws/install/moveit_common:/opt/ros/humble LD_LIBRARY_PATH=/home/manoj/ros2_ws/install/chomp_motion_planner/lib:/home/manoj/ros2_ws/install/moveit_core/lib:${LD_LIBRARY_PATH} PATH=/home/manoj/ros2_ws/install/moveit_core/bin:${PATH} /usr/bin/cmake --build /home/manoj/ros2_ws/build/moveit_planners_chomp -- -j12 -l12
[1.298s] Invoking command in '/home/manoj/ros2_ws/build/moveit_planners_chomp': AMENT_PREFIX_PATH=/home/manoj/ros2_ws/install/chomp_motion_planner:/home/manoj/ros2_ws/install/moveit_core:/home/manoj/ros2_ws/install/moveit_resources_panda_moveit_config:/home/manoj/ros2_ws/install/moveit_resources_pr2_description:/home/manoj/ros2_ws/install/moveit_resources_panda_description:/home/manoj/ros2_ws/install/moveit_common:${AMENT_PREFIX_PATH} CMAKE_PREFIX_PATH=/home/manoj/ros2_ws/install/chomp_motion_planner:/home/manoj/ros2_ws/install/moveit_core:/home/manoj/ros2_ws/install/moveit_resources_panda_moveit_config:/home/manoj/ros2_ws/install/moveit_resources_pr2_description:/home/manoj/ros2_ws/install/moveit_resources_panda_description:/home/manoj/ros2_ws/install/moveit_common:/opt/ros/humble LD_LIBRARY_PATH=/home/manoj/ros2_ws/install/chomp_motion_planner/lib:/home/manoj/ros2_ws/install/moveit_core/lib:${LD_LIBRARY_PATH} PATH=/home/manoj/ros2_ws/install/moveit_core/bin:${PATH} /usr/bin/cmake --install /home/manoj/ros2_ws/build/moveit_planners_chomp
[1.306s] -- Install configuration: "Release"
[1.307s] -- Execute custom install script
[1.307s] -- Up-to-date symlink: /home/manoj/ros2_ws/install/moveit_planners_chomp/share/moveit_planners_chomp/environment/library_path.sh
[1.307s] -- Up-to-date symlink: /home/manoj/ros2_ws/install/moveit_planners_chomp/share/moveit_planners_chomp/environment/library_path.dsv
[1.307s] -- Up-to-date symlink: /home/manoj/ros2_ws/install/moveit_planners_chomp/share/moveit_planners_chomp//chomp_interface_plugin_description.xml
[1.308s] -- Up-to-date symlink: /home/manoj/ros2_ws/install/moveit_planners_chomp/share/ament_index/resource_index/package_run_dependencies/moveit_planners_chomp
[1.308s] -- Up-to-date symlink: /home/manoj/ros2_ws/install/moveit_planners_chomp/share/ament_index/resource_index/parent_prefix_path/moveit_planners_chomp
[1.308s] -- Up-to-date symlink: /home/manoj/ros2_ws/install/moveit_planners_chomp/share/moveit_planners_chomp/environment/ament_prefix_path.sh
[1.308s] -- Up-to-date symlink: /home/manoj/ros2_ws/install/moveit_planners_chomp/share/moveit_planners_chomp/environment/ament_prefix_path.dsv
[1.308s] -- Up-to-date symlink: /home/manoj/ros2_ws/install/moveit_planners_chomp/share/moveit_planners_chomp/environment/path.sh
[1.309s] -- Up-to-date symlink: /home/manoj/ros2_ws/install/moveit_planners_chomp/share/moveit_planners_chomp/environment/path.dsv
[1.309s] -- Up-to-date symlink: /home/manoj/ros2_ws/install/moveit_planners_chomp/share/moveit_planners_chomp/local_setup.bash
[1.309s] -- Up-to-date symlink: /home/manoj/ros2_ws/install/moveit_planners_chomp/share/moveit_planners_chomp/local_setup.sh
[1.309s] -- Up-to-date symlink: /home/manoj/ros2_ws/install/moveit_planners_chomp/share/moveit_planners_chomp/local_setup.zsh
[1.309s] -- Up-to-date symlink: /home/manoj/ros2_ws/install/moveit_planners_chomp/share/moveit_planners_chomp/local_setup.dsv
[1.309s] -- Symlinking: /home/manoj/ros2_ws/install/moveit_planners_chomp/share/moveit_planners_chomp/package.dsv
[1.319s] -- Up-to-date symlink: /home/manoj/ros2_ws/install/moveit_planners_chomp/share/ament_index/resource_index/packages/moveit_planners_chomp
[1.319s] -- Up-to-date symlink: /home/manoj/ros2_ws/install/moveit_planners_chomp/share/ament_index/resource_index/moveit_core__pluginlib__plugin/moveit_planners_chomp
[1.320s] -- Up-to-date symlink: /home/manoj/ros2_ws/install/moveit_planners_chomp/share/moveit_planners_chomp/cmake/ament_cmake_export_targets-extras.cmake
[1.320s] -- Up-to-date symlink: /home/manoj/ros2_ws/install/moveit_planners_chomp/share/moveit_planners_chomp/cmake/ament_cmake_export_dependencies-extras.cmake
[1.320s] -- Up-to-date symlink: /home/manoj/ros2_ws/install/moveit_planners_chomp/share/moveit_planners_chomp/cmake/moveit_planners_chompConfig.cmake
[1.320s] -- Up-to-date symlink: /home/manoj/ros2_ws/install/moveit_planners_chomp/share/moveit_planners_chomp/cmake/moveit_planners_chompConfig-version.cmake
[1.320s] -- Up-to-date symlink: /home/manoj/ros2_ws/install/moveit_planners_chomp/share/moveit_planners_chomp/package.xml
[1.321s] -- Up-to-date: /home/manoj/ros2_ws/install/moveit_planners_chomp/lib/libmoveit_chomp_interface.so.2.5.9
[1.321s] -- Up-to-date: /home/manoj/ros2_ws/install/moveit_planners_chomp/lib/libmoveit_chomp_interface.so
[1.321s] -- Up-to-date: /home/manoj/ros2_ws/install/moveit_planners_chomp/lib/libmoveit_chomp_planner_plugin.so
[1.322s] -- Up-to-date: /home/manoj/ros2_ws/install/moveit_planners_chomp/share/moveit_planners_chomp/cmake/moveit_planners_chompTargetsExport.cmake
[1.322s] -- Up-to-date: /home/manoj/ros2_ws/install/moveit_planners_chomp/share/moveit_planners_chomp/cmake/moveit_planners_chompTargetsExport-release.cmake
[1.324s] Invoked command in '/home/manoj/ros2_ws/build/moveit_planners_chomp' returned '0': AMENT_PREFIX_PATH=/home/manoj/ros2_ws/install/chomp_motion_planner:/home/manoj/ros2_ws/install/moveit_core:/home/manoj/ros2_ws/install/moveit_resources_panda_moveit_config:/home/manoj/ros2_ws/install/moveit_resources_pr2_description:/home/manoj/ros2_ws/install/moveit_resources_panda_description:/home/manoj/ros2_ws/install/moveit_common:${AMENT_PREFIX_PATH} CMAKE_PREFIX_PATH=/home/manoj/ros2_ws/install/chomp_motion_planner:/home/manoj/ros2_ws/install/moveit_core:/home/manoj/ros2_ws/install/moveit_resources_panda_moveit_config:/home/manoj/ros2_ws/install/moveit_resources_pr2_description:/home/manoj/ros2_ws/install/moveit_resources_panda_description:/home/manoj/ros2_ws/install/moveit_common:/opt/ros/humble LD_LIBRARY_PATH=/home/manoj/ros2_ws/install/chomp_motion_planner/lib:/home/manoj/ros2_ws/install/moveit_core/lib:${LD_LIBRARY_PATH} PATH=/home/manoj/ros2_ws/install/moveit_core/bin:${PATH} /usr/bin/cmake --install /home/manoj/ros2_ws/build/moveit_planners_chomp
