[0.061s] Invoking command in '/home/manoj/ros2_ws/build/moveit_planners_ompl': AMENT_PREFIX_PATH=/home/manoj/ros2_ws/install/moveit_ros_planning:/home/manoj/ros2_ws/install/moveit_ros_occupancy_map_monitor:/home/manoj/ros2_ws/install/moveit_core:/home/manoj/ros2_ws/install/moveit_configs_utils:/home/manoj/ros2_ws/install/moveit_resources_prbt_support:/home/manoj/ros2_ws/install/moveit_resources:/home/manoj/ros2_ws/install/moveit_resources_pr2_description:/home/manoj/ros2_ws/install/moveit_resources_panda_moveit_config:/home/manoj/ros2_ws/install/dual_arm_panda_moveit_config:/home/manoj/ros2_ws/install/moveit_resources_panda_description:/home/manoj/ros2_ws/install/moveit_resources_fanuc_moveit_config:/home/manoj/ros2_ws/install/moveit_resources_fanuc_description:/home/manoj/ros2_ws/install/moveit_common:/home/manoj/ros2_ws/install/ur_description:/home/manoj/ros2_ws/install/my_mobile_manipulator_description:/opt/ros/humble CMAKE_PREFIX_PATH=/home/manoj/ros2_ws/install/moveit_ros_planning:/home/manoj/ros2_ws/install/moveit_ros_occupancy_map_monitor:/home/manoj/ros2_ws/install/moveit_core:/home/manoj/ros2_ws/install/moveit_resources_panda_moveit_config:/home/manoj/ros2_ws/install/moveit_resources_fanuc_moveit_config:/home/manoj/ros2_ws/install/moveit_resources_pr2_description:/home/manoj/ros2_ws/install/moveit_resources_panda_description:/home/manoj/ros2_ws/install/moveit_resources_fanuc_description:/home/manoj/ros2_ws/install/moveit_common:/home/manoj/ros2_ws/install/moveit_resources_prbt_support:/home/manoj/ros2_ws/install/moveit_resources:/home/manoj/ros2_ws/install/dual_arm_panda_moveit_config:/home/manoj/ros2_ws/install/ur_description:/home/manoj/ros2_ws/install/my_mobile_manipulator_description:/home/manoj/ros2_ws/install/moveit_configs_utils:/opt/ros/humble LD_LIBRARY_PATH=/home/manoj/ros2_ws/install/moveit_ros_planning/lib:/home/manoj/ros2_ws/install/moveit_ros_occupancy_map_monitor/lib:/home/manoj/ros2_ws/install/moveit_core/lib:${LD_LIBRARY_PATH} PATH=/home/manoj/ros2_ws/install/moveit_core/bin:${PATH} PYTHONPATH=/home/manoj/ros2_ws/build/moveit_configs_utils:${PYTHONPATH} /usr/bin/cmake /home/manoj/ros2_ws/src/moveit2/moveit_planners/ompl -DAMENT_CMAKE_SYMLINK_INSTALL=1 -DCMAKE_INSTALL_PREFIX=/home/manoj/ros2_ws/install/moveit_planners_ompl
[0.142s] -- The C compiler identification is GNU 11.4.0
[0.240s] -- The CXX compiler identification is GNU 11.4.0
[0.252s] -- Detecting C compiler ABI info
[0.384s] -- Detecting C compiler ABI info - done
[0.409s] -- Check for working C compiler: /usr/bin/cc - skipped
[0.410s] -- Detecting C compile features
[0.411s] -- Detecting C compile features - done
[0.417s] -- Detecting CXX compiler ABI info
[0.557s] -- Detecting CXX compiler ABI info - done
[0.573s] -- Check for working CXX compiler: /usr/bin/c++ - skipped
[0.573s] -- Detecting CXX compile features
[0.574s] -- Detecting CXX compile features - done
[0.578s] -- Found moveit_common: 2.5.9 (/home/manoj/ros2_ws/install/moveit_common/share/moveit_common/cmake)
[0.584s] -- Found ament_cmake: 1.3.11 (/opt/ros/humble/share/ament_cmake/cmake)
[0.879s] -- Found Python3: /usr/bin/python3 (found version "3.10.12") found components: Interpreter 
[0.993s] -- Override CMake install command with custom implementation using symlinks instead of copying resources
[1.189s] [0mmoveit_planners_ompl: You did not request a specific build type: Choosing 'Release' for maximum performance[0m
[1.588s] -- Found Boost: /usr/lib/x86_64-linux-gnu/cmake/Boost-1.74.0/BoostConfig.cmake (found version "1.74.0") found components: system filesystem date_time thread serialization 
[1.591s] -- Found moveit_core: 2.5.9 (/home/manoj/ros2_ws/install/moveit_core/share/moveit_core/cmake)
[1.633s] -- Found Boost: /usr/lib/x86_64-linux-gnu/cmake/Boost-1.74.0/BoostConfig.cmake (found version "1.74.0") found components: chrono date_time filesystem iostreams program_options regex serialization system thread 
[1.748s] -- Found parameter_traits: 0.4.0 (/opt/ros/humble/share/parameter_traits/cmake)
[1.823s] -- Found rosidl_generator_c: 3.1.6 (/opt/ros/humble/share/rosidl_generator_c/cmake)
[1.842s] -- Found rosidl_adapter: 3.1.6 (/opt/ros/humble/share/rosidl_adapter/cmake)
[1.858s] -- Found rosidl_generator_cpp: 3.1.6 (/opt/ros/humble/share/rosidl_generator_cpp/cmake)
[1.880s] -- Using all available rosidl_typesupport_c: rosidl_typesupport_fastrtps_c;rosidl_typesupport_introspection_c
[1.905s] -- Using all available rosidl_typesupport_cpp: rosidl_typesupport_fastrtps_cpp;rosidl_typesupport_introspection_cpp
[2.027s] -- Found rmw_implementation_cmake: 6.1.2 (/opt/ros/humble/share/rmw_implementation_cmake/cmake)
[2.033s] -- Found rmw_fastrtps_cpp: 6.2.7 (/opt/ros/humble/share/rmw_fastrtps_cpp/cmake)
[2.216s] -- Found OpenSSL: /usr/lib/x86_64-linux-gnu/libcrypto.so (found version "3.0.2")  
[2.267s] -- Found FastRTPS: /opt/ros/humble/include  
[2.341s] -- Using RMW implementation 'rmw_fastrtps_cpp' as default
[2.368s] -- Found Threads: TRUE  
[2.505s] -- Found Eigen3: TRUE (found version "3.4.0") 
[2.511s] -- Found rclcpp_lifecycle: 16.0.12 (/opt/ros/humble/share/rclcpp_lifecycle/cmake)
[2.567s] -- Found Boost: /usr/lib/x86_64-linux-gnu/cmake/Boost-1.74.0/BoostConfig.cmake (found version "1.74.0") found components: filesystem 
[2.771s] -- library: /usr/lib/x86_64-linux-gnu/libcurl.so
[2.902s] -- Ensuring Eigen3 include directory is part of orocos-kdl CMake target
[3.463s] -- Found moveit_ros_planning: 2.5.9 (/home/manoj/ros2_ws/install/moveit_ros_planning/share/moveit_ros_planning/cmake)
[3.473s] -- Found Boost: /usr/lib/x86_64-linux-gnu/cmake/Boost-1.74.0/BoostConfig.cmake (found version "1.74.0") found components: system filesystem date_time program_options thread chrono 
[3.529s] -- Found ompl: /opt/ros/humble/include/ompl-1.6;/usr/include;/usr/include/eigen3  
[4.185s] -- Found OpenMP_C: -fopenmp (found version "4.5") 
[4.380s] -- Found OpenMP_CXX: -fopenmp (found version "4.5") 
[4.384s] -- Found OpenMP: TRUE (found version "4.5")  
[4.428s] -- Found ament_cmake_gtest: 1.3.11 (/opt/ros/humble/share/ament_cmake_gtest/cmake)
[4.438s] -- Found gtest sources under '/opt/ros/humble/src/gtest_vendor': C++ tests using 'Google Test' will be built
[4.536s] -- Found ament_lint_auto: 0.12.12 (/opt/ros/humble/share/ament_lint_auto/cmake)
[4.632s] -- Added test 'cppcheck' to perform static code analysis on C / C++ code
[4.632s] -- Configured cppcheck include dirs: /home/manoj/ros2_ws/src/moveit2/moveit_planners/ompl/ompl_interface/include
[4.632s] -- Configured cppcheck exclude dirs and/or files: 
[4.636s] -- Added test 'lint_cmake' to check CMake code style
[4.639s] -- Added test 'xmllint' to check XML markup files
[4.645s] -- Configuring done
[4.950s] -- Generating done
[5.046s] -- Build files have been written to: /home/manoj/ros2_ws/build/moveit_planners_ompl
[5.085s] Invoked command in '/home/manoj/ros2_ws/build/moveit_planners_ompl' returned '0': AMENT_PREFIX_PATH=/home/manoj/ros2_ws/install/moveit_ros_planning:/home/manoj/ros2_ws/install/moveit_ros_occupancy_map_monitor:/home/manoj/ros2_ws/install/moveit_core:/home/manoj/ros2_ws/install/moveit_configs_utils:/home/manoj/ros2_ws/install/moveit_resources_prbt_support:/home/manoj/ros2_ws/install/moveit_resources:/home/manoj/ros2_ws/install/moveit_resources_pr2_description:/home/manoj/ros2_ws/install/moveit_resources_panda_moveit_config:/home/manoj/ros2_ws/install/dual_arm_panda_moveit_config:/home/manoj/ros2_ws/install/moveit_resources_panda_description:/home/manoj/ros2_ws/install/moveit_resources_fanuc_moveit_config:/home/manoj/ros2_ws/install/moveit_resources_fanuc_description:/home/manoj/ros2_ws/install/moveit_common:/home/manoj/ros2_ws/install/ur_description:/home/manoj/ros2_ws/install/my_mobile_manipulator_description:/opt/ros/humble CMAKE_PREFIX_PATH=/home/manoj/ros2_ws/install/moveit_ros_planning:/home/manoj/ros2_ws/install/moveit_ros_occupancy_map_monitor:/home/manoj/ros2_ws/install/moveit_core:/home/manoj/ros2_ws/install/moveit_resources_panda_moveit_config:/home/manoj/ros2_ws/install/moveit_resources_fanuc_moveit_config:/home/manoj/ros2_ws/install/moveit_resources_pr2_description:/home/manoj/ros2_ws/install/moveit_resources_panda_description:/home/manoj/ros2_ws/install/moveit_resources_fanuc_description:/home/manoj/ros2_ws/install/moveit_common:/home/manoj/ros2_ws/install/moveit_resources_prbt_support:/home/manoj/ros2_ws/install/moveit_resources:/home/manoj/ros2_ws/install/dual_arm_panda_moveit_config:/home/manoj/ros2_ws/install/ur_description:/home/manoj/ros2_ws/install/my_mobile_manipulator_description:/home/manoj/ros2_ws/install/moveit_configs_utils:/opt/ros/humble LD_LIBRARY_PATH=/home/manoj/ros2_ws/install/moveit_ros_planning/lib:/home/manoj/ros2_ws/install/moveit_ros_occupancy_map_monitor/lib:/home/manoj/ros2_ws/install/moveit_core/lib:${LD_LIBRARY_PATH} PATH=/home/manoj/ros2_ws/install/moveit_core/bin:${PATH} PYTHONPATH=/home/manoj/ros2_ws/build/moveit_configs_utils:${PYTHONPATH} /usr/bin/cmake /home/manoj/ros2_ws/src/moveit2/moveit_planners/ompl -DAMENT_CMAKE_SYMLINK_INSTALL=1 -DCMAKE_INSTALL_PREFIX=/home/manoj/ros2_ws/install/moveit_planners_ompl
[5.087s] Invoking command in '/home/manoj/ros2_ws/build/moveit_planners_ompl': AMENT_PREFIX_PATH=/home/manoj/ros2_ws/install/moveit_ros_planning:/home/manoj/ros2_ws/install/moveit_ros_occupancy_map_monitor:/home/manoj/ros2_ws/install/moveit_core:/home/manoj/ros2_ws/install/moveit_configs_utils:/home/manoj/ros2_ws/install/moveit_resources_prbt_support:/home/manoj/ros2_ws/install/moveit_resources:/home/manoj/ros2_ws/install/moveit_resources_pr2_description:/home/manoj/ros2_ws/install/moveit_resources_panda_moveit_config:/home/manoj/ros2_ws/install/dual_arm_panda_moveit_config:/home/manoj/ros2_ws/install/moveit_resources_panda_description:/home/manoj/ros2_ws/install/moveit_resources_fanuc_moveit_config:/home/manoj/ros2_ws/install/moveit_resources_fanuc_description:/home/manoj/ros2_ws/install/moveit_common:/home/manoj/ros2_ws/install/ur_description:/home/manoj/ros2_ws/install/my_mobile_manipulator_description:/opt/ros/humble CMAKE_PREFIX_PATH=/home/manoj/ros2_ws/install/moveit_ros_planning:/home/manoj/ros2_ws/install/moveit_ros_occupancy_map_monitor:/home/manoj/ros2_ws/install/moveit_core:/home/manoj/ros2_ws/install/moveit_resources_panda_moveit_config:/home/manoj/ros2_ws/install/moveit_resources_fanuc_moveit_config:/home/manoj/ros2_ws/install/moveit_resources_pr2_description:/home/manoj/ros2_ws/install/moveit_resources_panda_description:/home/manoj/ros2_ws/install/moveit_resources_fanuc_description:/home/manoj/ros2_ws/install/moveit_common:/home/manoj/ros2_ws/install/moveit_resources_prbt_support:/home/manoj/ros2_ws/install/moveit_resources:/home/manoj/ros2_ws/install/dual_arm_panda_moveit_config:/home/manoj/ros2_ws/install/ur_description:/home/manoj/ros2_ws/install/my_mobile_manipulator_description:/home/manoj/ros2_ws/install/moveit_configs_utils:/opt/ros/humble LD_LIBRARY_PATH=/home/manoj/ros2_ws/install/moveit_ros_planning/lib:/home/manoj/ros2_ws/install/moveit_ros_occupancy_map_monitor/lib:/home/manoj/ros2_ws/install/moveit_core/lib:${LD_LIBRARY_PATH} PATH=/home/manoj/ros2_ws/install/moveit_core/bin:${PATH} PYTHONPATH=/home/manoj/ros2_ws/build/moveit_configs_utils:${PYTHONPATH} /usr/bin/cmake --build /home/manoj/ros2_ws/build/moveit_planners_ompl -- -j12 -l12
[5.211s] [  2%] [32mBuilding CXX object ompl_interface/CMakeFiles/moveit_ompl_interface.dir/src/ompl_interface.cpp.o[0m
[25.922s] [  4%] [32mBuilding CXX object ompl_interface/CMakeFiles/moveit_ompl_interface.dir/src/parameterization/work_space/pose_model_state_space.cpp.o[0m
[41.959s] [  7%] [32mBuilding CXX object ompl_interface/CMakeFiles/moveit_ompl_interface.dir/src/parameterization/joint_space/joint_model_state_space_factory.cpp.o[0m
[41.971s] [  9%] [32mBuilding CXX object ompl_interface/CMakeFiles/moveit_ompl_interface.dir/src/parameterization/work_space/pose_model_state_space_factory.cpp.o[0m
[42.060s] [ 12%] [32mBuilding CXX object ompl_interface/CMakeFiles/moveit_ompl_interface.dir/src/parameterization/joint_space/joint_model_state_space.cpp.o[0m
[43.099s] [ 14%] [32mBuilding CXX object ompl_interface/CMakeFiles/moveit_ompl_interface.dir/src/detail/ompl_constraints.cpp.o[0m
[44.125s] [ 17%] [32mBuilding CXX object ompl_interface/CMakeFiles/moveit_ompl_interface.dir/src/parameterization/joint_space/constrained_planning_state_space_factory.cpp.o[0m
[44.145s] [ 19%] [32mBuilding CXX object ompl_interface/CMakeFiles/moveit_ompl_interface.dir/src/parameterization/joint_space/constrained_planning_state_space.cpp.o[0m
[45.205s] [ 21%] [32mBuilding CXX object ompl_interface/CMakeFiles/moveit_ompl_interface.dir/src/parameterization/model_based_state_space_factory.cpp.o[0m
[46.264s] [ 24%] [32mBuilding CXX object ompl_interface/CMakeFiles/moveit_ompl_interface.dir/src/parameterization/model_based_state_space.cpp.o[0m
[46.275s] [ 26%] [32mBuilding CXX object ompl_interface/CMakeFiles/moveit_ompl_interface.dir/src/model_based_planning_context.cpp.o[0m
[91.966s] [ 29%] [32mBuilding CXX object ompl_interface/CMakeFiles/moveit_ompl_interface.dir/src/detail/constrained_goal_sampler.cpp.o[0m
[111.546s] [ 31%] [32mBuilding CXX object ompl_interface/CMakeFiles/moveit_ompl_interface.dir/src/detail/constrained_valid_state_sampler.cpp.o[0m
[127.809s] [ 34%] [32mBuilding CXX object ompl_interface/CMakeFiles/moveit_ompl_interface.dir/src/detail/constrained_sampler.cpp.o[0m
[143.398s] [ 36%] [32mBuilding CXX object ompl_interface/CMakeFiles/moveit_ompl_interface.dir/src/detail/constraints_library.cpp.o[0m
[162.769s] [ 39%] [32mBuilding CXX object ompl_interface/CMakeFiles/moveit_ompl_interface.dir/src/detail/goal_union.cpp.o[0m
[165.268s] [ 41%] [32mBuilding CXX object ompl_interface/CMakeFiles/moveit_ompl_interface.dir/src/detail/projection_evaluators.cpp.o[0m
[178.631s] [ 43%] [32mBuilding CXX object ompl_interface/CMakeFiles/moveit_ompl_interface.dir/src/detail/state_validity_checker.cpp.o[0m
[189.896s] [ 46%] [32mBuilding CXX object ompl_interface/CMakeFiles/moveit_ompl_interface.dir/src/detail/threadsafe_state_storage.cpp.o[0m
[197.002s] [ 48%] [32mBuilding CXX object ompl_interface/CMakeFiles/moveit_ompl_interface.dir/src/planning_context_manager.cpp.o[0m
[224.779s] [ 51%] [32m[1mLinking CXX shared library libmoveit_ompl_interface.so[0m
[225.616s] [ 51%] Built target moveit_ompl_interface
[225.652s] [ 53%] [32mBuilding CXX object gtest/CMakeFiles/gtest.dir/src/gtest-all.cc.o[0m
[238.512s] [ 56%] [32m[1mLinking CXX static library libgtest.a[0m
[238.575s] [ 56%] Built target gtest
[238.615s] [ 58%] [32mBuilding CXX object ompl_interface/CMakeFiles/moveit_ompl_planner_plugin.dir/src/ompl_planner_manager.cpp.o[0m
[253.759s] [ 60%] [32m[1mLinking CXX shared library libmoveit_ompl_planner_plugin.so[0m
[254.374s] [ 60%] Built target moveit_ompl_planner_plugin
[254.414s] [ 63%] [32mBuilding CXX object ompl_interface/CMakeFiles/moveit_generate_state_database.dir/scripts/generate_state_database.cpp.o[0m
[275.701s] [ 65%] [32m[1mLinking CXX executable generate_state_database[0m
[276.412s] [ 65%] Built target moveit_generate_state_database
[276.440s] [ 68%] [32mBuilding CXX object gtest/CMakeFiles/gtest_main.dir/src/gtest_main.cc.o[0m
[278.025s] [ 70%] [32m[1mLinking CXX static library libgtest_main.a[0m
[278.072s] [ 70%] Built target gtest_main
[278.114s] [ 73%] [32mBuilding CXX object ompl_interface/CMakeFiles/test_state_space.dir/test/test_state_space.cpp.o[0m
[293.938s] [ 75%] [32m[1mLinking CXX executable test_state_space[0m
[294.863s] [ 75%] Built target test_state_space
[294.897s] [ 78%] [32mBuilding CXX object ompl_interface/CMakeFiles/test_threadsafe_state_storage.dir/test/test_threadsafe_state_storage.cpp.o[0m
[304.900s] [ 80%] [32m[1mLinking CXX executable test_threadsafe_state_storage[0m
[305.604s] [ 80%] Built target test_threadsafe_state_storage
[305.643s] [ 82%] [32mBuilding CXX object ompl_interface/CMakeFiles/test_constrained_state_validity_checker.dir/test/test_constrained_state_validity_checker.cpp.o[0m
[323.807s] [ 85%] [32m[1mLinking CXX executable test_constrained_state_validity_checker[0m
[324.606s] [ 85%] Built target test_constrained_state_validity_checker
[324.641s] [ 87%] [32mBuilding CXX object ompl_interface/CMakeFiles/test_constrained_planning_state_space.dir/test/test_constrained_planning_state_space.cpp.o[0m
[341.506s] [ 90%] [32m[1mLinking CXX executable test_constrained_planning_state_space[0m
[342.604s] [ 90%] Built target test_constrained_planning_state_space
[342.640s] [ 92%] [32mBuilding CXX object ompl_interface/CMakeFiles/test_planning_context_manager.dir/test/test_planning_context_manager.cpp.o[0m
[368.030s] [ 95%] [32m[1mLinking CXX executable test_planning_context_manager[0m
[368.793s] [ 95%] Built target test_planning_context_manager
[368.832s] [ 97%] [32mBuilding CXX object ompl_interface/CMakeFiles/test_state_validity_checker.dir/test/test_state_validity_checker.cpp.o[0m
[387.118s] [100%] [32m[1mLinking CXX executable test_state_validity_checker[0m
[388.058s] [100%] Built target test_state_validity_checker
[388.077s] Invoked command in '/home/manoj/ros2_ws/build/moveit_planners_ompl' returned '0': AMENT_PREFIX_PATH=/home/manoj/ros2_ws/install/moveit_ros_planning:/home/manoj/ros2_ws/install/moveit_ros_occupancy_map_monitor:/home/manoj/ros2_ws/install/moveit_core:/home/manoj/ros2_ws/install/moveit_configs_utils:/home/manoj/ros2_ws/install/moveit_resources_prbt_support:/home/manoj/ros2_ws/install/moveit_resources:/home/manoj/ros2_ws/install/moveit_resources_pr2_description:/home/manoj/ros2_ws/install/moveit_resources_panda_moveit_config:/home/manoj/ros2_ws/install/dual_arm_panda_moveit_config:/home/manoj/ros2_ws/install/moveit_resources_panda_description:/home/manoj/ros2_ws/install/moveit_resources_fanuc_moveit_config:/home/manoj/ros2_ws/install/moveit_resources_fanuc_description:/home/manoj/ros2_ws/install/moveit_common:/home/manoj/ros2_ws/install/ur_description:/home/manoj/ros2_ws/install/my_mobile_manipulator_description:/opt/ros/humble CMAKE_PREFIX_PATH=/home/manoj/ros2_ws/install/moveit_ros_planning:/home/manoj/ros2_ws/install/moveit_ros_occupancy_map_monitor:/home/manoj/ros2_ws/install/moveit_core:/home/manoj/ros2_ws/install/moveit_resources_panda_moveit_config:/home/manoj/ros2_ws/install/moveit_resources_fanuc_moveit_config:/home/manoj/ros2_ws/install/moveit_resources_pr2_description:/home/manoj/ros2_ws/install/moveit_resources_panda_description:/home/manoj/ros2_ws/install/moveit_resources_fanuc_description:/home/manoj/ros2_ws/install/moveit_common:/home/manoj/ros2_ws/install/moveit_resources_prbt_support:/home/manoj/ros2_ws/install/moveit_resources:/home/manoj/ros2_ws/install/dual_arm_panda_moveit_config:/home/manoj/ros2_ws/install/ur_description:/home/manoj/ros2_ws/install/my_mobile_manipulator_description:/home/manoj/ros2_ws/install/moveit_configs_utils:/opt/ros/humble LD_LIBRARY_PATH=/home/manoj/ros2_ws/install/moveit_ros_planning/lib:/home/manoj/ros2_ws/install/moveit_ros_occupancy_map_monitor/lib:/home/manoj/ros2_ws/install/moveit_core/lib:${LD_LIBRARY_PATH} PATH=/home/manoj/ros2_ws/install/moveit_core/bin:${PATH} PYTHONPATH=/home/manoj/ros2_ws/build/moveit_configs_utils:${PYTHONPATH} /usr/bin/cmake --build /home/manoj/ros2_ws/build/moveit_planners_ompl -- -j12 -l12
[388.081s] Invoking command in '/home/manoj/ros2_ws/build/moveit_planners_ompl': AMENT_PREFIX_PATH=/home/manoj/ros2_ws/install/moveit_ros_planning:/home/manoj/ros2_ws/install/moveit_ros_occupancy_map_monitor:/home/manoj/ros2_ws/install/moveit_core:/home/manoj/ros2_ws/install/moveit_configs_utils:/home/manoj/ros2_ws/install/moveit_resources_prbt_support:/home/manoj/ros2_ws/install/moveit_resources:/home/manoj/ros2_ws/install/moveit_resources_pr2_description:/home/manoj/ros2_ws/install/moveit_resources_panda_moveit_config:/home/manoj/ros2_ws/install/dual_arm_panda_moveit_config:/home/manoj/ros2_ws/install/moveit_resources_panda_description:/home/manoj/ros2_ws/install/moveit_resources_fanuc_moveit_config:/home/manoj/ros2_ws/install/moveit_resources_fanuc_description:/home/manoj/ros2_ws/install/moveit_common:/home/manoj/ros2_ws/install/ur_description:/home/manoj/ros2_ws/install/my_mobile_manipulator_description:/opt/ros/humble CMAKE_PREFIX_PATH=/home/manoj/ros2_ws/install/moveit_ros_planning:/home/manoj/ros2_ws/install/moveit_ros_occupancy_map_monitor:/home/manoj/ros2_ws/install/moveit_core:/home/manoj/ros2_ws/install/moveit_resources_panda_moveit_config:/home/manoj/ros2_ws/install/moveit_resources_fanuc_moveit_config:/home/manoj/ros2_ws/install/moveit_resources_pr2_description:/home/manoj/ros2_ws/install/moveit_resources_panda_description:/home/manoj/ros2_ws/install/moveit_resources_fanuc_description:/home/manoj/ros2_ws/install/moveit_common:/home/manoj/ros2_ws/install/moveit_resources_prbt_support:/home/manoj/ros2_ws/install/moveit_resources:/home/manoj/ros2_ws/install/dual_arm_panda_moveit_config:/home/manoj/ros2_ws/install/ur_description:/home/manoj/ros2_ws/install/my_mobile_manipulator_description:/home/manoj/ros2_ws/install/moveit_configs_utils:/opt/ros/humble LD_LIBRARY_PATH=/home/manoj/ros2_ws/install/moveit_ros_planning/lib:/home/manoj/ros2_ws/install/moveit_ros_occupancy_map_monitor/lib:/home/manoj/ros2_ws/install/moveit_core/lib:${LD_LIBRARY_PATH} PATH=/home/manoj/ros2_ws/install/moveit_core/bin:${PATH} PYTHONPATH=/home/manoj/ros2_ws/build/moveit_configs_utils:${PYTHONPATH} /usr/bin/cmake --install /home/manoj/ros2_ws/build/moveit_planners_ompl
[388.091s] -- Install configuration: "Release"
[388.092s] -- Execute custom install script
[388.093s] -- Symlinking: /home/manoj/ros2_ws/install/moveit_planners_ompl/lib/moveit_planners_ompl/generate_state_database
[388.106s] -- Symlinking: /home/manoj/ros2_ws/install/moveit_planners_ompl/include/moveit/ompl_interface/detail/constrained_goal_sampler.h
[388.118s] -- Symlinking: /home/manoj/ros2_ws/install/moveit_planners_ompl/include/moveit/ompl_interface/detail/constrained_sampler.h
[388.134s] -- Symlinking: /home/manoj/ros2_ws/install/moveit_planners_ompl/include/moveit/ompl_interface/detail/constrained_valid_state_sampler.h
[388.147s] -- Symlinking: /home/manoj/ros2_ws/install/moveit_planners_ompl/include/moveit/ompl_interface/detail/constraint_approximations.h
[388.160s] -- Symlinking: /home/manoj/ros2_ws/install/moveit_planners_ompl/include/moveit/ompl_interface/detail/constraints_library.h
[388.173s] -- Symlinking: /home/manoj/ros2_ws/install/moveit_planners_ompl/include/moveit/ompl_interface/detail/goal_union.h
[388.189s] -- Symlinking: /home/manoj/ros2_ws/install/moveit_planners_ompl/include/moveit/ompl_interface/detail/ompl_constraints.h
[388.202s] -- Symlinking: /home/manoj/ros2_ws/install/moveit_planners_ompl/include/moveit/ompl_interface/detail/projection_evaluators.h
[388.217s] -- Symlinking: /home/manoj/ros2_ws/install/moveit_planners_ompl/include/moveit/ompl_interface/detail/state_validity_checker.h
[388.233s] -- Symlinking: /home/manoj/ros2_ws/install/moveit_planners_ompl/include/moveit/ompl_interface/detail/threadsafe_state_storage.h
[388.248s] -- Symlinking: /home/manoj/ros2_ws/install/moveit_planners_ompl/include/moveit/ompl_interface/model_based_planning_context.h
[388.262s] -- Symlinking: /home/manoj/ros2_ws/install/moveit_planners_ompl/include/moveit/ompl_interface/ompl_interface.h
[388.275s] -- Symlinking: /home/manoj/ros2_ws/install/moveit_planners_ompl/include/moveit/ompl_interface/parameterization/joint_space/constrained_planning_state_space.h
[388.289s] -- Symlinking: /home/manoj/ros2_ws/install/moveit_planners_ompl/include/moveit/ompl_interface/parameterization/joint_space/constrained_planning_state_space_factory.h
[388.302s] -- Symlinking: /home/manoj/ros2_ws/install/moveit_planners_ompl/include/moveit/ompl_interface/parameterization/joint_space/joint_model_state_space.h
[388.317s] -- Symlinking: /home/manoj/ros2_ws/install/moveit_planners_ompl/include/moveit/ompl_interface/parameterization/joint_space/joint_model_state_space_factory.h
[388.330s] -- Symlinking: /home/manoj/ros2_ws/install/moveit_planners_ompl/include/moveit/ompl_interface/parameterization/model_based_state_space.h
[388.342s] -- Symlinking: /home/manoj/ros2_ws/install/moveit_planners_ompl/include/moveit/ompl_interface/parameterization/model_based_state_space_factory.h
[388.354s] -- Symlinking: /home/manoj/ros2_ws/install/moveit_planners_ompl/include/moveit/ompl_interface/parameterization/work_space/pose_model_state_space.h
[388.368s] -- Symlinking: /home/manoj/ros2_ws/install/moveit_planners_ompl/include/moveit/ompl_interface/parameterization/work_space/pose_model_state_space_factory.h
[388.383s] -- Symlinking: /home/manoj/ros2_ws/install/moveit_planners_ompl/include/moveit/ompl_interface/planning_context_manager.h
[388.397s] -- Symlinking: /home/manoj/ros2_ws/install/moveit_planners_ompl/share/moveit_planners_ompl/environment/library_path.sh
[388.413s] -- Symlinking: /home/manoj/ros2_ws/install/moveit_planners_ompl/share/moveit_planners_ompl/environment/library_path.dsv
[388.430s] -- Symlinking: /home/manoj/ros2_ws/install/moveit_planners_ompl/share/moveit_planners_ompl//ompl_interface_plugin_description.xml
[388.443s] -- Symlinking: /home/manoj/ros2_ws/install/moveit_planners_ompl/share/ament_index/resource_index/package_run_dependencies/moveit_planners_ompl
[388.459s] -- Symlinking: /home/manoj/ros2_ws/install/moveit_planners_ompl/share/ament_index/resource_index/parent_prefix_path/moveit_planners_ompl
[388.478s] -- Symlinking: /home/manoj/ros2_ws/install/moveit_planners_ompl/share/moveit_planners_ompl/environment/ament_prefix_path.sh
[388.488s] -- Symlinking: /home/manoj/ros2_ws/install/moveit_planners_ompl/share/moveit_planners_ompl/environment/ament_prefix_path.dsv
[388.503s] -- Symlinking: /home/manoj/ros2_ws/install/moveit_planners_ompl/share/moveit_planners_ompl/environment/path.sh
[388.519s] -- Symlinking: /home/manoj/ros2_ws/install/moveit_planners_ompl/share/moveit_planners_ompl/environment/path.dsv
[388.534s] -- Symlinking: /home/manoj/ros2_ws/install/moveit_planners_ompl/share/moveit_planners_ompl/local_setup.bash
[388.548s] -- Symlinking: /home/manoj/ros2_ws/install/moveit_planners_ompl/share/moveit_planners_ompl/local_setup.sh
[388.565s] -- Symlinking: /home/manoj/ros2_ws/install/moveit_planners_ompl/share/moveit_planners_ompl/local_setup.zsh
[388.576s] -- Symlinking: /home/manoj/ros2_ws/install/moveit_planners_ompl/share/moveit_planners_ompl/local_setup.dsv
[388.590s] -- Symlinking: /home/manoj/ros2_ws/install/moveit_planners_ompl/share/moveit_planners_ompl/package.dsv
[388.604s] -- Symlinking: /home/manoj/ros2_ws/install/moveit_planners_ompl/share/ament_index/resource_index/packages/moveit_planners_ompl
[388.619s] -- Symlinking: /home/manoj/ros2_ws/install/moveit_planners_ompl/share/ament_index/resource_index/moveit_core__pluginlib__plugin/moveit_planners_ompl
[388.631s] -- Symlinking: /home/manoj/ros2_ws/install/moveit_planners_ompl/share/moveit_planners_ompl/cmake/ament_cmake_export_targets-extras.cmake
[388.644s] -- Symlinking: /home/manoj/ros2_ws/install/moveit_planners_ompl/share/moveit_planners_ompl/cmake/ament_cmake_export_dependencies-extras.cmake
[388.659s] -- Symlinking: /home/manoj/ros2_ws/install/moveit_planners_ompl/share/moveit_planners_ompl/cmake/moveit_planners_omplConfig.cmake
[388.675s] -- Symlinking: /home/manoj/ros2_ws/install/moveit_planners_ompl/share/moveit_planners_ompl/cmake/moveit_planners_omplConfig-version.cmake
[388.690s] -- Symlinking: /home/manoj/ros2_ws/install/moveit_planners_ompl/share/moveit_planners_ompl/package.xml
[388.704s] -- Installing: /home/manoj/ros2_ws/install/moveit_planners_ompl/lib/libmoveit_ompl_interface.so.2.5.9
[388.708s] -- Set runtime path of "/home/manoj/ros2_ws/install/moveit_planners_ompl/lib/libmoveit_ompl_interface.so.2.5.9" to ""
[388.708s] -- Installing: /home/manoj/ros2_ws/install/moveit_planners_ompl/lib/libmoveit_ompl_interface.so
[388.708s] -- Installing: /home/manoj/ros2_ws/install/moveit_planners_ompl/lib/libmoveit_ompl_planner_plugin.so.2.5.9
[388.709s] -- Set runtime path of "/home/manoj/ros2_ws/install/moveit_planners_ompl/lib/libmoveit_ompl_planner_plugin.so.2.5.9" to ""
[388.709s] -- Installing: /home/manoj/ros2_ws/install/moveit_planners_ompl/lib/libmoveit_ompl_planner_plugin.so
[388.709s] -- Installing: /home/manoj/ros2_ws/install/moveit_planners_ompl/share/moveit_planners_ompl/cmake/export_moveit_planners_omplExport.cmake
[388.710s] -- Installing: /home/manoj/ros2_ws/install/moveit_planners_ompl/share/moveit_planners_ompl/cmake/export_moveit_planners_omplExport-release.cmake
[388.716s] Invoked command in '/home/manoj/ros2_ws/build/moveit_planners_ompl' returned '0': AMENT_PREFIX_PATH=/home/manoj/ros2_ws/install/moveit_ros_planning:/home/manoj/ros2_ws/install/moveit_ros_occupancy_map_monitor:/home/manoj/ros2_ws/install/moveit_core:/home/manoj/ros2_ws/install/moveit_configs_utils:/home/manoj/ros2_ws/install/moveit_resources_prbt_support:/home/manoj/ros2_ws/install/moveit_resources:/home/manoj/ros2_ws/install/moveit_resources_pr2_description:/home/manoj/ros2_ws/install/moveit_resources_panda_moveit_config:/home/manoj/ros2_ws/install/dual_arm_panda_moveit_config:/home/manoj/ros2_ws/install/moveit_resources_panda_description:/home/manoj/ros2_ws/install/moveit_resources_fanuc_moveit_config:/home/manoj/ros2_ws/install/moveit_resources_fanuc_description:/home/manoj/ros2_ws/install/moveit_common:/home/manoj/ros2_ws/install/ur_description:/home/manoj/ros2_ws/install/my_mobile_manipulator_description:/opt/ros/humble CMAKE_PREFIX_PATH=/home/manoj/ros2_ws/install/moveit_ros_planning:/home/manoj/ros2_ws/install/moveit_ros_occupancy_map_monitor:/home/manoj/ros2_ws/install/moveit_core:/home/manoj/ros2_ws/install/moveit_resources_panda_moveit_config:/home/manoj/ros2_ws/install/moveit_resources_fanuc_moveit_config:/home/manoj/ros2_ws/install/moveit_resources_pr2_description:/home/manoj/ros2_ws/install/moveit_resources_panda_description:/home/manoj/ros2_ws/install/moveit_resources_fanuc_description:/home/manoj/ros2_ws/install/moveit_common:/home/manoj/ros2_ws/install/moveit_resources_prbt_support:/home/manoj/ros2_ws/install/moveit_resources:/home/manoj/ros2_ws/install/dual_arm_panda_moveit_config:/home/manoj/ros2_ws/install/ur_description:/home/manoj/ros2_ws/install/my_mobile_manipulator_description:/home/manoj/ros2_ws/install/moveit_configs_utils:/opt/ros/humble LD_LIBRARY_PATH=/home/manoj/ros2_ws/install/moveit_ros_planning/lib:/home/manoj/ros2_ws/install/moveit_ros_occupancy_map_monitor/lib:/home/manoj/ros2_ws/install/moveit_core/lib:${LD_LIBRARY_PATH} PATH=/home/manoj/ros2_ws/install/moveit_core/bin:${PATH} PYTHONPATH=/home/manoj/ros2_ws/build/moveit_configs_utils:${PYTHONPATH} /usr/bin/cmake --install /home/manoj/ros2_ws/build/moveit_planners_ompl
