[0.018s] Invoking command in '/home/manoj/ros2_ws/build/moveit_resources': AMENT_PREFIX_PATH=/home/manoj/ros2_ws/install/moveit_resources_panda_moveit_config:/home/manoj/ros2_ws/install/moveit_resources_fanuc_moveit_config:/home/manoj/ros2_ws/install/moveit_resources_pr2_description:/home/manoj/ros2_ws/install/moveit_resources_panda_description:/home/manoj/ros2_ws/install/moveit_resources_fanuc_description:${AMENT_PREFIX_PATH} CMAKE_PREFIX_PATH=/home/manoj/ros2_ws/install/moveit_resources_panda_moveit_config:/home/manoj/ros2_ws/install/moveit_resources_fanuc_moveit_config:/home/manoj/ros2_ws/install/moveit_resources_pr2_description:/home/manoj/ros2_ws/install/moveit_resources_panda_description:/home/manoj/ros2_ws/install/moveit_resources_fanuc_description:/home/manoj/ros3_ws/src/install/my_mobile_manipulator_description:/opt/ros/humble /usr/bin/cmake --build /home/manoj/ros2_ws/build/moveit_resources -- -j12 -l12
[0.069s] Invoked command in '/home/manoj/ros2_ws/build/moveit_resources' returned '0': AMENT_PREFIX_PATH=/home/manoj/ros2_ws/install/moveit_resources_panda_moveit_config:/home/manoj/ros2_ws/install/moveit_resources_fanuc_moveit_config:/home/manoj/ros2_ws/install/moveit_resources_pr2_description:/home/manoj/ros2_ws/install/moveit_resources_panda_description:/home/manoj/ros2_ws/install/moveit_resources_fanuc_description:${AMENT_PREFIX_PATH} CMAKE_PREFIX_PATH=/home/manoj/ros2_ws/install/moveit_resources_panda_moveit_config:/home/manoj/ros2_ws/install/moveit_resources_fanuc_moveit_config:/home/manoj/ros2_ws/install/moveit_resources_pr2_description:/home/manoj/ros2_ws/install/moveit_resources_panda_description:/home/manoj/ros2_ws/install/moveit_resources_fanuc_description:/home/manoj/ros3_ws/src/install/my_mobile_manipulator_description:/opt/ros/humble /usr/bin/cmake --build /home/manoj/ros2_ws/build/moveit_resources -- -j12 -l12
[0.076s] Invoking command in '/home/manoj/ros2_ws/build/moveit_resources': AMENT_PREFIX_PATH=/home/manoj/ros2_ws/install/moveit_resources_panda_moveit_config:/home/manoj/ros2_ws/install/moveit_resources_fanuc_moveit_config:/home/manoj/ros2_ws/install/moveit_resources_pr2_description:/home/manoj/ros2_ws/install/moveit_resources_panda_description:/home/manoj/ros2_ws/install/moveit_resources_fanuc_description:${AMENT_PREFIX_PATH} CMAKE_PREFIX_PATH=/home/manoj/ros2_ws/install/moveit_resources_panda_moveit_config:/home/manoj/ros2_ws/install/moveit_resources_fanuc_moveit_config:/home/manoj/ros2_ws/install/moveit_resources_pr2_description:/home/manoj/ros2_ws/install/moveit_resources_panda_description:/home/manoj/ros2_ws/install/moveit_resources_fanuc_description:/home/manoj/ros3_ws/src/install/my_mobile_manipulator_description:/opt/ros/humble /usr/bin/cmake --install /home/manoj/ros2_ws/build/moveit_resources
[0.083s] -- Install configuration: "Release"
[0.084s] -- Execute custom install script
[0.084s] -- Up-to-date symlink: /home/manoj/ros2_ws/install/moveit_resources/share/ament_index/resource_index/package_run_dependencies/moveit_resources
[0.084s] -- Up-to-date symlink: /home/manoj/ros2_ws/install/moveit_resources/share/ament_index/resource_index/parent_prefix_path/moveit_resources
[0.085s] -- Up-to-date symlink: /home/manoj/ros2_ws/install/moveit_resources/share/moveit_resources/environment/ament_prefix_path.sh
[0.085s] -- Up-to-date symlink: /home/manoj/ros2_ws/install/moveit_resources/share/moveit_resources/environment/ament_prefix_path.dsv
[0.085s] -- Up-to-date symlink: /home/manoj/ros2_ws/install/moveit_resources/share/moveit_resources/environment/path.sh
[0.086s] -- Up-to-date symlink: /home/manoj/ros2_ws/install/moveit_resources/share/moveit_resources/environment/path.dsv
[0.086s] -- Up-to-date symlink: /home/manoj/ros2_ws/install/moveit_resources/share/moveit_resources/local_setup.bash
[0.086s] -- Up-to-date symlink: /home/manoj/ros2_ws/install/moveit_resources/share/moveit_resources/local_setup.sh
[0.086s] -- Up-to-date symlink: /home/manoj/ros2_ws/install/moveit_resources/share/moveit_resources/local_setup.zsh
[0.086s] -- Up-to-date symlink: /home/manoj/ros2_ws/install/moveit_resources/share/moveit_resources/local_setup.dsv
[0.089s] -- Symlinking: /home/manoj/ros2_ws/install/moveit_resources/share/moveit_resources/package.dsv
[0.100s] -- Up-to-date symlink: /home/manoj/ros2_ws/install/moveit_resources/share/ament_index/resource_index/packages/moveit_resources
[0.100s] -- Up-to-date symlink: /home/manoj/ros2_ws/install/moveit_resources/share/moveit_resources/cmake/moveit_resourcesConfig.cmake
[0.100s] -- Up-to-date symlink: /home/manoj/ros2_ws/install/moveit_resources/share/moveit_resources/cmake/moveit_resourcesConfig-version.cmake
[0.100s] -- Up-to-date symlink: /home/manoj/ros2_ws/install/moveit_resources/share/moveit_resources/package.xml
[0.105s] Invoked command in '/home/manoj/ros2_ws/build/moveit_resources' returned '0': AMENT_PREFIX_PATH=/home/manoj/ros2_ws/install/moveit_resources_panda_moveit_config:/home/manoj/ros2_ws/install/moveit_resources_fanuc_moveit_config:/home/manoj/ros2_ws/install/moveit_resources_pr2_description:/home/manoj/ros2_ws/install/moveit_resources_panda_description:/home/manoj/ros2_ws/install/moveit_resources_fanuc_description:${AMENT_PREFIX_PATH} CMAKE_PREFIX_PATH=/home/manoj/ros2_ws/install/moveit_resources_panda_moveit_config:/home/manoj/ros2_ws/install/moveit_resources_fanuc_moveit_config:/home/manoj/ros2_ws/install/moveit_resources_pr2_description:/home/manoj/ros2_ws/install/moveit_resources_panda_description:/home/manoj/ros2_ws/install/moveit_resources_fanuc_description:/home/manoj/ros3_ws/src/install/my_mobile_manipulator_description:/opt/ros/humble /usr/bin/cmake --install /home/manoj/ros2_ws/build/moveit_resources
