[0.023s] Invoking command in '/home/manoj/ros2_ws/build/moveit_ros_planning': AMENT_PREFIX_PATH=/home/manoj/ros2_ws/install/moveit_ros_occupancy_map_monitor:/home/manoj/ros2_ws/install/moveit_core:/home/manoj/ros2_ws/install/moveit_configs_utils:/home/manoj/ros2_ws/install/moveit_resources_prbt_support:/home/manoj/ros2_ws/install/moveit_resources:/home/manoj/ros2_ws/install/moveit_resources_pr2_description:/home/manoj/ros2_ws/install/moveit_resources_panda_moveit_config:/home/manoj/ros2_ws/install/dual_arm_panda_moveit_config:/home/manoj/ros2_ws/install/moveit_resources_panda_description:/home/manoj/ros2_ws/install/moveit_resources_fanuc_moveit_config:/home/manoj/ros2_ws/install/moveit_resources_fanuc_description:/home/manoj/ros2_ws/install/moveit_common:/home/manoj/ros2_ws/install/ur_description:/home/manoj/ros2_ws/install/my_mobile_manipulator_description:/opt/ros/humble CMAKE_PREFIX_PATH=/home/manoj/ros2_ws/install/moveit_ros_occupancy_map_monitor:/home/manoj/ros2_ws/install/moveit_core:/home/manoj/ros2_ws/install/moveit_resources_panda_moveit_config:/home/manoj/ros2_ws/install/moveit_resources_pr2_description:/home/manoj/ros2_ws/install/moveit_resources_panda_description:/home/manoj/ros2_ws/install/moveit_common:/home/manoj/ros2_ws/install/moveit_resources_prbt_support:/home/manoj/ros2_ws/install/moveit_resources:/home/manoj/ros2_ws/install/dual_arm_panda_moveit_config:/home/manoj/ros2_ws/install/moveit_resources_fanuc_moveit_config:/home/manoj/ros2_ws/install/moveit_resources_fanuc_description:/home/manoj/ros2_ws/install/ur_description:/home/manoj/ros2_ws/install/my_mobile_manipulator_description:/home/manoj/ros2_ws/install/moveit_configs_utils:/opt/ros/humble LD_LIBRARY_PATH=/home/manoj/ros2_ws/install/moveit_ros_occupancy_map_monitor/lib:/home/manoj/ros2_ws/install/moveit_core/lib:${LD_LIBRARY_PATH} PATH=/home/manoj/ros2_ws/install/moveit_core/bin:${PATH} PYTHONPATH=/home/manoj/ros2_ws/build/moveit_configs_utils:${PYTHONPATH} /usr/bin/cmake /home/manoj/ros2_ws/src/moveit2/moveit_ros/planning -DAMENT_CMAKE_SYMLINK_INSTALL=1 -DCMAKE_INSTALL_PREFIX=/home/manoj/ros2_ws/install/moveit_ros_planning
[0.112s] -- The C compiler identification is GNU 11.4.0
[0.203s] -- The CXX compiler identification is GNU 11.4.0
[0.214s] -- Detecting C compiler ABI info
[0.337s] -- Detecting C compiler ABI info - done
[0.351s] -- Check for working C compiler: /usr/bin/cc - skipped
[0.352s] -- Detecting C compile features
[0.355s] -- Detecting C compile features - done
[0.358s] -- Detecting CXX compiler ABI info
[0.480s] -- Detecting CXX compiler ABI info - done
[0.496s] -- Check for working CXX compiler: /usr/bin/c++ - skipped
[0.496s] -- Detecting CXX compile features
[0.497s] -- Detecting CXX compile features - done
[0.501s] -- Found moveit_common: 2.5.9 (/home/manoj/ros2_ws/install/moveit_common/share/moveit_common/cmake)
[0.509s] -- Found ament_cmake: 1.3.11 (/opt/ros/humble/share/ament_cmake/cmake)
[0.792s] -- Found Python3: /usr/bin/python3 (found version "3.10.12") found components: Interpreter 
[0.900s] -- Override CMake install command with custom implementation using symlinks instead of copying resources
[1.072s] [0mmoveit_ros_planning: You did not request a specific build type: Choosing 'Release' for maximum performance[0m
[1.075s] -- Found moveit_msgs: 2.2.1 (/opt/ros/humble/share/moveit_msgs/cmake)
[1.162s] -- Found rosidl_generator_c: 3.1.6 (/opt/ros/humble/share/rosidl_generator_c/cmake)
[1.177s] -- Found rosidl_adapter: 3.1.6 (/opt/ros/humble/share/rosidl_adapter/cmake)
[1.192s] -- Found rosidl_generator_cpp: 3.1.6 (/opt/ros/humble/share/rosidl_generator_cpp/cmake)
[1.210s] -- Using all available rosidl_typesupport_c: rosidl_typesupport_fastrtps_c;rosidl_typesupport_introspection_c
[1.246s] -- Using all available rosidl_typesupport_cpp: rosidl_typesupport_fastrtps_cpp;rosidl_typesupport_introspection_cpp
[1.591s] -- Found pluginlib: 5.1.0 (/opt/ros/humble/share/pluginlib/cmake)
[1.650s] -- Found rclcpp: 16.0.12 (/opt/ros/humble/share/rclcpp/cmake)
[1.728s] -- Found rmw_implementation_cmake: 6.1.2 (/opt/ros/humble/share/rmw_implementation_cmake/cmake)
[1.733s] -- Found rmw_fastrtps_cpp: 6.2.7 (/opt/ros/humble/share/rmw_fastrtps_cpp/cmake)
[1.788s] -- Found TinyXML2 via Config file: TinyXML2_DIR-NOTFOUND
[1.869s] -- Found OpenSSL: /usr/lib/x86_64-linux-gnu/libcrypto.so (found version "3.0.2")  
[1.875s] -- Found TinyXML2 via Config file: TinyXML2_DIR-NOTFOUND
[1.899s] -- Found FastRTPS: /opt/ros/humble/include  
[1.903s] -- Found TinyXML2 via Config file: TinyXML2_DIR-NOTFOUND
[1.915s] -- Found TinyXML2 via Config file: TinyXML2_DIR-NOTFOUND
[1.931s] -- Using RMW implementation 'rmw_fastrtps_cpp' as default
[1.955s] -- Looking for pthread.h
[2.107s] -- Looking for pthread.h - found
[2.108s] -- Performing Test CMAKE_HAVE_LIBC_PTHREAD
[2.250s] -- Performing Test CMAKE_HAVE_LIBC_PTHREAD - Success
[2.251s] -- Found Threads: TRUE  
[2.341s] -- Found message_filters: 4.3.7 (/opt/ros/humble/share/message_filters/cmake)
[2.349s] -- Found srdfdom: 2.0.7 (/opt/ros/humble/share/srdfdom/cmake)
[2.387s] -- Found tf2: 0.25.12 (/opt/ros/humble/share/tf2/cmake)
[2.395s] -- Found tf2_geometry_msgs: 0.25.12 (/opt/ros/humble/share/tf2_geometry_msgs/cmake)
[2.417s] -- Found eigen3_cmake_module: 0.1.1 (/opt/ros/humble/share/eigen3_cmake_module/cmake)
[2.418s] -- Found Eigen3: TRUE (found version "3.4.0") 
[2.419s] -- Ensuring Eigen3 include directory is part of orocos-kdl CMake target
[2.522s] -- Found tf2_eigen: 0.25.12 (/opt/ros/humble/share/tf2_eigen/cmake)
[2.529s] -- Found moveit_core: 2.5.9 (/home/manoj/ros2_ws/install/moveit_core/share/moveit_core/cmake)
[2.606s] -- Found Boost: /usr/lib/x86_64-linux-gnu/cmake/Boost-1.74.0/BoostConfig.cmake (found version "1.74.0") found components: chrono date_time filesystem iostreams program_options regex serialization system thread 
[2.668s] -- Found parameter_traits: 0.4.0 (/opt/ros/humble/share/parameter_traits/cmake)
[2.693s] -- Found rclcpp_lifecycle: 16.0.12 (/opt/ros/humble/share/rclcpp_lifecycle/cmake)
[2.721s] -- Found Boost: /usr/lib/x86_64-linux-gnu/cmake/Boost-1.74.0/BoostConfig.cmake (found version "1.74.0") found components: filesystem 
[2.868s] -- library: /usr/lib/x86_64-linux-gnu/libcurl.so
[2.951s] -- Found moveit_ros_occupancy_map_monitor: 2.5.9 (/home/manoj/ros2_ws/install/moveit_ros_occupancy_map_monitor/share/moveit_ros_occupancy_map_monitor/cmake)
[2.979s] -- Found Boost: /usr/lib/x86_64-linux-gnu/cmake/Boost-1.74.0/BoostConfig.cmake (found version "1.74.0") found components: system filesystem date_time program_options thread chrono 
[3.025s] -- Performing Test COMPILER_HAS_HIDDEN_VISIBILITY
[3.170s] -- Performing Test COMPILER_HAS_HIDDEN_VISIBILITY - Success
[3.173s] -- Performing Test COMPILER_HAS_HIDDEN_INLINE_VISIBILITY
[3.314s] -- Performing Test COMPILER_HAS_HIDDEN_INLINE_VISIBILITY - Success
[3.314s] -- Performing Test COMPILER_HAS_DEPRECATED_ATTR
[3.485s] -- Performing Test COMPILER_HAS_DEPRECATED_ATTR - Success
[3.537s] -- Found ament_cmake_gtest: 1.3.11 (/opt/ros/humble/share/ament_cmake_gtest/cmake)
[3.542s] -- Found ament_cmake_gmock: 1.3.11 (/opt/ros/humble/share/ament_cmake_gmock/cmake)
[3.549s] -- Found ros_testing: 0.4.0 (/opt/ros/humble/share/ros_testing/cmake)
[3.555s] -- Found launch_testing_ament_cmake: 1.0.8 (/opt/ros/humble/share/launch_testing_ament_cmake/cmake)
[3.563s] -- Found python_cmake_module: 0.10.0 (/opt/ros/humble/share/python_cmake_module/cmake)
[3.604s] -- Found PythonInterp: /usr/bin/python3 (found suitable version "3.10.12", minimum required is "3.6") 
[3.613s] -- Found PythonLibs: /usr/lib/x86_64-linux-gnu/libpython3.10.so (found suitable version "3.10.12", minimum required is "3.5") 
[3.613s] -- Using PYTHON_EXECUTABLE: /usr/bin/python3
[3.613s] -- Using PYTHON_INCLUDE_DIRS: /usr/include/python3.10
[3.614s] -- Using PYTHON_LIBRARIES: /usr/lib/x86_64-linux-gnu/libpython3.10.so
[3.639s] -- Found PythonExtra: .so  
[3.645s] -- Found gmock sources under '/opt/ros/humble/src/gmock_vendor': C++ tests using 'Google Mock' will be built
[3.660s] -- Found gtest sources under '/opt/ros/humble/src/gtest_vendor': C++ tests using 'Google Test' will be built
[3.725s] -- Found ament_lint_auto: 0.12.12 (/opt/ros/humble/share/ament_lint_auto/cmake)
[3.777s] -- Found launch_testing_ament_cmake: 1.0.8 (/opt/ros/humble/share/launch_testing_ament_cmake/cmake)
[3.777s] -- Found python_cmake_module: 0.10.0 (/opt/ros/humble/share/python_cmake_module/cmake)
[3.812s] -- Using PYTHON_EXECUTABLE: /usr/bin/python3
[3.812s] -- Using PYTHON_INCLUDE_DIRS: /usr/include/python3.10
[3.812s] -- Using PYTHON_LIBRARIES: /usr/lib/x86_64-linux-gnu/libpython3.10.so
[3.828s] -- Added test 'cppcheck' to perform static code analysis on C / C++ code
[3.829s] -- Configured cppcheck include dirs: /home/manoj/ros2_ws/src/moveit2/moveit_ros/planning/rdf_loader/include;/home/manoj/ros2_ws/src/moveit2/moveit_ros/planning/kinematics_plugin_loader/include;/home/manoj/ros2_ws/src/moveit2/moveit_ros/planning/robot_model_loader/include;/home/manoj/ros2_ws/src/moveit2/moveit_ros/planning/constraint_sampler_manager_loader/include;/home/manoj/ros2_ws/src/moveit2/moveit_ros/planning/planning_pipeline/include;/home/manoj/ros2_ws/src/moveit2/moveit_ros/planning/planning_scene_monitor/include;/home/manoj/ros2_ws/src/moveit2/moveit_ros/planning/trajectory_execution_manager/include;/home/manoj/ros2_ws/src/moveit2/moveit_ros/planning/plan_execution/include;/home/manoj/ros2_ws/src/moveit2/moveit_ros/planning/collision_plugin_loader/include;/home/manoj/ros2_ws/src/moveit2/moveit_ros/planning/moveit_cpp/include
[3.829s] -- Configured cppcheck exclude dirs and/or files: 
[3.837s] -- Added test 'lint_cmake' to check CMake code style
[3.840s] -- Added test 'pep257' to check Python code against some of the docstring style conventions in PEP 257
[3.844s] -- Added test 'xmllint' to check XML markup files
[3.853s] -- Configuring done
[4.289s] -- Generating done
[4.457s] -- Build files have been written to: /home/manoj/ros2_ws/build/moveit_ros_planning
[4.491s] Invoked command in '/home/manoj/ros2_ws/build/moveit_ros_planning' returned '0': AMENT_PREFIX_PATH=/home/manoj/ros2_ws/install/moveit_ros_occupancy_map_monitor:/home/manoj/ros2_ws/install/moveit_core:/home/manoj/ros2_ws/install/moveit_configs_utils:/home/manoj/ros2_ws/install/moveit_resources_prbt_support:/home/manoj/ros2_ws/install/moveit_resources:/home/manoj/ros2_ws/install/moveit_resources_pr2_description:/home/manoj/ros2_ws/install/moveit_resources_panda_moveit_config:/home/manoj/ros2_ws/install/dual_arm_panda_moveit_config:/home/manoj/ros2_ws/install/moveit_resources_panda_description:/home/manoj/ros2_ws/install/moveit_resources_fanuc_moveit_config:/home/manoj/ros2_ws/install/moveit_resources_fanuc_description:/home/manoj/ros2_ws/install/moveit_common:/home/manoj/ros2_ws/install/ur_description:/home/manoj/ros2_ws/install/my_mobile_manipulator_description:/opt/ros/humble CMAKE_PREFIX_PATH=/home/manoj/ros2_ws/install/moveit_ros_occupancy_map_monitor:/home/manoj/ros2_ws/install/moveit_core:/home/manoj/ros2_ws/install/moveit_resources_panda_moveit_config:/home/manoj/ros2_ws/install/moveit_resources_pr2_description:/home/manoj/ros2_ws/install/moveit_resources_panda_description:/home/manoj/ros2_ws/install/moveit_common:/home/manoj/ros2_ws/install/moveit_resources_prbt_support:/home/manoj/ros2_ws/install/moveit_resources:/home/manoj/ros2_ws/install/dual_arm_panda_moveit_config:/home/manoj/ros2_ws/install/moveit_resources_fanuc_moveit_config:/home/manoj/ros2_ws/install/moveit_resources_fanuc_description:/home/manoj/ros2_ws/install/ur_description:/home/manoj/ros2_ws/install/my_mobile_manipulator_description:/home/manoj/ros2_ws/install/moveit_configs_utils:/opt/ros/humble LD_LIBRARY_PATH=/home/manoj/ros2_ws/install/moveit_ros_occupancy_map_monitor/lib:/home/manoj/ros2_ws/install/moveit_core/lib:${LD_LIBRARY_PATH} PATH=/home/manoj/ros2_ws/install/moveit_core/bin:${PATH} PYTHONPATH=/home/manoj/ros2_ws/build/moveit_configs_utils:${PYTHONPATH} /usr/bin/cmake /home/manoj/ros2_ws/src/moveit2/moveit_ros/planning -DAMENT_CMAKE_SYMLINK_INSTALL=1 -DCMAKE_INSTALL_PREFIX=/home/manoj/ros2_ws/install/moveit_ros_planning
[4.493s] Invoking command in '/home/manoj/ros2_ws/build/moveit_ros_planning': AMENT_PREFIX_PATH=/home/manoj/ros2_ws/install/moveit_ros_occupancy_map_monitor:/home/manoj/ros2_ws/install/moveit_core:/home/manoj/ros2_ws/install/moveit_configs_utils:/home/manoj/ros2_ws/install/moveit_resources_prbt_support:/home/manoj/ros2_ws/install/moveit_resources:/home/manoj/ros2_ws/install/moveit_resources_pr2_description:/home/manoj/ros2_ws/install/moveit_resources_panda_moveit_config:/home/manoj/ros2_ws/install/dual_arm_panda_moveit_config:/home/manoj/ros2_ws/install/moveit_resources_panda_description:/home/manoj/ros2_ws/install/moveit_resources_fanuc_moveit_config:/home/manoj/ros2_ws/install/moveit_resources_fanuc_description:/home/manoj/ros2_ws/install/moveit_common:/home/manoj/ros2_ws/install/ur_description:/home/manoj/ros2_ws/install/my_mobile_manipulator_description:/opt/ros/humble CMAKE_PREFIX_PATH=/home/manoj/ros2_ws/install/moveit_ros_occupancy_map_monitor:/home/manoj/ros2_ws/install/moveit_core:/home/manoj/ros2_ws/install/moveit_resources_panda_moveit_config:/home/manoj/ros2_ws/install/moveit_resources_pr2_description:/home/manoj/ros2_ws/install/moveit_resources_panda_description:/home/manoj/ros2_ws/install/moveit_common:/home/manoj/ros2_ws/install/moveit_resources_prbt_support:/home/manoj/ros2_ws/install/moveit_resources:/home/manoj/ros2_ws/install/dual_arm_panda_moveit_config:/home/manoj/ros2_ws/install/moveit_resources_fanuc_moveit_config:/home/manoj/ros2_ws/install/moveit_resources_fanuc_description:/home/manoj/ros2_ws/install/ur_description:/home/manoj/ros2_ws/install/my_mobile_manipulator_description:/home/manoj/ros2_ws/install/moveit_configs_utils:/opt/ros/humble LD_LIBRARY_PATH=/home/manoj/ros2_ws/install/moveit_ros_occupancy_map_monitor/lib:/home/manoj/ros2_ws/install/moveit_core/lib:${LD_LIBRARY_PATH} PATH=/home/manoj/ros2_ws/install/moveit_core/bin:${PATH} PYTHONPATH=/home/manoj/ros2_ws/build/moveit_configs_utils:${PYTHONPATH} /usr/bin/cmake --build /home/manoj/ros2_ws/build/moveit_ros_planning -- -j12 -l12
[4.578s] [  1%] [32mBuilding CXX object rdf_loader/CMakeFiles/moveit_rdf_loader.dir/src/rdf_loader.cpp.o[0m
[9.724s] [  2%] [32mBuilding CXX object rdf_loader/CMakeFiles/moveit_rdf_loader.dir/src/synchronized_string_parameter.cpp.o[0m
[25.998s] [  4%] [32m[1mLinking CXX shared library libmoveit_rdf_loader.so[0m
[26.296s] [  4%] Built target moveit_rdf_loader
[26.321s] [  5%] [32mBuilding CXX object gtest/CMakeFiles/gtest.dir/src/gtest-all.cc.o[0m
[35.837s] [  7%] [32m[1mLinking CXX static library libgtest.a[0m
[35.890s] [  7%] Built target gtest
[35.927s] [  8%] [32mBuilding CXX object constraint_sampler_manager_loader/CMakeFiles/moveit_constraint_sampler_manager_loader.dir/src/constraint_sampler_manager_loader.cpp.o[0m
[35.932s] [ 10%] [32mBuilding CXX object kinematics_plugin_loader/CMakeFiles/moveit_kinematics_plugin_loader.dir/src/kinematics_plugin_loader.cpp.o[0m
[50.606s] [ 11%] [32m[1mLinking CXX shared library libmoveit_kinematics_plugin_loader.so[0m
[50.829s] [ 11%] Built target moveit_kinematics_plugin_loader
[50.858s] [ 13%] [32mBuilding CXX object gtest/CMakeFiles/gtest_main.dir/src/gtest_main.cc.o[0m
[50.859s] [ 14%] [32mBuilding CXX object gmock/CMakeFiles/gmock.dir/src/gmock-all.cc.o[0m
[50.860s] [ 16%] [32mBuilding CXX object gmock/CMakeFiles/gmock.dir/opt/ros/humble/src/gtest_vendor/src/gtest-all.cc.o[0m
[52.632s] [ 17%] [32m[1mLinking CXX static library libgtest_main.a[0m
[52.664s] [ 19%] [32m[1mLinking CXX shared library libmoveit_constraint_sampler_manager_loader.so[0m
[52.685s] [ 19%] Built target gtest_main
[52.714s] [ 20%] [32mBuilding CXX object robot_model_loader/CMakeFiles/moveit_robot_model_loader.dir/src/robot_model_loader.cpp.o[0m
[52.721s] [ 22%] [32mBuilding CXX object gmock/CMakeFiles/gmock_main.dir/src/gmock_main.cc.o[0m
[53.135s] [ 22%] Built target moveit_constraint_sampler_manager_loader
[53.174s] [ 23%] [32mBuilding CXX object planning_request_adapter_plugins/CMakeFiles/moveit_list_request_adapter_plugins.dir/src/list.cpp.o[0m
[53.181s] [ 25%] [32mBuilding CXX object planning_request_adapter_plugins/CMakeFiles/moveit_default_planning_request_adapter_plugins.dir/src/fix_start_state_bounds.cpp.o[0m
[53.182s] [ 26%] [32mBuilding CXX object planning_request_adapter_plugins/CMakeFiles/moveit_default_planning_request_adapter_plugins.dir/src/fix_start_state_collision.cpp.o[0m
[53.191s] [ 27%] [32mBuilding CXX object planning_request_adapter_plugins/CMakeFiles/moveit_default_planning_request_adapter_plugins.dir/src/empty.cpp.o[0m
[54.208s] [ 29%] [32mBuilding CXX object planning_request_adapter_plugins/CMakeFiles/moveit_default_planning_request_adapter_plugins.dir/src/fix_workspace_bounds.cpp.o[0m
[54.210s] [ 30%] [32mBuilding CXX object planning_request_adapter_plugins/CMakeFiles/moveit_default_planning_request_adapter_plugins.dir/src/fix_start_state_path_constraints.cpp.o[0m
[55.364s] [ 32%] [32m[1mLinking CXX static library libgmock_main.a[0m
[55.445s] [ 32%] Built target gmock_main
[66.793s] [ 33%] [32m[1mLinking CXX shared library libmoveit_robot_model_loader.so[0m
[66.904s] [ 35%] [32m[1mLinking CXX static library libgmock.a[0m
[67.007s] [ 35%] Built target gmock
[67.242s] [ 35%] Built target moveit_robot_model_loader
[70.216s] [ 36%] [32mBuilding CXX object planning_request_adapter_plugins/CMakeFiles/moveit_default_planning_request_adapter_plugins.dir/src/add_time_optimal_parameterization.cpp.o[0m
[72.221s] [ 38%] [32mBuilding CXX object planning_request_adapter_plugins/CMakeFiles/moveit_default_planning_request_adapter_plugins.dir/src/add_iterative_spline_parameterization.cpp.o[0m
[72.231s] [ 39%] [32mBuilding CXX object planning_request_adapter_plugins/CMakeFiles/moveit_default_planning_request_adapter_plugins.dir/src/resolve_constraint_frames.cpp.o[0m
[73.210s] [ 41%] [32mBuilding CXX object planning_request_adapter_plugins/CMakeFiles/moveit_default_planning_request_adapter_plugins.dir/src/add_ruckig_traj_smoothing.cpp.o[0m
[74.792s] [ 42%] [32mBuilding CXX object planning_request_adapter_plugins/CMakeFiles/moveit_default_planning_request_adapter_plugins.dir/src/add_time_parameterization.cpp.o[0m
[79.566s] [ 44%] [32m[1mLinking CXX executable moveit_list_request_adapter_plugins[0m
[79.923s] [ 44%] Built target moveit_list_request_adapter_plugins
[79.978s] [ 45%] [32mBuilding CXX object planning_pipeline/CMakeFiles/moveit_planning_pipeline.dir/src/planning_pipeline.cpp.o[0m
[79.979s] [ 47%] [32mBuilding CXX object planning_components_tools/CMakeFiles/moveit_print_planning_model_info.dir/src/print_planning_model_info.cpp.o[0m
[88.562s] [ 48%] [32m[1mLinking CXX shared library libmoveit_default_planning_request_adapter_plugins.so[0m
[88.857s] [ 48%] Built target moveit_default_planning_request_adapter_plugins
[89.813s] [ 50%] [32m[1mLinking CXX executable moveit_print_planning_model_info[0m
[90.134s] [ 50%] Built target moveit_print_planning_model_info
[104.403s] [ 51%] [32m[1mLinking CXX shared library libmoveit_planning_pipeline.so[0m
[104.667s] [ 51%] Built target moveit_planning_pipeline
[104.693s] [ 52%] [32mBuilding CXX object collision_plugin_loader/CMakeFiles/moveit_collision_plugin_loader.dir/src/collision_plugin_loader.cpp.o[0m
[111.659s] [ 54%] [32m[1mLinking CXX shared library libmoveit_collision_plugin_loader.so[0m
[111.836s] [ 54%] Built target moveit_collision_plugin_loader
[111.886s] [ 55%] [32mBuilding CXX object planning_scene_monitor/CMakeFiles/moveit_planning_scene_monitor.dir/src/planning_scene_monitor.cpp.o[0m
[111.890s] [ 58%] [32mBuilding CXX object planning_scene_monitor/CMakeFiles/moveit_planning_scene_monitor.dir/src/current_state_monitor.cpp.o[0m
[111.891s] [ 58%] [32mBuilding CXX object planning_scene_monitor/CMakeFiles/moveit_planning_scene_monitor.dir/src/trajectory_monitor.cpp.o[0m
[111.891s] [ 60%] [32mBuilding CXX object planning_scene_monitor/CMakeFiles/moveit_planning_scene_monitor.dir/src/trajectory_monitor_middleware_handle.cpp.o[0m
[111.891s] [ 61%] [32mBuilding CXX object planning_scene_monitor/CMakeFiles/moveit_planning_scene_monitor.dir/src/current_state_monitor_middleware_handle.cpp.o[0m
[153.095s] [ 63%] [32m[1mLinking CXX shared library libmoveit_planning_scene_monitor.so[0m
[153.575s] [ 63%] Built target moveit_planning_scene_monitor
[153.610s] [ 64%] [32mBuilding CXX object planning_scene_monitor/CMakeFiles/demo_scene.dir/demos/demo_scene.cpp.o[0m
[153.612s] [ 66%] [32mBuilding CXX object planning_components_tools/CMakeFiles/moveit_print_planning_scene_info.dir/src/print_planning_scene_info.cpp.o[0m
[153.616s] [ 67%] [32mBuilding CXX object planning_scene_monitor/CMakeFiles/planning_scene_monitor_test.dir/test/planning_scene_monitor_test.cpp.o[0m
[153.621s] [ 69%] [32mBuilding CXX object planning_scene_monitor/CMakeFiles/current_state_monitor_tests.dir/test/current_state_monitor_tests.cpp.o[0m
[153.621s] [ 70%] [32mBuilding CXX object planning_scene_monitor/CMakeFiles/trajectory_monitor_tests.dir/test/trajectory_monitor_tests.cpp.o[0m
[153.623s] [ 72%] [32mBuilding CXX object planning_components_tools/CMakeFiles/moveit_display_random_state.dir/src/display_random_state.cpp.o[0m
[170.672s] [ 73%] [32m[1mLinking CXX executable moveit_print_planning_scene_info[0m
[171.266s] [ 73%] Built target moveit_print_planning_scene_info
[175.417s] [ 75%] [32m[1mLinking CXX executable trajectory_monitor_tests[0m
[175.545s] [ 76%] [32m[1mLinking CXX executable demo_scene[0m
[175.911s] [ 76%] Built target demo_scene
[176.130s] [ 76%] Built target trajectory_monitor_tests
[176.211s] [ 77%] [32m[1mLinking CXX executable current_state_monitor_tests[0m
[176.724s] [ 77%] Built target current_state_monitor_tests
[177.075s] [ 79%] [32m[1mLinking CXX executable planning_scene_monitor_test[0m
[177.239s] [ 80%] [32m[1mLinking CXX executable moveit_display_random_state[0m
[177.523s] [ 80%] Built target planning_scene_monitor_test
[177.665s] [ 80%] Built target moveit_display_random_state
[177.693s] [ 82%] [32mBuilding CXX object trajectory_execution_manager/CMakeFiles/moveit_trajectory_execution_manager.dir/src/trajectory_execution_manager.cpp.o[0m
[204.121s] [ 83%] [32m[1mLinking CXX shared library libmoveit_trajectory_execution_manager.so[0m
[204.470s] [ 83%] Built target moveit_trajectory_execution_manager
[204.500s] [ 85%] [32mBuilding CXX object planning_components_tools/CMakeFiles/moveit_evaluate_collision_checking_speed.dir/src/evaluate_collision_checking_speed.cpp.o[0m
[204.500s] [ 86%] [32mBuilding CXX object plan_execution/CMakeFiles/moveit_plan_execution.dir/src/plan_execution.cpp.o[0m
[204.501s] [ 88%] [32mBuilding CXX object planning_components_tools/CMakeFiles/moveit_visualize_robot_collision_volume.dir/src/visualize_robot_collision_volume.cpp.o[0m
[204.503s] [ 89%] [32mBuilding CXX object moveit_cpp/CMakeFiles/moveit_cpp.dir/src/moveit_cpp.cpp.o[0m
[204.504s] [ 91%] [32mBuilding CXX object planning_components_tools/CMakeFiles/moveit_publish_scene_from_text.dir/src/publish_scene_from_text.cpp.o[0m
[204.507s] [ 92%] [32mBuilding CXX object moveit_cpp/CMakeFiles/moveit_cpp.dir/src/planning_component.cpp.o[0m
[224.814s] [ 94%] [32m[1mLinking CXX executable moveit_evaluate_collision_checking_speed[0m
[225.447s] [ 94%] Built target moveit_evaluate_collision_checking_speed
[226.134s] [ 95%] [32m[1mLinking CXX shared library libmoveit_plan_execution.so[0m
[226.360s] [ 97%] [32m[1mLinking CXX executable moveit_publish_scene_from_text[0m
[226.601s] [ 97%] Built target moveit_plan_execution
[226.917s] [ 97%] Built target moveit_publish_scene_from_text
[227.073s] [ 98%] [32m[1mLinking CXX executable moveit_visualize_robot_collision_volume[0m
[227.540s] [ 98%] Built target moveit_visualize_robot_collision_volume
[232.342s] [100%] [32m[1mLinking CXX shared library libmoveit_cpp.so[0m
[232.686s] [100%] Built target moveit_cpp
[232.713s] Invoked command in '/home/manoj/ros2_ws/build/moveit_ros_planning' returned '0': AMENT_PREFIX_PATH=/home/manoj/ros2_ws/install/moveit_ros_occupancy_map_monitor:/home/manoj/ros2_ws/install/moveit_core:/home/manoj/ros2_ws/install/moveit_configs_utils:/home/manoj/ros2_ws/install/moveit_resources_prbt_support:/home/manoj/ros2_ws/install/moveit_resources:/home/manoj/ros2_ws/install/moveit_resources_pr2_description:/home/manoj/ros2_ws/install/moveit_resources_panda_moveit_config:/home/manoj/ros2_ws/install/dual_arm_panda_moveit_config:/home/manoj/ros2_ws/install/moveit_resources_panda_description:/home/manoj/ros2_ws/install/moveit_resources_fanuc_moveit_config:/home/manoj/ros2_ws/install/moveit_resources_fanuc_description:/home/manoj/ros2_ws/install/moveit_common:/home/manoj/ros2_ws/install/ur_description:/home/manoj/ros2_ws/install/my_mobile_manipulator_description:/opt/ros/humble CMAKE_PREFIX_PATH=/home/manoj/ros2_ws/install/moveit_ros_occupancy_map_monitor:/home/manoj/ros2_ws/install/moveit_core:/home/manoj/ros2_ws/install/moveit_resources_panda_moveit_config:/home/manoj/ros2_ws/install/moveit_resources_pr2_description:/home/manoj/ros2_ws/install/moveit_resources_panda_description:/home/manoj/ros2_ws/install/moveit_common:/home/manoj/ros2_ws/install/moveit_resources_prbt_support:/home/manoj/ros2_ws/install/moveit_resources:/home/manoj/ros2_ws/install/dual_arm_panda_moveit_config:/home/manoj/ros2_ws/install/moveit_resources_fanuc_moveit_config:/home/manoj/ros2_ws/install/moveit_resources_fanuc_description:/home/manoj/ros2_ws/install/ur_description:/home/manoj/ros2_ws/install/my_mobile_manipulator_description:/home/manoj/ros2_ws/install/moveit_configs_utils:/opt/ros/humble LD_LIBRARY_PATH=/home/manoj/ros2_ws/install/moveit_ros_occupancy_map_monitor/lib:/home/manoj/ros2_ws/install/moveit_core/lib:${LD_LIBRARY_PATH} PATH=/home/manoj/ros2_ws/install/moveit_core/bin:${PATH} PYTHONPATH=/home/manoj/ros2_ws/build/moveit_configs_utils:${PYTHONPATH} /usr/bin/cmake --build /home/manoj/ros2_ws/build/moveit_ros_planning -- -j12 -l12
[232.719s] Invoking command in '/home/manoj/ros2_ws/build/moveit_ros_planning': AMENT_PREFIX_PATH=/home/manoj/ros2_ws/install/moveit_ros_occupancy_map_monitor:/home/manoj/ros2_ws/install/moveit_core:/home/manoj/ros2_ws/install/moveit_configs_utils:/home/manoj/ros2_ws/install/moveit_resources_prbt_support:/home/manoj/ros2_ws/install/moveit_resources:/home/manoj/ros2_ws/install/moveit_resources_pr2_description:/home/manoj/ros2_ws/install/moveit_resources_panda_moveit_config:/home/manoj/ros2_ws/install/dual_arm_panda_moveit_config:/home/manoj/ros2_ws/install/moveit_resources_panda_description:/home/manoj/ros2_ws/install/moveit_resources_fanuc_moveit_config:/home/manoj/ros2_ws/install/moveit_resources_fanuc_description:/home/manoj/ros2_ws/install/moveit_common:/home/manoj/ros2_ws/install/ur_description:/home/manoj/ros2_ws/install/my_mobile_manipulator_description:/opt/ros/humble CMAKE_PREFIX_PATH=/home/manoj/ros2_ws/install/moveit_ros_occupancy_map_monitor:/home/manoj/ros2_ws/install/moveit_core:/home/manoj/ros2_ws/install/moveit_resources_panda_moveit_config:/home/manoj/ros2_ws/install/moveit_resources_pr2_description:/home/manoj/ros2_ws/install/moveit_resources_panda_description:/home/manoj/ros2_ws/install/moveit_common:/home/manoj/ros2_ws/install/moveit_resources_prbt_support:/home/manoj/ros2_ws/install/moveit_resources:/home/manoj/ros2_ws/install/dual_arm_panda_moveit_config:/home/manoj/ros2_ws/install/moveit_resources_fanuc_moveit_config:/home/manoj/ros2_ws/install/moveit_resources_fanuc_description:/home/manoj/ros2_ws/install/ur_description:/home/manoj/ros2_ws/install/my_mobile_manipulator_description:/home/manoj/ros2_ws/install/moveit_configs_utils:/opt/ros/humble LD_LIBRARY_PATH=/home/manoj/ros2_ws/install/moveit_ros_occupancy_map_monitor/lib:/home/manoj/ros2_ws/install/moveit_core/lib:${LD_LIBRARY_PATH} PATH=/home/manoj/ros2_ws/install/moveit_core/bin:${PATH} PYTHONPATH=/home/manoj/ros2_ws/build/moveit_configs_utils:${PYTHONPATH} /usr/bin/cmake --install /home/manoj/ros2_ws/build/moveit_ros_planning
[232.734s] -- Install configuration: "Release"
[232.735s] -- Execute custom install script
[232.736s] -- Symlinking: /home/manoj/ros2_ws/install/moveit_ros_planning/include/moveit/rdf_loader/rdf_loader.h
[232.752s] -- Symlinking: /home/manoj/ros2_ws/install/moveit_ros_planning/include/moveit/rdf_loader/synchronized_string_parameter.h
[232.761s] -- Symlinking: /home/manoj/ros2_ws/install/moveit_ros_planning/share/moveit_ros_planning/rdf_loader/test/data/gonzo.srdf
[232.770s] -- Symlinking: /home/manoj/ros2_ws/install/moveit_ros_planning/share/moveit_ros_planning/rdf_loader/test/data/gonzo.urdf
[232.777s] -- Symlinking: /home/manoj/ros2_ws/install/moveit_ros_planning/share/moveit_ros_planning/rdf_loader/test/data/kermit.srdf
[232.785s] -- Symlinking: /home/manoj/ros2_ws/install/moveit_ros_planning/share/moveit_ros_planning/rdf_loader/test/data/kermit.urdf
[232.800s] -- Symlinking: /home/manoj/ros2_ws/install/moveit_ros_planning/share/moveit_ros_planning/rdf_loader/test/data/robin.srdf.xacro
[232.817s] -- Symlinking: /home/manoj/ros2_ws/install/moveit_ros_planning/share/moveit_ros_planning/rdf_loader/test/launch/test_rdf_integration.test.py
[232.829s] -- Symlinking: /home/manoj/ros2_ws/install/moveit_ros_planning/include/moveit/collision_plugin_loader/collision_plugin_loader.h
[232.841s] -- Symlinking: /home/manoj/ros2_ws/install/moveit_ros_planning/include/moveit/kinematics_plugin_loader/kinematics_plugin_loader.h
[232.850s] -- Symlinking: /home/manoj/ros2_ws/install/moveit_ros_planning/include/moveit/robot_model_loader/robot_model_loader.h
[232.864s] -- Symlinking: /home/manoj/ros2_ws/install/moveit_ros_planning/include/moveit/constraint_sampler_manager_loader/constraint_sampler_manager_loader.h
[232.873s] -- Symlinking: /home/manoj/ros2_ws/install/moveit_ros_planning/include/moveit/planning_pipeline/planning_pipeline.h
[232.882s] -- Symlinking: /home/manoj/ros2_ws/install/moveit_ros_planning/include/moveit_planning_pipeline_export.h
[232.898s] -- Symlinking: /home/manoj/ros2_ws/install/moveit_ros_planning/lib/moveit_ros_planning/moveit_list_request_adapter_plugins
[232.913s] -- Symlinking: /home/manoj/ros2_ws/install/moveit_ros_planning/lib/moveit_ros_planning/demo_scene
[232.926s] -- Symlinking: /home/manoj/ros2_ws/install/moveit_ros_planning/include/moveit/planning_scene_monitor/current_state_monitor.h
[232.935s] -- Symlinking: /home/manoj/ros2_ws/install/moveit_ros_planning/include/moveit/planning_scene_monitor/current_state_monitor_middleware_handle.hpp
[232.946s] -- Symlinking: /home/manoj/ros2_ws/install/moveit_ros_planning/include/moveit/planning_scene_monitor/planning_scene_monitor.h
[232.957s] -- Symlinking: /home/manoj/ros2_ws/install/moveit_ros_planning/include/moveit/planning_scene_monitor/trajectory_monitor.h
[232.964s] -- Symlinking: /home/manoj/ros2_ws/install/moveit_ros_planning/include/moveit/planning_scene_monitor/trajectory_monitor_middleware_handle.hpp
[232.976s] -- Symlinking: /home/manoj/ros2_ws/install/moveit_ros_planning/include/moveit_planning_scene_monitor_export.h
[232.991s] -- Symlinking: /home/manoj/ros2_ws/install/moveit_ros_planning/lib/moveit_ros_planning/moveit_print_planning_model_info
[233.013s] -- Symlinking: /home/manoj/ros2_ws/install/moveit_ros_planning/lib/moveit_ros_planning/moveit_print_planning_scene_info
[233.032s] -- Symlinking: /home/manoj/ros2_ws/install/moveit_ros_planning/lib/moveit_ros_planning/moveit_display_random_state
[233.051s] -- Symlinking: /home/manoj/ros2_ws/install/moveit_ros_planning/lib/moveit_ros_planning/moveit_visualize_robot_collision_volume
[233.066s] -- Symlinking: /home/manoj/ros2_ws/install/moveit_ros_planning/lib/moveit_ros_planning/moveit_evaluate_collision_checking_speed
[233.075s] -- Symlinking: /home/manoj/ros2_ws/install/moveit_ros_planning/lib/moveit_ros_planning/moveit_publish_scene_from_text
[233.087s] -- Symlinking: /home/manoj/ros2_ws/install/moveit_ros_planning/include/moveit/trajectory_execution_manager/trajectory_execution_manager.h
[233.096s] -- Symlinking: /home/manoj/ros2_ws/install/moveit_ros_planning/include/moveit_trajectory_execution_manager_export.h
[233.108s] -- Symlinking: /home/manoj/ros2_ws/install/moveit_ros_planning/include/moveit/plan_execution/plan_execution.h
[233.119s] -- Symlinking: /home/manoj/ros2_ws/install/moveit_ros_planning/include/moveit/plan_execution/plan_representation.h
[233.130s] -- Symlinking: /home/manoj/ros2_ws/install/moveit_ros_planning/include/moveit/moveit_cpp/moveit_cpp.h
[233.141s] -- Symlinking: /home/manoj/ros2_ws/install/moveit_ros_planning/include/moveit/moveit_cpp/planning_component.h
[233.151s] -- Symlinking: /home/manoj/ros2_ws/install/moveit_ros_planning/share/moveit_ros_planning/environment/library_path.sh
[233.160s] -- Symlinking: /home/manoj/ros2_ws/install/moveit_ros_planning/share/moveit_ros_planning/environment/library_path.dsv
[233.171s] -- Symlinking: /home/manoj/ros2_ws/install/moveit_ros_planning/share/moveit_ros_planning//planning_request_adapters_plugin_description.xml
[233.188s] -- Symlinking: /home/manoj/ros2_ws/install/moveit_ros_planning/share/ament_index/resource_index/package_run_dependencies/moveit_ros_planning
[233.209s] -- Symlinking: /home/manoj/ros2_ws/install/moveit_ros_planning/share/ament_index/resource_index/parent_prefix_path/moveit_ros_planning
[233.223s] -- Symlinking: /home/manoj/ros2_ws/install/moveit_ros_planning/share/moveit_ros_planning/environment/ament_prefix_path.sh
[233.236s] -- Symlinking: /home/manoj/ros2_ws/install/moveit_ros_planning/share/moveit_ros_planning/environment/ament_prefix_path.dsv
[233.245s] -- Symlinking: /home/manoj/ros2_ws/install/moveit_ros_planning/share/moveit_ros_planning/environment/path.sh
[233.254s] -- Symlinking: /home/manoj/ros2_ws/install/moveit_ros_planning/share/moveit_ros_planning/environment/path.dsv
[233.262s] -- Symlinking: /home/manoj/ros2_ws/install/moveit_ros_planning/share/moveit_ros_planning/local_setup.bash
[233.270s] -- Symlinking: /home/manoj/ros2_ws/install/moveit_ros_planning/share/moveit_ros_planning/local_setup.sh
[233.286s] -- Symlinking: /home/manoj/ros2_ws/install/moveit_ros_planning/share/moveit_ros_planning/local_setup.zsh
[233.302s] -- Symlinking: /home/manoj/ros2_ws/install/moveit_ros_planning/share/moveit_ros_planning/local_setup.dsv
[233.316s] -- Symlinking: /home/manoj/ros2_ws/install/moveit_ros_planning/share/moveit_ros_planning/package.dsv
[233.328s] -- Symlinking: /home/manoj/ros2_ws/install/moveit_ros_planning/share/ament_index/resource_index/packages/moveit_ros_planning
[233.347s] -- Symlinking: /home/manoj/ros2_ws/install/moveit_ros_planning/share/ament_index/resource_index/moveit_core__pluginlib__plugin/moveit_ros_planning
[233.359s] -- Symlinking: /home/manoj/ros2_ws/install/moveit_ros_planning/share/moveit_ros_planning/cmake/ConfigExtras.cmake
[233.369s] -- Symlinking: /home/manoj/ros2_ws/install/moveit_ros_planning/share/moveit_ros_planning/cmake/ament_cmake_export_targets-extras.cmake
[233.377s] -- Symlinking: /home/manoj/ros2_ws/install/moveit_ros_planning/share/moveit_ros_planning/cmake/ament_cmake_export_dependencies-extras.cmake
[233.385s] -- Symlinking: /home/manoj/ros2_ws/install/moveit_ros_planning/share/moveit_ros_planning/cmake/moveit_ros_planningConfig.cmake
[233.396s] -- Symlinking: /home/manoj/ros2_ws/install/moveit_ros_planning/share/moveit_ros_planning/cmake/moveit_ros_planningConfig-version.cmake
[233.409s] -- Symlinking: /home/manoj/ros2_ws/install/moveit_ros_planning/share/moveit_ros_planning/package.xml
[233.424s] -- Installing: /home/manoj/ros2_ws/install/moveit_ros_planning/lib/libmoveit_rdf_loader.so.2.5.9
[233.426s] -- Set runtime path of "/home/manoj/ros2_ws/install/moveit_ros_planning/lib/libmoveit_rdf_loader.so.2.5.9" to ""
[233.427s] -- Installing: /home/manoj/ros2_ws/install/moveit_ros_planning/lib/libmoveit_rdf_loader.so
[233.427s] -- Installing: /home/manoj/ros2_ws/install/moveit_ros_planning/lib/libmoveit_kinematics_plugin_loader.so.2.5.9
[233.428s] -- Set runtime path of "/home/manoj/ros2_ws/install/moveit_ros_planning/lib/libmoveit_kinematics_plugin_loader.so.2.5.9" to ""
[233.428s] -- Installing: /home/manoj/ros2_ws/install/moveit_ros_planning/lib/libmoveit_kinematics_plugin_loader.so
[233.428s] -- Installing: /home/manoj/ros2_ws/install/moveit_ros_planning/lib/libmoveit_robot_model_loader.so.2.5.9
[233.429s] -- Set runtime path of "/home/manoj/ros2_ws/install/moveit_ros_planning/lib/libmoveit_robot_model_loader.so.2.5.9" to ""
[233.429s] -- Installing: /home/manoj/ros2_ws/install/moveit_ros_planning/lib/libmoveit_robot_model_loader.so
[233.429s] -- Installing: /home/manoj/ros2_ws/install/moveit_ros_planning/lib/libmoveit_constraint_sampler_manager_loader.so.2.5.9
[233.430s] -- Set runtime path of "/home/manoj/ros2_ws/install/moveit_ros_planning/lib/libmoveit_constraint_sampler_manager_loader.so.2.5.9" to ""
[233.430s] -- Installing: /home/manoj/ros2_ws/install/moveit_ros_planning/lib/libmoveit_constraint_sampler_manager_loader.so
[233.431s] -- Installing: /home/manoj/ros2_ws/install/moveit_ros_planning/lib/libmoveit_planning_pipeline.so.2.5.9
[233.432s] -- Set runtime path of "/home/manoj/ros2_ws/install/moveit_ros_planning/lib/libmoveit_planning_pipeline.so.2.5.9" to ""
[233.432s] -- Installing: /home/manoj/ros2_ws/install/moveit_ros_planning/lib/libmoveit_planning_pipeline.so
[233.433s] -- Installing: /home/manoj/ros2_ws/install/moveit_ros_planning/lib/libmoveit_trajectory_execution_manager.so.2.5.9
[233.435s] -- Set runtime path of "/home/manoj/ros2_ws/install/moveit_ros_planning/lib/libmoveit_trajectory_execution_manager.so.2.5.9" to ""
[233.435s] -- Installing: /home/manoj/ros2_ws/install/moveit_ros_planning/lib/libmoveit_trajectory_execution_manager.so
[233.435s] -- Installing: /home/manoj/ros2_ws/install/moveit_ros_planning/lib/libmoveit_plan_execution.so.2.5.9
[233.436s] -- Set runtime path of "/home/manoj/ros2_ws/install/moveit_ros_planning/lib/libmoveit_plan_execution.so.2.5.9" to ""
[233.436s] -- Installing: /home/manoj/ros2_ws/install/moveit_ros_planning/lib/libmoveit_plan_execution.so
[233.436s] -- Installing: /home/manoj/ros2_ws/install/moveit_ros_planning/lib/libmoveit_planning_scene_monitor.so.2.5.9
[233.442s] -- Set runtime path of "/home/manoj/ros2_ws/install/moveit_ros_planning/lib/libmoveit_planning_scene_monitor.so.2.5.9" to ""
[233.442s] -- Installing: /home/manoj/ros2_ws/install/moveit_ros_planning/lib/libmoveit_planning_scene_monitor.so
[233.442s] -- Installing: /home/manoj/ros2_ws/install/moveit_ros_planning/lib/libmoveit_collision_plugin_loader.so.2.5.9
[233.442s] -- Set runtime path of "/home/manoj/ros2_ws/install/moveit_ros_planning/lib/libmoveit_collision_plugin_loader.so.2.5.9" to ""
[233.442s] -- Installing: /home/manoj/ros2_ws/install/moveit_ros_planning/lib/libmoveit_collision_plugin_loader.so
[233.442s] -- Installing: /home/manoj/ros2_ws/install/moveit_ros_planning/lib/libmoveit_default_planning_request_adapter_plugins.so.2.5.9
[233.443s] -- Set runtime path of "/home/manoj/ros2_ws/install/moveit_ros_planning/lib/libmoveit_default_planning_request_adapter_plugins.so.2.5.9" to ""
[233.443s] -- Installing: /home/manoj/ros2_ws/install/moveit_ros_planning/lib/libmoveit_default_planning_request_adapter_plugins.so
[233.443s] -- Installing: /home/manoj/ros2_ws/install/moveit_ros_planning/lib/libmoveit_cpp.so.2.5.9
[233.443s] -- Set runtime path of "/home/manoj/ros2_ws/install/moveit_ros_planning/lib/libmoveit_cpp.so.2.5.9" to ""
[233.444s] -- Installing: /home/manoj/ros2_ws/install/moveit_ros_planning/lib/libmoveit_cpp.so
[233.444s] -- Installing: /home/manoj/ros2_ws/install/moveit_ros_planning/share/moveit_ros_planning/cmake/export_moveit_ros_planningExport.cmake
[233.444s] -- Installing: /home/manoj/ros2_ws/install/moveit_ros_planning/share/moveit_ros_planning/cmake/export_moveit_ros_planningExport-release.cmake
[233.446s] Invoked command in '/home/manoj/ros2_ws/build/moveit_ros_planning' returned '0': AMENT_PREFIX_PATH=/home/manoj/ros2_ws/install/moveit_ros_occupancy_map_monitor:/home/manoj/ros2_ws/install/moveit_core:/home/manoj/ros2_ws/install/moveit_configs_utils:/home/manoj/ros2_ws/install/moveit_resources_prbt_support:/home/manoj/ros2_ws/install/moveit_resources:/home/manoj/ros2_ws/install/moveit_resources_pr2_description:/home/manoj/ros2_ws/install/moveit_resources_panda_moveit_config:/home/manoj/ros2_ws/install/dual_arm_panda_moveit_config:/home/manoj/ros2_ws/install/moveit_resources_panda_description:/home/manoj/ros2_ws/install/moveit_resources_fanuc_moveit_config:/home/manoj/ros2_ws/install/moveit_resources_fanuc_description:/home/manoj/ros2_ws/install/moveit_common:/home/manoj/ros2_ws/install/ur_description:/home/manoj/ros2_ws/install/my_mobile_manipulator_description:/opt/ros/humble CMAKE_PREFIX_PATH=/home/manoj/ros2_ws/install/moveit_ros_occupancy_map_monitor:/home/manoj/ros2_ws/install/moveit_core:/home/manoj/ros2_ws/install/moveit_resources_panda_moveit_config:/home/manoj/ros2_ws/install/moveit_resources_pr2_description:/home/manoj/ros2_ws/install/moveit_resources_panda_description:/home/manoj/ros2_ws/install/moveit_common:/home/manoj/ros2_ws/install/moveit_resources_prbt_support:/home/manoj/ros2_ws/install/moveit_resources:/home/manoj/ros2_ws/install/dual_arm_panda_moveit_config:/home/manoj/ros2_ws/install/moveit_resources_fanuc_moveit_config:/home/manoj/ros2_ws/install/moveit_resources_fanuc_description:/home/manoj/ros2_ws/install/ur_description:/home/manoj/ros2_ws/install/my_mobile_manipulator_description:/home/manoj/ros2_ws/install/moveit_configs_utils:/opt/ros/humble LD_LIBRARY_PATH=/home/manoj/ros2_ws/install/moveit_ros_occupancy_map_monitor/lib:/home/manoj/ros2_ws/install/moveit_core/lib:${LD_LIBRARY_PATH} PATH=/home/manoj/ros2_ws/install/moveit_core/bin:${PATH} PYTHONPATH=/home/manoj/ros2_ws/build/moveit_configs_utils:${PYTHONPATH} /usr/bin/cmake --install /home/manoj/ros2_ws/build/moveit_ros_planning
