[0.055s] Invoking command in '/home/manoj/ros2_ws/build/moveit_common': CMAKE_PREFIX_PATH=${CMAKE_PREFIX_PATH}:/home/manoj/ros2_ws/install/my_mobile_manipulator_bringup:/home/manoj/ros2_ws/install/moveit_configs_utils:/opt/ros/humble /usr/bin/cmake --build /home/manoj/ros2_ws/build/moveit_common -- -j12 -l12
[0.716s] Invoked command in '/home/manoj/ros2_ws/build/moveit_common' returned '0': CMAKE_PREFIX_PATH=${CMAKE_PREFIX_PATH}:/home/manoj/ros2_ws/install/my_mobile_manipulator_bringup:/home/manoj/ros2_ws/install/moveit_configs_utils:/opt/ros/humble /usr/bin/cmake --build /home/manoj/ros2_ws/build/moveit_common -- -j12 -l12
[0.726s] Invoking command in '/home/manoj/ros2_ws/build/moveit_common': CMAKE_PREFIX_PATH=${CMAKE_PREFIX_PATH}:/home/manoj/ros2_ws/install/my_mobile_manipulator_bringup:/home/manoj/ros2_ws/install/moveit_configs_utils:/opt/ros/humble /usr/bin/cmake --install /home/manoj/ros2_ws/build/moveit_common
[0.749s] -- Install configuration: "Release"
[0.749s] -- Execute custom install script
[0.749s] -- Up-to-date symlink: /home/manoj/ros2_ws/install/moveit_common/share/ament_index/resource_index/package_run_dependencies/moveit_common
[0.749s] -- Up-to-date symlink: /home/manoj/ros2_ws/install/moveit_common/share/ament_index/resource_index/parent_prefix_path/moveit_common
[0.749s] -- Up-to-date symlink: /home/manoj/ros2_ws/install/moveit_common/share/moveit_common/environment/ament_prefix_path.sh
[0.749s] -- Up-to-date symlink: /home/manoj/ros2_ws/install/moveit_common/share/moveit_common/environment/ament_prefix_path.dsv
[0.749s] -- Up-to-date symlink: /home/manoj/ros2_ws/install/moveit_common/share/moveit_common/environment/path.sh
[0.749s] -- Up-to-date symlink: /home/manoj/ros2_ws/install/moveit_common/share/moveit_common/environment/path.dsv
[0.749s] -- Up-to-date symlink: /home/manoj/ros2_ws/install/moveit_common/share/moveit_common/local_setup.bash
[0.749s] -- Up-to-date symlink: /home/manoj/ros2_ws/install/moveit_common/share/moveit_common/local_setup.sh
[0.749s] -- Up-to-date symlink: /home/manoj/ros2_ws/install/moveit_common/share/moveit_common/local_setup.zsh
[0.749s] -- Up-to-date symlink: /home/manoj/ros2_ws/install/moveit_common/share/moveit_common/local_setup.dsv
[0.749s] -- Symlinking: /home/manoj/ros2_ws/install/moveit_common/share/moveit_common/package.dsv
[0.776s] -- Up-to-date symlink: /home/manoj/ros2_ws/install/moveit_common/share/ament_index/resource_index/packages/moveit_common
[0.776s] -- Up-to-date symlink: /home/manoj/ros2_ws/install/moveit_common/share/moveit_common/cmake/moveit_common-extras.cmake
[0.776s] -- Up-to-date symlink: /home/manoj/ros2_ws/install/moveit_common/share/moveit_common/cmake/moveit_commonConfig.cmake
[0.776s] -- Up-to-date symlink: /home/manoj/ros2_ws/install/moveit_common/share/moveit_common/cmake/moveit_commonConfig-version.cmake
[0.776s] -- Up-to-date symlink: /home/manoj/ros2_ws/install/moveit_common/share/moveit_common/package.xml
[0.776s] -- Up-to-date symlink: /home/manoj/ros2_ws/install/moveit_common/share/moveit_common/cmake/moveit_package.cmake
[0.845s] Invoked command in '/home/manoj/ros2_ws/build/moveit_common' returned '0': CMAKE_PREFIX_PATH=${CMAKE_PREFIX_PATH}:/home/manoj/ros2_ws/install/my_mobile_manipulator_bringup:/home/manoj/ros2_ws/install/moveit_configs_utils:/opt/ros/humble /usr/bin/cmake --install /home/manoj/ros2_ws/build/moveit_common
