[0.028s] Invoking command in '/home/manoj/ros2_ws/build/moveit_simple_controller_manager': AMENT_PREFIX_PATH=/home/manoj/ros2_ws/install/moveit_core:/home/manoj/ros2_ws/install/moveit_resources_panda_moveit_config:/home/manoj/ros2_ws/install/moveit_resources_pr2_description:/home/manoj/ros2_ws/install/moveit_resources_panda_description:/home/manoj/ros2_ws/install/moveit_common:${AMENT_PREFIX_PATH} CMAKE_PREFIX_PATH=/home/manoj/ros2_ws/install/moveit_core:/home/manoj/ros2_ws/install/moveit_resources_panda_moveit_config:/home/manoj/ros2_ws/install/moveit_resources_pr2_description:/home/manoj/ros2_ws/install/moveit_resources_panda_description:/home/manoj/ros2_ws/install/moveit_common:/opt/ros/humble LD_LIBRARY_PATH=/home/manoj/ros2_ws/install/moveit_core/lib:${LD_LIBRARY_PATH} PATH=/home/manoj/ros2_ws/install/moveit_core/bin:${PATH} /usr/bin/cmake /home/manoj/ros2_ws/src/moveit2/moveit_plugins/moveit_simple_controller_manager -DCMAKE_INSTALL_PREFIX=/home/manoj/ros2_ws/install/moveit_simple_controller_manager
[0.044s] -- Found moveit_common: 2.5.9 (/home/manoj/ros2_ws/install/moveit_common/share/moveit_common/cmake)
[0.044s] -- Found ament_cmake: 1.3.11 (/opt/ros/humble/share/ament_cmake/cmake)
[0.194s] -- Override CMake install command with custom implementation using symlinks instead of copying resources
[0.284s] -- Found moveit_core: 2.5.9 (/home/manoj/ros2_ws/install/moveit_core/share/moveit_core/cmake)
[0.304s] -- Found Boost: /usr/lib/x86_64-linux-gnu/cmake/Boost-1.74.0/BoostConfig.cmake (found version "1.74.0") found components: chrono date_time filesystem iostreams program_options regex serialization system thread 
[0.344s] -- Found parameter_traits: 0.4.0 (/opt/ros/humble/share/parameter_traits/cmake)
[0.374s] -- Found rosidl_generator_c: 3.1.6 (/opt/ros/humble/share/rosidl_generator_c/cmake)
[0.375s] -- Found rosidl_adapter: 3.1.6 (/opt/ros/humble/share/rosidl_adapter/cmake)
[0.382s] -- Found rosidl_generator_cpp: 3.1.6 (/opt/ros/humble/share/rosidl_generator_cpp/cmake)
[0.395s] -- Using all available rosidl_typesupport_c: rosidl_typesupport_fastrtps_c;rosidl_typesupport_introspection_c
[0.412s] -- Using all available rosidl_typesupport_cpp: rosidl_typesupport_fastrtps_cpp;rosidl_typesupport_introspection_cpp
[0.451s] -- Found rmw_implementation_cmake: 6.1.2 (/opt/ros/humble/share/rmw_implementation_cmake/cmake)
[0.453s] -- Found rmw_fastrtps_cpp: 6.2.7 (/opt/ros/humble/share/rmw_fastrtps_cpp/cmake)
[0.578s] -- Using RMW implementation 'rmw_fastrtps_cpp' as default
[0.649s] -- Found rclcpp_lifecycle: 16.0.12 (/opt/ros/humble/share/rclcpp_lifecycle/cmake)
[0.672s] -- Found Boost: /usr/lib/x86_64-linux-gnu/cmake/Boost-1.74.0/BoostConfig.cmake (found version "1.74.0") found components: filesystem 
[0.731s] -- library: /usr/lib/x86_64-linux-gnu/libcurl.so
[0.798s] -- Ensuring Eigen3 include directory is part of orocos-kdl CMake target
[1.058s] -- Found control_msgs: 4.8.0 (/opt/ros/humble/share/control_msgs/cmake)
[1.096s] -- Found Boost: /usr/lib/x86_64-linux-gnu/cmake/Boost-1.74.0/BoostConfig.cmake (found version "1.74.0") found components: thread 
[1.104s] -- Found ament_lint_auto: 0.12.12 (/opt/ros/humble/share/ament_lint_auto/cmake)
[1.115s] -- Added test 'cppcheck' to perform static code analysis on C / C++ code
[1.115s] -- Configured cppcheck include dirs: /home/manoj/ros2_ws/src/moveit2/moveit_plugins/moveit_simple_controller_manager/include
[1.116s] -- Configured cppcheck exclude dirs and/or files: 
[1.116s] -- Added test 'lint_cmake' to check CMake code style
[1.117s] -- Added test 'xmllint' to check XML markup files
[1.120s] -- Configuring done
[1.150s] -- Generating done
[1.159s] -- Build files have been written to: /home/manoj/ros2_ws/build/moveit_simple_controller_manager
[1.170s] Invoked command in '/home/manoj/ros2_ws/build/moveit_simple_controller_manager' returned '0': AMENT_PREFIX_PATH=/home/manoj/ros2_ws/install/moveit_core:/home/manoj/ros2_ws/install/moveit_resources_panda_moveit_config:/home/manoj/ros2_ws/install/moveit_resources_pr2_description:/home/manoj/ros2_ws/install/moveit_resources_panda_description:/home/manoj/ros2_ws/install/moveit_common:${AMENT_PREFIX_PATH} CMAKE_PREFIX_PATH=/home/manoj/ros2_ws/install/moveit_core:/home/manoj/ros2_ws/install/moveit_resources_panda_moveit_config:/home/manoj/ros2_ws/install/moveit_resources_pr2_description:/home/manoj/ros2_ws/install/moveit_resources_panda_description:/home/manoj/ros2_ws/install/moveit_common:/opt/ros/humble LD_LIBRARY_PATH=/home/manoj/ros2_ws/install/moveit_core/lib:${LD_LIBRARY_PATH} PATH=/home/manoj/ros2_ws/install/moveit_core/bin:${PATH} /usr/bin/cmake /home/manoj/ros2_ws/src/moveit2/moveit_plugins/moveit_simple_controller_manager -DCMAKE_INSTALL_PREFIX=/home/manoj/ros2_ws/install/moveit_simple_controller_manager
[1.171s] Invoking command in '/home/manoj/ros2_ws/build/moveit_simple_controller_manager': AMENT_PREFIX_PATH=/home/manoj/ros2_ws/install/moveit_core:/home/manoj/ros2_ws/install/moveit_resources_panda_moveit_config:/home/manoj/ros2_ws/install/moveit_resources_pr2_description:/home/manoj/ros2_ws/install/moveit_resources_panda_description:/home/manoj/ros2_ws/install/moveit_common:${AMENT_PREFIX_PATH} CMAKE_PREFIX_PATH=/home/manoj/ros2_ws/install/moveit_core:/home/manoj/ros2_ws/install/moveit_resources_panda_moveit_config:/home/manoj/ros2_ws/install/moveit_resources_pr2_description:/home/manoj/ros2_ws/install/moveit_resources_panda_description:/home/manoj/ros2_ws/install/moveit_common:/opt/ros/humble LD_LIBRARY_PATH=/home/manoj/ros2_ws/install/moveit_core/lib:${LD_LIBRARY_PATH} PATH=/home/manoj/ros2_ws/install/moveit_core/bin:${PATH} /usr/bin/cmake --build /home/manoj/ros2_ws/build/moveit_simple_controller_manager -- -j12 -l12
[1.228s] [35m[1mConsolidate compiler generated dependencies of target moveit_simple_controller_manager[0m
[1.265s] [100%] Built target moveit_simple_controller_manager
[1.275s] Invoked command in '/home/manoj/ros2_ws/build/moveit_simple_controller_manager' returned '0': AMENT_PREFIX_PATH=/home/manoj/ros2_ws/install/moveit_core:/home/manoj/ros2_ws/install/moveit_resources_panda_moveit_config:/home/manoj/ros2_ws/install/moveit_resources_pr2_description:/home/manoj/ros2_ws/install/moveit_resources_panda_description:/home/manoj/ros2_ws/install/moveit_common:${AMENT_PREFIX_PATH} CMAKE_PREFIX_PATH=/home/manoj/ros2_ws/install/moveit_core:/home/manoj/ros2_ws/install/moveit_resources_panda_moveit_config:/home/manoj/ros2_ws/install/moveit_resources_pr2_description:/home/manoj/ros2_ws/install/moveit_resources_panda_description:/home/manoj/ros2_ws/install/moveit_common:/opt/ros/humble LD_LIBRARY_PATH=/home/manoj/ros2_ws/install/moveit_core/lib:${LD_LIBRARY_PATH} PATH=/home/manoj/ros2_ws/install/moveit_core/bin:${PATH} /usr/bin/cmake --build /home/manoj/ros2_ws/build/moveit_simple_controller_manager -- -j12 -l12
[1.277s] Invoking command in '/home/manoj/ros2_ws/build/moveit_simple_controller_manager': AMENT_PREFIX_PATH=/home/manoj/ros2_ws/install/moveit_core:/home/manoj/ros2_ws/install/moveit_resources_panda_moveit_config:/home/manoj/ros2_ws/install/moveit_resources_pr2_description:/home/manoj/ros2_ws/install/moveit_resources_panda_description:/home/manoj/ros2_ws/install/moveit_common:${AMENT_PREFIX_PATH} CMAKE_PREFIX_PATH=/home/manoj/ros2_ws/install/moveit_core:/home/manoj/ros2_ws/install/moveit_resources_panda_moveit_config:/home/manoj/ros2_ws/install/moveit_resources_pr2_description:/home/manoj/ros2_ws/install/moveit_resources_panda_description:/home/manoj/ros2_ws/install/moveit_common:/opt/ros/humble LD_LIBRARY_PATH=/home/manoj/ros2_ws/install/moveit_core/lib:${LD_LIBRARY_PATH} PATH=/home/manoj/ros2_ws/install/moveit_core/bin:${PATH} /usr/bin/cmake --install /home/manoj/ros2_ws/build/moveit_simple_controller_manager
[1.284s] -- Install configuration: "Release"
[1.288s] -- Execute custom install script
[1.288s] -- Up-to-date symlink: /home/manoj/ros2_ws/install/moveit_simple_controller_manager/include/moveit_simple_controller_manager/action_based_controller_handle.h
[1.288s] -- Up-to-date symlink: /home/manoj/ros2_ws/install/moveit_simple_controller_manager/include/moveit_simple_controller_manager/empty_controller_handle.h
[1.288s] -- Up-to-date symlink: /home/manoj/ros2_ws/install/moveit_simple_controller_manager/include/moveit_simple_controller_manager/follow_joint_trajectory_controller_handle.h
[1.288s] -- Up-to-date symlink: /home/manoj/ros2_ws/install/moveit_simple_controller_manager/include/moveit_simple_controller_manager/gripper_controller_handle.h
[1.288s] -- Up-to-date symlink: /home/manoj/ros2_ws/install/moveit_simple_controller_manager/share/moveit_simple_controller_manager/environment/library_path.sh
[1.288s] -- Up-to-date symlink: /home/manoj/ros2_ws/install/moveit_simple_controller_manager/share/moveit_simple_controller_manager/environment/library_path.dsv
[1.288s] -- Up-to-date symlink: /home/manoj/ros2_ws/install/moveit_simple_controller_manager/share/moveit_simple_controller_manager//moveit_simple_controller_manager_plugin_description.xml
[1.288s] -- Up-to-date symlink: /home/manoj/ros2_ws/install/moveit_simple_controller_manager/share/ament_index/resource_index/package_run_dependencies/moveit_simple_controller_manager
[1.288s] -- Up-to-date symlink: /home/manoj/ros2_ws/install/moveit_simple_controller_manager/share/ament_index/resource_index/parent_prefix_path/moveit_simple_controller_manager
[1.288s] -- Up-to-date symlink: /home/manoj/ros2_ws/install/moveit_simple_controller_manager/share/moveit_simple_controller_manager/environment/ament_prefix_path.sh
[1.288s] -- Up-to-date symlink: /home/manoj/ros2_ws/install/moveit_simple_controller_manager/share/moveit_simple_controller_manager/environment/ament_prefix_path.dsv
[1.288s] -- Up-to-date symlink: /home/manoj/ros2_ws/install/moveit_simple_controller_manager/share/moveit_simple_controller_manager/environment/path.sh
[1.289s] -- Up-to-date symlink: /home/manoj/ros2_ws/install/moveit_simple_controller_manager/share/moveit_simple_controller_manager/environment/path.dsv
[1.289s] -- Up-to-date symlink: /home/manoj/ros2_ws/install/moveit_simple_controller_manager/share/moveit_simple_controller_manager/local_setup.bash
[1.289s] -- Up-to-date symlink: /home/manoj/ros2_ws/install/moveit_simple_controller_manager/share/moveit_simple_controller_manager/local_setup.sh
[1.289s] -- Up-to-date symlink: /home/manoj/ros2_ws/install/moveit_simple_controller_manager/share/moveit_simple_controller_manager/local_setup.zsh
[1.289s] -- Up-to-date symlink: /home/manoj/ros2_ws/install/moveit_simple_controller_manager/share/moveit_simple_controller_manager/local_setup.dsv
[1.289s] -- Symlinking: /home/manoj/ros2_ws/install/moveit_simple_controller_manager/share/moveit_simple_controller_manager/package.dsv
[1.298s] -- Up-to-date symlink: /home/manoj/ros2_ws/install/moveit_simple_controller_manager/share/ament_index/resource_index/packages/moveit_simple_controller_manager
[1.298s] -- Up-to-date symlink: /home/manoj/ros2_ws/install/moveit_simple_controller_manager/share/ament_index/resource_index/moveit_core__pluginlib__plugin/moveit_simple_controller_manager
[1.298s] -- Up-to-date symlink: /home/manoj/ros2_ws/install/moveit_simple_controller_manager/share/moveit_simple_controller_manager/cmake/ConfigExtras.cmake
[1.298s] -- Up-to-date symlink: /home/manoj/ros2_ws/install/moveit_simple_controller_manager/share/moveit_simple_controller_manager/cmake/ament_cmake_export_targets-extras.cmake
[1.300s] -- Up-to-date symlink: /home/manoj/ros2_ws/install/moveit_simple_controller_manager/share/moveit_simple_controller_manager/cmake/ament_cmake_export_dependencies-extras.cmake
[1.300s] -- Up-to-date symlink: /home/manoj/ros2_ws/install/moveit_simple_controller_manager/share/moveit_simple_controller_manager/cmake/moveit_simple_controller_managerConfig.cmake
[1.300s] -- Up-to-date symlink: /home/manoj/ros2_ws/install/moveit_simple_controller_manager/share/moveit_simple_controller_manager/cmake/moveit_simple_controller_managerConfig-version.cmake
[1.300s] -- Up-to-date symlink: /home/manoj/ros2_ws/install/moveit_simple_controller_manager/share/moveit_simple_controller_manager/package.xml
[1.300s] -- Up-to-date: /home/manoj/ros2_ws/install/moveit_simple_controller_manager/lib/libmoveit_simple_controller_manager.so.2.5.9
[1.300s] -- Up-to-date: /home/manoj/ros2_ws/install/moveit_simple_controller_manager/lib/libmoveit_simple_controller_manager.so
[1.300s] -- Up-to-date: /home/manoj/ros2_ws/install/moveit_simple_controller_manager/share/moveit_simple_controller_manager/cmake/export_moveit_simple_controller_managerExport.cmake
[1.300s] -- Up-to-date: /home/manoj/ros2_ws/install/moveit_simple_controller_manager/share/moveit_simple_controller_manager/cmake/export_moveit_simple_controller_managerExport-release.cmake
[1.339s] Invoked command in '/home/manoj/ros2_ws/build/moveit_simple_controller_manager' returned '0': AMENT_PREFIX_PATH=/home/manoj/ros2_ws/install/moveit_core:/home/manoj/ros2_ws/install/moveit_resources_panda_moveit_config:/home/manoj/ros2_ws/install/moveit_resources_pr2_description:/home/manoj/ros2_ws/install/moveit_resources_panda_description:/home/manoj/ros2_ws/install/moveit_common:${AMENT_PREFIX_PATH} CMAKE_PREFIX_PATH=/home/manoj/ros2_ws/install/moveit_core:/home/manoj/ros2_ws/install/moveit_resources_panda_moveit_config:/home/manoj/ros2_ws/install/moveit_resources_pr2_description:/home/manoj/ros2_ws/install/moveit_resources_panda_description:/home/manoj/ros2_ws/install/moveit_common:/opt/ros/humble LD_LIBRARY_PATH=/home/manoj/ros2_ws/install/moveit_core/lib:${LD_LIBRARY_PATH} PATH=/home/manoj/ros2_ws/install/moveit_core/bin:${PATH} /usr/bin/cmake --install /home/manoj/ros2_ws/build/moveit_simple_controller_manager
