[0.034s] Invoking command in '/home/manoj/ros2_ws/build/moveit_planners_ompl': AMENT_PREFIX_PATH=/home/manoj/ros2_ws/install/moveit_ros_planning:/home/manoj/ros2_ws/install/moveit_ros_occupancy_map_monitor:/home/manoj/ros2_ws/install/moveit_core:/home/manoj/ros2_ws/install/moveit_resources_panda_moveit_config:/home/manoj/ros2_ws/install/moveit_resources_fanuc_moveit_config:/home/manoj/ros2_ws/install/moveit_resources_pr2_description:/home/manoj/ros2_ws/install/moveit_resources_panda_description:/home/manoj/ros2_ws/install/moveit_resources_fanuc_description:/home/manoj/ros2_ws/install/moveit_configs_utils:/home/manoj/ros2_ws/install/moveit_common:${AMENT_PREFIX_PATH} CMAKE_PREFIX_PATH=/home/manoj/ros2_ws/install/moveit_ros_planning:/home/manoj/ros2_ws/install/moveit_ros_occupancy_map_monitor:/home/manoj/ros2_ws/install/moveit_core:/home/manoj/ros2_ws/install/moveit_resources_panda_moveit_config:/home/manoj/ros2_ws/install/moveit_resources_fanuc_moveit_config:/home/manoj/ros2_ws/install/moveit_resources_pr2_description:/home/manoj/ros2_ws/install/moveit_resources_panda_description:/home/manoj/ros2_ws/install/moveit_resources_fanuc_description:/home/manoj/ros2_ws/install/moveit_common:/opt/ros/humble LD_LIBRARY_PATH=/home/manoj/ros2_ws/install/moveit_ros_planning/lib:/home/manoj/ros2_ws/install/moveit_ros_occupancy_map_monitor/lib:/home/manoj/ros2_ws/install/moveit_core/lib:${LD_LIBRARY_PATH} PATH=/home/manoj/ros2_ws/install/moveit_core/bin:${PATH} PYTHONPATH=/home/manoj/ros2_ws/install/moveit_configs_utils/lib/python3.10/site-packages:${PYTHONPATH} /usr/bin/cmake /home/manoj/ros2_ws/src/moveit2/moveit_planners/ompl -DCMAKE_BUILD_TYPE=Release -DCMAKE_INSTALL_PREFIX=/home/manoj/ros2_ws/install/moveit_planners_ompl
[0.049s] -- Found moveit_common: 2.5.9 (/home/manoj/ros2_ws/install/moveit_common/share/moveit_common/cmake)
[0.049s] -- Found ament_cmake: 1.3.11 (/opt/ros/humble/share/ament_cmake/cmake)
[0.211s] -- Override CMake install command with custom implementation using symlinks instead of copying resources
[0.296s] -- Found Boost: /usr/lib/x86_64-linux-gnu/cmake/Boost-1.74.0/BoostConfig.cmake (found version "1.74.0") found components: system filesystem date_time thread serialization 
[0.298s] -- Found moveit_core: 2.5.9 (/home/manoj/ros2_ws/install/moveit_core/share/moveit_core/cmake)
[0.306s] -- Found Boost: /usr/lib/x86_64-linux-gnu/cmake/Boost-1.74.0/BoostConfig.cmake (found version "1.74.0") found components: chrono date_time filesystem iostreams program_options regex serialization system thread 
[0.332s] -- Found parameter_traits: 0.4.0 (/opt/ros/humble/share/parameter_traits/cmake)
[0.356s] -- Found rosidl_generator_c: 3.1.6 (/opt/ros/humble/share/rosidl_generator_c/cmake)
[0.360s] -- Found rosidl_adapter: 3.1.6 (/opt/ros/humble/share/rosidl_adapter/cmake)
[0.364s] -- Found rosidl_generator_cpp: 3.1.6 (/opt/ros/humble/share/rosidl_generator_cpp/cmake)
[0.377s] -- Using all available rosidl_typesupport_c: rosidl_typesupport_fastrtps_c;rosidl_typesupport_introspection_c
[0.394s] -- Using all available rosidl_typesupport_cpp: rosidl_typesupport_fastrtps_cpp;rosidl_typesupport_introspection_cpp
[0.438s] -- Found rmw_implementation_cmake: 6.1.2 (/opt/ros/humble/share/rmw_implementation_cmake/cmake)
[0.440s] -- Found rmw_fastrtps_cpp: 6.2.7 (/opt/ros/humble/share/rmw_fastrtps_cpp/cmake)
[0.568s] -- Using RMW implementation 'rmw_fastrtps_cpp' as default
[0.638s] -- Found rclcpp_lifecycle: 16.0.12 (/opt/ros/humble/share/rclcpp_lifecycle/cmake)
[0.672s] -- Found Boost: /usr/lib/x86_64-linux-gnu/cmake/Boost-1.74.0/BoostConfig.cmake (found version "1.74.0") found components: filesystem 
[0.722s] -- library: /usr/lib/x86_64-linux-gnu/libcurl.so
[0.803s] -- Ensuring Eigen3 include directory is part of orocos-kdl CMake target
[1.065s] -- Found moveit_ros_planning: 2.5.9 (/home/manoj/ros2_ws/install/moveit_ros_planning/share/moveit_ros_planning/cmake)
[1.068s] -- Found Boost: /usr/lib/x86_64-linux-gnu/cmake/Boost-1.74.0/BoostConfig.cmake (found version "1.74.0") found components: system filesystem date_time program_options thread chrono 
[1.118s] -- Found ament_cmake_gtest: 1.3.11 (/opt/ros/humble/share/ament_cmake_gtest/cmake)
[1.120s] -- Found gtest sources under '/opt/ros/humble/src/gtest_vendor': C++ tests using 'Google Test' will be built
[1.153s] -- Found ament_lint_auto: 0.12.12 (/opt/ros/humble/share/ament_lint_auto/cmake)
[1.189s] -- Added test 'cppcheck' to perform static code analysis on C / C++ code
[1.189s] -- Configured cppcheck include dirs: /home/manoj/ros2_ws/src/moveit2/moveit_planners/ompl/ompl_interface/include
[1.189s] -- Configured cppcheck exclude dirs and/or files: 
[1.191s] -- Added test 'lint_cmake' to check CMake code style
[1.193s] -- Added test 'xmllint' to check XML markup files
[1.197s] -- Configuring done
[1.409s] -- Generating done
[1.442s] -- Build files have been written to: /home/manoj/ros2_ws/build/moveit_planners_ompl
[1.459s] Invoked command in '/home/manoj/ros2_ws/build/moveit_planners_ompl' returned '0': AMENT_PREFIX_PATH=/home/manoj/ros2_ws/install/moveit_ros_planning:/home/manoj/ros2_ws/install/moveit_ros_occupancy_map_monitor:/home/manoj/ros2_ws/install/moveit_core:/home/manoj/ros2_ws/install/moveit_resources_panda_moveit_config:/home/manoj/ros2_ws/install/moveit_resources_fanuc_moveit_config:/home/manoj/ros2_ws/install/moveit_resources_pr2_description:/home/manoj/ros2_ws/install/moveit_resources_panda_description:/home/manoj/ros2_ws/install/moveit_resources_fanuc_description:/home/manoj/ros2_ws/install/moveit_configs_utils:/home/manoj/ros2_ws/install/moveit_common:${AMENT_PREFIX_PATH} CMAKE_PREFIX_PATH=/home/manoj/ros2_ws/install/moveit_ros_planning:/home/manoj/ros2_ws/install/moveit_ros_occupancy_map_monitor:/home/manoj/ros2_ws/install/moveit_core:/home/manoj/ros2_ws/install/moveit_resources_panda_moveit_config:/home/manoj/ros2_ws/install/moveit_resources_fanuc_moveit_config:/home/manoj/ros2_ws/install/moveit_resources_pr2_description:/home/manoj/ros2_ws/install/moveit_resources_panda_description:/home/manoj/ros2_ws/install/moveit_resources_fanuc_description:/home/manoj/ros2_ws/install/moveit_common:/opt/ros/humble LD_LIBRARY_PATH=/home/manoj/ros2_ws/install/moveit_ros_planning/lib:/home/manoj/ros2_ws/install/moveit_ros_occupancy_map_monitor/lib:/home/manoj/ros2_ws/install/moveit_core/lib:${LD_LIBRARY_PATH} PATH=/home/manoj/ros2_ws/install/moveit_core/bin:${PATH} PYTHONPATH=/home/manoj/ros2_ws/install/moveit_configs_utils/lib/python3.10/site-packages:${PYTHONPATH} /usr/bin/cmake /home/manoj/ros2_ws/src/moveit2/moveit_planners/ompl -DCMAKE_BUILD_TYPE=Release -DCMAKE_INSTALL_PREFIX=/home/manoj/ros2_ws/install/moveit_planners_ompl
[1.459s] Invoking command in '/home/manoj/ros2_ws/build/moveit_planners_ompl': AMENT_PREFIX_PATH=/home/manoj/ros2_ws/install/moveit_ros_planning:/home/manoj/ros2_ws/install/moveit_ros_occupancy_map_monitor:/home/manoj/ros2_ws/install/moveit_core:/home/manoj/ros2_ws/install/moveit_resources_panda_moveit_config:/home/manoj/ros2_ws/install/moveit_resources_fanuc_moveit_config:/home/manoj/ros2_ws/install/moveit_resources_pr2_description:/home/manoj/ros2_ws/install/moveit_resources_panda_description:/home/manoj/ros2_ws/install/moveit_resources_fanuc_description:/home/manoj/ros2_ws/install/moveit_configs_utils:/home/manoj/ros2_ws/install/moveit_common:${AMENT_PREFIX_PATH} CMAKE_PREFIX_PATH=/home/manoj/ros2_ws/install/moveit_ros_planning:/home/manoj/ros2_ws/install/moveit_ros_occupancy_map_monitor:/home/manoj/ros2_ws/install/moveit_core:/home/manoj/ros2_ws/install/moveit_resources_panda_moveit_config:/home/manoj/ros2_ws/install/moveit_resources_fanuc_moveit_config:/home/manoj/ros2_ws/install/moveit_resources_pr2_description:/home/manoj/ros2_ws/install/moveit_resources_panda_description:/home/manoj/ros2_ws/install/moveit_resources_fanuc_description:/home/manoj/ros2_ws/install/moveit_common:/opt/ros/humble LD_LIBRARY_PATH=/home/manoj/ros2_ws/install/moveit_ros_planning/lib:/home/manoj/ros2_ws/install/moveit_ros_occupancy_map_monitor/lib:/home/manoj/ros2_ws/install/moveit_core/lib:${LD_LIBRARY_PATH} PATH=/home/manoj/ros2_ws/install/moveit_core/bin:${PATH} PYTHONPATH=/home/manoj/ros2_ws/install/moveit_configs_utils/lib/python3.10/site-packages:${PYTHONPATH} /usr/bin/cmake --build /home/manoj/ros2_ws/build/moveit_planners_ompl -- -j12 -l12
[1.573s] [35m[1mConsolidate compiler generated dependencies of target moveit_ompl_interface[0m
[1.741s] [ 51%] Built target moveit_ompl_interface
[1.752s] [35m[1mConsolidate compiler generated dependencies of target gtest[0m
[1.773s] [ 56%] Built target gtest
[1.788s] [35m[1mConsolidate compiler generated dependencies of target moveit_ompl_planner_plugin[0m
[1.813s] [ 60%] Built target moveit_ompl_planner_plugin
[1.831s] [35m[1mConsolidate compiler generated dependencies of target moveit_generate_state_database[0m
[1.884s] [ 65%] Built target moveit_generate_state_database
[1.900s] [35m[1mConsolidate compiler generated dependencies of target gtest_main[0m
[1.921s] [ 70%] Built target gtest_main
[1.937s] [35m[1mConsolidate compiler generated dependencies of target test_state_space[0m
[1.971s] [ 75%] Built target test_state_space
[1.988s] [35m[1mConsolidate compiler generated dependencies of target test_threadsafe_state_storage[0m
[2.013s] [ 80%] Built target test_threadsafe_state_storage
[2.030s] [35m[1mConsolidate compiler generated dependencies of target test_constrained_state_validity_checker[0m
[2.064s] [ 85%] Built target test_constrained_state_validity_checker
[2.081s] [35m[1mConsolidate compiler generated dependencies of target test_constrained_planning_state_space[0m
[2.108s] [ 90%] Built target test_constrained_planning_state_space
[2.123s] [35m[1mConsolidate compiler generated dependencies of target test_planning_context_manager[0m
[2.160s] [ 95%] Built target test_planning_context_manager
[2.173s] [35m[1mConsolidate compiler generated dependencies of target test_state_validity_checker[0m
[2.208s] [100%] Built target test_state_validity_checker
[2.223s] Invoked command in '/home/manoj/ros2_ws/build/moveit_planners_ompl' returned '0': AMENT_PREFIX_PATH=/home/manoj/ros2_ws/install/moveit_ros_planning:/home/manoj/ros2_ws/install/moveit_ros_occupancy_map_monitor:/home/manoj/ros2_ws/install/moveit_core:/home/manoj/ros2_ws/install/moveit_resources_panda_moveit_config:/home/manoj/ros2_ws/install/moveit_resources_fanuc_moveit_config:/home/manoj/ros2_ws/install/moveit_resources_pr2_description:/home/manoj/ros2_ws/install/moveit_resources_panda_description:/home/manoj/ros2_ws/install/moveit_resources_fanuc_description:/home/manoj/ros2_ws/install/moveit_configs_utils:/home/manoj/ros2_ws/install/moveit_common:${AMENT_PREFIX_PATH} CMAKE_PREFIX_PATH=/home/manoj/ros2_ws/install/moveit_ros_planning:/home/manoj/ros2_ws/install/moveit_ros_occupancy_map_monitor:/home/manoj/ros2_ws/install/moveit_core:/home/manoj/ros2_ws/install/moveit_resources_panda_moveit_config:/home/manoj/ros2_ws/install/moveit_resources_fanuc_moveit_config:/home/manoj/ros2_ws/install/moveit_resources_pr2_description:/home/manoj/ros2_ws/install/moveit_resources_panda_description:/home/manoj/ros2_ws/install/moveit_resources_fanuc_description:/home/manoj/ros2_ws/install/moveit_common:/opt/ros/humble LD_LIBRARY_PATH=/home/manoj/ros2_ws/install/moveit_ros_planning/lib:/home/manoj/ros2_ws/install/moveit_ros_occupancy_map_monitor/lib:/home/manoj/ros2_ws/install/moveit_core/lib:${LD_LIBRARY_PATH} PATH=/home/manoj/ros2_ws/install/moveit_core/bin:${PATH} PYTHONPATH=/home/manoj/ros2_ws/install/moveit_configs_utils/lib/python3.10/site-packages:${PYTHONPATH} /usr/bin/cmake --build /home/manoj/ros2_ws/build/moveit_planners_ompl -- -j12 -l12
[2.229s] Invoking command in '/home/manoj/ros2_ws/build/moveit_planners_ompl': AMENT_PREFIX_PATH=/home/manoj/ros2_ws/install/moveit_ros_planning:/home/manoj/ros2_ws/install/moveit_ros_occupancy_map_monitor:/home/manoj/ros2_ws/install/moveit_core:/home/manoj/ros2_ws/install/moveit_resources_panda_moveit_config:/home/manoj/ros2_ws/install/moveit_resources_fanuc_moveit_config:/home/manoj/ros2_ws/install/moveit_resources_pr2_description:/home/manoj/ros2_ws/install/moveit_resources_panda_description:/home/manoj/ros2_ws/install/moveit_resources_fanuc_description:/home/manoj/ros2_ws/install/moveit_configs_utils:/home/manoj/ros2_ws/install/moveit_common:${AMENT_PREFIX_PATH} CMAKE_PREFIX_PATH=/home/manoj/ros2_ws/install/moveit_ros_planning:/home/manoj/ros2_ws/install/moveit_ros_occupancy_map_monitor:/home/manoj/ros2_ws/install/moveit_core:/home/manoj/ros2_ws/install/moveit_resources_panda_moveit_config:/home/manoj/ros2_ws/install/moveit_resources_fanuc_moveit_config:/home/manoj/ros2_ws/install/moveit_resources_pr2_description:/home/manoj/ros2_ws/install/moveit_resources_panda_description:/home/manoj/ros2_ws/install/moveit_resources_fanuc_description:/home/manoj/ros2_ws/install/moveit_common:/opt/ros/humble LD_LIBRARY_PATH=/home/manoj/ros2_ws/install/moveit_ros_planning/lib:/home/manoj/ros2_ws/install/moveit_ros_occupancy_map_monitor/lib:/home/manoj/ros2_ws/install/moveit_core/lib:${LD_LIBRARY_PATH} PATH=/home/manoj/ros2_ws/install/moveit_core/bin:${PATH} PYTHONPATH=/home/manoj/ros2_ws/install/moveit_configs_utils/lib/python3.10/site-packages:${PYTHONPATH} /usr/bin/cmake --install /home/manoj/ros2_ws/build/moveit_planners_ompl
[2.236s] -- Install configuration: "Release"
[2.237s] -- Execute custom install script
[2.237s] -- Up-to-date symlink: /home/manoj/ros2_ws/install/moveit_planners_ompl/lib/moveit_planners_ompl/generate_state_database
[2.237s] -- Up-to-date symlink: /home/manoj/ros2_ws/install/moveit_planners_ompl/include/moveit/ompl_interface/detail/constrained_goal_sampler.h
[2.238s] -- Up-to-date symlink: /home/manoj/ros2_ws/install/moveit_planners_ompl/include/moveit/ompl_interface/detail/constrained_sampler.h
[2.238s] -- Up-to-date symlink: /home/manoj/ros2_ws/install/moveit_planners_ompl/include/moveit/ompl_interface/detail/constrained_valid_state_sampler.h
[2.238s] -- Up-to-date symlink: /home/manoj/ros2_ws/install/moveit_planners_ompl/include/moveit/ompl_interface/detail/constraint_approximations.h
[2.239s] -- Up-to-date symlink: /home/manoj/ros2_ws/install/moveit_planners_ompl/include/moveit/ompl_interface/detail/constraints_library.h
[2.239s] -- Up-to-date symlink: /home/manoj/ros2_ws/install/moveit_planners_ompl/include/moveit/ompl_interface/detail/goal_union.h
[2.239s] -- Up-to-date symlink: /home/manoj/ros2_ws/install/moveit_planners_ompl/include/moveit/ompl_interface/detail/ompl_constraints.h
[2.240s] -- Up-to-date symlink: /home/manoj/ros2_ws/install/moveit_planners_ompl/include/moveit/ompl_interface/detail/projection_evaluators.h
[2.240s] -- Up-to-date symlink: /home/manoj/ros2_ws/install/moveit_planners_ompl/include/moveit/ompl_interface/detail/state_validity_checker.h
[2.240s] -- Up-to-date symlink: /home/manoj/ros2_ws/install/moveit_planners_ompl/include/moveit/ompl_interface/detail/threadsafe_state_storage.h
[2.240s] -- Up-to-date symlink: /home/manoj/ros2_ws/install/moveit_planners_ompl/include/moveit/ompl_interface/model_based_planning_context.h
[2.241s] -- Up-to-date symlink: /home/manoj/ros2_ws/install/moveit_planners_ompl/include/moveit/ompl_interface/ompl_interface.h
[2.241s] -- Up-to-date symlink: /home/manoj/ros2_ws/install/moveit_planners_ompl/include/moveit/ompl_interface/parameterization/joint_space/constrained_planning_state_space.h
[2.243s] -- Up-to-date symlink: /home/manoj/ros2_ws/install/moveit_planners_ompl/include/moveit/ompl_interface/parameterization/joint_space/constrained_planning_state_space_factory.h
[2.243s] -- Up-to-date symlink: /home/manoj/ros2_ws/install/moveit_planners_ompl/include/moveit/ompl_interface/parameterization/joint_space/joint_model_state_space.h
[2.243s] -- Up-to-date symlink: /home/manoj/ros2_ws/install/moveit_planners_ompl/include/moveit/ompl_interface/parameterization/joint_space/joint_model_state_space_factory.h
[2.243s] -- Up-to-date symlink: /home/manoj/ros2_ws/install/moveit_planners_ompl/include/moveit/ompl_interface/parameterization/model_based_state_space.h
[2.243s] -- Up-to-date symlink: /home/manoj/ros2_ws/install/moveit_planners_ompl/include/moveit/ompl_interface/parameterization/model_based_state_space_factory.h
[2.243s] -- Up-to-date symlink: /home/manoj/ros2_ws/install/moveit_planners_ompl/include/moveit/ompl_interface/parameterization/work_space/pose_model_state_space.h
[2.243s] -- Up-to-date symlink: /home/manoj/ros2_ws/install/moveit_planners_ompl/include/moveit/ompl_interface/parameterization/work_space/pose_model_state_space_factory.h
[2.243s] -- Up-to-date symlink: /home/manoj/ros2_ws/install/moveit_planners_ompl/include/moveit/ompl_interface/planning_context_manager.h
[2.243s] -- Up-to-date symlink: /home/manoj/ros2_ws/install/moveit_planners_ompl/share/moveit_planners_ompl/environment/library_path.sh
[2.243s] -- Up-to-date symlink: /home/manoj/ros2_ws/install/moveit_planners_ompl/share/moveit_planners_ompl/environment/library_path.dsv
[2.243s] -- Up-to-date symlink: /home/manoj/ros2_ws/install/moveit_planners_ompl/share/moveit_planners_ompl//ompl_interface_plugin_description.xml
[2.243s] -- Up-to-date symlink: /home/manoj/ros2_ws/install/moveit_planners_ompl/share/ament_index/resource_index/package_run_dependencies/moveit_planners_ompl
[2.244s] -- Up-to-date symlink: /home/manoj/ros2_ws/install/moveit_planners_ompl/share/ament_index/resource_index/parent_prefix_path/moveit_planners_ompl
[2.244s] -- Up-to-date symlink: /home/manoj/ros2_ws/install/moveit_planners_ompl/share/moveit_planners_ompl/environment/ament_prefix_path.sh
[2.244s] -- Up-to-date symlink: /home/manoj/ros2_ws/install/moveit_planners_ompl/share/moveit_planners_ompl/environment/ament_prefix_path.dsv
[2.244s] -- Up-to-date symlink: /home/manoj/ros2_ws/install/moveit_planners_ompl/share/moveit_planners_ompl/environment/path.sh
[2.244s] -- Up-to-date symlink: /home/manoj/ros2_ws/install/moveit_planners_ompl/share/moveit_planners_ompl/environment/path.dsv
[2.244s] -- Up-to-date symlink: /home/manoj/ros2_ws/install/moveit_planners_ompl/share/moveit_planners_ompl/local_setup.bash
[2.244s] -- Up-to-date symlink: /home/manoj/ros2_ws/install/moveit_planners_ompl/share/moveit_planners_ompl/local_setup.sh
[2.244s] -- Up-to-date symlink: /home/manoj/ros2_ws/install/moveit_planners_ompl/share/moveit_planners_ompl/local_setup.zsh
[2.244s] -- Up-to-date symlink: /home/manoj/ros2_ws/install/moveit_planners_ompl/share/moveit_planners_ompl/local_setup.dsv
[2.244s] -- Symlinking: /home/manoj/ros2_ws/install/moveit_planners_ompl/share/moveit_planners_ompl/package.dsv
[2.252s] -- Up-to-date symlink: /home/manoj/ros2_ws/install/moveit_planners_ompl/share/ament_index/resource_index/packages/moveit_planners_ompl
[2.253s] -- Up-to-date symlink: /home/manoj/ros2_ws/install/moveit_planners_ompl/share/ament_index/resource_index/moveit_core__pluginlib__plugin/moveit_planners_ompl
[2.253s] -- Up-to-date symlink: /home/manoj/ros2_ws/install/moveit_planners_ompl/share/moveit_planners_ompl/cmake/ament_cmake_export_targets-extras.cmake
[2.253s] -- Up-to-date symlink: /home/manoj/ros2_ws/install/moveit_planners_ompl/share/moveit_planners_ompl/cmake/ament_cmake_export_dependencies-extras.cmake
[2.253s] -- Up-to-date symlink: /home/manoj/ros2_ws/install/moveit_planners_ompl/share/moveit_planners_ompl/cmake/moveit_planners_omplConfig.cmake
[2.253s] -- Up-to-date symlink: /home/manoj/ros2_ws/install/moveit_planners_ompl/share/moveit_planners_ompl/cmake/moveit_planners_omplConfig-version.cmake
[2.253s] -- Up-to-date symlink: /home/manoj/ros2_ws/install/moveit_planners_ompl/share/moveit_planners_ompl/package.xml
[2.254s] -- Up-to-date: /home/manoj/ros2_ws/install/moveit_planners_ompl/lib/libmoveit_ompl_interface.so.2.5.9
[2.254s] -- Up-to-date: /home/manoj/ros2_ws/install/moveit_planners_ompl/lib/libmoveit_ompl_interface.so
[2.255s] -- Up-to-date: /home/manoj/ros2_ws/install/moveit_planners_ompl/lib/libmoveit_ompl_planner_plugin.so.2.5.9
[2.255s] -- Up-to-date: /home/manoj/ros2_ws/install/moveit_planners_ompl/lib/libmoveit_ompl_planner_plugin.so
[2.255s] -- Up-to-date: /home/manoj/ros2_ws/install/moveit_planners_ompl/share/moveit_planners_ompl/cmake/export_moveit_planners_omplExport.cmake
[2.255s] -- Up-to-date: /home/manoj/ros2_ws/install/moveit_planners_ompl/share/moveit_planners_ompl/cmake/export_moveit_planners_omplExport-release.cmake
[2.260s] Invoked command in '/home/manoj/ros2_ws/build/moveit_planners_ompl' returned '0': AMENT_PREFIX_PATH=/home/manoj/ros2_ws/install/moveit_ros_planning:/home/manoj/ros2_ws/install/moveit_ros_occupancy_map_monitor:/home/manoj/ros2_ws/install/moveit_core:/home/manoj/ros2_ws/install/moveit_resources_panda_moveit_config:/home/manoj/ros2_ws/install/moveit_resources_fanuc_moveit_config:/home/manoj/ros2_ws/install/moveit_resources_pr2_description:/home/manoj/ros2_ws/install/moveit_resources_panda_description:/home/manoj/ros2_ws/install/moveit_resources_fanuc_description:/home/manoj/ros2_ws/install/moveit_configs_utils:/home/manoj/ros2_ws/install/moveit_common:${AMENT_PREFIX_PATH} CMAKE_PREFIX_PATH=/home/manoj/ros2_ws/install/moveit_ros_planning:/home/manoj/ros2_ws/install/moveit_ros_occupancy_map_monitor:/home/manoj/ros2_ws/install/moveit_core:/home/manoj/ros2_ws/install/moveit_resources_panda_moveit_config:/home/manoj/ros2_ws/install/moveit_resources_fanuc_moveit_config:/home/manoj/ros2_ws/install/moveit_resources_pr2_description:/home/manoj/ros2_ws/install/moveit_resources_panda_description:/home/manoj/ros2_ws/install/moveit_resources_fanuc_description:/home/manoj/ros2_ws/install/moveit_common:/opt/ros/humble LD_LIBRARY_PATH=/home/manoj/ros2_ws/install/moveit_ros_planning/lib:/home/manoj/ros2_ws/install/moveit_ros_occupancy_map_monitor/lib:/home/manoj/ros2_ws/install/moveit_core/lib:${LD_LIBRARY_PATH} PATH=/home/manoj/ros2_ws/install/moveit_core/bin:${PATH} PYTHONPATH=/home/manoj/ros2_ws/install/moveit_configs_utils/lib/python3.10/site-packages:${PYTHONPATH} /usr/bin/cmake --install /home/manoj/ros2_ws/build/moveit_planners_ompl
