[1.601s] Invoking command in '/home/manoj/ros2_ws/src/moveit2/moveit_configs_utils': PYTHONPATH=/home/manoj/ros2_ws/build/moveit_configs_utils/prefix_override:/usr/lib/python3/dist-packages/colcon_core/task/python/colcon_distutils_commands:/home/manoj/ros2_ws/install/moveit_configs_utils/lib/python3.10/site-packages:${PYTHONPATH} /usr/bin/python3 -W ignore:setup.py install is deprecated -W ignore:easy_install command is deprecated setup.py egg_info --egg-base ../../../build/moveit_configs_utils build --build-base /home/manoj/ros2_ws/build/moveit_configs_utils/build install --record /home/manoj/ros2_ws/build/moveit_configs_utils/install.log --single-version-externally-managed install_data
[2.199s] running egg_info
[2.199s] creating ../../../build/moveit_configs_utils/moveit_configs_utils.egg-info
[2.199s] writing ../../../build/moveit_configs_utils/moveit_configs_utils.egg-info/PKG-INFO
[2.200s] writing dependency_links to ../../../build/moveit_configs_utils/moveit_configs_utils.egg-info/dependency_links.txt
[2.200s] writing entry points to ../../../build/moveit_configs_utils/moveit_configs_utils.egg-info/entry_points.txt
[2.200s] writing requirements to ../../../build/moveit_configs_utils/moveit_configs_utils.egg-info/requires.txt
[2.202s] writing top-level names to ../../../build/moveit_configs_utils/moveit_configs_utils.egg-info/top_level.txt
[2.202s] writing manifest file '../../../build/moveit_configs_utils/moveit_configs_utils.egg-info/SOURCES.txt'
[2.206s] reading manifest file '../../../build/moveit_configs_utils/moveit_configs_utils.egg-info/SOURCES.txt'
[2.206s] writing manifest file '../../../build/moveit_configs_utils/moveit_configs_utils.egg-info/SOURCES.txt'
[2.207s] running build
[2.207s] running build_py
[2.207s] creating /home/manoj/ros2_ws/build/moveit_configs_utils/build
[2.208s] creating /home/manoj/ros2_ws/build/moveit_configs_utils/build/lib
[2.208s] creating /home/manoj/ros2_ws/build/moveit_configs_utils/build/lib/moveit_configs_utils
[2.208s] copying moveit_configs_utils/launches.py -> /home/manoj/ros2_ws/build/moveit_configs_utils/build/lib/moveit_configs_utils
[2.208s] copying moveit_configs_utils/launch_utils.py -> /home/manoj/ros2_ws/build/moveit_configs_utils/build/lib/moveit_configs_utils
[2.208s] copying moveit_configs_utils/__init__.py -> /home/manoj/ros2_ws/build/moveit_configs_utils/build/lib/moveit_configs_utils
[2.208s] copying moveit_configs_utils/moveit_configs_builder.py -> /home/manoj/ros2_ws/build/moveit_configs_utils/build/lib/moveit_configs_utils
[2.209s] creating /home/manoj/ros2_ws/build/moveit_configs_utils/build/lib/moveit_configs_utils/substitutions
[2.209s] copying moveit_configs_utils/substitutions/__init__.py -> /home/manoj/ros2_ws/build/moveit_configs_utils/build/lib/moveit_configs_utils/substitutions
[2.209s] copying moveit_configs_utils/substitutions/xacro.py -> /home/manoj/ros2_ws/build/moveit_configs_utils/build/lib/moveit_configs_utils/substitutions
[2.209s] running install
[2.210s] running install_lib
[2.212s] creating /home/manoj/ros2_ws/install/moveit_configs_utils/lib/python3.10/site-packages/moveit_configs_utils
[2.212s] creating /home/manoj/ros2_ws/install/moveit_configs_utils/lib/python3.10/site-packages/moveit_configs_utils/substitutions
[2.213s] copying /home/manoj/ros2_ws/build/moveit_configs_utils/build/lib/moveit_configs_utils/substitutions/__init__.py -> /home/manoj/ros2_ws/install/moveit_configs_utils/lib/python3.10/site-packages/moveit_configs_utils/substitutions
[2.213s] copying /home/manoj/ros2_ws/build/moveit_configs_utils/build/lib/moveit_configs_utils/substitutions/xacro.py -> /home/manoj/ros2_ws/install/moveit_configs_utils/lib/python3.10/site-packages/moveit_configs_utils/substitutions
[2.213s] copying /home/manoj/ros2_ws/build/moveit_configs_utils/build/lib/moveit_configs_utils/launches.py -> /home/manoj/ros2_ws/install/moveit_configs_utils/lib/python3.10/site-packages/moveit_configs_utils
[2.213s] copying /home/manoj/ros2_ws/build/moveit_configs_utils/build/lib/moveit_configs_utils/launch_utils.py -> /home/manoj/ros2_ws/install/moveit_configs_utils/lib/python3.10/site-packages/moveit_configs_utils
[2.213s] copying /home/manoj/ros2_ws/build/moveit_configs_utils/build/lib/moveit_configs_utils/__init__.py -> /home/manoj/ros2_ws/install/moveit_configs_utils/lib/python3.10/site-packages/moveit_configs_utils
[2.213s] copying /home/manoj/ros2_ws/build/moveit_configs_utils/build/lib/moveit_configs_utils/moveit_configs_builder.py -> /home/manoj/ros2_ws/install/moveit_configs_utils/lib/python3.10/site-packages/moveit_configs_utils
[2.214s] byte-compiling /home/manoj/ros2_ws/install/moveit_configs_utils/lib/python3.10/site-packages/moveit_configs_utils/substitutions/__init__.py to __init__.cpython-310.pyc
[2.215s] byte-compiling /home/manoj/ros2_ws/install/moveit_configs_utils/lib/python3.10/site-packages/moveit_configs_utils/substitutions/xacro.py to xacro.cpython-310.pyc
[2.217s] byte-compiling /home/manoj/ros2_ws/install/moveit_configs_utils/lib/python3.10/site-packages/moveit_configs_utils/launches.py to launches.cpython-310.pyc
[2.220s] byte-compiling /home/manoj/ros2_ws/install/moveit_configs_utils/lib/python3.10/site-packages/moveit_configs_utils/launch_utils.py to launch_utils.cpython-310.pyc
[2.220s] byte-compiling /home/manoj/ros2_ws/install/moveit_configs_utils/lib/python3.10/site-packages/moveit_configs_utils/__init__.py to __init__.cpython-310.pyc
[2.224s] byte-compiling /home/manoj/ros2_ws/install/moveit_configs_utils/lib/python3.10/site-packages/moveit_configs_utils/moveit_configs_builder.py to moveit_configs_builder.cpython-310.pyc
[2.226s] running install_data
[2.226s] creating /home/manoj/ros2_ws/install/moveit_configs_utils/share/ament_index
[2.227s] creating /home/manoj/ros2_ws/install/moveit_configs_utils/share/ament_index/resource_index
[2.227s] creating /home/manoj/ros2_ws/install/moveit_configs_utils/share/ament_index/resource_index/packages
[2.228s] copying resource/moveit_configs_utils -> /home/manoj/ros2_ws/install/moveit_configs_utils/share/ament_index/resource_index/packages
[2.229s] copying package.xml -> /home/manoj/ros2_ws/install/moveit_configs_utils/share/moveit_configs_utils
[2.229s] creating /home/manoj/ros2_ws/install/moveit_configs_utils/share/moveit_configs_utils/default_configs
[2.230s] copying default_configs/stomp_planning.yaml -> /home/manoj/ros2_ws/install/moveit_configs_utils/share/moveit_configs_utils/default_configs
[2.231s] copying default_configs/chomp_planning.yaml -> /home/manoj/ros2_ws/install/moveit_configs_utils/share/moveit_configs_utils/default_configs
[2.231s] copying default_configs/ompl_defaults.yaml -> /home/manoj/ros2_ws/install/moveit_configs_utils/share/moveit_configs_utils/default_configs
[2.232s] copying default_configs/ompl_planning.yaml -> /home/manoj/ros2_ws/install/moveit_configs_utils/share/moveit_configs_utils/default_configs
[2.232s] copying default_configs/pilz_industrial_motion_planner_planning.yaml -> /home/manoj/ros2_ws/install/moveit_configs_utils/share/moveit_configs_utils/default_configs
[2.232s] running install_egg_info
[2.237s] Copying ../../../build/moveit_configs_utils/moveit_configs_utils.egg-info to /home/manoj/ros2_ws/install/moveit_configs_utils/lib/python3.10/site-packages/moveit_configs_utils-2.13.2-py3.10.egg-info
[2.238s] running install_scripts
[2.281s] writing list of installed files to '/home/manoj/ros2_ws/build/moveit_configs_utils/install.log'
[2.325s] Invoked command in '/home/manoj/ros2_ws/src/moveit2/moveit_configs_utils' returned '0': PYTHONPATH=/home/manoj/ros2_ws/build/moveit_configs_utils/prefix_override:/usr/lib/python3/dist-packages/colcon_core/task/python/colcon_distutils_commands:/home/manoj/ros2_ws/install/moveit_configs_utils/lib/python3.10/site-packages:${PYTHONPATH} /usr/bin/python3 -W ignore:setup.py install is deprecated -W ignore:easy_install command is deprecated setup.py egg_info --egg-base ../../../build/moveit_configs_utils build --build-base /home/manoj/ros2_ws/build/moveit_configs_utils/build install --record /home/manoj/ros2_ws/build/moveit_configs_utils/install.log --single-version-externally-managed install_data
