[0.064s] Invoking command in '/home/manoj/ros2_ws/build/moveit_resources_panda_description': CMAKE_PREFIX_PATH=${CMAKE_PREFIX_PATH}:/home/manoj/ros2_ws/install/my_mobile_manipulator_bringup:/home/manoj/ros2_ws/install/moveit_configs_utils:/opt/ros/humble /usr/bin/cmake --build /home/manoj/ros2_ws/build/moveit_resources_panda_description -- -j12 -l12
[0.744s] Invoked command in '/home/manoj/ros2_ws/build/moveit_resources_panda_description' returned '0': CMAKE_PREFIX_PATH=${CMAKE_PREFIX_PATH}:/home/manoj/ros2_ws/install/my_mobile_manipulator_bringup:/home/manoj/ros2_ws/install/moveit_configs_utils:/opt/ros/humble /usr/bin/cmake --build /home/manoj/ros2_ws/build/moveit_resources_panda_description -- -j12 -l12
[0.745s] Invoking command in '/home/manoj/ros2_ws/build/moveit_resources_panda_description': CMAKE_PREFIX_PATH=${CMAKE_PREFIX_PATH}:/home/manoj/ros2_ws/install/my_mobile_manipulator_bringup:/home/manoj/ros2_ws/install/moveit_configs_utils:/opt/ros/humble /usr/bin/cmake --install /home/manoj/ros2_ws/build/moveit_resources_panda_description
[0.780s] -- Install configuration: "Release"
[0.780s] -- Execute custom install script
[0.780s] -- Up-to-date symlink: /home/manoj/ros2_ws/install/moveit_resources_panda_description/share/ament_index/resource_index/package_run_dependencies/moveit_resources_panda_description
[0.780s] -- Up-to-date symlink: /home/manoj/ros2_ws/install/moveit_resources_panda_description/share/ament_index/resource_index/parent_prefix_path/moveit_resources_panda_description
[0.780s] -- Up-to-date symlink: /home/manoj/ros2_ws/install/moveit_resources_panda_description/share/moveit_resources_panda_description/environment/ament_prefix_path.sh
[0.780s] -- Up-to-date symlink: /home/manoj/ros2_ws/install/moveit_resources_panda_description/share/moveit_resources_panda_description/environment/ament_prefix_path.dsv
[0.780s] -- Up-to-date symlink: /home/manoj/ros2_ws/install/moveit_resources_panda_description/share/moveit_resources_panda_description/environment/path.sh
[0.780s] -- Up-to-date symlink: /home/manoj/ros2_ws/install/moveit_resources_panda_description/share/moveit_resources_panda_description/environment/path.dsv
[0.781s] -- Up-to-date symlink: /home/manoj/ros2_ws/install/moveit_resources_panda_description/share/moveit_resources_panda_description/local_setup.bash
[0.784s] -- Up-to-date symlink: /home/manoj/ros2_ws/install/moveit_resources_panda_description/share/moveit_resources_panda_description/local_setup.sh
[0.784s] -- Up-to-date symlink: /home/manoj/ros2_ws/install/moveit_resources_panda_description/share/moveit_resources_panda_description/local_setup.zsh
[0.784s] -- Up-to-date symlink: /home/manoj/ros2_ws/install/moveit_resources_panda_description/share/moveit_resources_panda_description/local_setup.dsv
[0.787s] -- Symlinking: /home/manoj/ros2_ws/install/moveit_resources_panda_description/share/moveit_resources_panda_description/package.dsv
[0.793s] -- Up-to-date symlink: /home/manoj/ros2_ws/install/moveit_resources_panda_description/share/ament_index/resource_index/packages/moveit_resources_panda_description
[0.794s] -- Up-to-date symlink: /home/manoj/ros2_ws/install/moveit_resources_panda_description/share/moveit_resources_panda_description/cmake/moveit_resources_panda_descriptionConfig.cmake
[0.795s] -- Up-to-date symlink: /home/manoj/ros2_ws/install/moveit_resources_panda_description/share/moveit_resources_panda_description/cmake/moveit_resources_panda_descriptionConfig-version.cmake
[0.795s] -- Up-to-date symlink: /home/manoj/ros2_ws/install/moveit_resources_panda_description/share/moveit_resources_panda_description/package.xml
[0.796s] -- Up-to-date symlink: /home/manoj/ros2_ws/install/moveit_resources_panda_description/share/moveit_resources_panda_description/meshes/collision/finger.stl
[0.796s] -- Up-to-date symlink: /home/manoj/ros2_ws/install/moveit_resources_panda_description/share/moveit_resources_panda_description/meshes/collision/hand.stl
[0.796s] -- Up-to-date symlink: /home/manoj/ros2_ws/install/moveit_resources_panda_description/share/moveit_resources_panda_description/meshes/collision/link0.stl
[0.796s] -- Up-to-date symlink: /home/manoj/ros2_ws/install/moveit_resources_panda_description/share/moveit_resources_panda_description/meshes/collision/link1.stl
[0.796s] -- Up-to-date symlink: /home/manoj/ros2_ws/install/moveit_resources_panda_description/share/moveit_resources_panda_description/meshes/collision/link2.stl
[0.796s] -- Up-to-date symlink: /home/manoj/ros2_ws/install/moveit_resources_panda_description/share/moveit_resources_panda_description/meshes/collision/link3.stl
[0.797s] -- Up-to-date symlink: /home/manoj/ros2_ws/install/moveit_resources_panda_description/share/moveit_resources_panda_description/meshes/collision/link4.stl
[0.797s] -- Up-to-date symlink: /home/manoj/ros2_ws/install/moveit_resources_panda_description/share/moveit_resources_panda_description/meshes/collision/link5.stl
[0.797s] -- Up-to-date symlink: /home/manoj/ros2_ws/install/moveit_resources_panda_description/share/moveit_resources_panda_description/meshes/collision/link6.stl
[0.797s] -- Up-to-date symlink: /home/manoj/ros2_ws/install/moveit_resources_panda_description/share/moveit_resources_panda_description/meshes/collision/link7.stl
[0.798s] -- Up-to-date symlink: /home/manoj/ros2_ws/install/moveit_resources_panda_description/share/moveit_resources_panda_description/meshes/visual/finger.dae
[0.799s] -- Up-to-date symlink: /home/manoj/ros2_ws/install/moveit_resources_panda_description/share/moveit_resources_panda_description/meshes/visual/hand.dae
[0.799s] -- Up-to-date symlink: /home/manoj/ros2_ws/install/moveit_resources_panda_description/share/moveit_resources_panda_description/meshes/visual/link0.dae
[0.800s] -- Up-to-date symlink: /home/manoj/ros2_ws/install/moveit_resources_panda_description/share/moveit_resources_panda_description/meshes/visual/link1.dae
[0.803s] -- Up-to-date symlink: /home/manoj/ros2_ws/install/moveit_resources_panda_description/share/moveit_resources_panda_description/meshes/visual/link2.dae
[0.803s] -- Up-to-date symlink: /home/manoj/ros2_ws/install/moveit_resources_panda_description/share/moveit_resources_panda_description/meshes/visual/link3.dae
[0.803s] -- Up-to-date symlink: /home/manoj/ros2_ws/install/moveit_resources_panda_description/share/moveit_resources_panda_description/meshes/visual/link4.dae
[0.803s] -- Up-to-date symlink: /home/manoj/ros2_ws/install/moveit_resources_panda_description/share/moveit_resources_panda_description/meshes/visual/link5.dae
[0.804s] -- Up-to-date symlink: /home/manoj/ros2_ws/install/moveit_resources_panda_description/share/moveit_resources_panda_description/meshes/visual/link6.dae
[0.804s] -- Up-to-date symlink: /home/manoj/ros2_ws/install/moveit_resources_panda_description/share/moveit_resources_panda_description/meshes/visual/link7.dae
[0.804s] -- Up-to-date symlink: /home/manoj/ros2_ws/install/moveit_resources_panda_description/share/moveit_resources_panda_description/urdf/panda.urdf
[0.804s] -- Up-to-date symlink: /home/manoj/ros2_ws/install/moveit_resources_panda_description/share/moveit_resources_panda_description/urdf/panda.urdf.xacro
[0.814s] Invoked command in '/home/manoj/ros2_ws/build/moveit_resources_panda_description' returned '0': CMAKE_PREFIX_PATH=${CMAKE_PREFIX_PATH}:/home/manoj/ros2_ws/install/my_mobile_manipulator_bringup:/home/manoj/ros2_ws/install/moveit_configs_utils:/opt/ros/humble /usr/bin/cmake --install /home/manoj/ros2_ws/build/moveit_resources_panda_description
