[0.027s] Invoking command in '/home/manoj/ros2_ws/build/moveit_kinematics': AMENT_PREFIX_PATH=/home/manoj/ros2_ws/install/moveit_ros_planning:/home/manoj/ros2_ws/install/moveit_ros_occupancy_map_monitor:/home/manoj/ros2_ws/install/moveit_core:/home/manoj/ros2_ws/install/moveit_resources_panda_moveit_config:/home/manoj/ros2_ws/install/moveit_resources_fanuc_moveit_config:/home/manoj/ros2_ws/install/moveit_resources_pr2_description:/home/manoj/ros2_ws/install/moveit_resources_panda_description:/home/manoj/ros2_ws/install/moveit_resources_fanuc_description:/home/manoj/ros2_ws/install/moveit_configs_utils:/home/manoj/ros2_ws/install/moveit_common:${AMENT_PREFIX_PATH} CMAKE_PREFIX_PATH=/home/manoj/ros2_ws/install/moveit_ros_planning:/home/manoj/ros2_ws/install/moveit_ros_occupancy_map_monitor:/home/manoj/ros2_ws/install/moveit_core:/home/manoj/ros2_ws/install/moveit_resources_panda_moveit_config:/home/manoj/ros2_ws/install/moveit_resources_fanuc_moveit_config:/home/manoj/ros2_ws/install/moveit_resources_pr2_description:/home/manoj/ros2_ws/install/moveit_resources_panda_description:/home/manoj/ros2_ws/install/moveit_resources_fanuc_description:/home/manoj/ros2_ws/install/moveit_common:/opt/ros/humble LD_LIBRARY_PATH=/home/manoj/ros2_ws/install/moveit_ros_planning/lib:/home/manoj/ros2_ws/install/moveit_ros_occupancy_map_monitor/lib:/home/manoj/ros2_ws/install/moveit_core/lib:${LD_LIBRARY_PATH} PATH=/home/manoj/ros2_ws/install/moveit_core/bin:${PATH} PYTHONPATH=/home/manoj/ros2_ws/install/moveit_configs_utils/lib/python3.10/site-packages:${PYTHONPATH} /usr/bin/cmake /home/manoj/ros2_ws/src/moveit2/moveit_kinematics -DCMAKE_BUILD_TYPE=Release -DCMAKE_INSTALL_PREFIX=/home/manoj/ros2_ws/install/moveit_kinematics
[0.043s] -- Found moveit_common: 2.5.9 (/home/manoj/ros2_ws/install/moveit_common/share/moveit_common/cmake)
[0.043s] -- Found ament_cmake: 1.3.11 (/opt/ros/humble/share/ament_cmake/cmake)
[0.197s] -- Override CMake install command with custom implementation using symlinks instead of copying resources
[0.293s] -- Found tf2_kdl: 0.25.12 (/opt/ros/humble/share/tf2_kdl/cmake)
[0.328s] -- Found rosidl_generator_c: 3.1.6 (/opt/ros/humble/share/rosidl_generator_c/cmake)
[0.331s] -- Found rosidl_adapter: 3.1.6 (/opt/ros/humble/share/rosidl_adapter/cmake)
[0.338s] -- Found rosidl_generator_cpp: 3.1.6 (/opt/ros/humble/share/rosidl_generator_cpp/cmake)
[0.351s] -- Using all available rosidl_typesupport_c: rosidl_typesupport_fastrtps_c;rosidl_typesupport_introspection_c
[0.367s] -- Using all available rosidl_typesupport_cpp: rosidl_typesupport_fastrtps_cpp;rosidl_typesupport_introspection_cpp
[0.419s] -- Found eigen3_cmake_module: 0.1.1 (/opt/ros/humble/share/eigen3_cmake_module/cmake)
[0.420s] -- Ensuring Eigen3 include directory is part of orocos-kdl CMake target
[0.489s] -- Found rmw_implementation_cmake: 6.1.2 (/opt/ros/humble/share/rmw_implementation_cmake/cmake)
[0.489s] -- Found rmw_fastrtps_cpp: 6.2.7 (/opt/ros/humble/share/rmw_fastrtps_cpp/cmake)
[0.612s] -- Using RMW implementation 'rmw_fastrtps_cpp' as default
[0.712s] -- Found kdl_parser: 2.6.4 (/opt/ros/humble/share/kdl_parser/cmake)
[0.716s] -- Found random_numbers: 2.0.1 (/opt/ros/humble/share/random_numbers/cmake)
[0.723s] -- Found pluginlib: 5.1.0 (/opt/ros/humble/share/pluginlib/cmake)
[0.741s] -- Found moveit_core: 2.5.9 (/home/manoj/ros2_ws/install/moveit_core/share/moveit_core/cmake)
[0.761s] -- Found Boost: /usr/lib/x86_64-linux-gnu/cmake/Boost-1.74.0/BoostConfig.cmake (found version "1.74.0") found components: chrono date_time filesystem iostreams program_options regex serialization system thread 
[0.792s] -- Found parameter_traits: 0.4.0 (/opt/ros/humble/share/parameter_traits/cmake)
[0.806s] -- Found rclcpp_lifecycle: 16.0.12 (/opt/ros/humble/share/rclcpp_lifecycle/cmake)
[0.830s] -- Found Boost: /usr/lib/x86_64-linux-gnu/cmake/Boost-1.74.0/BoostConfig.cmake (found version "1.74.0") found components: filesystem 
[0.866s] -- library: /usr/lib/x86_64-linux-gnu/libcurl.so
[1.102s] -- Found moveit_ros_planning: 2.5.9 (/home/manoj/ros2_ws/install/moveit_ros_planning/share/moveit_ros_planning/cmake)
[1.112s] -- Found Boost: /usr/lib/x86_64-linux-gnu/cmake/Boost-1.74.0/BoostConfig.cmake (found version "1.74.0") found components: system filesystem date_time program_options thread chrono 
[1.146s] -- Found Boost: /usr/lib/x86_64-linux-gnu/cmake/Boost-1.74.0/BoostConfig.cmake (found version "1.74.0") found components: program_options system 
[1.224s] -- Found ament_cmake_gtest: 1.3.11 (/opt/ros/humble/share/ament_cmake_gtest/cmake)
[1.224s] -- Found ros_testing: 0.4.0 (/opt/ros/humble/share/ros_testing/cmake)
[1.224s] -- Found launch_testing_ament_cmake: 1.0.8 (/opt/ros/humble/share/launch_testing_ament_cmake/cmake)
[1.224s] -- Found python_cmake_module: 0.10.0 (/opt/ros/humble/share/python_cmake_module/cmake)
[1.252s] -- Using PYTHON_EXECUTABLE: /usr/bin/python3
[1.252s] -- Using PYTHON_INCLUDE_DIRS: /usr/include/python3.10
[1.252s] -- Using PYTHON_LIBRARIES: /usr/lib/x86_64-linux-gnu/libpython3.10.so
[1.254s] -- Found moveit_resources_fanuc_description: 3.1.0 (/home/manoj/ros2_ws/install/moveit_resources_fanuc_description/share/moveit_resources_fanuc_description/cmake)
[1.254s] -- Found moveit_resources_fanuc_moveit_config: 3.1.0 (/home/manoj/ros2_ws/install/moveit_resources_fanuc_moveit_config/share/moveit_resources_fanuc_moveit_config/cmake)
[1.254s] -- Found moveit_resources_panda_description: 3.1.0 (/home/manoj/ros2_ws/install/moveit_resources_panda_description/share/moveit_resources_panda_description/cmake)
[1.255s] -- Found moveit_resources_panda_moveit_config: 3.1.0 (/home/manoj/ros2_ws/install/moveit_resources_panda_moveit_config/share/moveit_resources_panda_moveit_config/cmake)
[1.255s] -- Found gtest sources under '/opt/ros/humble/src/gtest_vendor': C++ tests using 'Google Test' will be built
[1.273s] -- Found ament_lint_auto: 0.12.12 (/opt/ros/humble/share/ament_lint_auto/cmake)
[1.277s] -- Found launch_testing_ament_cmake: 1.0.8 (/opt/ros/humble/share/launch_testing_ament_cmake/cmake)
[1.278s] -- Found python_cmake_module: 0.10.0 (/opt/ros/humble/share/python_cmake_module/cmake)
[1.308s] -- Using PYTHON_EXECUTABLE: /usr/bin/python3
[1.310s] -- Using PYTHON_INCLUDE_DIRS: /usr/include/python3.10
[1.310s] -- Using PYTHON_LIBRARIES: /usr/lib/x86_64-linux-gnu/libpython3.10.so
[1.357s] -- Added test 'cppcheck' to perform static code analysis on C / C++ code
[1.358s] -- Configured cppcheck include dirs: /home/manoj/ros2_ws/src/moveit2/moveit_kinematics/kdl_kinematics_plugin/include;/home/manoj/ros2_ws/src/moveit2/moveit_kinematics/lma_kinematics_plugin/include;/home/manoj/ros2_ws/src/moveit2/moveit_kinematics/srv_kinematics_plugin/include;/home/manoj/ros2_ws/src/moveit2/moveit_kinematics/cached_ik_kinematics_plugin/include
[1.358s] -- Configured cppcheck exclude dirs and/or files: 
[1.360s] -- Added test 'lint_cmake' to check CMake code style
[1.367s] -- Configuring done
[1.520s] -- Generating done
[1.563s] -- Build files have been written to: /home/manoj/ros2_ws/build/moveit_kinematics
[1.588s] Invoked command in '/home/manoj/ros2_ws/build/moveit_kinematics' returned '0': AMENT_PREFIX_PATH=/home/manoj/ros2_ws/install/moveit_ros_planning:/home/manoj/ros2_ws/install/moveit_ros_occupancy_map_monitor:/home/manoj/ros2_ws/install/moveit_core:/home/manoj/ros2_ws/install/moveit_resources_panda_moveit_config:/home/manoj/ros2_ws/install/moveit_resources_fanuc_moveit_config:/home/manoj/ros2_ws/install/moveit_resources_pr2_description:/home/manoj/ros2_ws/install/moveit_resources_panda_description:/home/manoj/ros2_ws/install/moveit_resources_fanuc_description:/home/manoj/ros2_ws/install/moveit_configs_utils:/home/manoj/ros2_ws/install/moveit_common:${AMENT_PREFIX_PATH} CMAKE_PREFIX_PATH=/home/manoj/ros2_ws/install/moveit_ros_planning:/home/manoj/ros2_ws/install/moveit_ros_occupancy_map_monitor:/home/manoj/ros2_ws/install/moveit_core:/home/manoj/ros2_ws/install/moveit_resources_panda_moveit_config:/home/manoj/ros2_ws/install/moveit_resources_fanuc_moveit_config:/home/manoj/ros2_ws/install/moveit_resources_pr2_description:/home/manoj/ros2_ws/install/moveit_resources_panda_description:/home/manoj/ros2_ws/install/moveit_resources_fanuc_description:/home/manoj/ros2_ws/install/moveit_common:/opt/ros/humble LD_LIBRARY_PATH=/home/manoj/ros2_ws/install/moveit_ros_planning/lib:/home/manoj/ros2_ws/install/moveit_ros_occupancy_map_monitor/lib:/home/manoj/ros2_ws/install/moveit_core/lib:${LD_LIBRARY_PATH} PATH=/home/manoj/ros2_ws/install/moveit_core/bin:${PATH} PYTHONPATH=/home/manoj/ros2_ws/install/moveit_configs_utils/lib/python3.10/site-packages:${PYTHONPATH} /usr/bin/cmake /home/manoj/ros2_ws/src/moveit2/moveit_kinematics -DCMAKE_BUILD_TYPE=Release -DCMAKE_INSTALL_PREFIX=/home/manoj/ros2_ws/install/moveit_kinematics
[1.589s] Invoking command in '/home/manoj/ros2_ws/build/moveit_kinematics': AMENT_PREFIX_PATH=/home/manoj/ros2_ws/install/moveit_ros_planning:/home/manoj/ros2_ws/install/moveit_ros_occupancy_map_monitor:/home/manoj/ros2_ws/install/moveit_core:/home/manoj/ros2_ws/install/moveit_resources_panda_moveit_config:/home/manoj/ros2_ws/install/moveit_resources_fanuc_moveit_config:/home/manoj/ros2_ws/install/moveit_resources_pr2_description:/home/manoj/ros2_ws/install/moveit_resources_panda_description:/home/manoj/ros2_ws/install/moveit_resources_fanuc_description:/home/manoj/ros2_ws/install/moveit_configs_utils:/home/manoj/ros2_ws/install/moveit_common:${AMENT_PREFIX_PATH} CMAKE_PREFIX_PATH=/home/manoj/ros2_ws/install/moveit_ros_planning:/home/manoj/ros2_ws/install/moveit_ros_occupancy_map_monitor:/home/manoj/ros2_ws/install/moveit_core:/home/manoj/ros2_ws/install/moveit_resources_panda_moveit_config:/home/manoj/ros2_ws/install/moveit_resources_fanuc_moveit_config:/home/manoj/ros2_ws/install/moveit_resources_pr2_description:/home/manoj/ros2_ws/install/moveit_resources_panda_description:/home/manoj/ros2_ws/install/moveit_resources_fanuc_description:/home/manoj/ros2_ws/install/moveit_common:/opt/ros/humble LD_LIBRARY_PATH=/home/manoj/ros2_ws/install/moveit_ros_planning/lib:/home/manoj/ros2_ws/install/moveit_ros_occupancy_map_monitor/lib:/home/manoj/ros2_ws/install/moveit_core/lib:${LD_LIBRARY_PATH} PATH=/home/manoj/ros2_ws/install/moveit_core/bin:${PATH} PYTHONPATH=/home/manoj/ros2_ws/install/moveit_configs_utils/lib/python3.10/site-packages:${PYTHONPATH} /usr/bin/cmake --build /home/manoj/ros2_ws/build/moveit_kinematics -- -j12 -l12
[1.666s] [35m[1mConsolidate compiler generated dependencies of target moveit_cached_ik_kinematics_base[0m
[1.706s] [ 10%] Built target moveit_cached_ik_kinematics_base
[1.722s] [35m[1mConsolidate compiler generated dependencies of target benchmark_ik[0m
[1.767s] [ 21%] Built target benchmark_ik
[1.772s] [35m[1mConsolidate compiler generated dependencies of target gtest[0m
[1.795s] [ 31%] Built target gtest
[1.804s] [35m[1mConsolidate compiler generated dependencies of target gtest_main[0m
[1.819s] [ 42%] Built target gtest_main
[1.831s] [35m[1mConsolidate compiler generated dependencies of target moveit_lma_kinematics_plugin[0m
[1.868s] [ 52%] Built target moveit_lma_kinematics_plugin
[1.884s] [35m[1mConsolidate compiler generated dependencies of target moveit_kdl_kinematics_plugin[0m
[1.910s] [ 68%] Built target moveit_kdl_kinematics_plugin
[1.927s] [35m[1mConsolidate compiler generated dependencies of target moveit_srv_kinematics_plugin[0m
[1.953s] [ 78%] Built target moveit_srv_kinematics_plugin
[1.969s] [35m[1mConsolidate compiler generated dependencies of target test_kinematics_plugin[0m
[1.995s] [ 89%] Built target test_kinematics_plugin
[2.012s] [35m[1mConsolidate compiler generated dependencies of target moveit_cached_ik_kinematics_plugin[0m
[2.042s] [100%] Built target moveit_cached_ik_kinematics_plugin
[2.055s] Invoked command in '/home/manoj/ros2_ws/build/moveit_kinematics' returned '0': AMENT_PREFIX_PATH=/home/manoj/ros2_ws/install/moveit_ros_planning:/home/manoj/ros2_ws/install/moveit_ros_occupancy_map_monitor:/home/manoj/ros2_ws/install/moveit_core:/home/manoj/ros2_ws/install/moveit_resources_panda_moveit_config:/home/manoj/ros2_ws/install/moveit_resources_fanuc_moveit_config:/home/manoj/ros2_ws/install/moveit_resources_pr2_description:/home/manoj/ros2_ws/install/moveit_resources_panda_description:/home/manoj/ros2_ws/install/moveit_resources_fanuc_description:/home/manoj/ros2_ws/install/moveit_configs_utils:/home/manoj/ros2_ws/install/moveit_common:${AMENT_PREFIX_PATH} CMAKE_PREFIX_PATH=/home/manoj/ros2_ws/install/moveit_ros_planning:/home/manoj/ros2_ws/install/moveit_ros_occupancy_map_monitor:/home/manoj/ros2_ws/install/moveit_core:/home/manoj/ros2_ws/install/moveit_resources_panda_moveit_config:/home/manoj/ros2_ws/install/moveit_resources_fanuc_moveit_config:/home/manoj/ros2_ws/install/moveit_resources_pr2_description:/home/manoj/ros2_ws/install/moveit_resources_panda_description:/home/manoj/ros2_ws/install/moveit_resources_fanuc_description:/home/manoj/ros2_ws/install/moveit_common:/opt/ros/humble LD_LIBRARY_PATH=/home/manoj/ros2_ws/install/moveit_ros_planning/lib:/home/manoj/ros2_ws/install/moveit_ros_occupancy_map_monitor/lib:/home/manoj/ros2_ws/install/moveit_core/lib:${LD_LIBRARY_PATH} PATH=/home/manoj/ros2_ws/install/moveit_core/bin:${PATH} PYTHONPATH=/home/manoj/ros2_ws/install/moveit_configs_utils/lib/python3.10/site-packages:${PYTHONPATH} /usr/bin/cmake --build /home/manoj/ros2_ws/build/moveit_kinematics -- -j12 -l12
[2.056s] Invoking command in '/home/manoj/ros2_ws/build/moveit_kinematics': AMENT_PREFIX_PATH=/home/manoj/ros2_ws/install/moveit_ros_planning:/home/manoj/ros2_ws/install/moveit_ros_occupancy_map_monitor:/home/manoj/ros2_ws/install/moveit_core:/home/manoj/ros2_ws/install/moveit_resources_panda_moveit_config:/home/manoj/ros2_ws/install/moveit_resources_fanuc_moveit_config:/home/manoj/ros2_ws/install/moveit_resources_pr2_description:/home/manoj/ros2_ws/install/moveit_resources_panda_description:/home/manoj/ros2_ws/install/moveit_resources_fanuc_description:/home/manoj/ros2_ws/install/moveit_configs_utils:/home/manoj/ros2_ws/install/moveit_common:${AMENT_PREFIX_PATH} CMAKE_PREFIX_PATH=/home/manoj/ros2_ws/install/moveit_ros_planning:/home/manoj/ros2_ws/install/moveit_ros_occupancy_map_monitor:/home/manoj/ros2_ws/install/moveit_core:/home/manoj/ros2_ws/install/moveit_resources_panda_moveit_config:/home/manoj/ros2_ws/install/moveit_resources_fanuc_moveit_config:/home/manoj/ros2_ws/install/moveit_resources_pr2_description:/home/manoj/ros2_ws/install/moveit_resources_panda_description:/home/manoj/ros2_ws/install/moveit_resources_fanuc_description:/home/manoj/ros2_ws/install/moveit_common:/opt/ros/humble LD_LIBRARY_PATH=/home/manoj/ros2_ws/install/moveit_ros_planning/lib:/home/manoj/ros2_ws/install/moveit_ros_occupancy_map_monitor/lib:/home/manoj/ros2_ws/install/moveit_core/lib:${LD_LIBRARY_PATH} PATH=/home/manoj/ros2_ws/install/moveit_core/bin:${PATH} PYTHONPATH=/home/manoj/ros2_ws/install/moveit_configs_utils/lib/python3.10/site-packages:${PYTHONPATH} /usr/bin/cmake --install /home/manoj/ros2_ws/build/moveit_kinematics
[2.068s] -- Install configuration: "Release"
[2.068s] -- Execute custom install script
[2.068s] -- Up-to-date symlink: /home/manoj/ros2_ws/install/moveit_kinematics/share/moveit_kinematics//kdl_kinematics_plugin_description.xml
[2.068s] -- Up-to-date symlink: /home/manoj/ros2_ws/install/moveit_kinematics/share/moveit_kinematics//lma_kinematics_plugin_description.xml
[2.068s] -- Up-to-date symlink: /home/manoj/ros2_ws/install/moveit_kinematics/share/moveit_kinematics//srv_kinematics_plugin_description.xml
[2.068s] -- Up-to-date symlink: /home/manoj/ros2_ws/install/moveit_kinematics/share/moveit_kinematics//cached_ik_kinematics_plugin_description.xml
[2.068s] -- Up-to-date symlink: /home/manoj/ros2_ws/install/moveit_kinematics/include/moveit/cached_ik_kinematics_plugin/cached_ik_kinematics_plugin-inl.h
[2.068s] -- Up-to-date symlink: /home/manoj/ros2_ws/install/moveit_kinematics/include/moveit/cached_ik_kinematics_plugin/cached_ik_kinematics_plugin.h
[2.068s] -- Up-to-date symlink: /home/manoj/ros2_ws/install/moveit_kinematics/include/moveit/cached_ik_kinematics_plugin/detail/GreedyKCenters.h
[2.068s] -- Up-to-date symlink: /home/manoj/ros2_ws/install/moveit_kinematics/include/moveit/cached_ik_kinematics_plugin/detail/NearestNeighbors.h
[2.068s] -- Up-to-date symlink: /home/manoj/ros2_ws/install/moveit_kinematics/include/moveit/cached_ik_kinematics_plugin/detail/NearestNeighborsGNAT.h
[2.069s] -- Up-to-date symlink: /home/manoj/ros2_ws/install/moveit_kinematics/share/moveit_kinematics/launch/measure_ik_call_cost.launch
[2.069s] -- Up-to-date symlink: /home/manoj/ros2_ws/install/moveit_kinematics/lib/moveit_kinematics/auto_create_ikfast_moveit_plugin.sh
[2.069s] -- Up-to-date symlink: /home/manoj/ros2_ws/install/moveit_kinematics/lib/moveit_kinematics/create_ikfast_moveit_plugin.py
[2.069s] -- Up-to-date symlink: /home/manoj/ros2_ws/install/moveit_kinematics/lib/moveit_kinematics/round_collada_numbers.py
[2.070s] -- Up-to-date symlink: /home/manoj/ros2_ws/install/moveit_kinematics/share/moveit_kinematics/ikfast_kinematics_plugin/templates/CMakeLists.txt
[2.070s] -- Up-to-date symlink: /home/manoj/ros2_ws/install/moveit_kinematics/share/moveit_kinematics/ikfast_kinematics_plugin/templates/ikfast.h
[2.071s] -- Up-to-date symlink: /home/manoj/ros2_ws/install/moveit_kinematics/share/moveit_kinematics/ikfast_kinematics_plugin/templates/ikfast61_moveit_plugin_template.cpp
[2.071s] -- Up-to-date symlink: /home/manoj/ros2_ws/install/moveit_kinematics/include/moveit/kdl_kinematics_plugin/chainiksolver_vel_mimic_svd.hpp
[2.071s] -- Up-to-date symlink: /home/manoj/ros2_ws/install/moveit_kinematics/include/moveit/kdl_kinematics_plugin/joint_mimic.hpp
[2.071s] -- Up-to-date symlink: /home/manoj/ros2_ws/install/moveit_kinematics/include/moveit/kdl_kinematics_plugin/kdl_kinematics_plugin.h
[2.072s] -- Up-to-date symlink: /home/manoj/ros2_ws/install/moveit_kinematics/include/moveit/lma_kinematics_plugin/lma_kinematics_plugin.h
[2.072s] -- Up-to-date symlink: /home/manoj/ros2_ws/install/moveit_kinematics/include/moveit/srv_kinematics_plugin/srv_kinematics_plugin.h
[2.073s] -- Up-to-date symlink: /home/manoj/ros2_ws/install/moveit_kinematics/share/moveit_kinematics/config/fanuc-kdl-singular-test.yaml
[2.073s] -- Up-to-date symlink: /home/manoj/ros2_ws/install/moveit_kinematics/share/moveit_kinematics/config/fanuc-kdl-test.yaml
[2.073s] -- Up-to-date symlink: /home/manoj/ros2_ws/install/moveit_kinematics/share/moveit_kinematics/config/fanuc-lma-singular-test.yaml
[2.073s] -- Up-to-date symlink: /home/manoj/ros2_ws/install/moveit_kinematics/share/moveit_kinematics/config/fanuc-lma-test.yaml
[2.073s] -- Up-to-date symlink: /home/manoj/ros2_ws/install/moveit_kinematics/share/moveit_kinematics/config/panda-kdl-singular-test.yaml
[2.074s] -- Up-to-date symlink: /home/manoj/ros2_ws/install/moveit_kinematics/share/moveit_kinematics/config/panda-kdl-test.yaml
[2.074s] -- Up-to-date symlink: /home/manoj/ros2_ws/install/moveit_kinematics/share/moveit_kinematics/config/panda-lma-singular-test.yaml
[2.074s] -- Up-to-date symlink: /home/manoj/ros2_ws/install/moveit_kinematics/share/moveit_kinematics/config/panda-lma-test.yaml
[2.074s] -- Up-to-date symlink: /home/manoj/ros2_ws/install/moveit_kinematics/share/moveit_kinematics/launch/fanuc-kdl-singular.test.py
[2.074s] -- Up-to-date symlink: /home/manoj/ros2_ws/install/moveit_kinematics/share/moveit_kinematics/launch/fanuc-kdl.test.py
[2.074s] -- Up-to-date symlink: /home/manoj/ros2_ws/install/moveit_kinematics/share/moveit_kinematics/launch/fanuc-lma-singular.test.py
[2.078s] -- Up-to-date symlink: /home/manoj/ros2_ws/install/moveit_kinematics/share/moveit_kinematics/launch/fanuc-lma.test.py
[2.079s] -- Up-to-date symlink: /home/manoj/ros2_ws/install/moveit_kinematics/share/moveit_kinematics/launch/panda-kdl-singular.test.py
[2.080s] -- Up-to-date symlink: /home/manoj/ros2_ws/install/moveit_kinematics/share/moveit_kinematics/launch/panda-kdl.test.py
[2.080s] -- Up-to-date symlink: /home/manoj/ros2_ws/install/moveit_kinematics/share/moveit_kinematics/launch/panda-lma-singular.test.py
[2.080s] -- Up-to-date symlink: /home/manoj/ros2_ws/install/moveit_kinematics/share/moveit_kinematics/launch/panda-lma.test.py
[2.080s] -- Up-to-date symlink: /home/manoj/ros2_ws/install/moveit_kinematics/lib/moveit_kinematics/benchmark_ik
[2.080s] -- Up-to-date symlink: /home/manoj/ros2_ws/install/moveit_kinematics/lib/moveit_kinematics/test_kinematics_plugin
[2.080s] -- Up-to-date symlink: /home/manoj/ros2_ws/install/moveit_kinematics/share/moveit_kinematics/environment/library_path.sh
[2.080s] -- Up-to-date symlink: /home/manoj/ros2_ws/install/moveit_kinematics/share/moveit_kinematics/environment/library_path.dsv
[2.080s] -- Up-to-date symlink: /home/manoj/ros2_ws/install/moveit_kinematics/share/ament_index/resource_index/package_run_dependencies/moveit_kinematics
[2.080s] -- Up-to-date symlink: /home/manoj/ros2_ws/install/moveit_kinematics/share/ament_index/resource_index/parent_prefix_path/moveit_kinematics
[2.080s] -- Up-to-date symlink: /home/manoj/ros2_ws/install/moveit_kinematics/share/moveit_kinematics/environment/ament_prefix_path.sh
[2.080s] -- Up-to-date symlink: /home/manoj/ros2_ws/install/moveit_kinematics/share/moveit_kinematics/environment/ament_prefix_path.dsv
[2.081s] -- Up-to-date symlink: /home/manoj/ros2_ws/install/moveit_kinematics/share/moveit_kinematics/environment/path.sh
[2.081s] -- Up-to-date symlink: /home/manoj/ros2_ws/install/moveit_kinematics/share/moveit_kinematics/environment/path.dsv
[2.082s] -- Up-to-date symlink: /home/manoj/ros2_ws/install/moveit_kinematics/share/moveit_kinematics/local_setup.bash
[2.083s] -- Up-to-date symlink: /home/manoj/ros2_ws/install/moveit_kinematics/share/moveit_kinematics/local_setup.sh
[2.084s] -- Up-to-date symlink: /home/manoj/ros2_ws/install/moveit_kinematics/share/moveit_kinematics/local_setup.zsh
[2.086s] -- Up-to-date symlink: /home/manoj/ros2_ws/install/moveit_kinematics/share/moveit_kinematics/local_setup.dsv
[2.086s] -- Symlinking: /home/manoj/ros2_ws/install/moveit_kinematics/share/moveit_kinematics/package.dsv
[2.089s] -- Up-to-date symlink: /home/manoj/ros2_ws/install/moveit_kinematics/share/ament_index/resource_index/packages/moveit_kinematics
[2.090s] -- Up-to-date symlink: /home/manoj/ros2_ws/install/moveit_kinematics/share/ament_index/resource_index/moveit_core__pluginlib__plugin/moveit_kinematics
[2.090s] -- Up-to-date symlink: /home/manoj/ros2_ws/install/moveit_kinematics/share/moveit_kinematics/cmake/ConfigExtras.cmake
[2.090s] -- Up-to-date symlink: /home/manoj/ros2_ws/install/moveit_kinematics/share/moveit_kinematics/cmake/ament_cmake_export_targets-extras.cmake
[2.090s] -- Up-to-date symlink: /home/manoj/ros2_ws/install/moveit_kinematics/share/moveit_kinematics/cmake/ament_cmake_export_dependencies-extras.cmake
[2.090s] -- Up-to-date symlink: /home/manoj/ros2_ws/install/moveit_kinematics/share/moveit_kinematics/cmake/moveit_kinematicsConfig.cmake
[2.090s] -- Up-to-date symlink: /home/manoj/ros2_ws/install/moveit_kinematics/share/moveit_kinematics/cmake/moveit_kinematicsConfig-version.cmake
[2.090s] -- Up-to-date symlink: /home/manoj/ros2_ws/install/moveit_kinematics/share/moveit_kinematics/package.xml
[2.093s] -- Up-to-date: /home/manoj/ros2_ws/install/moveit_kinematics/lib/libmoveit_cached_ik_kinematics_base.so.2.5.9
[2.093s] -- Up-to-date: /home/manoj/ros2_ws/install/moveit_kinematics/lib/libmoveit_cached_ik_kinematics_base.so
[2.093s] -- Up-to-date: /home/manoj/ros2_ws/install/moveit_kinematics/lib/libmoveit_cached_ik_kinematics_plugin.so.2.5.9
[2.093s] -- Up-to-date: /home/manoj/ros2_ws/install/moveit_kinematics/lib/libmoveit_cached_ik_kinematics_plugin.so
[2.095s] -- Up-to-date: /home/manoj/ros2_ws/install/moveit_kinematics/lib/libmoveit_kdl_kinematics_plugin.so
[2.097s] -- Up-to-date: /home/manoj/ros2_ws/install/moveit_kinematics/lib/libmoveit_lma_kinematics_plugin.so.2.5.9
[2.098s] -- Up-to-date: /home/manoj/ros2_ws/install/moveit_kinematics/lib/libmoveit_lma_kinematics_plugin.so
[2.100s] -- Up-to-date: /home/manoj/ros2_ws/install/moveit_kinematics/lib/libmoveit_srv_kinematics_plugin.so.2.5.9
[2.100s] -- Up-to-date: /home/manoj/ros2_ws/install/moveit_kinematics/lib/libmoveit_srv_kinematics_plugin.so
[2.100s] -- Up-to-date: /home/manoj/ros2_ws/install/moveit_kinematics/share/moveit_kinematics/cmake/export_moveit_kinematicsExport.cmake
[2.100s] -- Up-to-date: /home/manoj/ros2_ws/install/moveit_kinematics/share/moveit_kinematics/cmake/export_moveit_kinematicsExport-release.cmake
[2.115s] Invoked command in '/home/manoj/ros2_ws/build/moveit_kinematics' returned '0': AMENT_PREFIX_PATH=/home/manoj/ros2_ws/install/moveit_ros_planning:/home/manoj/ros2_ws/install/moveit_ros_occupancy_map_monitor:/home/manoj/ros2_ws/install/moveit_core:/home/manoj/ros2_ws/install/moveit_resources_panda_moveit_config:/home/manoj/ros2_ws/install/moveit_resources_fanuc_moveit_config:/home/manoj/ros2_ws/install/moveit_resources_pr2_description:/home/manoj/ros2_ws/install/moveit_resources_panda_description:/home/manoj/ros2_ws/install/moveit_resources_fanuc_description:/home/manoj/ros2_ws/install/moveit_configs_utils:/home/manoj/ros2_ws/install/moveit_common:${AMENT_PREFIX_PATH} CMAKE_PREFIX_PATH=/home/manoj/ros2_ws/install/moveit_ros_planning:/home/manoj/ros2_ws/install/moveit_ros_occupancy_map_monitor:/home/manoj/ros2_ws/install/moveit_core:/home/manoj/ros2_ws/install/moveit_resources_panda_moveit_config:/home/manoj/ros2_ws/install/moveit_resources_fanuc_moveit_config:/home/manoj/ros2_ws/install/moveit_resources_pr2_description:/home/manoj/ros2_ws/install/moveit_resources_panda_description:/home/manoj/ros2_ws/install/moveit_resources_fanuc_description:/home/manoj/ros2_ws/install/moveit_common:/opt/ros/humble LD_LIBRARY_PATH=/home/manoj/ros2_ws/install/moveit_ros_planning/lib:/home/manoj/ros2_ws/install/moveit_ros_occupancy_map_monitor/lib:/home/manoj/ros2_ws/install/moveit_core/lib:${LD_LIBRARY_PATH} PATH=/home/manoj/ros2_ws/install/moveit_core/bin:${PATH} PYTHONPATH=/home/manoj/ros2_ws/install/moveit_configs_utils/lib/python3.10/site-packages:${PYTHONPATH} /usr/bin/cmake --install /home/manoj/ros2_ws/build/moveit_kinematics
