[0.037s] Invoking command in '/home/manoj/ros2_ws/build/moveit_common': CMAKE_PREFIX_PATH=${CMAKE_PREFIX_PATH}:/opt/ros/humble /usr/bin/cmake /home/manoj/ros2_ws/src/moveit2/moveit_common -DCMAKE_INSTALL_PREFIX=/home/manoj/ros2_ws/install/moveit_common
[0.555s] -- Found ament_cmake: 1.3.11 (/opt/ros/humble/share/ament_cmake/cmake)
[0.555s] -- Found Python3: /usr/bin/python3 (found version "3.10.12") found components: Interpreter 
[0.570s] -- Configuring done
[0.579s] -- Generating done
[0.579s] -- Build files have been written to: /home/manoj/ros2_ws/build/moveit_common
[0.585s] Invoked command in '/home/manoj/ros2_ws/build/moveit_common' returned '0': CMAKE_PREFIX_PATH=${CMAKE_PREFIX_PATH}:/opt/ros/humble /usr/bin/cmake /home/manoj/ros2_ws/src/moveit2/moveit_common -DCMAKE_INSTALL_PREFIX=/home/manoj/ros2_ws/install/moveit_common
[0.591s] Invoking command in '/home/manoj/ros2_ws/build/moveit_common': CMAKE_PREFIX_PATH=${CMAKE_PREFIX_PATH}:/opt/ros/humble /usr/bin/cmake --build /home/manoj/ros2_ws/build/moveit_common -- -j12 -l12
[0.714s] Invoked command in '/home/manoj/ros2_ws/build/moveit_common' returned '0': CMAKE_PREFIX_PATH=${CMAKE_PREFIX_PATH}:/opt/ros/humble /usr/bin/cmake --build /home/manoj/ros2_ws/build/moveit_common -- -j12 -l12
[0.715s] Invoking command in '/home/manoj/ros2_ws/build/moveit_common': CMAKE_PREFIX_PATH=${CMAKE_PREFIX_PATH}:/opt/ros/humble /usr/bin/cmake --install /home/manoj/ros2_ws/build/moveit_common
[0.790s] -- Install configuration: ""
[0.790s] -- Installing: /home/manoj/ros2_ws/install/moveit_common/share/ament_index/resource_index/package_run_dependencies/moveit_common
[0.791s] -- Installing: /home/manoj/ros2_ws/install/moveit_common/share/ament_index/resource_index/parent_prefix_path/moveit_common
[0.792s] -- Installing: /home/manoj/ros2_ws/install/moveit_common/share/moveit_common/environment/ament_prefix_path.sh
[0.792s] -- Installing: /home/manoj/ros2_ws/install/moveit_common/share/moveit_common/environment/ament_prefix_path.dsv
[0.792s] -- Installing: /home/manoj/ros2_ws/install/moveit_common/share/moveit_common/environment/path.sh
[0.792s] -- Installing: /home/manoj/ros2_ws/install/moveit_common/share/moveit_common/environment/path.dsv
[0.793s] -- Installing: /home/manoj/ros2_ws/install/moveit_common/share/moveit_common/local_setup.bash
[0.793s] -- Installing: /home/manoj/ros2_ws/install/moveit_common/share/moveit_common/local_setup.sh
[0.793s] -- Installing: /home/manoj/ros2_ws/install/moveit_common/share/moveit_common/local_setup.zsh
[0.798s] -- Installing: /home/manoj/ros2_ws/install/moveit_common/share/moveit_common/local_setup.dsv
[0.798s] -- Installing: /home/manoj/ros2_ws/install/moveit_common/share/moveit_common/package.dsv
[0.798s] -- Installing: /home/manoj/ros2_ws/install/moveit_common/share/ament_index/resource_index/packages/moveit_common
[0.798s] -- Installing: /home/manoj/ros2_ws/install/moveit_common/share/moveit_common/cmake/moveit_common-extras.cmake
[0.798s] -- Installing: /home/manoj/ros2_ws/install/moveit_common/share/moveit_common/cmake/moveit_commonConfig.cmake
[0.798s] -- Installing: /home/manoj/ros2_ws/install/moveit_common/share/moveit_common/cmake/moveit_commonConfig-version.cmake
[0.798s] -- Installing: /home/manoj/ros2_ws/install/moveit_common/share/moveit_common/package.xml
[0.799s] -- Up-to-date: /home/manoj/ros2_ws/install/moveit_common/share/moveit_common/cmake
[0.799s] -- Installing: /home/manoj/ros2_ws/install/moveit_common/share/moveit_common/cmake/moveit_package.cmake
[0.800s] Invoked command in '/home/manoj/ros2_ws/build/moveit_common' returned '0': CMAKE_PREFIX_PATH=${CMAKE_PREFIX_PATH}:/opt/ros/humble /usr/bin/cmake --install /home/manoj/ros2_ws/build/moveit_common
