[0.066s] Invoking command in '/home/manoj/ros2_ws/build/moveit_resources_panda_moveit_config': AMENT_PREFIX_PATH=/home/manoj/ros2_ws/install/moveit_resources_panda_description:${AMENT_PREFIX_PATH} CMAKE_PREFIX_PATH=/home/manoj/ros2_ws/install/moveit_resources_panda_description:/home/manoj/ros2_ws/install/ur_description:/home/manoj/ros2_ws/install/my_mobile_manipulator_description:/opt/ros/humble /usr/bin/cmake /home/manoj/ros2_ws/src/moveit_resources/panda_moveit_config -DCMAKE_INSTALL_PREFIX=/home/manoj/ros2_ws/install/moveit_resources_panda_moveit_config
[0.183s] -- The C compiler identification is GNU 11.4.0
[0.316s] -- The CXX compiler identification is GNU 11.4.0
[0.333s] -- Detecting C compiler ABI info
[0.460s] -- Detecting C compiler ABI info - done
[0.486s] -- Check for working C compiler: /usr/bin/cc - skipped
[0.487s] -- Detecting C compile features
[0.488s] -- Detecting C compile features - done
[0.495s] -- Detecting CXX compiler ABI info
[0.649s] -- Detecting CXX compiler ABI info - done
[0.663s] -- Check for working CXX compiler: /usr/bin/c++ - skipped
[0.664s] -- Detecting CXX compile features
[0.664s] -- Detecting CXX compile features - done
[0.670s] -- Found ament_cmake: 1.3.11 (/opt/ros/humble/share/ament_cmake/cmake)
[0.956s] -- Found Python3: /usr/bin/python3 (found version "3.10.12") found components: Interpreter 
[1.246s] -- Configuring done
[1.249s] -- Generating done
[1.251s] -- Build files have been written to: /home/manoj/ros2_ws/build/moveit_resources_panda_moveit_config
[1.263s] Invoked command in '/home/manoj/ros2_ws/build/moveit_resources_panda_moveit_config' returned '0': AMENT_PREFIX_PATH=/home/manoj/ros2_ws/install/moveit_resources_panda_description:${AMENT_PREFIX_PATH} CMAKE_PREFIX_PATH=/home/manoj/ros2_ws/install/moveit_resources_panda_description:/home/manoj/ros2_ws/install/ur_description:/home/manoj/ros2_ws/install/my_mobile_manipulator_description:/opt/ros/humble /usr/bin/cmake /home/manoj/ros2_ws/src/moveit_resources/panda_moveit_config -DCMAKE_INSTALL_PREFIX=/home/manoj/ros2_ws/install/moveit_resources_panda_moveit_config
[1.264s] Invoking command in '/home/manoj/ros2_ws/build/moveit_resources_panda_moveit_config': AMENT_PREFIX_PATH=/home/manoj/ros2_ws/install/moveit_resources_panda_description:${AMENT_PREFIX_PATH} CMAKE_PREFIX_PATH=/home/manoj/ros2_ws/install/moveit_resources_panda_description:/home/manoj/ros2_ws/install/ur_description:/home/manoj/ros2_ws/install/my_mobile_manipulator_description:/opt/ros/humble /usr/bin/cmake --build /home/manoj/ros2_ws/build/moveit_resources_panda_moveit_config -- -j12 -l12
[1.351s] Invoked command in '/home/manoj/ros2_ws/build/moveit_resources_panda_moveit_config' returned '0': AMENT_PREFIX_PATH=/home/manoj/ros2_ws/install/moveit_resources_panda_description:${AMENT_PREFIX_PATH} CMAKE_PREFIX_PATH=/home/manoj/ros2_ws/install/moveit_resources_panda_description:/home/manoj/ros2_ws/install/ur_description:/home/manoj/ros2_ws/install/my_mobile_manipulator_description:/opt/ros/humble /usr/bin/cmake --build /home/manoj/ros2_ws/build/moveit_resources_panda_moveit_config -- -j12 -l12
[1.352s] Invoking command in '/home/manoj/ros2_ws/build/moveit_resources_panda_moveit_config': AMENT_PREFIX_PATH=/home/manoj/ros2_ws/install/moveit_resources_panda_description:${AMENT_PREFIX_PATH} CMAKE_PREFIX_PATH=/home/manoj/ros2_ws/install/moveit_resources_panda_description:/home/manoj/ros2_ws/install/ur_description:/home/manoj/ros2_ws/install/my_mobile_manipulator_description:/opt/ros/humble /usr/bin/cmake --install /home/manoj/ros2_ws/build/moveit_resources_panda_moveit_config
[1.361s] -- Install configuration: ""
[1.361s] -- Installing: /home/manoj/ros2_ws/install/moveit_resources_panda_moveit_config/share/ament_index/resource_index/package_run_dependencies/moveit_resources_panda_moveit_config
[1.361s] -- Installing: /home/manoj/ros2_ws/install/moveit_resources_panda_moveit_config/share/ament_index/resource_index/parent_prefix_path/moveit_resources_panda_moveit_config
[1.362s] -- Installing: /home/manoj/ros2_ws/install/moveit_resources_panda_moveit_config/share/moveit_resources_panda_moveit_config/environment/ament_prefix_path.sh
[1.362s] -- Installing: /home/manoj/ros2_ws/install/moveit_resources_panda_moveit_config/share/moveit_resources_panda_moveit_config/environment/ament_prefix_path.dsv
[1.362s] -- Installing: /home/manoj/ros2_ws/install/moveit_resources_panda_moveit_config/share/moveit_resources_panda_moveit_config/environment/path.sh
[1.363s] -- Installing: /home/manoj/ros2_ws/install/moveit_resources_panda_moveit_config/share/moveit_resources_panda_moveit_config/environment/path.dsv
[1.363s] -- Installing: /home/manoj/ros2_ws/install/moveit_resources_panda_moveit_config/share/moveit_resources_panda_moveit_config/local_setup.bash
[1.363s] -- Installing: /home/manoj/ros2_ws/install/moveit_resources_panda_moveit_config/share/moveit_resources_panda_moveit_config/local_setup.sh
[1.364s] -- Installing: /home/manoj/ros2_ws/install/moveit_resources_panda_moveit_config/share/moveit_resources_panda_moveit_config/local_setup.zsh
[1.364s] -- Installing: /home/manoj/ros2_ws/install/moveit_resources_panda_moveit_config/share/moveit_resources_panda_moveit_config/local_setup.dsv
[1.364s] -- Installing: /home/manoj/ros2_ws/install/moveit_resources_panda_moveit_config/share/moveit_resources_panda_moveit_config/package.dsv
[1.364s] -- Installing: /home/manoj/ros2_ws/install/moveit_resources_panda_moveit_config/share/ament_index/resource_index/packages/moveit_resources_panda_moveit_config
[1.365s] -- Installing: /home/manoj/ros2_ws/install/moveit_resources_panda_moveit_config/share/moveit_resources_panda_moveit_config/cmake/moveit_resources_panda_moveit_configConfig.cmake
[1.365s] -- Installing: /home/manoj/ros2_ws/install/moveit_resources_panda_moveit_config/share/moveit_resources_panda_moveit_config/cmake/moveit_resources_panda_moveit_configConfig-version.cmake
[1.365s] -- Installing: /home/manoj/ros2_ws/install/moveit_resources_panda_moveit_config/share/moveit_resources_panda_moveit_config/package.xml
[1.366s] -- Installing: /home/manoj/ros2_ws/install/moveit_resources_panda_moveit_config/share/moveit_resources_panda_moveit_config/launch
[1.366s] -- Installing: /home/manoj/ros2_ws/install/moveit_resources_panda_moveit_config/share/moveit_resources_panda_moveit_config/launch/demo.launch.py
[1.366s] -- Installing: /home/manoj/ros2_ws/install/moveit_resources_panda_moveit_config/share/moveit_resources_panda_moveit_config/launch/moveit.rviz
[1.366s] -- Installing: /home/manoj/ros2_ws/install/moveit_resources_panda_moveit_config/share/moveit_resources_panda_moveit_config/launch/moveit_rviz.launch.py
[1.366s] -- Installing: /home/manoj/ros2_ws/install/moveit_resources_panda_moveit_config/share/moveit_resources_panda_moveit_config/launch/moveit_empty.rviz
[1.367s] -- Installing: /home/manoj/ros2_ws/install/moveit_resources_panda_moveit_config/share/moveit_resources_panda_moveit_config/config
[1.367s] -- Installing: /home/manoj/ros2_ws/install/moveit_resources_panda_moveit_config/share/moveit_resources_panda_moveit_config/config/panda.urdf.xacro
[1.367s] -- Installing: /home/manoj/ros2_ws/install/moveit_resources_panda_moveit_config/share/moveit_resources_panda_moveit_config/config/panda_arm_hand.srdf.xacro
[1.367s] -- Installing: /home/manoj/ros2_ws/install/moveit_resources_panda_moveit_config/share/moveit_resources_panda_moveit_config/config/initial_positions.yaml
[1.367s] -- Installing: /home/manoj/ros2_ws/install/moveit_resources_panda_moveit_config/share/moveit_resources_panda_moveit_config/config/sensors_kinect_depthmap.yaml
[1.368s] -- Installing: /home/manoj/ros2_ws/install/moveit_resources_panda_moveit_config/share/moveit_resources_panda_moveit_config/config/bio_ik_kinematics.yaml
[1.368s] -- Installing: /home/manoj/ros2_ws/install/moveit_resources_panda_moveit_config/share/moveit_resources_panda_moveit_config/config/stomp_planning.yaml
[1.368s] -- Installing: /home/manoj/ros2_ws/install/moveit_resources_panda_moveit_config/share/moveit_resources_panda_moveit_config/config/panda.ros2_control.xacro
[1.369s] -- Installing: /home/manoj/ros2_ws/install/moveit_resources_panda_moveit_config/share/moveit_resources_panda_moveit_config/config/ros2_controllers.yaml
[1.369s] -- Installing: /home/manoj/ros2_ws/install/moveit_resources_panda_moveit_config/share/moveit_resources_panda_moveit_config/config/panda.srdf
[1.370s] -- Installing: /home/manoj/ros2_ws/install/moveit_resources_panda_moveit_config/share/moveit_resources_panda_moveit_config/config/hand.xacro
[1.370s] -- Installing: /home/manoj/ros2_ws/install/moveit_resources_panda_moveit_config/share/moveit_resources_panda_moveit_config/config/hard_joint_limits.yaml
[1.370s] -- Installing: /home/manoj/ros2_ws/install/moveit_resources_panda_moveit_config/share/moveit_resources_panda_moveit_config/config/panda_arm.xacro
[1.371s] -- Installing: /home/manoj/ros2_ws/install/moveit_resources_panda_moveit_config/share/moveit_resources_panda_moveit_config/config/kinematics.yaml
[1.371s] -- Installing: /home/manoj/ros2_ws/install/moveit_resources_panda_moveit_config/share/moveit_resources_panda_moveit_config/config/chomp_planning.yaml
[1.371s] -- Installing: /home/manoj/ros2_ws/install/moveit_resources_panda_moveit_config/share/moveit_resources_panda_moveit_config/config/moveit_controllers.yaml
[1.371s] -- Installing: /home/manoj/ros2_ws/install/moveit_resources_panda_moveit_config/share/moveit_resources_panda_moveit_config/config/panda_hand.ros2_control.xacro
[1.372s] -- Installing: /home/manoj/ros2_ws/install/moveit_resources_panda_moveit_config/share/moveit_resources_panda_moveit_config/config/joint_limits.yaml
[1.372s] -- Installing: /home/manoj/ros2_ws/install/moveit_resources_panda_moveit_config/share/moveit_resources_panda_moveit_config/config/ompl_planning.yaml
[1.372s] -- Installing: /home/manoj/ros2_ws/install/moveit_resources_panda_moveit_config/share/moveit_resources_panda_moveit_config/config/pilz_industrial_motion_planner_planning.yaml
[1.372s] -- Installing: /home/manoj/ros2_ws/install/moveit_resources_panda_moveit_config/share/moveit_resources_panda_moveit_config/config/gripper_moveit_controllers.yaml
[1.372s] -- Installing: /home/manoj/ros2_ws/install/moveit_resources_panda_moveit_config/share/moveit_resources_panda_moveit_config/config/panda_arm.srdf.xacro
[1.372s] -- Installing: /home/manoj/ros2_ws/install/moveit_resources_panda_moveit_config/share/moveit_resources_panda_moveit_config/config/sensors_kinect_pointcloud.yaml
[1.372s] -- Installing: /home/manoj/ros2_ws/install/moveit_resources_panda_moveit_config/share/moveit_resources_panda_moveit_config/config/pilz_cartesian_limits.yaml
[1.372s] -- Installing: /home/manoj/ros2_ws/install/moveit_resources_panda_moveit_config/share/moveit_resources_panda_moveit_config/config/trac_ik_kinematics.yaml
[1.373s] -- Installing: /home/manoj/ros2_ws/install/moveit_resources_panda_moveit_config/share/moveit_resources_panda_moveit_config/.setup_assistant
[1.376s] Invoked command in '/home/manoj/ros2_ws/build/moveit_resources_panda_moveit_config' returned '0': AMENT_PREFIX_PATH=/home/manoj/ros2_ws/install/moveit_resources_panda_description:${AMENT_PREFIX_PATH} CMAKE_PREFIX_PATH=/home/manoj/ros2_ws/install/moveit_resources_panda_description:/home/manoj/ros2_ws/install/ur_description:/home/manoj/ros2_ws/install/my_mobile_manipulator_description:/opt/ros/humble /usr/bin/cmake --install /home/manoj/ros2_ws/build/moveit_resources_panda_moveit_config
