[0.012s] Invoking command in '/home/manoj/ros2_ws/build/moveit_core': AMENT_PREFIX_PATH=/home/manoj/ros2_ws/install/moveit_resources_panda_moveit_config:/home/manoj/ros2_ws/install/moveit_resources_pr2_description:/home/manoj/ros2_ws/install/moveit_resources_panda_description:/home/manoj/ros2_ws/install/moveit_common:${AMENT_PREFIX_PATH} CMAKE_PREFIX_PATH=/home/manoj/ros2_ws/install/moveit_resources_panda_moveit_config:/home/manoj/ros2_ws/install/moveit_resources_pr2_description:/home/manoj/ros2_ws/install/moveit_resources_panda_description:/home/manoj/ros2_ws/install/moveit_common:/opt/ros/humble /usr/bin/cmake /home/manoj/ros2_ws/src/moveit2/moveit_core -DCMAKE_INSTALL_PREFIX=/home/manoj/ros2_ws/install/moveit_core
[0.021s] -- Found moveit_common: 2.5.9 (/home/manoj/ros2_ws/install/moveit_common/share/moveit_common/cmake)
[0.021s] -- Found ament_cmake: 1.3.11 (/opt/ros/humble/share/ament_cmake/cmake)
[0.165s] -- Override CMake install command with custom implementation using symlinks instead of copying resources
[0.277s] -- Found angles: 1.15.0 (/opt/ros/humble/share/angles/cmake)
[0.301s] -- Found common_interfaces: 4.8.0 (/opt/ros/humble/share/common_interfaces/cmake)
[0.302s] -- Found eigen_stl_containers: 1.1.0 (/opt/ros/humble/share/eigen_stl_containers/cmake)
[0.305s] -- Found eigen3_cmake_module: 0.1.1 (/opt/ros/humble/share/eigen3_cmake_module/cmake)
[0.310s] -- Found generate_parameter_library: 0.4.0 (/opt/ros/humble/share/generate_parameter_library/cmake)
[0.312s] -- Found parameter_traits: 0.4.0 (/opt/ros/humble/share/parameter_traits/cmake)
[0.349s] -- Found rosidl_generator_c: 3.1.6 (/opt/ros/humble/share/rosidl_generator_c/cmake)
[0.350s] -- Found rosidl_adapter: 3.1.6 (/opt/ros/humble/share/rosidl_adapter/cmake)
[0.351s] -- Found rosidl_generator_cpp: 3.1.6 (/opt/ros/humble/share/rosidl_generator_cpp/cmake)
[0.358s] -- Using all available rosidl_typesupport_c: rosidl_typesupport_fastrtps_c;rosidl_typesupport_introspection_c
[0.367s] -- Using all available rosidl_typesupport_cpp: rosidl_typesupport_fastrtps_cpp;rosidl_typesupport_introspection_cpp
[0.402s] -- Found rmw_implementation_cmake: 6.1.2 (/opt/ros/humble/share/rmw_implementation_cmake/cmake)
[0.403s] -- Found rmw_fastrtps_cpp: 6.2.7 (/opt/ros/humble/share/rmw_fastrtps_cpp/cmake)
[0.507s] -- Using RMW implementation 'rmw_fastrtps_cpp' as default
[0.574s] -- Found rclcpp_lifecycle: 16.0.12 (/opt/ros/humble/share/rclcpp_lifecycle/cmake)
[0.589s] -- Found geometric_shapes: 2.3.2 (/opt/ros/humble/share/geometric_shapes/cmake)
[0.596s] -- Found Boost: /usr/lib/x86_64-linux-gnu/cmake/Boost-1.74.0/BoostConfig.cmake (found version "1.74.0") found components: filesystem 
[0.644s] -- library: /usr/lib/x86_64-linux-gnu/libcurl.so
[0.692s] -- Found kdl_parser: 2.6.4 (/opt/ros/humble/share/kdl_parser/cmake)
[0.696s] -- Ensuring Eigen3 include directory is part of orocos-kdl CMake target
[0.697s] -- Found moveit_msgs: 2.2.1 (/opt/ros/humble/share/moveit_msgs/cmake)
[0.773s] -- Found pluginlib: 5.1.0 (/opt/ros/humble/share/pluginlib/cmake)
[0.789s] -- Found srdfdom: 2.0.7 (/opt/ros/humble/share/srdfdom/cmake)
[0.794s] -- Found tf2_eigen: 0.25.12 (/opt/ros/humble/share/tf2_eigen/cmake)
[0.852s] -- Found tf2_geometry_msgs: 0.25.12 (/opt/ros/humble/share/tf2_geometry_msgs/cmake)
[0.855s] -- Found tf2_kdl: 0.25.12 (/opt/ros/humble/share/tf2_kdl/cmake)
[0.869s] -- Found Boost: /usr/lib/x86_64-linux-gnu/cmake/Boost-1.74.0/BoostConfig.cmake (found version "1.74.0") found components: chrono date_time filesystem iostreams program_options regex serialization system thread 
[0.870s] --  *** Building MoveIt 2.5.9-Alpha ***
[0.875s] -- Found ament_cmake_gtest: 1.3.11 (/opt/ros/humble/share/ament_cmake_gtest/cmake)
[0.875s] -- Found gtest sources under '/opt/ros/humble/src/gtest_vendor': C++ tests using 'Google Test' will be built
[0.885s] -- Found ament_cmake_gmock: 1.3.11 (/opt/ros/humble/share/ament_cmake_gmock/cmake)
[0.888s] -- Found gmock sources under '/opt/ros/humble/src/gmock_vendor': C++ tests using 'Google Mock' will be built
[0.891s] -- Found ament_cmake_gtest: 1.3.11 (/opt/ros/humble/share/ament_cmake_gtest/cmake)
[0.892s] -- Found gtest sources under '/opt/ros/humble/src/gtest_vendor': C++ tests using 'Google Test' will be built
[0.901s] -- Found ament_cmake_gtest: 1.3.11 (/opt/ros/humble/share/ament_cmake_gtest/cmake)
[0.901s] -- Found gtest sources under '/opt/ros/humble/src/gtest_vendor': C++ tests using 'Google Test' will be built
[0.920s] -- Found ament_cmake_gtest: 1.3.11 (/opt/ros/humble/share/ament_cmake_gtest/cmake)
[0.920s] -- Found gtest sources under '/opt/ros/humble/src/gtest_vendor': C++ tests using 'Google Test' will be built
[0.930s] -- Found ament_lint_auto: 0.12.12 (/opt/ros/humble/share/ament_lint_auto/cmake)
[0.931s] -- Found ament_cmake_gtest: 1.3.11 (/opt/ros/humble/share/ament_cmake_gtest/cmake)
[0.931s] -- Found gtest sources under '/opt/ros/humble/src/gtest_vendor': C++ tests using 'Google Test' will be built
[0.942s] -- Found ament_cmake_gtest: 1.3.11 (/opt/ros/humble/share/ament_cmake_gtest/cmake)
[0.943s] -- Found gtest sources under '/opt/ros/humble/src/gtest_vendor': C++ tests using 'Google Test' will be built
[0.951s] -- Found ament_cmake_gtest: 1.3.11 (/opt/ros/humble/share/ament_cmake_gtest/cmake)
[0.951s] -- Found gtest sources under '/opt/ros/humble/src/gtest_vendor': C++ tests using 'Google Test' will be built
[0.957s] -- Found ament_cmake_gtest: 1.3.11 (/opt/ros/humble/share/ament_cmake_gtest/cmake)
[0.958s] -- Found gmock sources under '/opt/ros/humble/src/gmock_vendor': C++ tests using 'Google Mock' will be built
[0.958s] -- Found gtest sources under '/opt/ros/humble/src/gtest_vendor': C++ tests using 'Google Test' will be built
[0.967s] -- Found gtest sources under '/opt/ros/humble/src/gtest_vendor': C++ tests using 'Google Test' will be built
[0.973s] -- Found gtest sources under '/opt/ros/humble/src/gtest_vendor': C++ tests using 'Google Test' will be built
[0.983s] -- Found ament_cmake_gtest: 1.3.11 (/opt/ros/humble/share/ament_cmake_gtest/cmake)
[0.983s] -- Found gtest sources under '/opt/ros/humble/src/gtest_vendor': C++ tests using 'Google Test' will be built
[1.003s] -- Found gtest sources under '/opt/ros/humble/src/gtest_vendor': C++ tests using 'Google Test' will be built
[1.016s] -- Found gtest sources under '/opt/ros/humble/src/gtest_vendor': C++ tests using 'Google Test' will be built
[1.026s] -- Found gtest sources under '/opt/ros/humble/src/gtest_vendor': C++ tests using 'Google Test' will be built
[1.031s] -- Found ament_lint_auto: 0.12.12 (/opt/ros/humble/share/ament_lint_auto/cmake)
[1.057s] -- Added test 'cppcheck' to perform static code analysis on C / C++ code
[1.058s] -- Configured cppcheck include dirs: /home/manoj/ros2_ws/src/moveit2/moveit_core/exceptions/include;/home/manoj/ros2_ws/src/moveit2/moveit_core/collision_detection/include;/home/manoj/ros2_ws/src/moveit2/moveit_core/collision_detection_fcl/include;/home/manoj/ros2_ws/src/moveit2/moveit_core/collision_detection_bullet/include;/home/manoj/ros2_ws/src/moveit2/moveit_core/constraint_samplers/include;/home/manoj/ros2_ws/src/moveit2/moveit_core/controller_manager/include;/home/manoj/ros2_ws/src/moveit2/moveit_core/distance_field/include;/home/manoj/ros2_ws/src/moveit2/moveit_core/collision_distance_field/include;/home/manoj/ros2_ws/src/moveit2/moveit_core/dynamics_solver/include;/home/manoj/ros2_ws/src/moveit2/moveit_core/kinematics_base/include;/home/manoj/ros2_ws/src/moveit2/moveit_core/kinematics_metrics/include;/home/manoj/ros2_ws/src/moveit2/moveit_core/robot_model/include;/home/manoj/ros2_ws/src/moveit2/moveit_core/transforms/include;/home/manoj/ros2_ws/src/moveit2/moveit_core/robot_state/include;/home/manoj/ros2_ws/src/moveit2/moveit_core/robot_trajectory/include;/home/manoj/ros2_ws/src/moveit2/moveit_core/kinematic_constraints/include;/home/manoj/ros2_ws/src/moveit2/moveit_core/macros/include;/home/manoj/ros2_ws/src/moveit2/moveit_core/online_signal_smoothing/include;/home/manoj/ros2_ws/src/moveit2/moveit_core/planning_interface/include;/home/manoj/ros2_ws/src/moveit2/moveit_core/planning_request_adapter/include;/home/manoj/ros2_ws/src/moveit2/moveit_core/planning_scene/include;/home/manoj/ros2_ws/src/moveit2/moveit_core/sensor_manager/include;/home/manoj/ros2_ws/src/moveit2/moveit_core/trajectory_processing/include;/home/manoj/ros2_ws/src/moveit2/moveit_core/utils/include
[1.058s] -- Configured cppcheck exclude dirs and/or files: 
[1.061s] -- Added test 'pep257' to check Python code against some of the docstring style conventions in PEP 257
[1.064s] -- Added test 'xmllint' to check XML markup files
[1.067s] -- Configuring done
[1.545s] -- Generating done
[1.691s] -- Build files have been written to: /home/manoj/ros2_ws/build/moveit_core
[1.727s] Invoked command in '/home/manoj/ros2_ws/build/moveit_core' returned '0': AMENT_PREFIX_PATH=/home/manoj/ros2_ws/install/moveit_resources_panda_moveit_config:/home/manoj/ros2_ws/install/moveit_resources_pr2_description:/home/manoj/ros2_ws/install/moveit_resources_panda_description:/home/manoj/ros2_ws/install/moveit_common:${AMENT_PREFIX_PATH} CMAKE_PREFIX_PATH=/home/manoj/ros2_ws/install/moveit_resources_panda_moveit_config:/home/manoj/ros2_ws/install/moveit_resources_pr2_description:/home/manoj/ros2_ws/install/moveit_resources_panda_description:/home/manoj/ros2_ws/install/moveit_common:/opt/ros/humble /usr/bin/cmake /home/manoj/ros2_ws/src/moveit2/moveit_core -DCMAKE_INSTALL_PREFIX=/home/manoj/ros2_ws/install/moveit_core
[1.727s] Invoking command in '/home/manoj/ros2_ws/build/moveit_core': AMENT_PREFIX_PATH=/home/manoj/ros2_ws/install/moveit_resources_panda_moveit_config:/home/manoj/ros2_ws/install/moveit_resources_pr2_description:/home/manoj/ros2_ws/install/moveit_resources_panda_description:/home/manoj/ros2_ws/install/moveit_common:${AMENT_PREFIX_PATH} CMAKE_PREFIX_PATH=/home/manoj/ros2_ws/install/moveit_resources_panda_moveit_config:/home/manoj/ros2_ws/install/moveit_resources_pr2_description:/home/manoj/ros2_ws/install/moveit_resources_panda_description:/home/manoj/ros2_ws/install/moveit_common:/opt/ros/humble /usr/bin/cmake --build /home/manoj/ros2_ws/build/moveit_core -- -j12 -l12
[1.773s] [35m[1mConsolidate compiler generated dependencies of target gtest_main[0m
[1.773s] [35m[1mConsolidate compiler generated dependencies of target gmock_main[0m
[1.773s] [35m[1mConsolidate compiler generated dependencies of target moveit_smoothing_base[0m
[1.773s] [35m[1mConsolidate compiler generated dependencies of target moveit_utils[0m
[1.773s] [35m[1mConsolidate compiler generated dependencies of target moveit_kinematics_base[0m
[1.773s] [35m[1mConsolidate compiler generated dependencies of target gmock[0m
[1.773s] [35m[1mConsolidate compiler generated dependencies of target moveit_transforms[0m
[1.775s] [35m[1mConsolidate compiler generated dependencies of target moveit_distance_field[0m
[1.775s] [35m[1mConsolidate compiler generated dependencies of target moveit_version[0m
[1.775s] [35m[1mConsolidate compiler generated dependencies of target gtest[0m
[1.777s] [35m[1mConsolidate compiler generated dependencies of target moveit_exceptions[0m
[1.796s] [  3%] Built target moveit_utils
[1.800s] [  4%] Built target gmock_main
[1.808s] [  5%] Built target moveit_smoothing_base
[1.808s] [  7%] Built target moveit_butterworth_parameters
[1.808s] [  8%] Built target gtest_main
[1.812s] [  9%] Built target moveit_version
[1.812s] [ 10%] Built target moveit_kinematics_base
[1.812s] [ 11%] Built target moveit_exceptions
[1.816s] [ 13%] Built target gmock
[1.816s] [ 14%] Built target gtest
[1.820s] [ 15%] Built target moveit_transforms
[1.820s] [ 18%] Built target moveit_distance_field
[1.833s] [35m[1mConsolidate compiler generated dependencies of target test_voxel_grid[0m
[1.834s] [35m[1mConsolidate compiler generated dependencies of target test_distance_field[0m
[1.838s] [35m[1mConsolidate compiler generated dependencies of target test_transforms[0m
[1.838s] [35m[1mConsolidate compiler generated dependencies of target moveit_robot_model[0m
[1.851s] [ 19%] Built target test_voxel_grid
[1.862s] [ 20%] Built target test_transforms
[1.871s] [ 21%] Built target test_distance_field
[1.874s] [ 27%] Built target moveit_robot_model
[1.888s] [35m[1mConsolidate compiler generated dependencies of target moveit_test_utils[0m
[1.890s] [35m[1mConsolidate compiler generated dependencies of target moveit_butterworth_filter[0m
[1.891s] [35m[1mConsolidate compiler generated dependencies of target moveit_robot_state[0m
[1.923s] [ 30%] Built target moveit_butterworth_filter
[1.923s] [ 30%] Built target moveit_test_utils
[1.934s] [ 33%] Built target moveit_robot_state
[1.936s] [35m[1mConsolidate compiler generated dependencies of target test_robot_model[0m
[1.951s] [35m[1mConsolidate compiler generated dependencies of target moveit_kinematics_metrics[0m
[1.951s] [35m[1mConsolidate compiler generated dependencies of target test_robot_state[0m
[1.952s] [35m[1mConsolidate compiler generated dependencies of target test_butterworth_filter[0m
[1.954s] [35m[1mConsolidate compiler generated dependencies of target moveit_robot_trajectory[0m
[1.955s] [35m[1mConsolidate compiler generated dependencies of target moveit_dynamics_solver[0m
[1.957s] [35m[1mConsolidate compiler generated dependencies of target test_robot_state_benchmark[0m
[1.961s] [35m[1mConsolidate compiler generated dependencies of target test_robot_state_complex[0m
[1.963s] [35m[1mConsolidate compiler generated dependencies of target test_aabb[0m
[1.965s] [35m[1mConsolidate compiler generated dependencies of target moveit_collision_detection[0m
[1.969s] [35m[1mConsolidate compiler generated dependencies of target test_cartesian_interpolator[0m
[1.971s] [ 34%] Built target test_robot_model
[1.981s] [ 35%] Built target moveit_kinematics_metrics
[1.981s] [ 36%] Built target moveit_dynamics_solver
[1.985s] [ 39%] Built target test_butterworth_filter
[1.989s] [ 39%] Built target test_robot_state
[1.992s] [ 40%] Built target test_robot_state_benchmark
[1.992s] [ 41%] Built target moveit_robot_trajectory
[1.995s] [ 42%] Built target test_aabb
[1.999s] [ 43%] Built target test_robot_state_complex
[2.009s] [ 44%] Built target test_cartesian_interpolator
[2.010s] [35m[1mConsolidate compiler generated dependencies of target moveit_planning_interface[0m
[2.011s] [35m[1mConsolidate compiler generated dependencies of target test_robot_trajectory[0m
[2.012s] [35m[1mConsolidate compiler generated dependencies of target moveit_trajectory_processing[0m
[2.029s] [ 49%] Built target moveit_collision_detection
[2.040s] [ 50%] Built target test_robot_trajectory
[2.047s] [ 52%] Built target moveit_planning_interface
[2.051s] [35m[1mConsolidate compiler generated dependencies of target test_world[0m
[2.057s] [35m[1mConsolidate compiler generated dependencies of target test_world_diff[0m
[2.057s] [35m[1mConsolidate compiler generated dependencies of target moveit_collision_detection_fcl[0m
[2.057s] [35m[1mConsolidate compiler generated dependencies of target test_all_valid[0m
[2.059s] [ 55%] Built target moveit_trajectory_processing
[2.064s] [35m[1mConsolidate compiler generated dependencies of target moveit_collision_detection_bullet[0m
[2.079s] [35m[1mConsolidate compiler generated dependencies of target test_time_optimal_trajectory_generation[0m
[2.080s] [ 57%] Built target test_world_diff
[2.084s] [35m[1mConsolidate compiler generated dependencies of target test_time_parameterization[0m
[2.089s] [ 58%] Built target test_world
[2.093s] [35m[1mConsolidate compiler generated dependencies of target test_ruckig_traj_smoothing[0m
[2.113s] [ 59%] Built target test_all_valid
[2.125s] [ 61%] Built target moveit_collision_detection_fcl
[2.129s] [ 63%] Built target test_time_optimal_trajectory_generation
[2.138s] [ 66%] Built target test_time_parameterization
[2.138s] [ 69%] Built target moveit_collision_detection_bullet
[2.141s] [ 70%] Built target test_ruckig_traj_smoothing
[2.151s] [35m[1mConsolidate compiler generated dependencies of target test_fcl_collision_env[0m
[2.151s] [35m[1mConsolidate compiler generated dependencies of target moveit_kinematic_constraints[0m
[2.151s] [35m[1mConsolidate compiler generated dependencies of target test_fcl_collision_detection[0m
[2.155s] [35m[1mConsolidate compiler generated dependencies of target test_bullet_collision_detection[0m
[2.155s] [35m[1mConsolidate compiler generated dependencies of target test_bullet_collision_detection_panda[0m
[2.155s] [35m[1mConsolidate compiler generated dependencies of target test_fcl_collision_detection_panda[0m
[2.160s] [35m[1mConsolidate compiler generated dependencies of target test_bullet_continuous_collision_checking[0m
[2.187s] [ 71%] Built target test_fcl_collision_detection
[2.193s] [ 75%] Built target test_bullet_collision_detection_panda
[2.193s] [ 75%] Built target moveit_kinematic_constraints
[2.199s] [ 76%] Built target test_fcl_collision_env
[2.200s] [ 78%] Built target test_fcl_collision_detection_panda
[2.204s] [ 79%] Built target test_bullet_continuous_collision_checking
[2.205s] [ 80%] Built target test_bullet_collision_detection
[2.206s] [35m[1mConsolidate compiler generated dependencies of target moveit_planning_scene[0m
[2.212s] [35m[1mConsolidate compiler generated dependencies of target test_constraints[0m
[2.217s] [35m[1mConsolidate compiler generated dependencies of target test_orientation_constraints[0m
[2.240s] [ 82%] Built target moveit_planning_scene
[2.248s] [ 83%] Built target test_orientation_constraints
[2.248s] [ 84%] Built target test_constraints
[2.261s] [35m[1mConsolidate compiler generated dependencies of target test_planning_scene[0m
[2.262s] [35m[1mConsolidate compiler generated dependencies of target test_collision_objects[0m
[2.262s] [35m[1mConsolidate compiler generated dependencies of target moveit_planning_request_adapter[0m
[2.266s] [35m[1mConsolidate compiler generated dependencies of target moveit_constraint_samplers[0m
[2.267s] [35m[1mConsolidate compiler generated dependencies of target collision_detector_bullet_plugin[0m
[2.268s] [35m[1mConsolidate compiler generated dependencies of target moveit_collision_distance_field[0m
[2.275s] [35m[1mConsolidate compiler generated dependencies of target test_multi_threaded[0m
[2.277s] [35m[1mConsolidate compiler generated dependencies of target collision_detector_fcl_plugin[0m
[2.294s] [ 86%] Built target moveit_planning_request_adapter
[2.294s] [ 86%] Built target test_planning_scene
[2.294s] [ 87%] Built target collision_detector_bullet_plugin
[2.294s] [ 88%] Built target test_collision_objects
[2.307s] [ 89%] Built target collision_detector_fcl_plugin
[2.311s] [ 90%] Built target test_multi_threaded
[2.314s] [ 93%] Built target moveit_constraint_samplers
[2.323s] [ 96%] Built target moveit_collision_distance_field
[2.331s] [35m[1mConsolidate compiler generated dependencies of target test_constraint_samplers[0m
[2.341s] [35m[1mConsolidate compiler generated dependencies of target test_collision_distance_field[0m
[2.366s] [ 97%] Built target test_collision_distance_field
[2.367s] [100%] Built target test_constraint_samplers
[2.379s] Invoked command in '/home/manoj/ros2_ws/build/moveit_core' returned '0': AMENT_PREFIX_PATH=/home/manoj/ros2_ws/install/moveit_resources_panda_moveit_config:/home/manoj/ros2_ws/install/moveit_resources_pr2_description:/home/manoj/ros2_ws/install/moveit_resources_panda_description:/home/manoj/ros2_ws/install/moveit_common:${AMENT_PREFIX_PATH} CMAKE_PREFIX_PATH=/home/manoj/ros2_ws/install/moveit_resources_panda_moveit_config:/home/manoj/ros2_ws/install/moveit_resources_pr2_description:/home/manoj/ros2_ws/install/moveit_resources_panda_description:/home/manoj/ros2_ws/install/moveit_common:/opt/ros/humble /usr/bin/cmake --build /home/manoj/ros2_ws/build/moveit_core -- -j12 -l12
[2.381s] Invoking command in '/home/manoj/ros2_ws/build/moveit_core': AMENT_PREFIX_PATH=/home/manoj/ros2_ws/install/moveit_resources_panda_moveit_config:/home/manoj/ros2_ws/install/moveit_resources_pr2_description:/home/manoj/ros2_ws/install/moveit_resources_panda_description:/home/manoj/ros2_ws/install/moveit_common:${AMENT_PREFIX_PATH} CMAKE_PREFIX_PATH=/home/manoj/ros2_ws/install/moveit_resources_panda_moveit_config:/home/manoj/ros2_ws/install/moveit_resources_pr2_description:/home/manoj/ros2_ws/install/moveit_resources_panda_description:/home/manoj/ros2_ws/install/moveit_common:/opt/ros/humble /usr/bin/cmake --install /home/manoj/ros2_ws/build/moveit_core
[2.390s] -- Install configuration: "Release"
[2.391s] -- Execute custom install script
[2.391s] -- Up-to-date symlink: /home/manoj/ros2_ws/install/moveit_core/include/moveit/version.h
[2.392s] -- Up-to-date symlink: /home/manoj/ros2_ws/install/moveit_core/include/moveit/collision_distance_field/collision_common_distance_field.h
[2.392s] -- Up-to-date symlink: /home/manoj/ros2_ws/install/moveit_core/include/moveit/collision_distance_field/collision_detector_allocator_distance_field.h
[2.392s] -- Up-to-date symlink: /home/manoj/ros2_ws/install/moveit_core/include/moveit/collision_distance_field/collision_detector_allocator_hybrid.h
[2.392s] -- Up-to-date symlink: /home/manoj/ros2_ws/install/moveit_core/include/moveit/collision_distance_field/collision_distance_field_types.h
[2.392s] -- Up-to-date symlink: /home/manoj/ros2_ws/install/moveit_core/include/moveit/collision_distance_field/collision_env_distance_field.h
[2.393s] -- Up-to-date symlink: /home/manoj/ros2_ws/install/moveit_core/include/moveit/collision_distance_field/collision_env_hybrid.h
[2.393s] -- Up-to-date symlink: /home/manoj/ros2_ws/install/moveit_core/include/moveit_collision_distance_field_export.h
[2.393s] -- Up-to-date symlink: /home/manoj/ros2_ws/install/moveit_core/include/moveit/constraint_samplers/constraint_sampler.h
[2.393s] -- Up-to-date symlink: /home/manoj/ros2_ws/install/moveit_core/include/moveit/constraint_samplers/constraint_sampler_allocator.h
[2.393s] -- Up-to-date symlink: /home/manoj/ros2_ws/install/moveit_core/include/moveit/constraint_samplers/constraint_sampler_manager.h
[2.393s] -- Up-to-date symlink: /home/manoj/ros2_ws/install/moveit_core/include/moveit/constraint_samplers/constraint_sampler_tools.h
[2.394s] -- Up-to-date symlink: /home/manoj/ros2_ws/install/moveit_core/include/moveit/constraint_samplers/default_constraint_samplers.h
[2.394s] -- Up-to-date symlink: /home/manoj/ros2_ws/install/moveit_core/include/moveit/constraint_samplers/union_constraint_sampler.h
[2.394s] -- Up-to-date symlink: /home/manoj/ros2_ws/install/moveit_core/include/moveit/controller_manager/controller_manager.h
[2.394s] -- Up-to-date symlink: /home/manoj/ros2_ws/install/moveit_core/include/moveit/distance_field/distance_field.h
[2.394s] -- Up-to-date symlink: /home/manoj/ros2_ws/install/moveit_core/include/moveit/distance_field/find_internal_points.h
[2.394s] -- Up-to-date symlink: /home/manoj/ros2_ws/install/moveit_core/include/moveit/distance_field/propagation_distance_field.h
[2.394s] -- Up-to-date symlink: /home/manoj/ros2_ws/install/moveit_core/include/moveit/distance_field/voxel_grid.h
[2.395s] -- Up-to-date symlink: /home/manoj/ros2_ws/install/moveit_core/include/moveit/dynamics_solver/dynamics_solver.h
[2.395s] -- Up-to-date symlink: /home/manoj/ros2_ws/install/moveit_core/include/moveit/exceptions/exceptions.h
[2.397s] -- Up-to-date symlink: /home/manoj/ros2_ws/install/moveit_core/include/moveit/kinematics_base/kinematics_base.h
[2.397s] -- Up-to-date symlink: /home/manoj/ros2_ws/install/moveit_core/include/moveit_kinematics_base_export.h
[2.397s] -- Up-to-date symlink: /home/manoj/ros2_ws/install/moveit_core/include/moveit/kinematic_constraints/kinematic_constraint.h
[2.398s] -- Up-to-date symlink: /home/manoj/ros2_ws/install/moveit_core/include/moveit/kinematic_constraints/utils.h
[2.398s] -- Up-to-date symlink: /home/manoj/ros2_ws/install/moveit_core/include/moveit/kinematics_metrics/kinematics_metrics.h
[2.398s] -- Up-to-date symlink: /home/manoj/ros2_ws/install/moveit_core/include/moveit/macros/class_forward.h
[2.398s] -- Up-to-date symlink: /home/manoj/ros2_ws/install/moveit_core/include/moveit/macros/console_colors.h
[2.398s] -- Up-to-date symlink: /home/manoj/ros2_ws/install/moveit_core/include/moveit/macros/declare_ptr.h
[2.398s] -- Up-to-date symlink: /home/manoj/ros2_ws/install/moveit_core/include/moveit/macros/deprecation.h
[2.398s] -- Up-to-date symlink: /home/manoj/ros2_ws/install/moveit_core/include/moveit_core/moveit_acceleration_filter_parameters.hpp
[2.398s] -- Up-to-date symlink: /home/manoj/ros2_ws/install/moveit_core/include/moveit_core/moveit_butterworth_filter_parameters.hpp
[2.398s] -- Up-to-date symlink: /home/manoj/ros2_ws/install/moveit_core/include/moveit_core/moveit_butterworth_parameters.hpp
[2.398s] -- Up-to-date symlink: /home/manoj/ros2_ws/install/moveit_core/include/moveit_core/moveit_ruckig_filter_parameters.hpp
[2.399s] -- Up-to-date symlink: /home/manoj/ros2_ws/install/moveit_core/include/moveit/online_signal_smoothing/butterworth_filter.h
[2.399s] -- Up-to-date symlink: /home/manoj/ros2_ws/install/moveit_core/include/moveit/online_signal_smoothing/smoothing_base_class.h
[2.399s] -- Up-to-date symlink: /home/manoj/ros2_ws/install/moveit_core/include/moveit_smoothing_base_export.h
[2.399s] -- Up-to-date symlink: /home/manoj/ros2_ws/install/moveit_core/include/moveit_butterworth_filter_export.h
[2.400s] -- Up-to-date symlink: /home/manoj/ros2_ws/install/moveit_core/include/moveit/planning_interface/planning_interface.h
[2.400s] -- Up-to-date symlink: /home/manoj/ros2_ws/install/moveit_core/include/moveit/planning_interface/planning_request.h
[2.400s] -- Up-to-date symlink: /home/manoj/ros2_ws/install/moveit_core/include/moveit/planning_interface/planning_response.h
[2.400s] -- Up-to-date symlink: /home/manoj/ros2_ws/install/moveit_core/include/moveit/planning_request_adapter/planning_request_adapter.h
[2.400s] -- Up-to-date symlink: /home/manoj/ros2_ws/install/moveit_core/include/moveit/planning_scene/planning_scene.h
[2.401s] -- Up-to-date symlink: /home/manoj/ros2_ws/install/moveit_core/include/moveit_planning_scene_export.h
[2.401s] -- Up-to-date symlink: /home/manoj/ros2_ws/install/moveit_core/include/moveit/robot_model/aabb.h
[2.401s] -- Up-to-date symlink: /home/manoj/ros2_ws/install/moveit_core/include/moveit/robot_model/fixed_joint_model.h
[2.401s] -- Up-to-date symlink: /home/manoj/ros2_ws/install/moveit_core/include/moveit/robot_model/floating_joint_model.h
[2.402s] -- Up-to-date symlink: /home/manoj/ros2_ws/install/moveit_core/include/moveit/robot_model/joint_model.h
[2.402s] -- Up-to-date symlink: /home/manoj/ros2_ws/install/moveit_core/include/moveit/robot_model/joint_model_group.h
[2.402s] -- Up-to-date symlink: /home/manoj/ros2_ws/install/moveit_core/include/moveit/robot_model/link_model.h
[2.402s] -- Up-to-date symlink: /home/manoj/ros2_ws/install/moveit_core/include/moveit/robot_model/planar_joint_model.h
[2.402s] -- Up-to-date symlink: /home/manoj/ros2_ws/install/moveit_core/include/moveit/robot_model/prismatic_joint_model.h
[2.402s] -- Up-to-date symlink: /home/manoj/ros2_ws/install/moveit_core/include/moveit/robot_model/revolute_joint_model.h
[2.402s] -- Up-to-date symlink: /home/manoj/ros2_ws/install/moveit_core/include/moveit/robot_model/robot_model.h
[2.402s] -- Up-to-date symlink: /home/manoj/ros2_ws/install/moveit_core/include/moveit/robot_state/attached_body.h
[2.403s] -- Up-to-date symlink: /home/manoj/ros2_ws/install/moveit_core/include/moveit/robot_state/cartesian_interpolator.h
[2.403s] -- Up-to-date symlink: /home/manoj/ros2_ws/install/moveit_core/include/moveit/robot_state/conversions.h
[2.403s] -- Up-to-date symlink: /home/manoj/ros2_ws/install/moveit_core/include/moveit/robot_state/robot_state.h
[2.403s] -- Up-to-date symlink: /home/manoj/ros2_ws/install/moveit_core/include/moveit/robot_trajectory/robot_trajectory.h
[2.403s] -- Up-to-date symlink: /home/manoj/ros2_ws/install/moveit_core/include/moveit/sensor_manager/sensor_manager.h
[2.404s] -- Up-to-date symlink: /home/manoj/ros2_ws/install/moveit_core/include/moveit/trajectory_processing/iterative_spline_parameterization.h
[2.404s] -- Up-to-date symlink: /home/manoj/ros2_ws/install/moveit_core/include/moveit/trajectory_processing/iterative_time_parameterization.h
[2.404s] -- Up-to-date symlink: /home/manoj/ros2_ws/install/moveit_core/include/moveit/trajectory_processing/ruckig_traj_smoothing.h
[2.404s] -- Up-to-date symlink: /home/manoj/ros2_ws/install/moveit_core/include/moveit/trajectory_processing/time_optimal_trajectory_generation.h
[2.404s] -- Up-to-date symlink: /home/manoj/ros2_ws/install/moveit_core/include/moveit/trajectory_processing/time_parameterization.h
[2.404s] -- Up-to-date symlink: /home/manoj/ros2_ws/install/moveit_core/include/moveit/trajectory_processing/trajectory_tools.h
[2.405s] -- Up-to-date symlink: /home/manoj/ros2_ws/install/moveit_core/include/moveit/transforms/transforms.h
[2.405s] -- Up-to-date symlink: /home/manoj/ros2_ws/install/moveit_core/include/moveit/utils/lexical_casts.h
[2.405s] -- Up-to-date symlink: /home/manoj/ros2_ws/install/moveit_core/include/moveit/utils/message_checks.h
[2.405s] -- Up-to-date symlink: /home/manoj/ros2_ws/install/moveit_core/include/moveit/utils/moveit_error_code.h
[2.405s] -- Up-to-date symlink: /home/manoj/ros2_ws/install/moveit_core/include/moveit/utils/rclcpp_utils.h
[2.405s] -- Up-to-date symlink: /home/manoj/ros2_ws/install/moveit_core/include/moveit/utils/robot_model_test_utils.h
[2.406s] -- Up-to-date symlink: /home/manoj/ros2_ws/install/moveit_core/bin/moveit_version
[2.406s] -- Up-to-date symlink: /home/manoj/ros2_ws/install/moveit_core/include/moveit/collision_detection/allvalid/collision_detector_allocator_allvalid.h
[2.406s] -- Up-to-date symlink: /home/manoj/ros2_ws/install/moveit_core/include/moveit/collision_detection/allvalid/collision_env_allvalid.h
[2.406s] -- Up-to-date symlink: /home/manoj/ros2_ws/install/moveit_core/include/moveit/collision_detection/collision_common.h
[2.406s] -- Up-to-date symlink: /home/manoj/ros2_ws/install/moveit_core/include/moveit/collision_detection/collision_detector_allocator.h
[2.407s] -- Up-to-date symlink: /home/manoj/ros2_ws/install/moveit_core/include/moveit/collision_detection/collision_env.h
[2.407s] -- Up-to-date symlink: /home/manoj/ros2_ws/install/moveit_core/include/moveit/collision_detection/collision_matrix.h
[2.407s] -- Up-to-date symlink: /home/manoj/ros2_ws/install/moveit_core/include/moveit/collision_detection/collision_octomap_filter.h
[2.407s] -- Up-to-date symlink: /home/manoj/ros2_ws/install/moveit_core/include/moveit/collision_detection/collision_plugin.h
[2.407s] -- Up-to-date symlink: /home/manoj/ros2_ws/install/moveit_core/include/moveit/collision_detection/collision_plugin_cache.h
[2.407s] -- Up-to-date symlink: /home/manoj/ros2_ws/install/moveit_core/include/moveit/collision_detection/collision_tools.h
[2.407s] -- Up-to-date symlink: /home/manoj/ros2_ws/install/moveit_core/include/moveit/collision_detection/occupancy_map.h
[2.407s] -- Up-to-date symlink: /home/manoj/ros2_ws/install/moveit_core/include/moveit/collision_detection/test_collision_common_panda.h
[2.407s] -- Up-to-date symlink: /home/manoj/ros2_ws/install/moveit_core/include/moveit/collision_detection/test_collision_common_pr2.h
[2.408s] -- Up-to-date symlink: /home/manoj/ros2_ws/install/moveit_core/include/moveit/collision_detection/world.h
[2.408s] -- Up-to-date symlink: /home/manoj/ros2_ws/install/moveit_core/include/moveit/collision_detection/world_diff.h
[2.408s] -- Up-to-date symlink: /home/manoj/ros2_ws/install/moveit_core/include/moveit_collision_detection_export.h
[2.408s] -- Up-to-date symlink: /home/manoj/ros2_ws/install/moveit_core/include/moveit/collision_detection_bullet/bullet_integration/basic_types.h
[2.408s] -- Up-to-date symlink: /home/manoj/ros2_ws/install/moveit_core/include/moveit/collision_detection_bullet/bullet_integration/bullet_bvh_manager.h
[2.408s] -- Up-to-date symlink: /home/manoj/ros2_ws/install/moveit_core/include/moveit/collision_detection_bullet/bullet_integration/bullet_cast_bvh_manager.h
[2.409s] -- Up-to-date symlink: /home/manoj/ros2_ws/install/moveit_core/include/moveit/collision_detection_bullet/bullet_integration/bullet_discrete_bvh_manager.h
[2.409s] -- Up-to-date symlink: /home/manoj/ros2_ws/install/moveit_core/include/moveit/collision_detection_bullet/bullet_integration/bullet_utils.h
[2.409s] -- Up-to-date symlink: /home/manoj/ros2_ws/install/moveit_core/include/moveit/collision_detection_bullet/bullet_integration/contact_checker_common.h
[2.409s] -- Up-to-date symlink: /home/manoj/ros2_ws/install/moveit_core/include/moveit/collision_detection_bullet/bullet_integration/ros_bullet_utils.h
[2.409s] -- Up-to-date symlink: /home/manoj/ros2_ws/install/moveit_core/include/moveit/collision_detection_bullet/collision_detector_allocator_bullet.h
[2.409s] -- Up-to-date symlink: /home/manoj/ros2_ws/install/moveit_core/include/moveit/collision_detection_bullet/collision_detector_bullet_plugin_loader.h
[2.409s] -- Up-to-date symlink: /home/manoj/ros2_ws/install/moveit_core/include/moveit/collision_detection_bullet/collision_env_bullet.h
[2.409s] -- Up-to-date symlink: /home/manoj/ros2_ws/install/moveit_core/include/moveit_collision_detection_bullet_export.h
[2.410s] -- Up-to-date symlink: /home/manoj/ros2_ws/install/moveit_core/include/moveit/collision_detection_fcl/collision_common.h
[2.410s] -- Up-to-date symlink: /home/manoj/ros2_ws/install/moveit_core/include/moveit/collision_detection_fcl/collision_detector_allocator_fcl.h
[2.410s] -- Up-to-date symlink: /home/manoj/ros2_ws/install/moveit_core/include/moveit/collision_detection_fcl/collision_detector_fcl_plugin_loader.h
[2.410s] -- Up-to-date symlink: /home/manoj/ros2_ws/install/moveit_core/include/moveit/collision_detection_fcl/collision_env_fcl.h
[2.410s] -- Up-to-date symlink: /home/manoj/ros2_ws/install/moveit_core/include/moveit/collision_detection_fcl/fcl_compat.h
[2.410s] -- Up-to-date symlink: /home/manoj/ros2_ws/install/moveit_core/include/moveit_collision_detection_fcl_export.h
[2.410s] -- Up-to-date symlink: /home/manoj/ros2_ws/install/moveit_core/share/moveit_core/environment/library_path.sh
[2.411s] -- Up-to-date symlink: /home/manoj/ros2_ws/install/moveit_core/share/moveit_core/environment/library_path.dsv
[2.411s] -- Up-to-date symlink: /home/manoj/ros2_ws/install/moveit_core/share/moveit_core//collision_detector_fcl_description.xml
[2.411s] -- Up-to-date symlink: /home/manoj/ros2_ws/install/moveit_core/share/moveit_core//collision_detector_bullet_description.xml
[2.411s] -- Up-to-date symlink: /home/manoj/ros2_ws/install/moveit_core/share/moveit_core//filter_plugin_butterworth.xml
[2.411s] -- Up-to-date symlink: /home/manoj/ros2_ws/install/moveit_core/share/ament_index/resource_index/package_run_dependencies/moveit_core
[2.411s] -- Up-to-date symlink: /home/manoj/ros2_ws/install/moveit_core/share/ament_index/resource_index/parent_prefix_path/moveit_core
[2.412s] -- Up-to-date symlink: /home/manoj/ros2_ws/install/moveit_core/share/moveit_core/environment/ament_prefix_path.sh
[2.412s] -- Up-to-date symlink: /home/manoj/ros2_ws/install/moveit_core/share/moveit_core/environment/ament_prefix_path.dsv
[2.412s] -- Up-to-date symlink: /home/manoj/ros2_ws/install/moveit_core/share/moveit_core/environment/path.sh
[2.412s] -- Up-to-date symlink: /home/manoj/ros2_ws/install/moveit_core/share/moveit_core/environment/path.dsv
[2.412s] -- Up-to-date symlink: /home/manoj/ros2_ws/install/moveit_core/share/moveit_core/local_setup.bash
[2.412s] -- Up-to-date symlink: /home/manoj/ros2_ws/install/moveit_core/share/moveit_core/local_setup.sh
[2.412s] -- Up-to-date symlink: /home/manoj/ros2_ws/install/moveit_core/share/moveit_core/local_setup.zsh
[2.412s] -- Up-to-date symlink: /home/manoj/ros2_ws/install/moveit_core/share/moveit_core/local_setup.dsv
[2.413s] -- Symlinking: /home/manoj/ros2_ws/install/moveit_core/share/moveit_core/package.dsv
[2.420s] -- Up-to-date symlink: /home/manoj/ros2_ws/install/moveit_core/share/ament_index/resource_index/packages/moveit_core
[2.421s] -- Up-to-date symlink: /home/manoj/ros2_ws/install/moveit_core/share/ament_index/resource_index/moveit_core__pluginlib__plugin/moveit_core
[2.421s] -- Up-to-date symlink: /home/manoj/ros2_ws/install/moveit_core/share/moveit_core/cmake/ConfigExtras.cmake
[2.421s] -- Up-to-date symlink: /home/manoj/ros2_ws/install/moveit_core/share/moveit_core/cmake/ament_cmake_export_targets-extras.cmake
[2.421s] -- Up-to-date symlink: /home/manoj/ros2_ws/install/moveit_core/share/moveit_core/cmake/ament_cmake_export_dependencies-extras.cmake
[2.421s] -- Up-to-date symlink: /home/manoj/ros2_ws/install/moveit_core/share/moveit_core/cmake/moveit_coreConfig.cmake
[2.422s] -- Up-to-date symlink: /home/manoj/ros2_ws/install/moveit_core/share/moveit_core/cmake/moveit_coreConfig-version.cmake
[2.422s] -- Up-to-date symlink: /home/manoj/ros2_ws/install/moveit_core/share/moveit_core/package.xml
[2.424s] -- Up-to-date: /home/manoj/ros2_ws/install/moveit_core/lib/libcollision_detector_bullet_plugin.so.2.5.9
[2.424s] -- Up-to-date: /home/manoj/ros2_ws/install/moveit_core/lib/libcollision_detector_bullet_plugin.so
[2.424s] -- Up-to-date: /home/manoj/ros2_ws/install/moveit_core/lib/libmoveit_butterworth_filter.so.2.5.9
[2.424s] -- Up-to-date: /home/manoj/ros2_ws/install/moveit_core/lib/libmoveit_butterworth_filter.so
[2.424s] -- Up-to-date: /home/manoj/ros2_ws/install/moveit_core/lib/libmoveit_collision_distance_field.so.2.5.9
[2.425s] -- Up-to-date: /home/manoj/ros2_ws/install/moveit_core/lib/libmoveit_collision_distance_field.so
[2.425s] -- Up-to-date: /home/manoj/ros2_ws/install/moveit_core/lib/libmoveit_collision_detection.so.2.5.9
[2.425s] -- Up-to-date: /home/manoj/ros2_ws/install/moveit_core/lib/libmoveit_collision_detection.so
[2.425s] -- Up-to-date: /home/manoj/ros2_ws/install/moveit_core/lib/libmoveit_collision_detection_fcl.so.2.5.9
[2.425s] -- Up-to-date: /home/manoj/ros2_ws/install/moveit_core/lib/libmoveit_collision_detection_fcl.so
[2.425s] -- Up-to-date: /home/manoj/ros2_ws/install/moveit_core/lib/libmoveit_collision_detection_bullet.so.2.5.9
[2.425s] -- Up-to-date: /home/manoj/ros2_ws/install/moveit_core/lib/libmoveit_collision_detection_bullet.so
[2.425s] -- Up-to-date: /home/manoj/ros2_ws/install/moveit_core/lib/libmoveit_dynamics_solver.so.2.5.9
[2.425s] -- Up-to-date: /home/manoj/ros2_ws/install/moveit_core/lib/libmoveit_dynamics_solver.so
[2.426s] -- Up-to-date: /home/manoj/ros2_ws/install/moveit_core/lib/libmoveit_constraint_samplers.so.2.5.9
[2.426s] -- Up-to-date: /home/manoj/ros2_ws/install/moveit_core/lib/libmoveit_constraint_samplers.so
[2.426s] -- Up-to-date: /home/manoj/ros2_ws/install/moveit_core/lib/libmoveit_distance_field.so.2.5.9
[2.426s] -- Up-to-date: /home/manoj/ros2_ws/install/moveit_core/lib/libmoveit_distance_field.so
[2.426s] -- Up-to-date: /home/manoj/ros2_ws/install/moveit_core/lib/libmoveit_exceptions.so.2.5.9
[2.426s] -- Up-to-date: /home/manoj/ros2_ws/install/moveit_core/lib/libmoveit_exceptions.so
[2.426s] -- Up-to-date: /home/manoj/ros2_ws/install/moveit_core/lib/libmoveit_kinematics_base.so
[2.426s] -- Up-to-date: /home/manoj/ros2_ws/install/moveit_core/lib/libmoveit_kinematic_constraints.so.2.5.9
[2.426s] -- Up-to-date: /home/manoj/ros2_ws/install/moveit_core/lib/libmoveit_kinematic_constraints.so
[2.426s] -- Up-to-date: /home/manoj/ros2_ws/install/moveit_core/lib/libmoveit_kinematics_metrics.so.2.5.9
[2.427s] -- Up-to-date: /home/manoj/ros2_ws/install/moveit_core/lib/libmoveit_kinematics_metrics.so
[2.427s] -- Up-to-date: /home/manoj/ros2_ws/install/moveit_core/lib/libmoveit_planning_interface.so.2.5.9
[2.427s] -- Up-to-date: /home/manoj/ros2_ws/install/moveit_core/lib/libmoveit_planning_interface.so
[2.427s] -- Up-to-date: /home/manoj/ros2_ws/install/moveit_core/lib/libmoveit_planning_scene.so.2.5.9
[2.427s] -- Up-to-date: /home/manoj/ros2_ws/install/moveit_core/lib/libmoveit_planning_scene.so
[2.427s] -- Up-to-date: /home/manoj/ros2_ws/install/moveit_core/lib/libmoveit_planning_request_adapter.so.2.5.9
[2.427s] -- Up-to-date: /home/manoj/ros2_ws/install/moveit_core/lib/libmoveit_planning_request_adapter.so
[2.427s] -- Up-to-date: /home/manoj/ros2_ws/install/moveit_core/lib/libmoveit_robot_model.so.2.5.9
[2.428s] -- Up-to-date: /home/manoj/ros2_ws/install/moveit_core/lib/libmoveit_robot_model.so
[2.428s] -- Up-to-date: /home/manoj/ros2_ws/install/moveit_core/lib/libmoveit_robot_state.so.2.5.9
[2.428s] -- Up-to-date: /home/manoj/ros2_ws/install/moveit_core/lib/libmoveit_robot_state.so
[2.428s] -- Up-to-date: /home/manoj/ros2_ws/install/moveit_core/lib/libmoveit_robot_trajectory.so.2.5.9
[2.428s] -- Up-to-date: /home/manoj/ros2_ws/install/moveit_core/lib/libmoveit_robot_trajectory.so
[2.428s] -- Up-to-date: /home/manoj/ros2_ws/install/moveit_core/lib/libmoveit_smoothing_base.so.2.5.9
[2.428s] -- Up-to-date: /home/manoj/ros2_ws/install/moveit_core/lib/libmoveit_smoothing_base.so
[2.428s] -- Up-to-date: /home/manoj/ros2_ws/install/moveit_core/lib/libmoveit_test_utils.so.2.5.9
[2.428s] -- Up-to-date: /home/manoj/ros2_ws/install/moveit_core/lib/libmoveit_test_utils.so
[2.428s] -- Up-to-date: /home/manoj/ros2_ws/install/moveit_core/lib/libmoveit_trajectory_processing.so.2.5.9
[2.428s] -- Up-to-date: /home/manoj/ros2_ws/install/moveit_core/lib/libmoveit_trajectory_processing.so
[2.429s] -- Up-to-date: /home/manoj/ros2_ws/install/moveit_core/lib/libmoveit_transforms.so.2.5.9
[2.429s] -- Up-to-date: /home/manoj/ros2_ws/install/moveit_core/lib/libmoveit_transforms.so
[2.429s] -- Up-to-date: /home/manoj/ros2_ws/install/moveit_core/lib/libmoveit_utils.so.2.5.9
[2.429s] -- Up-to-date: /home/manoj/ros2_ws/install/moveit_core/lib/libmoveit_utils.so
[2.429s] -- Up-to-date: /home/manoj/ros2_ws/install/moveit_core/share/moveit_core/cmake/export_moveit_coreExport.cmake
[2.429s] -- Up-to-date: /home/manoj/ros2_ws/install/moveit_core/share/moveit_core/cmake/export_moveit_coreExport-release.cmake
[2.431s] Invoked command in '/home/manoj/ros2_ws/build/moveit_core' returned '0': AMENT_PREFIX_PATH=/home/manoj/ros2_ws/install/moveit_resources_panda_moveit_config:/home/manoj/ros2_ws/install/moveit_resources_pr2_description:/home/manoj/ros2_ws/install/moveit_resources_panda_description:/home/manoj/ros2_ws/install/moveit_common:${AMENT_PREFIX_PATH} CMAKE_PREFIX_PATH=/home/manoj/ros2_ws/install/moveit_resources_panda_moveit_config:/home/manoj/ros2_ws/install/moveit_resources_pr2_description:/home/manoj/ros2_ws/install/moveit_resources_panda_description:/home/manoj/ros2_ws/install/moveit_common:/opt/ros/humble /usr/bin/cmake --install /home/manoj/ros2_ws/build/moveit_core
