[0.072s] Invoking command in '/home/manoj/ros2_ws/build/pilz_industrial_motion_planner': AMENT_PREFIX_PATH=/home/manoj/ros2_ws/install/moveit_configs_utils:/home/manoj/ros2_ws/install/ur_description:/home/manoj/ros2_ws/install/pilz_industrial_motion_planner_testutils:/home/manoj/ros2_ws/install/moveit_runtime:/home/manoj/ros2_ws/install/moveit:/home/manoj/ros2_ws/install/moveit_planners:/home/manoj/ros2_ws/install/pilz_industrial_motion_planner:/home/manoj/ros2_ws/install/my_mobile_manipulator_description:/home/manoj/ros2_ws/install/moveit_ros_control_interface:/home/manoj/ros2_ws/install/moveit_plugins:/home/manoj/ros2_ws/install/moveit_simple_controller_manager:/home/manoj/ros2_ws/install/moveit_setup_assistant:/home/manoj/ros2_ws/install/moveit_setup_srdf_plugins:/home/manoj/ros2_ws/install/moveit_setup_core_plugins:/home/manoj/ros2_ws/install/moveit_setup_controllers:/home/manoj/ros2_ws/install/moveit_setup_app_plugins:/home/manoj/ros2_ws/install/moveit_setup_framework:/home/manoj/ros2_ws/install/moveit_servo:/home/manoj/ros2_ws/install/moveit_ros:/home/manoj/ros2_ws/install/moveit_ros_visualization:/home/manoj/ros2_ws/install/moveit_hybrid_planning:/home/manoj/ros2_ws/install/moveit_ros_planning_interface:/home/manoj/ros2_ws/install/moveit_ros_benchmarks:/home/manoj/ros2_ws/install/moveit_ros_warehouse:/home/manoj/ros2_ws/install/moveit_ros_robot_interaction:/home/manoj/ros2_ws/install/moveit_ros_perception:/home/manoj/ros2_ws/install/moveit_resources_prbt_pg70_support:/home/manoj/ros2_ws/install/moveit_resources_prbt_moveit_config:/home/manoj/ros2_ws/install/moveit_ros_move_group:/home/manoj/ros2_ws/install/moveit_planners_ompl:/home/manoj/ros2_ws/install/moveit_ros_planning:/home/manoj/ros2_ws/install/moveit_ros_occupancy_map_monitor:/home/manoj/ros2_ws/install/moveit_resources_prbt_support:/home/manoj/ros2_ws/install/moveit_resources_prbt_ikfast_manipulator_plugin:/home/manoj/ros2_ws/install/moveit_resources:/home/manoj/ros2_ws/install/moveit_resources_pr2_description:/home/manoj/ros2_ws/install/moveit_resources_panda_moveit_config:/home/manoj/ros2_ws/install/dual_arm_panda_moveit_config:/home/manoj/ros2_ws/install/moveit_resources_panda_description:/home/manoj/ros2_ws/install/moveit_resources_fanuc_moveit_config:/home/manoj/ros2_ws/install/moveit_resources_fanuc_description:/home/manoj/ros2_ws/install/moveit_planners_chomp:/home/manoj/ros2_ws/install/moveit_kinematics:/home/manoj/ros2_ws/install/moveit_chomp_optimizer_adapter:/home/manoj/ros2_ws/install/chomp_motion_planner:/home/manoj/ros2_ws/install/moveit_core:/home/manoj/ros2_ws/install/moveit_common:/opt/ros/humble CMAKE_PREFIX_PATH=/home/manoj/ros2_ws/install/moveit_resources_prbt_pg70_support:/home/manoj/ros2_ws/install/moveit_ros_planning_interface:/home/manoj/ros2_ws/install/moveit_resources_prbt_moveit_config:/home/manoj/ros2_ws/install/moveit_ros_move_group:/home/manoj/ros2_ws/install/moveit_ros_warehouse:/home/manoj/ros2_ws/install/moveit_planners_ompl:/home/manoj/ros2_ws/install/moveit_kinematics:/home/manoj/ros2_ws/install/moveit_ros_planning:/home/manoj/ros2_ws/install/pilz_industrial_motion_planner_testutils:/home/manoj/ros2_ws/install/moveit_simple_controller_manager:/home/manoj/ros2_ws/install/moveit_ros_occupancy_map_monitor:/home/manoj/ros2_ws/install/moveit_resources_prbt_ikfast_manipulator_plugin:/home/manoj/ros2_ws/install/moveit_core:/home/manoj/ros2_ws/install/moveit_resources_panda_moveit_config:/home/manoj/ros2_ws/install/moveit_resources_fanuc_moveit_config:/home/manoj/ros2_ws/install/moveit_resources_prbt_support:/home/manoj/ros2_ws/install/moveit_resources_pr2_description:/home/manoj/ros2_ws/install/moveit_resources_panda_description:/home/manoj/ros2_ws/install/moveit_resources_fanuc_description:/home/manoj/ros2_ws/install/moveit_common:/home/manoj/ros2_ws/install/ur_description:/home/manoj/ros2_ws/install/moveit_runtime:/home/manoj/ros2_ws/install/moveit:/home/manoj/ros2_ws/install/moveit_planners:/home/manoj/ros2_ws/install/pilz_industrial_motion_planner:/home/manoj/ros2_ws/install/my_mobile_manipulator_description:/home/manoj/ros2_ws/install/moveit_ros_control_interface:/home/manoj/ros2_ws/install/moveit_plugins:/home/manoj/ros2_ws/install/moveit_setup_assistant:/home/manoj/ros2_ws/install/moveit_setup_srdf_plugins:/home/manoj/ros2_ws/install/moveit_setup_core_plugins:/home/manoj/ros2_ws/install/moveit_setup_controllers:/home/manoj/ros2_ws/install/moveit_setup_app_plugins:/home/manoj/ros2_ws/install/moveit_setup_framework:/home/manoj/ros2_ws/install/moveit_servo:/home/manoj/ros2_ws/install/moveit_ros:/home/manoj/ros2_ws/install/moveit_ros_visualization:/home/manoj/ros2_ws/install/moveit_hybrid_planning:/home/manoj/ros2_ws/install/moveit_ros_benchmarks:/home/manoj/ros2_ws/install/moveit_ros_robot_interaction:/home/manoj/ros2_ws/install/moveit_ros_perception:/home/manoj/ros2_ws/install/moveit_resources:/home/manoj/ros2_ws/install/dual_arm_panda_moveit_config:/home/manoj/ros2_ws/install/moveit_planners_chomp:/home/manoj/ros2_ws/install/moveit_chomp_optimizer_adapter:/home/manoj/ros2_ws/install/chomp_motion_planner:/home/manoj/ros2_ws/install/moveit_configs_utils:/opt/ros/humble LD_LIBRARY_PATH=/home/manoj/ros2_ws/install/moveit_ros_planning_interface/lib:/home/manoj/ros2_ws/install/moveit_ros_move_group/lib:/home/manoj/ros2_ws/install/moveit_ros_warehouse/lib:/home/manoj/ros2_ws/install/moveit_planners_ompl/lib:/home/manoj/ros2_ws/install/moveit_kinematics/lib:/home/manoj/ros2_ws/install/moveit_ros_planning/lib:/home/manoj/ros2_ws/install/pilz_industrial_motion_planner_testutils/lib:/home/manoj/ros2_ws/install/moveit_simple_controller_manager/lib:/home/manoj/ros2_ws/install/moveit_ros_occupancy_map_monitor/lib:/home/manoj/ros2_ws/install/moveit_resources_prbt_ikfast_manipulator_plugin/lib:/home/manoj/ros2_ws/install/moveit_core/lib:/home/manoj/ros2_ws/install/pilz_industrial_motion_planner/lib:/home/manoj/ros2_ws/install/moveit_ros_control_interface/lib:/home/manoj/ros2_ws/install/moveit_setup_assistant/lib:/home/manoj/ros2_ws/install/moveit_setup_srdf_plugins/lib:/home/manoj/ros2_ws/install/moveit_setup_core_plugins/lib:/home/manoj/ros2_ws/install/moveit_setup_controllers/lib:/home/manoj/ros2_ws/install/moveit_setup_app_plugins/lib:/home/manoj/ros2_ws/install/moveit_setup_framework/lib:/home/manoj/ros2_ws/install/moveit_servo/lib:/home/manoj/ros2_ws/install/moveit_ros_visualization/lib:/home/manoj/ros2_ws/install/moveit_hybrid_planning/lib:/home/manoj/ros2_ws/install/moveit_ros_benchmarks/lib:/home/manoj/ros2_ws/install/moveit_ros_robot_interaction/lib:/home/manoj/ros2_ws/install/moveit_ros_perception/lib:/home/manoj/ros2_ws/install/moveit_planners_chomp/lib:/home/manoj/ros2_ws/install/moveit_chomp_optimizer_adapter/lib:/home/manoj/ros2_ws/install/chomp_motion_planner/lib:/usr/lib/x86_64-linux-gnu/gazebo-11/plugins:/opt/ros/humble/opt/rviz_ogre_vendor/lib:/opt/ros/humble/lib/x86_64-linux-gnu:/opt/ros/humble/lib /usr/bin/cmake /home/manoj/ros2_ws/src/moveit2/moveit_planners/pilz_industrial_motion_planner -DCMAKE_INSTALL_PREFIX=/home/manoj/ros2_ws/install/pilz_industrial_motion_planner
[0.087s] -- Found moveit_common: 2.5.9 (/home/manoj/ros2_ws/install/moveit_common/share/moveit_common/cmake)
[0.087s] -- Found ament_cmake: 1.3.11 (/opt/ros/humble/share/ament_cmake/cmake)
[0.273s] -- Override CMake install command with custom implementation using symlinks instead of copying resources
[0.383s] -- Found eigen3_cmake_module: 0.1.1 (/opt/ros/humble/share/eigen3_cmake_module/cmake)
[0.386s] -- Found geometry_msgs: 4.8.0 (/opt/ros/humble/share/geometry_msgs/cmake)
[0.429s] -- Found rosidl_generator_c: 3.1.6 (/opt/ros/humble/share/rosidl_generator_c/cmake)
[0.432s] -- Found rosidl_adapter: 3.1.6 (/opt/ros/humble/share/rosidl_adapter/cmake)
[0.441s] -- Found rosidl_generator_cpp: 3.1.6 (/opt/ros/humble/share/rosidl_generator_cpp/cmake)
[0.457s] -- Using all available rosidl_typesupport_c: rosidl_typesupport_fastrtps_c;rosidl_typesupport_introspection_c
[0.475s] -- Using all available rosidl_typesupport_cpp: rosidl_typesupport_fastrtps_cpp;rosidl_typesupport_introspection_cpp
[0.514s] -- Found moveit_core: 2.5.9 (/home/manoj/ros2_ws/install/moveit_core/share/moveit_core/cmake)
[0.532s] -- Found Boost: /usr/lib/x86_64-linux-gnu/cmake/Boost-1.74.0/BoostConfig.cmake (found version "1.74.0") found components: chrono date_time filesystem iostreams program_options regex serialization system thread 
[0.572s] -- Found parameter_traits: 0.4.0 (/opt/ros/humble/share/parameter_traits/cmake)
[0.602s] -- Found rmw_implementation_cmake: 6.1.2 (/opt/ros/humble/share/rmw_implementation_cmake/cmake)
[0.605s] -- Found rmw_fastrtps_cpp: 6.2.7 (/opt/ros/humble/share/rmw_fastrtps_cpp/cmake)
[0.764s] -- Using RMW implementation 'rmw_fastrtps_cpp' as default
[0.838s] -- Found rclcpp_lifecycle: 16.0.12 (/opt/ros/humble/share/rclcpp_lifecycle/cmake)
[0.873s] -- Found Boost: /usr/lib/x86_64-linux-gnu/cmake/Boost-1.74.0/BoostConfig.cmake (found version "1.74.0") found components: filesystem 
[0.934s] -- library: /usr/lib/x86_64-linux-gnu/libcurl.so
[1.007s] -- Ensuring Eigen3 include directory is part of orocos-kdl CMake target
[1.336s] -- Found moveit_ros_move_group: 2.5.9 (/home/manoj/ros2_ws/install/moveit_ros_move_group/share/moveit_ros_move_group/cmake)
[1.344s] -- Found Boost: /usr/lib/x86_64-linux-gnu/cmake/Boost-1.74.0/BoostConfig.cmake (found version "1.74.0") found components: system filesystem date_time program_options thread 
[1.399s] -- Found Boost: /usr/lib/x86_64-linux-gnu/cmake/Boost-1.74.0/BoostConfig.cmake (found version "1.74.0") found components: system filesystem date_time program_options thread chrono 
[1.421s] -- Found moveit_ros_planning_interface: 2.5.9 (/home/manoj/ros2_ws/install/moveit_ros_planning_interface/share/moveit_ros_planning_interface/cmake)
[1.426s] -- Found Boost: /usr/lib/x86_64-linux-gnu/cmake/Boost-1.74.0/BoostConfig.cmake (found version "1.74.0") found components: date_time filesystem program_options system thread 
[1.442s] -- Found Boost: /usr/lib/x86_64-linux-gnu/cmake/Boost-1.74.0/BoostConfig.cmake (found version "1.74.0") found components: thread system filesystem regex date_time program_options 
[1.479s] -- Found tf2_eigen_kdl: 0.25.12 (/opt/ros/humble/share/tf2_eigen_kdl/cmake)
[1.491s] -- Found Boost: /usr/lib/x86_64-linux-gnu/cmake/Boost-1.74.0/BoostConfig.cmake (found version "1.74.0")  
[1.792s] -- Found ament_cmake_gtest: 1.3.11 (/opt/ros/humble/share/ament_cmake_gtest/cmake)
[1.792s] -- Found ament_cmake_gmock: 1.3.11 (/opt/ros/humble/share/ament_cmake_gmock/cmake)
[1.793s] -- Found ros_testing: 0.4.0 (/opt/ros/humble/share/ros_testing/cmake)
[1.793s] -- Found launch_testing_ament_cmake: 1.0.8 (/opt/ros/humble/share/launch_testing_ament_cmake/cmake)
[1.793s] -- Found python_cmake_module: 0.10.0 (/opt/ros/humble/share/python_cmake_module/cmake)
[1.832s] -- Using PYTHON_EXECUTABLE: /usr/bin/python3
[1.832s] -- Using PYTHON_INCLUDE_DIRS: /usr/include/python3.10
[1.832s] -- Using PYTHON_LIBRARIES: /usr/lib/x86_64-linux-gnu/libpython3.10.so
[1.834s] -- Found moveit_resources_prbt_support: 2.5.9 (/home/manoj/ros2_ws/install/moveit_resources_prbt_support/share/moveit_resources_prbt_support/cmake)
[1.834s] -- Found moveit_resources_prbt_moveit_config: 2.5.9 (/home/manoj/ros2_ws/install/moveit_resources_prbt_moveit_config/share/moveit_resources_prbt_moveit_config/cmake)
[1.839s] -- Found Boost: /usr/lib/x86_64-linux-gnu/cmake/Boost-1.74.0/BoostConfig.cmake (found version "1.74.0") found components: thread 
[1.840s] -- Found pilz_industrial_motion_planner_testutils: 2.5.9 (/home/manoj/ros2_ws/install/pilz_industrial_motion_planner_testutils/share/pilz_industrial_motion_planner_testutils/cmake)
[1.886s] -- Found gtest sources under '/opt/ros/humble/src/gtest_vendor': C++ tests using 'Google Test' will be built
[1.939s] -- Found gmock sources under '/opt/ros/humble/src/gmock_vendor': C++ tests using 'Google Mock' will be built
[1.945s] -- Found ament_lint_auto: 0.12.12 (/opt/ros/humble/share/ament_lint_auto/cmake)
[2.032s] -- Found launch_testing_ament_cmake: 1.0.8 (/opt/ros/humble/share/launch_testing_ament_cmake/cmake)
[2.032s] -- Found python_cmake_module: 0.10.0 (/opt/ros/humble/share/python_cmake_module/cmake)
[2.070s] -- Using PYTHON_EXECUTABLE: /usr/bin/python3
[2.070s] -- Using PYTHON_INCLUDE_DIRS: /usr/include/python3.10
[2.071s] -- Using PYTHON_LIBRARIES: /usr/lib/x86_64-linux-gnu/libpython3.10.so
[2.099s] -- Added test 'cppcheck' to perform static code analysis on C / C++ code
[2.101s] -- Configured cppcheck include dirs: /home/manoj/ros2_ws/src/moveit2/moveit_planners/pilz_industrial_motion_planner/include
[2.101s] -- Configured cppcheck exclude dirs and/or files: 
[2.102s] -- Added test 'pep257' to check Python code against some of the docstring style conventions in PEP 257
[2.104s] -- Added test 'xmllint' to check XML markup files
[2.106s] -- Configuring done
[2.908s] -- Generating done
[3.256s] -- Build files have been written to: /home/manoj/ros2_ws/build/pilz_industrial_motion_planner
[3.299s] Invoked command in '/home/manoj/ros2_ws/build/pilz_industrial_motion_planner' returned '0': AMENT_PREFIX_PATH=/home/manoj/ros2_ws/install/moveit_configs_utils:/home/manoj/ros2_ws/install/ur_description:/home/manoj/ros2_ws/install/pilz_industrial_motion_planner_testutils:/home/manoj/ros2_ws/install/moveit_runtime:/home/manoj/ros2_ws/install/moveit:/home/manoj/ros2_ws/install/moveit_planners:/home/manoj/ros2_ws/install/pilz_industrial_motion_planner:/home/manoj/ros2_ws/install/my_mobile_manipulator_description:/home/manoj/ros2_ws/install/moveit_ros_control_interface:/home/manoj/ros2_ws/install/moveit_plugins:/home/manoj/ros2_ws/install/moveit_simple_controller_manager:/home/manoj/ros2_ws/install/moveit_setup_assistant:/home/manoj/ros2_ws/install/moveit_setup_srdf_plugins:/home/manoj/ros2_ws/install/moveit_setup_core_plugins:/home/manoj/ros2_ws/install/moveit_setup_controllers:/home/manoj/ros2_ws/install/moveit_setup_app_plugins:/home/manoj/ros2_ws/install/moveit_setup_framework:/home/manoj/ros2_ws/install/moveit_servo:/home/manoj/ros2_ws/install/moveit_ros:/home/manoj/ros2_ws/install/moveit_ros_visualization:/home/manoj/ros2_ws/install/moveit_hybrid_planning:/home/manoj/ros2_ws/install/moveit_ros_planning_interface:/home/manoj/ros2_ws/install/moveit_ros_benchmarks:/home/manoj/ros2_ws/install/moveit_ros_warehouse:/home/manoj/ros2_ws/install/moveit_ros_robot_interaction:/home/manoj/ros2_ws/install/moveit_ros_perception:/home/manoj/ros2_ws/install/moveit_resources_prbt_pg70_support:/home/manoj/ros2_ws/install/moveit_resources_prbt_moveit_config:/home/manoj/ros2_ws/install/moveit_ros_move_group:/home/manoj/ros2_ws/install/moveit_planners_ompl:/home/manoj/ros2_ws/install/moveit_ros_planning:/home/manoj/ros2_ws/install/moveit_ros_occupancy_map_monitor:/home/manoj/ros2_ws/install/moveit_resources_prbt_support:/home/manoj/ros2_ws/install/moveit_resources_prbt_ikfast_manipulator_plugin:/home/manoj/ros2_ws/install/moveit_resources:/home/manoj/ros2_ws/install/moveit_resources_pr2_description:/home/manoj/ros2_ws/install/moveit_resources_panda_moveit_config:/home/manoj/ros2_ws/install/dual_arm_panda_moveit_config:/home/manoj/ros2_ws/install/moveit_resources_panda_description:/home/manoj/ros2_ws/install/moveit_resources_fanuc_moveit_config:/home/manoj/ros2_ws/install/moveit_resources_fanuc_description:/home/manoj/ros2_ws/install/moveit_planners_chomp:/home/manoj/ros2_ws/install/moveit_kinematics:/home/manoj/ros2_ws/install/moveit_chomp_optimizer_adapter:/home/manoj/ros2_ws/install/chomp_motion_planner:/home/manoj/ros2_ws/install/moveit_core:/home/manoj/ros2_ws/install/moveit_common:/opt/ros/humble CMAKE_PREFIX_PATH=/home/manoj/ros2_ws/install/moveit_resources_prbt_pg70_support:/home/manoj/ros2_ws/install/moveit_ros_planning_interface:/home/manoj/ros2_ws/install/moveit_resources_prbt_moveit_config:/home/manoj/ros2_ws/install/moveit_ros_move_group:/home/manoj/ros2_ws/install/moveit_ros_warehouse:/home/manoj/ros2_ws/install/moveit_planners_ompl:/home/manoj/ros2_ws/install/moveit_kinematics:/home/manoj/ros2_ws/install/moveit_ros_planning:/home/manoj/ros2_ws/install/pilz_industrial_motion_planner_testutils:/home/manoj/ros2_ws/install/moveit_simple_controller_manager:/home/manoj/ros2_ws/install/moveit_ros_occupancy_map_monitor:/home/manoj/ros2_ws/install/moveit_resources_prbt_ikfast_manipulator_plugin:/home/manoj/ros2_ws/install/moveit_core:/home/manoj/ros2_ws/install/moveit_resources_panda_moveit_config:/home/manoj/ros2_ws/install/moveit_resources_fanuc_moveit_config:/home/manoj/ros2_ws/install/moveit_resources_prbt_support:/home/manoj/ros2_ws/install/moveit_resources_pr2_description:/home/manoj/ros2_ws/install/moveit_resources_panda_description:/home/manoj/ros2_ws/install/moveit_resources_fanuc_description:/home/manoj/ros2_ws/install/moveit_common:/home/manoj/ros2_ws/install/ur_description:/home/manoj/ros2_ws/install/moveit_runtime:/home/manoj/ros2_ws/install/moveit:/home/manoj/ros2_ws/install/moveit_planners:/home/manoj/ros2_ws/install/pilz_industrial_motion_planner:/home/manoj/ros2_ws/install/my_mobile_manipulator_description:/home/manoj/ros2_ws/install/moveit_ros_control_interface:/home/manoj/ros2_ws/install/moveit_plugins:/home/manoj/ros2_ws/install/moveit_setup_assistant:/home/manoj/ros2_ws/install/moveit_setup_srdf_plugins:/home/manoj/ros2_ws/install/moveit_setup_core_plugins:/home/manoj/ros2_ws/install/moveit_setup_controllers:/home/manoj/ros2_ws/install/moveit_setup_app_plugins:/home/manoj/ros2_ws/install/moveit_setup_framework:/home/manoj/ros2_ws/install/moveit_servo:/home/manoj/ros2_ws/install/moveit_ros:/home/manoj/ros2_ws/install/moveit_ros_visualization:/home/manoj/ros2_ws/install/moveit_hybrid_planning:/home/manoj/ros2_ws/install/moveit_ros_benchmarks:/home/manoj/ros2_ws/install/moveit_ros_robot_interaction:/home/manoj/ros2_ws/install/moveit_ros_perception:/home/manoj/ros2_ws/install/moveit_resources:/home/manoj/ros2_ws/install/dual_arm_panda_moveit_config:/home/manoj/ros2_ws/install/moveit_planners_chomp:/home/manoj/ros2_ws/install/moveit_chomp_optimizer_adapter:/home/manoj/ros2_ws/install/chomp_motion_planner:/home/manoj/ros2_ws/install/moveit_configs_utils:/opt/ros/humble LD_LIBRARY_PATH=/home/manoj/ros2_ws/install/moveit_ros_planning_interface/lib:/home/manoj/ros2_ws/install/moveit_ros_move_group/lib:/home/manoj/ros2_ws/install/moveit_ros_warehouse/lib:/home/manoj/ros2_ws/install/moveit_planners_ompl/lib:/home/manoj/ros2_ws/install/moveit_kinematics/lib:/home/manoj/ros2_ws/install/moveit_ros_planning/lib:/home/manoj/ros2_ws/install/pilz_industrial_motion_planner_testutils/lib:/home/manoj/ros2_ws/install/moveit_simple_controller_manager/lib:/home/manoj/ros2_ws/install/moveit_ros_occupancy_map_monitor/lib:/home/manoj/ros2_ws/install/moveit_resources_prbt_ikfast_manipulator_plugin/lib:/home/manoj/ros2_ws/install/moveit_core/lib:/home/manoj/ros2_ws/install/pilz_industrial_motion_planner/lib:/home/manoj/ros2_ws/install/moveit_ros_control_interface/lib:/home/manoj/ros2_ws/install/moveit_setup_assistant/lib:/home/manoj/ros2_ws/install/moveit_setup_srdf_plugins/lib:/home/manoj/ros2_ws/install/moveit_setup_core_plugins/lib:/home/manoj/ros2_ws/install/moveit_setup_controllers/lib:/home/manoj/ros2_ws/install/moveit_setup_app_plugins/lib:/home/manoj/ros2_ws/install/moveit_setup_framework/lib:/home/manoj/ros2_ws/install/moveit_servo/lib:/home/manoj/ros2_ws/install/moveit_ros_visualization/lib:/home/manoj/ros2_ws/install/moveit_hybrid_planning/lib:/home/manoj/ros2_ws/install/moveit_ros_benchmarks/lib:/home/manoj/ros2_ws/install/moveit_ros_robot_interaction/lib:/home/manoj/ros2_ws/install/moveit_ros_perception/lib:/home/manoj/ros2_ws/install/moveit_planners_chomp/lib:/home/manoj/ros2_ws/install/moveit_chomp_optimizer_adapter/lib:/home/manoj/ros2_ws/install/chomp_motion_planner/lib:/usr/lib/x86_64-linux-gnu/gazebo-11/plugins:/opt/ros/humble/opt/rviz_ogre_vendor/lib:/opt/ros/humble/lib/x86_64-linux-gnu:/opt/ros/humble/lib /usr/bin/cmake /home/manoj/ros2_ws/src/moveit2/moveit_planners/pilz_industrial_motion_planner -DCMAKE_INSTALL_PREFIX=/home/manoj/ros2_ws/install/pilz_industrial_motion_planner
[3.302s] Invoking command in '/home/manoj/ros2_ws/build/pilz_industrial_motion_planner': AMENT_PREFIX_PATH=/home/manoj/ros2_ws/install/moveit_configs_utils:/home/manoj/ros2_ws/install/ur_description:/home/manoj/ros2_ws/install/pilz_industrial_motion_planner_testutils:/home/manoj/ros2_ws/install/moveit_runtime:/home/manoj/ros2_ws/install/moveit:/home/manoj/ros2_ws/install/moveit_planners:/home/manoj/ros2_ws/install/pilz_industrial_motion_planner:/home/manoj/ros2_ws/install/my_mobile_manipulator_description:/home/manoj/ros2_ws/install/moveit_ros_control_interface:/home/manoj/ros2_ws/install/moveit_plugins:/home/manoj/ros2_ws/install/moveit_simple_controller_manager:/home/manoj/ros2_ws/install/moveit_setup_assistant:/home/manoj/ros2_ws/install/moveit_setup_srdf_plugins:/home/manoj/ros2_ws/install/moveit_setup_core_plugins:/home/manoj/ros2_ws/install/moveit_setup_controllers:/home/manoj/ros2_ws/install/moveit_setup_app_plugins:/home/manoj/ros2_ws/install/moveit_setup_framework:/home/manoj/ros2_ws/install/moveit_servo:/home/manoj/ros2_ws/install/moveit_ros:/home/manoj/ros2_ws/install/moveit_ros_visualization:/home/manoj/ros2_ws/install/moveit_hybrid_planning:/home/manoj/ros2_ws/install/moveit_ros_planning_interface:/home/manoj/ros2_ws/install/moveit_ros_benchmarks:/home/manoj/ros2_ws/install/moveit_ros_warehouse:/home/manoj/ros2_ws/install/moveit_ros_robot_interaction:/home/manoj/ros2_ws/install/moveit_ros_perception:/home/manoj/ros2_ws/install/moveit_resources_prbt_pg70_support:/home/manoj/ros2_ws/install/moveit_resources_prbt_moveit_config:/home/manoj/ros2_ws/install/moveit_ros_move_group:/home/manoj/ros2_ws/install/moveit_planners_ompl:/home/manoj/ros2_ws/install/moveit_ros_planning:/home/manoj/ros2_ws/install/moveit_ros_occupancy_map_monitor:/home/manoj/ros2_ws/install/moveit_resources_prbt_support:/home/manoj/ros2_ws/install/moveit_resources_prbt_ikfast_manipulator_plugin:/home/manoj/ros2_ws/install/moveit_resources:/home/manoj/ros2_ws/install/moveit_resources_pr2_description:/home/manoj/ros2_ws/install/moveit_resources_panda_moveit_config:/home/manoj/ros2_ws/install/dual_arm_panda_moveit_config:/home/manoj/ros2_ws/install/moveit_resources_panda_description:/home/manoj/ros2_ws/install/moveit_resources_fanuc_moveit_config:/home/manoj/ros2_ws/install/moveit_resources_fanuc_description:/home/manoj/ros2_ws/install/moveit_planners_chomp:/home/manoj/ros2_ws/install/moveit_kinematics:/home/manoj/ros2_ws/install/moveit_chomp_optimizer_adapter:/home/manoj/ros2_ws/install/chomp_motion_planner:/home/manoj/ros2_ws/install/moveit_core:/home/manoj/ros2_ws/install/moveit_common:/opt/ros/humble CMAKE_PREFIX_PATH=/home/manoj/ros2_ws/install/moveit_resources_prbt_pg70_support:/home/manoj/ros2_ws/install/moveit_ros_planning_interface:/home/manoj/ros2_ws/install/moveit_resources_prbt_moveit_config:/home/manoj/ros2_ws/install/moveit_ros_move_group:/home/manoj/ros2_ws/install/moveit_ros_warehouse:/home/manoj/ros2_ws/install/moveit_planners_ompl:/home/manoj/ros2_ws/install/moveit_kinematics:/home/manoj/ros2_ws/install/moveit_ros_planning:/home/manoj/ros2_ws/install/pilz_industrial_motion_planner_testutils:/home/manoj/ros2_ws/install/moveit_simple_controller_manager:/home/manoj/ros2_ws/install/moveit_ros_occupancy_map_monitor:/home/manoj/ros2_ws/install/moveit_resources_prbt_ikfast_manipulator_plugin:/home/manoj/ros2_ws/install/moveit_core:/home/manoj/ros2_ws/install/moveit_resources_panda_moveit_config:/home/manoj/ros2_ws/install/moveit_resources_fanuc_moveit_config:/home/manoj/ros2_ws/install/moveit_resources_prbt_support:/home/manoj/ros2_ws/install/moveit_resources_pr2_description:/home/manoj/ros2_ws/install/moveit_resources_panda_description:/home/manoj/ros2_ws/install/moveit_resources_fanuc_description:/home/manoj/ros2_ws/install/moveit_common:/home/manoj/ros2_ws/install/ur_description:/home/manoj/ros2_ws/install/moveit_runtime:/home/manoj/ros2_ws/install/moveit:/home/manoj/ros2_ws/install/moveit_planners:/home/manoj/ros2_ws/install/pilz_industrial_motion_planner:/home/manoj/ros2_ws/install/my_mobile_manipulator_description:/home/manoj/ros2_ws/install/moveit_ros_control_interface:/home/manoj/ros2_ws/install/moveit_plugins:/home/manoj/ros2_ws/install/moveit_setup_assistant:/home/manoj/ros2_ws/install/moveit_setup_srdf_plugins:/home/manoj/ros2_ws/install/moveit_setup_core_plugins:/home/manoj/ros2_ws/install/moveit_setup_controllers:/home/manoj/ros2_ws/install/moveit_setup_app_plugins:/home/manoj/ros2_ws/install/moveit_setup_framework:/home/manoj/ros2_ws/install/moveit_servo:/home/manoj/ros2_ws/install/moveit_ros:/home/manoj/ros2_ws/install/moveit_ros_visualization:/home/manoj/ros2_ws/install/moveit_hybrid_planning:/home/manoj/ros2_ws/install/moveit_ros_benchmarks:/home/manoj/ros2_ws/install/moveit_ros_robot_interaction:/home/manoj/ros2_ws/install/moveit_ros_perception:/home/manoj/ros2_ws/install/moveit_resources:/home/manoj/ros2_ws/install/dual_arm_panda_moveit_config:/home/manoj/ros2_ws/install/moveit_planners_chomp:/home/manoj/ros2_ws/install/moveit_chomp_optimizer_adapter:/home/manoj/ros2_ws/install/chomp_motion_planner:/home/manoj/ros2_ws/install/moveit_configs_utils:/opt/ros/humble LD_LIBRARY_PATH=/home/manoj/ros2_ws/install/moveit_ros_planning_interface/lib:/home/manoj/ros2_ws/install/moveit_ros_move_group/lib:/home/manoj/ros2_ws/install/moveit_ros_warehouse/lib:/home/manoj/ros2_ws/install/moveit_planners_ompl/lib:/home/manoj/ros2_ws/install/moveit_kinematics/lib:/home/manoj/ros2_ws/install/moveit_ros_planning/lib:/home/manoj/ros2_ws/install/pilz_industrial_motion_planner_testutils/lib:/home/manoj/ros2_ws/install/moveit_simple_controller_manager/lib:/home/manoj/ros2_ws/install/moveit_ros_occupancy_map_monitor/lib:/home/manoj/ros2_ws/install/moveit_resources_prbt_ikfast_manipulator_plugin/lib:/home/manoj/ros2_ws/install/moveit_core/lib:/home/manoj/ros2_ws/install/pilz_industrial_motion_planner/lib:/home/manoj/ros2_ws/install/moveit_ros_control_interface/lib:/home/manoj/ros2_ws/install/moveit_setup_assistant/lib:/home/manoj/ros2_ws/install/moveit_setup_srdf_plugins/lib:/home/manoj/ros2_ws/install/moveit_setup_core_plugins/lib:/home/manoj/ros2_ws/install/moveit_setup_controllers/lib:/home/manoj/ros2_ws/install/moveit_setup_app_plugins/lib:/home/manoj/ros2_ws/install/moveit_setup_framework/lib:/home/manoj/ros2_ws/install/moveit_servo/lib:/home/manoj/ros2_ws/install/moveit_ros_visualization/lib:/home/manoj/ros2_ws/install/moveit_hybrid_planning/lib:/home/manoj/ros2_ws/install/moveit_ros_benchmarks/lib:/home/manoj/ros2_ws/install/moveit_ros_robot_interaction/lib:/home/manoj/ros2_ws/install/moveit_ros_perception/lib:/home/manoj/ros2_ws/install/moveit_planners_chomp/lib:/home/manoj/ros2_ws/install/moveit_chomp_optimizer_adapter/lib:/home/manoj/ros2_ws/install/chomp_motion_planner/lib:/usr/lib/x86_64-linux-gnu/gazebo-11/plugins:/opt/ros/humble/opt/rviz_ogre_vendor/lib:/opt/ros/humble/lib/x86_64-linux-gnu:/opt/ros/humble/lib /usr/bin/cmake --build /home/manoj/ros2_ws/build/pilz_industrial_motion_planner -- -j12 -l12
[3.445s] [35m[1mConsolidate compiler generated dependencies of target gmock_main[0m
[3.445s] [35m[1mConsolidate compiler generated dependencies of target gtest_main[0m
[3.447s] [35m[1mConsolidate compiler generated dependencies of target joint_limits_common[0m
[3.452s] [35m[1mConsolidate compiler generated dependencies of target planning_context_loader_base[0m
[3.461s] [35m[1mConsolidate compiler generated dependencies of target gmock[0m
[3.468s] [35m[1mConsolidate compiler generated dependencies of target gtest[0m
[3.484s] [35m[1mConsolidate compiler generated dependencies of target trajectory_generation_common[0m
[3.515s] [  2%] Built target gtest_main
[3.523s] [  6%] Built target gmock
[3.537s] [  8%] Built target gtest
[3.538s] [ 10%] Built target gmock_main
[3.560s] [ 12%] [32m[1mLinking CXX shared library libplanning_context_loader_base.so[0m
[3.595s] [ 13%] [32m[1mLinking CXX shared library libjoint_limits_common.so[0m
[3.615s] [ 14%] [32m[1mLinking CXX shared library libtrajectory_generation_common.so[0m
[4.160s] [ 18%] Built target trajectory_generation_common
[6.622s] [ 25%] Built target joint_limits_common
[6.651s] [35m[1mConsolidate compiler generated dependencies of target unittest_joint_limit[0m
[6.651s] [35m[1mConsolidate compiler generated dependencies of target command_list_manager[0m
[6.659s] [35m[1mConsolidate compiler generated dependencies of target pilz_industrial_motion_planner_test_utils[0m
[6.659s] [35m[1mConsolidate compiler generated dependencies of target unittest_joint_limits_validator[0m
[6.667s] [35m[1mConsolidate compiler generated dependencies of target unittest_joint_limits_aggregator[0m
[6.670s] [35m[1mConsolidate compiler generated dependencies of target unittest_cartesian_limits_aggregator[0m
[6.675s] [35m[1mConsolidate compiler generated dependencies of target unittest_joint_limits_container[0m
[6.692s] [ 26%] [32m[1mLinking CXX executable unittest_joint_limit[0m
[6.701s] [ 27%] [32m[1mLinking CXX executable unittest_joint_limits_validator[0m
[6.733s] [ 30%] Built target pilz_industrial_motion_planner_test_utils
[6.737s] [ 31%] [32m[1mLinking CXX executable unittest_cartesian_limits_aggregator[0m
[6.738s] [ 32%] [32m[1mLinking CXX executable unittest_joint_limits_container[0m
[6.739s] [ 33%] [32m[1mLinking CXX executable unittest_joint_limits_aggregator[0m
[6.761s] [ 34%] [32m[1mLinking CXX shared library libcommand_list_manager.so[0m
[6.773s] [35m[1mConsolidate compiler generated dependencies of target unittest_trajectory_functions[0m
[6.841s] [ 36%] [32m[1mLinking CXX executable unittest_trajectory_functions[0m
[7.311s] [ 38%] Built target command_list_manager
[7.340s] [ 39%] Built target unittest_joint_limits_validator
[7.380s] [35m[1mConsolidate compiler generated dependencies of target sequence_capability[0m
[7.386s] [ 40%] Built target unittest_joint_limits_container
[7.415s] [ 42%] Built target unittest_cartesian_limits_aggregator
[7.437s] [ 43%] Built target unittest_joint_limits_aggregator
[7.466s] [ 44%] [32m[1mLinking CXX shared library libsequence_capability.so[0m
[7.491s] [ 45%] Built target unittest_joint_limit
[7.766s] [ 46%] Built target unittest_trajectory_functions
[7.989s] [ 49%] Built target sequence_capability
[25.632s] [ 50%] Built target planning_context_loader_base
[25.655s] [35m[1mConsolidate compiler generated dependencies of target planning_context_loader_circ[0m
[25.660s] [35m[1mConsolidate compiler generated dependencies of target pilz_industrial_motion_planner[0m
[25.663s] [35m[1mConsolidate compiler generated dependencies of target planning_context_loader_ptp[0m
[25.663s] [35m[1mConsolidate compiler generated dependencies of target planning_context_loader_lin[0m
[25.714s] [ 51%] [32m[1mLinking CXX shared library libplanning_context_loader_circ.so[0m
[25.719s] [ 53%] [32m[1mLinking CXX shared library libpilz_industrial_motion_planner.so[0m
[25.732s] [ 54%] [32m[1mLinking CXX shared library libplanning_context_loader_lin.so[0m
[25.746s] [ 55%] [32m[1mLinking CXX shared library libplanning_context_loader_ptp.so[0m
[26.235s] [ 59%] Built target planning_context_loader_ptp
[26.255s] [ 60%] Built target pilz_industrial_motion_planner
[26.267s] [35m[1mConsolidate compiler generated dependencies of target unittest_trajectory_generator_ptp[0m
[26.293s] [ 63%] Built target planning_context_loader_lin
[26.293s] [ 67%] Built target planning_context_loader_circ
[26.298s] [35m[1mConsolidate compiler generated dependencies of target unittest_velocity_profile_atrap[0m
[26.298s] [35m[1mConsolidate compiler generated dependencies of target unittest_pilz_industrial_motion_planner_direct[0m
[26.299s] [35m[1mConsolidate compiler generated dependencies of target unittest_planning_context_loaders[0m
[26.313s] [35m[1mConsolidate compiler generated dependencies of target unittest_trajectory_generator[0m
[26.313s] [35m[1mConsolidate compiler generated dependencies of target unittest_pilz_industrial_motion_planner[0m
[26.328s] [35m[1mConsolidate compiler generated dependencies of target unittest_get_solver_tip_frame[0m
[26.347s] [35m[1mConsolidate compiler generated dependencies of target unittest_trajectory_generator_circ[0m
[26.358s] [ 68%] [32m[1mLinking CXX executable unittest_trajectory_generator_ptp[0m
[26.377s] [35m[1mConsolidate compiler generated dependencies of target unittest_trajectory_generator_common[0m
[26.377s] [35m[1mConsolidate compiler generated dependencies of target unittest_trajectory_blender_transition_window[0m
[26.377s] [35m[1mConsolidate compiler generated dependencies of target unittest_trajectory_generator_lin[0m
[26.388s] [35m[1mConsolidate compiler generated dependencies of target unittest_planning_context[0m
[26.416s] [ 69%] [32m[1mLinking CXX executable unittest_velocity_profile_atrap[0m
[26.416s] [ 71%] [32m[1mLinking CXX executable unittest_pilz_industrial_motion_planner[0m
[26.416s] [ 72%] [32m[1mLinking CXX executable unittest_trajectory_generator[0m
[26.416s] [ 73%] [32m[1mLinking CXX executable unittest_get_solver_tip_frame[0m
[26.417s] [ 74%] [32m[1mLinking CXX executable unittest_planning_context_loaders[0m
[26.450s] [ 75%] [32m[1mLinking CXX executable unittest_trajectory_generator_common[0m
[26.450s] [ 77%] [32m[1mLinking CXX executable unittest_pilz_industrial_motion_planner_direct[0m
[26.501s] [ 78%] [32m[1mLinking CXX executable unittest_trajectory_generator_circ[0m
[26.501s] [ 79%] [32m[1mLinking CXX executable unittest_trajectory_generator_lin[0m
[26.520s] [ 80%] [32m[1mLinking CXX executable unittest_planning_context[0m
[26.548s] [ 81%] [32m[1mLinking CXX executable unittest_trajectory_blender_transition_window[0m
[27.363s] [ 84%] Built target unittest_trajectory_generator
[27.552s] [ 85%] Built target unittest_pilz_industrial_motion_planner
[27.560s] [ 86%] Built target unittest_pilz_industrial_motion_planner_direct
[27.722s] [ 87%] Built target unittest_trajectory_generator_lin
[27.808s] [ 89%] Built target unittest_planning_context_loaders
[27.839s] [ 91%] Built target unittest_trajectory_blender_transition_window
[27.841s] [ 92%] Built target unittest_trajectory_generator_circ
[27.859s] [ 93%] Built target unittest_planning_context
[27.909s] [ 95%] Built target unittest_trajectory_generator_ptp
[27.930s] [ 96%] Built target unittest_trajectory_generator_common
[32.454s] [ 98%] Built target unittest_velocity_profile_atrap
[32.759s] [100%] Built target unittest_get_solver_tip_frame
[32.776s] Invoked command in '/home/manoj/ros2_ws/build/pilz_industrial_motion_planner' returned '0': AMENT_PREFIX_PATH=/home/manoj/ros2_ws/install/moveit_configs_utils:/home/manoj/ros2_ws/install/ur_description:/home/manoj/ros2_ws/install/pilz_industrial_motion_planner_testutils:/home/manoj/ros2_ws/install/moveit_runtime:/home/manoj/ros2_ws/install/moveit:/home/manoj/ros2_ws/install/moveit_planners:/home/manoj/ros2_ws/install/pilz_industrial_motion_planner:/home/manoj/ros2_ws/install/my_mobile_manipulator_description:/home/manoj/ros2_ws/install/moveit_ros_control_interface:/home/manoj/ros2_ws/install/moveit_plugins:/home/manoj/ros2_ws/install/moveit_simple_controller_manager:/home/manoj/ros2_ws/install/moveit_setup_assistant:/home/manoj/ros2_ws/install/moveit_setup_srdf_plugins:/home/manoj/ros2_ws/install/moveit_setup_core_plugins:/home/manoj/ros2_ws/install/moveit_setup_controllers:/home/manoj/ros2_ws/install/moveit_setup_app_plugins:/home/manoj/ros2_ws/install/moveit_setup_framework:/home/manoj/ros2_ws/install/moveit_servo:/home/manoj/ros2_ws/install/moveit_ros:/home/manoj/ros2_ws/install/moveit_ros_visualization:/home/manoj/ros2_ws/install/moveit_hybrid_planning:/home/manoj/ros2_ws/install/moveit_ros_planning_interface:/home/manoj/ros2_ws/install/moveit_ros_benchmarks:/home/manoj/ros2_ws/install/moveit_ros_warehouse:/home/manoj/ros2_ws/install/moveit_ros_robot_interaction:/home/manoj/ros2_ws/install/moveit_ros_perception:/home/manoj/ros2_ws/install/moveit_resources_prbt_pg70_support:/home/manoj/ros2_ws/install/moveit_resources_prbt_moveit_config:/home/manoj/ros2_ws/install/moveit_ros_move_group:/home/manoj/ros2_ws/install/moveit_planners_ompl:/home/manoj/ros2_ws/install/moveit_ros_planning:/home/manoj/ros2_ws/install/moveit_ros_occupancy_map_monitor:/home/manoj/ros2_ws/install/moveit_resources_prbt_support:/home/manoj/ros2_ws/install/moveit_resources_prbt_ikfast_manipulator_plugin:/home/manoj/ros2_ws/install/moveit_resources:/home/manoj/ros2_ws/install/moveit_resources_pr2_description:/home/manoj/ros2_ws/install/moveit_resources_panda_moveit_config:/home/manoj/ros2_ws/install/dual_arm_panda_moveit_config:/home/manoj/ros2_ws/install/moveit_resources_panda_description:/home/manoj/ros2_ws/install/moveit_resources_fanuc_moveit_config:/home/manoj/ros2_ws/install/moveit_resources_fanuc_description:/home/manoj/ros2_ws/install/moveit_planners_chomp:/home/manoj/ros2_ws/install/moveit_kinematics:/home/manoj/ros2_ws/install/moveit_chomp_optimizer_adapter:/home/manoj/ros2_ws/install/chomp_motion_planner:/home/manoj/ros2_ws/install/moveit_core:/home/manoj/ros2_ws/install/moveit_common:/opt/ros/humble CMAKE_PREFIX_PATH=/home/manoj/ros2_ws/install/moveit_resources_prbt_pg70_support:/home/manoj/ros2_ws/install/moveit_ros_planning_interface:/home/manoj/ros2_ws/install/moveit_resources_prbt_moveit_config:/home/manoj/ros2_ws/install/moveit_ros_move_group:/home/manoj/ros2_ws/install/moveit_ros_warehouse:/home/manoj/ros2_ws/install/moveit_planners_ompl:/home/manoj/ros2_ws/install/moveit_kinematics:/home/manoj/ros2_ws/install/moveit_ros_planning:/home/manoj/ros2_ws/install/pilz_industrial_motion_planner_testutils:/home/manoj/ros2_ws/install/moveit_simple_controller_manager:/home/manoj/ros2_ws/install/moveit_ros_occupancy_map_monitor:/home/manoj/ros2_ws/install/moveit_resources_prbt_ikfast_manipulator_plugin:/home/manoj/ros2_ws/install/moveit_core:/home/manoj/ros2_ws/install/moveit_resources_panda_moveit_config:/home/manoj/ros2_ws/install/moveit_resources_fanuc_moveit_config:/home/manoj/ros2_ws/install/moveit_resources_prbt_support:/home/manoj/ros2_ws/install/moveit_resources_pr2_description:/home/manoj/ros2_ws/install/moveit_resources_panda_description:/home/manoj/ros2_ws/install/moveit_resources_fanuc_description:/home/manoj/ros2_ws/install/moveit_common:/home/manoj/ros2_ws/install/ur_description:/home/manoj/ros2_ws/install/moveit_runtime:/home/manoj/ros2_ws/install/moveit:/home/manoj/ros2_ws/install/moveit_planners:/home/manoj/ros2_ws/install/pilz_industrial_motion_planner:/home/manoj/ros2_ws/install/my_mobile_manipulator_description:/home/manoj/ros2_ws/install/moveit_ros_control_interface:/home/manoj/ros2_ws/install/moveit_plugins:/home/manoj/ros2_ws/install/moveit_setup_assistant:/home/manoj/ros2_ws/install/moveit_setup_srdf_plugins:/home/manoj/ros2_ws/install/moveit_setup_core_plugins:/home/manoj/ros2_ws/install/moveit_setup_controllers:/home/manoj/ros2_ws/install/moveit_setup_app_plugins:/home/manoj/ros2_ws/install/moveit_setup_framework:/home/manoj/ros2_ws/install/moveit_servo:/home/manoj/ros2_ws/install/moveit_ros:/home/manoj/ros2_ws/install/moveit_ros_visualization:/home/manoj/ros2_ws/install/moveit_hybrid_planning:/home/manoj/ros2_ws/install/moveit_ros_benchmarks:/home/manoj/ros2_ws/install/moveit_ros_robot_interaction:/home/manoj/ros2_ws/install/moveit_ros_perception:/home/manoj/ros2_ws/install/moveit_resources:/home/manoj/ros2_ws/install/dual_arm_panda_moveit_config:/home/manoj/ros2_ws/install/moveit_planners_chomp:/home/manoj/ros2_ws/install/moveit_chomp_optimizer_adapter:/home/manoj/ros2_ws/install/chomp_motion_planner:/home/manoj/ros2_ws/install/moveit_configs_utils:/opt/ros/humble LD_LIBRARY_PATH=/home/manoj/ros2_ws/install/moveit_ros_planning_interface/lib:/home/manoj/ros2_ws/install/moveit_ros_move_group/lib:/home/manoj/ros2_ws/install/moveit_ros_warehouse/lib:/home/manoj/ros2_ws/install/moveit_planners_ompl/lib:/home/manoj/ros2_ws/install/moveit_kinematics/lib:/home/manoj/ros2_ws/install/moveit_ros_planning/lib:/home/manoj/ros2_ws/install/pilz_industrial_motion_planner_testutils/lib:/home/manoj/ros2_ws/install/moveit_simple_controller_manager/lib:/home/manoj/ros2_ws/install/moveit_ros_occupancy_map_monitor/lib:/home/manoj/ros2_ws/install/moveit_resources_prbt_ikfast_manipulator_plugin/lib:/home/manoj/ros2_ws/install/moveit_core/lib:/home/manoj/ros2_ws/install/pilz_industrial_motion_planner/lib:/home/manoj/ros2_ws/install/moveit_ros_control_interface/lib:/home/manoj/ros2_ws/install/moveit_setup_assistant/lib:/home/manoj/ros2_ws/install/moveit_setup_srdf_plugins/lib:/home/manoj/ros2_ws/install/moveit_setup_core_plugins/lib:/home/manoj/ros2_ws/install/moveit_setup_controllers/lib:/home/manoj/ros2_ws/install/moveit_setup_app_plugins/lib:/home/manoj/ros2_ws/install/moveit_setup_framework/lib:/home/manoj/ros2_ws/install/moveit_servo/lib:/home/manoj/ros2_ws/install/moveit_ros_visualization/lib:/home/manoj/ros2_ws/install/moveit_hybrid_planning/lib:/home/manoj/ros2_ws/install/moveit_ros_benchmarks/lib:/home/manoj/ros2_ws/install/moveit_ros_robot_interaction/lib:/home/manoj/ros2_ws/install/moveit_ros_perception/lib:/home/manoj/ros2_ws/install/moveit_planners_chomp/lib:/home/manoj/ros2_ws/install/moveit_chomp_optimizer_adapter/lib:/home/manoj/ros2_ws/install/chomp_motion_planner/lib:/usr/lib/x86_64-linux-gnu/gazebo-11/plugins:/opt/ros/humble/opt/rviz_ogre_vendor/lib:/opt/ros/humble/lib/x86_64-linux-gnu:/opt/ros/humble/lib /usr/bin/cmake --build /home/manoj/ros2_ws/build/pilz_industrial_motion_planner -- -j12 -l12
[32.777s] Invoking command in '/home/manoj/ros2_ws/build/pilz_industrial_motion_planner': AMENT_PREFIX_PATH=/home/manoj/ros2_ws/install/moveit_configs_utils:/home/manoj/ros2_ws/install/ur_description:/home/manoj/ros2_ws/install/pilz_industrial_motion_planner_testutils:/home/manoj/ros2_ws/install/moveit_runtime:/home/manoj/ros2_ws/install/moveit:/home/manoj/ros2_ws/install/moveit_planners:/home/manoj/ros2_ws/install/pilz_industrial_motion_planner:/home/manoj/ros2_ws/install/my_mobile_manipulator_description:/home/manoj/ros2_ws/install/moveit_ros_control_interface:/home/manoj/ros2_ws/install/moveit_plugins:/home/manoj/ros2_ws/install/moveit_simple_controller_manager:/home/manoj/ros2_ws/install/moveit_setup_assistant:/home/manoj/ros2_ws/install/moveit_setup_srdf_plugins:/home/manoj/ros2_ws/install/moveit_setup_core_plugins:/home/manoj/ros2_ws/install/moveit_setup_controllers:/home/manoj/ros2_ws/install/moveit_setup_app_plugins:/home/manoj/ros2_ws/install/moveit_setup_framework:/home/manoj/ros2_ws/install/moveit_servo:/home/manoj/ros2_ws/install/moveit_ros:/home/manoj/ros2_ws/install/moveit_ros_visualization:/home/manoj/ros2_ws/install/moveit_hybrid_planning:/home/manoj/ros2_ws/install/moveit_ros_planning_interface:/home/manoj/ros2_ws/install/moveit_ros_benchmarks:/home/manoj/ros2_ws/install/moveit_ros_warehouse:/home/manoj/ros2_ws/install/moveit_ros_robot_interaction:/home/manoj/ros2_ws/install/moveit_ros_perception:/home/manoj/ros2_ws/install/moveit_resources_prbt_pg70_support:/home/manoj/ros2_ws/install/moveit_resources_prbt_moveit_config:/home/manoj/ros2_ws/install/moveit_ros_move_group:/home/manoj/ros2_ws/install/moveit_planners_ompl:/home/manoj/ros2_ws/install/moveit_ros_planning:/home/manoj/ros2_ws/install/moveit_ros_occupancy_map_monitor:/home/manoj/ros2_ws/install/moveit_resources_prbt_support:/home/manoj/ros2_ws/install/moveit_resources_prbt_ikfast_manipulator_plugin:/home/manoj/ros2_ws/install/moveit_resources:/home/manoj/ros2_ws/install/moveit_resources_pr2_description:/home/manoj/ros2_ws/install/moveit_resources_panda_moveit_config:/home/manoj/ros2_ws/install/dual_arm_panda_moveit_config:/home/manoj/ros2_ws/install/moveit_resources_panda_description:/home/manoj/ros2_ws/install/moveit_resources_fanuc_moveit_config:/home/manoj/ros2_ws/install/moveit_resources_fanuc_description:/home/manoj/ros2_ws/install/moveit_planners_chomp:/home/manoj/ros2_ws/install/moveit_kinematics:/home/manoj/ros2_ws/install/moveit_chomp_optimizer_adapter:/home/manoj/ros2_ws/install/chomp_motion_planner:/home/manoj/ros2_ws/install/moveit_core:/home/manoj/ros2_ws/install/moveit_common:/opt/ros/humble CMAKE_PREFIX_PATH=/home/manoj/ros2_ws/install/moveit_resources_prbt_pg70_support:/home/manoj/ros2_ws/install/moveit_ros_planning_interface:/home/manoj/ros2_ws/install/moveit_resources_prbt_moveit_config:/home/manoj/ros2_ws/install/moveit_ros_move_group:/home/manoj/ros2_ws/install/moveit_ros_warehouse:/home/manoj/ros2_ws/install/moveit_planners_ompl:/home/manoj/ros2_ws/install/moveit_kinematics:/home/manoj/ros2_ws/install/moveit_ros_planning:/home/manoj/ros2_ws/install/pilz_industrial_motion_planner_testutils:/home/manoj/ros2_ws/install/moveit_simple_controller_manager:/home/manoj/ros2_ws/install/moveit_ros_occupancy_map_monitor:/home/manoj/ros2_ws/install/moveit_resources_prbt_ikfast_manipulator_plugin:/home/manoj/ros2_ws/install/moveit_core:/home/manoj/ros2_ws/install/moveit_resources_panda_moveit_config:/home/manoj/ros2_ws/install/moveit_resources_fanuc_moveit_config:/home/manoj/ros2_ws/install/moveit_resources_prbt_support:/home/manoj/ros2_ws/install/moveit_resources_pr2_description:/home/manoj/ros2_ws/install/moveit_resources_panda_description:/home/manoj/ros2_ws/install/moveit_resources_fanuc_description:/home/manoj/ros2_ws/install/moveit_common:/home/manoj/ros2_ws/install/ur_description:/home/manoj/ros2_ws/install/moveit_runtime:/home/manoj/ros2_ws/install/moveit:/home/manoj/ros2_ws/install/moveit_planners:/home/manoj/ros2_ws/install/pilz_industrial_motion_planner:/home/manoj/ros2_ws/install/my_mobile_manipulator_description:/home/manoj/ros2_ws/install/moveit_ros_control_interface:/home/manoj/ros2_ws/install/moveit_plugins:/home/manoj/ros2_ws/install/moveit_setup_assistant:/home/manoj/ros2_ws/install/moveit_setup_srdf_plugins:/home/manoj/ros2_ws/install/moveit_setup_core_plugins:/home/manoj/ros2_ws/install/moveit_setup_controllers:/home/manoj/ros2_ws/install/moveit_setup_app_plugins:/home/manoj/ros2_ws/install/moveit_setup_framework:/home/manoj/ros2_ws/install/moveit_servo:/home/manoj/ros2_ws/install/moveit_ros:/home/manoj/ros2_ws/install/moveit_ros_visualization:/home/manoj/ros2_ws/install/moveit_hybrid_planning:/home/manoj/ros2_ws/install/moveit_ros_benchmarks:/home/manoj/ros2_ws/install/moveit_ros_robot_interaction:/home/manoj/ros2_ws/install/moveit_ros_perception:/home/manoj/ros2_ws/install/moveit_resources:/home/manoj/ros2_ws/install/dual_arm_panda_moveit_config:/home/manoj/ros2_ws/install/moveit_planners_chomp:/home/manoj/ros2_ws/install/moveit_chomp_optimizer_adapter:/home/manoj/ros2_ws/install/chomp_motion_planner:/home/manoj/ros2_ws/install/moveit_configs_utils:/opt/ros/humble LD_LIBRARY_PATH=/home/manoj/ros2_ws/install/moveit_ros_planning_interface/lib:/home/manoj/ros2_ws/install/moveit_ros_move_group/lib:/home/manoj/ros2_ws/install/moveit_ros_warehouse/lib:/home/manoj/ros2_ws/install/moveit_planners_ompl/lib:/home/manoj/ros2_ws/install/moveit_kinematics/lib:/home/manoj/ros2_ws/install/moveit_ros_planning/lib:/home/manoj/ros2_ws/install/pilz_industrial_motion_planner_testutils/lib:/home/manoj/ros2_ws/install/moveit_simple_controller_manager/lib:/home/manoj/ros2_ws/install/moveit_ros_occupancy_map_monitor/lib:/home/manoj/ros2_ws/install/moveit_resources_prbt_ikfast_manipulator_plugin/lib:/home/manoj/ros2_ws/install/moveit_core/lib:/home/manoj/ros2_ws/install/pilz_industrial_motion_planner/lib:/home/manoj/ros2_ws/install/moveit_ros_control_interface/lib:/home/manoj/ros2_ws/install/moveit_setup_assistant/lib:/home/manoj/ros2_ws/install/moveit_setup_srdf_plugins/lib:/home/manoj/ros2_ws/install/moveit_setup_core_plugins/lib:/home/manoj/ros2_ws/install/moveit_setup_controllers/lib:/home/manoj/ros2_ws/install/moveit_setup_app_plugins/lib:/home/manoj/ros2_ws/install/moveit_setup_framework/lib:/home/manoj/ros2_ws/install/moveit_servo/lib:/home/manoj/ros2_ws/install/moveit_ros_visualization/lib:/home/manoj/ros2_ws/install/moveit_hybrid_planning/lib:/home/manoj/ros2_ws/install/moveit_ros_benchmarks/lib:/home/manoj/ros2_ws/install/moveit_ros_robot_interaction/lib:/home/manoj/ros2_ws/install/moveit_ros_perception/lib:/home/manoj/ros2_ws/install/moveit_planners_chomp/lib:/home/manoj/ros2_ws/install/moveit_chomp_optimizer_adapter/lib:/home/manoj/ros2_ws/install/chomp_motion_planner/lib:/usr/lib/x86_64-linux-gnu/gazebo-11/plugins:/opt/ros/humble/opt/rviz_ogre_vendor/lib:/opt/ros/humble/lib/x86_64-linux-gnu:/opt/ros/humble/lib /usr/bin/cmake --install /home/manoj/ros2_ws/build/pilz_industrial_motion_planner
[32.787s] -- Install configuration: "Release"
[32.788s] -- Execute custom install script
[32.788s] -- Up-to-date symlink: /home/manoj/ros2_ws/install/pilz_industrial_motion_planner/share/pilz_industrial_motion_planner/plugins/pilz_industrial_motion_planner_plugin_description.xml
[32.789s] -- Up-to-date symlink: /home/manoj/ros2_ws/install/pilz_industrial_motion_planner/share/pilz_industrial_motion_planner/plugins/sequence_capability_plugin_description.xml
[32.789s] -- Up-to-date symlink: /home/manoj/ros2_ws/install/pilz_industrial_motion_planner/share/pilz_industrial_motion_planner/plugins/planning_context_plugin_description.xml
[32.790s] -- Up-to-date symlink: /home/manoj/ros2_ws/install/pilz_industrial_motion_planner/include/joint_limits_copy/joint_limits.hpp
[32.790s] -- Up-to-date symlink: /home/manoj/ros2_ws/install/pilz_industrial_motion_planner/include/joint_limits_copy/joint_limits_rosparam.hpp
[32.790s] -- Up-to-date symlink: /home/manoj/ros2_ws/install/pilz_industrial_motion_planner/include/pilz_industrial_motion_planner/capability_names.h
[32.791s] -- Up-to-date symlink: /home/manoj/ros2_ws/install/pilz_industrial_motion_planner/include/pilz_industrial_motion_planner/cartesian_limit.h
[32.791s] -- Up-to-date symlink: /home/manoj/ros2_ws/install/pilz_industrial_motion_planner/include/pilz_industrial_motion_planner/cartesian_limits_aggregator.h
[32.791s] -- Up-to-date symlink: /home/manoj/ros2_ws/install/pilz_industrial_motion_planner/include/pilz_industrial_motion_planner/cartesian_trajectory.h
[32.791s] -- Up-to-date symlink: /home/manoj/ros2_ws/install/pilz_industrial_motion_planner/include/pilz_industrial_motion_planner/cartesian_trajectory_point.h
[32.791s] -- Up-to-date symlink: /home/manoj/ros2_ws/install/pilz_industrial_motion_planner/include/pilz_industrial_motion_planner/command_list_manager.h
[32.791s] -- Up-to-date symlink: /home/manoj/ros2_ws/install/pilz_industrial_motion_planner/include/pilz_industrial_motion_planner/joint_limits_aggregator.h
[32.791s] -- Up-to-date symlink: /home/manoj/ros2_ws/install/pilz_industrial_motion_planner/include/pilz_industrial_motion_planner/joint_limits_container.h
[32.792s] -- Up-to-date symlink: /home/manoj/ros2_ws/install/pilz_industrial_motion_planner/include/pilz_industrial_motion_planner/joint_limits_extension.h
[32.792s] -- Up-to-date symlink: /home/manoj/ros2_ws/install/pilz_industrial_motion_planner/include/pilz_industrial_motion_planner/joint_limits_interface_extension.h
[32.792s] -- Up-to-date symlink: /home/manoj/ros2_ws/install/pilz_industrial_motion_planner/include/pilz_industrial_motion_planner/joint_limits_validator.h
[32.792s] -- Up-to-date symlink: /home/manoj/ros2_ws/install/pilz_industrial_motion_planner/include/pilz_industrial_motion_planner/limits_container.h
[32.792s] -- Up-to-date symlink: /home/manoj/ros2_ws/install/pilz_industrial_motion_planner/include/pilz_industrial_motion_planner/move_group_sequence_action.h
[32.792s] -- Up-to-date symlink: /home/manoj/ros2_ws/install/pilz_industrial_motion_planner/include/pilz_industrial_motion_planner/move_group_sequence_service.h
[32.792s] -- Up-to-date symlink: /home/manoj/ros2_ws/install/pilz_industrial_motion_planner/include/pilz_industrial_motion_planner/path_circle_generator.h
[32.793s] -- Up-to-date symlink: /home/manoj/ros2_ws/install/pilz_industrial_motion_planner/include/pilz_industrial_motion_planner/pilz_industrial_motion_planner.h
[32.793s] -- Up-to-date symlink: /home/manoj/ros2_ws/install/pilz_industrial_motion_planner/include/pilz_industrial_motion_planner/plan_components_builder.h
[32.793s] -- Up-to-date symlink: /home/manoj/ros2_ws/install/pilz_industrial_motion_planner/include/pilz_industrial_motion_planner/planning_context_base.h
[32.793s] -- Up-to-date symlink: /home/manoj/ros2_ws/install/pilz_industrial_motion_planner/include/pilz_industrial_motion_planner/planning_context_circ.h
[32.793s] -- Up-to-date symlink: /home/manoj/ros2_ws/install/pilz_industrial_motion_planner/include/pilz_industrial_motion_planner/planning_context_lin.h
[32.793s] -- Up-to-date symlink: /home/manoj/ros2_ws/install/pilz_industrial_motion_planner/include/pilz_industrial_motion_planner/planning_context_loader.h
[32.793s] -- Up-to-date symlink: /home/manoj/ros2_ws/install/pilz_industrial_motion_planner/include/pilz_industrial_motion_planner/planning_context_loader_circ.h
[32.794s] -- Up-to-date symlink: /home/manoj/ros2_ws/install/pilz_industrial_motion_planner/include/pilz_industrial_motion_planner/planning_context_loader_lin.h
[32.794s] -- Up-to-date symlink: /home/manoj/ros2_ws/install/pilz_industrial_motion_planner/include/pilz_industrial_motion_planner/planning_context_loader_ptp.h
[32.794s] -- Up-to-date symlink: /home/manoj/ros2_ws/install/pilz_industrial_motion_planner/include/pilz_industrial_motion_planner/planning_context_ptp.h
[32.794s] -- Up-to-date symlink: /home/manoj/ros2_ws/install/pilz_industrial_motion_planner/include/pilz_industrial_motion_planner/planning_exceptions.h
[32.794s] -- Up-to-date symlink: /home/manoj/ros2_ws/install/pilz_industrial_motion_planner/include/pilz_industrial_motion_planner/tip_frame_getter.h
[32.794s] -- Up-to-date symlink: /home/manoj/ros2_ws/install/pilz_industrial_motion_planner/include/pilz_industrial_motion_planner/trajectory_blend_request.h
[32.794s] -- Up-to-date symlink: /home/manoj/ros2_ws/install/pilz_industrial_motion_planner/include/pilz_industrial_motion_planner/trajectory_blend_response.h
[32.795s] -- Up-to-date symlink: /home/manoj/ros2_ws/install/pilz_industrial_motion_planner/include/pilz_industrial_motion_planner/trajectory_blender.h
[32.795s] -- Up-to-date symlink: /home/manoj/ros2_ws/install/pilz_industrial_motion_planner/include/pilz_industrial_motion_planner/trajectory_blender_transition_window.h
[32.795s] -- Up-to-date symlink: /home/manoj/ros2_ws/install/pilz_industrial_motion_planner/include/pilz_industrial_motion_planner/trajectory_functions.h
[32.795s] -- Up-to-date symlink: /home/manoj/ros2_ws/install/pilz_industrial_motion_planner/include/pilz_industrial_motion_planner/trajectory_generation_exceptions.h
[32.795s] -- Up-to-date symlink: /home/manoj/ros2_ws/install/pilz_industrial_motion_planner/include/pilz_industrial_motion_planner/trajectory_generator.h
[32.795s] -- Up-to-date symlink: /home/manoj/ros2_ws/install/pilz_industrial_motion_planner/include/pilz_industrial_motion_planner/trajectory_generator_circ.h
[32.795s] -- Up-to-date symlink: /home/manoj/ros2_ws/install/pilz_industrial_motion_planner/include/pilz_industrial_motion_planner/trajectory_generator_lin.h
[32.795s] -- Up-to-date symlink: /home/manoj/ros2_ws/install/pilz_industrial_motion_planner/include/pilz_industrial_motion_planner/trajectory_generator_ptp.h
[32.796s] -- Up-to-date symlink: /home/manoj/ros2_ws/install/pilz_industrial_motion_planner/include/pilz_industrial_motion_planner/velocity_profile_atrap.h
[32.796s] -- Up-to-date symlink: /home/manoj/ros2_ws/install/pilz_industrial_motion_planner/share/pilz_industrial_motion_planner/environment/library_path.sh
[32.796s] -- Up-to-date symlink: /home/manoj/ros2_ws/install/pilz_industrial_motion_planner/share/pilz_industrial_motion_planner/environment/library_path.dsv
[32.797s] -- Up-to-date symlink: /home/manoj/ros2_ws/install/pilz_industrial_motion_planner/lib/pilz_industrial_motion_planner/unittest_pilz_industrial_motion_planner_direct
[32.797s] -- Up-to-date symlink: /home/manoj/ros2_ws/install/pilz_industrial_motion_planner/lib/pilz_industrial_motion_planner/unittest_velocity_profile_atrap
[32.797s] -- Up-to-date symlink: /home/manoj/ros2_ws/install/pilz_industrial_motion_planner/lib/pilz_industrial_motion_planner/unittest_trajectory_generator
[32.797s] -- Up-to-date symlink: /home/manoj/ros2_ws/install/pilz_industrial_motion_planner/lib/pilz_industrial_motion_planner/unittest_trajectory_functions
[32.797s] -- Up-to-date symlink: /home/manoj/ros2_ws/install/pilz_industrial_motion_planner/lib/pilz_industrial_motion_planner/unittest_trajectory_blender_transition_window
[32.798s] -- Up-to-date symlink: /home/manoj/ros2_ws/install/pilz_industrial_motion_planner/lib/pilz_industrial_motion_planner/unittest_trajectory_generator_common
[32.798s] -- Up-to-date symlink: /home/manoj/ros2_ws/install/pilz_industrial_motion_planner/lib/pilz_industrial_motion_planner/unittest_trajectory_generator_circ
[32.798s] -- Up-to-date symlink: /home/manoj/ros2_ws/install/pilz_industrial_motion_planner/lib/pilz_industrial_motion_planner/unittest_trajectory_generator_lin
[32.798s] -- Up-to-date symlink: /home/manoj/ros2_ws/install/pilz_industrial_motion_planner/lib/pilz_industrial_motion_planner/unittest_trajectory_generator_ptp
[32.798s] -- Up-to-date symlink: /home/manoj/ros2_ws/install/pilz_industrial_motion_planner/lib/pilz_industrial_motion_planner/unittest_pilz_industrial_motion_planner
[32.799s] -- Up-to-date symlink: /home/manoj/ros2_ws/install/pilz_industrial_motion_planner/lib/pilz_industrial_motion_planner/unittest_joint_limit
[32.799s] -- Up-to-date symlink: /home/manoj/ros2_ws/install/pilz_industrial_motion_planner/lib/pilz_industrial_motion_planner/unittest_joint_limits_aggregator
[32.799s] -- Up-to-date symlink: /home/manoj/ros2_ws/install/pilz_industrial_motion_planner/lib/pilz_industrial_motion_planner/unittest_joint_limits_container
[32.799s] -- Up-to-date symlink: /home/manoj/ros2_ws/install/pilz_industrial_motion_planner/lib/pilz_industrial_motion_planner/unittest_joint_limits_validator
[32.799s] -- Up-to-date symlink: /home/manoj/ros2_ws/install/pilz_industrial_motion_planner/lib/pilz_industrial_motion_planner/unittest_cartesian_limits_aggregator
[32.800s] -- Up-to-date symlink: /home/manoj/ros2_ws/install/pilz_industrial_motion_planner/lib/pilz_industrial_motion_planner/unittest_planning_context_loaders
[32.800s] -- Up-to-date symlink: /home/manoj/ros2_ws/install/pilz_industrial_motion_planner/lib/pilz_industrial_motion_planner/unittest_planning_context
[32.800s] -- Up-to-date symlink: /home/manoj/ros2_ws/install/pilz_industrial_motion_planner/lib/pilz_industrial_motion_planner/unittest_get_solver_tip_frame
[32.801s] -- Up-to-date symlink: /home/manoj/ros2_ws/install/pilz_industrial_motion_planner/share/pilz_industrial_motion_planner/config/unittest_cartesian_limits_aggregator.yaml
[32.801s] -- Up-to-date symlink: /home/manoj/ros2_ws/install/pilz_industrial_motion_planner/share/pilz_industrial_motion_planner/config/unittest_joint_limit_config.yaml
[32.801s] -- Up-to-date symlink: /home/manoj/ros2_ws/install/pilz_industrial_motion_planner/share/pilz_industrial_motion_planner/config/unittest_joint_limits_aggregator.yaml
[32.801s] -- Up-to-date symlink: /home/manoj/ros2_ws/install/pilz_industrial_motion_planner/share/pilz_industrial_motion_planner/config/unittest_trajectory_blender_transition_window.yaml
[32.801s] -- Up-to-date symlink: /home/manoj/ros2_ws/install/pilz_industrial_motion_planner/share/pilz_industrial_motion_planner/config/unittest_trajectory_functions.yaml
[32.801s] -- Up-to-date symlink: /home/manoj/ros2_ws/install/pilz_industrial_motion_planner/share/pilz_industrial_motion_planner/config/unittest_trajectory_generator_circ.yaml
[32.802s] -- Up-to-date symlink: /home/manoj/ros2_ws/install/pilz_industrial_motion_planner/share/pilz_industrial_motion_planner/config/unittest_trajectory_generator_common.yaml
[32.802s] -- Up-to-date symlink: /home/manoj/ros2_ws/install/pilz_industrial_motion_planner/share/pilz_industrial_motion_planner/config/unittest_trajectory_generator_lin.yaml
[32.802s] -- Up-to-date symlink: /home/manoj/ros2_ws/install/pilz_industrial_motion_planner/share/pilz_industrial_motion_planner/config/unittest_trajectory_generator_ptp.yaml
[32.802s] -- Up-to-date symlink: /home/manoj/ros2_ws/install/pilz_industrial_motion_planner/share/pilz_industrial_motion_planner/launch/common_parameters.py
[32.803s] -- Up-to-date symlink: /home/manoj/ros2_ws/install/pilz_industrial_motion_planner/share/pilz_industrial_motion_planner/launch/unittest_cartesian_limits_aggregator.test.py
[32.803s] -- Up-to-date symlink: /home/manoj/ros2_ws/install/pilz_industrial_motion_planner/share/pilz_industrial_motion_planner/launch/unittest_joint_limit.test.py
[32.803s] -- Up-to-date symlink: /home/manoj/ros2_ws/install/pilz_industrial_motion_planner/share/pilz_industrial_motion_planner/launch/unittest_joint_limits_aggregator.test.py
[32.803s] -- Up-to-date symlink: /home/manoj/ros2_ws/install/pilz_industrial_motion_planner/share/pilz_industrial_motion_planner/launch/unittest_pilz_industrial_motion_planner.test.py
[32.803s] -- Up-to-date symlink: /home/manoj/ros2_ws/install/pilz_industrial_motion_planner/share/pilz_industrial_motion_planner/launch/unittest_planning_context.test.py
[32.803s] -- Up-to-date symlink: /home/manoj/ros2_ws/install/pilz_industrial_motion_planner/share/pilz_industrial_motion_planner/launch/unittest_planning_context_loaders.test.py
[32.803s] -- Up-to-date symlink: /home/manoj/ros2_ws/install/pilz_industrial_motion_planner/share/pilz_industrial_motion_planner/launch/unittest_trajectory_blender_transition_window.test.py
[32.804s] -- Up-to-date symlink: /home/manoj/ros2_ws/install/pilz_industrial_motion_planner/share/pilz_industrial_motion_planner/launch/unittest_trajectory_functions.test.py
[32.804s] -- Up-to-date symlink: /home/manoj/ros2_ws/install/pilz_industrial_motion_planner/share/pilz_industrial_motion_planner/launch/unittest_trajectory_generator_circ.test.py
[32.804s] -- Up-to-date symlink: /home/manoj/ros2_ws/install/pilz_industrial_motion_planner/share/pilz_industrial_motion_planner/launch/unittest_trajectory_generator_common.test.py
[32.804s] -- Up-to-date symlink: /home/manoj/ros2_ws/install/pilz_industrial_motion_planner/share/pilz_industrial_motion_planner/launch/unittest_trajectory_generator_lin.test.py
[32.804s] -- Up-to-date symlink: /home/manoj/ros2_ws/install/pilz_industrial_motion_planner/share/pilz_industrial_motion_planner/launch/unittest_trajectory_generator_ptp.test.py
[32.805s] -- Up-to-date symlink: /home/manoj/ros2_ws/install/pilz_industrial_motion_planner/share/pilz_industrial_motion_planner/test_data/concept_testdata.odp
[32.805s] -- Up-to-date symlink: /home/manoj/ros2_ws/install/pilz_industrial_motion_planner/share/pilz_industrial_motion_planner/test_data/concept_testdata.png
[32.805s] -- Up-to-date symlink: /home/manoj/ros2_ws/install/pilz_industrial_motion_planner/share/pilz_industrial_motion_planner/test_data/frankaemika_panda/testdata_sequence.xml
[32.805s] -- Up-to-date symlink: /home/manoj/ros2_ws/install/pilz_industrial_motion_planner/share/pilz_industrial_motion_planner/test_data/prbt/testdata_deprecated.xml
[32.805s] -- Up-to-date symlink: /home/manoj/ros2_ws/install/pilz_industrial_motion_planner/share/pilz_industrial_motion_planner/test_data/prbt/testdata_sequence.xml
[32.805s] -- Up-to-date symlink: /home/manoj/ros2_ws/install/pilz_industrial_motion_planner/share/pilz_industrial_motion_planner/test_data/prbt/testdata_with_gripper.xml
[32.806s] -- Up-to-date symlink: /home/manoj/ros2_ws/install/pilz_industrial_motion_planner/share/pilz_industrial_motion_planner/test_data/testpoints.py
[32.806s] -- Up-to-date symlink: /home/manoj/ros2_ws/install/pilz_industrial_motion_planner/share/ament_index/resource_index/package_run_dependencies/pilz_industrial_motion_planner
[32.806s] -- Up-to-date symlink: /home/manoj/ros2_ws/install/pilz_industrial_motion_planner/share/ament_index/resource_index/parent_prefix_path/pilz_industrial_motion_planner
[32.806s] -- Up-to-date symlink: /home/manoj/ros2_ws/install/pilz_industrial_motion_planner/share/pilz_industrial_motion_planner/environment/ament_prefix_path.sh
[32.807s] -- Up-to-date symlink: /home/manoj/ros2_ws/install/pilz_industrial_motion_planner/share/pilz_industrial_motion_planner/environment/ament_prefix_path.dsv
[32.807s] -- Up-to-date symlink: /home/manoj/ros2_ws/install/pilz_industrial_motion_planner/share/pilz_industrial_motion_planner/environment/path.sh
[32.807s] -- Up-to-date symlink: /home/manoj/ros2_ws/install/pilz_industrial_motion_planner/share/pilz_industrial_motion_planner/environment/path.dsv
[32.807s] -- Up-to-date symlink: /home/manoj/ros2_ws/install/pilz_industrial_motion_planner/share/pilz_industrial_motion_planner/local_setup.bash
[32.807s] -- Up-to-date symlink: /home/manoj/ros2_ws/install/pilz_industrial_motion_planner/share/pilz_industrial_motion_planner/local_setup.sh
[32.807s] -- Up-to-date symlink: /home/manoj/ros2_ws/install/pilz_industrial_motion_planner/share/pilz_industrial_motion_planner/local_setup.zsh
[32.808s] -- Up-to-date symlink: /home/manoj/ros2_ws/install/pilz_industrial_motion_planner/share/pilz_industrial_motion_planner/local_setup.dsv
[32.808s] -- Symlinking: /home/manoj/ros2_ws/install/pilz_industrial_motion_planner/share/pilz_industrial_motion_planner/package.dsv
[32.819s] -- Up-to-date symlink: /home/manoj/ros2_ws/install/pilz_industrial_motion_planner/share/ament_index/resource_index/packages/pilz_industrial_motion_planner
[32.819s] -- Up-to-date symlink: /home/manoj/ros2_ws/install/pilz_industrial_motion_planner/share/ament_index/resource_index/moveit_core__pluginlib__plugin/pilz_industrial_motion_planner
[32.819s] -- Up-to-date symlink: /home/manoj/ros2_ws/install/pilz_industrial_motion_planner/share/ament_index/resource_index/moveit_ros_move_group__pluginlib__plugin/pilz_industrial_motion_planner
[32.820s] -- Up-to-date symlink: /home/manoj/ros2_ws/install/pilz_industrial_motion_planner/share/ament_index/resource_index/pilz_industrial_motion_planner__pluginlib__plugin/pilz_industrial_motion_planner
[32.820s] -- Up-to-date symlink: /home/manoj/ros2_ws/install/pilz_industrial_motion_planner/share/pilz_industrial_motion_planner/cmake/ament_cmake_export_include_directories-extras.cmake
[32.820s] -- Up-to-date symlink: /home/manoj/ros2_ws/install/pilz_industrial_motion_planner/share/pilz_industrial_motion_planner/cmake/ament_cmake_export_targets-extras.cmake
[32.820s] -- Up-to-date symlink: /home/manoj/ros2_ws/install/pilz_industrial_motion_planner/share/pilz_industrial_motion_planner/cmake/ament_cmake_export_dependencies-extras.cmake
[32.820s] -- Up-to-date symlink: /home/manoj/ros2_ws/install/pilz_industrial_motion_planner/share/pilz_industrial_motion_planner/cmake/pilz_industrial_motion_plannerConfig.cmake
[32.820s] -- Up-to-date symlink: /home/manoj/ros2_ws/install/pilz_industrial_motion_planner/share/pilz_industrial_motion_planner/cmake/pilz_industrial_motion_plannerConfig-version.cmake
[32.821s] -- Up-to-date symlink: /home/manoj/ros2_ws/install/pilz_industrial_motion_planner/share/pilz_industrial_motion_planner/package.xml
[32.821s] -- Installing: /home/manoj/ros2_ws/install/pilz_industrial_motion_planner/lib/libpilz_industrial_motion_planner.so
[32.822s] -- Set runtime path of "/home/manoj/ros2_ws/install/pilz_industrial_motion_planner/lib/libpilz_industrial_motion_planner.so" to ""
[32.822s] -- Installing: /home/manoj/ros2_ws/install/pilz_industrial_motion_planner/lib/libjoint_limits_common.so
[32.823s] -- Set runtime path of "/home/manoj/ros2_ws/install/pilz_industrial_motion_planner/lib/libjoint_limits_common.so" to ""
[32.823s] -- Installing: /home/manoj/ros2_ws/install/pilz_industrial_motion_planner/lib/libplanning_context_loader_base.so
[32.824s] -- Set runtime path of "/home/manoj/ros2_ws/install/pilz_industrial_motion_planner/lib/libplanning_context_loader_base.so" to ""
[32.824s] -- Installing: /home/manoj/ros2_ws/install/pilz_industrial_motion_planner/lib/libplanning_context_loader_ptp.so
[32.825s] -- Set runtime path of "/home/manoj/ros2_ws/install/pilz_industrial_motion_planner/lib/libplanning_context_loader_ptp.so" to ""
[32.825s] -- Installing: /home/manoj/ros2_ws/install/pilz_industrial_motion_planner/lib/libplanning_context_loader_lin.so
[32.826s] -- Set runtime path of "/home/manoj/ros2_ws/install/pilz_industrial_motion_planner/lib/libplanning_context_loader_lin.so" to ""
[32.826s] -- Installing: /home/manoj/ros2_ws/install/pilz_industrial_motion_planner/lib/libplanning_context_loader_circ.so
[32.826s] -- Set runtime path of "/home/manoj/ros2_ws/install/pilz_industrial_motion_planner/lib/libplanning_context_loader_circ.so" to ""
[32.826s] -- Installing: /home/manoj/ros2_ws/install/pilz_industrial_motion_planner/lib/libcommand_list_manager.so
[32.826s] -- Set runtime path of "/home/manoj/ros2_ws/install/pilz_industrial_motion_planner/lib/libcommand_list_manager.so" to ""
[32.826s] -- Installing: /home/manoj/ros2_ws/install/pilz_industrial_motion_planner/lib/libsequence_capability.so
[32.827s] -- Set runtime path of "/home/manoj/ros2_ws/install/pilz_industrial_motion_planner/lib/libsequence_capability.so" to ""
[32.827s] -- Installing: /home/manoj/ros2_ws/install/pilz_industrial_motion_planner/lib/libtrajectory_generation_common.so
[32.828s] -- Set runtime path of "/home/manoj/ros2_ws/install/pilz_industrial_motion_planner/lib/libtrajectory_generation_common.so" to ""
[32.828s] -- Up-to-date: /home/manoj/ros2_ws/install/pilz_industrial_motion_planner/share/pilz_industrial_motion_planner/cmake/pilz_industrial_motion_plannerTargetsExport.cmake
[32.828s] -- Up-to-date: /home/manoj/ros2_ws/install/pilz_industrial_motion_planner/share/pilz_industrial_motion_planner/cmake/pilz_industrial_motion_plannerTargetsExport-release.cmake
[32.831s] Invoked command in '/home/manoj/ros2_ws/build/pilz_industrial_motion_planner' returned '0': AMENT_PREFIX_PATH=/home/manoj/ros2_ws/install/moveit_configs_utils:/home/manoj/ros2_ws/install/ur_description:/home/manoj/ros2_ws/install/pilz_industrial_motion_planner_testutils:/home/manoj/ros2_ws/install/moveit_runtime:/home/manoj/ros2_ws/install/moveit:/home/manoj/ros2_ws/install/moveit_planners:/home/manoj/ros2_ws/install/pilz_industrial_motion_planner:/home/manoj/ros2_ws/install/my_mobile_manipulator_description:/home/manoj/ros2_ws/install/moveit_ros_control_interface:/home/manoj/ros2_ws/install/moveit_plugins:/home/manoj/ros2_ws/install/moveit_simple_controller_manager:/home/manoj/ros2_ws/install/moveit_setup_assistant:/home/manoj/ros2_ws/install/moveit_setup_srdf_plugins:/home/manoj/ros2_ws/install/moveit_setup_core_plugins:/home/manoj/ros2_ws/install/moveit_setup_controllers:/home/manoj/ros2_ws/install/moveit_setup_app_plugins:/home/manoj/ros2_ws/install/moveit_setup_framework:/home/manoj/ros2_ws/install/moveit_servo:/home/manoj/ros2_ws/install/moveit_ros:/home/manoj/ros2_ws/install/moveit_ros_visualization:/home/manoj/ros2_ws/install/moveit_hybrid_planning:/home/manoj/ros2_ws/install/moveit_ros_planning_interface:/home/manoj/ros2_ws/install/moveit_ros_benchmarks:/home/manoj/ros2_ws/install/moveit_ros_warehouse:/home/manoj/ros2_ws/install/moveit_ros_robot_interaction:/home/manoj/ros2_ws/install/moveit_ros_perception:/home/manoj/ros2_ws/install/moveit_resources_prbt_pg70_support:/home/manoj/ros2_ws/install/moveit_resources_prbt_moveit_config:/home/manoj/ros2_ws/install/moveit_ros_move_group:/home/manoj/ros2_ws/install/moveit_planners_ompl:/home/manoj/ros2_ws/install/moveit_ros_planning:/home/manoj/ros2_ws/install/moveit_ros_occupancy_map_monitor:/home/manoj/ros2_ws/install/moveit_resources_prbt_support:/home/manoj/ros2_ws/install/moveit_resources_prbt_ikfast_manipulator_plugin:/home/manoj/ros2_ws/install/moveit_resources:/home/manoj/ros2_ws/install/moveit_resources_pr2_description:/home/manoj/ros2_ws/install/moveit_resources_panda_moveit_config:/home/manoj/ros2_ws/install/dual_arm_panda_moveit_config:/home/manoj/ros2_ws/install/moveit_resources_panda_description:/home/manoj/ros2_ws/install/moveit_resources_fanuc_moveit_config:/home/manoj/ros2_ws/install/moveit_resources_fanuc_description:/home/manoj/ros2_ws/install/moveit_planners_chomp:/home/manoj/ros2_ws/install/moveit_kinematics:/home/manoj/ros2_ws/install/moveit_chomp_optimizer_adapter:/home/manoj/ros2_ws/install/chomp_motion_planner:/home/manoj/ros2_ws/install/moveit_core:/home/manoj/ros2_ws/install/moveit_common:/opt/ros/humble CMAKE_PREFIX_PATH=/home/manoj/ros2_ws/install/moveit_resources_prbt_pg70_support:/home/manoj/ros2_ws/install/moveit_ros_planning_interface:/home/manoj/ros2_ws/install/moveit_resources_prbt_moveit_config:/home/manoj/ros2_ws/install/moveit_ros_move_group:/home/manoj/ros2_ws/install/moveit_ros_warehouse:/home/manoj/ros2_ws/install/moveit_planners_ompl:/home/manoj/ros2_ws/install/moveit_kinematics:/home/manoj/ros2_ws/install/moveit_ros_planning:/home/manoj/ros2_ws/install/pilz_industrial_motion_planner_testutils:/home/manoj/ros2_ws/install/moveit_simple_controller_manager:/home/manoj/ros2_ws/install/moveit_ros_occupancy_map_monitor:/home/manoj/ros2_ws/install/moveit_resources_prbt_ikfast_manipulator_plugin:/home/manoj/ros2_ws/install/moveit_core:/home/manoj/ros2_ws/install/moveit_resources_panda_moveit_config:/home/manoj/ros2_ws/install/moveit_resources_fanuc_moveit_config:/home/manoj/ros2_ws/install/moveit_resources_prbt_support:/home/manoj/ros2_ws/install/moveit_resources_pr2_description:/home/manoj/ros2_ws/install/moveit_resources_panda_description:/home/manoj/ros2_ws/install/moveit_resources_fanuc_description:/home/manoj/ros2_ws/install/moveit_common:/home/manoj/ros2_ws/install/ur_description:/home/manoj/ros2_ws/install/moveit_runtime:/home/manoj/ros2_ws/install/moveit:/home/manoj/ros2_ws/install/moveit_planners:/home/manoj/ros2_ws/install/pilz_industrial_motion_planner:/home/manoj/ros2_ws/install/my_mobile_manipulator_description:/home/manoj/ros2_ws/install/moveit_ros_control_interface:/home/manoj/ros2_ws/install/moveit_plugins:/home/manoj/ros2_ws/install/moveit_setup_assistant:/home/manoj/ros2_ws/install/moveit_setup_srdf_plugins:/home/manoj/ros2_ws/install/moveit_setup_core_plugins:/home/manoj/ros2_ws/install/moveit_setup_controllers:/home/manoj/ros2_ws/install/moveit_setup_app_plugins:/home/manoj/ros2_ws/install/moveit_setup_framework:/home/manoj/ros2_ws/install/moveit_servo:/home/manoj/ros2_ws/install/moveit_ros:/home/manoj/ros2_ws/install/moveit_ros_visualization:/home/manoj/ros2_ws/install/moveit_hybrid_planning:/home/manoj/ros2_ws/install/moveit_ros_benchmarks:/home/manoj/ros2_ws/install/moveit_ros_robot_interaction:/home/manoj/ros2_ws/install/moveit_ros_perception:/home/manoj/ros2_ws/install/moveit_resources:/home/manoj/ros2_ws/install/dual_arm_panda_moveit_config:/home/manoj/ros2_ws/install/moveit_planners_chomp:/home/manoj/ros2_ws/install/moveit_chomp_optimizer_adapter:/home/manoj/ros2_ws/install/chomp_motion_planner:/home/manoj/ros2_ws/install/moveit_configs_utils:/opt/ros/humble LD_LIBRARY_PATH=/home/manoj/ros2_ws/install/moveit_ros_planning_interface/lib:/home/manoj/ros2_ws/install/moveit_ros_move_group/lib:/home/manoj/ros2_ws/install/moveit_ros_warehouse/lib:/home/manoj/ros2_ws/install/moveit_planners_ompl/lib:/home/manoj/ros2_ws/install/moveit_kinematics/lib:/home/manoj/ros2_ws/install/moveit_ros_planning/lib:/home/manoj/ros2_ws/install/pilz_industrial_motion_planner_testutils/lib:/home/manoj/ros2_ws/install/moveit_simple_controller_manager/lib:/home/manoj/ros2_ws/install/moveit_ros_occupancy_map_monitor/lib:/home/manoj/ros2_ws/install/moveit_resources_prbt_ikfast_manipulator_plugin/lib:/home/manoj/ros2_ws/install/moveit_core/lib:/home/manoj/ros2_ws/install/pilz_industrial_motion_planner/lib:/home/manoj/ros2_ws/install/moveit_ros_control_interface/lib:/home/manoj/ros2_ws/install/moveit_setup_assistant/lib:/home/manoj/ros2_ws/install/moveit_setup_srdf_plugins/lib:/home/manoj/ros2_ws/install/moveit_setup_core_plugins/lib:/home/manoj/ros2_ws/install/moveit_setup_controllers/lib:/home/manoj/ros2_ws/install/moveit_setup_app_plugins/lib:/home/manoj/ros2_ws/install/moveit_setup_framework/lib:/home/manoj/ros2_ws/install/moveit_servo/lib:/home/manoj/ros2_ws/install/moveit_ros_visualization/lib:/home/manoj/ros2_ws/install/moveit_hybrid_planning/lib:/home/manoj/ros2_ws/install/moveit_ros_benchmarks/lib:/home/manoj/ros2_ws/install/moveit_ros_robot_interaction/lib:/home/manoj/ros2_ws/install/moveit_ros_perception/lib:/home/manoj/ros2_ws/install/moveit_planners_chomp/lib:/home/manoj/ros2_ws/install/moveit_chomp_optimizer_adapter/lib:/home/manoj/ros2_ws/install/chomp_motion_planner/lib:/usr/lib/x86_64-linux-gnu/gazebo-11/plugins:/opt/ros/humble/opt/rviz_ogre_vendor/lib:/opt/ros/humble/lib/x86_64-linux-gnu:/opt/ros/humble/lib /usr/bin/cmake --install /home/manoj/ros2_ws/build/pilz_industrial_motion_planner
