[0.438s] Invoking command in '/home/manoj/ros2_ws/build/my_mobile_manipulator_description': CMAKE_PREFIX_PATH=${CMAKE_PREFIX_PATH}:/home/manoj/ros2_ws/install/my_mobile_manipulator_bringup:/home/manoj/ros2_ws/install/moveit_configs_utils:/opt/ros/humble /usr/bin/cmake --build /home/manoj/ros2_ws/build/my_mobile_manipulator_description -- -j12 -l12
[0.495s] -- Found ament_cmake: 1.3.11 (/opt/ros/humble/share/ament_cmake/cmake)
[0.661s] -- Override CMake install command with custom implementation using symlinks instead of copying resources
[0.666s] -- Found xacro: 2.0.13 (/opt/ros/humble/share/xacro/cmake)
[0.667s] -- Found ament_lint_auto: 0.12.12 (/opt/ros/humble/share/ament_lint_auto/cmake)
[0.737s] -- Added test 'flake8' to check Python code syntax and style conventions
[0.738s] -- Added test 'lint_cmake' to check CMake code style
[0.739s] -- Added test 'pep257' to check Python code against some of the docstring style conventions in PEP 257
[0.742s] -- Added test 'xmllint' to check XML markup files
[0.743s] -- Configuring done
[0.743s] -- Generating done
[0.744s] -- Build files have been written to: /home/manoj/ros2_ws/build/my_mobile_manipulator_description
[0.771s] Invoked command in '/home/manoj/ros2_ws/build/my_mobile_manipulator_description' returned '0': CMAKE_PREFIX_PATH=${CMAKE_PREFIX_PATH}:/home/manoj/ros2_ws/install/my_mobile_manipulator_bringup:/home/manoj/ros2_ws/install/moveit_configs_utils:/opt/ros/humble /usr/bin/cmake --build /home/manoj/ros2_ws/build/my_mobile_manipulator_description -- -j12 -l12
[0.773s] Invoking command in '/home/manoj/ros2_ws/build/my_mobile_manipulator_description': CMAKE_PREFIX_PATH=${CMAKE_PREFIX_PATH}:/home/manoj/ros2_ws/install/my_mobile_manipulator_bringup:/home/manoj/ros2_ws/install/moveit_configs_utils:/opt/ros/humble /usr/bin/cmake --install /home/manoj/ros2_ws/build/my_mobile_manipulator_description
[0.784s] -- Install configuration: "Release"
[0.784s] -- Execute custom install script
[0.785s] -- Up-to-date symlink: /home/manoj/ros2_ws/install/my_mobile_manipulator_description/share/my_mobile_manipulator_description//urdf/robot.urdf.xacro
[0.786s] -- Up-to-date symlink: /home/manoj/ros2_ws/install/my_mobile_manipulator_description/share/my_mobile_manipulator_description//launch/ spawn_mobile_manipulator.launch.py
[0.786s] -- Up-to-date symlink: /home/manoj/ros2_ws/install/my_mobile_manipulator_description/share/my_mobile_manipulator_description//launch/spawn_mobile_manipulator.launch.py
[0.786s] -- Up-to-date symlink: /home/manoj/ros2_ws/install/my_mobile_manipulator_description/share/my_mobile_manipulator_description//launch/spawn_robot.launch.py
[0.786s] -- Up-to-date symlink: /home/manoj/ros2_ws/install/my_mobile_manipulator_description/share/ament_index/resource_index/package_run_dependencies/my_mobile_manipulator_description
[0.786s] -- Up-to-date symlink: /home/manoj/ros2_ws/install/my_mobile_manipulator_description/share/ament_index/resource_index/parent_prefix_path/my_mobile_manipulator_description
[0.787s] -- Up-to-date symlink: /home/manoj/ros2_ws/install/my_mobile_manipulator_description/share/my_mobile_manipulator_description/environment/ament_prefix_path.sh
[0.787s] -- Up-to-date symlink: /home/manoj/ros2_ws/install/my_mobile_manipulator_description/share/my_mobile_manipulator_description/environment/ament_prefix_path.dsv
[0.787s] -- Up-to-date symlink: /home/manoj/ros2_ws/install/my_mobile_manipulator_description/share/my_mobile_manipulator_description/environment/path.sh
[0.788s] -- Up-to-date symlink: /home/manoj/ros2_ws/install/my_mobile_manipulator_description/share/my_mobile_manipulator_description/environment/path.dsv
[0.788s] -- Up-to-date symlink: /home/manoj/ros2_ws/install/my_mobile_manipulator_description/share/my_mobile_manipulator_description/local_setup.bash
[0.788s] -- Up-to-date symlink: /home/manoj/ros2_ws/install/my_mobile_manipulator_description/share/my_mobile_manipulator_description/local_setup.sh
[0.788s] -- Up-to-date symlink: /home/manoj/ros2_ws/install/my_mobile_manipulator_description/share/my_mobile_manipulator_description/local_setup.zsh
[0.788s] -- Up-to-date symlink: /home/manoj/ros2_ws/install/my_mobile_manipulator_description/share/my_mobile_manipulator_description/local_setup.dsv
[0.788s] -- Symlinking: /home/manoj/ros2_ws/install/my_mobile_manipulator_description/share/my_mobile_manipulator_description/package.dsv
[0.798s] -- Up-to-date symlink: /home/manoj/ros2_ws/install/my_mobile_manipulator_description/share/ament_index/resource_index/packages/my_mobile_manipulator_description
[0.798s] -- Up-to-date symlink: /home/manoj/ros2_ws/install/my_mobile_manipulator_description/share/my_mobile_manipulator_description/cmake/my_mobile_manipulator_descriptionConfig.cmake
[0.798s] -- Up-to-date symlink: /home/manoj/ros2_ws/install/my_mobile_manipulator_description/share/my_mobile_manipulator_description/cmake/my_mobile_manipulator_descriptionConfig-version.cmake
[0.798s] -- Up-to-date symlink: /home/manoj/ros2_ws/install/my_mobile_manipulator_description/share/my_mobile_manipulator_description/package.xml
[0.837s] Invoked command in '/home/manoj/ros2_ws/build/my_mobile_manipulator_description' returned '0': CMAKE_PREFIX_PATH=${CMAKE_PREFIX_PATH}:/home/manoj/ros2_ws/install/my_mobile_manipulator_bringup:/home/manoj/ros2_ws/install/moveit_configs_utils:/opt/ros/humble /usr/bin/cmake --install /home/manoj/ros2_ws/build/my_mobile_manipulator_description
