[0.028s] Invoking command in '/home/manoj/ros2_ws/build/moveit_ros_move_group': AMENT_PREFIX_PATH=/home/manoj/ros2_ws/install/moveit_kinematics:/home/manoj/ros2_ws/install/moveit_ros_planning:/home/manoj/ros2_ws/install/moveit_ros_occupancy_map_monitor:/home/manoj/ros2_ws/install/moveit_core:/home/manoj/ros2_ws/install/moveit_resources_panda_moveit_config:/home/manoj/ros2_ws/install/moveit_resources_fanuc_moveit_config:/home/manoj/ros2_ws/install/moveit_resources_pr2_description:/home/manoj/ros2_ws/install/moveit_resources_panda_description:/home/manoj/ros2_ws/install/moveit_resources_fanuc_description:/home/manoj/ros2_ws/install/moveit_configs_utils:/home/manoj/ros2_ws/install/moveit_common:${AMENT_PREFIX_PATH} CMAKE_PREFIX_PATH=/home/manoj/ros2_ws/install/moveit_kinematics:/home/manoj/ros2_ws/install/moveit_ros_planning:/home/manoj/ros2_ws/install/moveit_ros_occupancy_map_monitor:/home/manoj/ros2_ws/install/moveit_core:/home/manoj/ros2_ws/install/moveit_resources_panda_moveit_config:/home/manoj/ros2_ws/install/moveit_resources_fanuc_moveit_config:/home/manoj/ros2_ws/install/moveit_resources_pr2_description:/home/manoj/ros2_ws/install/moveit_resources_panda_description:/home/manoj/ros2_ws/install/moveit_resources_fanuc_description:/home/manoj/ros2_ws/install/moveit_common:/home/manoj/ros3_ws/src/install/my_mobile_manipulator_description:/opt/ros/humble LD_LIBRARY_PATH=/home/manoj/ros2_ws/install/moveit_kinematics/lib:/home/manoj/ros2_ws/install/moveit_ros_planning/lib:/home/manoj/ros2_ws/install/moveit_ros_occupancy_map_monitor/lib:/home/manoj/ros2_ws/install/moveit_core/lib:${LD_LIBRARY_PATH} PATH=/home/manoj/ros2_ws/install/moveit_core/bin:${PATH} PYTHONPATH=/home/manoj/ros2_ws/install/moveit_configs_utils/lib/python3.10/site-packages:${PYTHONPATH} /usr/bin/cmake --build /home/manoj/ros2_ws/build/moveit_ros_move_group -- -j12 -l12
[0.100s] [ 10%] Built target list_move_group_capabilities
[0.102s] [ 26%] Built target moveit_move_group_capabilities_base
[0.142s] [ 36%] Built target move_group
[0.185s] [100%] Built target moveit_move_group_default_capabilities
[0.193s] Invoked command in '/home/manoj/ros2_ws/build/moveit_ros_move_group' returned '0': AMENT_PREFIX_PATH=/home/manoj/ros2_ws/install/moveit_kinematics:/home/manoj/ros2_ws/install/moveit_ros_planning:/home/manoj/ros2_ws/install/moveit_ros_occupancy_map_monitor:/home/manoj/ros2_ws/install/moveit_core:/home/manoj/ros2_ws/install/moveit_resources_panda_moveit_config:/home/manoj/ros2_ws/install/moveit_resources_fanuc_moveit_config:/home/manoj/ros2_ws/install/moveit_resources_pr2_description:/home/manoj/ros2_ws/install/moveit_resources_panda_description:/home/manoj/ros2_ws/install/moveit_resources_fanuc_description:/home/manoj/ros2_ws/install/moveit_configs_utils:/home/manoj/ros2_ws/install/moveit_common:${AMENT_PREFIX_PATH} CMAKE_PREFIX_PATH=/home/manoj/ros2_ws/install/moveit_kinematics:/home/manoj/ros2_ws/install/moveit_ros_planning:/home/manoj/ros2_ws/install/moveit_ros_occupancy_map_monitor:/home/manoj/ros2_ws/install/moveit_core:/home/manoj/ros2_ws/install/moveit_resources_panda_moveit_config:/home/manoj/ros2_ws/install/moveit_resources_fanuc_moveit_config:/home/manoj/ros2_ws/install/moveit_resources_pr2_description:/home/manoj/ros2_ws/install/moveit_resources_panda_description:/home/manoj/ros2_ws/install/moveit_resources_fanuc_description:/home/manoj/ros2_ws/install/moveit_common:/home/manoj/ros3_ws/src/install/my_mobile_manipulator_description:/opt/ros/humble LD_LIBRARY_PATH=/home/manoj/ros2_ws/install/moveit_kinematics/lib:/home/manoj/ros2_ws/install/moveit_ros_planning/lib:/home/manoj/ros2_ws/install/moveit_ros_occupancy_map_monitor/lib:/home/manoj/ros2_ws/install/moveit_core/lib:${LD_LIBRARY_PATH} PATH=/home/manoj/ros2_ws/install/moveit_core/bin:${PATH} PYTHONPATH=/home/manoj/ros2_ws/install/moveit_configs_utils/lib/python3.10/site-packages:${PYTHONPATH} /usr/bin/cmake --build /home/manoj/ros2_ws/build/moveit_ros_move_group -- -j12 -l12
[0.195s] Invoking command in '/home/manoj/ros2_ws/build/moveit_ros_move_group': AMENT_PREFIX_PATH=/home/manoj/ros2_ws/install/moveit_kinematics:/home/manoj/ros2_ws/install/moveit_ros_planning:/home/manoj/ros2_ws/install/moveit_ros_occupancy_map_monitor:/home/manoj/ros2_ws/install/moveit_core:/home/manoj/ros2_ws/install/moveit_resources_panda_moveit_config:/home/manoj/ros2_ws/install/moveit_resources_fanuc_moveit_config:/home/manoj/ros2_ws/install/moveit_resources_pr2_description:/home/manoj/ros2_ws/install/moveit_resources_panda_description:/home/manoj/ros2_ws/install/moveit_resources_fanuc_description:/home/manoj/ros2_ws/install/moveit_configs_utils:/home/manoj/ros2_ws/install/moveit_common:${AMENT_PREFIX_PATH} CMAKE_PREFIX_PATH=/home/manoj/ros2_ws/install/moveit_kinematics:/home/manoj/ros2_ws/install/moveit_ros_planning:/home/manoj/ros2_ws/install/moveit_ros_occupancy_map_monitor:/home/manoj/ros2_ws/install/moveit_core:/home/manoj/ros2_ws/install/moveit_resources_panda_moveit_config:/home/manoj/ros2_ws/install/moveit_resources_fanuc_moveit_config:/home/manoj/ros2_ws/install/moveit_resources_pr2_description:/home/manoj/ros2_ws/install/moveit_resources_panda_description:/home/manoj/ros2_ws/install/moveit_resources_fanuc_description:/home/manoj/ros2_ws/install/moveit_common:/home/manoj/ros3_ws/src/install/my_mobile_manipulator_description:/opt/ros/humble LD_LIBRARY_PATH=/home/manoj/ros2_ws/install/moveit_kinematics/lib:/home/manoj/ros2_ws/install/moveit_ros_planning/lib:/home/manoj/ros2_ws/install/moveit_ros_occupancy_map_monitor/lib:/home/manoj/ros2_ws/install/moveit_core/lib:${LD_LIBRARY_PATH} PATH=/home/manoj/ros2_ws/install/moveit_core/bin:${PATH} PYTHONPATH=/home/manoj/ros2_ws/install/moveit_configs_utils/lib/python3.10/site-packages:${PYTHONPATH} /usr/bin/cmake --install /home/manoj/ros2_ws/build/moveit_ros_move_group
[0.202s] -- Install configuration: "Release"
[0.202s] -- Execute custom install script
[0.202s] -- Up-to-date symlink: /home/manoj/ros2_ws/install/moveit_ros_move_group/lib/moveit_ros_move_group/move_group
[0.202s] -- Up-to-date symlink: /home/manoj/ros2_ws/install/moveit_ros_move_group/lib/moveit_ros_move_group/list_move_group_capabilities
[0.203s] -- Up-to-date symlink: /home/manoj/ros2_ws/install/moveit_ros_move_group/include/moveit/move_group/capability_names.h
[0.203s] -- Up-to-date symlink: /home/manoj/ros2_ws/install/moveit_ros_move_group/include/moveit/move_group/move_group_capability.h
[0.203s] -- Up-to-date symlink: /home/manoj/ros2_ws/install/moveit_ros_move_group/include/moveit/move_group/move_group_context.h
[0.203s] -- Up-to-date symlink: /home/manoj/ros2_ws/install/moveit_ros_move_group/include/moveit/move_group/node_name.h
[0.204s] -- Up-to-date symlink: /home/manoj/ros2_ws/install/moveit_ros_move_group/share/moveit_ros_move_group/environment/library_path.sh
[0.204s] -- Up-to-date symlink: /home/manoj/ros2_ws/install/moveit_ros_move_group/share/moveit_ros_move_group/environment/library_path.dsv
[0.204s] -- Up-to-date symlink: /home/manoj/ros2_ws/install/moveit_ros_move_group/lib/moveit_ros_move_group/load_map
[0.204s] -- Up-to-date symlink: /home/manoj/ros2_ws/install/moveit_ros_move_group/lib/moveit_ros_move_group/save_map
[0.204s] -- Up-to-date symlink: /home/manoj/ros2_ws/install/moveit_ros_move_group/share/moveit_ros_move_group//default_capabilities_plugin_description.xml
[0.204s] -- Up-to-date symlink: /home/manoj/ros2_ws/install/moveit_ros_move_group/share/ament_index/resource_index/package_run_dependencies/moveit_ros_move_group
[0.205s] -- Up-to-date symlink: /home/manoj/ros2_ws/install/moveit_ros_move_group/share/ament_index/resource_index/parent_prefix_path/moveit_ros_move_group
[0.205s] -- Up-to-date symlink: /home/manoj/ros2_ws/install/moveit_ros_move_group/share/moveit_ros_move_group/environment/ament_prefix_path.sh
[0.205s] -- Up-to-date symlink: /home/manoj/ros2_ws/install/moveit_ros_move_group/share/moveit_ros_move_group/environment/ament_prefix_path.dsv
[0.205s] -- Up-to-date symlink: /home/manoj/ros2_ws/install/moveit_ros_move_group/share/moveit_ros_move_group/environment/path.sh
[0.205s] -- Up-to-date symlink: /home/manoj/ros2_ws/install/moveit_ros_move_group/share/moveit_ros_move_group/environment/path.dsv
[0.205s] -- Up-to-date symlink: /home/manoj/ros2_ws/install/moveit_ros_move_group/share/moveit_ros_move_group/local_setup.bash
[0.205s] -- Up-to-date symlink: /home/manoj/ros2_ws/install/moveit_ros_move_group/share/moveit_ros_move_group/local_setup.sh
[0.205s] -- Up-to-date symlink: /home/manoj/ros2_ws/install/moveit_ros_move_group/share/moveit_ros_move_group/local_setup.zsh
[0.205s] -- Up-to-date symlink: /home/manoj/ros2_ws/install/moveit_ros_move_group/share/moveit_ros_move_group/local_setup.dsv
[0.206s] -- Symlinking: /home/manoj/ros2_ws/install/moveit_ros_move_group/share/moveit_ros_move_group/package.dsv
[0.221s] -- Up-to-date symlink: /home/manoj/ros2_ws/install/moveit_ros_move_group/share/ament_index/resource_index/packages/moveit_ros_move_group
[0.221s] -- Up-to-date symlink: /home/manoj/ros2_ws/install/moveit_ros_move_group/share/ament_index/resource_index/moveit_ros_move_group__pluginlib__plugin/moveit_ros_move_group
[0.222s] -- Up-to-date symlink: /home/manoj/ros2_ws/install/moveit_ros_move_group/share/moveit_ros_move_group/cmake/ConfigExtras.cmake
[0.222s] -- Up-to-date symlink: /home/manoj/ros2_ws/install/moveit_ros_move_group/share/moveit_ros_move_group/cmake/ament_cmake_export_targets-extras.cmake
[0.222s] -- Up-to-date symlink: /home/manoj/ros2_ws/install/moveit_ros_move_group/share/moveit_ros_move_group/cmake/ament_cmake_export_dependencies-extras.cmake
[0.223s] -- Up-to-date symlink: /home/manoj/ros2_ws/install/moveit_ros_move_group/share/moveit_ros_move_group/cmake/moveit_ros_move_groupConfig.cmake
[0.223s] -- Up-to-date symlink: /home/manoj/ros2_ws/install/moveit_ros_move_group/share/moveit_ros_move_group/cmake/moveit_ros_move_groupConfig-version.cmake
[0.224s] -- Up-to-date symlink: /home/manoj/ros2_ws/install/moveit_ros_move_group/share/moveit_ros_move_group/package.xml
[0.224s] -- Up-to-date: /home/manoj/ros2_ws/install/moveit_ros_move_group/lib/libmoveit_move_group_default_capabilities.so.2.5.9
[0.224s] -- Up-to-date: /home/manoj/ros2_ws/install/moveit_ros_move_group/lib/libmoveit_move_group_default_capabilities.so
[0.224s] -- Up-to-date: /home/manoj/ros2_ws/install/moveit_ros_move_group/lib/libmoveit_move_group_capabilities_base.so.2.5.9
[0.225s] -- Up-to-date: /home/manoj/ros2_ws/install/moveit_ros_move_group/lib/libmoveit_move_group_capabilities_base.so
[0.227s] -- Up-to-date: /home/manoj/ros2_ws/install/moveit_ros_move_group/share/moveit_ros_move_group/cmake/export_moveit_ros_move_groupExport.cmake
[0.227s] -- Up-to-date: /home/manoj/ros2_ws/install/moveit_ros_move_group/share/moveit_ros_move_group/cmake/export_moveit_ros_move_groupExport-release.cmake
[0.244s] Invoked command in '/home/manoj/ros2_ws/build/moveit_ros_move_group' returned '0': AMENT_PREFIX_PATH=/home/manoj/ros2_ws/install/moveit_kinematics:/home/manoj/ros2_ws/install/moveit_ros_planning:/home/manoj/ros2_ws/install/moveit_ros_occupancy_map_monitor:/home/manoj/ros2_ws/install/moveit_core:/home/manoj/ros2_ws/install/moveit_resources_panda_moveit_config:/home/manoj/ros2_ws/install/moveit_resources_fanuc_moveit_config:/home/manoj/ros2_ws/install/moveit_resources_pr2_description:/home/manoj/ros2_ws/install/moveit_resources_panda_description:/home/manoj/ros2_ws/install/moveit_resources_fanuc_description:/home/manoj/ros2_ws/install/moveit_configs_utils:/home/manoj/ros2_ws/install/moveit_common:${AMENT_PREFIX_PATH} CMAKE_PREFIX_PATH=/home/manoj/ros2_ws/install/moveit_kinematics:/home/manoj/ros2_ws/install/moveit_ros_planning:/home/manoj/ros2_ws/install/moveit_ros_occupancy_map_monitor:/home/manoj/ros2_ws/install/moveit_core:/home/manoj/ros2_ws/install/moveit_resources_panda_moveit_config:/home/manoj/ros2_ws/install/moveit_resources_fanuc_moveit_config:/home/manoj/ros2_ws/install/moveit_resources_pr2_description:/home/manoj/ros2_ws/install/moveit_resources_panda_description:/home/manoj/ros2_ws/install/moveit_resources_fanuc_description:/home/manoj/ros2_ws/install/moveit_common:/home/manoj/ros3_ws/src/install/my_mobile_manipulator_description:/opt/ros/humble LD_LIBRARY_PATH=/home/manoj/ros2_ws/install/moveit_kinematics/lib:/home/manoj/ros2_ws/install/moveit_ros_planning/lib:/home/manoj/ros2_ws/install/moveit_ros_occupancy_map_monitor/lib:/home/manoj/ros2_ws/install/moveit_core/lib:${LD_LIBRARY_PATH} PATH=/home/manoj/ros2_ws/install/moveit_core/bin:${PATH} PYTHONPATH=/home/manoj/ros2_ws/install/moveit_configs_utils/lib/python3.10/site-packages:${PYTHONPATH} /usr/bin/cmake --install /home/manoj/ros2_ws/build/moveit_ros_move_group
