[0.031s] Invoking command in '/home/manoj/ros2_ws/build/moveit_kinematics': AMENT_PREFIX_PATH=/home/manoj/ros2_ws/install/moveit_ros_planning:/home/manoj/ros2_ws/install/moveit_ros_occupancy_map_monitor:/home/manoj/ros2_ws/install/moveit_core:/home/manoj/ros2_ws/install/moveit_resources_panda_moveit_config:/home/manoj/ros2_ws/install/moveit_resources_fanuc_moveit_config:/home/manoj/ros2_ws/install/moveit_resources_pr2_description:/home/manoj/ros2_ws/install/moveit_resources_panda_description:/home/manoj/ros2_ws/install/moveit_resources_fanuc_description:/home/manoj/ros2_ws/install/moveit_configs_utils:/home/manoj/ros2_ws/install/moveit_common:${AMENT_PREFIX_PATH} CMAKE_PREFIX_PATH=/home/manoj/ros2_ws/install/moveit_ros_planning:/home/manoj/ros2_ws/install/moveit_ros_occupancy_map_monitor:/home/manoj/ros2_ws/install/moveit_core:/home/manoj/ros2_ws/install/moveit_resources_panda_moveit_config:/home/manoj/ros2_ws/install/moveit_resources_fanuc_moveit_config:/home/manoj/ros2_ws/install/moveit_resources_pr2_description:/home/manoj/ros2_ws/install/moveit_resources_panda_description:/home/manoj/ros2_ws/install/moveit_resources_fanuc_description:/home/manoj/ros2_ws/install/moveit_common:/opt/ros/humble LD_LIBRARY_PATH=/home/manoj/ros2_ws/install/moveit_ros_planning/lib:/home/manoj/ros2_ws/install/moveit_ros_occupancy_map_monitor/lib:/home/manoj/ros2_ws/install/moveit_core/lib:${LD_LIBRARY_PATH} PATH=/home/manoj/ros2_ws/install/moveit_core/bin:${PATH} PYTHONPATH=/home/manoj/ros2_ws/install/moveit_configs_utils/lib/python3.10/site-packages:${PYTHONPATH} /usr/bin/cmake --build /home/manoj/ros2_ws/build/moveit_kinematics -- -j12 -l12
[0.118s] [ 10%] Built target gtest_main
[0.120s] [ 21%] Built target moveit_srv_kinematics_plugin
[0.144s] [ 31%] Built target moveit_cached_ik_kinematics_base
[0.148s] [ 42%] Built target gtest
[0.152s] [ 57%] Built target moveit_kdl_kinematics_plugin
[0.156s] [ 68%] Built target moveit_lma_kinematics_plugin
[0.163s] [ 78%] Built target benchmark_ik
[0.237s] [ 89%] Built target test_kinematics_plugin
[0.237s] [100%] Built target moveit_cached_ik_kinematics_plugin
[0.256s] Invoked command in '/home/manoj/ros2_ws/build/moveit_kinematics' returned '0': AMENT_PREFIX_PATH=/home/manoj/ros2_ws/install/moveit_ros_planning:/home/manoj/ros2_ws/install/moveit_ros_occupancy_map_monitor:/home/manoj/ros2_ws/install/moveit_core:/home/manoj/ros2_ws/install/moveit_resources_panda_moveit_config:/home/manoj/ros2_ws/install/moveit_resources_fanuc_moveit_config:/home/manoj/ros2_ws/install/moveit_resources_pr2_description:/home/manoj/ros2_ws/install/moveit_resources_panda_description:/home/manoj/ros2_ws/install/moveit_resources_fanuc_description:/home/manoj/ros2_ws/install/moveit_configs_utils:/home/manoj/ros2_ws/install/moveit_common:${AMENT_PREFIX_PATH} CMAKE_PREFIX_PATH=/home/manoj/ros2_ws/install/moveit_ros_planning:/home/manoj/ros2_ws/install/moveit_ros_occupancy_map_monitor:/home/manoj/ros2_ws/install/moveit_core:/home/manoj/ros2_ws/install/moveit_resources_panda_moveit_config:/home/manoj/ros2_ws/install/moveit_resources_fanuc_moveit_config:/home/manoj/ros2_ws/install/moveit_resources_pr2_description:/home/manoj/ros2_ws/install/moveit_resources_panda_description:/home/manoj/ros2_ws/install/moveit_resources_fanuc_description:/home/manoj/ros2_ws/install/moveit_common:/opt/ros/humble LD_LIBRARY_PATH=/home/manoj/ros2_ws/install/moveit_ros_planning/lib:/home/manoj/ros2_ws/install/moveit_ros_occupancy_map_monitor/lib:/home/manoj/ros2_ws/install/moveit_core/lib:${LD_LIBRARY_PATH} PATH=/home/manoj/ros2_ws/install/moveit_core/bin:${PATH} PYTHONPATH=/home/manoj/ros2_ws/install/moveit_configs_utils/lib/python3.10/site-packages:${PYTHONPATH} /usr/bin/cmake --build /home/manoj/ros2_ws/build/moveit_kinematics -- -j12 -l12
[0.268s] Invoking command in '/home/manoj/ros2_ws/build/moveit_kinematics': AMENT_PREFIX_PATH=/home/manoj/ros2_ws/install/moveit_ros_planning:/home/manoj/ros2_ws/install/moveit_ros_occupancy_map_monitor:/home/manoj/ros2_ws/install/moveit_core:/home/manoj/ros2_ws/install/moveit_resources_panda_moveit_config:/home/manoj/ros2_ws/install/moveit_resources_fanuc_moveit_config:/home/manoj/ros2_ws/install/moveit_resources_pr2_description:/home/manoj/ros2_ws/install/moveit_resources_panda_description:/home/manoj/ros2_ws/install/moveit_resources_fanuc_description:/home/manoj/ros2_ws/install/moveit_configs_utils:/home/manoj/ros2_ws/install/moveit_common:${AMENT_PREFIX_PATH} CMAKE_PREFIX_PATH=/home/manoj/ros2_ws/install/moveit_ros_planning:/home/manoj/ros2_ws/install/moveit_ros_occupancy_map_monitor:/home/manoj/ros2_ws/install/moveit_core:/home/manoj/ros2_ws/install/moveit_resources_panda_moveit_config:/home/manoj/ros2_ws/install/moveit_resources_fanuc_moveit_config:/home/manoj/ros2_ws/install/moveit_resources_pr2_description:/home/manoj/ros2_ws/install/moveit_resources_panda_description:/home/manoj/ros2_ws/install/moveit_resources_fanuc_description:/home/manoj/ros2_ws/install/moveit_common:/opt/ros/humble LD_LIBRARY_PATH=/home/manoj/ros2_ws/install/moveit_ros_planning/lib:/home/manoj/ros2_ws/install/moveit_ros_occupancy_map_monitor/lib:/home/manoj/ros2_ws/install/moveit_core/lib:${LD_LIBRARY_PATH} PATH=/home/manoj/ros2_ws/install/moveit_core/bin:${PATH} PYTHONPATH=/home/manoj/ros2_ws/install/moveit_configs_utils/lib/python3.10/site-packages:${PYTHONPATH} /usr/bin/cmake --install /home/manoj/ros2_ws/build/moveit_kinematics
[0.276s] -- Install configuration: "Release"
[0.276s] -- Execute custom install script
[0.277s] -- Up-to-date symlink: /home/manoj/ros2_ws/install/moveit_kinematics/share/moveit_kinematics//kdl_kinematics_plugin_description.xml
[0.277s] -- Up-to-date symlink: /home/manoj/ros2_ws/install/moveit_kinematics/share/moveit_kinematics//lma_kinematics_plugin_description.xml
[0.278s] -- Up-to-date symlink: /home/manoj/ros2_ws/install/moveit_kinematics/share/moveit_kinematics//srv_kinematics_plugin_description.xml
[0.278s] -- Up-to-date symlink: /home/manoj/ros2_ws/install/moveit_kinematics/share/moveit_kinematics//cached_ik_kinematics_plugin_description.xml
[0.278s] -- Up-to-date symlink: /home/manoj/ros2_ws/install/moveit_kinematics/include/moveit/cached_ik_kinematics_plugin/cached_ik_kinematics_plugin-inl.h
[0.278s] -- Up-to-date symlink: /home/manoj/ros2_ws/install/moveit_kinematics/include/moveit/cached_ik_kinematics_plugin/cached_ik_kinematics_plugin.h
[0.278s] -- Up-to-date symlink: /home/manoj/ros2_ws/install/moveit_kinematics/include/moveit/cached_ik_kinematics_plugin/detail/GreedyKCenters.h
[0.281s] -- Up-to-date symlink: /home/manoj/ros2_ws/install/moveit_kinematics/include/moveit/cached_ik_kinematics_plugin/detail/NearestNeighbors.h
[0.281s] -- Up-to-date symlink: /home/manoj/ros2_ws/install/moveit_kinematics/include/moveit/cached_ik_kinematics_plugin/detail/NearestNeighborsGNAT.h
[0.285s] -- Up-to-date symlink: /home/manoj/ros2_ws/install/moveit_kinematics/share/moveit_kinematics/launch/measure_ik_call_cost.launch
[0.285s] -- Up-to-date symlink: /home/manoj/ros2_ws/install/moveit_kinematics/lib/moveit_kinematics/auto_create_ikfast_moveit_plugin.sh
[0.285s] -- Up-to-date symlink: /home/manoj/ros2_ws/install/moveit_kinematics/lib/moveit_kinematics/create_ikfast_moveit_plugin.py
[0.285s] -- Up-to-date symlink: /home/manoj/ros2_ws/install/moveit_kinematics/lib/moveit_kinematics/round_collada_numbers.py
[0.285s] -- Up-to-date symlink: /home/manoj/ros2_ws/install/moveit_kinematics/share/moveit_kinematics/ikfast_kinematics_plugin/templates/CMakeLists.txt
[0.285s] -- Up-to-date symlink: /home/manoj/ros2_ws/install/moveit_kinematics/share/moveit_kinematics/ikfast_kinematics_plugin/templates/ikfast.h
[0.285s] -- Up-to-date symlink: /home/manoj/ros2_ws/install/moveit_kinematics/share/moveit_kinematics/ikfast_kinematics_plugin/templates/ikfast61_moveit_plugin_template.cpp
[0.293s] -- Up-to-date symlink: /home/manoj/ros2_ws/install/moveit_kinematics/include/moveit/kdl_kinematics_plugin/chainiksolver_vel_mimic_svd.hpp
[0.293s] -- Up-to-date symlink: /home/manoj/ros2_ws/install/moveit_kinematics/include/moveit/kdl_kinematics_plugin/joint_mimic.hpp
[0.293s] -- Up-to-date symlink: /home/manoj/ros2_ws/install/moveit_kinematics/include/moveit/kdl_kinematics_plugin/kdl_kinematics_plugin.h
[0.296s] -- Up-to-date symlink: /home/manoj/ros2_ws/install/moveit_kinematics/include/moveit/lma_kinematics_plugin/lma_kinematics_plugin.h
[0.300s] -- Up-to-date symlink: /home/manoj/ros2_ws/install/moveit_kinematics/include/moveit/srv_kinematics_plugin/srv_kinematics_plugin.h
[0.300s] -- Up-to-date symlink: /home/manoj/ros2_ws/install/moveit_kinematics/share/moveit_kinematics/config/fanuc-kdl-singular-test.yaml
[0.300s] -- Up-to-date symlink: /home/manoj/ros2_ws/install/moveit_kinematics/share/moveit_kinematics/config/fanuc-kdl-test.yaml
[0.300s] -- Up-to-date symlink: /home/manoj/ros2_ws/install/moveit_kinematics/share/moveit_kinematics/config/fanuc-lma-singular-test.yaml
[0.300s] -- Up-to-date symlink: /home/manoj/ros2_ws/install/moveit_kinematics/share/moveit_kinematics/config/fanuc-lma-test.yaml
[0.301s] -- Up-to-date symlink: /home/manoj/ros2_ws/install/moveit_kinematics/share/moveit_kinematics/config/panda-kdl-singular-test.yaml
[0.301s] -- Up-to-date symlink: /home/manoj/ros2_ws/install/moveit_kinematics/share/moveit_kinematics/config/panda-kdl-test.yaml
[0.301s] -- Up-to-date symlink: /home/manoj/ros2_ws/install/moveit_kinematics/share/moveit_kinematics/config/panda-lma-singular-test.yaml
[0.301s] -- Up-to-date symlink: /home/manoj/ros2_ws/install/moveit_kinematics/share/moveit_kinematics/config/panda-lma-test.yaml
[0.302s] -- Up-to-date symlink: /home/manoj/ros2_ws/install/moveit_kinematics/share/moveit_kinematics/launch/fanuc-kdl-singular.test.py
[0.302s] -- Up-to-date symlink: /home/manoj/ros2_ws/install/moveit_kinematics/share/moveit_kinematics/launch/fanuc-kdl.test.py
[0.302s] -- Up-to-date symlink: /home/manoj/ros2_ws/install/moveit_kinematics/share/moveit_kinematics/launch/fanuc-lma-singular.test.py
[0.302s] -- Up-to-date symlink: /home/manoj/ros2_ws/install/moveit_kinematics/share/moveit_kinematics/launch/fanuc-lma.test.py
[0.302s] -- Up-to-date symlink: /home/manoj/ros2_ws/install/moveit_kinematics/share/moveit_kinematics/launch/panda-kdl-singular.test.py
[0.302s] -- Up-to-date symlink: /home/manoj/ros2_ws/install/moveit_kinematics/share/moveit_kinematics/launch/panda-kdl.test.py
[0.302s] -- Up-to-date symlink: /home/manoj/ros2_ws/install/moveit_kinematics/share/moveit_kinematics/launch/panda-lma-singular.test.py
[0.302s] -- Up-to-date symlink: /home/manoj/ros2_ws/install/moveit_kinematics/share/moveit_kinematics/launch/panda-lma.test.py
[0.303s] -- Up-to-date symlink: /home/manoj/ros2_ws/install/moveit_kinematics/lib/moveit_kinematics/benchmark_ik
[0.303s] -- Up-to-date symlink: /home/manoj/ros2_ws/install/moveit_kinematics/lib/moveit_kinematics/test_kinematics_plugin
[0.303s] -- Up-to-date symlink: /home/manoj/ros2_ws/install/moveit_kinematics/share/moveit_kinematics/environment/library_path.sh
[0.303s] -- Up-to-date symlink: /home/manoj/ros2_ws/install/moveit_kinematics/share/moveit_kinematics/environment/library_path.dsv
[0.303s] -- Up-to-date symlink: /home/manoj/ros2_ws/install/moveit_kinematics/share/ament_index/resource_index/package_run_dependencies/moveit_kinematics
[0.303s] -- Up-to-date symlink: /home/manoj/ros2_ws/install/moveit_kinematics/share/ament_index/resource_index/parent_prefix_path/moveit_kinematics
[0.303s] -- Up-to-date symlink: /home/manoj/ros2_ws/install/moveit_kinematics/share/moveit_kinematics/environment/ament_prefix_path.sh
[0.303s] -- Up-to-date symlink: /home/manoj/ros2_ws/install/moveit_kinematics/share/moveit_kinematics/environment/ament_prefix_path.dsv
[0.303s] -- Up-to-date symlink: /home/manoj/ros2_ws/install/moveit_kinematics/share/moveit_kinematics/environment/path.sh
[0.303s] -- Up-to-date symlink: /home/manoj/ros2_ws/install/moveit_kinematics/share/moveit_kinematics/environment/path.dsv
[0.303s] -- Up-to-date symlink: /home/manoj/ros2_ws/install/moveit_kinematics/share/moveit_kinematics/local_setup.bash
[0.303s] -- Up-to-date symlink: /home/manoj/ros2_ws/install/moveit_kinematics/share/moveit_kinematics/local_setup.sh
[0.303s] -- Up-to-date symlink: /home/manoj/ros2_ws/install/moveit_kinematics/share/moveit_kinematics/local_setup.zsh
[0.303s] -- Up-to-date symlink: /home/manoj/ros2_ws/install/moveit_kinematics/share/moveit_kinematics/local_setup.dsv
[0.304s] -- Symlinking: /home/manoj/ros2_ws/install/moveit_kinematics/share/moveit_kinematics/package.dsv
[0.322s] -- Up-to-date symlink: /home/manoj/ros2_ws/install/moveit_kinematics/share/ament_index/resource_index/packages/moveit_kinematics
[0.322s] -- Up-to-date symlink: /home/manoj/ros2_ws/install/moveit_kinematics/share/ament_index/resource_index/moveit_core__pluginlib__plugin/moveit_kinematics
[0.322s] -- Up-to-date symlink: /home/manoj/ros2_ws/install/moveit_kinematics/share/moveit_kinematics/cmake/ConfigExtras.cmake
[0.322s] -- Up-to-date symlink: /home/manoj/ros2_ws/install/moveit_kinematics/share/moveit_kinematics/cmake/ament_cmake_export_targets-extras.cmake
[0.322s] -- Up-to-date symlink: /home/manoj/ros2_ws/install/moveit_kinematics/share/moveit_kinematics/cmake/ament_cmake_export_dependencies-extras.cmake
[0.322s] -- Up-to-date symlink: /home/manoj/ros2_ws/install/moveit_kinematics/share/moveit_kinematics/cmake/moveit_kinematicsConfig.cmake
[0.322s] -- Up-to-date symlink: /home/manoj/ros2_ws/install/moveit_kinematics/share/moveit_kinematics/cmake/moveit_kinematicsConfig-version.cmake
[0.323s] -- Up-to-date symlink: /home/manoj/ros2_ws/install/moveit_kinematics/share/moveit_kinematics/package.xml
[0.324s] -- Up-to-date: /home/manoj/ros2_ws/install/moveit_kinematics/lib/libmoveit_cached_ik_kinematics_base.so.2.5.9
[0.324s] -- Up-to-date: /home/manoj/ros2_ws/install/moveit_kinematics/lib/libmoveit_cached_ik_kinematics_base.so
[0.324s] -- Up-to-date: /home/manoj/ros2_ws/install/moveit_kinematics/lib/libmoveit_cached_ik_kinematics_plugin.so.2.5.9
[0.324s] -- Up-to-date: /home/manoj/ros2_ws/install/moveit_kinematics/lib/libmoveit_cached_ik_kinematics_plugin.so
[0.325s] -- Up-to-date: /home/manoj/ros2_ws/install/moveit_kinematics/lib/libmoveit_kdl_kinematics_plugin.so
[0.326s] -- Up-to-date: /home/manoj/ros2_ws/install/moveit_kinematics/lib/libmoveit_lma_kinematics_plugin.so.2.5.9
[0.326s] -- Up-to-date: /home/manoj/ros2_ws/install/moveit_kinematics/lib/libmoveit_lma_kinematics_plugin.so
[0.336s] -- Up-to-date: /home/manoj/ros2_ws/install/moveit_kinematics/lib/libmoveit_srv_kinematics_plugin.so.2.5.9
[0.336s] -- Up-to-date: /home/manoj/ros2_ws/install/moveit_kinematics/lib/libmoveit_srv_kinematics_plugin.so
[0.336s] -- Up-to-date: /home/manoj/ros2_ws/install/moveit_kinematics/share/moveit_kinematics/cmake/export_moveit_kinematicsExport.cmake
[0.336s] -- Up-to-date: /home/manoj/ros2_ws/install/moveit_kinematics/share/moveit_kinematics/cmake/export_moveit_kinematicsExport-release.cmake
[0.357s] Invoked command in '/home/manoj/ros2_ws/build/moveit_kinematics' returned '0': AMENT_PREFIX_PATH=/home/manoj/ros2_ws/install/moveit_ros_planning:/home/manoj/ros2_ws/install/moveit_ros_occupancy_map_monitor:/home/manoj/ros2_ws/install/moveit_core:/home/manoj/ros2_ws/install/moveit_resources_panda_moveit_config:/home/manoj/ros2_ws/install/moveit_resources_fanuc_moveit_config:/home/manoj/ros2_ws/install/moveit_resources_pr2_description:/home/manoj/ros2_ws/install/moveit_resources_panda_description:/home/manoj/ros2_ws/install/moveit_resources_fanuc_description:/home/manoj/ros2_ws/install/moveit_configs_utils:/home/manoj/ros2_ws/install/moveit_common:${AMENT_PREFIX_PATH} CMAKE_PREFIX_PATH=/home/manoj/ros2_ws/install/moveit_ros_planning:/home/manoj/ros2_ws/install/moveit_ros_occupancy_map_monitor:/home/manoj/ros2_ws/install/moveit_core:/home/manoj/ros2_ws/install/moveit_resources_panda_moveit_config:/home/manoj/ros2_ws/install/moveit_resources_fanuc_moveit_config:/home/manoj/ros2_ws/install/moveit_resources_pr2_description:/home/manoj/ros2_ws/install/moveit_resources_panda_description:/home/manoj/ros2_ws/install/moveit_resources_fanuc_description:/home/manoj/ros2_ws/install/moveit_common:/opt/ros/humble LD_LIBRARY_PATH=/home/manoj/ros2_ws/install/moveit_ros_planning/lib:/home/manoj/ros2_ws/install/moveit_ros_occupancy_map_monitor/lib:/home/manoj/ros2_ws/install/moveit_core/lib:${LD_LIBRARY_PATH} PATH=/home/manoj/ros2_ws/install/moveit_core/bin:${PATH} PYTHONPATH=/home/manoj/ros2_ws/install/moveit_configs_utils/lib/python3.10/site-packages:${PYTHONPATH} /usr/bin/cmake --install /home/manoj/ros2_ws/build/moveit_kinematics
