[0.044s] Invoking command in '/home/manoj/ros2_ws/build/moveit_resources_panda_description': CMAKE_PREFIX_PATH=${CMAKE_PREFIX_PATH}:/opt/ros/humble /usr/bin/cmake /home/manoj/ros2_ws/src/moveit_resources/panda_description -DCMAKE_INSTALL_PREFIX=/home/manoj/ros2_ws/install/moveit_resources_panda_description
[0.561s] -- The C compiler identification is GNU 11.4.0
[0.562s] -- The CXX compiler identification is GNU 11.4.0
[0.562s] -- Detecting C compiler ABI info
[0.562s] -- Detecting C compiler ABI info - done
[0.562s] -- Check for working C compiler: /usr/bin/cc - skipped
[0.562s] -- Detecting C compile features
[0.563s] -- Detecting C compile features - done
[0.566s] -- Detecting CXX compiler ABI info
[0.566s] -- Detecting CXX compiler ABI info - done
[0.566s] -- Check for working CXX compiler: /usr/bin/c++ - skipped
[0.567s] -- Detecting CXX compile features
[0.567s] -- Detecting CXX compile features - done
[0.567s] -- Found ament_cmake: 1.3.11 (/opt/ros/humble/share/ament_cmake/cmake)
[0.816s] -- Found Python3: /usr/bin/python3 (found version "3.10.12") found components: Interpreter 
[1.125s] -- Configuring done
[1.134s] -- Generating done
[1.138s] -- Build files have been written to: /home/manoj/ros2_ws/build/moveit_resources_panda_description
[1.146s] Invoked command in '/home/manoj/ros2_ws/build/moveit_resources_panda_description' returned '0': CMAKE_PREFIX_PATH=${CMAKE_PREFIX_PATH}:/opt/ros/humble /usr/bin/cmake /home/manoj/ros2_ws/src/moveit_resources/panda_description -DCMAKE_INSTALL_PREFIX=/home/manoj/ros2_ws/install/moveit_resources_panda_description
[1.149s] Invoking command in '/home/manoj/ros2_ws/build/moveit_resources_panda_description': CMAKE_PREFIX_PATH=${CMAKE_PREFIX_PATH}:/opt/ros/humble /usr/bin/cmake --build /home/manoj/ros2_ws/build/moveit_resources_panda_description -- -j12 -l12
[1.218s] Invoked command in '/home/manoj/ros2_ws/build/moveit_resources_panda_description' returned '0': CMAKE_PREFIX_PATH=${CMAKE_PREFIX_PATH}:/opt/ros/humble /usr/bin/cmake --build /home/manoj/ros2_ws/build/moveit_resources_panda_description -- -j12 -l12
[1.222s] Invoking command in '/home/manoj/ros2_ws/build/moveit_resources_panda_description': CMAKE_PREFIX_PATH=${CMAKE_PREFIX_PATH}:/opt/ros/humble /usr/bin/cmake --install /home/manoj/ros2_ws/build/moveit_resources_panda_description
[1.234s] -- Install configuration: ""
[1.235s] -- Installing: /home/manoj/ros2_ws/install/moveit_resources_panda_description/share/ament_index/resource_index/package_run_dependencies/moveit_resources_panda_description
[1.236s] -- Installing: /home/manoj/ros2_ws/install/moveit_resources_panda_description/share/ament_index/resource_index/parent_prefix_path/moveit_resources_panda_description
[1.236s] -- Installing: /home/manoj/ros2_ws/install/moveit_resources_panda_description/share/moveit_resources_panda_description/environment/ament_prefix_path.sh
[1.238s] -- Installing: /home/manoj/ros2_ws/install/moveit_resources_panda_description/share/moveit_resources_panda_description/environment/ament_prefix_path.dsv
[1.238s] -- Installing: /home/manoj/ros2_ws/install/moveit_resources_panda_description/share/moveit_resources_panda_description/environment/path.sh
[1.243s] -- Installing: /home/manoj/ros2_ws/install/moveit_resources_panda_description/share/moveit_resources_panda_description/environment/path.dsv
[1.243s] -- Installing: /home/manoj/ros2_ws/install/moveit_resources_panda_description/share/moveit_resources_panda_description/local_setup.bash
[1.243s] -- Installing: /home/manoj/ros2_ws/install/moveit_resources_panda_description/share/moveit_resources_panda_description/local_setup.sh
[1.244s] -- Installing: /home/manoj/ros2_ws/install/moveit_resources_panda_description/share/moveit_resources_panda_description/local_setup.zsh
[1.244s] -- Installing: /home/manoj/ros2_ws/install/moveit_resources_panda_description/share/moveit_resources_panda_description/local_setup.dsv
[1.244s] -- Installing: /home/manoj/ros2_ws/install/moveit_resources_panda_description/share/moveit_resources_panda_description/package.dsv
[1.244s] -- Installing: /home/manoj/ros2_ws/install/moveit_resources_panda_description/share/ament_index/resource_index/packages/moveit_resources_panda_description
[1.244s] -- Installing: /home/manoj/ros2_ws/install/moveit_resources_panda_description/share/moveit_resources_panda_description/cmake/moveit_resources_panda_descriptionConfig.cmake
[1.244s] -- Installing: /home/manoj/ros2_ws/install/moveit_resources_panda_description/share/moveit_resources_panda_description/cmake/moveit_resources_panda_descriptionConfig-version.cmake
[1.244s] -- Installing: /home/manoj/ros2_ws/install/moveit_resources_panda_description/share/moveit_resources_panda_description/package.xml
[1.244s] -- Installing: /home/manoj/ros2_ws/install/moveit_resources_panda_description/share/moveit_resources_panda_description/meshes
[1.245s] -- Installing: /home/manoj/ros2_ws/install/moveit_resources_panda_description/share/moveit_resources_panda_description/meshes/collision
[1.245s] -- Installing: /home/manoj/ros2_ws/install/moveit_resources_panda_description/share/moveit_resources_panda_description/meshes/collision/finger.stl
[1.246s] -- Installing: /home/manoj/ros2_ws/install/moveit_resources_panda_description/share/moveit_resources_panda_description/meshes/collision/link0.stl
[1.248s] -- Installing: /home/manoj/ros2_ws/install/moveit_resources_panda_description/share/moveit_resources_panda_description/meshes/collision/link2.stl
[1.248s] -- Installing: /home/manoj/ros2_ws/install/moveit_resources_panda_description/share/moveit_resources_panda_description/meshes/collision/link7.stl
[1.249s] -- Installing: /home/manoj/ros2_ws/install/moveit_resources_panda_description/share/moveit_resources_panda_description/meshes/collision/link4.stl
[1.249s] -- Installing: /home/manoj/ros2_ws/install/moveit_resources_panda_description/share/moveit_resources_panda_description/meshes/collision/link3.stl
[1.252s] -- Installing: /home/manoj/ros2_ws/install/moveit_resources_panda_description/share/moveit_resources_panda_description/meshes/collision/link6.stl
[1.253s] -- Installing: /home/manoj/ros2_ws/install/moveit_resources_panda_description/share/moveit_resources_panda_description/meshes/collision/link5.stl
[1.253s] -- Installing: /home/manoj/ros2_ws/install/moveit_resources_panda_description/share/moveit_resources_panda_description/meshes/collision/link1.stl
[1.254s] -- Installing: /home/manoj/ros2_ws/install/moveit_resources_panda_description/share/moveit_resources_panda_description/meshes/collision/hand.stl
[1.255s] -- Installing: /home/manoj/ros2_ws/install/moveit_resources_panda_description/share/moveit_resources_panda_description/meshes/visual
[1.256s] -- Installing: /home/manoj/ros2_ws/install/moveit_resources_panda_description/share/moveit_resources_panda_description/meshes/visual/link2.dae
[1.262s] -- Installing: /home/manoj/ros2_ws/install/moveit_resources_panda_description/share/moveit_resources_panda_description/meshes/visual/link7.dae
[1.262s] -- Installing: /home/manoj/ros2_ws/install/moveit_resources_panda_description/share/moveit_resources_panda_description/meshes/visual/finger.dae
[1.263s] -- Installing: /home/manoj/ros2_ws/install/moveit_resources_panda_description/share/moveit_resources_panda_description/meshes/visual/link3.dae
[1.267s] -- Installing: /home/manoj/ros2_ws/install/moveit_resources_panda_description/share/moveit_resources_panda_description/meshes/visual/hand.dae
[1.268s] -- Installing: /home/manoj/ros2_ws/install/moveit_resources_panda_description/share/moveit_resources_panda_description/meshes/visual/link1.dae
[1.270s] -- Installing: /home/manoj/ros2_ws/install/moveit_resources_panda_description/share/moveit_resources_panda_description/meshes/visual/link5.dae
[1.273s] -- Installing: /home/manoj/ros2_ws/install/moveit_resources_panda_description/share/moveit_resources_panda_description/meshes/visual/link0.dae
[1.273s] -- Installing: /home/manoj/ros2_ws/install/moveit_resources_panda_description/share/moveit_resources_panda_description/meshes/visual/link4.dae
[1.275s] -- Installing: /home/manoj/ros2_ws/install/moveit_resources_panda_description/share/moveit_resources_panda_description/meshes/visual/link6.dae
[1.278s] -- Installing: /home/manoj/ros2_ws/install/moveit_resources_panda_description/share/moveit_resources_panda_description/urdf
[1.278s] -- Installing: /home/manoj/ros2_ws/install/moveit_resources_panda_description/share/moveit_resources_panda_description/urdf/panda.urdf.xacro
[1.278s] -- Installing: /home/manoj/ros2_ws/install/moveit_resources_panda_description/share/moveit_resources_panda_description/urdf/panda.urdf
[1.283s] Invoked command in '/home/manoj/ros2_ws/build/moveit_resources_panda_description' returned '0': CMAKE_PREFIX_PATH=${CMAKE_PREFIX_PATH}:/opt/ros/humble /usr/bin/cmake --install /home/manoj/ros2_ws/build/moveit_resources_panda_description
