[0.029s] Invoking command in '/home/manoj/ros2_ws/build/moveit_ros_move_group': AMENT_PREFIX_PATH=/home/manoj/ros2_ws/install/moveit_kinematics:/home/manoj/ros2_ws/install/moveit_ros_planning:/home/manoj/ros2_ws/install/moveit_ros_occupancy_map_monitor:/home/manoj/ros2_ws/install/moveit_core:/home/manoj/ros2_ws/install/moveit_resources_panda_moveit_config:/home/manoj/ros2_ws/install/moveit_resources_fanuc_moveit_config:/home/manoj/ros2_ws/install/moveit_resources_pr2_description:/home/manoj/ros2_ws/install/moveit_resources_panda_description:/home/manoj/ros2_ws/install/moveit_resources_fanuc_description:/home/manoj/ros2_ws/install/moveit_configs_utils:/home/manoj/ros2_ws/install/moveit_common:${AMENT_PREFIX_PATH} CMAKE_PREFIX_PATH=/home/manoj/ros2_ws/install/moveit_kinematics:/home/manoj/ros2_ws/install/moveit_ros_planning:/home/manoj/ros2_ws/install/moveit_ros_occupancy_map_monitor:/home/manoj/ros2_ws/install/moveit_core:/home/manoj/ros2_ws/install/moveit_resources_panda_moveit_config:/home/manoj/ros2_ws/install/moveit_resources_fanuc_moveit_config:/home/manoj/ros2_ws/install/moveit_resources_pr2_description:/home/manoj/ros2_ws/install/moveit_resources_panda_description:/home/manoj/ros2_ws/install/moveit_resources_fanuc_description:/home/manoj/ros2_ws/install/moveit_common:/opt/ros/humble LD_LIBRARY_PATH=/home/manoj/ros2_ws/install/moveit_kinematics/lib:/home/manoj/ros2_ws/install/moveit_ros_planning/lib:/home/manoj/ros2_ws/install/moveit_ros_occupancy_map_monitor/lib:/home/manoj/ros2_ws/install/moveit_core/lib:${LD_LIBRARY_PATH} PATH=/home/manoj/ros2_ws/install/moveit_core/bin:${PATH} PYTHONPATH=/home/manoj/ros2_ws/install/moveit_configs_utils/lib/python3.10/site-packages:${PYTHONPATH} /usr/bin/cmake /home/manoj/ros2_ws/src/moveit2/moveit_ros/move_group -DCMAKE_INSTALL_PREFIX=/home/manoj/ros2_ws/install/moveit_ros_move_group
[0.043s] -- Found moveit_common: 2.5.9 (/home/manoj/ros2_ws/install/moveit_common/share/moveit_common/cmake)
[0.043s] -- Found ament_cmake: 1.3.11 (/opt/ros/humble/share/ament_cmake/cmake)
[0.183s] -- Override CMake install command with custom implementation using symlinks instead of copying resources
[0.261s] -- Found moveit_core: 2.5.9 (/home/manoj/ros2_ws/install/moveit_core/share/moveit_core/cmake)
[0.279s] -- Found Boost: /usr/lib/x86_64-linux-gnu/cmake/Boost-1.74.0/BoostConfig.cmake (found version "1.74.0") found components: chrono date_time filesystem iostreams program_options regex serialization system thread 
[0.312s] -- Found parameter_traits: 0.4.0 (/opt/ros/humble/share/parameter_traits/cmake)
[0.328s] -- Found rosidl_generator_c: 3.1.6 (/opt/ros/humble/share/rosidl_generator_c/cmake)
[0.330s] -- Found rosidl_adapter: 3.1.6 (/opt/ros/humble/share/rosidl_adapter/cmake)
[0.335s] -- Found rosidl_generator_cpp: 3.1.6 (/opt/ros/humble/share/rosidl_generator_cpp/cmake)
[0.349s] -- Using all available rosidl_typesupport_c: rosidl_typesupport_fastrtps_c;rosidl_typesupport_introspection_c
[0.364s] -- Using all available rosidl_typesupport_cpp: rosidl_typesupport_fastrtps_cpp;rosidl_typesupport_introspection_cpp
[0.395s] -- Found rmw_implementation_cmake: 6.1.2 (/opt/ros/humble/share/rmw_implementation_cmake/cmake)
[0.396s] -- Found rmw_fastrtps_cpp: 6.2.7 (/opt/ros/humble/share/rmw_fastrtps_cpp/cmake)
[0.496s] -- Using RMW implementation 'rmw_fastrtps_cpp' as default
[0.540s] -- Found rclcpp_lifecycle: 16.0.12 (/opt/ros/humble/share/rclcpp_lifecycle/cmake)
[0.559s] -- Found Boost: /usr/lib/x86_64-linux-gnu/cmake/Boost-1.74.0/BoostConfig.cmake (found version "1.74.0") found components: filesystem 
[0.597s] -- library: /usr/lib/x86_64-linux-gnu/libcurl.so
[0.650s] -- Ensuring Eigen3 include directory is part of orocos-kdl CMake target
[0.894s] -- Found moveit_ros_planning: 2.5.9 (/home/manoj/ros2_ws/install/moveit_ros_planning/share/moveit_ros_planning/cmake)
[0.901s] -- Found Boost: /usr/lib/x86_64-linux-gnu/cmake/Boost-1.74.0/BoostConfig.cmake (found version "1.74.0") found components: system filesystem date_time program_options thread chrono 
[0.928s] -- Found std_srvs: 4.8.0 (/opt/ros/humble/share/std_srvs/cmake)
[0.946s] -- Found Boost: /usr/lib/x86_64-linux-gnu/cmake/Boost-1.74.0/BoostConfig.cmake (found version "1.74.0") found components: system filesystem date_time program_options thread 
[0.983s] -- Found ament_lint_auto: 0.12.12 (/opt/ros/humble/share/ament_lint_auto/cmake)
[0.990s] -- Added test 'cppcheck' to perform static code analysis on C / C++ code
[0.991s] -- Configured cppcheck include dirs: /home/manoj/ros2_ws/src/moveit2/moveit_ros/move_group/include
[0.991s] -- Configured cppcheck exclude dirs and/or files: 
[0.992s] -- Added test 'lint_cmake' to check CMake code style
[0.992s] -- Added test 'pep257' to check Python code against some of the docstring style conventions in PEP 257
[0.992s] -- Added test 'xmllint' to check XML markup files
[0.993s] -- Configuring done
[1.051s] -- Generating done
[1.075s] -- Build files have been written to: /home/manoj/ros2_ws/build/moveit_ros_move_group
[1.091s] Invoked command in '/home/manoj/ros2_ws/build/moveit_ros_move_group' returned '0': AMENT_PREFIX_PATH=/home/manoj/ros2_ws/install/moveit_kinematics:/home/manoj/ros2_ws/install/moveit_ros_planning:/home/manoj/ros2_ws/install/moveit_ros_occupancy_map_monitor:/home/manoj/ros2_ws/install/moveit_core:/home/manoj/ros2_ws/install/moveit_resources_panda_moveit_config:/home/manoj/ros2_ws/install/moveit_resources_fanuc_moveit_config:/home/manoj/ros2_ws/install/moveit_resources_pr2_description:/home/manoj/ros2_ws/install/moveit_resources_panda_description:/home/manoj/ros2_ws/install/moveit_resources_fanuc_description:/home/manoj/ros2_ws/install/moveit_configs_utils:/home/manoj/ros2_ws/install/moveit_common:${AMENT_PREFIX_PATH} CMAKE_PREFIX_PATH=/home/manoj/ros2_ws/install/moveit_kinematics:/home/manoj/ros2_ws/install/moveit_ros_planning:/home/manoj/ros2_ws/install/moveit_ros_occupancy_map_monitor:/home/manoj/ros2_ws/install/moveit_core:/home/manoj/ros2_ws/install/moveit_resources_panda_moveit_config:/home/manoj/ros2_ws/install/moveit_resources_fanuc_moveit_config:/home/manoj/ros2_ws/install/moveit_resources_pr2_description:/home/manoj/ros2_ws/install/moveit_resources_panda_description:/home/manoj/ros2_ws/install/moveit_resources_fanuc_description:/home/manoj/ros2_ws/install/moveit_common:/opt/ros/humble LD_LIBRARY_PATH=/home/manoj/ros2_ws/install/moveit_kinematics/lib:/home/manoj/ros2_ws/install/moveit_ros_planning/lib:/home/manoj/ros2_ws/install/moveit_ros_occupancy_map_monitor/lib:/home/manoj/ros2_ws/install/moveit_core/lib:${LD_LIBRARY_PATH} PATH=/home/manoj/ros2_ws/install/moveit_core/bin:${PATH} PYTHONPATH=/home/manoj/ros2_ws/install/moveit_configs_utils/lib/python3.10/site-packages:${PYTHONPATH} /usr/bin/cmake /home/manoj/ros2_ws/src/moveit2/moveit_ros/move_group -DCMAKE_INSTALL_PREFIX=/home/manoj/ros2_ws/install/moveit_ros_move_group
[1.091s] Invoking command in '/home/manoj/ros2_ws/build/moveit_ros_move_group': AMENT_PREFIX_PATH=/home/manoj/ros2_ws/install/moveit_kinematics:/home/manoj/ros2_ws/install/moveit_ros_planning:/home/manoj/ros2_ws/install/moveit_ros_occupancy_map_monitor:/home/manoj/ros2_ws/install/moveit_core:/home/manoj/ros2_ws/install/moveit_resources_panda_moveit_config:/home/manoj/ros2_ws/install/moveit_resources_fanuc_moveit_config:/home/manoj/ros2_ws/install/moveit_resources_pr2_description:/home/manoj/ros2_ws/install/moveit_resources_panda_description:/home/manoj/ros2_ws/install/moveit_resources_fanuc_description:/home/manoj/ros2_ws/install/moveit_configs_utils:/home/manoj/ros2_ws/install/moveit_common:${AMENT_PREFIX_PATH} CMAKE_PREFIX_PATH=/home/manoj/ros2_ws/install/moveit_kinematics:/home/manoj/ros2_ws/install/moveit_ros_planning:/home/manoj/ros2_ws/install/moveit_ros_occupancy_map_monitor:/home/manoj/ros2_ws/install/moveit_core:/home/manoj/ros2_ws/install/moveit_resources_panda_moveit_config:/home/manoj/ros2_ws/install/moveit_resources_fanuc_moveit_config:/home/manoj/ros2_ws/install/moveit_resources_pr2_description:/home/manoj/ros2_ws/install/moveit_resources_panda_description:/home/manoj/ros2_ws/install/moveit_resources_fanuc_description:/home/manoj/ros2_ws/install/moveit_common:/opt/ros/humble LD_LIBRARY_PATH=/home/manoj/ros2_ws/install/moveit_kinematics/lib:/home/manoj/ros2_ws/install/moveit_ros_planning/lib:/home/manoj/ros2_ws/install/moveit_ros_occupancy_map_monitor/lib:/home/manoj/ros2_ws/install/moveit_core/lib:${LD_LIBRARY_PATH} PATH=/home/manoj/ros2_ws/install/moveit_core/bin:${PATH} PYTHONPATH=/home/manoj/ros2_ws/install/moveit_configs_utils/lib/python3.10/site-packages:${PYTHONPATH} /usr/bin/cmake --build /home/manoj/ros2_ws/build/moveit_ros_move_group -- -j12 -l12
[1.135s] [35m[1mConsolidate compiler generated dependencies of target list_move_group_capabilities[0m
[1.135s] [35m[1mConsolidate compiler generated dependencies of target moveit_move_group_capabilities_base[0m
[1.170s] [ 10%] Built target list_move_group_capabilities
[1.175s] [ 26%] Built target moveit_move_group_capabilities_base
[1.186s] [35m[1mConsolidate compiler generated dependencies of target move_group[0m
[1.201s] [35m[1mConsolidate compiler generated dependencies of target moveit_move_group_default_capabilities[0m
[1.212s] [ 36%] Built target move_group
[1.275s] [100%] Built target moveit_move_group_default_capabilities
[1.284s] Invoked command in '/home/manoj/ros2_ws/build/moveit_ros_move_group' returned '0': AMENT_PREFIX_PATH=/home/manoj/ros2_ws/install/moveit_kinematics:/home/manoj/ros2_ws/install/moveit_ros_planning:/home/manoj/ros2_ws/install/moveit_ros_occupancy_map_monitor:/home/manoj/ros2_ws/install/moveit_core:/home/manoj/ros2_ws/install/moveit_resources_panda_moveit_config:/home/manoj/ros2_ws/install/moveit_resources_fanuc_moveit_config:/home/manoj/ros2_ws/install/moveit_resources_pr2_description:/home/manoj/ros2_ws/install/moveit_resources_panda_description:/home/manoj/ros2_ws/install/moveit_resources_fanuc_description:/home/manoj/ros2_ws/install/moveit_configs_utils:/home/manoj/ros2_ws/install/moveit_common:${AMENT_PREFIX_PATH} CMAKE_PREFIX_PATH=/home/manoj/ros2_ws/install/moveit_kinematics:/home/manoj/ros2_ws/install/moveit_ros_planning:/home/manoj/ros2_ws/install/moveit_ros_occupancy_map_monitor:/home/manoj/ros2_ws/install/moveit_core:/home/manoj/ros2_ws/install/moveit_resources_panda_moveit_config:/home/manoj/ros2_ws/install/moveit_resources_fanuc_moveit_config:/home/manoj/ros2_ws/install/moveit_resources_pr2_description:/home/manoj/ros2_ws/install/moveit_resources_panda_description:/home/manoj/ros2_ws/install/moveit_resources_fanuc_description:/home/manoj/ros2_ws/install/moveit_common:/opt/ros/humble LD_LIBRARY_PATH=/home/manoj/ros2_ws/install/moveit_kinematics/lib:/home/manoj/ros2_ws/install/moveit_ros_planning/lib:/home/manoj/ros2_ws/install/moveit_ros_occupancy_map_monitor/lib:/home/manoj/ros2_ws/install/moveit_core/lib:${LD_LIBRARY_PATH} PATH=/home/manoj/ros2_ws/install/moveit_core/bin:${PATH} PYTHONPATH=/home/manoj/ros2_ws/install/moveit_configs_utils/lib/python3.10/site-packages:${PYTHONPATH} /usr/bin/cmake --build /home/manoj/ros2_ws/build/moveit_ros_move_group -- -j12 -l12
[1.286s] Invoking command in '/home/manoj/ros2_ws/build/moveit_ros_move_group': AMENT_PREFIX_PATH=/home/manoj/ros2_ws/install/moveit_kinematics:/home/manoj/ros2_ws/install/moveit_ros_planning:/home/manoj/ros2_ws/install/moveit_ros_occupancy_map_monitor:/home/manoj/ros2_ws/install/moveit_core:/home/manoj/ros2_ws/install/moveit_resources_panda_moveit_config:/home/manoj/ros2_ws/install/moveit_resources_fanuc_moveit_config:/home/manoj/ros2_ws/install/moveit_resources_pr2_description:/home/manoj/ros2_ws/install/moveit_resources_panda_description:/home/manoj/ros2_ws/install/moveit_resources_fanuc_description:/home/manoj/ros2_ws/install/moveit_configs_utils:/home/manoj/ros2_ws/install/moveit_common:${AMENT_PREFIX_PATH} CMAKE_PREFIX_PATH=/home/manoj/ros2_ws/install/moveit_kinematics:/home/manoj/ros2_ws/install/moveit_ros_planning:/home/manoj/ros2_ws/install/moveit_ros_occupancy_map_monitor:/home/manoj/ros2_ws/install/moveit_core:/home/manoj/ros2_ws/install/moveit_resources_panda_moveit_config:/home/manoj/ros2_ws/install/moveit_resources_fanuc_moveit_config:/home/manoj/ros2_ws/install/moveit_resources_pr2_description:/home/manoj/ros2_ws/install/moveit_resources_panda_description:/home/manoj/ros2_ws/install/moveit_resources_fanuc_description:/home/manoj/ros2_ws/install/moveit_common:/opt/ros/humble LD_LIBRARY_PATH=/home/manoj/ros2_ws/install/moveit_kinematics/lib:/home/manoj/ros2_ws/install/moveit_ros_planning/lib:/home/manoj/ros2_ws/install/moveit_ros_occupancy_map_monitor/lib:/home/manoj/ros2_ws/install/moveit_core/lib:${LD_LIBRARY_PATH} PATH=/home/manoj/ros2_ws/install/moveit_core/bin:${PATH} PYTHONPATH=/home/manoj/ros2_ws/install/moveit_configs_utils/lib/python3.10/site-packages:${PYTHONPATH} /usr/bin/cmake --install /home/manoj/ros2_ws/build/moveit_ros_move_group
[1.293s] -- Install configuration: "Release"
[1.294s] -- Execute custom install script
[1.294s] -- Up-to-date symlink: /home/manoj/ros2_ws/install/moveit_ros_move_group/lib/moveit_ros_move_group/move_group
[1.294s] -- Up-to-date symlink: /home/manoj/ros2_ws/install/moveit_ros_move_group/lib/moveit_ros_move_group/list_move_group_capabilities
[1.295s] -- Up-to-date symlink: /home/manoj/ros2_ws/install/moveit_ros_move_group/include/moveit/move_group/capability_names.h
[1.295s] -- Up-to-date symlink: /home/manoj/ros2_ws/install/moveit_ros_move_group/include/moveit/move_group/move_group_capability.h
[1.295s] -- Up-to-date symlink: /home/manoj/ros2_ws/install/moveit_ros_move_group/include/moveit/move_group/move_group_context.h
[1.295s] -- Up-to-date symlink: /home/manoj/ros2_ws/install/moveit_ros_move_group/include/moveit/move_group/node_name.h
[1.296s] -- Up-to-date symlink: /home/manoj/ros2_ws/install/moveit_ros_move_group/share/moveit_ros_move_group/environment/library_path.sh
[1.296s] -- Up-to-date symlink: /home/manoj/ros2_ws/install/moveit_ros_move_group/share/moveit_ros_move_group/environment/library_path.dsv
[1.296s] -- Up-to-date symlink: /home/manoj/ros2_ws/install/moveit_ros_move_group/lib/moveit_ros_move_group/load_map
[1.296s] -- Up-to-date symlink: /home/manoj/ros2_ws/install/moveit_ros_move_group/lib/moveit_ros_move_group/save_map
[1.296s] -- Up-to-date symlink: /home/manoj/ros2_ws/install/moveit_ros_move_group/share/moveit_ros_move_group//default_capabilities_plugin_description.xml
[1.296s] -- Up-to-date symlink: /home/manoj/ros2_ws/install/moveit_ros_move_group/share/ament_index/resource_index/package_run_dependencies/moveit_ros_move_group
[1.297s] -- Up-to-date symlink: /home/manoj/ros2_ws/install/moveit_ros_move_group/share/ament_index/resource_index/parent_prefix_path/moveit_ros_move_group
[1.297s] -- Up-to-date symlink: /home/manoj/ros2_ws/install/moveit_ros_move_group/share/moveit_ros_move_group/environment/ament_prefix_path.sh
[1.297s] -- Up-to-date symlink: /home/manoj/ros2_ws/install/moveit_ros_move_group/share/moveit_ros_move_group/environment/ament_prefix_path.dsv
[1.297s] -- Up-to-date symlink: /home/manoj/ros2_ws/install/moveit_ros_move_group/share/moveit_ros_move_group/environment/path.sh
[1.298s] -- Up-to-date symlink: /home/manoj/ros2_ws/install/moveit_ros_move_group/share/moveit_ros_move_group/environment/path.dsv
[1.298s] -- Up-to-date symlink: /home/manoj/ros2_ws/install/moveit_ros_move_group/share/moveit_ros_move_group/local_setup.bash
[1.298s] -- Up-to-date symlink: /home/manoj/ros2_ws/install/moveit_ros_move_group/share/moveit_ros_move_group/local_setup.sh
[1.298s] -- Up-to-date symlink: /home/manoj/ros2_ws/install/moveit_ros_move_group/share/moveit_ros_move_group/local_setup.zsh
[1.298s] -- Up-to-date symlink: /home/manoj/ros2_ws/install/moveit_ros_move_group/share/moveit_ros_move_group/local_setup.dsv
[1.299s] -- Symlinking: /home/manoj/ros2_ws/install/moveit_ros_move_group/share/moveit_ros_move_group/package.dsv
[1.308s] -- Up-to-date symlink: /home/manoj/ros2_ws/install/moveit_ros_move_group/share/ament_index/resource_index/packages/moveit_ros_move_group
[1.308s] -- Up-to-date symlink: /home/manoj/ros2_ws/install/moveit_ros_move_group/share/ament_index/resource_index/moveit_ros_move_group__pluginlib__plugin/moveit_ros_move_group
[1.308s] -- Up-to-date symlink: /home/manoj/ros2_ws/install/moveit_ros_move_group/share/moveit_ros_move_group/cmake/ConfigExtras.cmake
[1.308s] -- Up-to-date symlink: /home/manoj/ros2_ws/install/moveit_ros_move_group/share/moveit_ros_move_group/cmake/ament_cmake_export_targets-extras.cmake
[1.308s] -- Up-to-date symlink: /home/manoj/ros2_ws/install/moveit_ros_move_group/share/moveit_ros_move_group/cmake/ament_cmake_export_dependencies-extras.cmake
[1.308s] -- Up-to-date symlink: /home/manoj/ros2_ws/install/moveit_ros_move_group/share/moveit_ros_move_group/cmake/moveit_ros_move_groupConfig.cmake
[1.308s] -- Up-to-date symlink: /home/manoj/ros2_ws/install/moveit_ros_move_group/share/moveit_ros_move_group/cmake/moveit_ros_move_groupConfig-version.cmake
[1.308s] -- Up-to-date symlink: /home/manoj/ros2_ws/install/moveit_ros_move_group/share/moveit_ros_move_group/package.xml
[1.309s] -- Up-to-date: /home/manoj/ros2_ws/install/moveit_ros_move_group/lib/libmoveit_move_group_default_capabilities.so.2.5.9
[1.309s] -- Up-to-date: /home/manoj/ros2_ws/install/moveit_ros_move_group/lib/libmoveit_move_group_default_capabilities.so
[1.309s] -- Up-to-date: /home/manoj/ros2_ws/install/moveit_ros_move_group/lib/libmoveit_move_group_capabilities_base.so.2.5.9
[1.309s] -- Up-to-date: /home/manoj/ros2_ws/install/moveit_ros_move_group/lib/libmoveit_move_group_capabilities_base.so
[1.309s] -- Up-to-date: /home/manoj/ros2_ws/install/moveit_ros_move_group/share/moveit_ros_move_group/cmake/export_moveit_ros_move_groupExport.cmake
[1.309s] -- Up-to-date: /home/manoj/ros2_ws/install/moveit_ros_move_group/share/moveit_ros_move_group/cmake/export_moveit_ros_move_groupExport-release.cmake
[1.311s] Invoked command in '/home/manoj/ros2_ws/build/moveit_ros_move_group' returned '0': AMENT_PREFIX_PATH=/home/manoj/ros2_ws/install/moveit_kinematics:/home/manoj/ros2_ws/install/moveit_ros_planning:/home/manoj/ros2_ws/install/moveit_ros_occupancy_map_monitor:/home/manoj/ros2_ws/install/moveit_core:/home/manoj/ros2_ws/install/moveit_resources_panda_moveit_config:/home/manoj/ros2_ws/install/moveit_resources_fanuc_moveit_config:/home/manoj/ros2_ws/install/moveit_resources_pr2_description:/home/manoj/ros2_ws/install/moveit_resources_panda_description:/home/manoj/ros2_ws/install/moveit_resources_fanuc_description:/home/manoj/ros2_ws/install/moveit_configs_utils:/home/manoj/ros2_ws/install/moveit_common:${AMENT_PREFIX_PATH} CMAKE_PREFIX_PATH=/home/manoj/ros2_ws/install/moveit_kinematics:/home/manoj/ros2_ws/install/moveit_ros_planning:/home/manoj/ros2_ws/install/moveit_ros_occupancy_map_monitor:/home/manoj/ros2_ws/install/moveit_core:/home/manoj/ros2_ws/install/moveit_resources_panda_moveit_config:/home/manoj/ros2_ws/install/moveit_resources_fanuc_moveit_config:/home/manoj/ros2_ws/install/moveit_resources_pr2_description:/home/manoj/ros2_ws/install/moveit_resources_panda_description:/home/manoj/ros2_ws/install/moveit_resources_fanuc_description:/home/manoj/ros2_ws/install/moveit_common:/opt/ros/humble LD_LIBRARY_PATH=/home/manoj/ros2_ws/install/moveit_kinematics/lib:/home/manoj/ros2_ws/install/moveit_ros_planning/lib:/home/manoj/ros2_ws/install/moveit_ros_occupancy_map_monitor/lib:/home/manoj/ros2_ws/install/moveit_core/lib:${LD_LIBRARY_PATH} PATH=/home/manoj/ros2_ws/install/moveit_core/bin:${PATH} PYTHONPATH=/home/manoj/ros2_ws/install/moveit_configs_utils/lib/python3.10/site-packages:${PYTHONPATH} /usr/bin/cmake --install /home/manoj/ros2_ws/build/moveit_ros_move_group
