-- Found ament_cmake: 1.3.11 (/opt/ros/humble/share/ament_cmake/cmake)
-- Override CMake install command with custom implementation using symlinks instead of copying resources
-- Found ament_lint_auto: 0.12.12 (/opt/ros/humble/share/ament_lint_auto/cmake)
-- Added test 'copyright' to check source files copyright and LICENSE
-- Added test 'lint_cmake' to check CMake code style
-- Added test 'pep257' to check Python code against some of the docstring style conventions in PEP 257
-- Added test 'xmllint' to check XML markup files
-- Configuring done
-- Generating done
-- Build files have been written to: /home/manoj/ros2_ws/build/moveit
-- Install configuration: "Release"
-- Execute custom install script
-- Up-to-date symlink: /home/manoj/ros2_ws/install/moveit/share/ament_index/resource_index/package_run_dependencies/moveit
-- Up-to-date symlink: /home/manoj/ros2_ws/install/moveit/share/ament_index/resource_index/parent_prefix_path/moveit
-- Up-to-date symlink: /home/manoj/ros2_ws/install/moveit/share/moveit/environment/ament_prefix_path.sh
-- Up-to-date symlink: /home/manoj/ros2_ws/install/moveit/share/moveit/environment/ament_prefix_path.dsv
-- Up-to-date symlink: /home/manoj/ros2_ws/install/moveit/share/moveit/environment/path.sh
-- Up-to-date symlink: /home/manoj/ros2_ws/install/moveit/share/moveit/environment/path.dsv
-- Up-to-date symlink: /home/manoj/ros2_ws/install/moveit/share/moveit/local_setup.bash
-- Up-to-date symlink: /home/manoj/ros2_ws/install/moveit/share/moveit/local_setup.sh
-- Up-to-date symlink: /home/manoj/ros2_ws/install/moveit/share/moveit/local_setup.zsh
-- Up-to-date symlink: /home/manoj/ros2_ws/install/moveit/share/moveit/local_setup.dsv
-- Symlinking: /home/manoj/ros2_ws/install/moveit/share/moveit/package.dsv
-- Up-to-date symlink: /home/manoj/ros2_ws/install/moveit/share/ament_index/resource_index/packages/moveit
-- Up-to-date symlink: /home/manoj/ros2_ws/install/moveit/share/moveit/cmake/moveitConfig.cmake
-- Up-to-date symlink: /home/manoj/ros2_ws/install/moveit/share/moveit/cmake/moveitConfig-version.cmake
-- Up-to-date symlink: /home/manoj/ros2_ws/install/moveit/share/moveit/package.xml
