[0.308s] Invoking command in '/home/manoj/ros2_ws/build/ur_description': CMAKE_PREFIX_PATH=${CMAKE_PREFIX_PATH}:/home/manoj/ros2_ws/install/moveit_configs_utils:/opt/ros/humble /usr/bin/cmake /home/manoj/ros2_ws/src/Universal_Robots_ROS2_Description -DAMENT_CMAKE_SYMLINK_INSTALL=1 -DCMAKE_INSTALL_PREFIX=/home/manoj/ros2_ws/install/ur_description
[0.321s] -- Found ament_cmake: 1.3.11 (/opt/ros/humble/share/ament_cmake/cmake)
[0.441s] -- Override CMake install command with custom implementation using symlinks instead of copying resources
[0.452s] -- Found ament_cmake_pytest: 1.3.11 (/opt/ros/humble/share/ament_cmake_pytest/cmake)
[1.631s] -- Configuring done
[1.640s] -- Generating done
[1.642s] -- Build files have been written to: /home/manoj/ros2_ws/build/ur_description
[1.644s] Invoked command in '/home/manoj/ros2_ws/build/ur_description' returned '0': CMAKE_PREFIX_PATH=${CMAKE_PREFIX_PATH}:/home/manoj/ros2_ws/install/moveit_configs_utils:/opt/ros/humble /usr/bin/cmake /home/manoj/ros2_ws/src/Universal_Robots_ROS2_Description -DAMENT_CMAKE_SYMLINK_INSTALL=1 -DCMAKE_INSTALL_PREFIX=/home/manoj/ros2_ws/install/ur_description
[1.645s] Invoking command in '/home/manoj/ros2_ws/build/ur_description': CMAKE_PREFIX_PATH=${CMAKE_PREFIX_PATH}:/home/manoj/ros2_ws/install/moveit_configs_utils:/opt/ros/humble /usr/bin/cmake --build /home/manoj/ros2_ws/build/ur_description -- -j12 -l12
[1.695s] Invoked command in '/home/manoj/ros2_ws/build/ur_description' returned '0': CMAKE_PREFIX_PATH=${CMAKE_PREFIX_PATH}:/home/manoj/ros2_ws/install/moveit_configs_utils:/opt/ros/humble /usr/bin/cmake --build /home/manoj/ros2_ws/build/ur_description -- -j12 -l12
[1.696s] Invoking command in '/home/manoj/ros2_ws/build/ur_description': CMAKE_PREFIX_PATH=${CMAKE_PREFIX_PATH}:/home/manoj/ros2_ws/install/moveit_configs_utils:/opt/ros/humble /usr/bin/cmake --install /home/manoj/ros2_ws/build/ur_description
[1.702s] -- Install configuration: ""
[1.703s] -- Execute custom install script
[1.704s] -- Symlinking: /home/manoj/ros2_ws/install/ur_description/share/ur_description/config/initial_positions.yaml
[1.716s] -- Symlinking: /home/manoj/ros2_ws/install/ur_description/share/ur_description/config/ur10/default_kinematics.yaml
[1.724s] -- Symlinking: /home/manoj/ros2_ws/install/ur_description/share/ur_description/config/ur10/joint_limits.yaml
[1.733s] -- Symlinking: /home/manoj/ros2_ws/install/ur_description/share/ur_description/config/ur10/physical_parameters.yaml
[1.741s] -- Symlinking: /home/manoj/ros2_ws/install/ur_description/share/ur_description/config/ur10/visual_parameters.yaml
[1.747s] -- Symlinking: /home/manoj/ros2_ws/install/ur_description/share/ur_description/config/ur10e/default_kinematics.yaml
[1.754s] -- Symlinking: /home/manoj/ros2_ws/install/ur_description/share/ur_description/config/ur10e/joint_limits.yaml
[1.765s] -- Symlinking: /home/manoj/ros2_ws/install/ur_description/share/ur_description/config/ur10e/physical_parameters.yaml
[1.776s] -- Symlinking: /home/manoj/ros2_ws/install/ur_description/share/ur_description/config/ur10e/visual_parameters.yaml
[1.785s] -- Symlinking: /home/manoj/ros2_ws/install/ur_description/share/ur_description/config/ur12e/default_kinematics.yaml
[1.791s] -- Symlinking: /home/manoj/ros2_ws/install/ur_description/share/ur_description/config/ur12e/joint_limits.yaml
[1.798s] -- Symlinking: /home/manoj/ros2_ws/install/ur_description/share/ur_description/config/ur12e/physical_parameters.yaml
[1.807s] -- Symlinking: /home/manoj/ros2_ws/install/ur_description/share/ur_description/config/ur12e/visual_parameters.yaml
[1.813s] -- Symlinking: /home/manoj/ros2_ws/install/ur_description/share/ur_description/config/ur16e/default_kinematics.yaml
[1.819s] -- Symlinking: /home/manoj/ros2_ws/install/ur_description/share/ur_description/config/ur16e/joint_limits.yaml
[1.827s] -- Symlinking: /home/manoj/ros2_ws/install/ur_description/share/ur_description/config/ur16e/physical_parameters.yaml
[1.837s] -- Symlinking: /home/manoj/ros2_ws/install/ur_description/share/ur_description/config/ur16e/visual_parameters.yaml
[1.846s] -- Symlinking: /home/manoj/ros2_ws/install/ur_description/share/ur_description/config/ur20/default_kinematics.yaml
[1.855s] -- Symlinking: /home/manoj/ros2_ws/install/ur_description/share/ur_description/config/ur20/joint_limits.yaml
[1.864s] -- Symlinking: /home/manoj/ros2_ws/install/ur_description/share/ur_description/config/ur20/physical_parameters.yaml
[1.871s] -- Symlinking: /home/manoj/ros2_ws/install/ur_description/share/ur_description/config/ur20/visual_parameters.yaml
[1.879s] -- Symlinking: /home/manoj/ros2_ws/install/ur_description/share/ur_description/config/ur3/default_kinematics.yaml
[1.883s] -- Symlinking: /home/manoj/ros2_ws/install/ur_description/share/ur_description/config/ur3/joint_limits.yaml
[1.891s] -- Symlinking: /home/manoj/ros2_ws/install/ur_description/share/ur_description/config/ur3/physical_parameters.yaml
[1.902s] -- Symlinking: /home/manoj/ros2_ws/install/ur_description/share/ur_description/config/ur3/visual_parameters.yaml
[1.910s] -- Symlinking: /home/manoj/ros2_ws/install/ur_description/share/ur_description/config/ur30/default_kinematics.yaml
[1.920s] -- Symlinking: /home/manoj/ros2_ws/install/ur_description/share/ur_description/config/ur30/joint_limits.yaml
[1.929s] -- Symlinking: /home/manoj/ros2_ws/install/ur_description/share/ur_description/config/ur30/physical_parameters.yaml
[1.936s] -- Symlinking: /home/manoj/ros2_ws/install/ur_description/share/ur_description/config/ur30/visual_parameters.yaml
[1.945s] -- Symlinking: /home/manoj/ros2_ws/install/ur_description/share/ur_description/config/ur3e/default_kinematics.yaml
[1.953s] -- Symlinking: /home/manoj/ros2_ws/install/ur_description/share/ur_description/config/ur3e/joint_limits.yaml
[1.961s] -- Symlinking: /home/manoj/ros2_ws/install/ur_description/share/ur_description/config/ur3e/physical_parameters.yaml
[1.968s] -- Symlinking: /home/manoj/ros2_ws/install/ur_description/share/ur_description/config/ur3e/visual_parameters.yaml
[1.977s] -- Symlinking: /home/manoj/ros2_ws/install/ur_description/share/ur_description/config/ur5/default_kinematics.yaml
[1.988s] -- Symlinking: /home/manoj/ros2_ws/install/ur_description/share/ur_description/config/ur5/joint_limits.yaml
[1.998s] -- Symlinking: /home/manoj/ros2_ws/install/ur_description/share/ur_description/config/ur5/physical_parameters.yaml
[2.007s] -- Symlinking: /home/manoj/ros2_ws/install/ur_description/share/ur_description/config/ur5/visual_parameters.yaml
[2.016s] -- Symlinking: /home/manoj/ros2_ws/install/ur_description/share/ur_description/config/ur5e/default_kinematics.yaml
[2.022s] -- Symlinking: /home/manoj/ros2_ws/install/ur_description/share/ur_description/config/ur5e/joint_limits.yaml
[2.029s] -- Symlinking: /home/manoj/ros2_ws/install/ur_description/share/ur_description/config/ur5e/physical_parameters.yaml
[2.038s] -- Symlinking: /home/manoj/ros2_ws/install/ur_description/share/ur_description/config/ur5e/visual_parameters.yaml
[2.045s] -- Symlinking: /home/manoj/ros2_ws/install/ur_description/share/ur_description/config/ur7e/default_kinematics.yaml
[2.054s] -- Symlinking: /home/manoj/ros2_ws/install/ur_description/share/ur_description/config/ur7e/joint_limits.yaml
[2.060s] -- Symlinking: /home/manoj/ros2_ws/install/ur_description/share/ur_description/config/ur7e/physical_parameters.yaml
[2.065s] -- Symlinking: /home/manoj/ros2_ws/install/ur_description/share/ur_description/config/ur7e/visual_parameters.yaml
[2.073s] -- Symlinking: /home/manoj/ros2_ws/install/ur_description/share/ur_description/launch/view_ur.launch.py
[2.083s] -- Symlinking: /home/manoj/ros2_ws/install/ur_description/share/ur_description/meshes/ur10/collision/base.stl
[2.092s] -- Symlinking: /home/manoj/ros2_ws/install/ur_description/share/ur_description/meshes/ur10/collision/forearm.stl
[2.101s] -- Symlinking: /home/manoj/ros2_ws/install/ur_description/share/ur_description/meshes/ur10/collision/shoulder.stl
[2.109s] -- Symlinking: /home/manoj/ros2_ws/install/ur_description/share/ur_description/meshes/ur10/collision/upperarm.stl
[2.118s] -- Symlinking: /home/manoj/ros2_ws/install/ur_description/share/ur_description/meshes/ur10/collision/wrist1.stl
[2.125s] -- Symlinking: /home/manoj/ros2_ws/install/ur_description/share/ur_description/meshes/ur10/collision/wrist2.stl
[2.133s] -- Symlinking: /home/manoj/ros2_ws/install/ur_description/share/ur_description/meshes/ur10/collision/wrist3.stl
[2.140s] -- Symlinking: /home/manoj/ros2_ws/install/ur_description/share/ur_description/meshes/ur10/visual/base.dae
[2.148s] -- Symlinking: /home/manoj/ros2_ws/install/ur_description/share/ur_description/meshes/ur10/visual/forearm.dae
[2.157s] -- Symlinking: /home/manoj/ros2_ws/install/ur_description/share/ur_description/meshes/ur10/visual/shoulder.dae
[2.164s] -- Symlinking: /home/manoj/ros2_ws/install/ur_description/share/ur_description/meshes/ur10/visual/upperarm.dae
[2.171s] -- Symlinking: /home/manoj/ros2_ws/install/ur_description/share/ur_description/meshes/ur10/visual/wrist1.dae
[2.179s] -- Symlinking: /home/manoj/ros2_ws/install/ur_description/share/ur_description/meshes/ur10/visual/wrist2.dae
[2.189s] -- Symlinking: /home/manoj/ros2_ws/install/ur_description/share/ur_description/meshes/ur10/visual/wrist3.dae
[2.198s] -- Symlinking: /home/manoj/ros2_ws/install/ur_description/share/ur_description/meshes/ur10e/collision/base.stl
[2.207s] -- Symlinking: /home/manoj/ros2_ws/install/ur_description/share/ur_description/meshes/ur10e/collision/forearm.stl
[2.216s] -- Symlinking: /home/manoj/ros2_ws/install/ur_description/share/ur_description/meshes/ur10e/collision/shoulder.stl
[2.225s] -- Symlinking: /home/manoj/ros2_ws/install/ur_description/share/ur_description/meshes/ur10e/collision/upperarm.stl
[2.234s] -- Symlinking: /home/manoj/ros2_ws/install/ur_description/share/ur_description/meshes/ur10e/collision/wrist1.stl
[2.240s] -- Symlinking: /home/manoj/ros2_ws/install/ur_description/share/ur_description/meshes/ur10e/collision/wrist2.stl
[2.248s] -- Symlinking: /home/manoj/ros2_ws/install/ur_description/share/ur_description/meshes/ur10e/collision/wrist3.stl
[2.255s] -- Symlinking: /home/manoj/ros2_ws/install/ur_description/share/ur_description/meshes/ur10e/visual/base.dae
[2.260s] -- Symlinking: /home/manoj/ros2_ws/install/ur_description/share/ur_description/meshes/ur10e/visual/forearm.dae
[2.267s] -- Symlinking: /home/manoj/ros2_ws/install/ur_description/share/ur_description/meshes/ur10e/visual/shoulder.dae
[2.275s] -- Symlinking: /home/manoj/ros2_ws/install/ur_description/share/ur_description/meshes/ur10e/visual/upperarm.dae
[2.283s] -- Symlinking: /home/manoj/ros2_ws/install/ur_description/share/ur_description/meshes/ur10e/visual/wrist1.dae
[2.291s] -- Symlinking: /home/manoj/ros2_ws/install/ur_description/share/ur_description/meshes/ur10e/visual/wrist2.dae
[2.299s] -- Symlinking: /home/manoj/ros2_ws/install/ur_description/share/ur_description/meshes/ur10e/visual/wrist3.dae
[2.309s] -- Symlinking: /home/manoj/ros2_ws/install/ur_description/share/ur_description/meshes/ur16e/collision/forearm.stl
[2.316s] -- Symlinking: /home/manoj/ros2_ws/install/ur_description/share/ur_description/meshes/ur16e/collision/upperarm.stl
[2.325s] -- Symlinking: /home/manoj/ros2_ws/install/ur_description/share/ur_description/meshes/ur16e/visual/forearm.dae
[2.334s] -- Symlinking: /home/manoj/ros2_ws/install/ur_description/share/ur_description/meshes/ur16e/visual/upperarm.dae
[2.346s] -- Symlinking: /home/manoj/ros2_ws/install/ur_description/share/ur_description/meshes/ur20/LICENSE.txt
[2.354s] -- Symlinking: /home/manoj/ros2_ws/install/ur_description/share/ur_description/meshes/ur20/collision/base.stl
[2.363s] -- Symlinking: /home/manoj/ros2_ws/install/ur_description/share/ur_description/meshes/ur20/collision/forearm.stl
[2.371s] -- Symlinking: /home/manoj/ros2_ws/install/ur_description/share/ur_description/meshes/ur20/collision/shoulder.stl
[2.380s] -- Symlinking: /home/manoj/ros2_ws/install/ur_description/share/ur_description/meshes/ur20/collision/upperarm.stl
[2.389s] -- Symlinking: /home/manoj/ros2_ws/install/ur_description/share/ur_description/meshes/ur20/collision/wrist1.stl
[2.400s] -- Symlinking: /home/manoj/ros2_ws/install/ur_description/share/ur_description/meshes/ur20/collision/wrist2.stl
[2.411s] -- Symlinking: /home/manoj/ros2_ws/install/ur_description/share/ur_description/meshes/ur20/collision/wrist3.stl
[2.421s] -- Symlinking: /home/manoj/ros2_ws/install/ur_description/share/ur_description/meshes/ur20/visual/UR20_DIFF_8bit_2K.png
[2.429s] -- Symlinking: /home/manoj/ros2_ws/install/ur_description/share/ur_description/meshes/ur20/visual/base.dae
[2.437s] -- Symlinking: /home/manoj/ros2_ws/install/ur_description/share/ur_description/meshes/ur20/visual/forearm.dae
[2.445s] -- Symlinking: /home/manoj/ros2_ws/install/ur_description/share/ur_description/meshes/ur20/visual/shoulder.dae
[2.451s] -- Symlinking: /home/manoj/ros2_ws/install/ur_description/share/ur_description/meshes/ur20/visual/upperarm.dae
[2.460s] -- Symlinking: /home/manoj/ros2_ws/install/ur_description/share/ur_description/meshes/ur20/visual/wrist1.dae
[2.468s] -- Symlinking: /home/manoj/ros2_ws/install/ur_description/share/ur_description/meshes/ur20/visual/wrist2.dae
[2.476s] -- Symlinking: /home/manoj/ros2_ws/install/ur_description/share/ur_description/meshes/ur20/visual/wrist3.dae
[2.484s] -- Symlinking: /home/manoj/ros2_ws/install/ur_description/share/ur_description/meshes/ur3/collision/base.stl
[2.492s] -- Symlinking: /home/manoj/ros2_ws/install/ur_description/share/ur_description/meshes/ur3/collision/forearm.stl
[2.502s] -- Symlinking: /home/manoj/ros2_ws/install/ur_description/share/ur_description/meshes/ur3/collision/shoulder.stl
[2.511s] -- Symlinking: /home/manoj/ros2_ws/install/ur_description/share/ur_description/meshes/ur3/collision/upperarm.stl
[2.520s] -- Symlinking: /home/manoj/ros2_ws/install/ur_description/share/ur_description/meshes/ur3/collision/wrist1.stl
[2.530s] -- Symlinking: /home/manoj/ros2_ws/install/ur_description/share/ur_description/meshes/ur3/collision/wrist2.stl
[2.536s] -- Symlinking: /home/manoj/ros2_ws/install/ur_description/share/ur_description/meshes/ur3/collision/wrist3.stl
[2.542s] -- Symlinking: /home/manoj/ros2_ws/install/ur_description/share/ur_description/meshes/ur3/visual/base.dae
[2.550s] -- Symlinking: /home/manoj/ros2_ws/install/ur_description/share/ur_description/meshes/ur3/visual/forearm.dae
[2.558s] -- Symlinking: /home/manoj/ros2_ws/install/ur_description/share/ur_description/meshes/ur3/visual/shoulder.dae
[2.565s] -- Symlinking: /home/manoj/ros2_ws/install/ur_description/share/ur_description/meshes/ur3/visual/upperarm.dae
[2.572s] -- Symlinking: /home/manoj/ros2_ws/install/ur_description/share/ur_description/meshes/ur3/visual/wrist1.dae
[2.579s] -- Symlinking: /home/manoj/ros2_ws/install/ur_description/share/ur_description/meshes/ur3/visual/wrist2.dae
[2.587s] -- Symlinking: /home/manoj/ros2_ws/install/ur_description/share/ur_description/meshes/ur3/visual/wrist3.dae
[2.596s] -- Symlinking: /home/manoj/ros2_ws/install/ur_description/share/ur_description/meshes/ur30/LICENSE.txt
[2.607s] -- Symlinking: /home/manoj/ros2_ws/install/ur_description/share/ur_description/meshes/ur30/collision/forearm.stl
[2.617s] -- Symlinking: /home/manoj/ros2_ws/install/ur_description/share/ur_description/meshes/ur30/collision/upperarm.stl
[2.625s] -- Symlinking: /home/manoj/ros2_ws/install/ur_description/share/ur_description/meshes/ur30/visual/UR30_DIFF_8bit_2K.png
[2.631s] -- Symlinking: /home/manoj/ros2_ws/install/ur_description/share/ur_description/meshes/ur30/visual/forearm.dae
[2.639s] -- Symlinking: /home/manoj/ros2_ws/install/ur_description/share/ur_description/meshes/ur30/visual/upperarm.dae
[2.644s] -- Symlinking: /home/manoj/ros2_ws/install/ur_description/share/ur_description/meshes/ur3e/collision/base.stl
[2.651s] -- Symlinking: /home/manoj/ros2_ws/install/ur_description/share/ur_description/meshes/ur3e/collision/forearm.stl
[2.660s] -- Symlinking: /home/manoj/ros2_ws/install/ur_description/share/ur_description/meshes/ur3e/collision/shoulder.stl
[2.669s] -- Symlinking: /home/manoj/ros2_ws/install/ur_description/share/ur_description/meshes/ur3e/collision/upperarm.stl
[2.677s] -- Symlinking: /home/manoj/ros2_ws/install/ur_description/share/ur_description/meshes/ur3e/collision/wrist1.stl
[2.683s] -- Symlinking: /home/manoj/ros2_ws/install/ur_description/share/ur_description/meshes/ur3e/collision/wrist2.stl
[2.696s] -- Symlinking: /home/manoj/ros2_ws/install/ur_description/share/ur_description/meshes/ur3e/collision/wrist3.stl
[2.714s] -- Symlinking: /home/manoj/ros2_ws/install/ur_description/share/ur_description/meshes/ur3e/visual/base.dae
[2.729s] -- Symlinking: /home/manoj/ros2_ws/install/ur_description/share/ur_description/meshes/ur3e/visual/forearm.dae
[2.741s] -- Symlinking: /home/manoj/ros2_ws/install/ur_description/share/ur_description/meshes/ur3e/visual/shoulder.dae
[2.750s] -- Symlinking: /home/manoj/ros2_ws/install/ur_description/share/ur_description/meshes/ur3e/visual/upperarm.dae
[2.757s] -- Symlinking: /home/manoj/ros2_ws/install/ur_description/share/ur_description/meshes/ur3e/visual/wrist1.dae
[2.765s] -- Symlinking: /home/manoj/ros2_ws/install/ur_description/share/ur_description/meshes/ur3e/visual/wrist2.dae
[2.771s] -- Symlinking: /home/manoj/ros2_ws/install/ur_description/share/ur_description/meshes/ur3e/visual/wrist3.dae
[2.783s] -- Symlinking: /home/manoj/ros2_ws/install/ur_description/share/ur_description/meshes/ur5/collision/base.stl
[2.794s] -- Symlinking: /home/manoj/ros2_ws/install/ur_description/share/ur_description/meshes/ur5/collision/forearm.stl
[2.804s] -- Symlinking: /home/manoj/ros2_ws/install/ur_description/share/ur_description/meshes/ur5/collision/shoulder.stl
[2.811s] -- Symlinking: /home/manoj/ros2_ws/install/ur_description/share/ur_description/meshes/ur5/collision/upperarm.stl
[2.818s] -- Symlinking: /home/manoj/ros2_ws/install/ur_description/share/ur_description/meshes/ur5/collision/wrist1.stl
[2.824s] -- Symlinking: /home/manoj/ros2_ws/install/ur_description/share/ur_description/meshes/ur5/collision/wrist2.stl
[2.830s] -- Symlinking: /home/manoj/ros2_ws/install/ur_description/share/ur_description/meshes/ur5/collision/wrist3.stl
[2.834s] -- Symlinking: /home/manoj/ros2_ws/install/ur_description/share/ur_description/meshes/ur5/visual/base.dae
[2.842s] -- Symlinking: /home/manoj/ros2_ws/install/ur_description/share/ur_description/meshes/ur5/visual/forearm.dae
[2.850s] -- Symlinking: /home/manoj/ros2_ws/install/ur_description/share/ur_description/meshes/ur5/visual/shoulder.dae
[2.857s] -- Symlinking: /home/manoj/ros2_ws/install/ur_description/share/ur_description/meshes/ur5/visual/upperarm.dae
[2.865s] -- Symlinking: /home/manoj/ros2_ws/install/ur_description/share/ur_description/meshes/ur5/visual/wrist1.dae
[2.870s] -- Symlinking: /home/manoj/ros2_ws/install/ur_description/share/ur_description/meshes/ur5/visual/wrist2.dae
[2.884s] -- Symlinking: /home/manoj/ros2_ws/install/ur_description/share/ur_description/meshes/ur5/visual/wrist3.dae
[2.896s] -- Symlinking: /home/manoj/ros2_ws/install/ur_description/share/ur_description/meshes/ur5e/collision/base.stl
[2.911s] -- Symlinking: /home/manoj/ros2_ws/install/ur_description/share/ur_description/meshes/ur5e/collision/forearm.stl
[2.922s] -- Symlinking: /home/manoj/ros2_ws/install/ur_description/share/ur_description/meshes/ur5e/collision/shoulder.stl
[2.932s] -- Symlinking: /home/manoj/ros2_ws/install/ur_description/share/ur_description/meshes/ur5e/collision/upperarm.stl
[2.939s] -- Symlinking: /home/manoj/ros2_ws/install/ur_description/share/ur_description/meshes/ur5e/collision/wrist1.stl
[2.944s] -- Symlinking: /home/manoj/ros2_ws/install/ur_description/share/ur_description/meshes/ur5e/collision/wrist2.stl
[2.948s] -- Symlinking: /home/manoj/ros2_ws/install/ur_description/share/ur_description/meshes/ur5e/collision/wrist3.stl
[2.956s] -- Symlinking: /home/manoj/ros2_ws/install/ur_description/share/ur_description/meshes/ur5e/visual/base.dae
[2.962s] -- Symlinking: /home/manoj/ros2_ws/install/ur_description/share/ur_description/meshes/ur5e/visual/forearm.dae
[2.970s] -- Symlinking: /home/manoj/ros2_ws/install/ur_description/share/ur_description/meshes/ur5e/visual/shoulder.dae
[2.984s] -- Symlinking: /home/manoj/ros2_ws/install/ur_description/share/ur_description/meshes/ur5e/visual/upperarm.dae
[3.006s] -- Symlinking: /home/manoj/ros2_ws/install/ur_description/share/ur_description/meshes/ur5e/visual/wrist1.dae
[3.020s] -- Symlinking: /home/manoj/ros2_ws/install/ur_description/share/ur_description/meshes/ur5e/visual/wrist2.dae
[3.028s] -- Symlinking: /home/manoj/ros2_ws/install/ur_description/share/ur_description/meshes/ur5e/visual/wrist3.dae
[3.037s] -- Symlinking: /home/manoj/ros2_ws/install/ur_description/share/ur_description/rviz/view_robot.rviz
[3.043s] -- Symlinking: /home/manoj/ros2_ws/install/ur_description/share/ur_description/urdf/inc/ur_common.xacro
[3.049s] -- Symlinking: /home/manoj/ros2_ws/install/ur_description/share/ur_description/urdf/inc/ur_transmissions.xacro
[3.054s] -- Symlinking: /home/manoj/ros2_ws/install/ur_description/share/ur_description/urdf/ur.ros2_control.xacro
[3.062s] -- Symlinking: /home/manoj/ros2_ws/install/ur_description/share/ur_description/urdf/ur.urdf.xacro
[3.067s] -- Symlinking: /home/manoj/ros2_ws/install/ur_description/share/ur_description/urdf/ur_macro.xacro
[3.075s] -- Symlinking: /home/manoj/ros2_ws/install/ur_description/share/ur_description/test/test_ur_urdf_xacro.py
[3.081s] -- Symlinking: /home/manoj/ros2_ws/install/ur_description/share/ur_description/test/test_view_ur_launch.py
[3.092s] -- Symlinking: /home/manoj/ros2_ws/install/ur_description/share/ament_index/resource_index/package_run_dependencies/ur_description
[3.109s] -- Symlinking: /home/manoj/ros2_ws/install/ur_description/share/ament_index/resource_index/parent_prefix_path/ur_description
[3.124s] -- Symlinking: /home/manoj/ros2_ws/install/ur_description/share/ur_description/environment/ament_prefix_path.sh
[3.134s] -- Symlinking: /home/manoj/ros2_ws/install/ur_description/share/ur_description/environment/ament_prefix_path.dsv
[3.144s] -- Symlinking: /home/manoj/ros2_ws/install/ur_description/share/ur_description/environment/path.sh
[3.152s] -- Symlinking: /home/manoj/ros2_ws/install/ur_description/share/ur_description/environment/path.dsv
[3.160s] -- Symlinking: /home/manoj/ros2_ws/install/ur_description/share/ur_description/local_setup.bash
[3.168s] -- Symlinking: /home/manoj/ros2_ws/install/ur_description/share/ur_description/local_setup.sh
[3.178s] -- Symlinking: /home/manoj/ros2_ws/install/ur_description/share/ur_description/local_setup.zsh
[3.188s] -- Symlinking: /home/manoj/ros2_ws/install/ur_description/share/ur_description/local_setup.dsv
[3.201s] -- Symlinking: /home/manoj/ros2_ws/install/ur_description/share/ur_description/package.dsv
[3.206s] -- Symlinking: /home/manoj/ros2_ws/install/ur_description/share/ament_index/resource_index/packages/ur_description
[3.212s] -- Symlinking: /home/manoj/ros2_ws/install/ur_description/share/ur_description/cmake/ur_descriptionConfig.cmake
[3.218s] -- Symlinking: /home/manoj/ros2_ws/install/ur_description/share/ur_description/cmake/ur_descriptionConfig-version.cmake
[3.229s] -- Symlinking: /home/manoj/ros2_ws/install/ur_description/share/ur_description/package.xml
[3.241s] Invoked command in '/home/manoj/ros2_ws/build/ur_description' returned '0': CMAKE_PREFIX_PATH=${CMAKE_PREFIX_PATH}:/home/manoj/ros2_ws/install/moveit_configs_utils:/opt/ros/humble /usr/bin/cmake --install /home/manoj/ros2_ws/build/ur_description
