[0.034s] Invoking command in '/home/manoj/ros2_ws/build/chomp_motion_planner': AMENT_PREFIX_PATH=/home/manoj/ros2_ws/install/moveit_core:/home/manoj/ros2_ws/install/moveit_resources_panda_moveit_config:/home/manoj/ros2_ws/install/moveit_resources_pr2_description:/home/manoj/ros2_ws/install/moveit_resources_panda_description:/home/manoj/ros2_ws/install/moveit_common:${AMENT_PREFIX_PATH} CMAKE_PREFIX_PATH=/home/manoj/ros2_ws/install/moveit_core:/home/manoj/ros2_ws/install/moveit_resources_panda_moveit_config:/home/manoj/ros2_ws/install/moveit_resources_pr2_description:/home/manoj/ros2_ws/install/moveit_resources_panda_description:/home/manoj/ros2_ws/install/moveit_common:/opt/ros/humble LD_LIBRARY_PATH=/home/manoj/ros2_ws/install/moveit_core/lib:${LD_LIBRARY_PATH} PATH=/home/manoj/ros2_ws/install/moveit_core/bin:${PATH} /usr/bin/cmake /home/manoj/ros2_ws/src/moveit2/moveit_planners/chomp/chomp_motion_planner -DCMAKE_INSTALL_PREFIX=/home/manoj/ros2_ws/install/chomp_motion_planner
[0.048s] -- Found moveit_common: 2.5.9 (/home/manoj/ros2_ws/install/moveit_common/share/moveit_common/cmake)
[0.048s] -- Found ament_cmake: 1.3.11 (/opt/ros/humble/share/ament_cmake/cmake)
[0.199s] -- Override CMake install command with custom implementation using symlinks instead of copying resources
[0.288s] -- Found moveit_core: 2.5.9 (/home/manoj/ros2_ws/install/moveit_core/share/moveit_core/cmake)
[0.307s] -- Found Boost: /usr/lib/x86_64-linux-gnu/cmake/Boost-1.74.0/BoostConfig.cmake (found version "1.74.0") found components: chrono date_time filesystem iostreams program_options regex serialization system thread 
[0.351s] -- Found parameter_traits: 0.4.0 (/opt/ros/humble/share/parameter_traits/cmake)
[0.379s] -- Found rosidl_generator_c: 3.1.6 (/opt/ros/humble/share/rosidl_generator_c/cmake)
[0.382s] -- Found rosidl_adapter: 3.1.6 (/opt/ros/humble/share/rosidl_adapter/cmake)
[0.389s] -- Found rosidl_generator_cpp: 3.1.6 (/opt/ros/humble/share/rosidl_generator_cpp/cmake)
[0.402s] -- Using all available rosidl_typesupport_c: rosidl_typesupport_fastrtps_c;rosidl_typesupport_introspection_c
[0.422s] -- Using all available rosidl_typesupport_cpp: rosidl_typesupport_fastrtps_cpp;rosidl_typesupport_introspection_cpp
[0.459s] -- Found rmw_implementation_cmake: 6.1.2 (/opt/ros/humble/share/rmw_implementation_cmake/cmake)
[0.460s] -- Found rmw_fastrtps_cpp: 6.2.7 (/opt/ros/humble/share/rmw_fastrtps_cpp/cmake)
[0.588s] -- Using RMW implementation 'rmw_fastrtps_cpp' as default
[0.653s] -- Found rclcpp_lifecycle: 16.0.12 (/opt/ros/humble/share/rclcpp_lifecycle/cmake)
[0.677s] -- Found Boost: /usr/lib/x86_64-linux-gnu/cmake/Boost-1.74.0/BoostConfig.cmake (found version "1.74.0") found components: filesystem 
[0.721s] -- library: /usr/lib/x86_64-linux-gnu/libcurl.so
[0.795s] -- Ensuring Eigen3 include directory is part of orocos-kdl CMake target
[1.068s] -- Found ament_lint_auto: 0.12.12 (/opt/ros/humble/share/ament_lint_auto/cmake)
[1.079s] -- Added test 'cppcheck' to perform static code analysis on C / C++ code
[1.080s] -- Configured cppcheck include dirs: /home/manoj/ros2_ws/src/moveit2/moveit_planners/chomp/chomp_motion_planner/include
[1.080s] -- Configured cppcheck exclude dirs and/or files: 
[1.081s] -- Added test 'xmllint' to check XML markup files
[1.082s] -- Configuring done
[1.110s] -- Generating done
[1.116s] -- Build files have been written to: /home/manoj/ros2_ws/build/chomp_motion_planner
[1.139s] Invoked command in '/home/manoj/ros2_ws/build/chomp_motion_planner' returned '0': AMENT_PREFIX_PATH=/home/manoj/ros2_ws/install/moveit_core:/home/manoj/ros2_ws/install/moveit_resources_panda_moveit_config:/home/manoj/ros2_ws/install/moveit_resources_pr2_description:/home/manoj/ros2_ws/install/moveit_resources_panda_description:/home/manoj/ros2_ws/install/moveit_common:${AMENT_PREFIX_PATH} CMAKE_PREFIX_PATH=/home/manoj/ros2_ws/install/moveit_core:/home/manoj/ros2_ws/install/moveit_resources_panda_moveit_config:/home/manoj/ros2_ws/install/moveit_resources_pr2_description:/home/manoj/ros2_ws/install/moveit_resources_panda_description:/home/manoj/ros2_ws/install/moveit_common:/opt/ros/humble LD_LIBRARY_PATH=/home/manoj/ros2_ws/install/moveit_core/lib:${LD_LIBRARY_PATH} PATH=/home/manoj/ros2_ws/install/moveit_core/bin:${PATH} /usr/bin/cmake /home/manoj/ros2_ws/src/moveit2/moveit_planners/chomp/chomp_motion_planner -DCMAKE_INSTALL_PREFIX=/home/manoj/ros2_ws/install/chomp_motion_planner
[1.140s] Invoking command in '/home/manoj/ros2_ws/build/chomp_motion_planner': AMENT_PREFIX_PATH=/home/manoj/ros2_ws/install/moveit_core:/home/manoj/ros2_ws/install/moveit_resources_panda_moveit_config:/home/manoj/ros2_ws/install/moveit_resources_pr2_description:/home/manoj/ros2_ws/install/moveit_resources_panda_description:/home/manoj/ros2_ws/install/moveit_common:${AMENT_PREFIX_PATH} CMAKE_PREFIX_PATH=/home/manoj/ros2_ws/install/moveit_core:/home/manoj/ros2_ws/install/moveit_resources_panda_moveit_config:/home/manoj/ros2_ws/install/moveit_resources_pr2_description:/home/manoj/ros2_ws/install/moveit_resources_panda_description:/home/manoj/ros2_ws/install/moveit_common:/opt/ros/humble LD_LIBRARY_PATH=/home/manoj/ros2_ws/install/moveit_core/lib:${LD_LIBRARY_PATH} PATH=/home/manoj/ros2_ws/install/moveit_core/bin:${PATH} /usr/bin/cmake --build /home/manoj/ros2_ws/build/chomp_motion_planner -- -j12 -l12
[1.184s] [35m[1mConsolidate compiler generated dependencies of target chomp_motion_planner[0m
[1.233s] [100%] Built target chomp_motion_planner
[1.246s] Invoked command in '/home/manoj/ros2_ws/build/chomp_motion_planner' returned '0': AMENT_PREFIX_PATH=/home/manoj/ros2_ws/install/moveit_core:/home/manoj/ros2_ws/install/moveit_resources_panda_moveit_config:/home/manoj/ros2_ws/install/moveit_resources_pr2_description:/home/manoj/ros2_ws/install/moveit_resources_panda_description:/home/manoj/ros2_ws/install/moveit_common:${AMENT_PREFIX_PATH} CMAKE_PREFIX_PATH=/home/manoj/ros2_ws/install/moveit_core:/home/manoj/ros2_ws/install/moveit_resources_panda_moveit_config:/home/manoj/ros2_ws/install/moveit_resources_pr2_description:/home/manoj/ros2_ws/install/moveit_resources_panda_description:/home/manoj/ros2_ws/install/moveit_common:/opt/ros/humble LD_LIBRARY_PATH=/home/manoj/ros2_ws/install/moveit_core/lib:${LD_LIBRARY_PATH} PATH=/home/manoj/ros2_ws/install/moveit_core/bin:${PATH} /usr/bin/cmake --build /home/manoj/ros2_ws/build/chomp_motion_planner -- -j12 -l12
[1.253s] Invoking command in '/home/manoj/ros2_ws/build/chomp_motion_planner': AMENT_PREFIX_PATH=/home/manoj/ros2_ws/install/moveit_core:/home/manoj/ros2_ws/install/moveit_resources_panda_moveit_config:/home/manoj/ros2_ws/install/moveit_resources_pr2_description:/home/manoj/ros2_ws/install/moveit_resources_panda_description:/home/manoj/ros2_ws/install/moveit_common:${AMENT_PREFIX_PATH} CMAKE_PREFIX_PATH=/home/manoj/ros2_ws/install/moveit_core:/home/manoj/ros2_ws/install/moveit_resources_panda_moveit_config:/home/manoj/ros2_ws/install/moveit_resources_pr2_description:/home/manoj/ros2_ws/install/moveit_resources_panda_description:/home/manoj/ros2_ws/install/moveit_common:/opt/ros/humble LD_LIBRARY_PATH=/home/manoj/ros2_ws/install/moveit_core/lib:${LD_LIBRARY_PATH} PATH=/home/manoj/ros2_ws/install/moveit_core/bin:${PATH} /usr/bin/cmake --install /home/manoj/ros2_ws/build/chomp_motion_planner
[1.257s] -- Install configuration: "Release"
[1.257s] -- Execute custom install script
[1.257s] -- Up-to-date symlink: /home/manoj/ros2_ws/install/chomp_motion_planner/include/chomp_motion_planner/chomp_cost.h
[1.258s] -- Up-to-date symlink: /home/manoj/ros2_ws/install/chomp_motion_planner/include/chomp_motion_planner/chomp_optimizer.h
[1.258s] -- Up-to-date symlink: /home/manoj/ros2_ws/install/chomp_motion_planner/include/chomp_motion_planner/chomp_parameters.h
[1.258s] -- Up-to-date symlink: /home/manoj/ros2_ws/install/chomp_motion_planner/include/chomp_motion_planner/chomp_planner.h
[1.258s] -- Up-to-date symlink: /home/manoj/ros2_ws/install/chomp_motion_planner/include/chomp_motion_planner/chomp_trajectory.h
[1.258s] -- Up-to-date symlink: /home/manoj/ros2_ws/install/chomp_motion_planner/include/chomp_motion_planner/chomp_utils.h
[1.258s] -- Up-to-date symlink: /home/manoj/ros2_ws/install/chomp_motion_planner/include/chomp_motion_planner/multivariate_gaussian.h
[1.258s] -- Up-to-date symlink: /home/manoj/ros2_ws/install/chomp_motion_planner/share/chomp_motion_planner/environment/library_path.sh
[1.258s] -- Up-to-date symlink: /home/manoj/ros2_ws/install/chomp_motion_planner/share/chomp_motion_planner/environment/library_path.dsv
[1.258s] -- Up-to-date symlink: /home/manoj/ros2_ws/install/chomp_motion_planner/share/ament_index/resource_index/package_run_dependencies/chomp_motion_planner
[1.258s] -- Up-to-date symlink: /home/manoj/ros2_ws/install/chomp_motion_planner/share/ament_index/resource_index/parent_prefix_path/chomp_motion_planner
[1.258s] -- Up-to-date symlink: /home/manoj/ros2_ws/install/chomp_motion_planner/share/chomp_motion_planner/environment/ament_prefix_path.sh
[1.259s] -- Up-to-date symlink: /home/manoj/ros2_ws/install/chomp_motion_planner/share/chomp_motion_planner/environment/ament_prefix_path.dsv
[1.259s] -- Up-to-date symlink: /home/manoj/ros2_ws/install/chomp_motion_planner/share/chomp_motion_planner/environment/path.sh
[1.259s] -- Up-to-date symlink: /home/manoj/ros2_ws/install/chomp_motion_planner/share/chomp_motion_planner/environment/path.dsv
[1.259s] -- Up-to-date symlink: /home/manoj/ros2_ws/install/chomp_motion_planner/share/chomp_motion_planner/local_setup.bash
[1.259s] -- Up-to-date symlink: /home/manoj/ros2_ws/install/chomp_motion_planner/share/chomp_motion_planner/local_setup.sh
[1.259s] -- Up-to-date symlink: /home/manoj/ros2_ws/install/chomp_motion_planner/share/chomp_motion_planner/local_setup.zsh
[1.260s] -- Up-to-date symlink: /home/manoj/ros2_ws/install/chomp_motion_planner/share/chomp_motion_planner/local_setup.dsv
[1.264s] -- Symlinking: /home/manoj/ros2_ws/install/chomp_motion_planner/share/chomp_motion_planner/package.dsv
[1.269s] -- Up-to-date symlink: /home/manoj/ros2_ws/install/chomp_motion_planner/share/ament_index/resource_index/packages/chomp_motion_planner
[1.269s] -- Up-to-date symlink: /home/manoj/ros2_ws/install/chomp_motion_planner/share/chomp_motion_planner/cmake/ament_cmake_export_targets-extras.cmake
[1.269s] -- Up-to-date symlink: /home/manoj/ros2_ws/install/chomp_motion_planner/share/chomp_motion_planner/cmake/chomp_motion_plannerConfig.cmake
[1.269s] -- Up-to-date symlink: /home/manoj/ros2_ws/install/chomp_motion_planner/share/chomp_motion_planner/cmake/chomp_motion_plannerConfig-version.cmake
[1.269s] -- Up-to-date symlink: /home/manoj/ros2_ws/install/chomp_motion_planner/share/chomp_motion_planner/package.xml
[1.272s] -- Up-to-date: /home/manoj/ros2_ws/install/chomp_motion_planner/lib/libchomp_motion_planner.so.2.5.9
[1.272s] -- Up-to-date: /home/manoj/ros2_ws/install/chomp_motion_planner/lib/libchomp_motion_planner.so
[1.272s] -- Up-to-date: /home/manoj/ros2_ws/install/chomp_motion_planner/share/chomp_motion_planner/cmake/chomp_motion_plannerTargetsExport.cmake
[1.272s] -- Up-to-date: /home/manoj/ros2_ws/install/chomp_motion_planner/share/chomp_motion_planner/cmake/chomp_motion_plannerTargetsExport-release.cmake
[1.273s] Invoked command in '/home/manoj/ros2_ws/build/chomp_motion_planner' returned '0': AMENT_PREFIX_PATH=/home/manoj/ros2_ws/install/moveit_core:/home/manoj/ros2_ws/install/moveit_resources_panda_moveit_config:/home/manoj/ros2_ws/install/moveit_resources_pr2_description:/home/manoj/ros2_ws/install/moveit_resources_panda_description:/home/manoj/ros2_ws/install/moveit_common:${AMENT_PREFIX_PATH} CMAKE_PREFIX_PATH=/home/manoj/ros2_ws/install/moveit_core:/home/manoj/ros2_ws/install/moveit_resources_panda_moveit_config:/home/manoj/ros2_ws/install/moveit_resources_pr2_description:/home/manoj/ros2_ws/install/moveit_resources_panda_description:/home/manoj/ros2_ws/install/moveit_common:/opt/ros/humble LD_LIBRARY_PATH=/home/manoj/ros2_ws/install/moveit_core/lib:${LD_LIBRARY_PATH} PATH=/home/manoj/ros2_ws/install/moveit_core/bin:${PATH} /usr/bin/cmake --install /home/manoj/ros2_ws/build/chomp_motion_planner
