[0.021s] Invoking command in '/home/manoj/ros2_ws/build/moveit_core': CMAKE_PREFIX_PATH=/home/manoj/ros2_ws/install/moveit_resources_panda_moveit_config:/home/manoj/ros2_ws/install/moveit_resources_pr2_description:/home/manoj/ros2_ws/install/moveit_resources_panda_description:/home/manoj/ros2_ws/install/moveit_common:/home/manoj/ros2_ws/install/ur_description:/home/manoj/ros2_ws/install/pilz_industrial_motion_planner_testutils:/home/manoj/ros2_ws/install/moveit_runtime:/home/manoj/ros2_ws/install/moveit:/home/manoj/ros2_ws/install/moveit_planners:/home/manoj/ros2_ws/install/pilz_industrial_motion_planner:/home/manoj/ros2_ws/install/my_mobile_manipulator_description:/home/manoj/ros2_ws/install/moveit_ros_control_interface:/home/manoj/ros2_ws/install/moveit_plugins:/home/manoj/ros2_ws/install/moveit_simple_controller_manager:/home/manoj/ros2_ws/install/moveit_setup_assistant:/home/manoj/ros2_ws/install/moveit_setup_srdf_plugins:/home/manoj/ros2_ws/install/moveit_setup_core_plugins:/home/manoj/ros2_ws/install/moveit_setup_controllers:/home/manoj/ros2_ws/install/moveit_setup_app_plugins:/home/manoj/ros2_ws/install/moveit_setup_framework:/home/manoj/ros2_ws/install/moveit_servo:/home/manoj/ros2_ws/install/moveit_ros:/home/manoj/ros2_ws/install/moveit_ros_visualization:/home/manoj/ros2_ws/install/moveit_hybrid_planning:/home/manoj/ros2_ws/install/moveit_ros_planning_interface:/home/manoj/ros2_ws/install/moveit_ros_benchmarks:/home/manoj/ros2_ws/install/moveit_ros_warehouse:/home/manoj/ros2_ws/install/moveit_ros_robot_interaction:/home/manoj/ros2_ws/install/moveit_ros_perception:/home/manoj/ros2_ws/install/moveit_resources_prbt_pg70_support:/home/manoj/ros2_ws/install/moveit_resources_prbt_moveit_config:/home/manoj/ros2_ws/install/moveit_ros_move_group:/home/manoj/ros2_ws/install/moveit_planners_ompl:/home/manoj/ros2_ws/install/moveit_ros_planning:/home/manoj/ros2_ws/install/moveit_ros_occupancy_map_monitor:/home/manoj/ros2_ws/install/moveit_resources_prbt_support:/home/manoj/ros2_ws/install/moveit_resources_prbt_ikfast_manipulator_plugin:/home/manoj/ros2_ws/install/moveit_resources:/home/manoj/ros2_ws/install/dual_arm_panda_moveit_config:/home/manoj/ros2_ws/install/moveit_resources_fanuc_moveit_config:/home/manoj/ros2_ws/install/moveit_resources_fanuc_description:/home/manoj/ros2_ws/install/moveit_planners_chomp:/home/manoj/ros2_ws/install/moveit_kinematics:/home/manoj/ros2_ws/install/moveit_chomp_optimizer_adapter:/home/manoj/ros2_ws/install/chomp_motion_planner:/home/manoj/ros2_ws/install/moveit_core:/home/manoj/ros2_ws/install/moveit_configs_utils:/opt/ros/humble /usr/bin/cmake /home/manoj/ros2_ws/src/moveit2/moveit_core -DCMAKE_INSTALL_PREFIX=/home/manoj/ros2_ws/install/moveit_core
[0.038s] -- Found moveit_common: 2.5.9 (/home/manoj/ros2_ws/install/moveit_common/share/moveit_common/cmake)
[0.038s] -- Found ament_cmake: 1.3.11 (/opt/ros/humble/share/ament_cmake/cmake)
[0.193s] -- Override CMake install command with custom implementation using symlinks instead of copying resources
[0.260s] -- Found angles: 1.15.0 (/opt/ros/humble/share/angles/cmake)
[0.286s] -- Found common_interfaces: 4.8.0 (/opt/ros/humble/share/common_interfaces/cmake)
[0.286s] -- Found eigen_stl_containers: 1.1.0 (/opt/ros/humble/share/eigen_stl_containers/cmake)
[0.289s] -- Found eigen3_cmake_module: 0.1.1 (/opt/ros/humble/share/eigen3_cmake_module/cmake)
[0.293s] -- Found generate_parameter_library: 0.4.0 (/opt/ros/humble/share/generate_parameter_library/cmake)
[0.293s] -- Found parameter_traits: 0.4.0 (/opt/ros/humble/share/parameter_traits/cmake)
[0.316s] -- Found rosidl_generator_c: 3.1.6 (/opt/ros/humble/share/rosidl_generator_c/cmake)
[0.321s] -- Found rosidl_adapter: 3.1.6 (/opt/ros/humble/share/rosidl_adapter/cmake)
[0.331s] -- Found rosidl_generator_cpp: 3.1.6 (/opt/ros/humble/share/rosidl_generator_cpp/cmake)
[0.343s] -- Using all available rosidl_typesupport_c: rosidl_typesupport_fastrtps_c;rosidl_typesupport_introspection_c
[0.362s] -- Using all available rosidl_typesupport_cpp: rosidl_typesupport_fastrtps_cpp;rosidl_typesupport_introspection_cpp
[0.405s] -- Found rmw_implementation_cmake: 6.1.2 (/opt/ros/humble/share/rmw_implementation_cmake/cmake)
[0.407s] -- Found rmw_fastrtps_cpp: 6.2.7 (/opt/ros/humble/share/rmw_fastrtps_cpp/cmake)
[0.542s] -- Using RMW implementation 'rmw_fastrtps_cpp' as default
[0.601s] -- Found rclcpp_lifecycle: 16.0.12 (/opt/ros/humble/share/rclcpp_lifecycle/cmake)
[0.621s] -- Found geometric_shapes: 2.3.2 (/opt/ros/humble/share/geometric_shapes/cmake)
[0.626s] -- Found Boost: /usr/lib/x86_64-linux-gnu/cmake/Boost-1.74.0/BoostConfig.cmake (found version "1.74.0") found components: filesystem 
[0.692s] -- library: /usr/lib/x86_64-linux-gnu/libcurl.so
[0.755s] -- Found kdl_parser: 2.6.4 (/opt/ros/humble/share/kdl_parser/cmake)
[0.759s] -- Ensuring Eigen3 include directory is part of orocos-kdl CMake target
[0.760s] -- Found moveit_msgs: 2.2.1 (/opt/ros/humble/share/moveit_msgs/cmake)
[0.854s] -- Found pluginlib: 5.1.0 (/opt/ros/humble/share/pluginlib/cmake)
[0.874s] -- Found srdfdom: 2.0.7 (/opt/ros/humble/share/srdfdom/cmake)
[0.878s] -- Found tf2_eigen: 0.25.12 (/opt/ros/humble/share/tf2_eigen/cmake)
[0.914s] -- Found tf2_geometry_msgs: 0.25.12 (/opt/ros/humble/share/tf2_geometry_msgs/cmake)
[0.916s] -- Found tf2_kdl: 0.25.12 (/opt/ros/humble/share/tf2_kdl/cmake)
[0.927s] -- Found Boost: /usr/lib/x86_64-linux-gnu/cmake/Boost-1.74.0/BoostConfig.cmake (found version "1.74.0") found components: chrono date_time filesystem iostreams program_options regex serialization system thread 
[0.929s] --  *** Building MoveIt 2.5.9-Alpha ***
[0.945s] -- Found ament_cmake_gtest: 1.3.11 (/opt/ros/humble/share/ament_cmake_gtest/cmake)
[0.945s] -- Found gtest sources under '/opt/ros/humble/src/gtest_vendor': C++ tests using 'Google Test' will be built
[0.969s] -- Found ament_cmake_gmock: 1.3.11 (/opt/ros/humble/share/ament_cmake_gmock/cmake)
[0.971s] -- Found gmock sources under '/opt/ros/humble/src/gmock_vendor': C++ tests using 'Google Mock' will be built
[0.974s] -- Found ament_cmake_gtest: 1.3.11 (/opt/ros/humble/share/ament_cmake_gtest/cmake)
[0.974s] -- Found gtest sources under '/opt/ros/humble/src/gtest_vendor': C++ tests using 'Google Test' will be built
[0.986s] -- Found ament_cmake_gtest: 1.3.11 (/opt/ros/humble/share/ament_cmake_gtest/cmake)
[0.987s] -- Found gtest sources under '/opt/ros/humble/src/gtest_vendor': C++ tests using 'Google Test' will be built
[1.014s] -- Found ament_cmake_gtest: 1.3.11 (/opt/ros/humble/share/ament_cmake_gtest/cmake)
[1.015s] -- Found gtest sources under '/opt/ros/humble/src/gtest_vendor': C++ tests using 'Google Test' will be built
[1.029s] -- Found ament_lint_auto: 0.12.12 (/opt/ros/humble/share/ament_lint_auto/cmake)
[1.029s] -- Found ament_cmake_gtest: 1.3.11 (/opt/ros/humble/share/ament_cmake_gtest/cmake)
[1.029s] -- Found gtest sources under '/opt/ros/humble/src/gtest_vendor': C++ tests using 'Google Test' will be built
[1.072s] -- Found ament_cmake_gtest: 1.3.11 (/opt/ros/humble/share/ament_cmake_gtest/cmake)
[1.073s] -- Found gtest sources under '/opt/ros/humble/src/gtest_vendor': C++ tests using 'Google Test' will be built
[1.098s] -- Found ament_cmake_gtest: 1.3.11 (/opt/ros/humble/share/ament_cmake_gtest/cmake)
[1.098s] -- Found gtest sources under '/opt/ros/humble/src/gtest_vendor': C++ tests using 'Google Test' will be built
[1.109s] -- Found ament_cmake_gtest: 1.3.11 (/opt/ros/humble/share/ament_cmake_gtest/cmake)
[1.110s] -- Found gmock sources under '/opt/ros/humble/src/gmock_vendor': C++ tests using 'Google Mock' will be built
[1.110s] -- Found gtest sources under '/opt/ros/humble/src/gtest_vendor': C++ tests using 'Google Test' will be built
[1.119s] -- Found gtest sources under '/opt/ros/humble/src/gtest_vendor': C++ tests using 'Google Test' will be built
[1.129s] -- Found gtest sources under '/opt/ros/humble/src/gtest_vendor': C++ tests using 'Google Test' will be built
[1.148s] -- Found ament_cmake_gtest: 1.3.11 (/opt/ros/humble/share/ament_cmake_gtest/cmake)
[1.149s] -- Found gtest sources under '/opt/ros/humble/src/gtest_vendor': C++ tests using 'Google Test' will be built
[1.180s] -- Found gtest sources under '/opt/ros/humble/src/gtest_vendor': C++ tests using 'Google Test' will be built
[1.197s] -- Found gtest sources under '/opt/ros/humble/src/gtest_vendor': C++ tests using 'Google Test' will be built
[1.209s] -- Found gtest sources under '/opt/ros/humble/src/gtest_vendor': C++ tests using 'Google Test' will be built
[1.214s] -- Found ament_lint_auto: 0.12.12 (/opt/ros/humble/share/ament_lint_auto/cmake)
[1.238s] -- Added test 'cppcheck' to perform static code analysis on C / C++ code
[1.240s] -- Configured cppcheck include dirs: /home/manoj/ros2_ws/src/moveit2/moveit_core/exceptions/include;/home/manoj/ros2_ws/src/moveit2/moveit_core/collision_detection/include;/home/manoj/ros2_ws/src/moveit2/moveit_core/collision_detection_fcl/include;/home/manoj/ros2_ws/src/moveit2/moveit_core/collision_detection_bullet/include;/home/manoj/ros2_ws/src/moveit2/moveit_core/constraint_samplers/include;/home/manoj/ros2_ws/src/moveit2/moveit_core/controller_manager/include;/home/manoj/ros2_ws/src/moveit2/moveit_core/distance_field/include;/home/manoj/ros2_ws/src/moveit2/moveit_core/collision_distance_field/include;/home/manoj/ros2_ws/src/moveit2/moveit_core/dynamics_solver/include;/home/manoj/ros2_ws/src/moveit2/moveit_core/kinematics_base/include;/home/manoj/ros2_ws/src/moveit2/moveit_core/kinematics_metrics/include;/home/manoj/ros2_ws/src/moveit2/moveit_core/robot_model/include;/home/manoj/ros2_ws/src/moveit2/moveit_core/transforms/include;/home/manoj/ros2_ws/src/moveit2/moveit_core/robot_state/include;/home/manoj/ros2_ws/src/moveit2/moveit_core/robot_trajectory/include;/home/manoj/ros2_ws/src/moveit2/moveit_core/kinematic_constraints/include;/home/manoj/ros2_ws/src/moveit2/moveit_core/macros/include;/home/manoj/ros2_ws/src/moveit2/moveit_core/online_signal_smoothing/include;/home/manoj/ros2_ws/src/moveit2/moveit_core/planning_interface/include;/home/manoj/ros2_ws/src/moveit2/moveit_core/planning_request_adapter/include;/home/manoj/ros2_ws/src/moveit2/moveit_core/planning_scene/include;/home/manoj/ros2_ws/src/moveit2/moveit_core/sensor_manager/include;/home/manoj/ros2_ws/src/moveit2/moveit_core/trajectory_processing/include;/home/manoj/ros2_ws/src/moveit2/moveit_core/utils/include
[1.240s] -- Configured cppcheck exclude dirs and/or files: 
[1.244s] -- Added test 'pep257' to check Python code against some of the docstring style conventions in PEP 257
[1.248s] -- Added test 'xmllint' to check XML markup files
[1.251s] -- Configuring done
[1.643s] -- Generating done
[1.777s] -- Build files have been written to: /home/manoj/ros2_ws/build/moveit_core
[1.802s] Invoked command in '/home/manoj/ros2_ws/build/moveit_core' returned '0': CMAKE_PREFIX_PATH=/home/manoj/ros2_ws/install/moveit_resources_panda_moveit_config:/home/manoj/ros2_ws/install/moveit_resources_pr2_description:/home/manoj/ros2_ws/install/moveit_resources_panda_description:/home/manoj/ros2_ws/install/moveit_common:/home/manoj/ros2_ws/install/ur_description:/home/manoj/ros2_ws/install/pilz_industrial_motion_planner_testutils:/home/manoj/ros2_ws/install/moveit_runtime:/home/manoj/ros2_ws/install/moveit:/home/manoj/ros2_ws/install/moveit_planners:/home/manoj/ros2_ws/install/pilz_industrial_motion_planner:/home/manoj/ros2_ws/install/my_mobile_manipulator_description:/home/manoj/ros2_ws/install/moveit_ros_control_interface:/home/manoj/ros2_ws/install/moveit_plugins:/home/manoj/ros2_ws/install/moveit_simple_controller_manager:/home/manoj/ros2_ws/install/moveit_setup_assistant:/home/manoj/ros2_ws/install/moveit_setup_srdf_plugins:/home/manoj/ros2_ws/install/moveit_setup_core_plugins:/home/manoj/ros2_ws/install/moveit_setup_controllers:/home/manoj/ros2_ws/install/moveit_setup_app_plugins:/home/manoj/ros2_ws/install/moveit_setup_framework:/home/manoj/ros2_ws/install/moveit_servo:/home/manoj/ros2_ws/install/moveit_ros:/home/manoj/ros2_ws/install/moveit_ros_visualization:/home/manoj/ros2_ws/install/moveit_hybrid_planning:/home/manoj/ros2_ws/install/moveit_ros_planning_interface:/home/manoj/ros2_ws/install/moveit_ros_benchmarks:/home/manoj/ros2_ws/install/moveit_ros_warehouse:/home/manoj/ros2_ws/install/moveit_ros_robot_interaction:/home/manoj/ros2_ws/install/moveit_ros_perception:/home/manoj/ros2_ws/install/moveit_resources_prbt_pg70_support:/home/manoj/ros2_ws/install/moveit_resources_prbt_moveit_config:/home/manoj/ros2_ws/install/moveit_ros_move_group:/home/manoj/ros2_ws/install/moveit_planners_ompl:/home/manoj/ros2_ws/install/moveit_ros_planning:/home/manoj/ros2_ws/install/moveit_ros_occupancy_map_monitor:/home/manoj/ros2_ws/install/moveit_resources_prbt_support:/home/manoj/ros2_ws/install/moveit_resources_prbt_ikfast_manipulator_plugin:/home/manoj/ros2_ws/install/moveit_resources:/home/manoj/ros2_ws/install/dual_arm_panda_moveit_config:/home/manoj/ros2_ws/install/moveit_resources_fanuc_moveit_config:/home/manoj/ros2_ws/install/moveit_resources_fanuc_description:/home/manoj/ros2_ws/install/moveit_planners_chomp:/home/manoj/ros2_ws/install/moveit_kinematics:/home/manoj/ros2_ws/install/moveit_chomp_optimizer_adapter:/home/manoj/ros2_ws/install/chomp_motion_planner:/home/manoj/ros2_ws/install/moveit_core:/home/manoj/ros2_ws/install/moveit_configs_utils:/opt/ros/humble /usr/bin/cmake /home/manoj/ros2_ws/src/moveit2/moveit_core -DCMAKE_INSTALL_PREFIX=/home/manoj/ros2_ws/install/moveit_core
[1.803s] Invoking command in '/home/manoj/ros2_ws/build/moveit_core': CMAKE_PREFIX_PATH=/home/manoj/ros2_ws/install/moveit_resources_panda_moveit_config:/home/manoj/ros2_ws/install/moveit_resources_pr2_description:/home/manoj/ros2_ws/install/moveit_resources_panda_description:/home/manoj/ros2_ws/install/moveit_common:/home/manoj/ros2_ws/install/ur_description:/home/manoj/ros2_ws/install/pilz_industrial_motion_planner_testutils:/home/manoj/ros2_ws/install/moveit_runtime:/home/manoj/ros2_ws/install/moveit:/home/manoj/ros2_ws/install/moveit_planners:/home/manoj/ros2_ws/install/pilz_industrial_motion_planner:/home/manoj/ros2_ws/install/my_mobile_manipulator_description:/home/manoj/ros2_ws/install/moveit_ros_control_interface:/home/manoj/ros2_ws/install/moveit_plugins:/home/manoj/ros2_ws/install/moveit_simple_controller_manager:/home/manoj/ros2_ws/install/moveit_setup_assistant:/home/manoj/ros2_ws/install/moveit_setup_srdf_plugins:/home/manoj/ros2_ws/install/moveit_setup_core_plugins:/home/manoj/ros2_ws/install/moveit_setup_controllers:/home/manoj/ros2_ws/install/moveit_setup_app_plugins:/home/manoj/ros2_ws/install/moveit_setup_framework:/home/manoj/ros2_ws/install/moveit_servo:/home/manoj/ros2_ws/install/moveit_ros:/home/manoj/ros2_ws/install/moveit_ros_visualization:/home/manoj/ros2_ws/install/moveit_hybrid_planning:/home/manoj/ros2_ws/install/moveit_ros_planning_interface:/home/manoj/ros2_ws/install/moveit_ros_benchmarks:/home/manoj/ros2_ws/install/moveit_ros_warehouse:/home/manoj/ros2_ws/install/moveit_ros_robot_interaction:/home/manoj/ros2_ws/install/moveit_ros_perception:/home/manoj/ros2_ws/install/moveit_resources_prbt_pg70_support:/home/manoj/ros2_ws/install/moveit_resources_prbt_moveit_config:/home/manoj/ros2_ws/install/moveit_ros_move_group:/home/manoj/ros2_ws/install/moveit_planners_ompl:/home/manoj/ros2_ws/install/moveit_ros_planning:/home/manoj/ros2_ws/install/moveit_ros_occupancy_map_monitor:/home/manoj/ros2_ws/install/moveit_resources_prbt_support:/home/manoj/ros2_ws/install/moveit_resources_prbt_ikfast_manipulator_plugin:/home/manoj/ros2_ws/install/moveit_resources:/home/manoj/ros2_ws/install/dual_arm_panda_moveit_config:/home/manoj/ros2_ws/install/moveit_resources_fanuc_moveit_config:/home/manoj/ros2_ws/install/moveit_resources_fanuc_description:/home/manoj/ros2_ws/install/moveit_planners_chomp:/home/manoj/ros2_ws/install/moveit_kinematics:/home/manoj/ros2_ws/install/moveit_chomp_optimizer_adapter:/home/manoj/ros2_ws/install/chomp_motion_planner:/home/manoj/ros2_ws/install/moveit_core:/home/manoj/ros2_ws/install/moveit_configs_utils:/opt/ros/humble /usr/bin/cmake --build /home/manoj/ros2_ws/build/moveit_core -- -j12 -l12
[1.897s] [35m[1mConsolidate compiler generated dependencies of target gtest[0m
[1.897s] [35m[1mConsolidate compiler generated dependencies of target moveit_exceptions[0m
[1.897s] [35m[1mConsolidate compiler generated dependencies of target moveit_utils[0m
[1.897s] [35m[1mConsolidate compiler generated dependencies of target gmock[0m
[1.897s] [35m[1mConsolidate compiler generated dependencies of target moveit_distance_field[0m
[1.897s] [35m[1mConsolidate compiler generated dependencies of target moveit_kinematics_base[0m
[1.905s] [35m[1mConsolidate compiler generated dependencies of target gmock_main[0m
[1.905s] [35m[1mConsolidate compiler generated dependencies of target moveit_smoothing_base[0m
[1.905s] [35m[1mConsolidate compiler generated dependencies of target gtest_main[0m
[1.906s] [35m[1mConsolidate compiler generated dependencies of target moveit_transforms[0m
[1.911s] [35m[1mConsolidate compiler generated dependencies of target moveit_version[0m
[1.918s] [  1%] Built target moveit_exceptions
[1.922s] [  4%] Built target moveit_utils
[1.922s] [  5%] Built target gtest_main
[1.923s] [  6%] Built target gmock_main
[1.924s] [  8%] Built target gmock
[1.926s] [  9%] Built target gtest
[1.926s] [ 10%] Built target moveit_smoothing_base
[1.934s] [ 11%] Built target moveit_kinematics_base
[1.935s] [ 12%] Built target moveit_version
[1.938s] [ 13%] Built target moveit_transforms
[1.941s] [ 15%] Built target moveit_butterworth_parameters
[1.944s] [ 18%] Built target moveit_distance_field
[1.950s] [35m[1mConsolidate compiler generated dependencies of target moveit_robot_model[0m
[1.957s] [35m[1mConsolidate compiler generated dependencies of target test_transforms[0m
[1.966s] [35m[1mConsolidate compiler generated dependencies of target test_voxel_grid[0m
[1.966s] [35m[1mConsolidate compiler generated dependencies of target test_distance_field[0m
[1.980s] [ 19%] Built target test_transforms
[1.986s] [ 20%] Built target test_voxel_grid
[1.999s] [ 26%] Built target moveit_robot_model
[1.999s] [ 27%] Built target test_distance_field
[2.012s] [35m[1mConsolidate compiler generated dependencies of target moveit_test_utils[0m
[2.015s] [35m[1mConsolidate compiler generated dependencies of target moveit_butterworth_filter[0m
[2.019s] [35m[1mConsolidate compiler generated dependencies of target moveit_robot_state[0m
[2.036s] [ 29%] Built target moveit_test_utils
[2.038s] [ 30%] Built target moveit_butterworth_filter
[2.055s] [35m[1mConsolidate compiler generated dependencies of target test_robot_model[0m
[2.060s] [35m[1mConsolidate compiler generated dependencies of target test_butterworth_filter[0m
[2.063s] [ 33%] Built target moveit_robot_state
[2.082s] [ 34%] Built target test_robot_model
[2.084s] [35m[1mConsolidate compiler generated dependencies of target moveit_robot_trajectory[0m
[2.084s] [ 35%] Built target test_butterworth_filter
[2.088s] [35m[1mConsolidate compiler generated dependencies of target moveit_dynamics_solver[0m
[2.090s] [35m[1mConsolidate compiler generated dependencies of target test_robot_state_benchmark[0m
[2.091s] [35m[1mConsolidate compiler generated dependencies of target moveit_collision_detection[0m
[2.096s] [35m[1mConsolidate compiler generated dependencies of target test_robot_state[0m
[2.096s] [35m[1mConsolidate compiler generated dependencies of target test_robot_state_complex[0m
[2.096s] [35m[1mConsolidate compiler generated dependencies of target moveit_kinematics_metrics[0m
[2.097s] [35m[1mConsolidate compiler generated dependencies of target test_cartesian_interpolator[0m
[2.097s] [35m[1mConsolidate compiler generated dependencies of target test_aabb[0m
[2.113s] [ 36%] Built target moveit_robot_trajectory
[2.114s] [ 37%] Built target moveit_dynamics_solver
[2.117s] [ 38%] Built target test_robot_state_complex
[2.122s] [ 39%] Built target test_robot_state_benchmark
[2.122s] [ 40%] Built target moveit_kinematics_metrics
[2.122s] [ 41%] Built target test_cartesian_interpolator
[2.123s] [ 43%] Built target test_robot_state
[2.128s] [ 44%] Built target test_aabb
[2.130s] [35m[1mConsolidate compiler generated dependencies of target moveit_trajectory_processing[0m
[2.133s] [35m[1mConsolidate compiler generated dependencies of target test_robot_trajectory[0m
[2.134s] [35m[1mConsolidate compiler generated dependencies of target moveit_planning_interface[0m
[2.152s] [ 49%] Built target moveit_collision_detection
[2.159s] [ 50%] Built target test_robot_trajectory
[2.171s] [35m[1mConsolidate compiler generated dependencies of target test_all_valid[0m
[2.171s] [35m[1mConsolidate compiler generated dependencies of target test_world[0m
[2.173s] [ 52%] Built target moveit_planning_interface
[2.178s] [35m[1mConsolidate compiler generated dependencies of target moveit_collision_detection_fcl[0m
[2.178s] [35m[1mConsolidate compiler generated dependencies of target test_world_diff[0m
[2.179s] [ 55%] Built target moveit_trajectory_processing
[2.187s] [35m[1mConsolidate compiler generated dependencies of target moveit_collision_detection_bullet[0m
[2.193s] [35m[1mConsolidate compiler generated dependencies of target test_time_parameterization[0m
[2.193s] [ 56%] Built target test_world
[2.195s] [35m[1mConsolidate compiler generated dependencies of target test_time_optimal_trajectory_generation[0m
[2.196s] [35m[1mConsolidate compiler generated dependencies of target test_ruckig_traj_smoothing[0m
[2.197s] [ 57%] Built target test_all_valid
[2.203s] [ 59%] Built target test_world_diff
[2.213s] [ 60%] Built target test_time_parameterization
[2.217s] [ 62%] Built target moveit_collision_detection_fcl
[2.218s] [ 64%] Built target test_time_optimal_trajectory_generation
[2.225s] [ 65%] Built target test_ruckig_traj_smoothing
[2.228s] [35m[1mConsolidate compiler generated dependencies of target test_fcl_collision_env[0m
[2.228s] [35m[1mConsolidate compiler generated dependencies of target test_fcl_collision_detection[0m
[2.234s] [35m[1mConsolidate compiler generated dependencies of target test_fcl_collision_detection_panda[0m
[2.237s] [35m[1mConsolidate compiler generated dependencies of target moveit_kinematic_constraints[0m
[2.242s] [ 70%] Built target moveit_collision_detection_bullet
[2.259s] [35m[1mConsolidate compiler generated dependencies of target test_bullet_collision_detection[0m
[2.269s] [35m[1mConsolidate compiler generated dependencies of target test_bullet_collision_detection_panda[0m
[2.270s] [ 71%] Built target test_fcl_collision_env
[2.270s] [ 72%] Built target test_fcl_collision_detection
[2.270s] [35m[1mConsolidate compiler generated dependencies of target test_bullet_continuous_collision_checking[0m
[2.271s] [ 74%] Built target test_fcl_collision_detection_panda
[2.284s] [ 76%] Built target moveit_kinematic_constraints
[2.297s] [35m[1mConsolidate compiler generated dependencies of target test_constraints[0m
[2.298s] [35m[1mConsolidate compiler generated dependencies of target test_orientation_constraints[0m
[2.298s] [ 77%] Built target test_bullet_collision_detection
[2.299s] [35m[1mConsolidate compiler generated dependencies of target moveit_planning_scene[0m
[2.299s] [ 79%] Built target test_bullet_collision_detection_panda
[2.303s] [ 80%] Built target test_bullet_continuous_collision_checking
[2.318s] [ 81%] Built target test_constraints
[2.324s] [ 83%] Built target moveit_planning_scene
[2.325s] [ 84%] Built target test_orientation_constraints
[2.339s] [35m[1mConsolidate compiler generated dependencies of target test_planning_scene[0m
[2.342s] [35m[1mConsolidate compiler generated dependencies of target moveit_collision_distance_field[0m
[2.343s] [35m[1mConsolidate compiler generated dependencies of target test_collision_objects[0m
[2.343s] [35m[1mConsolidate compiler generated dependencies of target collision_detector_fcl_plugin[0m
[2.343s] [35m[1mConsolidate compiler generated dependencies of target test_multi_threaded[0m
[2.343s] [35m[1mConsolidate compiler generated dependencies of target collision_detector_bullet_plugin[0m
[2.343s] [35m[1mConsolidate compiler generated dependencies of target moveit_planning_request_adapter[0m
[2.345s] [35m[1mConsolidate compiler generated dependencies of target moveit_constraint_samplers[0m
[2.380s] [ 85%] Built target test_planning_scene
[2.380s] [ 86%] Built target collision_detector_bullet_plugin
[2.381s] [ 87%] Built target collision_detector_fcl_plugin
[2.384s] [ 88%] Built target moveit_planning_request_adapter
[2.391s] [ 91%] Built target moveit_constraint_samplers
[2.392s] [ 92%] Built target test_multi_threaded
[2.394s] [ 93%] Built target test_collision_objects
[2.398s] [ 96%] Built target moveit_collision_distance_field
[2.405s] [35m[1mConsolidate compiler generated dependencies of target test_constraint_samplers[0m
[2.414s] [35m[1mConsolidate compiler generated dependencies of target test_collision_distance_field[0m
[2.438s] [ 99%] Built target test_constraint_samplers
[2.447s] [100%] Built target test_collision_distance_field
[2.463s] Invoked command in '/home/manoj/ros2_ws/build/moveit_core' returned '0': CMAKE_PREFIX_PATH=/home/manoj/ros2_ws/install/moveit_resources_panda_moveit_config:/home/manoj/ros2_ws/install/moveit_resources_pr2_description:/home/manoj/ros2_ws/install/moveit_resources_panda_description:/home/manoj/ros2_ws/install/moveit_common:/home/manoj/ros2_ws/install/ur_description:/home/manoj/ros2_ws/install/pilz_industrial_motion_planner_testutils:/home/manoj/ros2_ws/install/moveit_runtime:/home/manoj/ros2_ws/install/moveit:/home/manoj/ros2_ws/install/moveit_planners:/home/manoj/ros2_ws/install/pilz_industrial_motion_planner:/home/manoj/ros2_ws/install/my_mobile_manipulator_description:/home/manoj/ros2_ws/install/moveit_ros_control_interface:/home/manoj/ros2_ws/install/moveit_plugins:/home/manoj/ros2_ws/install/moveit_simple_controller_manager:/home/manoj/ros2_ws/install/moveit_setup_assistant:/home/manoj/ros2_ws/install/moveit_setup_srdf_plugins:/home/manoj/ros2_ws/install/moveit_setup_core_plugins:/home/manoj/ros2_ws/install/moveit_setup_controllers:/home/manoj/ros2_ws/install/moveit_setup_app_plugins:/home/manoj/ros2_ws/install/moveit_setup_framework:/home/manoj/ros2_ws/install/moveit_servo:/home/manoj/ros2_ws/install/moveit_ros:/home/manoj/ros2_ws/install/moveit_ros_visualization:/home/manoj/ros2_ws/install/moveit_hybrid_planning:/home/manoj/ros2_ws/install/moveit_ros_planning_interface:/home/manoj/ros2_ws/install/moveit_ros_benchmarks:/home/manoj/ros2_ws/install/moveit_ros_warehouse:/home/manoj/ros2_ws/install/moveit_ros_robot_interaction:/home/manoj/ros2_ws/install/moveit_ros_perception:/home/manoj/ros2_ws/install/moveit_resources_prbt_pg70_support:/home/manoj/ros2_ws/install/moveit_resources_prbt_moveit_config:/home/manoj/ros2_ws/install/moveit_ros_move_group:/home/manoj/ros2_ws/install/moveit_planners_ompl:/home/manoj/ros2_ws/install/moveit_ros_planning:/home/manoj/ros2_ws/install/moveit_ros_occupancy_map_monitor:/home/manoj/ros2_ws/install/moveit_resources_prbt_support:/home/manoj/ros2_ws/install/moveit_resources_prbt_ikfast_manipulator_plugin:/home/manoj/ros2_ws/install/moveit_resources:/home/manoj/ros2_ws/install/dual_arm_panda_moveit_config:/home/manoj/ros2_ws/install/moveit_resources_fanuc_moveit_config:/home/manoj/ros2_ws/install/moveit_resources_fanuc_description:/home/manoj/ros2_ws/install/moveit_planners_chomp:/home/manoj/ros2_ws/install/moveit_kinematics:/home/manoj/ros2_ws/install/moveit_chomp_optimizer_adapter:/home/manoj/ros2_ws/install/chomp_motion_planner:/home/manoj/ros2_ws/install/moveit_core:/home/manoj/ros2_ws/install/moveit_configs_utils:/opt/ros/humble /usr/bin/cmake --build /home/manoj/ros2_ws/build/moveit_core -- -j12 -l12
[2.463s] Invoking command in '/home/manoj/ros2_ws/build/moveit_core': CMAKE_PREFIX_PATH=/home/manoj/ros2_ws/install/moveit_resources_panda_moveit_config:/home/manoj/ros2_ws/install/moveit_resources_pr2_description:/home/manoj/ros2_ws/install/moveit_resources_panda_description:/home/manoj/ros2_ws/install/moveit_common:/home/manoj/ros2_ws/install/ur_description:/home/manoj/ros2_ws/install/pilz_industrial_motion_planner_testutils:/home/manoj/ros2_ws/install/moveit_runtime:/home/manoj/ros2_ws/install/moveit:/home/manoj/ros2_ws/install/moveit_planners:/home/manoj/ros2_ws/install/pilz_industrial_motion_planner:/home/manoj/ros2_ws/install/my_mobile_manipulator_description:/home/manoj/ros2_ws/install/moveit_ros_control_interface:/home/manoj/ros2_ws/install/moveit_plugins:/home/manoj/ros2_ws/install/moveit_simple_controller_manager:/home/manoj/ros2_ws/install/moveit_setup_assistant:/home/manoj/ros2_ws/install/moveit_setup_srdf_plugins:/home/manoj/ros2_ws/install/moveit_setup_core_plugins:/home/manoj/ros2_ws/install/moveit_setup_controllers:/home/manoj/ros2_ws/install/moveit_setup_app_plugins:/home/manoj/ros2_ws/install/moveit_setup_framework:/home/manoj/ros2_ws/install/moveit_servo:/home/manoj/ros2_ws/install/moveit_ros:/home/manoj/ros2_ws/install/moveit_ros_visualization:/home/manoj/ros2_ws/install/moveit_hybrid_planning:/home/manoj/ros2_ws/install/moveit_ros_planning_interface:/home/manoj/ros2_ws/install/moveit_ros_benchmarks:/home/manoj/ros2_ws/install/moveit_ros_warehouse:/home/manoj/ros2_ws/install/moveit_ros_robot_interaction:/home/manoj/ros2_ws/install/moveit_ros_perception:/home/manoj/ros2_ws/install/moveit_resources_prbt_pg70_support:/home/manoj/ros2_ws/install/moveit_resources_prbt_moveit_config:/home/manoj/ros2_ws/install/moveit_ros_move_group:/home/manoj/ros2_ws/install/moveit_planners_ompl:/home/manoj/ros2_ws/install/moveit_ros_planning:/home/manoj/ros2_ws/install/moveit_ros_occupancy_map_monitor:/home/manoj/ros2_ws/install/moveit_resources_prbt_support:/home/manoj/ros2_ws/install/moveit_resources_prbt_ikfast_manipulator_plugin:/home/manoj/ros2_ws/install/moveit_resources:/home/manoj/ros2_ws/install/dual_arm_panda_moveit_config:/home/manoj/ros2_ws/install/moveit_resources_fanuc_moveit_config:/home/manoj/ros2_ws/install/moveit_resources_fanuc_description:/home/manoj/ros2_ws/install/moveit_planners_chomp:/home/manoj/ros2_ws/install/moveit_kinematics:/home/manoj/ros2_ws/install/moveit_chomp_optimizer_adapter:/home/manoj/ros2_ws/install/chomp_motion_planner:/home/manoj/ros2_ws/install/moveit_core:/home/manoj/ros2_ws/install/moveit_configs_utils:/opt/ros/humble /usr/bin/cmake --install /home/manoj/ros2_ws/build/moveit_core
[2.474s] -- Install configuration: "Release"
[2.474s] -- Execute custom install script
[2.474s] -- Up-to-date symlink: /home/manoj/ros2_ws/install/moveit_core/include/moveit/version.h
[2.475s] -- Up-to-date symlink: /home/manoj/ros2_ws/install/moveit_core/include/moveit/collision_distance_field/collision_common_distance_field.h
[2.475s] -- Up-to-date symlink: /home/manoj/ros2_ws/install/moveit_core/include/moveit/collision_distance_field/collision_detector_allocator_distance_field.h
[2.475s] -- Up-to-date symlink: /home/manoj/ros2_ws/install/moveit_core/include/moveit/collision_distance_field/collision_detector_allocator_hybrid.h
[2.475s] -- Up-to-date symlink: /home/manoj/ros2_ws/install/moveit_core/include/moveit/collision_distance_field/collision_distance_field_types.h
[2.475s] -- Up-to-date symlink: /home/manoj/ros2_ws/install/moveit_core/include/moveit/collision_distance_field/collision_env_distance_field.h
[2.476s] -- Up-to-date symlink: /home/manoj/ros2_ws/install/moveit_core/include/moveit/collision_distance_field/collision_env_hybrid.h
[2.476s] -- Up-to-date symlink: /home/manoj/ros2_ws/install/moveit_core/include/moveit_collision_distance_field_export.h
[2.476s] -- Up-to-date symlink: /home/manoj/ros2_ws/install/moveit_core/include/moveit/constraint_samplers/constraint_sampler.h
[2.476s] -- Up-to-date symlink: /home/manoj/ros2_ws/install/moveit_core/include/moveit/constraint_samplers/constraint_sampler_allocator.h
[2.477s] -- Up-to-date symlink: /home/manoj/ros2_ws/install/moveit_core/include/moveit/constraint_samplers/constraint_sampler_manager.h
[2.477s] -- Up-to-date symlink: /home/manoj/ros2_ws/install/moveit_core/include/moveit/constraint_samplers/constraint_sampler_tools.h
[2.477s] -- Up-to-date symlink: /home/manoj/ros2_ws/install/moveit_core/include/moveit/constraint_samplers/default_constraint_samplers.h
[2.477s] -- Up-to-date symlink: /home/manoj/ros2_ws/install/moveit_core/include/moveit/constraint_samplers/union_constraint_sampler.h
[2.477s] -- Up-to-date symlink: /home/manoj/ros2_ws/install/moveit_core/include/moveit/controller_manager/controller_manager.h
[2.477s] -- Up-to-date symlink: /home/manoj/ros2_ws/install/moveit_core/include/moveit/distance_field/distance_field.h
[2.477s] -- Up-to-date symlink: /home/manoj/ros2_ws/install/moveit_core/include/moveit/distance_field/find_internal_points.h
[2.477s] -- Up-to-date symlink: /home/manoj/ros2_ws/install/moveit_core/include/moveit/distance_field/propagation_distance_field.h
[2.477s] -- Up-to-date symlink: /home/manoj/ros2_ws/install/moveit_core/include/moveit/distance_field/voxel_grid.h
[2.477s] -- Up-to-date symlink: /home/manoj/ros2_ws/install/moveit_core/include/moveit/dynamics_solver/dynamics_solver.h
[2.477s] -- Up-to-date symlink: /home/manoj/ros2_ws/install/moveit_core/include/moveit/exceptions/exceptions.h
[2.477s] -- Up-to-date symlink: /home/manoj/ros2_ws/install/moveit_core/include/moveit/kinematics_base/kinematics_base.h
[2.478s] -- Up-to-date symlink: /home/manoj/ros2_ws/install/moveit_core/include/moveit_kinematics_base_export.h
[2.478s] -- Up-to-date symlink: /home/manoj/ros2_ws/install/moveit_core/include/moveit/kinematic_constraints/kinematic_constraint.h
[2.478s] -- Up-to-date symlink: /home/manoj/ros2_ws/install/moveit_core/include/moveit/kinematic_constraints/utils.h
[2.478s] -- Up-to-date symlink: /home/manoj/ros2_ws/install/moveit_core/include/moveit/kinematics_metrics/kinematics_metrics.h
[2.478s] -- Up-to-date symlink: /home/manoj/ros2_ws/install/moveit_core/include/moveit/macros/class_forward.h
[2.478s] -- Up-to-date symlink: /home/manoj/ros2_ws/install/moveit_core/include/moveit/macros/console_colors.h
[2.478s] -- Up-to-date symlink: /home/manoj/ros2_ws/install/moveit_core/include/moveit/macros/declare_ptr.h
[2.478s] -- Up-to-date symlink: /home/manoj/ros2_ws/install/moveit_core/include/moveit/macros/deprecation.h
[2.478s] -- Up-to-date symlink: /home/manoj/ros2_ws/install/moveit_core/include/moveit_core/moveit_acceleration_filter_parameters.hpp
[2.478s] -- Up-to-date symlink: /home/manoj/ros2_ws/install/moveit_core/include/moveit_core/moveit_butterworth_filter_parameters.hpp
[2.479s] -- Up-to-date symlink: /home/manoj/ros2_ws/install/moveit_core/include/moveit_core/moveit_butterworth_parameters.hpp
[2.479s] -- Up-to-date symlink: /home/manoj/ros2_ws/install/moveit_core/include/moveit_core/moveit_ruckig_filter_parameters.hpp
[2.479s] -- Up-to-date symlink: /home/manoj/ros2_ws/install/moveit_core/include/moveit/online_signal_smoothing/butterworth_filter.h
[2.479s] -- Up-to-date symlink: /home/manoj/ros2_ws/install/moveit_core/include/moveit/online_signal_smoothing/smoothing_base_class.h
[2.479s] -- Up-to-date symlink: /home/manoj/ros2_ws/install/moveit_core/include/moveit_smoothing_base_export.h
[2.479s] -- Up-to-date symlink: /home/manoj/ros2_ws/install/moveit_core/include/moveit_butterworth_filter_export.h
[2.479s] -- Up-to-date symlink: /home/manoj/ros2_ws/install/moveit_core/include/moveit/planning_interface/planning_interface.h
[2.479s] -- Up-to-date symlink: /home/manoj/ros2_ws/install/moveit_core/include/moveit/planning_interface/planning_request.h
[2.479s] -- Up-to-date symlink: /home/manoj/ros2_ws/install/moveit_core/include/moveit/planning_interface/planning_response.h
[2.479s] -- Up-to-date symlink: /home/manoj/ros2_ws/install/moveit_core/include/moveit/planning_request_adapter/planning_request_adapter.h
[2.479s] -- Up-to-date symlink: /home/manoj/ros2_ws/install/moveit_core/include/moveit/planning_scene/planning_scene.h
[2.479s] -- Up-to-date symlink: /home/manoj/ros2_ws/install/moveit_core/include/moveit_planning_scene_export.h
[2.480s] -- Up-to-date symlink: /home/manoj/ros2_ws/install/moveit_core/include/moveit/robot_model/aabb.h
[2.480s] -- Up-to-date symlink: /home/manoj/ros2_ws/install/moveit_core/include/moveit/robot_model/fixed_joint_model.h
[2.480s] -- Up-to-date symlink: /home/manoj/ros2_ws/install/moveit_core/include/moveit/robot_model/floating_joint_model.h
[2.480s] -- Up-to-date symlink: /home/manoj/ros2_ws/install/moveit_core/include/moveit/robot_model/joint_model.h
[2.480s] -- Up-to-date symlink: /home/manoj/ros2_ws/install/moveit_core/include/moveit/robot_model/joint_model_group.h
[2.480s] -- Up-to-date symlink: /home/manoj/ros2_ws/install/moveit_core/include/moveit/robot_model/link_model.h
[2.480s] -- Up-to-date symlink: /home/manoj/ros2_ws/install/moveit_core/include/moveit/robot_model/planar_joint_model.h
[2.480s] -- Up-to-date symlink: /home/manoj/ros2_ws/install/moveit_core/include/moveit/robot_model/prismatic_joint_model.h
[2.480s] -- Up-to-date symlink: /home/manoj/ros2_ws/install/moveit_core/include/moveit/robot_model/revolute_joint_model.h
[2.480s] -- Up-to-date symlink: /home/manoj/ros2_ws/install/moveit_core/include/moveit/robot_model/robot_model.h
[2.480s] -- Up-to-date symlink: /home/manoj/ros2_ws/install/moveit_core/include/moveit/robot_state/attached_body.h
[2.481s] -- Up-to-date symlink: /home/manoj/ros2_ws/install/moveit_core/include/moveit/robot_state/cartesian_interpolator.h
[2.481s] -- Up-to-date symlink: /home/manoj/ros2_ws/install/moveit_core/include/moveit/robot_state/conversions.h
[2.481s] -- Up-to-date symlink: /home/manoj/ros2_ws/install/moveit_core/include/moveit/robot_state/robot_state.h
[2.481s] -- Up-to-date symlink: /home/manoj/ros2_ws/install/moveit_core/include/moveit/robot_trajectory/robot_trajectory.h
[2.481s] -- Up-to-date symlink: /home/manoj/ros2_ws/install/moveit_core/include/moveit/sensor_manager/sensor_manager.h
[2.481s] -- Up-to-date symlink: /home/manoj/ros2_ws/install/moveit_core/include/moveit/trajectory_processing/iterative_spline_parameterization.h
[2.481s] -- Up-to-date symlink: /home/manoj/ros2_ws/install/moveit_core/include/moveit/trajectory_processing/iterative_time_parameterization.h
[2.481s] -- Up-to-date symlink: /home/manoj/ros2_ws/install/moveit_core/include/moveit/trajectory_processing/ruckig_traj_smoothing.h
[2.481s] -- Up-to-date symlink: /home/manoj/ros2_ws/install/moveit_core/include/moveit/trajectory_processing/time_optimal_trajectory_generation.h
[2.481s] -- Up-to-date symlink: /home/manoj/ros2_ws/install/moveit_core/include/moveit/trajectory_processing/time_parameterization.h
[2.481s] -- Up-to-date symlink: /home/manoj/ros2_ws/install/moveit_core/include/moveit/trajectory_processing/trajectory_tools.h
[2.481s] -- Up-to-date symlink: /home/manoj/ros2_ws/install/moveit_core/include/moveit/transforms/transforms.h
[2.482s] -- Up-to-date symlink: /home/manoj/ros2_ws/install/moveit_core/include/moveit/utils/lexical_casts.h
[2.482s] -- Up-to-date symlink: /home/manoj/ros2_ws/install/moveit_core/include/moveit/utils/message_checks.h
[2.482s] -- Up-to-date symlink: /home/manoj/ros2_ws/install/moveit_core/include/moveit/utils/moveit_error_code.h
[2.482s] -- Up-to-date symlink: /home/manoj/ros2_ws/install/moveit_core/include/moveit/utils/rclcpp_utils.h
[2.482s] -- Up-to-date symlink: /home/manoj/ros2_ws/install/moveit_core/include/moveit/utils/robot_model_test_utils.h
[2.482s] -- Up-to-date symlink: /home/manoj/ros2_ws/install/moveit_core/bin/moveit_version
[2.482s] -- Up-to-date symlink: /home/manoj/ros2_ws/install/moveit_core/include/moveit/collision_detection/allvalid/collision_detector_allocator_allvalid.h
[2.482s] -- Up-to-date symlink: /home/manoj/ros2_ws/install/moveit_core/include/moveit/collision_detection/allvalid/collision_env_allvalid.h
[2.482s] -- Up-to-date symlink: /home/manoj/ros2_ws/install/moveit_core/include/moveit/collision_detection/collision_common.h
[2.482s] -- Up-to-date symlink: /home/manoj/ros2_ws/install/moveit_core/include/moveit/collision_detection/collision_detector_allocator.h
[2.482s] -- Up-to-date symlink: /home/manoj/ros2_ws/install/moveit_core/include/moveit/collision_detection/collision_env.h
[2.483s] -- Up-to-date symlink: /home/manoj/ros2_ws/install/moveit_core/include/moveit/collision_detection/collision_matrix.h
[2.483s] -- Up-to-date symlink: /home/manoj/ros2_ws/install/moveit_core/include/moveit/collision_detection/collision_octomap_filter.h
[2.483s] -- Up-to-date symlink: /home/manoj/ros2_ws/install/moveit_core/include/moveit/collision_detection/collision_plugin.h
[2.483s] -- Up-to-date symlink: /home/manoj/ros2_ws/install/moveit_core/include/moveit/collision_detection/collision_plugin_cache.h
[2.483s] -- Up-to-date symlink: /home/manoj/ros2_ws/install/moveit_core/include/moveit/collision_detection/collision_tools.h
[2.483s] -- Up-to-date symlink: /home/manoj/ros2_ws/install/moveit_core/include/moveit/collision_detection/occupancy_map.h
[2.483s] -- Up-to-date symlink: /home/manoj/ros2_ws/install/moveit_core/include/moveit/collision_detection/test_collision_common_panda.h
[2.483s] -- Up-to-date symlink: /home/manoj/ros2_ws/install/moveit_core/include/moveit/collision_detection/test_collision_common_pr2.h
[2.483s] -- Up-to-date symlink: /home/manoj/ros2_ws/install/moveit_core/include/moveit/collision_detection/world.h
[2.483s] -- Up-to-date symlink: /home/manoj/ros2_ws/install/moveit_core/include/moveit/collision_detection/world_diff.h
[2.483s] -- Up-to-date symlink: /home/manoj/ros2_ws/install/moveit_core/include/moveit_collision_detection_export.h
[2.483s] -- Up-to-date symlink: /home/manoj/ros2_ws/install/moveit_core/include/moveit/collision_detection_bullet/bullet_integration/basic_types.h
[2.483s] -- Up-to-date symlink: /home/manoj/ros2_ws/install/moveit_core/include/moveit/collision_detection_bullet/bullet_integration/bullet_bvh_manager.h
[2.484s] -- Up-to-date symlink: /home/manoj/ros2_ws/install/moveit_core/include/moveit/collision_detection_bullet/bullet_integration/bullet_cast_bvh_manager.h
[2.484s] -- Up-to-date symlink: /home/manoj/ros2_ws/install/moveit_core/include/moveit/collision_detection_bullet/bullet_integration/bullet_discrete_bvh_manager.h
[2.484s] -- Up-to-date symlink: /home/manoj/ros2_ws/install/moveit_core/include/moveit/collision_detection_bullet/bullet_integration/bullet_utils.h
[2.484s] -- Up-to-date symlink: /home/manoj/ros2_ws/install/moveit_core/include/moveit/collision_detection_bullet/bullet_integration/contact_checker_common.h
[2.484s] -- Up-to-date symlink: /home/manoj/ros2_ws/install/moveit_core/include/moveit/collision_detection_bullet/bullet_integration/ros_bullet_utils.h
[2.484s] -- Up-to-date symlink: /home/manoj/ros2_ws/install/moveit_core/include/moveit/collision_detection_bullet/collision_detector_allocator_bullet.h
[2.484s] -- Up-to-date symlink: /home/manoj/ros2_ws/install/moveit_core/include/moveit/collision_detection_bullet/collision_detector_bullet_plugin_loader.h
[2.484s] -- Up-to-date symlink: /home/manoj/ros2_ws/install/moveit_core/include/moveit/collision_detection_bullet/collision_env_bullet.h
[2.484s] -- Up-to-date symlink: /home/manoj/ros2_ws/install/moveit_core/include/moveit_collision_detection_bullet_export.h
[2.484s] -- Up-to-date symlink: /home/manoj/ros2_ws/install/moveit_core/include/moveit/collision_detection_fcl/collision_common.h
[2.484s] -- Up-to-date symlink: /home/manoj/ros2_ws/install/moveit_core/include/moveit/collision_detection_fcl/collision_detector_allocator_fcl.h
[2.484s] -- Up-to-date symlink: /home/manoj/ros2_ws/install/moveit_core/include/moveit/collision_detection_fcl/collision_detector_fcl_plugin_loader.h
[2.484s] -- Up-to-date symlink: /home/manoj/ros2_ws/install/moveit_core/include/moveit/collision_detection_fcl/collision_env_fcl.h
[2.485s] -- Up-to-date symlink: /home/manoj/ros2_ws/install/moveit_core/include/moveit/collision_detection_fcl/fcl_compat.h
[2.485s] -- Up-to-date symlink: /home/manoj/ros2_ws/install/moveit_core/include/moveit_collision_detection_fcl_export.h
[2.485s] -- Up-to-date symlink: /home/manoj/ros2_ws/install/moveit_core/share/moveit_core/environment/library_path.sh
[2.485s] -- Up-to-date symlink: /home/manoj/ros2_ws/install/moveit_core/share/moveit_core/environment/library_path.dsv
[2.485s] -- Up-to-date symlink: /home/manoj/ros2_ws/install/moveit_core/share/moveit_core//collision_detector_fcl_description.xml
[2.485s] -- Up-to-date symlink: /home/manoj/ros2_ws/install/moveit_core/share/moveit_core//collision_detector_bullet_description.xml
[2.485s] -- Up-to-date symlink: /home/manoj/ros2_ws/install/moveit_core/share/moveit_core//filter_plugin_butterworth.xml
[2.485s] -- Up-to-date symlink: /home/manoj/ros2_ws/install/moveit_core/share/ament_index/resource_index/package_run_dependencies/moveit_core
[2.485s] -- Up-to-date symlink: /home/manoj/ros2_ws/install/moveit_core/share/ament_index/resource_index/parent_prefix_path/moveit_core
[2.485s] -- Up-to-date symlink: /home/manoj/ros2_ws/install/moveit_core/share/moveit_core/environment/ament_prefix_path.sh
[2.485s] -- Up-to-date symlink: /home/manoj/ros2_ws/install/moveit_core/share/moveit_core/environment/ament_prefix_path.dsv
[2.485s] -- Up-to-date symlink: /home/manoj/ros2_ws/install/moveit_core/share/moveit_core/environment/path.sh
[2.485s] -- Up-to-date symlink: /home/manoj/ros2_ws/install/moveit_core/share/moveit_core/environment/path.dsv
[2.486s] -- Up-to-date symlink: /home/manoj/ros2_ws/install/moveit_core/share/moveit_core/local_setup.bash
[2.486s] -- Up-to-date symlink: /home/manoj/ros2_ws/install/moveit_core/share/moveit_core/local_setup.sh
[2.486s] -- Up-to-date symlink: /home/manoj/ros2_ws/install/moveit_core/share/moveit_core/local_setup.zsh
[2.486s] -- Up-to-date symlink: /home/manoj/ros2_ws/install/moveit_core/share/moveit_core/local_setup.dsv
[2.486s] -- Symlinking: /home/manoj/ros2_ws/install/moveit_core/share/moveit_core/package.dsv
[2.494s] -- Up-to-date symlink: /home/manoj/ros2_ws/install/moveit_core/share/ament_index/resource_index/packages/moveit_core
[2.494s] -- Up-to-date symlink: /home/manoj/ros2_ws/install/moveit_core/share/ament_index/resource_index/moveit_core__pluginlib__plugin/moveit_core
[2.494s] -- Up-to-date symlink: /home/manoj/ros2_ws/install/moveit_core/share/moveit_core/cmake/ConfigExtras.cmake
[2.495s] -- Up-to-date symlink: /home/manoj/ros2_ws/install/moveit_core/share/moveit_core/cmake/ament_cmake_export_targets-extras.cmake
[2.495s] -- Up-to-date symlink: /home/manoj/ros2_ws/install/moveit_core/share/moveit_core/cmake/ament_cmake_export_dependencies-extras.cmake
[2.495s] -- Up-to-date symlink: /home/manoj/ros2_ws/install/moveit_core/share/moveit_core/cmake/moveit_coreConfig.cmake
[2.495s] -- Up-to-date symlink: /home/manoj/ros2_ws/install/moveit_core/share/moveit_core/cmake/moveit_coreConfig-version.cmake
[2.495s] -- Up-to-date symlink: /home/manoj/ros2_ws/install/moveit_core/share/moveit_core/package.xml
[2.497s] -- Up-to-date: /home/manoj/ros2_ws/install/moveit_core/lib/libcollision_detector_bullet_plugin.so.2.5.9
[2.497s] -- Up-to-date: /home/manoj/ros2_ws/install/moveit_core/lib/libcollision_detector_bullet_plugin.so
[2.498s] -- Up-to-date: /home/manoj/ros2_ws/install/moveit_core/lib/libmoveit_butterworth_filter.so.2.5.9
[2.498s] -- Up-to-date: /home/manoj/ros2_ws/install/moveit_core/lib/libmoveit_butterworth_filter.so
[2.498s] -- Up-to-date: /home/manoj/ros2_ws/install/moveit_core/lib/libmoveit_collision_distance_field.so.2.5.9
[2.498s] -- Up-to-date: /home/manoj/ros2_ws/install/moveit_core/lib/libmoveit_collision_distance_field.so
[2.498s] -- Up-to-date: /home/manoj/ros2_ws/install/moveit_core/lib/libmoveit_collision_detection.so.2.5.9
[2.498s] -- Up-to-date: /home/manoj/ros2_ws/install/moveit_core/lib/libmoveit_collision_detection.so
[2.499s] -- Up-to-date: /home/manoj/ros2_ws/install/moveit_core/lib/libmoveit_collision_detection_fcl.so.2.5.9
[2.499s] -- Up-to-date: /home/manoj/ros2_ws/install/moveit_core/lib/libmoveit_collision_detection_fcl.so
[2.499s] -- Up-to-date: /home/manoj/ros2_ws/install/moveit_core/lib/libmoveit_collision_detection_bullet.so.2.5.9
[2.499s] -- Up-to-date: /home/manoj/ros2_ws/install/moveit_core/lib/libmoveit_collision_detection_bullet.so
[2.499s] -- Up-to-date: /home/manoj/ros2_ws/install/moveit_core/lib/libmoveit_dynamics_solver.so.2.5.9
[2.500s] -- Up-to-date: /home/manoj/ros2_ws/install/moveit_core/lib/libmoveit_dynamics_solver.so
[2.500s] -- Up-to-date: /home/manoj/ros2_ws/install/moveit_core/lib/libmoveit_constraint_samplers.so.2.5.9
[2.500s] -- Up-to-date: /home/manoj/ros2_ws/install/moveit_core/lib/libmoveit_constraint_samplers.so
[2.500s] -- Up-to-date: /home/manoj/ros2_ws/install/moveit_core/lib/libmoveit_distance_field.so.2.5.9
[2.500s] -- Up-to-date: /home/manoj/ros2_ws/install/moveit_core/lib/libmoveit_distance_field.so
[2.500s] -- Up-to-date: /home/manoj/ros2_ws/install/moveit_core/lib/libmoveit_exceptions.so.2.5.9
[2.500s] -- Up-to-date: /home/manoj/ros2_ws/install/moveit_core/lib/libmoveit_exceptions.so
[2.500s] -- Up-to-date: /home/manoj/ros2_ws/install/moveit_core/lib/libmoveit_kinematics_base.so
[2.501s] -- Up-to-date: /home/manoj/ros2_ws/install/moveit_core/lib/libmoveit_kinematic_constraints.so.2.5.9
[2.501s] -- Up-to-date: /home/manoj/ros2_ws/install/moveit_core/lib/libmoveit_kinematic_constraints.so
[2.501s] -- Up-to-date: /home/manoj/ros2_ws/install/moveit_core/lib/libmoveit_kinematics_metrics.so.2.5.9
[2.501s] -- Up-to-date: /home/manoj/ros2_ws/install/moveit_core/lib/libmoveit_kinematics_metrics.so
[2.501s] -- Up-to-date: /home/manoj/ros2_ws/install/moveit_core/lib/libmoveit_planning_interface.so.2.5.9
[2.501s] -- Up-to-date: /home/manoj/ros2_ws/install/moveit_core/lib/libmoveit_planning_interface.so
[2.501s] -- Up-to-date: /home/manoj/ros2_ws/install/moveit_core/lib/libmoveit_planning_scene.so.2.5.9
[2.501s] -- Up-to-date: /home/manoj/ros2_ws/install/moveit_core/lib/libmoveit_planning_scene.so
[2.501s] -- Up-to-date: /home/manoj/ros2_ws/install/moveit_core/lib/libmoveit_planning_request_adapter.so.2.5.9
[2.501s] -- Up-to-date: /home/manoj/ros2_ws/install/moveit_core/lib/libmoveit_planning_request_adapter.so
[2.501s] -- Up-to-date: /home/manoj/ros2_ws/install/moveit_core/lib/libmoveit_robot_model.so.2.5.9
[2.502s] -- Up-to-date: /home/manoj/ros2_ws/install/moveit_core/lib/libmoveit_robot_model.so
[2.502s] -- Up-to-date: /home/manoj/ros2_ws/install/moveit_core/lib/libmoveit_robot_state.so.2.5.9
[2.502s] -- Up-to-date: /home/manoj/ros2_ws/install/moveit_core/lib/libmoveit_robot_state.so
[2.502s] -- Up-to-date: /home/manoj/ros2_ws/install/moveit_core/lib/libmoveit_robot_trajectory.so.2.5.9
[2.502s] -- Up-to-date: /home/manoj/ros2_ws/install/moveit_core/lib/libmoveit_robot_trajectory.so
[2.502s] -- Up-to-date: /home/manoj/ros2_ws/install/moveit_core/lib/libmoveit_smoothing_base.so.2.5.9
[2.502s] -- Up-to-date: /home/manoj/ros2_ws/install/moveit_core/lib/libmoveit_smoothing_base.so
[2.502s] -- Up-to-date: /home/manoj/ros2_ws/install/moveit_core/lib/libmoveit_test_utils.so.2.5.9
[2.502s] -- Up-to-date: /home/manoj/ros2_ws/install/moveit_core/lib/libmoveit_test_utils.so
[2.502s] -- Up-to-date: /home/manoj/ros2_ws/install/moveit_core/lib/libmoveit_trajectory_processing.so.2.5.9
[2.502s] -- Up-to-date: /home/manoj/ros2_ws/install/moveit_core/lib/libmoveit_trajectory_processing.so
[2.502s] -- Up-to-date: /home/manoj/ros2_ws/install/moveit_core/lib/libmoveit_transforms.so.2.5.9
[2.503s] -- Up-to-date: /home/manoj/ros2_ws/install/moveit_core/lib/libmoveit_transforms.so
[2.503s] -- Up-to-date: /home/manoj/ros2_ws/install/moveit_core/lib/libmoveit_utils.so.2.5.9
[2.503s] -- Up-to-date: /home/manoj/ros2_ws/install/moveit_core/lib/libmoveit_utils.so
[2.503s] -- Up-to-date: /home/manoj/ros2_ws/install/moveit_core/share/moveit_core/cmake/export_moveit_coreExport.cmake
[2.503s] -- Up-to-date: /home/manoj/ros2_ws/install/moveit_core/share/moveit_core/cmake/export_moveit_coreExport-release.cmake
[2.504s] Invoked command in '/home/manoj/ros2_ws/build/moveit_core' returned '0': CMAKE_PREFIX_PATH=/home/manoj/ros2_ws/install/moveit_resources_panda_moveit_config:/home/manoj/ros2_ws/install/moveit_resources_pr2_description:/home/manoj/ros2_ws/install/moveit_resources_panda_description:/home/manoj/ros2_ws/install/moveit_common:/home/manoj/ros2_ws/install/ur_description:/home/manoj/ros2_ws/install/pilz_industrial_motion_planner_testutils:/home/manoj/ros2_ws/install/moveit_runtime:/home/manoj/ros2_ws/install/moveit:/home/manoj/ros2_ws/install/moveit_planners:/home/manoj/ros2_ws/install/pilz_industrial_motion_planner:/home/manoj/ros2_ws/install/my_mobile_manipulator_description:/home/manoj/ros2_ws/install/moveit_ros_control_interface:/home/manoj/ros2_ws/install/moveit_plugins:/home/manoj/ros2_ws/install/moveit_simple_controller_manager:/home/manoj/ros2_ws/install/moveit_setup_assistant:/home/manoj/ros2_ws/install/moveit_setup_srdf_plugins:/home/manoj/ros2_ws/install/moveit_setup_core_plugins:/home/manoj/ros2_ws/install/moveit_setup_controllers:/home/manoj/ros2_ws/install/moveit_setup_app_plugins:/home/manoj/ros2_ws/install/moveit_setup_framework:/home/manoj/ros2_ws/install/moveit_servo:/home/manoj/ros2_ws/install/moveit_ros:/home/manoj/ros2_ws/install/moveit_ros_visualization:/home/manoj/ros2_ws/install/moveit_hybrid_planning:/home/manoj/ros2_ws/install/moveit_ros_planning_interface:/home/manoj/ros2_ws/install/moveit_ros_benchmarks:/home/manoj/ros2_ws/install/moveit_ros_warehouse:/home/manoj/ros2_ws/install/moveit_ros_robot_interaction:/home/manoj/ros2_ws/install/moveit_ros_perception:/home/manoj/ros2_ws/install/moveit_resources_prbt_pg70_support:/home/manoj/ros2_ws/install/moveit_resources_prbt_moveit_config:/home/manoj/ros2_ws/install/moveit_ros_move_group:/home/manoj/ros2_ws/install/moveit_planners_ompl:/home/manoj/ros2_ws/install/moveit_ros_planning:/home/manoj/ros2_ws/install/moveit_ros_occupancy_map_monitor:/home/manoj/ros2_ws/install/moveit_resources_prbt_support:/home/manoj/ros2_ws/install/moveit_resources_prbt_ikfast_manipulator_plugin:/home/manoj/ros2_ws/install/moveit_resources:/home/manoj/ros2_ws/install/dual_arm_panda_moveit_config:/home/manoj/ros2_ws/install/moveit_resources_fanuc_moveit_config:/home/manoj/ros2_ws/install/moveit_resources_fanuc_description:/home/manoj/ros2_ws/install/moveit_planners_chomp:/home/manoj/ros2_ws/install/moveit_kinematics:/home/manoj/ros2_ws/install/moveit_chomp_optimizer_adapter:/home/manoj/ros2_ws/install/chomp_motion_planner:/home/manoj/ros2_ws/install/moveit_core:/home/manoj/ros2_ws/install/moveit_configs_utils:/opt/ros/humble /usr/bin/cmake --install /home/manoj/ros2_ws/build/moveit_core
