[0.029s] Invoking command in '/home/manoj/ros2_ws/build/chomp_motion_planner': AMENT_PREFIX_PATH=/home/manoj/ros2_ws/install/moveit_core:/home/manoj/ros2_ws/install/moveit_resources_panda_moveit_config:/home/manoj/ros2_ws/install/moveit_resources_pr2_description:/home/manoj/ros2_ws/install/moveit_resources_panda_description:/home/manoj/ros2_ws/install/moveit_common:${AMENT_PREFIX_PATH} CMAKE_PREFIX_PATH=/home/manoj/ros2_ws/install/moveit_core:/home/manoj/ros2_ws/install/moveit_resources_panda_moveit_config:/home/manoj/ros2_ws/install/moveit_resources_pr2_description:/home/manoj/ros2_ws/install/moveit_resources_panda_description:/home/manoj/ros2_ws/install/moveit_common:/opt/ros/humble LD_LIBRARY_PATH=/home/manoj/ros2_ws/install/moveit_core/lib:${LD_LIBRARY_PATH} PATH=/home/manoj/ros2_ws/install/moveit_core/bin:${PATH} /usr/bin/cmake --build /home/manoj/ros2_ws/build/chomp_motion_planner -- -j12 -l12
[0.135s] [100%] Built target chomp_motion_planner
[0.162s] Invoked command in '/home/manoj/ros2_ws/build/chomp_motion_planner' returned '0': AMENT_PREFIX_PATH=/home/manoj/ros2_ws/install/moveit_core:/home/manoj/ros2_ws/install/moveit_resources_panda_moveit_config:/home/manoj/ros2_ws/install/moveit_resources_pr2_description:/home/manoj/ros2_ws/install/moveit_resources_panda_description:/home/manoj/ros2_ws/install/moveit_common:${AMENT_PREFIX_PATH} CMAKE_PREFIX_PATH=/home/manoj/ros2_ws/install/moveit_core:/home/manoj/ros2_ws/install/moveit_resources_panda_moveit_config:/home/manoj/ros2_ws/install/moveit_resources_pr2_description:/home/manoj/ros2_ws/install/moveit_resources_panda_description:/home/manoj/ros2_ws/install/moveit_common:/opt/ros/humble LD_LIBRARY_PATH=/home/manoj/ros2_ws/install/moveit_core/lib:${LD_LIBRARY_PATH} PATH=/home/manoj/ros2_ws/install/moveit_core/bin:${PATH} /usr/bin/cmake --build /home/manoj/ros2_ws/build/chomp_motion_planner -- -j12 -l12
[0.164s] Invoking command in '/home/manoj/ros2_ws/build/chomp_motion_planner': AMENT_PREFIX_PATH=/home/manoj/ros2_ws/install/moveit_core:/home/manoj/ros2_ws/install/moveit_resources_panda_moveit_config:/home/manoj/ros2_ws/install/moveit_resources_pr2_description:/home/manoj/ros2_ws/install/moveit_resources_panda_description:/home/manoj/ros2_ws/install/moveit_common:${AMENT_PREFIX_PATH} CMAKE_PREFIX_PATH=/home/manoj/ros2_ws/install/moveit_core:/home/manoj/ros2_ws/install/moveit_resources_panda_moveit_config:/home/manoj/ros2_ws/install/moveit_resources_pr2_description:/home/manoj/ros2_ws/install/moveit_resources_panda_description:/home/manoj/ros2_ws/install/moveit_common:/opt/ros/humble LD_LIBRARY_PATH=/home/manoj/ros2_ws/install/moveit_core/lib:${LD_LIBRARY_PATH} PATH=/home/manoj/ros2_ws/install/moveit_core/bin:${PATH} /usr/bin/cmake --install /home/manoj/ros2_ws/build/chomp_motion_planner
[0.189s] -- Install configuration: "Release"
[0.189s] -- Execute custom install script
[0.189s] -- Up-to-date symlink: /home/manoj/ros2_ws/install/chomp_motion_planner/include/chomp_motion_planner/chomp_cost.h
[0.189s] -- Up-to-date symlink: /home/manoj/ros2_ws/install/chomp_motion_planner/include/chomp_motion_planner/chomp_optimizer.h
[0.189s] -- Up-to-date symlink: /home/manoj/ros2_ws/install/chomp_motion_planner/include/chomp_motion_planner/chomp_parameters.h
[0.189s] -- Up-to-date symlink: /home/manoj/ros2_ws/install/chomp_motion_planner/include/chomp_motion_planner/chomp_planner.h
[0.189s] -- Up-to-date symlink: /home/manoj/ros2_ws/install/chomp_motion_planner/include/chomp_motion_planner/chomp_trajectory.h
[0.189s] -- Up-to-date symlink: /home/manoj/ros2_ws/install/chomp_motion_planner/include/chomp_motion_planner/chomp_utils.h
[0.189s] -- Up-to-date symlink: /home/manoj/ros2_ws/install/chomp_motion_planner/include/chomp_motion_planner/multivariate_gaussian.h
[0.190s] -- Up-to-date symlink: /home/manoj/ros2_ws/install/chomp_motion_planner/share/chomp_motion_planner/environment/library_path.sh
[0.190s] -- Up-to-date symlink: /home/manoj/ros2_ws/install/chomp_motion_planner/share/chomp_motion_planner/environment/library_path.dsv
[0.190s] -- Up-to-date symlink: /home/manoj/ros2_ws/install/chomp_motion_planner/share/ament_index/resource_index/package_run_dependencies/chomp_motion_planner
[0.192s] -- Up-to-date symlink: /home/manoj/ros2_ws/install/chomp_motion_planner/share/ament_index/resource_index/parent_prefix_path/chomp_motion_planner
[0.192s] -- Up-to-date symlink: /home/manoj/ros2_ws/install/chomp_motion_planner/share/chomp_motion_planner/environment/ament_prefix_path.sh
[0.192s] -- Up-to-date symlink: /home/manoj/ros2_ws/install/chomp_motion_planner/share/chomp_motion_planner/environment/ament_prefix_path.dsv
[0.192s] -- Up-to-date symlink: /home/manoj/ros2_ws/install/chomp_motion_planner/share/chomp_motion_planner/environment/path.sh
[0.192s] -- Up-to-date symlink: /home/manoj/ros2_ws/install/chomp_motion_planner/share/chomp_motion_planner/environment/path.dsv
[0.192s] -- Up-to-date symlink: /home/manoj/ros2_ws/install/chomp_motion_planner/share/chomp_motion_planner/local_setup.bash
[0.192s] -- Up-to-date symlink: /home/manoj/ros2_ws/install/chomp_motion_planner/share/chomp_motion_planner/local_setup.sh
[0.192s] -- Up-to-date symlink: /home/manoj/ros2_ws/install/chomp_motion_planner/share/chomp_motion_planner/local_setup.zsh
[0.193s] -- Up-to-date symlink: /home/manoj/ros2_ws/install/chomp_motion_planner/share/chomp_motion_planner/local_setup.dsv
[0.193s] -- Symlinking: /home/manoj/ros2_ws/install/chomp_motion_planner/share/chomp_motion_planner/package.dsv
[0.193s] -- Up-to-date symlink: /home/manoj/ros2_ws/install/chomp_motion_planner/share/ament_index/resource_index/packages/chomp_motion_planner
[0.193s] -- Up-to-date symlink: /home/manoj/ros2_ws/install/chomp_motion_planner/share/chomp_motion_planner/cmake/ament_cmake_export_targets-extras.cmake
[0.193s] -- Up-to-date symlink: /home/manoj/ros2_ws/install/chomp_motion_planner/share/chomp_motion_planner/cmake/chomp_motion_plannerConfig.cmake
[0.193s] -- Up-to-date symlink: /home/manoj/ros2_ws/install/chomp_motion_planner/share/chomp_motion_planner/cmake/chomp_motion_plannerConfig-version.cmake
[0.193s] -- Up-to-date symlink: /home/manoj/ros2_ws/install/chomp_motion_planner/share/chomp_motion_planner/package.xml
[0.193s] -- Up-to-date: /home/manoj/ros2_ws/install/chomp_motion_planner/lib/libchomp_motion_planner.so.2.5.9
[0.193s] -- Up-to-date: /home/manoj/ros2_ws/install/chomp_motion_planner/lib/libchomp_motion_planner.so
[0.193s] -- Up-to-date: /home/manoj/ros2_ws/install/chomp_motion_planner/share/chomp_motion_planner/cmake/chomp_motion_plannerTargetsExport.cmake
[0.193s] -- Up-to-date: /home/manoj/ros2_ws/install/chomp_motion_planner/share/chomp_motion_planner/cmake/chomp_motion_plannerTargetsExport-release.cmake
[0.205s] Invoked command in '/home/manoj/ros2_ws/build/chomp_motion_planner' returned '0': AMENT_PREFIX_PATH=/home/manoj/ros2_ws/install/moveit_core:/home/manoj/ros2_ws/install/moveit_resources_panda_moveit_config:/home/manoj/ros2_ws/install/moveit_resources_pr2_description:/home/manoj/ros2_ws/install/moveit_resources_panda_description:/home/manoj/ros2_ws/install/moveit_common:${AMENT_PREFIX_PATH} CMAKE_PREFIX_PATH=/home/manoj/ros2_ws/install/moveit_core:/home/manoj/ros2_ws/install/moveit_resources_panda_moveit_config:/home/manoj/ros2_ws/install/moveit_resources_pr2_description:/home/manoj/ros2_ws/install/moveit_resources_panda_description:/home/manoj/ros2_ws/install/moveit_common:/opt/ros/humble LD_LIBRARY_PATH=/home/manoj/ros2_ws/install/moveit_core/lib:${LD_LIBRARY_PATH} PATH=/home/manoj/ros2_ws/install/moveit_core/bin:${PATH} /usr/bin/cmake --install /home/manoj/ros2_ws/build/chomp_motion_planner
