[0.012s] Invoking command in '/home/manoj/ros2_ws/build/moveit_resources': AMENT_PREFIX_PATH=/home/manoj/ros2_ws/install/moveit_resources_panda_moveit_config:/home/manoj/ros2_ws/install/moveit_resources_fanuc_moveit_config:/home/manoj/ros2_ws/install/moveit_resources_pr2_description:/home/manoj/ros2_ws/install/moveit_resources_panda_description:/home/manoj/ros2_ws/install/moveit_resources_fanuc_description:${AMENT_PREFIX_PATH} CMAKE_PREFIX_PATH=/home/manoj/ros2_ws/install/moveit_resources_panda_moveit_config:/home/manoj/ros2_ws/install/moveit_resources_fanuc_moveit_config:/home/manoj/ros2_ws/install/moveit_resources_pr2_description:/home/manoj/ros2_ws/install/moveit_resources_panda_description:/home/manoj/ros2_ws/install/moveit_resources_fanuc_description:/opt/ros/humble /usr/bin/cmake /home/manoj/ros2_ws/src/moveit_resources/moveit_resources -DCMAKE_INSTALL_PREFIX=/home/manoj/ros2_ws/install/moveit_resources
[0.026s] -- Found ament_cmake: 1.3.11 (/opt/ros/humble/share/ament_cmake/cmake)
[0.160s] -- Override CMake install command with custom implementation using symlinks instead of copying resources
[0.248s] -- Configuring done
[0.251s] -- Generating done
[0.252s] -- Build files have been written to: /home/manoj/ros2_ws/build/moveit_resources
[0.257s] Invoked command in '/home/manoj/ros2_ws/build/moveit_resources' returned '0': AMENT_PREFIX_PATH=/home/manoj/ros2_ws/install/moveit_resources_panda_moveit_config:/home/manoj/ros2_ws/install/moveit_resources_fanuc_moveit_config:/home/manoj/ros2_ws/install/moveit_resources_pr2_description:/home/manoj/ros2_ws/install/moveit_resources_panda_description:/home/manoj/ros2_ws/install/moveit_resources_fanuc_description:${AMENT_PREFIX_PATH} CMAKE_PREFIX_PATH=/home/manoj/ros2_ws/install/moveit_resources_panda_moveit_config:/home/manoj/ros2_ws/install/moveit_resources_fanuc_moveit_config:/home/manoj/ros2_ws/install/moveit_resources_pr2_description:/home/manoj/ros2_ws/install/moveit_resources_panda_description:/home/manoj/ros2_ws/install/moveit_resources_fanuc_description:/opt/ros/humble /usr/bin/cmake /home/manoj/ros2_ws/src/moveit_resources/moveit_resources -DCMAKE_INSTALL_PREFIX=/home/manoj/ros2_ws/install/moveit_resources
[0.258s] Invoking command in '/home/manoj/ros2_ws/build/moveit_resources': AMENT_PREFIX_PATH=/home/manoj/ros2_ws/install/moveit_resources_panda_moveit_config:/home/manoj/ros2_ws/install/moveit_resources_fanuc_moveit_config:/home/manoj/ros2_ws/install/moveit_resources_pr2_description:/home/manoj/ros2_ws/install/moveit_resources_panda_description:/home/manoj/ros2_ws/install/moveit_resources_fanuc_description:${AMENT_PREFIX_PATH} CMAKE_PREFIX_PATH=/home/manoj/ros2_ws/install/moveit_resources_panda_moveit_config:/home/manoj/ros2_ws/install/moveit_resources_fanuc_moveit_config:/home/manoj/ros2_ws/install/moveit_resources_pr2_description:/home/manoj/ros2_ws/install/moveit_resources_panda_description:/home/manoj/ros2_ws/install/moveit_resources_fanuc_description:/opt/ros/humble /usr/bin/cmake --build /home/manoj/ros2_ws/build/moveit_resources -- -j12 -l12
[0.308s] Invoked command in '/home/manoj/ros2_ws/build/moveit_resources' returned '0': AMENT_PREFIX_PATH=/home/manoj/ros2_ws/install/moveit_resources_panda_moveit_config:/home/manoj/ros2_ws/install/moveit_resources_fanuc_moveit_config:/home/manoj/ros2_ws/install/moveit_resources_pr2_description:/home/manoj/ros2_ws/install/moveit_resources_panda_description:/home/manoj/ros2_ws/install/moveit_resources_fanuc_description:${AMENT_PREFIX_PATH} CMAKE_PREFIX_PATH=/home/manoj/ros2_ws/install/moveit_resources_panda_moveit_config:/home/manoj/ros2_ws/install/moveit_resources_fanuc_moveit_config:/home/manoj/ros2_ws/install/moveit_resources_pr2_description:/home/manoj/ros2_ws/install/moveit_resources_panda_description:/home/manoj/ros2_ws/install/moveit_resources_fanuc_description:/opt/ros/humble /usr/bin/cmake --build /home/manoj/ros2_ws/build/moveit_resources -- -j12 -l12
[0.310s] Invoking command in '/home/manoj/ros2_ws/build/moveit_resources': AMENT_PREFIX_PATH=/home/manoj/ros2_ws/install/moveit_resources_panda_moveit_config:/home/manoj/ros2_ws/install/moveit_resources_fanuc_moveit_config:/home/manoj/ros2_ws/install/moveit_resources_pr2_description:/home/manoj/ros2_ws/install/moveit_resources_panda_description:/home/manoj/ros2_ws/install/moveit_resources_fanuc_description:${AMENT_PREFIX_PATH} CMAKE_PREFIX_PATH=/home/manoj/ros2_ws/install/moveit_resources_panda_moveit_config:/home/manoj/ros2_ws/install/moveit_resources_fanuc_moveit_config:/home/manoj/ros2_ws/install/moveit_resources_pr2_description:/home/manoj/ros2_ws/install/moveit_resources_panda_description:/home/manoj/ros2_ws/install/moveit_resources_fanuc_description:/opt/ros/humble /usr/bin/cmake --install /home/manoj/ros2_ws/build/moveit_resources
[0.322s] -- Install configuration: "Release"
[0.323s] -- Execute custom install script
[0.323s] -- Up-to-date symlink: /home/manoj/ros2_ws/install/moveit_resources/share/ament_index/resource_index/package_run_dependencies/moveit_resources
[0.323s] -- Up-to-date symlink: /home/manoj/ros2_ws/install/moveit_resources/share/ament_index/resource_index/parent_prefix_path/moveit_resources
[0.323s] -- Up-to-date symlink: /home/manoj/ros2_ws/install/moveit_resources/share/moveit_resources/environment/ament_prefix_path.sh
[0.323s] -- Up-to-date symlink: /home/manoj/ros2_ws/install/moveit_resources/share/moveit_resources/environment/ament_prefix_path.dsv
[0.324s] -- Up-to-date symlink: /home/manoj/ros2_ws/install/moveit_resources/share/moveit_resources/environment/path.sh
[0.324s] -- Up-to-date symlink: /home/manoj/ros2_ws/install/moveit_resources/share/moveit_resources/environment/path.dsv
[0.324s] -- Up-to-date symlink: /home/manoj/ros2_ws/install/moveit_resources/share/moveit_resources/local_setup.bash
[0.324s] -- Up-to-date symlink: /home/manoj/ros2_ws/install/moveit_resources/share/moveit_resources/local_setup.sh
[0.324s] -- Up-to-date symlink: /home/manoj/ros2_ws/install/moveit_resources/share/moveit_resources/local_setup.zsh
[0.328s] -- Up-to-date symlink: /home/manoj/ros2_ws/install/moveit_resources/share/moveit_resources/local_setup.dsv
[0.328s] -- Symlinking: /home/manoj/ros2_ws/install/moveit_resources/share/moveit_resources/package.dsv
[0.342s] -- Up-to-date symlink: /home/manoj/ros2_ws/install/moveit_resources/share/ament_index/resource_index/packages/moveit_resources
[0.343s] -- Up-to-date symlink: /home/manoj/ros2_ws/install/moveit_resources/share/moveit_resources/cmake/moveit_resourcesConfig.cmake
[0.343s] -- Up-to-date symlink: /home/manoj/ros2_ws/install/moveit_resources/share/moveit_resources/cmake/moveit_resourcesConfig-version.cmake
[0.344s] -- Up-to-date symlink: /home/manoj/ros2_ws/install/moveit_resources/share/moveit_resources/package.xml
[0.346s] Invoked command in '/home/manoj/ros2_ws/build/moveit_resources' returned '0': AMENT_PREFIX_PATH=/home/manoj/ros2_ws/install/moveit_resources_panda_moveit_config:/home/manoj/ros2_ws/install/moveit_resources_fanuc_moveit_config:/home/manoj/ros2_ws/install/moveit_resources_pr2_description:/home/manoj/ros2_ws/install/moveit_resources_panda_description:/home/manoj/ros2_ws/install/moveit_resources_fanuc_description:${AMENT_PREFIX_PATH} CMAKE_PREFIX_PATH=/home/manoj/ros2_ws/install/moveit_resources_panda_moveit_config:/home/manoj/ros2_ws/install/moveit_resources_fanuc_moveit_config:/home/manoj/ros2_ws/install/moveit_resources_pr2_description:/home/manoj/ros2_ws/install/moveit_resources_panda_description:/home/manoj/ros2_ws/install/moveit_resources_fanuc_description:/opt/ros/humble /usr/bin/cmake --install /home/manoj/ros2_ws/build/moveit_resources
