[0.059s] Invoking command in '/home/manoj/ros2_ws/build/moveit_plugins': AMENT_PREFIX_PATH=/home/manoj/ros2_ws/install/moveit_simple_controller_manager:/home/manoj/ros2_ws/install/moveit_core:/home/manoj/ros2_ws/install/moveit_resources_panda_moveit_config:/home/manoj/ros2_ws/install/moveit_resources_pr2_description:/home/manoj/ros2_ws/install/moveit_resources_panda_description:/home/manoj/ros2_ws/install/moveit_common:${AMENT_PREFIX_PATH} CMAKE_PREFIX_PATH=/home/manoj/ros2_ws/install/moveit_simple_controller_manager:/home/manoj/ros2_ws/install/moveit_core:/home/manoj/ros2_ws/install/moveit_resources_panda_moveit_config:/home/manoj/ros2_ws/install/moveit_resources_pr2_description:/home/manoj/ros2_ws/install/moveit_resources_panda_description:/home/manoj/ros2_ws/install/moveit_common:/opt/ros/humble LD_LIBRARY_PATH=/home/manoj/ros2_ws/install/moveit_simple_controller_manager/lib:/home/manoj/ros2_ws/install/moveit_core/lib:${LD_LIBRARY_PATH} PATH=/home/manoj/ros2_ws/install/moveit_core/bin:${PATH} /usr/bin/cmake --build /home/manoj/ros2_ws/build/moveit_plugins -- -j12 -l12
[0.124s] Invoked command in '/home/manoj/ros2_ws/build/moveit_plugins' returned '0': AMENT_PREFIX_PATH=/home/manoj/ros2_ws/install/moveit_simple_controller_manager:/home/manoj/ros2_ws/install/moveit_core:/home/manoj/ros2_ws/install/moveit_resources_panda_moveit_config:/home/manoj/ros2_ws/install/moveit_resources_pr2_description:/home/manoj/ros2_ws/install/moveit_resources_panda_description:/home/manoj/ros2_ws/install/moveit_common:${AMENT_PREFIX_PATH} CMAKE_PREFIX_PATH=/home/manoj/ros2_ws/install/moveit_simple_controller_manager:/home/manoj/ros2_ws/install/moveit_core:/home/manoj/ros2_ws/install/moveit_resources_panda_moveit_config:/home/manoj/ros2_ws/install/moveit_resources_pr2_description:/home/manoj/ros2_ws/install/moveit_resources_panda_description:/home/manoj/ros2_ws/install/moveit_common:/opt/ros/humble LD_LIBRARY_PATH=/home/manoj/ros2_ws/install/moveit_simple_controller_manager/lib:/home/manoj/ros2_ws/install/moveit_core/lib:${LD_LIBRARY_PATH} PATH=/home/manoj/ros2_ws/install/moveit_core/bin:${PATH} /usr/bin/cmake --build /home/manoj/ros2_ws/build/moveit_plugins -- -j12 -l12
[0.126s] Invoking command in '/home/manoj/ros2_ws/build/moveit_plugins': AMENT_PREFIX_PATH=/home/manoj/ros2_ws/install/moveit_simple_controller_manager:/home/manoj/ros2_ws/install/moveit_core:/home/manoj/ros2_ws/install/moveit_resources_panda_moveit_config:/home/manoj/ros2_ws/install/moveit_resources_pr2_description:/home/manoj/ros2_ws/install/moveit_resources_panda_description:/home/manoj/ros2_ws/install/moveit_common:${AMENT_PREFIX_PATH} CMAKE_PREFIX_PATH=/home/manoj/ros2_ws/install/moveit_simple_controller_manager:/home/manoj/ros2_ws/install/moveit_core:/home/manoj/ros2_ws/install/moveit_resources_panda_moveit_config:/home/manoj/ros2_ws/install/moveit_resources_pr2_description:/home/manoj/ros2_ws/install/moveit_resources_panda_description:/home/manoj/ros2_ws/install/moveit_common:/opt/ros/humble LD_LIBRARY_PATH=/home/manoj/ros2_ws/install/moveit_simple_controller_manager/lib:/home/manoj/ros2_ws/install/moveit_core/lib:${LD_LIBRARY_PATH} PATH=/home/manoj/ros2_ws/install/moveit_core/bin:${PATH} /usr/bin/cmake --install /home/manoj/ros2_ws/build/moveit_plugins
[0.138s] -- Install configuration: "Release"
[0.138s] -- Execute custom install script
[0.138s] -- Up-to-date symlink: /home/manoj/ros2_ws/install/moveit_plugins/share/ament_index/resource_index/package_run_dependencies/moveit_plugins
[0.138s] -- Up-to-date symlink: /home/manoj/ros2_ws/install/moveit_plugins/share/ament_index/resource_index/parent_prefix_path/moveit_plugins
[0.138s] -- Up-to-date symlink: /home/manoj/ros2_ws/install/moveit_plugins/share/moveit_plugins/environment/ament_prefix_path.sh
[0.138s] -- Up-to-date symlink: /home/manoj/ros2_ws/install/moveit_plugins/share/moveit_plugins/environment/ament_prefix_path.dsv
[0.138s] -- Up-to-date symlink: /home/manoj/ros2_ws/install/moveit_plugins/share/moveit_plugins/environment/path.sh
[0.138s] -- Up-to-date symlink: /home/manoj/ros2_ws/install/moveit_plugins/share/moveit_plugins/environment/path.dsv
[0.138s] -- Up-to-date symlink: /home/manoj/ros2_ws/install/moveit_plugins/share/moveit_plugins/local_setup.bash
[0.138s] -- Up-to-date symlink: /home/manoj/ros2_ws/install/moveit_plugins/share/moveit_plugins/local_setup.sh
[0.139s] -- Up-to-date symlink: /home/manoj/ros2_ws/install/moveit_plugins/share/moveit_plugins/local_setup.zsh
[0.139s] -- Up-to-date symlink: /home/manoj/ros2_ws/install/moveit_plugins/share/moveit_plugins/local_setup.dsv
[0.139s] -- Symlinking: /home/manoj/ros2_ws/install/moveit_plugins/share/moveit_plugins/package.dsv
[0.148s] -- Up-to-date symlink: /home/manoj/ros2_ws/install/moveit_plugins/share/ament_index/resource_index/packages/moveit_plugins
[0.148s] -- Up-to-date symlink: /home/manoj/ros2_ws/install/moveit_plugins/share/moveit_plugins/cmake/moveit_pluginsConfig.cmake
[0.150s] -- Up-to-date symlink: /home/manoj/ros2_ws/install/moveit_plugins/share/moveit_plugins/cmake/moveit_pluginsConfig-version.cmake
[0.150s] -- Up-to-date symlink: /home/manoj/ros2_ws/install/moveit_plugins/share/moveit_plugins/package.xml
[0.151s] Invoked command in '/home/manoj/ros2_ws/build/moveit_plugins' returned '0': AMENT_PREFIX_PATH=/home/manoj/ros2_ws/install/moveit_simple_controller_manager:/home/manoj/ros2_ws/install/moveit_core:/home/manoj/ros2_ws/install/moveit_resources_panda_moveit_config:/home/manoj/ros2_ws/install/moveit_resources_pr2_description:/home/manoj/ros2_ws/install/moveit_resources_panda_description:/home/manoj/ros2_ws/install/moveit_common:${AMENT_PREFIX_PATH} CMAKE_PREFIX_PATH=/home/manoj/ros2_ws/install/moveit_simple_controller_manager:/home/manoj/ros2_ws/install/moveit_core:/home/manoj/ros2_ws/install/moveit_resources_panda_moveit_config:/home/manoj/ros2_ws/install/moveit_resources_pr2_description:/home/manoj/ros2_ws/install/moveit_resources_panda_description:/home/manoj/ros2_ws/install/moveit_common:/opt/ros/humble LD_LIBRARY_PATH=/home/manoj/ros2_ws/install/moveit_simple_controller_manager/lib:/home/manoj/ros2_ws/install/moveit_core/lib:${LD_LIBRARY_PATH} PATH=/home/manoj/ros2_ws/install/moveit_core/bin:${PATH} /usr/bin/cmake --install /home/manoj/ros2_ws/build/moveit_plugins
