[0.336s] Invoking command in '/home/manoj/ros2_ws/build/my_mobile_manipulator_description': CMAKE_PREFIX_PATH=${CMAKE_PREFIX_PATH}:/home/manoj/ros2_ws/install/moveit_configs_utils:/opt/ros/humble /usr/bin/cmake /home/manoj/ros2_ws/src/my_mobile_manipulator_description -DCMAKE_INSTALL_PREFIX=/home/manoj/ros2_ws/install/my_mobile_manipulator_description
[0.351s] -- Found ament_cmake: 1.3.11 (/opt/ros/humble/share/ament_cmake/cmake)
[0.519s] -- Override CMake install command with custom implementation using symlinks instead of copying resources
[0.522s] -- Found xacro: 2.0.13 (/opt/ros/humble/share/xacro/cmake)
[0.522s] -- Found ament_lint_auto: 0.12.12 (/opt/ros/humble/share/ament_lint_auto/cmake)
[0.614s] -- Added test 'flake8' to check Python code syntax and style conventions
[0.615s] -- Added test 'lint_cmake' to check CMake code style
[0.615s] -- Added test 'pep257' to check Python code against some of the docstring style conventions in PEP 257
[0.615s] -- Added test 'xmllint' to check XML markup files
[0.616s] -- Configuring done
[0.621s] -- Generating done
[0.627s] -- Build files have been written to: /home/manoj/ros2_ws/build/my_mobile_manipulator_description
[0.632s] Invoked command in '/home/manoj/ros2_ws/build/my_mobile_manipulator_description' returned '0': CMAKE_PREFIX_PATH=${CMAKE_PREFIX_PATH}:/home/manoj/ros2_ws/install/moveit_configs_utils:/opt/ros/humble /usr/bin/cmake /home/manoj/ros2_ws/src/my_mobile_manipulator_description -DCMAKE_INSTALL_PREFIX=/home/manoj/ros2_ws/install/my_mobile_manipulator_description
[0.633s] Invoking command in '/home/manoj/ros2_ws/build/my_mobile_manipulator_description': CMAKE_PREFIX_PATH=${CMAKE_PREFIX_PATH}:/home/manoj/ros2_ws/install/moveit_configs_utils:/opt/ros/humble /usr/bin/cmake --build /home/manoj/ros2_ws/build/my_mobile_manipulator_description -- -j12 -l12
[0.708s] Invoked command in '/home/manoj/ros2_ws/build/my_mobile_manipulator_description' returned '0': CMAKE_PREFIX_PATH=${CMAKE_PREFIX_PATH}:/home/manoj/ros2_ws/install/moveit_configs_utils:/opt/ros/humble /usr/bin/cmake --build /home/manoj/ros2_ws/build/my_mobile_manipulator_description -- -j12 -l12
[0.708s] Invoking command in '/home/manoj/ros2_ws/build/my_mobile_manipulator_description': CMAKE_PREFIX_PATH=${CMAKE_PREFIX_PATH}:/home/manoj/ros2_ws/install/moveit_configs_utils:/opt/ros/humble /usr/bin/cmake --install /home/manoj/ros2_ws/build/my_mobile_manipulator_description
[0.716s] -- Install configuration: "Release"
[0.716s] -- Execute custom install script
[0.716s] -- Up-to-date symlink: /home/manoj/ros2_ws/install/my_mobile_manipulator_description/share/my_mobile_manipulator_description//urdf/robot.urdf.xacro
[0.717s] -- Up-to-date symlink: /home/manoj/ros2_ws/install/my_mobile_manipulator_description/share/my_mobile_manipulator_description//launch/ spawn_mobile_manipulator.launch.py
[0.719s] -- Up-to-date symlink: /home/manoj/ros2_ws/install/my_mobile_manipulator_description/share/my_mobile_manipulator_description//launch/spawn_mobile_manipulator.launch.py
[0.719s] -- Up-to-date symlink: /home/manoj/ros2_ws/install/my_mobile_manipulator_description/share/my_mobile_manipulator_description//launch/spawn_robot.launch.py
[0.719s] -- Up-to-date symlink: /home/manoj/ros2_ws/install/my_mobile_manipulator_description/share/ament_index/resource_index/package_run_dependencies/my_mobile_manipulator_description
[0.719s] -- Up-to-date symlink: /home/manoj/ros2_ws/install/my_mobile_manipulator_description/share/ament_index/resource_index/parent_prefix_path/my_mobile_manipulator_description
[0.719s] -- Up-to-date symlink: /home/manoj/ros2_ws/install/my_mobile_manipulator_description/share/my_mobile_manipulator_description/environment/ament_prefix_path.sh
[0.719s] -- Up-to-date symlink: /home/manoj/ros2_ws/install/my_mobile_manipulator_description/share/my_mobile_manipulator_description/environment/ament_prefix_path.dsv
[0.719s] -- Up-to-date symlink: /home/manoj/ros2_ws/install/my_mobile_manipulator_description/share/my_mobile_manipulator_description/environment/path.sh
[0.719s] -- Up-to-date symlink: /home/manoj/ros2_ws/install/my_mobile_manipulator_description/share/my_mobile_manipulator_description/environment/path.dsv
[0.719s] -- Up-to-date symlink: /home/manoj/ros2_ws/install/my_mobile_manipulator_description/share/my_mobile_manipulator_description/local_setup.bash
[0.719s] -- Up-to-date symlink: /home/manoj/ros2_ws/install/my_mobile_manipulator_description/share/my_mobile_manipulator_description/local_setup.sh
[0.719s] -- Up-to-date symlink: /home/manoj/ros2_ws/install/my_mobile_manipulator_description/share/my_mobile_manipulator_description/local_setup.zsh
[0.719s] -- Up-to-date symlink: /home/manoj/ros2_ws/install/my_mobile_manipulator_description/share/my_mobile_manipulator_description/local_setup.dsv
[0.720s] -- Symlinking: /home/manoj/ros2_ws/install/my_mobile_manipulator_description/share/my_mobile_manipulator_description/package.dsv
[0.727s] -- Up-to-date symlink: /home/manoj/ros2_ws/install/my_mobile_manipulator_description/share/ament_index/resource_index/packages/my_mobile_manipulator_description
[0.728s] -- Up-to-date symlink: /home/manoj/ros2_ws/install/my_mobile_manipulator_description/share/my_mobile_manipulator_description/cmake/my_mobile_manipulator_descriptionConfig.cmake
[0.728s] -- Up-to-date symlink: /home/manoj/ros2_ws/install/my_mobile_manipulator_description/share/my_mobile_manipulator_description/cmake/my_mobile_manipulator_descriptionConfig-version.cmake
[0.728s] -- Up-to-date symlink: /home/manoj/ros2_ws/install/my_mobile_manipulator_description/share/my_mobile_manipulator_description/package.xml
[0.735s] Invoked command in '/home/manoj/ros2_ws/build/my_mobile_manipulator_description' returned '0': CMAKE_PREFIX_PATH=${CMAKE_PREFIX_PATH}:/home/manoj/ros2_ws/install/moveit_configs_utils:/opt/ros/humble /usr/bin/cmake --install /home/manoj/ros2_ws/build/my_mobile_manipulator_description
