[0.023s] Invoking command in '/home/manoj/ros2_ws/build/moveit_ros_planning': AMENT_PREFIX_PATH=/home/manoj/ros2_ws/install/moveit_ros_occupancy_map_monitor:/home/manoj/ros2_ws/install/moveit_core:/home/manoj/ros2_ws/install/moveit_resources_panda_moveit_config:/home/manoj/ros2_ws/install/moveit_resources_pr2_description:/home/manoj/ros2_ws/install/moveit_resources_panda_description:/home/manoj/ros2_ws/install/moveit_configs_utils:/home/manoj/ros2_ws/install/moveit_common:${AMENT_PREFIX_PATH} CMAKE_PREFIX_PATH=/home/manoj/ros2_ws/install/moveit_ros_occupancy_map_monitor:/home/manoj/ros2_ws/install/moveit_core:/home/manoj/ros2_ws/install/moveit_resources_panda_moveit_config:/home/manoj/ros2_ws/install/moveit_resources_pr2_description:/home/manoj/ros2_ws/install/moveit_resources_panda_description:/home/manoj/ros2_ws/install/moveit_common:/opt/ros/humble LD_LIBRARY_PATH=/home/manoj/ros2_ws/install/moveit_ros_occupancy_map_monitor/lib:/home/manoj/ros2_ws/install/moveit_core/lib:${LD_LIBRARY_PATH} PATH=/home/manoj/ros2_ws/install/moveit_core/bin:${PATH} PYTHONPATH=/home/manoj/ros2_ws/install/moveit_configs_utils/lib/python3.10/site-packages:${PYTHONPATH} /usr/bin/cmake /home/manoj/ros2_ws/src/moveit2/moveit_ros/planning -DCMAKE_INSTALL_PREFIX=/home/manoj/ros2_ws/install/moveit_ros_planning
[0.039s] -- Found moveit_common: 2.5.9 (/home/manoj/ros2_ws/install/moveit_common/share/moveit_common/cmake)
[0.039s] -- Found ament_cmake: 1.3.11 (/opt/ros/humble/share/ament_cmake/cmake)
[0.215s] -- Override CMake install command with custom implementation using symlinks instead of copying resources
[0.302s] -- Found moveit_msgs: 2.2.1 (/opt/ros/humble/share/moveit_msgs/cmake)
[0.335s] -- Found rosidl_generator_c: 3.1.6 (/opt/ros/humble/share/rosidl_generator_c/cmake)
[0.338s] -- Found rosidl_adapter: 3.1.6 (/opt/ros/humble/share/rosidl_adapter/cmake)
[0.349s] -- Found rosidl_generator_cpp: 3.1.6 (/opt/ros/humble/share/rosidl_generator_cpp/cmake)
[0.358s] -- Using all available rosidl_typesupport_c: rosidl_typesupport_fastrtps_c;rosidl_typesupport_introspection_c
[0.378s] -- Using all available rosidl_typesupport_cpp: rosidl_typesupport_fastrtps_cpp;rosidl_typesupport_introspection_cpp
[0.562s] -- Found pluginlib: 5.1.0 (/opt/ros/humble/share/pluginlib/cmake)
[0.583s] -- Found rclcpp: 16.0.12 (/opt/ros/humble/share/rclcpp/cmake)
[0.613s] -- Found rmw_implementation_cmake: 6.1.2 (/opt/ros/humble/share/rmw_implementation_cmake/cmake)
[0.615s] -- Found rmw_fastrtps_cpp: 6.2.7 (/opt/ros/humble/share/rmw_fastrtps_cpp/cmake)
[0.639s] -- Found TinyXML2 via Config file: TinyXML2_DIR-NOTFOUND
[0.651s] -- Found TinyXML2 via Config file: TinyXML2_DIR-NOTFOUND
[0.670s] -- Found TinyXML2 via Config file: TinyXML2_DIR-NOTFOUND
[0.676s] -- Found TinyXML2 via Config file: TinyXML2_DIR-NOTFOUND
[0.688s] -- Using RMW implementation 'rmw_fastrtps_cpp' as default
[0.715s] -- Found message_filters: 4.3.7 (/opt/ros/humble/share/message_filters/cmake)
[0.718s] -- Found srdfdom: 2.0.7 (/opt/ros/humble/share/srdfdom/cmake)
[0.723s] -- Found tf2: 0.25.12 (/opt/ros/humble/share/tf2/cmake)
[0.725s] -- Found tf2_geometry_msgs: 0.25.12 (/opt/ros/humble/share/tf2_geometry_msgs/cmake)
[0.729s] -- Found eigen3_cmake_module: 0.1.1 (/opt/ros/humble/share/eigen3_cmake_module/cmake)
[0.730s] -- Ensuring Eigen3 include directory is part of orocos-kdl CMake target
[0.781s] -- Found tf2_eigen: 0.25.12 (/opt/ros/humble/share/tf2_eigen/cmake)
[0.785s] -- Found moveit_core: 2.5.9 (/home/manoj/ros2_ws/install/moveit_core/share/moveit_core/cmake)
[0.795s] -- Found Boost: /usr/lib/x86_64-linux-gnu/cmake/Boost-1.74.0/BoostConfig.cmake (found version "1.74.0") found components: chrono date_time filesystem iostreams program_options regex serialization system thread 
[0.812s] -- Found parameter_traits: 0.4.0 (/opt/ros/humble/share/parameter_traits/cmake)
[0.821s] -- Found rclcpp_lifecycle: 16.0.12 (/opt/ros/humble/share/rclcpp_lifecycle/cmake)
[0.845s] -- Found Boost: /usr/lib/x86_64-linux-gnu/cmake/Boost-1.74.0/BoostConfig.cmake (found version "1.74.0") found components: filesystem 
[0.883s] -- library: /usr/lib/x86_64-linux-gnu/libcurl.so
[0.935s] -- Found moveit_ros_occupancy_map_monitor: 2.5.9 (/home/manoj/ros2_ws/install/moveit_ros_occupancy_map_monitor/share/moveit_ros_occupancy_map_monitor/cmake)
[0.950s] -- Found Boost: /usr/lib/x86_64-linux-gnu/cmake/Boost-1.74.0/BoostConfig.cmake (found version "1.74.0") found components: system filesystem date_time program_options thread chrono 
[1.004s] -- Found ament_cmake_gtest: 1.3.11 (/opt/ros/humble/share/ament_cmake_gtest/cmake)
[1.004s] -- Found ament_cmake_gmock: 1.3.11 (/opt/ros/humble/share/ament_cmake_gmock/cmake)
[1.004s] -- Found ros_testing: 0.4.0 (/opt/ros/humble/share/ros_testing/cmake)
[1.004s] -- Found launch_testing_ament_cmake: 1.0.8 (/opt/ros/humble/share/launch_testing_ament_cmake/cmake)
[1.005s] -- Found python_cmake_module: 0.10.0 (/opt/ros/humble/share/python_cmake_module/cmake)
[1.033s] -- Using PYTHON_EXECUTABLE: /usr/bin/python3
[1.033s] -- Using PYTHON_INCLUDE_DIRS: /usr/include/python3.10
[1.033s] -- Using PYTHON_LIBRARIES: /usr/lib/x86_64-linux-gnu/libpython3.10.so
[1.035s] -- Found gmock sources under '/opt/ros/humble/src/gmock_vendor': C++ tests using 'Google Mock' will be built
[1.040s] -- Found gtest sources under '/opt/ros/humble/src/gtest_vendor': C++ tests using 'Google Test' will be built
[1.093s] -- Found ament_lint_auto: 0.12.12 (/opt/ros/humble/share/ament_lint_auto/cmake)
[1.109s] -- Found launch_testing_ament_cmake: 1.0.8 (/opt/ros/humble/share/launch_testing_ament_cmake/cmake)
[1.109s] -- Found python_cmake_module: 0.10.0 (/opt/ros/humble/share/python_cmake_module/cmake)
[1.138s] -- Using PYTHON_EXECUTABLE: /usr/bin/python3
[1.138s] -- Using PYTHON_INCLUDE_DIRS: /usr/include/python3.10
[1.138s] -- Using PYTHON_LIBRARIES: /usr/lib/x86_64-linux-gnu/libpython3.10.so
[1.159s] -- Added test 'cppcheck' to perform static code analysis on C / C++ code
[1.159s] -- Configured cppcheck include dirs: /home/manoj/ros2_ws/src/moveit2/moveit_ros/planning/rdf_loader/include;/home/manoj/ros2_ws/src/moveit2/moveit_ros/planning/kinematics_plugin_loader/include;/home/manoj/ros2_ws/src/moveit2/moveit_ros/planning/robot_model_loader/include;/home/manoj/ros2_ws/src/moveit2/moveit_ros/planning/constraint_sampler_manager_loader/include;/home/manoj/ros2_ws/src/moveit2/moveit_ros/planning/planning_pipeline/include;/home/manoj/ros2_ws/src/moveit2/moveit_ros/planning/planning_scene_monitor/include;/home/manoj/ros2_ws/src/moveit2/moveit_ros/planning/trajectory_execution_manager/include;/home/manoj/ros2_ws/src/moveit2/moveit_ros/planning/plan_execution/include;/home/manoj/ros2_ws/src/moveit2/moveit_ros/planning/collision_plugin_loader/include;/home/manoj/ros2_ws/src/moveit2/moveit_ros/planning/moveit_cpp/include
[1.159s] -- Configured cppcheck exclude dirs and/or files: 
[1.163s] -- Added test 'lint_cmake' to check CMake code style
[1.165s] -- Added test 'pep257' to check Python code against some of the docstring style conventions in PEP 257
[1.168s] -- Added test 'xmllint' to check XML markup files
[1.171s] -- Configuring done
[1.464s] -- Generating done
[1.565s] -- Build files have been written to: /home/manoj/ros2_ws/build/moveit_ros_planning
[1.595s] Invoked command in '/home/manoj/ros2_ws/build/moveit_ros_planning' returned '0': AMENT_PREFIX_PATH=/home/manoj/ros2_ws/install/moveit_ros_occupancy_map_monitor:/home/manoj/ros2_ws/install/moveit_core:/home/manoj/ros2_ws/install/moveit_resources_panda_moveit_config:/home/manoj/ros2_ws/install/moveit_resources_pr2_description:/home/manoj/ros2_ws/install/moveit_resources_panda_description:/home/manoj/ros2_ws/install/moveit_configs_utils:/home/manoj/ros2_ws/install/moveit_common:${AMENT_PREFIX_PATH} CMAKE_PREFIX_PATH=/home/manoj/ros2_ws/install/moveit_ros_occupancy_map_monitor:/home/manoj/ros2_ws/install/moveit_core:/home/manoj/ros2_ws/install/moveit_resources_panda_moveit_config:/home/manoj/ros2_ws/install/moveit_resources_pr2_description:/home/manoj/ros2_ws/install/moveit_resources_panda_description:/home/manoj/ros2_ws/install/moveit_common:/opt/ros/humble LD_LIBRARY_PATH=/home/manoj/ros2_ws/install/moveit_ros_occupancy_map_monitor/lib:/home/manoj/ros2_ws/install/moveit_core/lib:${LD_LIBRARY_PATH} PATH=/home/manoj/ros2_ws/install/moveit_core/bin:${PATH} PYTHONPATH=/home/manoj/ros2_ws/install/moveit_configs_utils/lib/python3.10/site-packages:${PYTHONPATH} /usr/bin/cmake /home/manoj/ros2_ws/src/moveit2/moveit_ros/planning -DCMAKE_INSTALL_PREFIX=/home/manoj/ros2_ws/install/moveit_ros_planning
[1.596s] Invoking command in '/home/manoj/ros2_ws/build/moveit_ros_planning': AMENT_PREFIX_PATH=/home/manoj/ros2_ws/install/moveit_ros_occupancy_map_monitor:/home/manoj/ros2_ws/install/moveit_core:/home/manoj/ros2_ws/install/moveit_resources_panda_moveit_config:/home/manoj/ros2_ws/install/moveit_resources_pr2_description:/home/manoj/ros2_ws/install/moveit_resources_panda_description:/home/manoj/ros2_ws/install/moveit_configs_utils:/home/manoj/ros2_ws/install/moveit_common:${AMENT_PREFIX_PATH} CMAKE_PREFIX_PATH=/home/manoj/ros2_ws/install/moveit_ros_occupancy_map_monitor:/home/manoj/ros2_ws/install/moveit_core:/home/manoj/ros2_ws/install/moveit_resources_panda_moveit_config:/home/manoj/ros2_ws/install/moveit_resources_pr2_description:/home/manoj/ros2_ws/install/moveit_resources_panda_description:/home/manoj/ros2_ws/install/moveit_common:/opt/ros/humble LD_LIBRARY_PATH=/home/manoj/ros2_ws/install/moveit_ros_occupancy_map_monitor/lib:/home/manoj/ros2_ws/install/moveit_core/lib:${LD_LIBRARY_PATH} PATH=/home/manoj/ros2_ws/install/moveit_core/bin:${PATH} PYTHONPATH=/home/manoj/ros2_ws/install/moveit_configs_utils/lib/python3.10/site-packages:${PYTHONPATH} /usr/bin/cmake --build /home/manoj/ros2_ws/build/moveit_ros_planning -- -j12 -l12
[1.637s] [35m[1mConsolidate compiler generated dependencies of target gmock[0m
[1.639s] [35m[1mConsolidate compiler generated dependencies of target gtest_main[0m
[1.639s] [35m[1mConsolidate compiler generated dependencies of target moveit_rdf_loader[0m
[1.641s] [35m[1mConsolidate compiler generated dependencies of target moveit_collision_plugin_loader[0m
[1.641s] [35m[1mConsolidate compiler generated dependencies of target moveit_planning_pipeline[0m
[1.641s] [35m[1mConsolidate compiler generated dependencies of target gmock_main[0m
[1.645s] [35m[1mConsolidate compiler generated dependencies of target moveit_list_request_adapter_plugins[0m
[1.649s] [35m[1mConsolidate compiler generated dependencies of target gtest[0m
[1.656s] [  4%] Built target gmock
[1.661s] [35m[1mConsolidate compiler generated dependencies of target moveit_default_planning_request_adapter_plugins[0m
[1.662s] [  7%] Built target gtest_main
[1.670s] [ 10%] Built target gmock_main
[1.673s] [ 14%] Built target moveit_rdf_loader
[1.673s] [ 17%] Built target gtest
[1.679s] [ 20%] Built target moveit_list_request_adapter_plugins
[1.684s] [ 23%] Built target moveit_planning_pipeline
[1.686s] [ 26%] Built target moveit_collision_plugin_loader
[1.687s] [35m[1mConsolidate compiler generated dependencies of target moveit_kinematics_plugin_loader[0m
[1.689s] [35m[1mConsolidate compiler generated dependencies of target moveit_constraint_sampler_manager_loader[0m
[1.705s] [ 29%] Built target moveit_kinematics_plugin_loader
[1.715s] [ 45%] Built target moveit_default_planning_request_adapter_plugins
[1.717s] [35m[1mConsolidate compiler generated dependencies of target moveit_robot_model_loader[0m
[1.718s] [ 48%] Built target moveit_constraint_sampler_manager_loader
[1.736s] [ 51%] Built target moveit_robot_model_loader
[1.748s] [35m[1mConsolidate compiler generated dependencies of target moveit_print_planning_model_info[0m
[1.758s] [35m[1mConsolidate compiler generated dependencies of target moveit_planning_scene_monitor[0m
[1.775s] [ 54%] Built target moveit_print_planning_model_info
[1.801s] [ 63%] Built target moveit_planning_scene_monitor
[1.815s] [35m[1mConsolidate compiler generated dependencies of target moveit_print_planning_scene_info[0m
[1.815s] [35m[1mConsolidate compiler generated dependencies of target current_state_monitor_tests[0m
[1.815s] [35m[1mConsolidate compiler generated dependencies of target planning_scene_monitor_test[0m
[1.815s] [35m[1mConsolidate compiler generated dependencies of target moveit_trajectory_execution_manager[0m
[1.816s] [35m[1mConsolidate compiler generated dependencies of target moveit_publish_scene_from_text[0m
[1.816s] [35m[1mConsolidate compiler generated dependencies of target trajectory_monitor_tests[0m
[1.816s] [35m[1mConsolidate compiler generated dependencies of target moveit_visualize_robot_collision_volume[0m
[1.816s] [35m[1mConsolidate compiler generated dependencies of target moveit_evaluate_collision_checking_speed[0m
[1.816s] [35m[1mConsolidate compiler generated dependencies of target moveit_display_random_state[0m
[1.816s] [35m[1mConsolidate compiler generated dependencies of target demo_scene[0m
[1.849s] [ 66%] Built target moveit_print_planning_scene_info
[1.849s] [ 69%] Built target current_state_monitor_tests
[1.852s] [ 72%] Built target trajectory_monitor_tests
[1.857s] [ 75%] Built target moveit_trajectory_execution_manager
[1.862s] [ 80%] Built target moveit_visualize_robot_collision_volume
[1.863s] [ 80%] Built target demo_scene
[1.865s] [ 83%] Built target moveit_publish_scene_from_text
[1.872s] [ 86%] Built target planning_scene_monitor_test
[1.872s] [ 89%] Built target moveit_display_random_state
[1.874s] [35m[1mConsolidate compiler generated dependencies of target moveit_plan_execution[0m
[1.874s] [ 92%] Built target moveit_evaluate_collision_checking_speed
[1.875s] [35m[1mConsolidate compiler generated dependencies of target moveit_cpp[0m
[1.905s] [ 95%] Built target moveit_plan_execution
[1.912s] [100%] Built target moveit_cpp
[1.924s] Invoked command in '/home/manoj/ros2_ws/build/moveit_ros_planning' returned '0': AMENT_PREFIX_PATH=/home/manoj/ros2_ws/install/moveit_ros_occupancy_map_monitor:/home/manoj/ros2_ws/install/moveit_core:/home/manoj/ros2_ws/install/moveit_resources_panda_moveit_config:/home/manoj/ros2_ws/install/moveit_resources_pr2_description:/home/manoj/ros2_ws/install/moveit_resources_panda_description:/home/manoj/ros2_ws/install/moveit_configs_utils:/home/manoj/ros2_ws/install/moveit_common:${AMENT_PREFIX_PATH} CMAKE_PREFIX_PATH=/home/manoj/ros2_ws/install/moveit_ros_occupancy_map_monitor:/home/manoj/ros2_ws/install/moveit_core:/home/manoj/ros2_ws/install/moveit_resources_panda_moveit_config:/home/manoj/ros2_ws/install/moveit_resources_pr2_description:/home/manoj/ros2_ws/install/moveit_resources_panda_description:/home/manoj/ros2_ws/install/moveit_common:/opt/ros/humble LD_LIBRARY_PATH=/home/manoj/ros2_ws/install/moveit_ros_occupancy_map_monitor/lib:/home/manoj/ros2_ws/install/moveit_core/lib:${LD_LIBRARY_PATH} PATH=/home/manoj/ros2_ws/install/moveit_core/bin:${PATH} PYTHONPATH=/home/manoj/ros2_ws/install/moveit_configs_utils/lib/python3.10/site-packages:${PYTHONPATH} /usr/bin/cmake --build /home/manoj/ros2_ws/build/moveit_ros_planning -- -j12 -l12
[1.925s] Invoking command in '/home/manoj/ros2_ws/build/moveit_ros_planning': AMENT_PREFIX_PATH=/home/manoj/ros2_ws/install/moveit_ros_occupancy_map_monitor:/home/manoj/ros2_ws/install/moveit_core:/home/manoj/ros2_ws/install/moveit_resources_panda_moveit_config:/home/manoj/ros2_ws/install/moveit_resources_pr2_description:/home/manoj/ros2_ws/install/moveit_resources_panda_description:/home/manoj/ros2_ws/install/moveit_configs_utils:/home/manoj/ros2_ws/install/moveit_common:${AMENT_PREFIX_PATH} CMAKE_PREFIX_PATH=/home/manoj/ros2_ws/install/moveit_ros_occupancy_map_monitor:/home/manoj/ros2_ws/install/moveit_core:/home/manoj/ros2_ws/install/moveit_resources_panda_moveit_config:/home/manoj/ros2_ws/install/moveit_resources_pr2_description:/home/manoj/ros2_ws/install/moveit_resources_panda_description:/home/manoj/ros2_ws/install/moveit_common:/opt/ros/humble LD_LIBRARY_PATH=/home/manoj/ros2_ws/install/moveit_ros_occupancy_map_monitor/lib:/home/manoj/ros2_ws/install/moveit_core/lib:${LD_LIBRARY_PATH} PATH=/home/manoj/ros2_ws/install/moveit_core/bin:${PATH} PYTHONPATH=/home/manoj/ros2_ws/install/moveit_configs_utils/lib/python3.10/site-packages:${PYTHONPATH} /usr/bin/cmake --install /home/manoj/ros2_ws/build/moveit_ros_planning
[1.934s] -- Install configuration: "Release"
[1.935s] -- Execute custom install script
[1.936s] -- Up-to-date symlink: /home/manoj/ros2_ws/install/moveit_ros_planning/include/moveit/rdf_loader/rdf_loader.h
[1.936s] -- Up-to-date symlink: /home/manoj/ros2_ws/install/moveit_ros_planning/include/moveit/rdf_loader/synchronized_string_parameter.h
[1.940s] -- Up-to-date symlink: /home/manoj/ros2_ws/install/moveit_ros_planning/share/moveit_ros_planning/rdf_loader/test/data/gonzo.srdf
[1.940s] -- Up-to-date symlink: /home/manoj/ros2_ws/install/moveit_ros_planning/share/moveit_ros_planning/rdf_loader/test/data/gonzo.urdf
[1.940s] -- Up-to-date symlink: /home/manoj/ros2_ws/install/moveit_ros_planning/share/moveit_ros_planning/rdf_loader/test/data/kermit.srdf
[1.940s] -- Up-to-date symlink: /home/manoj/ros2_ws/install/moveit_ros_planning/share/moveit_ros_planning/rdf_loader/test/data/kermit.urdf
[1.940s] -- Up-to-date symlink: /home/manoj/ros2_ws/install/moveit_ros_planning/share/moveit_ros_planning/rdf_loader/test/data/robin.srdf.xacro
[1.940s] -- Up-to-date symlink: /home/manoj/ros2_ws/install/moveit_ros_planning/share/moveit_ros_planning/rdf_loader/test/launch/test_rdf_integration.test.py
[1.940s] -- Up-to-date symlink: /home/manoj/ros2_ws/install/moveit_ros_planning/include/moveit/collision_plugin_loader/collision_plugin_loader.h
[1.940s] -- Up-to-date symlink: /home/manoj/ros2_ws/install/moveit_ros_planning/include/moveit/kinematics_plugin_loader/kinematics_plugin_loader.h
[1.940s] -- Up-to-date symlink: /home/manoj/ros2_ws/install/moveit_ros_planning/include/moveit/robot_model_loader/robot_model_loader.h
[1.941s] -- Up-to-date symlink: /home/manoj/ros2_ws/install/moveit_ros_planning/include/moveit/constraint_sampler_manager_loader/constraint_sampler_manager_loader.h
[1.941s] -- Up-to-date symlink: /home/manoj/ros2_ws/install/moveit_ros_planning/include/moveit/planning_pipeline/planning_pipeline.h
[1.941s] -- Up-to-date symlink: /home/manoj/ros2_ws/install/moveit_ros_planning/include/moveit_planning_pipeline_export.h
[1.941s] -- Up-to-date symlink: /home/manoj/ros2_ws/install/moveit_ros_planning/lib/moveit_ros_planning/moveit_list_request_adapter_plugins
[1.941s] -- Up-to-date symlink: /home/manoj/ros2_ws/install/moveit_ros_planning/lib/moveit_ros_planning/demo_scene
[1.941s] -- Up-to-date symlink: /home/manoj/ros2_ws/install/moveit_ros_planning/include/moveit/planning_scene_monitor/current_state_monitor.h
[1.941s] -- Up-to-date symlink: /home/manoj/ros2_ws/install/moveit_ros_planning/include/moveit/planning_scene_monitor/current_state_monitor_middleware_handle.hpp
[1.941s] -- Up-to-date symlink: /home/manoj/ros2_ws/install/moveit_ros_planning/include/moveit/planning_scene_monitor/planning_scene_monitor.h
[1.941s] -- Up-to-date symlink: /home/manoj/ros2_ws/install/moveit_ros_planning/include/moveit/planning_scene_monitor/trajectory_monitor.h
[1.941s] -- Up-to-date symlink: /home/manoj/ros2_ws/install/moveit_ros_planning/include/moveit/planning_scene_monitor/trajectory_monitor_middleware_handle.hpp
[1.941s] -- Up-to-date symlink: /home/manoj/ros2_ws/install/moveit_ros_planning/include/moveit_planning_scene_monitor_export.h
[1.941s] -- Up-to-date symlink: /home/manoj/ros2_ws/install/moveit_ros_planning/lib/moveit_ros_planning/moveit_print_planning_model_info
[1.941s] -- Up-to-date symlink: /home/manoj/ros2_ws/install/moveit_ros_planning/lib/moveit_ros_planning/moveit_print_planning_scene_info
[1.941s] -- Up-to-date symlink: /home/manoj/ros2_ws/install/moveit_ros_planning/lib/moveit_ros_planning/moveit_display_random_state
[1.941s] -- Up-to-date symlink: /home/manoj/ros2_ws/install/moveit_ros_planning/lib/moveit_ros_planning/moveit_visualize_robot_collision_volume
[1.941s] -- Up-to-date symlink: /home/manoj/ros2_ws/install/moveit_ros_planning/lib/moveit_ros_planning/moveit_evaluate_collision_checking_speed
[1.941s] -- Up-to-date symlink: /home/manoj/ros2_ws/install/moveit_ros_planning/lib/moveit_ros_planning/moveit_publish_scene_from_text
[1.941s] -- Up-to-date symlink: /home/manoj/ros2_ws/install/moveit_ros_planning/include/moveit/trajectory_execution_manager/trajectory_execution_manager.h
[1.942s] -- Up-to-date symlink: /home/manoj/ros2_ws/install/moveit_ros_planning/include/moveit_trajectory_execution_manager_export.h
[1.942s] -- Up-to-date symlink: /home/manoj/ros2_ws/install/moveit_ros_planning/include/moveit/plan_execution/plan_execution.h
[1.942s] -- Up-to-date symlink: /home/manoj/ros2_ws/install/moveit_ros_planning/include/moveit/plan_execution/plan_representation.h
[1.942s] -- Up-to-date symlink: /home/manoj/ros2_ws/install/moveit_ros_planning/include/moveit/moveit_cpp/moveit_cpp.h
[1.943s] -- Up-to-date symlink: /home/manoj/ros2_ws/install/moveit_ros_planning/include/moveit/moveit_cpp/planning_component.h
[1.943s] -- Up-to-date symlink: /home/manoj/ros2_ws/install/moveit_ros_planning/share/moveit_ros_planning/environment/library_path.sh
[1.943s] -- Up-to-date symlink: /home/manoj/ros2_ws/install/moveit_ros_planning/share/moveit_ros_planning/environment/library_path.dsv
[1.943s] -- Up-to-date symlink: /home/manoj/ros2_ws/install/moveit_ros_planning/share/moveit_ros_planning//planning_request_adapters_plugin_description.xml
[1.943s] -- Up-to-date symlink: /home/manoj/ros2_ws/install/moveit_ros_planning/share/ament_index/resource_index/package_run_dependencies/moveit_ros_planning
[1.943s] -- Up-to-date symlink: /home/manoj/ros2_ws/install/moveit_ros_planning/share/ament_index/resource_index/parent_prefix_path/moveit_ros_planning
[1.944s] -- Up-to-date symlink: /home/manoj/ros2_ws/install/moveit_ros_planning/share/moveit_ros_planning/environment/ament_prefix_path.sh
[1.944s] -- Up-to-date symlink: /home/manoj/ros2_ws/install/moveit_ros_planning/share/moveit_ros_planning/environment/ament_prefix_path.dsv
[1.944s] -- Up-to-date symlink: /home/manoj/ros2_ws/install/moveit_ros_planning/share/moveit_ros_planning/environment/path.sh
[1.944s] -- Up-to-date symlink: /home/manoj/ros2_ws/install/moveit_ros_planning/share/moveit_ros_planning/environment/path.dsv
[1.944s] -- Up-to-date symlink: /home/manoj/ros2_ws/install/moveit_ros_planning/share/moveit_ros_planning/local_setup.bash
[1.944s] -- Up-to-date symlink: /home/manoj/ros2_ws/install/moveit_ros_planning/share/moveit_ros_planning/local_setup.sh
[1.945s] -- Up-to-date symlink: /home/manoj/ros2_ws/install/moveit_ros_planning/share/moveit_ros_planning/local_setup.zsh
[1.945s] -- Up-to-date symlink: /home/manoj/ros2_ws/install/moveit_ros_planning/share/moveit_ros_planning/local_setup.dsv
[1.945s] -- Symlinking: /home/manoj/ros2_ws/install/moveit_ros_planning/share/moveit_ros_planning/package.dsv
[1.955s] -- Up-to-date symlink: /home/manoj/ros2_ws/install/moveit_ros_planning/share/ament_index/resource_index/packages/moveit_ros_planning
[1.955s] -- Up-to-date symlink: /home/manoj/ros2_ws/install/moveit_ros_planning/share/ament_index/resource_index/moveit_core__pluginlib__plugin/moveit_ros_planning
[1.955s] -- Up-to-date symlink: /home/manoj/ros2_ws/install/moveit_ros_planning/share/moveit_ros_planning/cmake/ConfigExtras.cmake
[1.955s] -- Up-to-date symlink: /home/manoj/ros2_ws/install/moveit_ros_planning/share/moveit_ros_planning/cmake/ament_cmake_export_targets-extras.cmake
[1.956s] -- Up-to-date symlink: /home/manoj/ros2_ws/install/moveit_ros_planning/share/moveit_ros_planning/cmake/ament_cmake_export_dependencies-extras.cmake
[1.956s] -- Up-to-date symlink: /home/manoj/ros2_ws/install/moveit_ros_planning/share/moveit_ros_planning/cmake/moveit_ros_planningConfig.cmake
[1.956s] -- Up-to-date symlink: /home/manoj/ros2_ws/install/moveit_ros_planning/share/moveit_ros_planning/cmake/moveit_ros_planningConfig-version.cmake
[1.956s] -- Up-to-date symlink: /home/manoj/ros2_ws/install/moveit_ros_planning/share/moveit_ros_planning/package.xml
[1.958s] -- Up-to-date: /home/manoj/ros2_ws/install/moveit_ros_planning/lib/libmoveit_rdf_loader.so.2.5.9
[1.959s] -- Up-to-date: /home/manoj/ros2_ws/install/moveit_ros_planning/lib/libmoveit_rdf_loader.so
[1.959s] -- Up-to-date: /home/manoj/ros2_ws/install/moveit_ros_planning/lib/libmoveit_kinematics_plugin_loader.so.2.5.9
[1.959s] -- Up-to-date: /home/manoj/ros2_ws/install/moveit_ros_planning/lib/libmoveit_kinematics_plugin_loader.so
[1.959s] -- Up-to-date: /home/manoj/ros2_ws/install/moveit_ros_planning/lib/libmoveit_robot_model_loader.so.2.5.9
[1.960s] -- Up-to-date: /home/manoj/ros2_ws/install/moveit_ros_planning/lib/libmoveit_robot_model_loader.so
[1.960s] -- Up-to-date: /home/manoj/ros2_ws/install/moveit_ros_planning/lib/libmoveit_constraint_sampler_manager_loader.so.2.5.9
[1.960s] -- Up-to-date: /home/manoj/ros2_ws/install/moveit_ros_planning/lib/libmoveit_constraint_sampler_manager_loader.so
[1.960s] -- Up-to-date: /home/manoj/ros2_ws/install/moveit_ros_planning/lib/libmoveit_planning_pipeline.so.2.5.9
[1.960s] -- Up-to-date: /home/manoj/ros2_ws/install/moveit_ros_planning/lib/libmoveit_planning_pipeline.so
[1.961s] -- Up-to-date: /home/manoj/ros2_ws/install/moveit_ros_planning/lib/libmoveit_trajectory_execution_manager.so.2.5.9
[1.961s] -- Up-to-date: /home/manoj/ros2_ws/install/moveit_ros_planning/lib/libmoveit_trajectory_execution_manager.so
[1.961s] -- Up-to-date: /home/manoj/ros2_ws/install/moveit_ros_planning/lib/libmoveit_plan_execution.so.2.5.9
[1.961s] -- Up-to-date: /home/manoj/ros2_ws/install/moveit_ros_planning/lib/libmoveit_plan_execution.so
[1.961s] -- Up-to-date: /home/manoj/ros2_ws/install/moveit_ros_planning/lib/libmoveit_planning_scene_monitor.so.2.5.9
[1.962s] -- Up-to-date: /home/manoj/ros2_ws/install/moveit_ros_planning/lib/libmoveit_planning_scene_monitor.so
[1.962s] -- Up-to-date: /home/manoj/ros2_ws/install/moveit_ros_planning/lib/libmoveit_collision_plugin_loader.so.2.5.9
[1.962s] -- Up-to-date: /home/manoj/ros2_ws/install/moveit_ros_planning/lib/libmoveit_collision_plugin_loader.so
[1.962s] -- Up-to-date: /home/manoj/ros2_ws/install/moveit_ros_planning/lib/libmoveit_default_planning_request_adapter_plugins.so.2.5.9
[1.962s] -- Up-to-date: /home/manoj/ros2_ws/install/moveit_ros_planning/lib/libmoveit_default_planning_request_adapter_plugins.so
[1.962s] -- Up-to-date: /home/manoj/ros2_ws/install/moveit_ros_planning/lib/libmoveit_cpp.so.2.5.9
[1.963s] -- Up-to-date: /home/manoj/ros2_ws/install/moveit_ros_planning/lib/libmoveit_cpp.so
[1.963s] -- Up-to-date: /home/manoj/ros2_ws/install/moveit_ros_planning/share/moveit_ros_planning/cmake/export_moveit_ros_planningExport.cmake
[1.963s] -- Up-to-date: /home/manoj/ros2_ws/install/moveit_ros_planning/share/moveit_ros_planning/cmake/export_moveit_ros_planningExport-release.cmake
[1.966s] Invoked command in '/home/manoj/ros2_ws/build/moveit_ros_planning' returned '0': AMENT_PREFIX_PATH=/home/manoj/ros2_ws/install/moveit_ros_occupancy_map_monitor:/home/manoj/ros2_ws/install/moveit_core:/home/manoj/ros2_ws/install/moveit_resources_panda_moveit_config:/home/manoj/ros2_ws/install/moveit_resources_pr2_description:/home/manoj/ros2_ws/install/moveit_resources_panda_description:/home/manoj/ros2_ws/install/moveit_configs_utils:/home/manoj/ros2_ws/install/moveit_common:${AMENT_PREFIX_PATH} CMAKE_PREFIX_PATH=/home/manoj/ros2_ws/install/moveit_ros_occupancy_map_monitor:/home/manoj/ros2_ws/install/moveit_core:/home/manoj/ros2_ws/install/moveit_resources_panda_moveit_config:/home/manoj/ros2_ws/install/moveit_resources_pr2_description:/home/manoj/ros2_ws/install/moveit_resources_panda_description:/home/manoj/ros2_ws/install/moveit_common:/opt/ros/humble LD_LIBRARY_PATH=/home/manoj/ros2_ws/install/moveit_ros_occupancy_map_monitor/lib:/home/manoj/ros2_ws/install/moveit_core/lib:${LD_LIBRARY_PATH} PATH=/home/manoj/ros2_ws/install/moveit_core/bin:${PATH} PYTHONPATH=/home/manoj/ros2_ws/install/moveit_configs_utils/lib/python3.10/site-packages:${PYTHONPATH} /usr/bin/cmake --install /home/manoj/ros2_ws/build/moveit_ros_planning
