[0.009s] Invoking command in '/home/manoj/ros2_ws/build/ur_description': CMAKE_PREFIX_PATH=/opt/ros/humble /usr/bin/cmake /home/manoj/ros2_ws/src/Universal_Robots_ROS2_Description -DCMAKE_INSTALL_PREFIX=/home/manoj/ros2_ws/install/ur_description
[0.059s] -- The C compiler identification is GNU 11.4.0
[0.111s] -- The CXX compiler identification is GNU 11.4.0
[0.124s] -- Detecting C compiler ABI info
[0.185s] -- Detecting C compiler ABI info - done
[0.191s] -- Check for working C compiler: /usr/bin/cc - skipped
[0.191s] -- Detecting C compile features
[0.192s] -- Detecting C compile features - done
[0.193s] -- Detecting CXX compiler ABI info
[0.267s] -- Detecting CXX compiler ABI info - done
[0.273s] -- Check for working CXX compiler: /usr/bin/c++ - skipped
[0.273s] -- Detecting CXX compile features
[0.273s] -- Detecting CXX compile features - done
[0.275s] -- Found ament_cmake: 1.3.11 (/opt/ros/humble/share/ament_cmake/cmake)
[0.391s] -- Found Python3: /usr/bin/python3 (found version "3.10.12") found components: Interpreter 
[0.474s] -- Found ament_cmake_pytest: 1.3.11 (/opt/ros/humble/share/ament_cmake_pytest/cmake)
[0.993s] -- Configuring done
[0.994s] -- Generating done
[0.995s] -- Build files have been written to: /home/manoj/ros2_ws/build/ur_description
[0.997s] Invoked command in '/home/manoj/ros2_ws/build/ur_description' returned '0': CMAKE_PREFIX_PATH=/opt/ros/humble /usr/bin/cmake /home/manoj/ros2_ws/src/Universal_Robots_ROS2_Description -DCMAKE_INSTALL_PREFIX=/home/manoj/ros2_ws/install/ur_description
[0.999s] Invoking command in '/home/manoj/ros2_ws/build/ur_description': CMAKE_PREFIX_PATH=/opt/ros/humble /usr/bin/cmake --build /home/manoj/ros2_ws/build/ur_description -- -j12 -l12
[1.035s] Invoked command in '/home/manoj/ros2_ws/build/ur_description' returned '0': CMAKE_PREFIX_PATH=/opt/ros/humble /usr/bin/cmake --build /home/manoj/ros2_ws/build/ur_description -- -j12 -l12
[1.036s] Invoking command in '/home/manoj/ros2_ws/build/ur_description': CMAKE_PREFIX_PATH=/opt/ros/humble /usr/bin/cmake --install /home/manoj/ros2_ws/build/ur_description
[1.041s] -- Install configuration: ""
[1.041s] -- Installing: /home/manoj/ros2_ws/install/ur_description/share/ur_description/config
[1.041s] -- Installing: /home/manoj/ros2_ws/install/ur_description/share/ur_description/config/ur3e
[1.041s] -- Installing: /home/manoj/ros2_ws/install/ur_description/share/ur_description/config/ur3e/physical_parameters.yaml
[1.041s] -- Installing: /home/manoj/ros2_ws/install/ur_description/share/ur_description/config/ur3e/visual_parameters.yaml
[1.041s] -- Installing: /home/manoj/ros2_ws/install/ur_description/share/ur_description/config/ur3e/default_kinematics.yaml
[1.041s] -- Installing: /home/manoj/ros2_ws/install/ur_description/share/ur_description/config/ur3e/joint_limits.yaml
[1.041s] -- Installing: /home/manoj/ros2_ws/install/ur_description/share/ur_description/config/ur20
[1.042s] -- Installing: /home/manoj/ros2_ws/install/ur_description/share/ur_description/config/ur20/physical_parameters.yaml
[1.042s] -- Installing: /home/manoj/ros2_ws/install/ur_description/share/ur_description/config/ur20/visual_parameters.yaml
[1.042s] -- Installing: /home/manoj/ros2_ws/install/ur_description/share/ur_description/config/ur20/default_kinematics.yaml
[1.042s] -- Installing: /home/manoj/ros2_ws/install/ur_description/share/ur_description/config/ur20/joint_limits.yaml
[1.042s] -- Installing: /home/manoj/ros2_ws/install/ur_description/share/ur_description/config/ur10e
[1.042s] -- Installing: /home/manoj/ros2_ws/install/ur_description/share/ur_description/config/ur10e/physical_parameters.yaml
[1.042s] -- Installing: /home/manoj/ros2_ws/install/ur_description/share/ur_description/config/ur10e/visual_parameters.yaml
[1.042s] -- Installing: /home/manoj/ros2_ws/install/ur_description/share/ur_description/config/ur10e/default_kinematics.yaml
[1.042s] -- Installing: /home/manoj/ros2_ws/install/ur_description/share/ur_description/config/ur10e/joint_limits.yaml
[1.042s] -- Installing: /home/manoj/ros2_ws/install/ur_description/share/ur_description/config/initial_positions.yaml
[1.042s] -- Installing: /home/manoj/ros2_ws/install/ur_description/share/ur_description/config/ur5
[1.042s] -- Installing: /home/manoj/ros2_ws/install/ur_description/share/ur_description/config/ur5/physical_parameters.yaml
[1.043s] -- Installing: /home/manoj/ros2_ws/install/ur_description/share/ur_description/config/ur5/visual_parameters.yaml
[1.043s] -- Installing: /home/manoj/ros2_ws/install/ur_description/share/ur_description/config/ur5/default_kinematics.yaml
[1.043s] -- Installing: /home/manoj/ros2_ws/install/ur_description/share/ur_description/config/ur5/joint_limits.yaml
[1.043s] -- Installing: /home/manoj/ros2_ws/install/ur_description/share/ur_description/config/ur10
[1.043s] -- Installing: /home/manoj/ros2_ws/install/ur_description/share/ur_description/config/ur10/physical_parameters.yaml
[1.043s] -- Installing: /home/manoj/ros2_ws/install/ur_description/share/ur_description/config/ur10/visual_parameters.yaml
[1.043s] -- Installing: /home/manoj/ros2_ws/install/ur_description/share/ur_description/config/ur10/default_kinematics.yaml
[1.043s] -- Installing: /home/manoj/ros2_ws/install/ur_description/share/ur_description/config/ur10/joint_limits.yaml
[1.043s] -- Installing: /home/manoj/ros2_ws/install/ur_description/share/ur_description/config/ur30
[1.043s] -- Installing: /home/manoj/ros2_ws/install/ur_description/share/ur_description/config/ur30/physical_parameters.yaml
[1.043s] -- Installing: /home/manoj/ros2_ws/install/ur_description/share/ur_description/config/ur30/visual_parameters.yaml
[1.043s] -- Installing: /home/manoj/ros2_ws/install/ur_description/share/ur_description/config/ur30/default_kinematics.yaml
[1.043s] -- Installing: /home/manoj/ros2_ws/install/ur_description/share/ur_description/config/ur30/joint_limits.yaml
[1.044s] -- Installing: /home/manoj/ros2_ws/install/ur_description/share/ur_description/config/ur3
[1.044s] -- Installing: /home/manoj/ros2_ws/install/ur_description/share/ur_description/config/ur3/physical_parameters.yaml
[1.044s] -- Installing: /home/manoj/ros2_ws/install/ur_description/share/ur_description/config/ur3/visual_parameters.yaml
[1.044s] -- Installing: /home/manoj/ros2_ws/install/ur_description/share/ur_description/config/ur3/default_kinematics.yaml
[1.044s] -- Installing: /home/manoj/ros2_ws/install/ur_description/share/ur_description/config/ur3/joint_limits.yaml
[1.044s] -- Installing: /home/manoj/ros2_ws/install/ur_description/share/ur_description/config/ur12e
[1.044s] -- Installing: /home/manoj/ros2_ws/install/ur_description/share/ur_description/config/ur12e/physical_parameters.yaml
[1.044s] -- Installing: /home/manoj/ros2_ws/install/ur_description/share/ur_description/config/ur12e/visual_parameters.yaml
[1.044s] -- Installing: /home/manoj/ros2_ws/install/ur_description/share/ur_description/config/ur12e/default_kinematics.yaml
[1.044s] -- Installing: /home/manoj/ros2_ws/install/ur_description/share/ur_description/config/ur12e/joint_limits.yaml
[1.045s] -- Installing: /home/manoj/ros2_ws/install/ur_description/share/ur_description/config/ur16e
[1.045s] -- Installing: /home/manoj/ros2_ws/install/ur_description/share/ur_description/config/ur16e/physical_parameters.yaml
[1.045s] -- Installing: /home/manoj/ros2_ws/install/ur_description/share/ur_description/config/ur16e/visual_parameters.yaml
[1.045s] -- Installing: /home/manoj/ros2_ws/install/ur_description/share/ur_description/config/ur16e/default_kinematics.yaml
[1.045s] -- Installing: /home/manoj/ros2_ws/install/ur_description/share/ur_description/config/ur16e/joint_limits.yaml
[1.045s] -- Installing: /home/manoj/ros2_ws/install/ur_description/share/ur_description/config/ur7e
[1.045s] -- Installing: /home/manoj/ros2_ws/install/ur_description/share/ur_description/config/ur7e/physical_parameters.yaml
[1.045s] -- Installing: /home/manoj/ros2_ws/install/ur_description/share/ur_description/config/ur7e/visual_parameters.yaml
[1.045s] -- Installing: /home/manoj/ros2_ws/install/ur_description/share/ur_description/config/ur7e/default_kinematics.yaml
[1.045s] -- Installing: /home/manoj/ros2_ws/install/ur_description/share/ur_description/config/ur7e/joint_limits.yaml
[1.046s] -- Installing: /home/manoj/ros2_ws/install/ur_description/share/ur_description/config/ur5e
[1.046s] -- Installing: /home/manoj/ros2_ws/install/ur_description/share/ur_description/config/ur5e/physical_parameters.yaml
[1.046s] -- Installing: /home/manoj/ros2_ws/install/ur_description/share/ur_description/config/ur5e/visual_parameters.yaml
[1.046s] -- Installing: /home/manoj/ros2_ws/install/ur_description/share/ur_description/config/ur5e/default_kinematics.yaml
[1.046s] -- Installing: /home/manoj/ros2_ws/install/ur_description/share/ur_description/config/ur5e/joint_limits.yaml
[1.046s] -- Installing: /home/manoj/ros2_ws/install/ur_description/share/ur_description/launch
[1.046s] -- Installing: /home/manoj/ros2_ws/install/ur_description/share/ur_description/launch/view_ur.launch.py
[1.046s] -- Installing: /home/manoj/ros2_ws/install/ur_description/share/ur_description/meshes
[1.046s] -- Installing: /home/manoj/ros2_ws/install/ur_description/share/ur_description/meshes/ur3e
[1.047s] -- Installing: /home/manoj/ros2_ws/install/ur_description/share/ur_description/meshes/ur3e/collision
[1.047s] -- Installing: /home/manoj/ros2_ws/install/ur_description/share/ur_description/meshes/ur3e/collision/wrist2.stl
[1.047s] -- Installing: /home/manoj/ros2_ws/install/ur_description/share/ur_description/meshes/ur3e/collision/forearm.stl
[1.047s] -- Installing: /home/manoj/ros2_ws/install/ur_description/share/ur_description/meshes/ur3e/collision/wrist3.stl
[1.047s] -- Installing: /home/manoj/ros2_ws/install/ur_description/share/ur_description/meshes/ur3e/collision/shoulder.stl
[1.047s] -- Installing: /home/manoj/ros2_ws/install/ur_description/share/ur_description/meshes/ur3e/collision/upperarm.stl
[1.047s] -- Installing: /home/manoj/ros2_ws/install/ur_description/share/ur_description/meshes/ur3e/collision/base.stl
[1.048s] -- Installing: /home/manoj/ros2_ws/install/ur_description/share/ur_description/meshes/ur3e/collision/wrist1.stl
[1.048s] -- Installing: /home/manoj/ros2_ws/install/ur_description/share/ur_description/meshes/ur3e/visual
[1.048s] -- Installing: /home/manoj/ros2_ws/install/ur_description/share/ur_description/meshes/ur3e/visual/wrist3.dae
[1.048s] -- Installing: /home/manoj/ros2_ws/install/ur_description/share/ur_description/meshes/ur3e/visual/wrist1.dae
[1.049s] -- Installing: /home/manoj/ros2_ws/install/ur_description/share/ur_description/meshes/ur3e/visual/shoulder.dae
[1.051s] -- Installing: /home/manoj/ros2_ws/install/ur_description/share/ur_description/meshes/ur3e/visual/forearm.dae
[1.051s] -- Installing: /home/manoj/ros2_ws/install/ur_description/share/ur_description/meshes/ur3e/visual/wrist2.dae
[1.052s] -- Installing: /home/manoj/ros2_ws/install/ur_description/share/ur_description/meshes/ur3e/visual/upperarm.dae
[1.054s] -- Installing: /home/manoj/ros2_ws/install/ur_description/share/ur_description/meshes/ur3e/visual/base.dae
[1.054s] -- Installing: /home/manoj/ros2_ws/install/ur_description/share/ur_description/meshes/ur20
[1.054s] -- Installing: /home/manoj/ros2_ws/install/ur_description/share/ur_description/meshes/ur20/collision
[1.054s] -- Installing: /home/manoj/ros2_ws/install/ur_description/share/ur_description/meshes/ur20/collision/wrist2.stl
[1.055s] -- Installing: /home/manoj/ros2_ws/install/ur_description/share/ur_description/meshes/ur20/collision/forearm.stl
[1.055s] -- Installing: /home/manoj/ros2_ws/install/ur_description/share/ur_description/meshes/ur20/collision/wrist3.stl
[1.055s] -- Installing: /home/manoj/ros2_ws/install/ur_description/share/ur_description/meshes/ur20/collision/shoulder.stl
[1.055s] -- Installing: /home/manoj/ros2_ws/install/ur_description/share/ur_description/meshes/ur20/collision/upperarm.stl
[1.055s] -- Installing: /home/manoj/ros2_ws/install/ur_description/share/ur_description/meshes/ur20/collision/base.stl
[1.055s] -- Installing: /home/manoj/ros2_ws/install/ur_description/share/ur_description/meshes/ur20/collision/wrist1.stl
[1.055s] -- Installing: /home/manoj/ros2_ws/install/ur_description/share/ur_description/meshes/ur20/LICENSE.txt
[1.055s] -- Installing: /home/manoj/ros2_ws/install/ur_description/share/ur_description/meshes/ur20/visual
[1.055s] -- Installing: /home/manoj/ros2_ws/install/ur_description/share/ur_description/meshes/ur20/visual/UR20_DIFF_8bit_2K.png
[1.056s] -- Installing: /home/manoj/ros2_ws/install/ur_description/share/ur_description/meshes/ur20/visual/wrist3.dae
[1.056s] -- Installing: /home/manoj/ros2_ws/install/ur_description/share/ur_description/meshes/ur20/visual/wrist1.dae
[1.056s] -- Installing: /home/manoj/ros2_ws/install/ur_description/share/ur_description/meshes/ur20/visual/shoulder.dae
[1.056s] -- Installing: /home/manoj/ros2_ws/install/ur_description/share/ur_description/meshes/ur20/visual/forearm.dae
[1.057s] -- Installing: /home/manoj/ros2_ws/install/ur_description/share/ur_description/meshes/ur20/visual/wrist2.dae
[1.057s] -- Installing: /home/manoj/ros2_ws/install/ur_description/share/ur_description/meshes/ur20/visual/upperarm.dae
[1.057s] -- Installing: /home/manoj/ros2_ws/install/ur_description/share/ur_description/meshes/ur20/visual/base.dae
[1.058s] -- Installing: /home/manoj/ros2_ws/install/ur_description/share/ur_description/meshes/ur10e
[1.058s] -- Installing: /home/manoj/ros2_ws/install/ur_description/share/ur_description/meshes/ur10e/collision
[1.058s] -- Installing: /home/manoj/ros2_ws/install/ur_description/share/ur_description/meshes/ur10e/collision/wrist2.stl
[1.058s] -- Installing: /home/manoj/ros2_ws/install/ur_description/share/ur_description/meshes/ur10e/collision/forearm.stl
[1.058s] -- Installing: /home/manoj/ros2_ws/install/ur_description/share/ur_description/meshes/ur10e/collision/wrist3.stl
[1.058s] -- Installing: /home/manoj/ros2_ws/install/ur_description/share/ur_description/meshes/ur10e/collision/shoulder.stl
[1.058s] -- Installing: /home/manoj/ros2_ws/install/ur_description/share/ur_description/meshes/ur10e/collision/upperarm.stl
[1.058s] -- Installing: /home/manoj/ros2_ws/install/ur_description/share/ur_description/meshes/ur10e/collision/base.stl
[1.058s] -- Installing: /home/manoj/ros2_ws/install/ur_description/share/ur_description/meshes/ur10e/collision/wrist1.stl
[1.058s] -- Installing: /home/manoj/ros2_ws/install/ur_description/share/ur_description/meshes/ur10e/visual
[1.058s] -- Installing: /home/manoj/ros2_ws/install/ur_description/share/ur_description/meshes/ur10e/visual/wrist3.dae
[1.058s] -- Installing: /home/manoj/ros2_ws/install/ur_description/share/ur_description/meshes/ur10e/visual/wrist1.dae
[1.059s] -- Installing: /home/manoj/ros2_ws/install/ur_description/share/ur_description/meshes/ur10e/visual/shoulder.dae
[1.060s] -- Installing: /home/manoj/ros2_ws/install/ur_description/share/ur_description/meshes/ur10e/visual/forearm.dae
[1.061s] -- Installing: /home/manoj/ros2_ws/install/ur_description/share/ur_description/meshes/ur10e/visual/wrist2.dae
[1.061s] -- Installing: /home/manoj/ros2_ws/install/ur_description/share/ur_description/meshes/ur10e/visual/upperarm.dae
[1.063s] -- Installing: /home/manoj/ros2_ws/install/ur_description/share/ur_description/meshes/ur10e/visual/base.dae
[1.063s] -- Installing: /home/manoj/ros2_ws/install/ur_description/share/ur_description/meshes/ur5
[1.063s] -- Installing: /home/manoj/ros2_ws/install/ur_description/share/ur_description/meshes/ur5/collision
[1.063s] -- Installing: /home/manoj/ros2_ws/install/ur_description/share/ur_description/meshes/ur5/collision/wrist2.stl
[1.063s] -- Installing: /home/manoj/ros2_ws/install/ur_description/share/ur_description/meshes/ur5/collision/forearm.stl
[1.063s] -- Installing: /home/manoj/ros2_ws/install/ur_description/share/ur_description/meshes/ur5/collision/wrist3.stl
[1.063s] -- Installing: /home/manoj/ros2_ws/install/ur_description/share/ur_description/meshes/ur5/collision/shoulder.stl
[1.064s] -- Installing: /home/manoj/ros2_ws/install/ur_description/share/ur_description/meshes/ur5/collision/upperarm.stl
[1.064s] -- Installing: /home/manoj/ros2_ws/install/ur_description/share/ur_description/meshes/ur5/collision/base.stl
[1.064s] -- Installing: /home/manoj/ros2_ws/install/ur_description/share/ur_description/meshes/ur5/collision/wrist1.stl
[1.064s] -- Installing: /home/manoj/ros2_ws/install/ur_description/share/ur_description/meshes/ur5/visual
[1.064s] -- Installing: /home/manoj/ros2_ws/install/ur_description/share/ur_description/meshes/ur5/visual/wrist3.dae
[1.064s] -- Installing: /home/manoj/ros2_ws/install/ur_description/share/ur_description/meshes/ur5/visual/wrist1.dae
[1.064s] -- Installing: /home/manoj/ros2_ws/install/ur_description/share/ur_description/meshes/ur5/visual/shoulder.dae
[1.065s] -- Installing: /home/manoj/ros2_ws/install/ur_description/share/ur_description/meshes/ur5/visual/forearm.dae
[1.066s] -- Installing: /home/manoj/ros2_ws/install/ur_description/share/ur_description/meshes/ur5/visual/wrist2.dae
[1.066s] -- Installing: /home/manoj/ros2_ws/install/ur_description/share/ur_description/meshes/ur5/visual/upperarm.dae
[1.067s] -- Installing: /home/manoj/ros2_ws/install/ur_description/share/ur_description/meshes/ur5/visual/base.dae
[1.067s] -- Installing: /home/manoj/ros2_ws/install/ur_description/share/ur_description/meshes/ur10
[1.068s] -- Installing: /home/manoj/ros2_ws/install/ur_description/share/ur_description/meshes/ur10/collision
[1.068s] -- Installing: /home/manoj/ros2_ws/install/ur_description/share/ur_description/meshes/ur10/collision/wrist2.stl
[1.068s] -- Installing: /home/manoj/ros2_ws/install/ur_description/share/ur_description/meshes/ur10/collision/forearm.stl
[1.068s] -- Installing: /home/manoj/ros2_ws/install/ur_description/share/ur_description/meshes/ur10/collision/wrist3.stl
[1.068s] -- Installing: /home/manoj/ros2_ws/install/ur_description/share/ur_description/meshes/ur10/collision/shoulder.stl
[1.068s] -- Installing: /home/manoj/ros2_ws/install/ur_description/share/ur_description/meshes/ur10/collision/upperarm.stl
[1.068s] -- Installing: /home/manoj/ros2_ws/install/ur_description/share/ur_description/meshes/ur10/collision/base.stl
[1.068s] -- Installing: /home/manoj/ros2_ws/install/ur_description/share/ur_description/meshes/ur10/collision/wrist1.stl
[1.068s] -- Installing: /home/manoj/ros2_ws/install/ur_description/share/ur_description/meshes/ur10/visual
[1.068s] -- Installing: /home/manoj/ros2_ws/install/ur_description/share/ur_description/meshes/ur10/visual/wrist3.dae
[1.068s] -- Installing: /home/manoj/ros2_ws/install/ur_description/share/ur_description/meshes/ur10/visual/wrist1.dae
[1.069s] -- Installing: /home/manoj/ros2_ws/install/ur_description/share/ur_description/meshes/ur10/visual/shoulder.dae
[1.070s] -- Installing: /home/manoj/ros2_ws/install/ur_description/share/ur_description/meshes/ur10/visual/forearm.dae
[1.070s] -- Installing: /home/manoj/ros2_ws/install/ur_description/share/ur_description/meshes/ur10/visual/wrist2.dae
[1.072s] -- Installing: /home/manoj/ros2_ws/install/ur_description/share/ur_description/meshes/ur10/visual/upperarm.dae
[1.073s] -- Installing: /home/manoj/ros2_ws/install/ur_description/share/ur_description/meshes/ur10/visual/base.dae
[1.073s] -- Installing: /home/manoj/ros2_ws/install/ur_description/share/ur_description/meshes/ur30
[1.073s] -- Installing: /home/manoj/ros2_ws/install/ur_description/share/ur_description/meshes/ur30/collision
[1.073s] -- Installing: /home/manoj/ros2_ws/install/ur_description/share/ur_description/meshes/ur30/collision/forearm.stl
[1.073s] -- Installing: /home/manoj/ros2_ws/install/ur_description/share/ur_description/meshes/ur30/collision/upperarm.stl
[1.073s] -- Installing: /home/manoj/ros2_ws/install/ur_description/share/ur_description/meshes/ur30/LICENSE.txt
[1.073s] -- Installing: /home/manoj/ros2_ws/install/ur_description/share/ur_description/meshes/ur30/visual
[1.073s] -- Installing: /home/manoj/ros2_ws/install/ur_description/share/ur_description/meshes/ur30/visual/UR30_DIFF_8bit_2K.png
[1.074s] -- Installing: /home/manoj/ros2_ws/install/ur_description/share/ur_description/meshes/ur30/visual/forearm.dae
[1.074s] -- Installing: /home/manoj/ros2_ws/install/ur_description/share/ur_description/meshes/ur30/visual/upperarm.dae
[1.075s] -- Installing: /home/manoj/ros2_ws/install/ur_description/share/ur_description/meshes/ur3
[1.075s] -- Installing: /home/manoj/ros2_ws/install/ur_description/share/ur_description/meshes/ur3/collision
[1.075s] -- Installing: /home/manoj/ros2_ws/install/ur_description/share/ur_description/meshes/ur3/collision/wrist2.stl
[1.075s] -- Installing: /home/manoj/ros2_ws/install/ur_description/share/ur_description/meshes/ur3/collision/forearm.stl
[1.075s] -- Installing: /home/manoj/ros2_ws/install/ur_description/share/ur_description/meshes/ur3/collision/wrist3.stl
[1.075s] -- Installing: /home/manoj/ros2_ws/install/ur_description/share/ur_description/meshes/ur3/collision/shoulder.stl
[1.075s] -- Installing: /home/manoj/ros2_ws/install/ur_description/share/ur_description/meshes/ur3/collision/upperarm.stl
[1.075s] -- Installing: /home/manoj/ros2_ws/install/ur_description/share/ur_description/meshes/ur3/collision/base.stl
[1.076s] -- Installing: /home/manoj/ros2_ws/install/ur_description/share/ur_description/meshes/ur3/collision/wrist1.stl
[1.076s] -- Installing: /home/manoj/ros2_ws/install/ur_description/share/ur_description/meshes/ur3/visual
[1.076s] -- Installing: /home/manoj/ros2_ws/install/ur_description/share/ur_description/meshes/ur3/visual/wrist3.dae
[1.076s] -- Installing: /home/manoj/ros2_ws/install/ur_description/share/ur_description/meshes/ur3/visual/wrist1.dae
[1.076s] -- Installing: /home/manoj/ros2_ws/install/ur_description/share/ur_description/meshes/ur3/visual/shoulder.dae
[1.077s] -- Installing: /home/manoj/ros2_ws/install/ur_description/share/ur_description/meshes/ur3/visual/forearm.dae
[1.077s] -- Installing: /home/manoj/ros2_ws/install/ur_description/share/ur_description/meshes/ur3/visual/wrist2.dae
[1.078s] -- Installing: /home/manoj/ros2_ws/install/ur_description/share/ur_description/meshes/ur3/visual/upperarm.dae
[1.079s] -- Installing: /home/manoj/ros2_ws/install/ur_description/share/ur_description/meshes/ur3/visual/base.dae
[1.079s] -- Installing: /home/manoj/ros2_ws/install/ur_description/share/ur_description/meshes/ur16e
[1.079s] -- Installing: /home/manoj/ros2_ws/install/ur_description/share/ur_description/meshes/ur16e/collision
[1.079s] -- Installing: /home/manoj/ros2_ws/install/ur_description/share/ur_description/meshes/ur16e/collision/forearm.stl
[1.079s] -- Installing: /home/manoj/ros2_ws/install/ur_description/share/ur_description/meshes/ur16e/collision/upperarm.stl
[1.079s] -- Installing: /home/manoj/ros2_ws/install/ur_description/share/ur_description/meshes/ur16e/visual
[1.079s] -- Installing: /home/manoj/ros2_ws/install/ur_description/share/ur_description/meshes/ur16e/visual/forearm.dae
[1.080s] -- Installing: /home/manoj/ros2_ws/install/ur_description/share/ur_description/meshes/ur16e/visual/upperarm.dae
[1.081s] -- Installing: /home/manoj/ros2_ws/install/ur_description/share/ur_description/meshes/ur5e
[1.081s] -- Installing: /home/manoj/ros2_ws/install/ur_description/share/ur_description/meshes/ur5e/collision
[1.082s] -- Installing: /home/manoj/ros2_ws/install/ur_description/share/ur_description/meshes/ur5e/collision/wrist2.stl
[1.082s] -- Installing: /home/manoj/ros2_ws/install/ur_description/share/ur_description/meshes/ur5e/collision/forearm.stl
[1.082s] -- Installing: /home/manoj/ros2_ws/install/ur_description/share/ur_description/meshes/ur5e/collision/wrist3.stl
[1.082s] -- Installing: /home/manoj/ros2_ws/install/ur_description/share/ur_description/meshes/ur5e/collision/shoulder.stl
[1.082s] -- Installing: /home/manoj/ros2_ws/install/ur_description/share/ur_description/meshes/ur5e/collision/upperarm.stl
[1.082s] -- Installing: /home/manoj/ros2_ws/install/ur_description/share/ur_description/meshes/ur5e/collision/base.stl
[1.082s] -- Installing: /home/manoj/ros2_ws/install/ur_description/share/ur_description/meshes/ur5e/collision/wrist1.stl
[1.082s] -- Installing: /home/manoj/ros2_ws/install/ur_description/share/ur_description/meshes/ur5e/visual
[1.082s] -- Installing: /home/manoj/ros2_ws/install/ur_description/share/ur_description/meshes/ur5e/visual/wrist3.dae
[1.082s] -- Installing: /home/manoj/ros2_ws/install/ur_description/share/ur_description/meshes/ur5e/visual/wrist1.dae
[1.083s] -- Installing: /home/manoj/ros2_ws/install/ur_description/share/ur_description/meshes/ur5e/visual/shoulder.dae
[1.083s] -- Installing: /home/manoj/ros2_ws/install/ur_description/share/ur_description/meshes/ur5e/visual/forearm.dae
[1.084s] -- Installing: /home/manoj/ros2_ws/install/ur_description/share/ur_description/meshes/ur5e/visual/wrist2.dae
[1.085s] -- Installing: /home/manoj/ros2_ws/install/ur_description/share/ur_description/meshes/ur5e/visual/upperarm.dae
[1.086s] -- Installing: /home/manoj/ros2_ws/install/ur_description/share/ur_description/meshes/ur5e/visual/base.dae
[1.087s] -- Installing: /home/manoj/ros2_ws/install/ur_description/share/ur_description/rviz
[1.087s] -- Installing: /home/manoj/ros2_ws/install/ur_description/share/ur_description/rviz/view_robot.rviz
[1.087s] -- Installing: /home/manoj/ros2_ws/install/ur_description/share/ur_description/urdf
[1.087s] -- Installing: /home/manoj/ros2_ws/install/ur_description/share/ur_description/urdf/ur.ros2_control.xacro
[1.087s] -- Installing: /home/manoj/ros2_ws/install/ur_description/share/ur_description/urdf/ur.urdf.xacro
[1.087s] -- Installing: /home/manoj/ros2_ws/install/ur_description/share/ur_description/urdf/ur_macro.xacro
[1.087s] -- Installing: /home/manoj/ros2_ws/install/ur_description/share/ur_description/urdf/inc
[1.087s] -- Installing: /home/manoj/ros2_ws/install/ur_description/share/ur_description/urdf/inc/ur_transmissions.xacro
[1.087s] -- Installing: /home/manoj/ros2_ws/install/ur_description/share/ur_description/urdf/inc/ur_common.xacro
[1.087s] -- Installing: /home/manoj/ros2_ws/install/ur_description/share/ur_description/test
[1.087s] -- Installing: /home/manoj/ros2_ws/install/ur_description/share/ur_description/test/test_view_ur_launch.py
[1.087s] -- Installing: /home/manoj/ros2_ws/install/ur_description/share/ur_description/test/test_ur_urdf_xacro.py
[1.087s] -- Installing: /home/manoj/ros2_ws/install/ur_description/share/ament_index/resource_index/package_run_dependencies/ur_description
[1.087s] -- Installing: /home/manoj/ros2_ws/install/ur_description/share/ament_index/resource_index/parent_prefix_path/ur_description
[1.087s] -- Installing: /home/manoj/ros2_ws/install/ur_description/share/ur_description/environment/ament_prefix_path.sh
[1.087s] -- Installing: /home/manoj/ros2_ws/install/ur_description/share/ur_description/environment/ament_prefix_path.dsv
[1.087s] -- Installing: /home/manoj/ros2_ws/install/ur_description/share/ur_description/environment/path.sh
[1.087s] -- Installing: /home/manoj/ros2_ws/install/ur_description/share/ur_description/environment/path.dsv
[1.087s] -- Installing: /home/manoj/ros2_ws/install/ur_description/share/ur_description/local_setup.bash
[1.087s] -- Installing: /home/manoj/ros2_ws/install/ur_description/share/ur_description/local_setup.sh
[1.087s] -- Installing: /home/manoj/ros2_ws/install/ur_description/share/ur_description/local_setup.zsh
[1.087s] -- Installing: /home/manoj/ros2_ws/install/ur_description/share/ur_description/local_setup.dsv
[1.087s] -- Installing: /home/manoj/ros2_ws/install/ur_description/share/ur_description/package.dsv
[1.088s] -- Installing: /home/manoj/ros2_ws/install/ur_description/share/ament_index/resource_index/packages/ur_description
[1.088s] -- Installing: /home/manoj/ros2_ws/install/ur_description/share/ur_description/cmake/ur_descriptionConfig.cmake
[1.088s] -- Installing: /home/manoj/ros2_ws/install/ur_description/share/ur_description/cmake/ur_descriptionConfig-version.cmake
[1.088s] -- Installing: /home/manoj/ros2_ws/install/ur_description/share/ur_description/package.xml
[1.090s] Invoked command in '/home/manoj/ros2_ws/build/ur_description' returned '0': CMAKE_PREFIX_PATH=/opt/ros/humble /usr/bin/cmake --install /home/manoj/ros2_ws/build/ur_description
