[0.048s] Invoking command in '/home/manoj/ros2_ws/build/moveit_resources_panda_description': CMAKE_PREFIX_PATH=${CMAKE_PREFIX_PATH}:/home/manoj/ros2_ws/install/moveit_configs_utils:/opt/ros/humble /usr/bin/cmake /home/manoj/ros2_ws/src/moveit_resources/panda_description -DAMENT_CMAKE_SYMLINK_INSTALL=1 -DCMAKE_INSTALL_PREFIX=/home/manoj/ros2_ws/install/moveit_resources_panda_description
[0.348s] -- Found ament_cmake: 1.3.11 (/opt/ros/humble/share/ament_cmake/cmake)
[0.349s] -- Override CMake install command with custom implementation using symlinks instead of copying resources
[0.350s] -- Configuring done
[0.350s] -- Generating done
[0.351s] -- Build files have been written to: /home/manoj/ros2_ws/build/moveit_resources_panda_description
[0.355s] Invoked command in '/home/manoj/ros2_ws/build/moveit_resources_panda_description' returned '0': CMAKE_PREFIX_PATH=${CMAKE_PREFIX_PATH}:/home/manoj/ros2_ws/install/moveit_configs_utils:/opt/ros/humble /usr/bin/cmake /home/manoj/ros2_ws/src/moveit_resources/panda_description -DAMENT_CMAKE_SYMLINK_INSTALL=1 -DCMAKE_INSTALL_PREFIX=/home/manoj/ros2_ws/install/moveit_resources_panda_description
[0.357s] Invoking command in '/home/manoj/ros2_ws/build/moveit_resources_panda_description': CMAKE_PREFIX_PATH=${CMAKE_PREFIX_PATH}:/home/manoj/ros2_ws/install/moveit_configs_utils:/opt/ros/humble /usr/bin/cmake --build /home/manoj/ros2_ws/build/moveit_resources_panda_description -- -j12 -l12
[0.394s] Invoked command in '/home/manoj/ros2_ws/build/moveit_resources_panda_description' returned '0': CMAKE_PREFIX_PATH=${CMAKE_PREFIX_PATH}:/home/manoj/ros2_ws/install/moveit_configs_utils:/opt/ros/humble /usr/bin/cmake --build /home/manoj/ros2_ws/build/moveit_resources_panda_description -- -j12 -l12
[0.403s] Invoking command in '/home/manoj/ros2_ws/build/moveit_resources_panda_description': CMAKE_PREFIX_PATH=${CMAKE_PREFIX_PATH}:/home/manoj/ros2_ws/install/moveit_configs_utils:/opt/ros/humble /usr/bin/cmake --install /home/manoj/ros2_ws/build/moveit_resources_panda_description
[0.429s] -- Install configuration: ""
[0.429s] -- Execute custom install script
[0.432s] -- Symlinking: /home/manoj/ros2_ws/install/moveit_resources_panda_description/share/ament_index/resource_index/package_run_dependencies/moveit_resources_panda_description
[0.457s] -- Symlinking: /home/manoj/ros2_ws/install/moveit_resources_panda_description/share/ament_index/resource_index/parent_prefix_path/moveit_resources_panda_description
[0.468s] -- Symlinking: /home/manoj/ros2_ws/install/moveit_resources_panda_description/share/moveit_resources_panda_description/environment/ament_prefix_path.sh
[0.478s] -- Symlinking: /home/manoj/ros2_ws/install/moveit_resources_panda_description/share/moveit_resources_panda_description/environment/ament_prefix_path.dsv
[0.487s] -- Symlinking: /home/manoj/ros2_ws/install/moveit_resources_panda_description/share/moveit_resources_panda_description/environment/path.sh
[0.496s] -- Symlinking: /home/manoj/ros2_ws/install/moveit_resources_panda_description/share/moveit_resources_panda_description/environment/path.dsv
[0.505s] -- Symlinking: /home/manoj/ros2_ws/install/moveit_resources_panda_description/share/moveit_resources_panda_description/local_setup.bash
[0.523s] -- Symlinking: /home/manoj/ros2_ws/install/moveit_resources_panda_description/share/moveit_resources_panda_description/local_setup.sh
[0.526s] -- Symlinking: /home/manoj/ros2_ws/install/moveit_resources_panda_description/share/moveit_resources_panda_description/local_setup.zsh
[0.534s] -- Symlinking: /home/manoj/ros2_ws/install/moveit_resources_panda_description/share/moveit_resources_panda_description/local_setup.dsv
[0.545s] -- Symlinking: /home/manoj/ros2_ws/install/moveit_resources_panda_description/share/moveit_resources_panda_description/package.dsv
[0.559s] -- Symlinking: /home/manoj/ros2_ws/install/moveit_resources_panda_description/share/ament_index/resource_index/packages/moveit_resources_panda_description
[0.573s] -- Symlinking: /home/manoj/ros2_ws/install/moveit_resources_panda_description/share/moveit_resources_panda_description/cmake/moveit_resources_panda_descriptionConfig.cmake
[0.579s] -- Symlinking: /home/manoj/ros2_ws/install/moveit_resources_panda_description/share/moveit_resources_panda_description/cmake/moveit_resources_panda_descriptionConfig-version.cmake
[0.585s] -- Symlinking: /home/manoj/ros2_ws/install/moveit_resources_panda_description/share/moveit_resources_panda_description/package.xml
[0.595s] -- Symlinking: /home/manoj/ros2_ws/install/moveit_resources_panda_description/share/moveit_resources_panda_description/meshes/collision/finger.stl
[0.603s] -- Symlinking: /home/manoj/ros2_ws/install/moveit_resources_panda_description/share/moveit_resources_panda_description/meshes/collision/hand.stl
[0.615s] -- Symlinking: /home/manoj/ros2_ws/install/moveit_resources_panda_description/share/moveit_resources_panda_description/meshes/collision/link0.stl
[0.629s] -- Symlinking: /home/manoj/ros2_ws/install/moveit_resources_panda_description/share/moveit_resources_panda_description/meshes/collision/link1.stl
[0.636s] -- Symlinking: /home/manoj/ros2_ws/install/moveit_resources_panda_description/share/moveit_resources_panda_description/meshes/collision/link2.stl
[0.646s] -- Symlinking: /home/manoj/ros2_ws/install/moveit_resources_panda_description/share/moveit_resources_panda_description/meshes/collision/link3.stl
[0.655s] -- Symlinking: /home/manoj/ros2_ws/install/moveit_resources_panda_description/share/moveit_resources_panda_description/meshes/collision/link4.stl
[0.668s] -- Symlinking: /home/manoj/ros2_ws/install/moveit_resources_panda_description/share/moveit_resources_panda_description/meshes/collision/link5.stl
[0.677s] -- Symlinking: /home/manoj/ros2_ws/install/moveit_resources_panda_description/share/moveit_resources_panda_description/meshes/collision/link6.stl
[0.691s] -- Symlinking: /home/manoj/ros2_ws/install/moveit_resources_panda_description/share/moveit_resources_panda_description/meshes/collision/link7.stl
[0.706s] -- Symlinking: /home/manoj/ros2_ws/install/moveit_resources_panda_description/share/moveit_resources_panda_description/meshes/visual/finger.dae
[0.717s] -- Symlinking: /home/manoj/ros2_ws/install/moveit_resources_panda_description/share/moveit_resources_panda_description/meshes/visual/hand.dae
[0.723s] -- Symlinking: /home/manoj/ros2_ws/install/moveit_resources_panda_description/share/moveit_resources_panda_description/meshes/visual/link0.dae
[0.733s] -- Symlinking: /home/manoj/ros2_ws/install/moveit_resources_panda_description/share/moveit_resources_panda_description/meshes/visual/link1.dae
[0.741s] -- Symlinking: /home/manoj/ros2_ws/install/moveit_resources_panda_description/share/moveit_resources_panda_description/meshes/visual/link2.dae
[0.750s] -- Symlinking: /home/manoj/ros2_ws/install/moveit_resources_panda_description/share/moveit_resources_panda_description/meshes/visual/link3.dae
[0.760s] -- Symlinking: /home/manoj/ros2_ws/install/moveit_resources_panda_description/share/moveit_resources_panda_description/meshes/visual/link4.dae
[0.767s] -- Symlinking: /home/manoj/ros2_ws/install/moveit_resources_panda_description/share/moveit_resources_panda_description/meshes/visual/link5.dae
[0.780s] -- Symlinking: /home/manoj/ros2_ws/install/moveit_resources_panda_description/share/moveit_resources_panda_description/meshes/visual/link6.dae
[0.794s] -- Symlinking: /home/manoj/ros2_ws/install/moveit_resources_panda_description/share/moveit_resources_panda_description/meshes/visual/link7.dae
[0.801s] -- Symlinking: /home/manoj/ros2_ws/install/moveit_resources_panda_description/share/moveit_resources_panda_description/urdf/panda.urdf
[0.813s] -- Symlinking: /home/manoj/ros2_ws/install/moveit_resources_panda_description/share/moveit_resources_panda_description/urdf/panda.urdf.xacro
[0.826s] Invoked command in '/home/manoj/ros2_ws/build/moveit_resources_panda_description' returned '0': CMAKE_PREFIX_PATH=${CMAKE_PREFIX_PATH}:/home/manoj/ros2_ws/install/moveit_configs_utils:/opt/ros/humble /usr/bin/cmake --install /home/manoj/ros2_ws/build/moveit_resources_panda_description
