[0.022s] Invoking command in '/home/manoj/ros2_ws/build/moveit_planners_chomp': AMENT_PREFIX_PATH=/home/manoj/ros2_ws/install/chomp_motion_planner:/home/manoj/ros2_ws/install/moveit_core:/home/manoj/ros2_ws/install/moveit_resources_panda_moveit_config:/home/manoj/ros2_ws/install/moveit_resources_pr2_description:/home/manoj/ros2_ws/install/moveit_resources_panda_description:/home/manoj/ros2_ws/install/moveit_common:${AMENT_PREFIX_PATH} CMAKE_PREFIX_PATH=/home/manoj/ros2_ws/install/chomp_motion_planner:/home/manoj/ros2_ws/install/moveit_core:/home/manoj/ros2_ws/install/moveit_resources_panda_moveit_config:/home/manoj/ros2_ws/install/moveit_resources_pr2_description:/home/manoj/ros2_ws/install/moveit_resources_panda_description:/home/manoj/ros2_ws/install/moveit_common:/home/manoj/ros3_ws/src/install/my_mobile_manipulator_description:/opt/ros/humble LD_LIBRARY_PATH=/home/manoj/ros2_ws/install/chomp_motion_planner/lib:/home/manoj/ros2_ws/install/moveit_core/lib:${LD_LIBRARY_PATH} PATH=/home/manoj/ros2_ws/install/moveit_core/bin:${PATH} /usr/bin/cmake --build /home/manoj/ros2_ws/build/moveit_planners_chomp -- -j12 -l12
[0.126s] [ 60%] Built target moveit_chomp_interface
[0.170s] [100%] Built target moveit_chomp_planner_plugin
[0.184s] Invoked command in '/home/manoj/ros2_ws/build/moveit_planners_chomp' returned '0': AMENT_PREFIX_PATH=/home/manoj/ros2_ws/install/chomp_motion_planner:/home/manoj/ros2_ws/install/moveit_core:/home/manoj/ros2_ws/install/moveit_resources_panda_moveit_config:/home/manoj/ros2_ws/install/moveit_resources_pr2_description:/home/manoj/ros2_ws/install/moveit_resources_panda_description:/home/manoj/ros2_ws/install/moveit_common:${AMENT_PREFIX_PATH} CMAKE_PREFIX_PATH=/home/manoj/ros2_ws/install/chomp_motion_planner:/home/manoj/ros2_ws/install/moveit_core:/home/manoj/ros2_ws/install/moveit_resources_panda_moveit_config:/home/manoj/ros2_ws/install/moveit_resources_pr2_description:/home/manoj/ros2_ws/install/moveit_resources_panda_description:/home/manoj/ros2_ws/install/moveit_common:/home/manoj/ros3_ws/src/install/my_mobile_manipulator_description:/opt/ros/humble LD_LIBRARY_PATH=/home/manoj/ros2_ws/install/chomp_motion_planner/lib:/home/manoj/ros2_ws/install/moveit_core/lib:${LD_LIBRARY_PATH} PATH=/home/manoj/ros2_ws/install/moveit_core/bin:${PATH} /usr/bin/cmake --build /home/manoj/ros2_ws/build/moveit_planners_chomp -- -j12 -l12
[0.185s] Invoking command in '/home/manoj/ros2_ws/build/moveit_planners_chomp': AMENT_PREFIX_PATH=/home/manoj/ros2_ws/install/chomp_motion_planner:/home/manoj/ros2_ws/install/moveit_core:/home/manoj/ros2_ws/install/moveit_resources_panda_moveit_config:/home/manoj/ros2_ws/install/moveit_resources_pr2_description:/home/manoj/ros2_ws/install/moveit_resources_panda_description:/home/manoj/ros2_ws/install/moveit_common:${AMENT_PREFIX_PATH} CMAKE_PREFIX_PATH=/home/manoj/ros2_ws/install/chomp_motion_planner:/home/manoj/ros2_ws/install/moveit_core:/home/manoj/ros2_ws/install/moveit_resources_panda_moveit_config:/home/manoj/ros2_ws/install/moveit_resources_pr2_description:/home/manoj/ros2_ws/install/moveit_resources_panda_description:/home/manoj/ros2_ws/install/moveit_common:/home/manoj/ros3_ws/src/install/my_mobile_manipulator_description:/opt/ros/humble LD_LIBRARY_PATH=/home/manoj/ros2_ws/install/chomp_motion_planner/lib:/home/manoj/ros2_ws/install/moveit_core/lib:${LD_LIBRARY_PATH} PATH=/home/manoj/ros2_ws/install/moveit_core/bin:${PATH} /usr/bin/cmake --install /home/manoj/ros2_ws/build/moveit_planners_chomp
[0.193s] -- Install configuration: "Release"
[0.194s] -- Execute custom install script
[0.194s] -- Up-to-date symlink: /home/manoj/ros2_ws/install/moveit_planners_chomp/share/moveit_planners_chomp/environment/library_path.sh
[0.194s] -- Up-to-date symlink: /home/manoj/ros2_ws/install/moveit_planners_chomp/share/moveit_planners_chomp/environment/library_path.dsv
[0.194s] -- Up-to-date symlink: /home/manoj/ros2_ws/install/moveit_planners_chomp/share/moveit_planners_chomp//chomp_interface_plugin_description.xml
[0.195s] -- Up-to-date symlink: /home/manoj/ros2_ws/install/moveit_planners_chomp/share/ament_index/resource_index/package_run_dependencies/moveit_planners_chomp
[0.195s] -- Up-to-date symlink: /home/manoj/ros2_ws/install/moveit_planners_chomp/share/ament_index/resource_index/parent_prefix_path/moveit_planners_chomp
[0.195s] -- Up-to-date symlink: /home/manoj/ros2_ws/install/moveit_planners_chomp/share/moveit_planners_chomp/environment/ament_prefix_path.sh
[0.197s] -- Up-to-date symlink: /home/manoj/ros2_ws/install/moveit_planners_chomp/share/moveit_planners_chomp/environment/ament_prefix_path.dsv
[0.197s] -- Up-to-date symlink: /home/manoj/ros2_ws/install/moveit_planners_chomp/share/moveit_planners_chomp/environment/path.sh
[0.197s] -- Up-to-date symlink: /home/manoj/ros2_ws/install/moveit_planners_chomp/share/moveit_planners_chomp/environment/path.dsv
[0.197s] -- Up-to-date symlink: /home/manoj/ros2_ws/install/moveit_planners_chomp/share/moveit_planners_chomp/local_setup.bash
[0.197s] -- Up-to-date symlink: /home/manoj/ros2_ws/install/moveit_planners_chomp/share/moveit_planners_chomp/local_setup.sh
[0.197s] -- Up-to-date symlink: /home/manoj/ros2_ws/install/moveit_planners_chomp/share/moveit_planners_chomp/local_setup.zsh
[0.197s] -- Up-to-date symlink: /home/manoj/ros2_ws/install/moveit_planners_chomp/share/moveit_planners_chomp/local_setup.dsv
[0.197s] -- Symlinking: /home/manoj/ros2_ws/install/moveit_planners_chomp/share/moveit_planners_chomp/package.dsv
[0.207s] -- Up-to-date symlink: /home/manoj/ros2_ws/install/moveit_planners_chomp/share/ament_index/resource_index/packages/moveit_planners_chomp
[0.207s] -- Up-to-date symlink: /home/manoj/ros2_ws/install/moveit_planners_chomp/share/ament_index/resource_index/moveit_core__pluginlib__plugin/moveit_planners_chomp
[0.207s] -- Up-to-date symlink: /home/manoj/ros2_ws/install/moveit_planners_chomp/share/moveit_planners_chomp/cmake/ament_cmake_export_targets-extras.cmake
[0.207s] -- Up-to-date symlink: /home/manoj/ros2_ws/install/moveit_planners_chomp/share/moveit_planners_chomp/cmake/ament_cmake_export_dependencies-extras.cmake
[0.207s] -- Up-to-date symlink: /home/manoj/ros2_ws/install/moveit_planners_chomp/share/moveit_planners_chomp/cmake/moveit_planners_chompConfig.cmake
[0.208s] -- Up-to-date symlink: /home/manoj/ros2_ws/install/moveit_planners_chomp/share/moveit_planners_chomp/cmake/moveit_planners_chompConfig-version.cmake
[0.208s] -- Up-to-date symlink: /home/manoj/ros2_ws/install/moveit_planners_chomp/share/moveit_planners_chomp/package.xml
[0.208s] -- Up-to-date: /home/manoj/ros2_ws/install/moveit_planners_chomp/lib/libmoveit_chomp_interface.so.2.5.9
[0.208s] -- Up-to-date: /home/manoj/ros2_ws/install/moveit_planners_chomp/lib/libmoveit_chomp_interface.so
[0.208s] -- Up-to-date: /home/manoj/ros2_ws/install/moveit_planners_chomp/lib/libmoveit_chomp_planner_plugin.so
[0.209s] -- Up-to-date: /home/manoj/ros2_ws/install/moveit_planners_chomp/share/moveit_planners_chomp/cmake/moveit_planners_chompTargetsExport.cmake
[0.209s] -- Up-to-date: /home/manoj/ros2_ws/install/moveit_planners_chomp/share/moveit_planners_chomp/cmake/moveit_planners_chompTargetsExport-release.cmake
[0.212s] Invoked command in '/home/manoj/ros2_ws/build/moveit_planners_chomp' returned '0': AMENT_PREFIX_PATH=/home/manoj/ros2_ws/install/chomp_motion_planner:/home/manoj/ros2_ws/install/moveit_core:/home/manoj/ros2_ws/install/moveit_resources_panda_moveit_config:/home/manoj/ros2_ws/install/moveit_resources_pr2_description:/home/manoj/ros2_ws/install/moveit_resources_panda_description:/home/manoj/ros2_ws/install/moveit_common:${AMENT_PREFIX_PATH} CMAKE_PREFIX_PATH=/home/manoj/ros2_ws/install/chomp_motion_planner:/home/manoj/ros2_ws/install/moveit_core:/home/manoj/ros2_ws/install/moveit_resources_panda_moveit_config:/home/manoj/ros2_ws/install/moveit_resources_pr2_description:/home/manoj/ros2_ws/install/moveit_resources_panda_description:/home/manoj/ros2_ws/install/moveit_common:/home/manoj/ros3_ws/src/install/my_mobile_manipulator_description:/opt/ros/humble LD_LIBRARY_PATH=/home/manoj/ros2_ws/install/chomp_motion_planner/lib:/home/manoj/ros2_ws/install/moveit_core/lib:${LD_LIBRARY_PATH} PATH=/home/manoj/ros2_ws/install/moveit_core/bin:${PATH} /usr/bin/cmake --install /home/manoj/ros2_ws/build/moveit_planners_chomp
