[0.672s] Invoking command in '/home/manoj/ros2_ws/build/my_mobile_manipulator_description': CMAKE_PREFIX_PATH=/opt/ros/humble /usr/bin/cmake /home/manoj/ros2_ws/src/my_mobile_manipulator_description -DCMAKE_INSTALL_PREFIX=/home/manoj/ros2_ws/install/my_mobile_manipulator_description
[0.688s] -- Found ament_cmake: 1.3.11 (/opt/ros/humble/share/ament_cmake/cmake)
[0.864s] -- Override CMake install command with custom implementation using symlinks instead of copying resources
[0.873s] -- Found xacro: 2.0.13 (/opt/ros/humble/share/xacro/cmake)
[0.873s] -- Found ament_lint_auto: 0.12.12 (/opt/ros/humble/share/ament_lint_auto/cmake)
[0.966s] -- Added test 'flake8' to check Python code syntax and style conventions
[0.966s] -- Added test 'lint_cmake' to check CMake code style
[0.966s] -- Added test 'pep257' to check Python code against some of the docstring style conventions in PEP 257
[0.967s] -- Added test 'xmllint' to check XML markup files
[0.969s] -- Configuring done
[0.972s] -- Generating done
[0.974s] -- Build files have been written to: /home/manoj/ros2_ws/build/my_mobile_manipulator_description
[0.977s] Invoked command in '/home/manoj/ros2_ws/build/my_mobile_manipulator_description' returned '0': CMAKE_PREFIX_PATH=/opt/ros/humble /usr/bin/cmake /home/manoj/ros2_ws/src/my_mobile_manipulator_description -DCMAKE_INSTALL_PREFIX=/home/manoj/ros2_ws/install/my_mobile_manipulator_description
[0.980s] Invoking command in '/home/manoj/ros2_ws/build/my_mobile_manipulator_description': CMAKE_PREFIX_PATH=/opt/ros/humble /usr/bin/cmake --build /home/manoj/ros2_ws/build/my_mobile_manipulator_description -- -j12 -l12
[1.033s] Invoked command in '/home/manoj/ros2_ws/build/my_mobile_manipulator_description' returned '0': CMAKE_PREFIX_PATH=/opt/ros/humble /usr/bin/cmake --build /home/manoj/ros2_ws/build/my_mobile_manipulator_description -- -j12 -l12
[1.035s] Invoking command in '/home/manoj/ros2_ws/build/my_mobile_manipulator_description': CMAKE_PREFIX_PATH=/opt/ros/humble /usr/bin/cmake --install /home/manoj/ros2_ws/build/my_mobile_manipulator_description
[1.042s] -- Install configuration: "Release"
[1.042s] -- Execute custom install script
[1.042s] -- Up-to-date symlink: /home/manoj/ros2_ws/install/my_mobile_manipulator_description/share/my_mobile_manipulator_description//urdf/robot.urdf.xacro
[1.043s] -- Up-to-date symlink: /home/manoj/ros2_ws/install/my_mobile_manipulator_description/share/my_mobile_manipulator_description//launch/ spawn_mobile_manipulator.launch.py
[1.043s] -- Up-to-date symlink: /home/manoj/ros2_ws/install/my_mobile_manipulator_description/share/my_mobile_manipulator_description//launch/spawn_mobile_manipulator.launch.py
[1.043s] -- Up-to-date symlink: /home/manoj/ros2_ws/install/my_mobile_manipulator_description/share/my_mobile_manipulator_description//launch/spawn_robot.launch.py
[1.043s] -- Up-to-date symlink: /home/manoj/ros2_ws/install/my_mobile_manipulator_description/share/ament_index/resource_index/package_run_dependencies/my_mobile_manipulator_description
[1.043s] -- Up-to-date symlink: /home/manoj/ros2_ws/install/my_mobile_manipulator_description/share/ament_index/resource_index/parent_prefix_path/my_mobile_manipulator_description
[1.043s] -- Up-to-date symlink: /home/manoj/ros2_ws/install/my_mobile_manipulator_description/share/my_mobile_manipulator_description/environment/ament_prefix_path.sh
[1.043s] -- Up-to-date symlink: /home/manoj/ros2_ws/install/my_mobile_manipulator_description/share/my_mobile_manipulator_description/environment/ament_prefix_path.dsv
[1.043s] -- Up-to-date symlink: /home/manoj/ros2_ws/install/my_mobile_manipulator_description/share/my_mobile_manipulator_description/environment/path.sh
[1.044s] -- Up-to-date symlink: /home/manoj/ros2_ws/install/my_mobile_manipulator_description/share/my_mobile_manipulator_description/environment/path.dsv
[1.044s] -- Up-to-date symlink: /home/manoj/ros2_ws/install/my_mobile_manipulator_description/share/my_mobile_manipulator_description/local_setup.bash
[1.044s] -- Up-to-date symlink: /home/manoj/ros2_ws/install/my_mobile_manipulator_description/share/my_mobile_manipulator_description/local_setup.sh
[1.044s] -- Up-to-date symlink: /home/manoj/ros2_ws/install/my_mobile_manipulator_description/share/my_mobile_manipulator_description/local_setup.zsh
[1.044s] -- Up-to-date symlink: /home/manoj/ros2_ws/install/my_mobile_manipulator_description/share/my_mobile_manipulator_description/local_setup.dsv
[1.044s] -- Symlinking: /home/manoj/ros2_ws/install/my_mobile_manipulator_description/share/my_mobile_manipulator_description/package.dsv
[1.055s] -- Up-to-date symlink: /home/manoj/ros2_ws/install/my_mobile_manipulator_description/share/ament_index/resource_index/packages/my_mobile_manipulator_description
[1.055s] -- Up-to-date symlink: /home/manoj/ros2_ws/install/my_mobile_manipulator_description/share/my_mobile_manipulator_description/cmake/my_mobile_manipulator_descriptionConfig.cmake
[1.055s] -- Up-to-date symlink: /home/manoj/ros2_ws/install/my_mobile_manipulator_description/share/my_mobile_manipulator_description/cmake/my_mobile_manipulator_descriptionConfig-version.cmake
[1.055s] -- Up-to-date symlink: /home/manoj/ros2_ws/install/my_mobile_manipulator_description/share/my_mobile_manipulator_description/package.xml
[1.057s] Invoked command in '/home/manoj/ros2_ws/build/my_mobile_manipulator_description' returned '0': CMAKE_PREFIX_PATH=/opt/ros/humble /usr/bin/cmake --install /home/manoj/ros2_ws/build/my_mobile_manipulator_description
