-- Found ament_cmake: 1.3.11 (/opt/ros/humble/share/ament_cmake/cmake)
-- Override CMake install command with custom implementation using symlinks instead of copying resources
-- Configuring done
-- Generating done
-- Build files have been written to: /home/manoj/ros2_ws/build/moveit_resources
-- Install configuration: ""
-- Execute custom install script
-- Symlinking: /home/manoj/ros2_ws/install/moveit_resources/share/ament_index/resource_index/package_run_dependencies/moveit_resources
-- Symlinking: /home/manoj/ros2_ws/install/moveit_resources/share/ament_index/resource_index/parent_prefix_path/moveit_resources
-- Symlinking: /home/manoj/ros2_ws/install/moveit_resources/share/moveit_resources/environment/ament_prefix_path.sh
-- Symlinking: /home/manoj/ros2_ws/install/moveit_resources/share/moveit_resources/environment/ament_prefix_path.dsv
-- Symlinking: /home/manoj/ros2_ws/install/moveit_resources/share/moveit_resources/environment/path.sh
-- Symlinking: /home/manoj/ros2_ws/install/moveit_resources/share/moveit_resources/environment/path.dsv
-- Symlinking: /home/manoj/ros2_ws/install/moveit_resources/share/moveit_resources/local_setup.bash
-- Symlinking: /home/manoj/ros2_ws/install/moveit_resources/share/moveit_resources/local_setup.sh
-- Symlinking: /home/manoj/ros2_ws/install/moveit_resources/share/moveit_resources/local_setup.zsh
-- Symlinking: /home/manoj/ros2_ws/install/moveit_resources/share/moveit_resources/local_setup.dsv
-- Symlinking: /home/manoj/ros2_ws/install/moveit_resources/share/moveit_resources/package.dsv
-- Symlinking: /home/manoj/ros2_ws/install/moveit_resources/share/ament_index/resource_index/packages/moveit_resources
-- Symlinking: /home/manoj/ros2_ws/install/moveit_resources/share/moveit_resources/cmake/moveit_resourcesConfig.cmake
-- Symlinking: /home/manoj/ros2_ws/install/moveit_resources/share/moveit_resources/cmake/moveit_resourcesConfig-version.cmake
-- Symlinking: /home/manoj/ros2_ws/install/moveit_resources/share/moveit_resources/package.xml
