[0.044s] Invoking command in '/home/manoj/ros2_ws/build/moveit_resources_prbt_ikfast_manipulator_plugin': AMENT_PREFIX_PATH=/home/manoj/ros2_ws/install/moveit_core:${AMENT_PREFIX_PATH} CMAKE_PREFIX_PATH=/home/manoj/ros2_ws/install/moveit_core:/home/manoj/ros2_ws/install/moveit_resources_panda_moveit_config:/home/manoj/ros2_ws/install/moveit_resources_pr2_description:/home/manoj/ros2_ws/install/moveit_resources_panda_description:/home/manoj/ros2_ws/install/moveit_common:/home/manoj/ros2_ws/install/moveit_resources_prbt_support:/home/manoj/ros2_ws/install/moveit_resources:/home/manoj/ros2_ws/install/dual_arm_panda_moveit_config:/home/manoj/ros2_ws/install/moveit_resources_fanuc_moveit_config:/home/manoj/ros2_ws/install/moveit_resources_fanuc_description:/home/manoj/ros2_ws/install/ur_description:/home/manoj/ros2_ws/install/my_mobile_manipulator_description:/home/manoj/ros2_ws/install/moveit_configs_utils:/opt/ros/humble LD_LIBRARY_PATH=/home/manoj/ros2_ws/install/moveit_core/lib:${LD_LIBRARY_PATH} PATH=/home/manoj/ros2_ws/install/moveit_core/bin:${PATH} /usr/bin/cmake /home/manoj/ros2_ws/src/moveit2/moveit_planners/test_configs/prbt_ikfast_manipulator_plugin -DAMENT_CMAKE_SYMLINK_INSTALL=1 -DCMAKE_INSTALL_PREFIX=/home/manoj/ros2_ws/install/moveit_resources_prbt_ikfast_manipulator_plugin
[0.134s] -- The C compiler identification is GNU 11.4.0
[0.228s] -- The CXX compiler identification is GNU 11.4.0
[0.244s] -- Detecting C compiler ABI info
[0.366s] -- Detecting C compiler ABI info - done
[0.380s] -- Check for working C compiler: /usr/bin/cc - skipped
[0.383s] -- Detecting C compile features
[0.384s] -- Detecting C compile features - done
[0.388s] -- Detecting CXX compiler ABI info
[0.530s] -- Detecting CXX compiler ABI info - done
[0.545s] -- Check for working CXX compiler: /usr/bin/c++ - skipped
[0.546s] -- Detecting CXX compile features
[0.546s] -- Detecting CXX compile features - done
[0.555s] -- Found ament_cmake: 1.3.11 (/opt/ros/humble/share/ament_cmake/cmake)
[0.822s] -- Found Python3: /usr/bin/python3 (found version "3.10.12") found components: Interpreter 
[0.943s] -- Override CMake install command with custom implementation using symlinks instead of copying resources
[1.030s] -- Found moveit_core: 2.5.9 (/home/manoj/ros2_ws/install/moveit_core/share/moveit_core/cmake)
[1.404s] -- Found Boost: /usr/lib/x86_64-linux-gnu/cmake/Boost-1.74.0/BoostConfig.cmake (found version "1.74.0") found components: chrono date_time filesystem iostreams program_options regex serialization system thread 
[1.564s] -- Found parameter_traits: 0.4.0 (/opt/ros/humble/share/parameter_traits/cmake)
[1.671s] -- Found rosidl_generator_c: 3.1.6 (/opt/ros/humble/share/rosidl_generator_c/cmake)
[1.688s] -- Found rosidl_adapter: 3.1.6 (/opt/ros/humble/share/rosidl_adapter/cmake)
[1.709s] -- Found rosidl_generator_cpp: 3.1.6 (/opt/ros/humble/share/rosidl_generator_cpp/cmake)
[1.739s] -- Using all available rosidl_typesupport_c: rosidl_typesupport_fastrtps_c;rosidl_typesupport_introspection_c
[1.780s] -- Using all available rosidl_typesupport_cpp: rosidl_typesupport_fastrtps_cpp;rosidl_typesupport_introspection_cpp
[1.890s] -- Found rmw_implementation_cmake: 6.1.2 (/opt/ros/humble/share/rmw_implementation_cmake/cmake)
[1.897s] -- Found rmw_fastrtps_cpp: 6.2.7 (/opt/ros/humble/share/rmw_fastrtps_cpp/cmake)
[2.066s] -- Found OpenSSL: /usr/lib/x86_64-linux-gnu/libcrypto.so (found version "3.0.2")  
[2.116s] -- Found FastRTPS: /opt/ros/humble/include  
[2.207s] -- Using RMW implementation 'rmw_fastrtps_cpp' as default
[2.233s] -- Found Threads: TRUE  
[2.357s] -- Found Eigen3: TRUE (found version "3.4.0") 
[2.363s] -- Found rclcpp_lifecycle: 16.0.12 (/opt/ros/humble/share/rclcpp_lifecycle/cmake)
[2.415s] -- Found Boost: /usr/lib/x86_64-linux-gnu/cmake/Boost-1.74.0/BoostConfig.cmake (found version "1.74.0") found components: filesystem 
[2.614s] -- library: /usr/lib/x86_64-linux-gnu/libcurl.so
[2.762s] -- Ensuring Eigen3 include directory is part of orocos-kdl CMake target
[3.328s] -- Found tf2_eigen_kdl: 0.25.12 (/opt/ros/humble/share/tf2_eigen_kdl/cmake)
[3.474s] -- Configuring done
[3.521s] -- Generating done
[3.534s] -- Build files have been written to: /home/manoj/ros2_ws/build/moveit_resources_prbt_ikfast_manipulator_plugin
[3.561s] Invoked command in '/home/manoj/ros2_ws/build/moveit_resources_prbt_ikfast_manipulator_plugin' returned '0': AMENT_PREFIX_PATH=/home/manoj/ros2_ws/install/moveit_core:${AMENT_PREFIX_PATH} CMAKE_PREFIX_PATH=/home/manoj/ros2_ws/install/moveit_core:/home/manoj/ros2_ws/install/moveit_resources_panda_moveit_config:/home/manoj/ros2_ws/install/moveit_resources_pr2_description:/home/manoj/ros2_ws/install/moveit_resources_panda_description:/home/manoj/ros2_ws/install/moveit_common:/home/manoj/ros2_ws/install/moveit_resources_prbt_support:/home/manoj/ros2_ws/install/moveit_resources:/home/manoj/ros2_ws/install/dual_arm_panda_moveit_config:/home/manoj/ros2_ws/install/moveit_resources_fanuc_moveit_config:/home/manoj/ros2_ws/install/moveit_resources_fanuc_description:/home/manoj/ros2_ws/install/ur_description:/home/manoj/ros2_ws/install/my_mobile_manipulator_description:/home/manoj/ros2_ws/install/moveit_configs_utils:/opt/ros/humble LD_LIBRARY_PATH=/home/manoj/ros2_ws/install/moveit_core/lib:${LD_LIBRARY_PATH} PATH=/home/manoj/ros2_ws/install/moveit_core/bin:${PATH} /usr/bin/cmake /home/manoj/ros2_ws/src/moveit2/moveit_planners/test_configs/prbt_ikfast_manipulator_plugin -DAMENT_CMAKE_SYMLINK_INSTALL=1 -DCMAKE_INSTALL_PREFIX=/home/manoj/ros2_ws/install/moveit_resources_prbt_ikfast_manipulator_plugin
[3.562s] Invoking command in '/home/manoj/ros2_ws/build/moveit_resources_prbt_ikfast_manipulator_plugin': AMENT_PREFIX_PATH=/home/manoj/ros2_ws/install/moveit_core:${AMENT_PREFIX_PATH} CMAKE_PREFIX_PATH=/home/manoj/ros2_ws/install/moveit_core:/home/manoj/ros2_ws/install/moveit_resources_panda_moveit_config:/home/manoj/ros2_ws/install/moveit_resources_pr2_description:/home/manoj/ros2_ws/install/moveit_resources_panda_description:/home/manoj/ros2_ws/install/moveit_common:/home/manoj/ros2_ws/install/moveit_resources_prbt_support:/home/manoj/ros2_ws/install/moveit_resources:/home/manoj/ros2_ws/install/dual_arm_panda_moveit_config:/home/manoj/ros2_ws/install/moveit_resources_fanuc_moveit_config:/home/manoj/ros2_ws/install/moveit_resources_fanuc_description:/home/manoj/ros2_ws/install/ur_description:/home/manoj/ros2_ws/install/my_mobile_manipulator_description:/home/manoj/ros2_ws/install/moveit_configs_utils:/opt/ros/humble LD_LIBRARY_PATH=/home/manoj/ros2_ws/install/moveit_core/lib:${LD_LIBRARY_PATH} PATH=/home/manoj/ros2_ws/install/moveit_core/bin:${PATH} /usr/bin/cmake --build /home/manoj/ros2_ws/build/moveit_resources_prbt_ikfast_manipulator_plugin -- -j12 -l12
[3.658s] [ 50%] [32mBuilding CXX object CMakeFiles/prbt_manipulator_moveit_ikfast_plugin.dir/src/prbt_manipulator_ikfast_moveit_plugin.cpp.o[0m
[39.017s] [100%] [32m[1mLinking CXX shared library libprbt_manipulator_moveit_ikfast_plugin.so[0m
[39.763s] [100%] Built target prbt_manipulator_moveit_ikfast_plugin
[39.796s] Invoked command in '/home/manoj/ros2_ws/build/moveit_resources_prbt_ikfast_manipulator_plugin' returned '0': AMENT_PREFIX_PATH=/home/manoj/ros2_ws/install/moveit_core:${AMENT_PREFIX_PATH} CMAKE_PREFIX_PATH=/home/manoj/ros2_ws/install/moveit_core:/home/manoj/ros2_ws/install/moveit_resources_panda_moveit_config:/home/manoj/ros2_ws/install/moveit_resources_pr2_description:/home/manoj/ros2_ws/install/moveit_resources_panda_description:/home/manoj/ros2_ws/install/moveit_common:/home/manoj/ros2_ws/install/moveit_resources_prbt_support:/home/manoj/ros2_ws/install/moveit_resources:/home/manoj/ros2_ws/install/dual_arm_panda_moveit_config:/home/manoj/ros2_ws/install/moveit_resources_fanuc_moveit_config:/home/manoj/ros2_ws/install/moveit_resources_fanuc_description:/home/manoj/ros2_ws/install/ur_description:/home/manoj/ros2_ws/install/my_mobile_manipulator_description:/home/manoj/ros2_ws/install/moveit_configs_utils:/opt/ros/humble LD_LIBRARY_PATH=/home/manoj/ros2_ws/install/moveit_core/lib:${LD_LIBRARY_PATH} PATH=/home/manoj/ros2_ws/install/moveit_core/bin:${PATH} /usr/bin/cmake --build /home/manoj/ros2_ws/build/moveit_resources_prbt_ikfast_manipulator_plugin -- -j12 -l12
[39.798s] Invoking command in '/home/manoj/ros2_ws/build/moveit_resources_prbt_ikfast_manipulator_plugin': AMENT_PREFIX_PATH=/home/manoj/ros2_ws/install/moveit_core:${AMENT_PREFIX_PATH} CMAKE_PREFIX_PATH=/home/manoj/ros2_ws/install/moveit_core:/home/manoj/ros2_ws/install/moveit_resources_panda_moveit_config:/home/manoj/ros2_ws/install/moveit_resources_pr2_description:/home/manoj/ros2_ws/install/moveit_resources_panda_description:/home/manoj/ros2_ws/install/moveit_common:/home/manoj/ros2_ws/install/moveit_resources_prbt_support:/home/manoj/ros2_ws/install/moveit_resources:/home/manoj/ros2_ws/install/dual_arm_panda_moveit_config:/home/manoj/ros2_ws/install/moveit_resources_fanuc_moveit_config:/home/manoj/ros2_ws/install/moveit_resources_fanuc_description:/home/manoj/ros2_ws/install/ur_description:/home/manoj/ros2_ws/install/my_mobile_manipulator_description:/home/manoj/ros2_ws/install/moveit_configs_utils:/opt/ros/humble LD_LIBRARY_PATH=/home/manoj/ros2_ws/install/moveit_core/lib:${LD_LIBRARY_PATH} PATH=/home/manoj/ros2_ws/install/moveit_core/bin:${PATH} /usr/bin/cmake --install /home/manoj/ros2_ws/build/moveit_resources_prbt_ikfast_manipulator_plugin
[39.819s] -- Install configuration: ""
[39.820s] -- Execute custom install script
[39.820s] -- Symlinking: /home/manoj/ros2_ws/install/moveit_resources_prbt_ikfast_manipulator_plugin/share/moveit_resources_prbt_ikfast_manipulator_plugin//prbt_manipulator_moveit_ikfast_plugin_description.xml
[39.848s] -- Symlinking: /home/manoj/ros2_ws/install/moveit_resources_prbt_ikfast_manipulator_plugin/share/moveit_resources_prbt_ikfast_manipulator_plugin/environment/library_path.sh
[39.866s] -- Symlinking: /home/manoj/ros2_ws/install/moveit_resources_prbt_ikfast_manipulator_plugin/share/moveit_resources_prbt_ikfast_manipulator_plugin/environment/library_path.dsv
[39.882s] -- Symlinking: /home/manoj/ros2_ws/install/moveit_resources_prbt_ikfast_manipulator_plugin/share/ament_index/resource_index/package_run_dependencies/moveit_resources_prbt_ikfast_manipulator_plugin
[39.901s] -- Symlinking: /home/manoj/ros2_ws/install/moveit_resources_prbt_ikfast_manipulator_plugin/share/ament_index/resource_index/parent_prefix_path/moveit_resources_prbt_ikfast_manipulator_plugin
[39.918s] -- Symlinking: /home/manoj/ros2_ws/install/moveit_resources_prbt_ikfast_manipulator_plugin/share/moveit_resources_prbt_ikfast_manipulator_plugin/environment/ament_prefix_path.sh
[39.934s] -- Symlinking: /home/manoj/ros2_ws/install/moveit_resources_prbt_ikfast_manipulator_plugin/share/moveit_resources_prbt_ikfast_manipulator_plugin/environment/ament_prefix_path.dsv
[39.946s] -- Symlinking: /home/manoj/ros2_ws/install/moveit_resources_prbt_ikfast_manipulator_plugin/share/moveit_resources_prbt_ikfast_manipulator_plugin/environment/path.sh
[39.965s] -- Symlinking: /home/manoj/ros2_ws/install/moveit_resources_prbt_ikfast_manipulator_plugin/share/moveit_resources_prbt_ikfast_manipulator_plugin/environment/path.dsv
[39.984s] -- Symlinking: /home/manoj/ros2_ws/install/moveit_resources_prbt_ikfast_manipulator_plugin/share/moveit_resources_prbt_ikfast_manipulator_plugin/local_setup.bash
[40.013s] -- Symlinking: /home/manoj/ros2_ws/install/moveit_resources_prbt_ikfast_manipulator_plugin/share/moveit_resources_prbt_ikfast_manipulator_plugin/local_setup.sh
[40.047s] -- Symlinking: /home/manoj/ros2_ws/install/moveit_resources_prbt_ikfast_manipulator_plugin/share/moveit_resources_prbt_ikfast_manipulator_plugin/local_setup.zsh
[40.060s] -- Symlinking: /home/manoj/ros2_ws/install/moveit_resources_prbt_ikfast_manipulator_plugin/share/moveit_resources_prbt_ikfast_manipulator_plugin/local_setup.dsv
[40.074s] -- Symlinking: /home/manoj/ros2_ws/install/moveit_resources_prbt_ikfast_manipulator_plugin/share/moveit_resources_prbt_ikfast_manipulator_plugin/package.dsv
[40.085s] -- Symlinking: /home/manoj/ros2_ws/install/moveit_resources_prbt_ikfast_manipulator_plugin/share/ament_index/resource_index/packages/moveit_resources_prbt_ikfast_manipulator_plugin
[40.108s] -- Symlinking: /home/manoj/ros2_ws/install/moveit_resources_prbt_ikfast_manipulator_plugin/share/ament_index/resource_index/moveit_core__pluginlib__plugin/moveit_resources_prbt_ikfast_manipulator_plugin
[40.125s] -- Symlinking: /home/manoj/ros2_ws/install/moveit_resources_prbt_ikfast_manipulator_plugin/share/moveit_resources_prbt_ikfast_manipulator_plugin/cmake/ament_cmake_export_targets-extras.cmake
[40.140s] -- Symlinking: /home/manoj/ros2_ws/install/moveit_resources_prbt_ikfast_manipulator_plugin/share/moveit_resources_prbt_ikfast_manipulator_plugin/cmake/moveit_resources_prbt_ikfast_manipulator_pluginConfig.cmake
[40.164s] -- Symlinking: /home/manoj/ros2_ws/install/moveit_resources_prbt_ikfast_manipulator_plugin/share/moveit_resources_prbt_ikfast_manipulator_plugin/cmake/moveit_resources_prbt_ikfast_manipulator_pluginConfig-version.cmake
[40.182s] -- Symlinking: /home/manoj/ros2_ws/install/moveit_resources_prbt_ikfast_manipulator_plugin/share/moveit_resources_prbt_ikfast_manipulator_plugin/package.xml
[40.204s] -- Installing: /home/manoj/ros2_ws/install/moveit_resources_prbt_ikfast_manipulator_plugin/lib/libprbt_manipulator_moveit_ikfast_plugin.so
[40.210s] -- Set runtime path of "/home/manoj/ros2_ws/install/moveit_resources_prbt_ikfast_manipulator_plugin/lib/libprbt_manipulator_moveit_ikfast_plugin.so" to ""
[40.210s] -- Installing: /home/manoj/ros2_ws/install/moveit_resources_prbt_ikfast_manipulator_plugin/share/moveit_resources_prbt_ikfast_manipulator_plugin/cmake/export_moveit_resources_prbt_ikfast_manipulator_pluginExport.cmake
[40.210s] -- Installing: /home/manoj/ros2_ws/install/moveit_resources_prbt_ikfast_manipulator_plugin/share/moveit_resources_prbt_ikfast_manipulator_plugin/cmake/export_moveit_resources_prbt_ikfast_manipulator_pluginExport-noconfig.cmake
[40.214s] Invoked command in '/home/manoj/ros2_ws/build/moveit_resources_prbt_ikfast_manipulator_plugin' returned '0': AMENT_PREFIX_PATH=/home/manoj/ros2_ws/install/moveit_core:${AMENT_PREFIX_PATH} CMAKE_PREFIX_PATH=/home/manoj/ros2_ws/install/moveit_core:/home/manoj/ros2_ws/install/moveit_resources_panda_moveit_config:/home/manoj/ros2_ws/install/moveit_resources_pr2_description:/home/manoj/ros2_ws/install/moveit_resources_panda_description:/home/manoj/ros2_ws/install/moveit_common:/home/manoj/ros2_ws/install/moveit_resources_prbt_support:/home/manoj/ros2_ws/install/moveit_resources:/home/manoj/ros2_ws/install/dual_arm_panda_moveit_config:/home/manoj/ros2_ws/install/moveit_resources_fanuc_moveit_config:/home/manoj/ros2_ws/install/moveit_resources_fanuc_description:/home/manoj/ros2_ws/install/ur_description:/home/manoj/ros2_ws/install/my_mobile_manipulator_description:/home/manoj/ros2_ws/install/moveit_configs_utils:/opt/ros/humble LD_LIBRARY_PATH=/home/manoj/ros2_ws/install/moveit_core/lib:${LD_LIBRARY_PATH} PATH=/home/manoj/ros2_ws/install/moveit_core/bin:${PATH} /usr/bin/cmake --install /home/manoj/ros2_ws/build/moveit_resources_prbt_ikfast_manipulator_plugin
