[0.028s] Invoking command in '/home/manoj/ros2_ws/build/moveit_core': AMENT_PREFIX_PATH=/home/manoj/ros2_ws/install/moveit_resources_panda_moveit_config:/home/manoj/ros2_ws/install/moveit_resources_pr2_description:/home/manoj/ros2_ws/install/moveit_resources_panda_description:/home/manoj/ros2_ws/install/moveit_common:${AMENT_PREFIX_PATH} CMAKE_PREFIX_PATH=/home/manoj/ros2_ws/install/moveit_resources_panda_moveit_config:/home/manoj/ros2_ws/install/moveit_resources_pr2_description:/home/manoj/ros2_ws/install/moveit_resources_panda_description:/home/manoj/ros2_ws/install/moveit_common:/opt/ros/humble /usr/bin/cmake /home/manoj/ros2_ws/src/moveit2/moveit_core -DCMAKE_BUILD_TYPE=Release -DCMAKE_INSTALL_PREFIX=/home/manoj/ros2_ws/install/moveit_core
[0.038s] -- Found moveit_common: 2.5.9 (/home/manoj/ros2_ws/install/moveit_common/share/moveit_common/cmake)
[0.038s] -- Found ament_cmake: 1.3.11 (/opt/ros/humble/share/ament_cmake/cmake)
[0.160s] -- Override CMake install command with custom implementation using symlinks instead of copying resources
[0.247s] -- Found angles: 1.15.0 (/opt/ros/humble/share/angles/cmake)
[0.274s] -- Found common_interfaces: 4.8.0 (/opt/ros/humble/share/common_interfaces/cmake)
[0.275s] -- Found eigen_stl_containers: 1.1.0 (/opt/ros/humble/share/eigen_stl_containers/cmake)
[0.280s] -- Found eigen3_cmake_module: 0.1.1 (/opt/ros/humble/share/eigen3_cmake_module/cmake)
[0.285s] -- Found generate_parameter_library: 0.4.0 (/opt/ros/humble/share/generate_parameter_library/cmake)
[0.287s] -- Found parameter_traits: 0.4.0 (/opt/ros/humble/share/parameter_traits/cmake)
[0.338s] -- Found rosidl_generator_c: 3.1.6 (/opt/ros/humble/share/rosidl_generator_c/cmake)
[0.342s] -- Found rosidl_adapter: 3.1.6 (/opt/ros/humble/share/rosidl_adapter/cmake)
[0.352s] -- Found rosidl_generator_cpp: 3.1.6 (/opt/ros/humble/share/rosidl_generator_cpp/cmake)
[0.374s] -- Using all available rosidl_typesupport_c: rosidl_typesupport_fastrtps_c;rosidl_typesupport_introspection_c
[0.394s] -- Using all available rosidl_typesupport_cpp: rosidl_typesupport_fastrtps_cpp;rosidl_typesupport_introspection_cpp
[0.442s] -- Found rmw_implementation_cmake: 6.1.2 (/opt/ros/humble/share/rmw_implementation_cmake/cmake)
[0.444s] -- Found rmw_fastrtps_cpp: 6.2.7 (/opt/ros/humble/share/rmw_fastrtps_cpp/cmake)
[0.549s] -- Using RMW implementation 'rmw_fastrtps_cpp' as default
[0.632s] -- Found rclcpp_lifecycle: 16.0.12 (/opt/ros/humble/share/rclcpp_lifecycle/cmake)
[0.662s] -- Found geometric_shapes: 2.3.2 (/opt/ros/humble/share/geometric_shapes/cmake)
[0.670s] -- Found Boost: /usr/lib/x86_64-linux-gnu/cmake/Boost-1.74.0/BoostConfig.cmake (found version "1.74.0") found components: filesystem 
[0.725s] -- library: /usr/lib/x86_64-linux-gnu/libcurl.so
[0.789s] -- Found kdl_parser: 2.6.4 (/opt/ros/humble/share/kdl_parser/cmake)
[0.793s] -- Ensuring Eigen3 include directory is part of orocos-kdl CMake target
[0.795s] -- Found moveit_msgs: 2.2.1 (/opt/ros/humble/share/moveit_msgs/cmake)
[0.897s] -- Found pluginlib: 5.1.0 (/opt/ros/humble/share/pluginlib/cmake)
[0.911s] -- Found srdfdom: 2.0.7 (/opt/ros/humble/share/srdfdom/cmake)
[0.928s] -- Found tf2_eigen: 0.25.12 (/opt/ros/humble/share/tf2_eigen/cmake)
[0.981s] -- Found tf2_geometry_msgs: 0.25.12 (/opt/ros/humble/share/tf2_geometry_msgs/cmake)
[0.984s] -- Found tf2_kdl: 0.25.12 (/opt/ros/humble/share/tf2_kdl/cmake)
[1.008s] -- Found Boost: /usr/lib/x86_64-linux-gnu/cmake/Boost-1.74.0/BoostConfig.cmake (found version "1.74.0") found components: chrono date_time filesystem iostreams program_options regex serialization system thread 
[1.008s] --  *** Building MoveIt 2.5.9-Alpha ***
[1.016s] -- Found ament_cmake_gtest: 1.3.11 (/opt/ros/humble/share/ament_cmake_gtest/cmake)
[1.017s] -- Found gtest sources under '/opt/ros/humble/src/gtest_vendor': C++ tests using 'Google Test' will be built
[1.027s] -- Found ament_cmake_gmock: 1.3.11 (/opt/ros/humble/share/ament_cmake_gmock/cmake)
[1.031s] -- Found gmock sources under '/opt/ros/humble/src/gmock_vendor': C++ tests using 'Google Mock' will be built
[1.035s] -- Found ament_cmake_gtest: 1.3.11 (/opt/ros/humble/share/ament_cmake_gtest/cmake)
[1.036s] -- Found gtest sources under '/opt/ros/humble/src/gtest_vendor': C++ tests using 'Google Test' will be built
[1.044s] -- Found ament_cmake_gtest: 1.3.11 (/opt/ros/humble/share/ament_cmake_gtest/cmake)
[1.045s] -- Found gtest sources under '/opt/ros/humble/src/gtest_vendor': C++ tests using 'Google Test' will be built
[1.077s] -- Found ament_cmake_gtest: 1.3.11 (/opt/ros/humble/share/ament_cmake_gtest/cmake)
[1.078s] -- Found gtest sources under '/opt/ros/humble/src/gtest_vendor': C++ tests using 'Google Test' will be built
[1.090s] -- Found ament_lint_auto: 0.12.12 (/opt/ros/humble/share/ament_lint_auto/cmake)
[1.090s] -- Found ament_cmake_gtest: 1.3.11 (/opt/ros/humble/share/ament_cmake_gtest/cmake)
[1.091s] -- Found gtest sources under '/opt/ros/humble/src/gtest_vendor': C++ tests using 'Google Test' will be built
[1.101s] -- Found ament_cmake_gtest: 1.3.11 (/opt/ros/humble/share/ament_cmake_gtest/cmake)
[1.102s] -- Found gtest sources under '/opt/ros/humble/src/gtest_vendor': C++ tests using 'Google Test' will be built
[1.112s] -- Found ament_cmake_gtest: 1.3.11 (/opt/ros/humble/share/ament_cmake_gtest/cmake)
[1.113s] -- Found gtest sources under '/opt/ros/humble/src/gtest_vendor': C++ tests using 'Google Test' will be built
[1.121s] -- Found ament_cmake_gtest: 1.3.11 (/opt/ros/humble/share/ament_cmake_gtest/cmake)
[1.122s] -- Found gmock sources under '/opt/ros/humble/src/gmock_vendor': C++ tests using 'Google Mock' will be built
[1.122s] -- Found gtest sources under '/opt/ros/humble/src/gtest_vendor': C++ tests using 'Google Test' will be built
[1.134s] -- Found gtest sources under '/opt/ros/humble/src/gtest_vendor': C++ tests using 'Google Test' will be built
[1.147s] -- Found gtest sources under '/opt/ros/humble/src/gtest_vendor': C++ tests using 'Google Test' will be built
[1.161s] -- Found ament_cmake_gtest: 1.3.11 (/opt/ros/humble/share/ament_cmake_gtest/cmake)
[1.161s] -- Found gtest sources under '/opt/ros/humble/src/gtest_vendor': C++ tests using 'Google Test' will be built
[1.179s] -- Found gtest sources under '/opt/ros/humble/src/gtest_vendor': C++ tests using 'Google Test' will be built
[1.188s] -- Found gtest sources under '/opt/ros/humble/src/gtest_vendor': C++ tests using 'Google Test' will be built
[1.197s] -- Found gtest sources under '/opt/ros/humble/src/gtest_vendor': C++ tests using 'Google Test' will be built
[1.202s] -- Found ament_lint_auto: 0.12.12 (/opt/ros/humble/share/ament_lint_auto/cmake)
[1.242s] -- Added test 'cppcheck' to perform static code analysis on C / C++ code
[1.243s] -- Configured cppcheck include dirs: /home/manoj/ros2_ws/src/moveit2/moveit_core/exceptions/include;/home/manoj/ros2_ws/src/moveit2/moveit_core/collision_detection/include;/home/manoj/ros2_ws/src/moveit2/moveit_core/collision_detection_fcl/include;/home/manoj/ros2_ws/src/moveit2/moveit_core/collision_detection_bullet/include;/home/manoj/ros2_ws/src/moveit2/moveit_core/constraint_samplers/include;/home/manoj/ros2_ws/src/moveit2/moveit_core/controller_manager/include;/home/manoj/ros2_ws/src/moveit2/moveit_core/distance_field/include;/home/manoj/ros2_ws/src/moveit2/moveit_core/collision_distance_field/include;/home/manoj/ros2_ws/src/moveit2/moveit_core/dynamics_solver/include;/home/manoj/ros2_ws/src/moveit2/moveit_core/kinematics_base/include;/home/manoj/ros2_ws/src/moveit2/moveit_core/kinematics_metrics/include;/home/manoj/ros2_ws/src/moveit2/moveit_core/robot_model/include;/home/manoj/ros2_ws/src/moveit2/moveit_core/transforms/include;/home/manoj/ros2_ws/src/moveit2/moveit_core/robot_state/include;/home/manoj/ros2_ws/src/moveit2/moveit_core/robot_trajectory/include;/home/manoj/ros2_ws/src/moveit2/moveit_core/kinematic_constraints/include;/home/manoj/ros2_ws/src/moveit2/moveit_core/macros/include;/home/manoj/ros2_ws/src/moveit2/moveit_core/online_signal_smoothing/include;/home/manoj/ros2_ws/src/moveit2/moveit_core/planning_interface/include;/home/manoj/ros2_ws/src/moveit2/moveit_core/planning_request_adapter/include;/home/manoj/ros2_ws/src/moveit2/moveit_core/planning_scene/include;/home/manoj/ros2_ws/src/moveit2/moveit_core/sensor_manager/include;/home/manoj/ros2_ws/src/moveit2/moveit_core/trajectory_processing/include;/home/manoj/ros2_ws/src/moveit2/moveit_core/utils/include
[1.243s] -- Configured cppcheck exclude dirs and/or files: 
[1.245s] -- Added test 'pep257' to check Python code against some of the docstring style conventions in PEP 257
[1.247s] -- Added test 'xmllint' to check XML markup files
[1.249s] -- Configuring done
[1.798s] -- Generating done
[1.949s] -- Build files have been written to: /home/manoj/ros2_ws/build/moveit_core
[1.979s] Invoked command in '/home/manoj/ros2_ws/build/moveit_core' returned '0': AMENT_PREFIX_PATH=/home/manoj/ros2_ws/install/moveit_resources_panda_moveit_config:/home/manoj/ros2_ws/install/moveit_resources_pr2_description:/home/manoj/ros2_ws/install/moveit_resources_panda_description:/home/manoj/ros2_ws/install/moveit_common:${AMENT_PREFIX_PATH} CMAKE_PREFIX_PATH=/home/manoj/ros2_ws/install/moveit_resources_panda_moveit_config:/home/manoj/ros2_ws/install/moveit_resources_pr2_description:/home/manoj/ros2_ws/install/moveit_resources_panda_description:/home/manoj/ros2_ws/install/moveit_common:/opt/ros/humble /usr/bin/cmake /home/manoj/ros2_ws/src/moveit2/moveit_core -DCMAKE_BUILD_TYPE=Release -DCMAKE_INSTALL_PREFIX=/home/manoj/ros2_ws/install/moveit_core
[1.981s] Invoking command in '/home/manoj/ros2_ws/build/moveit_core': AMENT_PREFIX_PATH=/home/manoj/ros2_ws/install/moveit_resources_panda_moveit_config:/home/manoj/ros2_ws/install/moveit_resources_pr2_description:/home/manoj/ros2_ws/install/moveit_resources_panda_description:/home/manoj/ros2_ws/install/moveit_common:${AMENT_PREFIX_PATH} CMAKE_PREFIX_PATH=/home/manoj/ros2_ws/install/moveit_resources_panda_moveit_config:/home/manoj/ros2_ws/install/moveit_resources_pr2_description:/home/manoj/ros2_ws/install/moveit_resources_panda_description:/home/manoj/ros2_ws/install/moveit_common:/opt/ros/humble /usr/bin/cmake --build /home/manoj/ros2_ws/build/moveit_core -- -j12 -l12
[2.036s] [35m[1mConsolidate compiler generated dependencies of target moveit_transforms[0m
[2.065s] [  1%] Built target moveit_transforms
[2.073s] [35m[1mConsolidate compiler generated dependencies of target moveit_version[0m
[2.084s] [  2%] Built target moveit_version
[2.102s] [  4%] Built target moveit_butterworth_parameters
[2.113s] [35m[1mConsolidate compiler generated dependencies of target moveit_smoothing_base[0m
[2.135s] [  5%] Built target moveit_smoothing_base
[2.145s] [35m[1mConsolidate compiler generated dependencies of target gmock_main[0m
[2.163s] [  6%] Built target gmock_main
[2.174s] [35m[1mConsolidate compiler generated dependencies of target gmock[0m
[2.189s] [  8%] Built target gmock
[2.198s] [35m[1mConsolidate compiler generated dependencies of target gtest_main[0m
[2.212s] [  9%] Built target gtest_main
[2.235s] [35m[1mConsolidate compiler generated dependencies of target gtest[0m
[2.252s] [ 10%] Built target gtest
[2.262s] [35m[1mConsolidate compiler generated dependencies of target moveit_utils[0m
[2.273s] [ 13%] Built target moveit_utils
[2.282s] [35m[1mConsolidate compiler generated dependencies of target test_transforms[0m
[2.296s] [ 14%] Built target test_transforms
[2.313s] [35m[1mConsolidate compiler generated dependencies of target moveit_distance_field[0m
[2.377s] [ 17%] Built target moveit_distance_field
[2.387s] [35m[1mConsolidate compiler generated dependencies of target moveit_kinematics_base[0m
[2.404s] [ 18%] Built target moveit_kinematics_base
[2.428s] [35m[1mConsolidate compiler generated dependencies of target test_distance_field[0m
[2.480s] [ 19%] Built target test_distance_field
[2.490s] [35m[1mConsolidate compiler generated dependencies of target test_voxel_grid[0m
[2.511s] [ 20%] Built target test_voxel_grid
[2.531s] [35m[1mConsolidate compiler generated dependencies of target moveit_exceptions[0m
[2.545s] [ 21%] Built target moveit_exceptions
[2.561s] [35m[1mConsolidate compiler generated dependencies of target moveit_robot_model[0m
[2.586s] [ 27%] Built target moveit_robot_model
[2.599s] [35m[1mConsolidate compiler generated dependencies of target moveit_robot_state[0m
[2.634s] [ 30%] Built target moveit_robot_state
[2.645s] [35m[1mConsolidate compiler generated dependencies of target moveit_butterworth_filter[0m
[2.663s] [ 31%] Built target moveit_butterworth_filter
[2.672s] [35m[1mConsolidate compiler generated dependencies of target moveit_kinematics_metrics[0m
[2.693s] [ 32%] Built target moveit_kinematics_metrics
[2.713s] [35m[1mConsolidate compiler generated dependencies of target test_butterworth_filter[0m
[2.765s] [ 33%] Built target test_butterworth_filter
[2.780s] [35m[1mConsolidate compiler generated dependencies of target moveit_dynamics_solver[0m
[2.800s] [ 34%] Built target moveit_dynamics_solver
[2.812s] [35m[1mConsolidate compiler generated dependencies of target moveit_robot_trajectory[0m
[2.862s] [ 35%] Built target moveit_robot_trajectory
[2.887s] [35m[1mConsolidate compiler generated dependencies of target moveit_collision_detection[0m
[2.939s] [ 40%] Built target moveit_collision_detection
[2.962s] [35m[1mConsolidate compiler generated dependencies of target moveit_planning_interface[0m
[2.993s] [ 42%] Built target moveit_planning_interface
[3.009s] [35m[1mConsolidate compiler generated dependencies of target moveit_collision_detection_bullet[0m
[3.062s] [ 47%] Built target moveit_collision_detection_bullet
[3.071s] [35m[1mConsolidate compiler generated dependencies of target test_all_valid[0m
[3.089s] [ 48%] Built target test_all_valid
[3.104s] [35m[1mConsolidate compiler generated dependencies of target test_world_diff[0m
[3.141s] [ 50%] Built target test_world_diff
[3.167s] [35m[1mConsolidate compiler generated dependencies of target test_world[0m
[3.183s] [ 51%] Built target test_world
[3.196s] [35m[1mConsolidate compiler generated dependencies of target moveit_collision_detection_fcl[0m
[3.225s] [ 53%] Built target moveit_collision_detection_fcl
[3.243s] [35m[1mConsolidate compiler generated dependencies of target moveit_trajectory_processing[0m
[3.270s] [ 56%] Built target moveit_trajectory_processing
[3.282s] [35m[1mConsolidate compiler generated dependencies of target moveit_kinematic_constraints[0m
[3.304s] [ 58%] Built target moveit_kinematic_constraints
[3.324s] [35m[1mConsolidate compiler generated dependencies of target moveit_test_utils[0m
[3.367s] [ 60%] Built target moveit_test_utils
[3.381s] [35m[1mConsolidate compiler generated dependencies of target moveit_planning_scene[0m
[3.408s] [ 62%] Built target moveit_planning_scene
[3.431s] [35m[1mConsolidate compiler generated dependencies of target test_time_optimal_trajectory_generation[0m
[3.464s] [ 64%] Built target test_time_optimal_trajectory_generation
[3.477s] [35m[1mConsolidate compiler generated dependencies of target test_ruckig_traj_smoothing[0m
[3.498s] [ 65%] Built target test_ruckig_traj_smoothing
[3.511s] [35m[1mConsolidate compiler generated dependencies of target collision_detector_bullet_plugin[0m
[3.562s] [ 66%] Built target collision_detector_bullet_plugin
[3.574s] [35m[1mConsolidate compiler generated dependencies of target test_bullet_collision_detection[0m
[3.594s] [ 67%] Built target test_bullet_collision_detection
[3.606s] [35m[1mConsolidate compiler generated dependencies of target test_bullet_collision_detection_panda[0m
[3.646s] [ 69%] Built target test_bullet_collision_detection_panda
[3.659s] [35m[1mConsolidate compiler generated dependencies of target test_bullet_continuous_collision_checking[0m
[3.681s] [ 70%] Built target test_bullet_continuous_collision_checking
[3.692s] [35m[1mConsolidate compiler generated dependencies of target collision_detector_fcl_plugin[0m
[3.717s] [ 71%] Built target collision_detector_fcl_plugin
[3.747s] [35m[1mConsolidate compiler generated dependencies of target test_fcl_collision_env[0m
[3.782s] [ 72%] Built target test_fcl_collision_env
[3.791s] [35m[1mConsolidate compiler generated dependencies of target test_fcl_collision_detection[0m
[3.812s] [ 73%] Built target test_fcl_collision_detection
[3.835s] [35m[1mConsolidate compiler generated dependencies of target test_fcl_collision_detection_panda[0m
[3.869s] [ 75%] Built target test_fcl_collision_detection_panda
[3.883s] [35m[1mConsolidate compiler generated dependencies of target moveit_collision_distance_field[0m
[3.914s] [ 78%] Built target moveit_collision_distance_field
[3.946s] [35m[1mConsolidate compiler generated dependencies of target moveit_constraint_samplers[0m
[3.979s] [ 81%] Built target moveit_constraint_samplers
[3.991s] [35m[1mConsolidate compiler generated dependencies of target moveit_planning_request_adapter[0m
[4.011s] [ 82%] Built target moveit_planning_request_adapter
[4.044s] [35m[1mConsolidate compiler generated dependencies of target test_planning_scene[0m
[4.082s] [ 83%] Built target test_planning_scene
[4.092s] [35m[1mConsolidate compiler generated dependencies of target test_collision_objects[0m
[4.108s] [ 84%] Built target test_collision_objects
[4.131s] [35m[1mConsolidate compiler generated dependencies of target test_multi_threaded[0m
[4.162s] [ 85%] Built target test_multi_threaded
[4.173s] [35m[1mConsolidate compiler generated dependencies of target test_collision_distance_field[0m
[4.193s] [ 86%] Built target test_collision_distance_field
[4.207s] [35m[1mConsolidate compiler generated dependencies of target test_constraint_samplers[0m
[4.245s] [ 89%] Built target test_constraint_samplers
[4.255s] [35m[1mConsolidate compiler generated dependencies of target test_time_parameterization[0m
[4.273s] [ 90%] Built target test_time_parameterization
[4.288s] [35m[1mConsolidate compiler generated dependencies of target test_robot_trajectory[0m
[4.306s] [ 91%] Built target test_robot_trajectory
[4.329s] [35m[1mConsolidate compiler generated dependencies of target test_cartesian_interpolator[0m
[4.378s] [ 92%] Built target test_cartesian_interpolator
[4.391s] [35m[1mConsolidate compiler generated dependencies of target test_aabb[0m
[4.409s] [ 93%] Built target test_aabb
[4.432s] [35m[1mConsolidate compiler generated dependencies of target test_robot_state_complex[0m
[4.467s] [ 94%] Built target test_robot_state_complex
[4.480s] [35m[1mConsolidate compiler generated dependencies of target test_robot_state_benchmark[0m
[4.499s] [ 95%] Built target test_robot_state_benchmark
[4.509s] [35m[1mConsolidate compiler generated dependencies of target test_robot_state[0m
[4.529s] [ 97%] Built target test_robot_state
[4.553s] [35m[1mConsolidate compiler generated dependencies of target test_robot_model[0m
[4.584s] [ 98%] Built target test_robot_model
[4.596s] [35m[1mConsolidate compiler generated dependencies of target test_orientation_constraints[0m
[4.618s] [ 99%] Built target test_orientation_constraints
[4.641s] [35m[1mConsolidate compiler generated dependencies of target test_constraints[0m
[4.674s] [100%] Built target test_constraints
[4.684s] Invoked command in '/home/manoj/ros2_ws/build/moveit_core' returned '0': AMENT_PREFIX_PATH=/home/manoj/ros2_ws/install/moveit_resources_panda_moveit_config:/home/manoj/ros2_ws/install/moveit_resources_pr2_description:/home/manoj/ros2_ws/install/moveit_resources_panda_description:/home/manoj/ros2_ws/install/moveit_common:${AMENT_PREFIX_PATH} CMAKE_PREFIX_PATH=/home/manoj/ros2_ws/install/moveit_resources_panda_moveit_config:/home/manoj/ros2_ws/install/moveit_resources_pr2_description:/home/manoj/ros2_ws/install/moveit_resources_panda_description:/home/manoj/ros2_ws/install/moveit_common:/opt/ros/humble /usr/bin/cmake --build /home/manoj/ros2_ws/build/moveit_core -- -j12 -l12
[4.686s] Invoking command in '/home/manoj/ros2_ws/build/moveit_core': AMENT_PREFIX_PATH=/home/manoj/ros2_ws/install/moveit_resources_panda_moveit_config:/home/manoj/ros2_ws/install/moveit_resources_pr2_description:/home/manoj/ros2_ws/install/moveit_resources_panda_description:/home/manoj/ros2_ws/install/moveit_common:${AMENT_PREFIX_PATH} CMAKE_PREFIX_PATH=/home/manoj/ros2_ws/install/moveit_resources_panda_moveit_config:/home/manoj/ros2_ws/install/moveit_resources_pr2_description:/home/manoj/ros2_ws/install/moveit_resources_panda_description:/home/manoj/ros2_ws/install/moveit_common:/opt/ros/humble /usr/bin/cmake --install /home/manoj/ros2_ws/build/moveit_core
[4.692s] -- Install configuration: "Release"
[4.692s] -- Execute custom install script
[4.692s] -- Up-to-date symlink: /home/manoj/ros2_ws/install/moveit_core/include/moveit/version.h
[4.693s] -- Up-to-date symlink: /home/manoj/ros2_ws/install/moveit_core/include/moveit/collision_distance_field/collision_common_distance_field.h
[4.693s] -- Up-to-date symlink: /home/manoj/ros2_ws/install/moveit_core/include/moveit/collision_distance_field/collision_detector_allocator_distance_field.h
[4.693s] -- Up-to-date symlink: /home/manoj/ros2_ws/install/moveit_core/include/moveit/collision_distance_field/collision_detector_allocator_hybrid.h
[4.693s] -- Up-to-date symlink: /home/manoj/ros2_ws/install/moveit_core/include/moveit/collision_distance_field/collision_distance_field_types.h
[4.693s] -- Up-to-date symlink: /home/manoj/ros2_ws/install/moveit_core/include/moveit/collision_distance_field/collision_env_distance_field.h
[4.693s] -- Up-to-date symlink: /home/manoj/ros2_ws/install/moveit_core/include/moveit/collision_distance_field/collision_env_hybrid.h
[4.693s] -- Up-to-date symlink: /home/manoj/ros2_ws/install/moveit_core/include/moveit_collision_distance_field_export.h
[4.693s] -- Up-to-date symlink: /home/manoj/ros2_ws/install/moveit_core/include/moveit/constraint_samplers/constraint_sampler.h
[4.693s] -- Up-to-date symlink: /home/manoj/ros2_ws/install/moveit_core/include/moveit/constraint_samplers/constraint_sampler_allocator.h
[4.693s] -- Up-to-date symlink: /home/manoj/ros2_ws/install/moveit_core/include/moveit/constraint_samplers/constraint_sampler_manager.h
[4.693s] -- Up-to-date symlink: /home/manoj/ros2_ws/install/moveit_core/include/moveit/constraint_samplers/constraint_sampler_tools.h
[4.693s] -- Up-to-date symlink: /home/manoj/ros2_ws/install/moveit_core/include/moveit/constraint_samplers/default_constraint_samplers.h
[4.693s] -- Up-to-date symlink: /home/manoj/ros2_ws/install/moveit_core/include/moveit/constraint_samplers/union_constraint_sampler.h
[4.694s] -- Up-to-date symlink: /home/manoj/ros2_ws/install/moveit_core/include/moveit/controller_manager/controller_manager.h
[4.694s] -- Up-to-date symlink: /home/manoj/ros2_ws/install/moveit_core/include/moveit/distance_field/distance_field.h
[4.694s] -- Up-to-date symlink: /home/manoj/ros2_ws/install/moveit_core/include/moveit/distance_field/find_internal_points.h
[4.694s] -- Up-to-date symlink: /home/manoj/ros2_ws/install/moveit_core/include/moveit/distance_field/propagation_distance_field.h
[4.694s] -- Up-to-date symlink: /home/manoj/ros2_ws/install/moveit_core/include/moveit/distance_field/voxel_grid.h
[4.694s] -- Up-to-date symlink: /home/manoj/ros2_ws/install/moveit_core/include/moveit/dynamics_solver/dynamics_solver.h
[4.694s] -- Up-to-date symlink: /home/manoj/ros2_ws/install/moveit_core/include/moveit/exceptions/exceptions.h
[4.694s] -- Up-to-date symlink: /home/manoj/ros2_ws/install/moveit_core/include/moveit/kinematics_base/kinematics_base.h
[4.694s] -- Up-to-date symlink: /home/manoj/ros2_ws/install/moveit_core/include/moveit_kinematics_base_export.h
[4.695s] -- Up-to-date symlink: /home/manoj/ros2_ws/install/moveit_core/include/moveit/kinematic_constraints/kinematic_constraint.h
[4.695s] -- Up-to-date symlink: /home/manoj/ros2_ws/install/moveit_core/include/moveit/kinematic_constraints/utils.h
[4.695s] -- Up-to-date symlink: /home/manoj/ros2_ws/install/moveit_core/include/moveit/kinematics_metrics/kinematics_metrics.h
[4.695s] -- Up-to-date symlink: /home/manoj/ros2_ws/install/moveit_core/include/moveit/macros/class_forward.h
[4.695s] -- Up-to-date symlink: /home/manoj/ros2_ws/install/moveit_core/include/moveit/macros/console_colors.h
[4.695s] -- Up-to-date symlink: /home/manoj/ros2_ws/install/moveit_core/include/moveit/macros/declare_ptr.h
[4.695s] -- Up-to-date symlink: /home/manoj/ros2_ws/install/moveit_core/include/moveit/macros/deprecation.h
[4.695s] -- Up-to-date symlink: /home/manoj/ros2_ws/install/moveit_core/include/moveit_core/moveit_acceleration_filter_parameters.hpp
[4.695s] -- Up-to-date symlink: /home/manoj/ros2_ws/install/moveit_core/include/moveit_core/moveit_butterworth_filter_parameters.hpp
[4.695s] -- Up-to-date symlink: /home/manoj/ros2_ws/install/moveit_core/include/moveit_core/moveit_butterworth_parameters.hpp
[4.696s] -- Up-to-date symlink: /home/manoj/ros2_ws/install/moveit_core/include/moveit_core/moveit_ruckig_filter_parameters.hpp
[4.696s] -- Up-to-date symlink: /home/manoj/ros2_ws/install/moveit_core/include/moveit/online_signal_smoothing/butterworth_filter.h
[4.696s] -- Up-to-date symlink: /home/manoj/ros2_ws/install/moveit_core/include/moveit/online_signal_smoothing/smoothing_base_class.h
[4.696s] -- Up-to-date symlink: /home/manoj/ros2_ws/install/moveit_core/include/moveit_smoothing_base_export.h
[4.696s] -- Up-to-date symlink: /home/manoj/ros2_ws/install/moveit_core/include/moveit_butterworth_filter_export.h
[4.696s] -- Up-to-date symlink: /home/manoj/ros2_ws/install/moveit_core/include/moveit/planning_interface/planning_interface.h
[4.696s] -- Up-to-date symlink: /home/manoj/ros2_ws/install/moveit_core/include/moveit/planning_interface/planning_request.h
[4.696s] -- Up-to-date symlink: /home/manoj/ros2_ws/install/moveit_core/include/moveit/planning_interface/planning_response.h
[4.696s] -- Up-to-date symlink: /home/manoj/ros2_ws/install/moveit_core/include/moveit/planning_request_adapter/planning_request_adapter.h
[4.697s] -- Up-to-date symlink: /home/manoj/ros2_ws/install/moveit_core/include/moveit/planning_scene/planning_scene.h
[4.697s] -- Up-to-date symlink: /home/manoj/ros2_ws/install/moveit_core/include/moveit_planning_scene_export.h
[4.697s] -- Up-to-date symlink: /home/manoj/ros2_ws/install/moveit_core/include/moveit/robot_model/aabb.h
[4.697s] -- Up-to-date symlink: /home/manoj/ros2_ws/install/moveit_core/include/moveit/robot_model/fixed_joint_model.h
[4.697s] -- Up-to-date symlink: /home/manoj/ros2_ws/install/moveit_core/include/moveit/robot_model/floating_joint_model.h
[4.697s] -- Up-to-date symlink: /home/manoj/ros2_ws/install/moveit_core/include/moveit/robot_model/joint_model.h
[4.697s] -- Up-to-date symlink: /home/manoj/ros2_ws/install/moveit_core/include/moveit/robot_model/joint_model_group.h
[4.697s] -- Up-to-date symlink: /home/manoj/ros2_ws/install/moveit_core/include/moveit/robot_model/link_model.h
[4.697s] -- Up-to-date symlink: /home/manoj/ros2_ws/install/moveit_core/include/moveit/robot_model/planar_joint_model.h
[4.697s] -- Up-to-date symlink: /home/manoj/ros2_ws/install/moveit_core/include/moveit/robot_model/prismatic_joint_model.h
[4.697s] -- Up-to-date symlink: /home/manoj/ros2_ws/install/moveit_core/include/moveit/robot_model/revolute_joint_model.h
[4.698s] -- Up-to-date symlink: /home/manoj/ros2_ws/install/moveit_core/include/moveit/robot_model/robot_model.h
[4.698s] -- Up-to-date symlink: /home/manoj/ros2_ws/install/moveit_core/include/moveit/robot_state/attached_body.h
[4.698s] -- Up-to-date symlink: /home/manoj/ros2_ws/install/moveit_core/include/moveit/robot_state/cartesian_interpolator.h
[4.698s] -- Up-to-date symlink: /home/manoj/ros2_ws/install/moveit_core/include/moveit/robot_state/conversions.h
[4.698s] -- Up-to-date symlink: /home/manoj/ros2_ws/install/moveit_core/include/moveit/robot_state/robot_state.h
[4.698s] -- Up-to-date symlink: /home/manoj/ros2_ws/install/moveit_core/include/moveit/robot_trajectory/robot_trajectory.h
[4.698s] -- Up-to-date symlink: /home/manoj/ros2_ws/install/moveit_core/include/moveit/sensor_manager/sensor_manager.h
[4.698s] -- Up-to-date symlink: /home/manoj/ros2_ws/install/moveit_core/include/moveit/trajectory_processing/iterative_spline_parameterization.h
[4.698s] -- Up-to-date symlink: /home/manoj/ros2_ws/install/moveit_core/include/moveit/trajectory_processing/iterative_time_parameterization.h
[4.698s] -- Up-to-date symlink: /home/manoj/ros2_ws/install/moveit_core/include/moveit/trajectory_processing/ruckig_traj_smoothing.h
[4.699s] -- Up-to-date symlink: /home/manoj/ros2_ws/install/moveit_core/include/moveit/trajectory_processing/time_optimal_trajectory_generation.h
[4.699s] -- Up-to-date symlink: /home/manoj/ros2_ws/install/moveit_core/include/moveit/trajectory_processing/time_parameterization.h
[4.699s] -- Up-to-date symlink: /home/manoj/ros2_ws/install/moveit_core/include/moveit/trajectory_processing/trajectory_tools.h
[4.699s] -- Up-to-date symlink: /home/manoj/ros2_ws/install/moveit_core/include/moveit/transforms/transforms.h
[4.699s] -- Up-to-date symlink: /home/manoj/ros2_ws/install/moveit_core/include/moveit/utils/lexical_casts.h
[4.699s] -- Up-to-date symlink: /home/manoj/ros2_ws/install/moveit_core/include/moveit/utils/message_checks.h
[4.699s] -- Up-to-date symlink: /home/manoj/ros2_ws/install/moveit_core/include/moveit/utils/moveit_error_code.h
[4.699s] -- Up-to-date symlink: /home/manoj/ros2_ws/install/moveit_core/include/moveit/utils/rclcpp_utils.h
[4.699s] -- Up-to-date symlink: /home/manoj/ros2_ws/install/moveit_core/include/moveit/utils/robot_model_test_utils.h
[4.700s] -- Up-to-date symlink: /home/manoj/ros2_ws/install/moveit_core/bin/moveit_version
[4.700s] -- Up-to-date symlink: /home/manoj/ros2_ws/install/moveit_core/include/moveit/collision_detection/allvalid/collision_detector_allocator_allvalid.h
[4.700s] -- Up-to-date symlink: /home/manoj/ros2_ws/install/moveit_core/include/moveit/collision_detection/allvalid/collision_env_allvalid.h
[4.700s] -- Up-to-date symlink: /home/manoj/ros2_ws/install/moveit_core/include/moveit/collision_detection/collision_common.h
[4.700s] -- Up-to-date symlink: /home/manoj/ros2_ws/install/moveit_core/include/moveit/collision_detection/collision_detector_allocator.h
[4.700s] -- Up-to-date symlink: /home/manoj/ros2_ws/install/moveit_core/include/moveit/collision_detection/collision_env.h
[4.701s] -- Up-to-date symlink: /home/manoj/ros2_ws/install/moveit_core/include/moveit/collision_detection/collision_matrix.h
[4.701s] -- Up-to-date symlink: /home/manoj/ros2_ws/install/moveit_core/include/moveit/collision_detection/collision_octomap_filter.h
[4.701s] -- Up-to-date symlink: /home/manoj/ros2_ws/install/moveit_core/include/moveit/collision_detection/collision_plugin.h
[4.701s] -- Up-to-date symlink: /home/manoj/ros2_ws/install/moveit_core/include/moveit/collision_detection/collision_plugin_cache.h
[4.701s] -- Up-to-date symlink: /home/manoj/ros2_ws/install/moveit_core/include/moveit/collision_detection/collision_tools.h
[4.701s] -- Up-to-date symlink: /home/manoj/ros2_ws/install/moveit_core/include/moveit/collision_detection/occupancy_map.h
[4.701s] -- Up-to-date symlink: /home/manoj/ros2_ws/install/moveit_core/include/moveit/collision_detection/test_collision_common_panda.h
[4.701s] -- Up-to-date symlink: /home/manoj/ros2_ws/install/moveit_core/include/moveit/collision_detection/test_collision_common_pr2.h
[4.701s] -- Up-to-date symlink: /home/manoj/ros2_ws/install/moveit_core/include/moveit/collision_detection/world.h
[4.701s] -- Up-to-date symlink: /home/manoj/ros2_ws/install/moveit_core/include/moveit/collision_detection/world_diff.h
[4.701s] -- Up-to-date symlink: /home/manoj/ros2_ws/install/moveit_core/include/moveit_collision_detection_export.h
[4.701s] -- Up-to-date symlink: /home/manoj/ros2_ws/install/moveit_core/include/moveit/collision_detection_bullet/bullet_integration/basic_types.h
[4.701s] -- Up-to-date symlink: /home/manoj/ros2_ws/install/moveit_core/include/moveit/collision_detection_bullet/bullet_integration/bullet_bvh_manager.h
[4.701s] -- Up-to-date symlink: /home/manoj/ros2_ws/install/moveit_core/include/moveit/collision_detection_bullet/bullet_integration/bullet_cast_bvh_manager.h
[4.702s] -- Up-to-date symlink: /home/manoj/ros2_ws/install/moveit_core/include/moveit/collision_detection_bullet/bullet_integration/bullet_discrete_bvh_manager.h
[4.702s] -- Up-to-date symlink: /home/manoj/ros2_ws/install/moveit_core/include/moveit/collision_detection_bullet/bullet_integration/bullet_utils.h
[4.702s] -- Up-to-date symlink: /home/manoj/ros2_ws/install/moveit_core/include/moveit/collision_detection_bullet/bullet_integration/contact_checker_common.h
[4.702s] -- Up-to-date symlink: /home/manoj/ros2_ws/install/moveit_core/include/moveit/collision_detection_bullet/bullet_integration/ros_bullet_utils.h
[4.702s] -- Up-to-date symlink: /home/manoj/ros2_ws/install/moveit_core/include/moveit/collision_detection_bullet/collision_detector_allocator_bullet.h
[4.702s] -- Up-to-date symlink: /home/manoj/ros2_ws/install/moveit_core/include/moveit/collision_detection_bullet/collision_detector_bullet_plugin_loader.h
[4.702s] -- Up-to-date symlink: /home/manoj/ros2_ws/install/moveit_core/include/moveit/collision_detection_bullet/collision_env_bullet.h
[4.702s] -- Up-to-date symlink: /home/manoj/ros2_ws/install/moveit_core/include/moveit_collision_detection_bullet_export.h
[4.702s] -- Up-to-date symlink: /home/manoj/ros2_ws/install/moveit_core/include/moveit/collision_detection_fcl/collision_common.h
[4.702s] -- Up-to-date symlink: /home/manoj/ros2_ws/install/moveit_core/include/moveit/collision_detection_fcl/collision_detector_allocator_fcl.h
[4.702s] -- Up-to-date symlink: /home/manoj/ros2_ws/install/moveit_core/include/moveit/collision_detection_fcl/collision_detector_fcl_plugin_loader.h
[4.702s] -- Up-to-date symlink: /home/manoj/ros2_ws/install/moveit_core/include/moveit/collision_detection_fcl/collision_env_fcl.h
[4.702s] -- Up-to-date symlink: /home/manoj/ros2_ws/install/moveit_core/include/moveit/collision_detection_fcl/fcl_compat.h
[4.703s] -- Up-to-date symlink: /home/manoj/ros2_ws/install/moveit_core/include/moveit_collision_detection_fcl_export.h
[4.703s] -- Up-to-date symlink: /home/manoj/ros2_ws/install/moveit_core/share/moveit_core/environment/library_path.sh
[4.703s] -- Up-to-date symlink: /home/manoj/ros2_ws/install/moveit_core/share/moveit_core/environment/library_path.dsv
[4.703s] -- Up-to-date symlink: /home/manoj/ros2_ws/install/moveit_core/share/moveit_core//collision_detector_fcl_description.xml
[4.703s] -- Up-to-date symlink: /home/manoj/ros2_ws/install/moveit_core/share/moveit_core//collision_detector_bullet_description.xml
[4.703s] -- Up-to-date symlink: /home/manoj/ros2_ws/install/moveit_core/share/moveit_core//filter_plugin_butterworth.xml
[4.703s] -- Up-to-date symlink: /home/manoj/ros2_ws/install/moveit_core/share/ament_index/resource_index/package_run_dependencies/moveit_core
[4.703s] -- Up-to-date symlink: /home/manoj/ros2_ws/install/moveit_core/share/ament_index/resource_index/parent_prefix_path/moveit_core
[4.703s] -- Up-to-date symlink: /home/manoj/ros2_ws/install/moveit_core/share/moveit_core/environment/ament_prefix_path.sh
[4.703s] -- Up-to-date symlink: /home/manoj/ros2_ws/install/moveit_core/share/moveit_core/environment/ament_prefix_path.dsv
[4.703s] -- Up-to-date symlink: /home/manoj/ros2_ws/install/moveit_core/share/moveit_core/environment/path.sh
[4.703s] -- Up-to-date symlink: /home/manoj/ros2_ws/install/moveit_core/share/moveit_core/environment/path.dsv
[4.703s] -- Up-to-date symlink: /home/manoj/ros2_ws/install/moveit_core/share/moveit_core/local_setup.bash
[4.703s] -- Up-to-date symlink: /home/manoj/ros2_ws/install/moveit_core/share/moveit_core/local_setup.sh
[4.704s] -- Up-to-date symlink: /home/manoj/ros2_ws/install/moveit_core/share/moveit_core/local_setup.zsh
[4.704s] -- Up-to-date symlink: /home/manoj/ros2_ws/install/moveit_core/share/moveit_core/local_setup.dsv
[4.704s] -- Symlinking: /home/manoj/ros2_ws/install/moveit_core/share/moveit_core/package.dsv
[4.714s] -- Up-to-date symlink: /home/manoj/ros2_ws/install/moveit_core/share/ament_index/resource_index/packages/moveit_core
[4.714s] -- Up-to-date symlink: /home/manoj/ros2_ws/install/moveit_core/share/ament_index/resource_index/moveit_core__pluginlib__plugin/moveit_core
[4.714s] -- Up-to-date symlink: /home/manoj/ros2_ws/install/moveit_core/share/moveit_core/cmake/ConfigExtras.cmake
[4.714s] -- Up-to-date symlink: /home/manoj/ros2_ws/install/moveit_core/share/moveit_core/cmake/ament_cmake_export_targets-extras.cmake
[4.714s] -- Up-to-date symlink: /home/manoj/ros2_ws/install/moveit_core/share/moveit_core/cmake/ament_cmake_export_dependencies-extras.cmake
[4.714s] -- Up-to-date symlink: /home/manoj/ros2_ws/install/moveit_core/share/moveit_core/cmake/moveit_coreConfig.cmake
[4.714s] -- Up-to-date symlink: /home/manoj/ros2_ws/install/moveit_core/share/moveit_core/cmake/moveit_coreConfig-version.cmake
[4.714s] -- Up-to-date symlink: /home/manoj/ros2_ws/install/moveit_core/share/moveit_core/package.xml
[4.717s] -- Up-to-date: /home/manoj/ros2_ws/install/moveit_core/lib/libcollision_detector_bullet_plugin.so.2.5.9
[4.717s] -- Up-to-date: /home/manoj/ros2_ws/install/moveit_core/lib/libcollision_detector_bullet_plugin.so
[4.717s] -- Up-to-date: /home/manoj/ros2_ws/install/moveit_core/lib/libmoveit_butterworth_filter.so.2.5.9
[4.718s] -- Up-to-date: /home/manoj/ros2_ws/install/moveit_core/lib/libmoveit_butterworth_filter.so
[4.718s] -- Up-to-date: /home/manoj/ros2_ws/install/moveit_core/lib/libmoveit_collision_distance_field.so.2.5.9
[4.718s] -- Up-to-date: /home/manoj/ros2_ws/install/moveit_core/lib/libmoveit_collision_distance_field.so
[4.719s] -- Up-to-date: /home/manoj/ros2_ws/install/moveit_core/lib/libmoveit_collision_detection.so.2.5.9
[4.719s] -- Up-to-date: /home/manoj/ros2_ws/install/moveit_core/lib/libmoveit_collision_detection.so
[4.719s] -- Up-to-date: /home/manoj/ros2_ws/install/moveit_core/lib/libmoveit_collision_detection_fcl.so.2.5.9
[4.719s] -- Up-to-date: /home/manoj/ros2_ws/install/moveit_core/lib/libmoveit_collision_detection_fcl.so
[4.719s] -- Up-to-date: /home/manoj/ros2_ws/install/moveit_core/lib/libmoveit_collision_detection_bullet.so.2.5.9
[4.720s] -- Up-to-date: /home/manoj/ros2_ws/install/moveit_core/lib/libmoveit_collision_detection_bullet.so
[4.720s] -- Up-to-date: /home/manoj/ros2_ws/install/moveit_core/lib/libmoveit_dynamics_solver.so.2.5.9
[4.720s] -- Up-to-date: /home/manoj/ros2_ws/install/moveit_core/lib/libmoveit_dynamics_solver.so
[4.721s] -- Up-to-date: /home/manoj/ros2_ws/install/moveit_core/lib/libmoveit_constraint_samplers.so.2.5.9
[4.721s] -- Up-to-date: /home/manoj/ros2_ws/install/moveit_core/lib/libmoveit_constraint_samplers.so
[4.721s] -- Up-to-date: /home/manoj/ros2_ws/install/moveit_core/lib/libmoveit_distance_field.so.2.5.9
[4.721s] -- Up-to-date: /home/manoj/ros2_ws/install/moveit_core/lib/libmoveit_distance_field.so
[4.722s] -- Up-to-date: /home/manoj/ros2_ws/install/moveit_core/lib/libmoveit_exceptions.so.2.5.9
[4.722s] -- Up-to-date: /home/manoj/ros2_ws/install/moveit_core/lib/libmoveit_exceptions.so
[4.722s] -- Up-to-date: /home/manoj/ros2_ws/install/moveit_core/lib/libmoveit_kinematics_base.so
[4.722s] -- Up-to-date: /home/manoj/ros2_ws/install/moveit_core/lib/libmoveit_kinematic_constraints.so.2.5.9
[4.723s] -- Up-to-date: /home/manoj/ros2_ws/install/moveit_core/lib/libmoveit_kinematic_constraints.so
[4.723s] -- Up-to-date: /home/manoj/ros2_ws/install/moveit_core/lib/libmoveit_kinematics_metrics.so.2.5.9
[4.723s] -- Up-to-date: /home/manoj/ros2_ws/install/moveit_core/lib/libmoveit_kinematics_metrics.so
[4.724s] -- Up-to-date: /home/manoj/ros2_ws/install/moveit_core/lib/libmoveit_planning_interface.so.2.5.9
[4.724s] -- Up-to-date: /home/manoj/ros2_ws/install/moveit_core/lib/libmoveit_planning_interface.so
[4.724s] -- Up-to-date: /home/manoj/ros2_ws/install/moveit_core/lib/libmoveit_planning_scene.so.2.5.9
[4.724s] -- Up-to-date: /home/manoj/ros2_ws/install/moveit_core/lib/libmoveit_planning_scene.so
[4.725s] -- Up-to-date: /home/manoj/ros2_ws/install/moveit_core/lib/libmoveit_planning_request_adapter.so.2.5.9
[4.725s] -- Up-to-date: /home/manoj/ros2_ws/install/moveit_core/lib/libmoveit_planning_request_adapter.so
[4.726s] -- Up-to-date: /home/manoj/ros2_ws/install/moveit_core/lib/libmoveit_robot_model.so.2.5.9
[4.726s] -- Up-to-date: /home/manoj/ros2_ws/install/moveit_core/lib/libmoveit_robot_model.so
[4.727s] -- Up-to-date: /home/manoj/ros2_ws/install/moveit_core/lib/libmoveit_robot_state.so.2.5.9
[4.727s] -- Up-to-date: /home/manoj/ros2_ws/install/moveit_core/lib/libmoveit_robot_state.so
[4.727s] -- Up-to-date: /home/manoj/ros2_ws/install/moveit_core/lib/libmoveit_robot_trajectory.so.2.5.9
[4.727s] -- Up-to-date: /home/manoj/ros2_ws/install/moveit_core/lib/libmoveit_robot_trajectory.so
[4.728s] -- Up-to-date: /home/manoj/ros2_ws/install/moveit_core/lib/libmoveit_smoothing_base.so.2.5.9
[4.728s] -- Up-to-date: /home/manoj/ros2_ws/install/moveit_core/lib/libmoveit_smoothing_base.so
[4.728s] -- Up-to-date: /home/manoj/ros2_ws/install/moveit_core/lib/libmoveit_test_utils.so.2.5.9
[4.728s] -- Up-to-date: /home/manoj/ros2_ws/install/moveit_core/lib/libmoveit_test_utils.so
[4.728s] -- Up-to-date: /home/manoj/ros2_ws/install/moveit_core/lib/libmoveit_trajectory_processing.so.2.5.9
[4.728s] -- Up-to-date: /home/manoj/ros2_ws/install/moveit_core/lib/libmoveit_trajectory_processing.so
[4.729s] -- Up-to-date: /home/manoj/ros2_ws/install/moveit_core/lib/libmoveit_transforms.so.2.5.9
[4.729s] -- Up-to-date: /home/manoj/ros2_ws/install/moveit_core/lib/libmoveit_transforms.so
[4.729s] -- Up-to-date: /home/manoj/ros2_ws/install/moveit_core/lib/libmoveit_utils.so.2.5.9
[4.729s] -- Up-to-date: /home/manoj/ros2_ws/install/moveit_core/lib/libmoveit_utils.so
[4.730s] -- Up-to-date: /home/manoj/ros2_ws/install/moveit_core/share/moveit_core/cmake/export_moveit_coreExport.cmake
[4.730s] -- Up-to-date: /home/manoj/ros2_ws/install/moveit_core/share/moveit_core/cmake/export_moveit_coreExport-release.cmake
[4.732s] Invoked command in '/home/manoj/ros2_ws/build/moveit_core' returned '0': AMENT_PREFIX_PATH=/home/manoj/ros2_ws/install/moveit_resources_panda_moveit_config:/home/manoj/ros2_ws/install/moveit_resources_pr2_description:/home/manoj/ros2_ws/install/moveit_resources_panda_description:/home/manoj/ros2_ws/install/moveit_common:${AMENT_PREFIX_PATH} CMAKE_PREFIX_PATH=/home/manoj/ros2_ws/install/moveit_resources_panda_moveit_config:/home/manoj/ros2_ws/install/moveit_resources_pr2_description:/home/manoj/ros2_ws/install/moveit_resources_panda_description:/home/manoj/ros2_ws/install/moveit_common:/opt/ros/humble /usr/bin/cmake --install /home/manoj/ros2_ws/build/moveit_core
