[0.369s] Invoking command in '/home/manoj/ros2_ws/build/moveit_resources_fanuc_description': CMAKE_PREFIX_PATH=/opt/ros/humble /usr/bin/cmake /home/manoj/ros2_ws/src/moveit_resources/fanuc_description -DCMAKE_INSTALL_PREFIX=/home/manoj/ros2_ws/install/moveit_resources_fanuc_description
[0.714s] -- Found ament_cmake: 1.3.11 (/opt/ros/humble/share/ament_cmake/cmake)
[0.714s] -- Override CMake install command with custom implementation using symlinks instead of copying resources
[0.714s] -- Configuring done
[0.714s] -- Generating done
[0.714s] -- Build files have been written to: /home/manoj/ros2_ws/build/moveit_resources_fanuc_description
[0.721s] Invoked command in '/home/manoj/ros2_ws/build/moveit_resources_fanuc_description' returned '0': CMAKE_PREFIX_PATH=/opt/ros/humble /usr/bin/cmake /home/manoj/ros2_ws/src/moveit_resources/fanuc_description -DCMAKE_INSTALL_PREFIX=/home/manoj/ros2_ws/install/moveit_resources_fanuc_description
[0.722s] Invoking command in '/home/manoj/ros2_ws/build/moveit_resources_fanuc_description': CMAKE_PREFIX_PATH=/opt/ros/humble /usr/bin/cmake --build /home/manoj/ros2_ws/build/moveit_resources_fanuc_description -- -j12 -l12
[0.795s] Invoked command in '/home/manoj/ros2_ws/build/moveit_resources_fanuc_description' returned '0': CMAKE_PREFIX_PATH=/opt/ros/humble /usr/bin/cmake --build /home/manoj/ros2_ws/build/moveit_resources_fanuc_description -- -j12 -l12
[0.798s] Invoking command in '/home/manoj/ros2_ws/build/moveit_resources_fanuc_description': CMAKE_PREFIX_PATH=/opt/ros/humble /usr/bin/cmake --install /home/manoj/ros2_ws/build/moveit_resources_fanuc_description
[0.831s] -- Install configuration: "Release"
[0.833s] -- Execute custom install script
[0.833s] -- Up-to-date symlink: /home/manoj/ros2_ws/install/moveit_resources_fanuc_description/share/ament_index/resource_index/package_run_dependencies/moveit_resources_fanuc_description
[0.834s] -- Up-to-date symlink: /home/manoj/ros2_ws/install/moveit_resources_fanuc_description/share/ament_index/resource_index/parent_prefix_path/moveit_resources_fanuc_description
[0.834s] -- Up-to-date symlink: /home/manoj/ros2_ws/install/moveit_resources_fanuc_description/share/moveit_resources_fanuc_description/environment/ament_prefix_path.sh
[0.834s] -- Up-to-date symlink: /home/manoj/ros2_ws/install/moveit_resources_fanuc_description/share/moveit_resources_fanuc_description/environment/ament_prefix_path.dsv
[0.834s] -- Up-to-date symlink: /home/manoj/ros2_ws/install/moveit_resources_fanuc_description/share/moveit_resources_fanuc_description/environment/path.sh
[0.834s] -- Up-to-date symlink: /home/manoj/ros2_ws/install/moveit_resources_fanuc_description/share/moveit_resources_fanuc_description/environment/path.dsv
[0.834s] -- Up-to-date symlink: /home/manoj/ros2_ws/install/moveit_resources_fanuc_description/share/moveit_resources_fanuc_description/local_setup.bash
[0.834s] -- Up-to-date symlink: /home/manoj/ros2_ws/install/moveit_resources_fanuc_description/share/moveit_resources_fanuc_description/local_setup.sh
[0.834s] -- Up-to-date symlink: /home/manoj/ros2_ws/install/moveit_resources_fanuc_description/share/moveit_resources_fanuc_description/local_setup.zsh
[0.834s] -- Up-to-date symlink: /home/manoj/ros2_ws/install/moveit_resources_fanuc_description/share/moveit_resources_fanuc_description/local_setup.dsv
[0.834s] -- Symlinking: /home/manoj/ros2_ws/install/moveit_resources_fanuc_description/share/moveit_resources_fanuc_description/package.dsv
[0.835s] -- Up-to-date symlink: /home/manoj/ros2_ws/install/moveit_resources_fanuc_description/share/ament_index/resource_index/packages/moveit_resources_fanuc_description
[0.835s] -- Up-to-date symlink: /home/manoj/ros2_ws/install/moveit_resources_fanuc_description/share/moveit_resources_fanuc_description/cmake/moveit_resources_fanuc_descriptionConfig.cmake
[0.836s] -- Up-to-date symlink: /home/manoj/ros2_ws/install/moveit_resources_fanuc_description/share/moveit_resources_fanuc_description/cmake/moveit_resources_fanuc_descriptionConfig-version.cmake
[0.836s] -- Up-to-date symlink: /home/manoj/ros2_ws/install/moveit_resources_fanuc_description/share/moveit_resources_fanuc_description/package.xml
[0.838s] -- Up-to-date symlink: /home/manoj/ros2_ws/install/moveit_resources_fanuc_description/share/moveit_resources_fanuc_description/meshes/collision/base_link.stl
[0.839s] -- Up-to-date symlink: /home/manoj/ros2_ws/install/moveit_resources_fanuc_description/share/moveit_resources_fanuc_description/meshes/collision/link_1.stl
[0.839s] -- Up-to-date symlink: /home/manoj/ros2_ws/install/moveit_resources_fanuc_description/share/moveit_resources_fanuc_description/meshes/collision/link_2.stl
[0.839s] -- Up-to-date symlink: /home/manoj/ros2_ws/install/moveit_resources_fanuc_description/share/moveit_resources_fanuc_description/meshes/collision/link_3.stl
[0.839s] -- Up-to-date symlink: /home/manoj/ros2_ws/install/moveit_resources_fanuc_description/share/moveit_resources_fanuc_description/meshes/collision/link_4.stl
[0.845s] -- Up-to-date symlink: /home/manoj/ros2_ws/install/moveit_resources_fanuc_description/share/moveit_resources_fanuc_description/meshes/collision/link_5.stl
[0.845s] -- Up-to-date symlink: /home/manoj/ros2_ws/install/moveit_resources_fanuc_description/share/moveit_resources_fanuc_description/meshes/collision/link_6.stl
[0.845s] -- Up-to-date symlink: /home/manoj/ros2_ws/install/moveit_resources_fanuc_description/share/moveit_resources_fanuc_description/meshes/visual/base_link.stl
[0.845s] -- Up-to-date symlink: /home/manoj/ros2_ws/install/moveit_resources_fanuc_description/share/moveit_resources_fanuc_description/meshes/visual/link_1.stl
[0.850s] -- Up-to-date symlink: /home/manoj/ros2_ws/install/moveit_resources_fanuc_description/share/moveit_resources_fanuc_description/meshes/visual/link_2.stl
[0.850s] -- Up-to-date symlink: /home/manoj/ros2_ws/install/moveit_resources_fanuc_description/share/moveit_resources_fanuc_description/meshes/visual/link_3.stl
[0.850s] -- Up-to-date symlink: /home/manoj/ros2_ws/install/moveit_resources_fanuc_description/share/moveit_resources_fanuc_description/meshes/visual/link_4.stl
[0.851s] -- Up-to-date symlink: /home/manoj/ros2_ws/install/moveit_resources_fanuc_description/share/moveit_resources_fanuc_description/meshes/visual/link_5.stl
[0.853s] -- Up-to-date symlink: /home/manoj/ros2_ws/install/moveit_resources_fanuc_description/share/moveit_resources_fanuc_description/meshes/visual/link_6.stl
[0.854s] -- Up-to-date symlink: /home/manoj/ros2_ws/install/moveit_resources_fanuc_description/share/moveit_resources_fanuc_description/urdf/fanuc.urdf
[0.883s] Invoked command in '/home/manoj/ros2_ws/build/moveit_resources_fanuc_description' returned '0': CMAKE_PREFIX_PATH=/opt/ros/humble /usr/bin/cmake --install /home/manoj/ros2_ws/build/moveit_resources_fanuc_description
