[0.071s] Invoking command in '/home/manoj/ros2_ws/build/pilz_industrial_motion_planner': AMENT_PREFIX_PATH=/home/manoj/ros2_ws/install/moveit_resources_prbt_pg70_support:/home/manoj/ros2_ws/install/moveit_ros_planning_interface:/home/manoj/ros2_ws/install/moveit_resources_prbt_moveit_config:/home/manoj/ros2_ws/install/moveit_ros_move_group:/home/manoj/ros2_ws/install/moveit_ros_warehouse:/home/manoj/ros2_ws/install/moveit_planners_ompl:/home/manoj/ros2_ws/install/moveit_kinematics:/home/manoj/ros2_ws/install/moveit_ros_planning:/home/manoj/ros2_ws/install/pilz_industrial_motion_planner_testutils:/home/manoj/ros2_ws/install/moveit_simple_controller_manager:/home/manoj/ros2_ws/install/moveit_ros_occupancy_map_monitor:/home/manoj/ros2_ws/install/moveit_resources_prbt_ikfast_manipulator_plugin:/home/manoj/ros2_ws/install/moveit_core:/home/manoj/ros2_ws/install/moveit_resources_panda_moveit_config:/home/manoj/ros2_ws/install/moveit_resources_fanuc_moveit_config:/home/manoj/ros2_ws/install/moveit_resources_prbt_support:/home/manoj/ros2_ws/install/moveit_resources_pr2_description:/home/manoj/ros2_ws/install/moveit_resources_panda_description:/home/manoj/ros2_ws/install/moveit_resources_fanuc_description:/home/manoj/ros2_ws/install/moveit_configs_utils:/home/manoj/ros2_ws/install/moveit_common:${AMENT_PREFIX_PATH} CMAKE_PREFIX_PATH=/home/manoj/ros2_ws/install/moveit_resources_prbt_pg70_support:/home/manoj/ros2_ws/install/moveit_ros_planning_interface:/home/manoj/ros2_ws/install/moveit_resources_prbt_moveit_config:/home/manoj/ros2_ws/install/moveit_ros_move_group:/home/manoj/ros2_ws/install/moveit_ros_warehouse:/home/manoj/ros2_ws/install/moveit_planners_ompl:/home/manoj/ros2_ws/install/moveit_kinematics:/home/manoj/ros2_ws/install/moveit_ros_planning:/home/manoj/ros2_ws/install/pilz_industrial_motion_planner_testutils:/home/manoj/ros2_ws/install/moveit_simple_controller_manager:/home/manoj/ros2_ws/install/moveit_ros_occupancy_map_monitor:/home/manoj/ros2_ws/install/moveit_resources_prbt_ikfast_manipulator_plugin:/home/manoj/ros2_ws/install/moveit_core:/home/manoj/ros2_ws/install/moveit_resources_panda_moveit_config:/home/manoj/ros2_ws/install/moveit_resources_fanuc_moveit_config:/home/manoj/ros2_ws/install/moveit_resources_prbt_support:/home/manoj/ros2_ws/install/moveit_resources_pr2_description:/home/manoj/ros2_ws/install/moveit_resources_panda_description:/home/manoj/ros2_ws/install/moveit_resources_fanuc_description:/home/manoj/ros2_ws/install/moveit_common:/opt/ros/humble LD_LIBRARY_PATH=/home/manoj/ros2_ws/install/moveit_ros_planning_interface/lib:/home/manoj/ros2_ws/install/moveit_ros_move_group/lib:/home/manoj/ros2_ws/install/moveit_ros_warehouse/lib:/home/manoj/ros2_ws/install/moveit_planners_ompl/lib:/home/manoj/ros2_ws/install/moveit_kinematics/lib:/home/manoj/ros2_ws/install/moveit_ros_planning/lib:/home/manoj/ros2_ws/install/pilz_industrial_motion_planner_testutils/lib:/home/manoj/ros2_ws/install/moveit_simple_controller_manager/lib:/home/manoj/ros2_ws/install/moveit_ros_occupancy_map_monitor/lib:/home/manoj/ros2_ws/install/moveit_resources_prbt_ikfast_manipulator_plugin/lib:/home/manoj/ros2_ws/install/moveit_core/lib:${LD_LIBRARY_PATH} PATH=/home/manoj/ros2_ws/install/moveit_core/bin:${PATH} PYTHONPATH=/home/manoj/ros2_ws/install/moveit_configs_utils/lib/python3.10/site-packages:${PYTHONPATH} /usr/bin/cmake /home/manoj/ros2_ws/src/moveit2/moveit_planners/pilz_industrial_motion_planner -DCMAKE_BUILD_TYPE=Release -DCMAKE_INSTALL_PREFIX=/home/manoj/ros2_ws/install/pilz_industrial_motion_planner
[0.087s] -- Found moveit_common: 2.5.9 (/home/manoj/ros2_ws/install/moveit_common/share/moveit_common/cmake)
[0.087s] -- Found ament_cmake: 1.3.11 (/opt/ros/humble/share/ament_cmake/cmake)
[0.220s] -- Override CMake install command with custom implementation using symlinks instead of copying resources
[0.328s] -- Found eigen3_cmake_module: 0.1.1 (/opt/ros/humble/share/eigen3_cmake_module/cmake)
[0.331s] -- Found geometry_msgs: 4.8.0 (/opt/ros/humble/share/geometry_msgs/cmake)
[0.371s] -- Found rosidl_generator_c: 3.1.6 (/opt/ros/humble/share/rosidl_generator_c/cmake)
[0.376s] -- Found rosidl_adapter: 3.1.6 (/opt/ros/humble/share/rosidl_adapter/cmake)
[0.385s] -- Found rosidl_generator_cpp: 3.1.6 (/opt/ros/humble/share/rosidl_generator_cpp/cmake)
[0.401s] -- Using all available rosidl_typesupport_c: rosidl_typesupport_fastrtps_c;rosidl_typesupport_introspection_c
[0.422s] -- Using all available rosidl_typesupport_cpp: rosidl_typesupport_fastrtps_cpp;rosidl_typesupport_introspection_cpp
[0.480s] -- Found moveit_core: 2.5.9 (/home/manoj/ros2_ws/install/moveit_core/share/moveit_core/cmake)
[0.503s] -- Found Boost: /usr/lib/x86_64-linux-gnu/cmake/Boost-1.74.0/BoostConfig.cmake (found version "1.74.0") found components: chrono date_time filesystem iostreams program_options regex serialization system thread 
[0.547s] -- Found parameter_traits: 0.4.0 (/opt/ros/humble/share/parameter_traits/cmake)
[0.590s] -- Found rmw_implementation_cmake: 6.1.2 (/opt/ros/humble/share/rmw_implementation_cmake/cmake)
[0.593s] -- Found rmw_fastrtps_cpp: 6.2.7 (/opt/ros/humble/share/rmw_fastrtps_cpp/cmake)
[0.763s] -- Using RMW implementation 'rmw_fastrtps_cpp' as default
[0.837s] -- Found rclcpp_lifecycle: 16.0.12 (/opt/ros/humble/share/rclcpp_lifecycle/cmake)
[0.870s] -- Found Boost: /usr/lib/x86_64-linux-gnu/cmake/Boost-1.74.0/BoostConfig.cmake (found version "1.74.0") found components: filesystem 
[0.923s] -- library: /usr/lib/x86_64-linux-gnu/libcurl.so
[1.014s] -- Ensuring Eigen3 include directory is part of orocos-kdl CMake target
[1.336s] -- Found moveit_ros_move_group: 2.5.9 (/home/manoj/ros2_ws/install/moveit_ros_move_group/share/moveit_ros_move_group/cmake)
[1.345s] -- Found Boost: /usr/lib/x86_64-linux-gnu/cmake/Boost-1.74.0/BoostConfig.cmake (found version "1.74.0") found components: system filesystem date_time program_options thread 
[1.395s] -- Found Boost: /usr/lib/x86_64-linux-gnu/cmake/Boost-1.74.0/BoostConfig.cmake (found version "1.74.0") found components: system filesystem date_time program_options thread chrono 
[1.413s] -- Found moveit_ros_planning_interface: 2.5.9 (/home/manoj/ros2_ws/install/moveit_ros_planning_interface/share/moveit_ros_planning_interface/cmake)
[1.418s] -- Found Boost: /usr/lib/x86_64-linux-gnu/cmake/Boost-1.74.0/BoostConfig.cmake (found version "1.74.0") found components: date_time filesystem program_options system thread 
[1.431s] -- Found Boost: /usr/lib/x86_64-linux-gnu/cmake/Boost-1.74.0/BoostConfig.cmake (found version "1.74.0") found components: thread system filesystem regex date_time program_options 
[1.452s] -- Found tf2_eigen_kdl: 0.25.12 (/opt/ros/humble/share/tf2_eigen_kdl/cmake)
[1.459s] -- Found Boost: /usr/lib/x86_64-linux-gnu/cmake/Boost-1.74.0/BoostConfig.cmake (found version "1.74.0")  
[1.551s] -- Found ament_cmake_gtest: 1.3.11 (/opt/ros/humble/share/ament_cmake_gtest/cmake)
[1.552s] -- Found ament_cmake_gmock: 1.3.11 (/opt/ros/humble/share/ament_cmake_gmock/cmake)
[1.553s] -- Found ros_testing: 0.4.0 (/opt/ros/humble/share/ros_testing/cmake)
[1.553s] -- Found launch_testing_ament_cmake: 1.0.8 (/opt/ros/humble/share/launch_testing_ament_cmake/cmake)
[1.553s] -- Found python_cmake_module: 0.10.0 (/opt/ros/humble/share/python_cmake_module/cmake)
[1.588s] -- Using PYTHON_EXECUTABLE: /usr/bin/python3
[1.588s] -- Using PYTHON_INCLUDE_DIRS: /usr/include/python3.10
[1.588s] -- Using PYTHON_LIBRARIES: /usr/lib/x86_64-linux-gnu/libpython3.10.so
[1.590s] -- Found moveit_resources_prbt_support: 2.5.9 (/home/manoj/ros2_ws/install/moveit_resources_prbt_support/share/moveit_resources_prbt_support/cmake)
[1.590s] -- Found moveit_resources_prbt_moveit_config: 2.5.9 (/home/manoj/ros2_ws/install/moveit_resources_prbt_moveit_config/share/moveit_resources_prbt_moveit_config/cmake)
[1.596s] -- Found Boost: /usr/lib/x86_64-linux-gnu/cmake/Boost-1.74.0/BoostConfig.cmake (found version "1.74.0") found components: thread 
[1.597s] -- Found pilz_industrial_motion_planner_testutils: 2.5.9 (/home/manoj/ros2_ws/install/pilz_industrial_motion_planner_testutils/share/pilz_industrial_motion_planner_testutils/cmake)
[1.629s] -- Found gtest sources under '/opt/ros/humble/src/gtest_vendor': C++ tests using 'Google Test' will be built
[1.687s] -- Found gmock sources under '/opt/ros/humble/src/gmock_vendor': C++ tests using 'Google Mock' will be built
[1.694s] -- Found ament_lint_auto: 0.12.12 (/opt/ros/humble/share/ament_lint_auto/cmake)
[1.775s] -- Found launch_testing_ament_cmake: 1.0.8 (/opt/ros/humble/share/launch_testing_ament_cmake/cmake)
[1.776s] -- Found python_cmake_module: 0.10.0 (/opt/ros/humble/share/python_cmake_module/cmake)
[1.810s] -- Using PYTHON_EXECUTABLE: /usr/bin/python3
[1.810s] -- Using PYTHON_INCLUDE_DIRS: /usr/include/python3.10
[1.810s] -- Using PYTHON_LIBRARIES: /usr/lib/x86_64-linux-gnu/libpython3.10.so
[1.835s] -- Added test 'cppcheck' to perform static code analysis on C / C++ code
[1.837s] -- Configured cppcheck include dirs: /home/manoj/ros2_ws/src/moveit2/moveit_planners/pilz_industrial_motion_planner/include
[1.837s] -- Configured cppcheck exclude dirs and/or files: 
[1.840s] -- Added test 'pep257' to check Python code against some of the docstring style conventions in PEP 257
[1.842s] -- Added test 'xmllint' to check XML markup files
[1.845s] -- Configuring done
[2.543s] -- Generating done
[2.673s] -- Build files have been written to: /home/manoj/ros2_ws/build/pilz_industrial_motion_planner
[2.695s] Invoked command in '/home/manoj/ros2_ws/build/pilz_industrial_motion_planner' returned '0': AMENT_PREFIX_PATH=/home/manoj/ros2_ws/install/moveit_resources_prbt_pg70_support:/home/manoj/ros2_ws/install/moveit_ros_planning_interface:/home/manoj/ros2_ws/install/moveit_resources_prbt_moveit_config:/home/manoj/ros2_ws/install/moveit_ros_move_group:/home/manoj/ros2_ws/install/moveit_ros_warehouse:/home/manoj/ros2_ws/install/moveit_planners_ompl:/home/manoj/ros2_ws/install/moveit_kinematics:/home/manoj/ros2_ws/install/moveit_ros_planning:/home/manoj/ros2_ws/install/pilz_industrial_motion_planner_testutils:/home/manoj/ros2_ws/install/moveit_simple_controller_manager:/home/manoj/ros2_ws/install/moveit_ros_occupancy_map_monitor:/home/manoj/ros2_ws/install/moveit_resources_prbt_ikfast_manipulator_plugin:/home/manoj/ros2_ws/install/moveit_core:/home/manoj/ros2_ws/install/moveit_resources_panda_moveit_config:/home/manoj/ros2_ws/install/moveit_resources_fanuc_moveit_config:/home/manoj/ros2_ws/install/moveit_resources_prbt_support:/home/manoj/ros2_ws/install/moveit_resources_pr2_description:/home/manoj/ros2_ws/install/moveit_resources_panda_description:/home/manoj/ros2_ws/install/moveit_resources_fanuc_description:/home/manoj/ros2_ws/install/moveit_configs_utils:/home/manoj/ros2_ws/install/moveit_common:${AMENT_PREFIX_PATH} CMAKE_PREFIX_PATH=/home/manoj/ros2_ws/install/moveit_resources_prbt_pg70_support:/home/manoj/ros2_ws/install/moveit_ros_planning_interface:/home/manoj/ros2_ws/install/moveit_resources_prbt_moveit_config:/home/manoj/ros2_ws/install/moveit_ros_move_group:/home/manoj/ros2_ws/install/moveit_ros_warehouse:/home/manoj/ros2_ws/install/moveit_planners_ompl:/home/manoj/ros2_ws/install/moveit_kinematics:/home/manoj/ros2_ws/install/moveit_ros_planning:/home/manoj/ros2_ws/install/pilz_industrial_motion_planner_testutils:/home/manoj/ros2_ws/install/moveit_simple_controller_manager:/home/manoj/ros2_ws/install/moveit_ros_occupancy_map_monitor:/home/manoj/ros2_ws/install/moveit_resources_prbt_ikfast_manipulator_plugin:/home/manoj/ros2_ws/install/moveit_core:/home/manoj/ros2_ws/install/moveit_resources_panda_moveit_config:/home/manoj/ros2_ws/install/moveit_resources_fanuc_moveit_config:/home/manoj/ros2_ws/install/moveit_resources_prbt_support:/home/manoj/ros2_ws/install/moveit_resources_pr2_description:/home/manoj/ros2_ws/install/moveit_resources_panda_description:/home/manoj/ros2_ws/install/moveit_resources_fanuc_description:/home/manoj/ros2_ws/install/moveit_common:/opt/ros/humble LD_LIBRARY_PATH=/home/manoj/ros2_ws/install/moveit_ros_planning_interface/lib:/home/manoj/ros2_ws/install/moveit_ros_move_group/lib:/home/manoj/ros2_ws/install/moveit_ros_warehouse/lib:/home/manoj/ros2_ws/install/moveit_planners_ompl/lib:/home/manoj/ros2_ws/install/moveit_kinematics/lib:/home/manoj/ros2_ws/install/moveit_ros_planning/lib:/home/manoj/ros2_ws/install/pilz_industrial_motion_planner_testutils/lib:/home/manoj/ros2_ws/install/moveit_simple_controller_manager/lib:/home/manoj/ros2_ws/install/moveit_ros_occupancy_map_monitor/lib:/home/manoj/ros2_ws/install/moveit_resources_prbt_ikfast_manipulator_plugin/lib:/home/manoj/ros2_ws/install/moveit_core/lib:${LD_LIBRARY_PATH} PATH=/home/manoj/ros2_ws/install/moveit_core/bin:${PATH} PYTHONPATH=/home/manoj/ros2_ws/install/moveit_configs_utils/lib/python3.10/site-packages:${PYTHONPATH} /usr/bin/cmake /home/manoj/ros2_ws/src/moveit2/moveit_planners/pilz_industrial_motion_planner -DCMAKE_BUILD_TYPE=Release -DCMAKE_INSTALL_PREFIX=/home/manoj/ros2_ws/install/pilz_industrial_motion_planner
[2.697s] Invoking command in '/home/manoj/ros2_ws/build/pilz_industrial_motion_planner': AMENT_PREFIX_PATH=/home/manoj/ros2_ws/install/moveit_resources_prbt_pg70_support:/home/manoj/ros2_ws/install/moveit_ros_planning_interface:/home/manoj/ros2_ws/install/moveit_resources_prbt_moveit_config:/home/manoj/ros2_ws/install/moveit_ros_move_group:/home/manoj/ros2_ws/install/moveit_ros_warehouse:/home/manoj/ros2_ws/install/moveit_planners_ompl:/home/manoj/ros2_ws/install/moveit_kinematics:/home/manoj/ros2_ws/install/moveit_ros_planning:/home/manoj/ros2_ws/install/pilz_industrial_motion_planner_testutils:/home/manoj/ros2_ws/install/moveit_simple_controller_manager:/home/manoj/ros2_ws/install/moveit_ros_occupancy_map_monitor:/home/manoj/ros2_ws/install/moveit_resources_prbt_ikfast_manipulator_plugin:/home/manoj/ros2_ws/install/moveit_core:/home/manoj/ros2_ws/install/moveit_resources_panda_moveit_config:/home/manoj/ros2_ws/install/moveit_resources_fanuc_moveit_config:/home/manoj/ros2_ws/install/moveit_resources_prbt_support:/home/manoj/ros2_ws/install/moveit_resources_pr2_description:/home/manoj/ros2_ws/install/moveit_resources_panda_description:/home/manoj/ros2_ws/install/moveit_resources_fanuc_description:/home/manoj/ros2_ws/install/moveit_configs_utils:/home/manoj/ros2_ws/install/moveit_common:${AMENT_PREFIX_PATH} CMAKE_PREFIX_PATH=/home/manoj/ros2_ws/install/moveit_resources_prbt_pg70_support:/home/manoj/ros2_ws/install/moveit_ros_planning_interface:/home/manoj/ros2_ws/install/moveit_resources_prbt_moveit_config:/home/manoj/ros2_ws/install/moveit_ros_move_group:/home/manoj/ros2_ws/install/moveit_ros_warehouse:/home/manoj/ros2_ws/install/moveit_planners_ompl:/home/manoj/ros2_ws/install/moveit_kinematics:/home/manoj/ros2_ws/install/moveit_ros_planning:/home/manoj/ros2_ws/install/pilz_industrial_motion_planner_testutils:/home/manoj/ros2_ws/install/moveit_simple_controller_manager:/home/manoj/ros2_ws/install/moveit_ros_occupancy_map_monitor:/home/manoj/ros2_ws/install/moveit_resources_prbt_ikfast_manipulator_plugin:/home/manoj/ros2_ws/install/moveit_core:/home/manoj/ros2_ws/install/moveit_resources_panda_moveit_config:/home/manoj/ros2_ws/install/moveit_resources_fanuc_moveit_config:/home/manoj/ros2_ws/install/moveit_resources_prbt_support:/home/manoj/ros2_ws/install/moveit_resources_pr2_description:/home/manoj/ros2_ws/install/moveit_resources_panda_description:/home/manoj/ros2_ws/install/moveit_resources_fanuc_description:/home/manoj/ros2_ws/install/moveit_common:/opt/ros/humble LD_LIBRARY_PATH=/home/manoj/ros2_ws/install/moveit_ros_planning_interface/lib:/home/manoj/ros2_ws/install/moveit_ros_move_group/lib:/home/manoj/ros2_ws/install/moveit_ros_warehouse/lib:/home/manoj/ros2_ws/install/moveit_planners_ompl/lib:/home/manoj/ros2_ws/install/moveit_kinematics/lib:/home/manoj/ros2_ws/install/moveit_ros_planning/lib:/home/manoj/ros2_ws/install/pilz_industrial_motion_planner_testutils/lib:/home/manoj/ros2_ws/install/moveit_simple_controller_manager/lib:/home/manoj/ros2_ws/install/moveit_ros_occupancy_map_monitor/lib:/home/manoj/ros2_ws/install/moveit_resources_prbt_ikfast_manipulator_plugin/lib:/home/manoj/ros2_ws/install/moveit_core/lib:${LD_LIBRARY_PATH} PATH=/home/manoj/ros2_ws/install/moveit_core/bin:${PATH} PYTHONPATH=/home/manoj/ros2_ws/install/moveit_configs_utils/lib/python3.10/site-packages:${PYTHONPATH} /usr/bin/cmake --build /home/manoj/ros2_ws/build/pilz_industrial_motion_planner -- -j12 -l12
[2.764s] [35m[1mConsolidate compiler generated dependencies of target planning_context_loader_base[0m
[2.791s] [  1%] [32m[1mLinking CXX shared library libplanning_context_loader_base.so[0m
[25.154s] [  2%] Built target planning_context_loader_base
[25.180s] [35m[1mConsolidate compiler generated dependencies of target gmock[0m
[25.213s] [  3%] [32mBuilding CXX object gmock/CMakeFiles/gmock.dir/opt/ros/humble/src/gtest_vendor/src/gtest-all.cc.o[0m
[38.613s] [  4%] [32m[1mLinking CXX static library libgmock.a[0m
[38.673s] [  6%] Built target gmock
[38.691s] [35m[1mConsolidate compiler generated dependencies of target gmock_main[0m
[38.713s] [  8%] Built target gmock_main
[38.747s] [  9%] [32mBuilding CXX object gtest/CMakeFiles/gtest.dir/src/gtest-all.cc.o[0m
[50.096s] [ 10%] [32m[1mLinking CXX static library libgtest.a[0m
[50.155s] [ 10%] Built target gtest
[50.171s] [35m[1mConsolidate compiler generated dependencies of target gtest_main[0m
[50.187s] [ 13%] Built target gtest_main
[50.221s] [ 14%] [32mBuilding CXX object CMakeFiles/trajectory_generation_common.dir/src/trajectory_functions.cpp.o[0m
[65.346s] [ 15%] [32mBuilding CXX object CMakeFiles/trajectory_generation_common.dir/src/trajectory_blender_transition_window.cpp.o[0m
[78.726s] [ 16%] [32mBuilding CXX object CMakeFiles/trajectory_generation_common.dir/src/trajectory_generator.cpp.o[0m
[94.099s] [ 18%] [32m[1mLinking CXX shared library libtrajectory_generation_common.so[0m
[94.600s] [ 18%] Built target trajectory_generation_common
[94.627s] [35m[1mConsolidate compiler generated dependencies of target joint_limits_common[0m
[94.688s] [ 19%] [32m[1mLinking CXX shared library libjoint_limits_common.so[0m
[97.431s] [ 26%] Built target joint_limits_common
[97.472s] [ 27%] [32mBuilding CXX object CMakeFiles/command_list_manager.dir/src/command_list_manager.cpp.o[0m
[114.759s] [ 28%] [32mBuilding CXX object CMakeFiles/command_list_manager.dir/src/plan_components_builder.cpp.o[0m
[126.886s] [ 30%] [32m[1mLinking CXX shared library libcommand_list_manager.so[0m
[127.224s] [ 30%] Built target command_list_manager
[127.262s] [ 31%] [32mBuilding CXX object test/unit_tests/CMakeFiles/unittest_cartesian_limits_aggregator.dir/src/unittest_cartesian_limits_aggregator.cpp.o[0m
[134.153s] [ 32%] [32m[1mLinking CXX executable unittest_cartesian_limits_aggregator[0m
[134.726s] [ 32%] Built target unittest_cartesian_limits_aggregator
[134.764s] [ 33%] [32mBuilding CXX object CMakeFiles/sequence_capability.dir/src/move_group_sequence_action.cpp.o[0m
[158.913s] [ 34%] [32mBuilding CXX object CMakeFiles/sequence_capability.dir/src/move_group_sequence_service.cpp.o[0m
[173.063s] [ 36%] [32m[1mLinking CXX shared library libsequence_capability.so[0m
[173.506s] [ 36%] Built target sequence_capability
[173.540s] [ 37%] [32mBuilding CXX object test/unit_tests/CMakeFiles/unittest_joint_limits_validator.dir/src/unittest_joint_limits_validator.cpp.o[0m
[177.061s] [ 38%] [32m[1mLinking CXX executable unittest_joint_limits_validator[0m
[177.423s] [ 38%] Built target unittest_joint_limits_validator
[177.456s] [ 39%] [32mBuilding CXX object test/unit_tests/CMakeFiles/unittest_joint_limits_container.dir/src/unittest_joint_limits_container.cpp.o[0m
[180.061s] [ 40%] [32m[1mLinking CXX executable unittest_joint_limits_container[0m
[180.396s] [ 40%] Built target unittest_joint_limits_container
[180.432s] [ 42%] [32mBuilding CXX object test/unit_tests/CMakeFiles/unittest_joint_limits_aggregator.dir/src/unittest_joint_limits_aggregator.cpp.o[0m
[192.846s] [ 43%] [32m[1mLinking CXX executable unittest_joint_limits_aggregator[0m
[193.339s] [ 43%] Built target unittest_joint_limits_aggregator
[193.381s] [ 44%] [32mBuilding CXX object test/unit_tests/CMakeFiles/unittest_joint_limit.dir/src/unittest_joint_limit.cpp.o[0m
[203.334s] [ 45%] [32m[1mLinking CXX executable unittest_joint_limit[0m
[203.871s] [ 45%] Built target unittest_joint_limit
[203.917s] [ 46%] [32mBuilding CXX object test/CMakeFiles/pilz_industrial_motion_planner_test_utils.dir/test_utils.cpp.o[0m
[232.970s] [ 48%] [32m[1mLinking CXX static library libpilz_industrial_motion_planner_test_utils.a[0m
[233.028s] [ 48%] Built target pilz_industrial_motion_planner_test_utils
[233.067s] [ 49%] [32mBuilding CXX object CMakeFiles/planning_context_loader_circ.dir/src/planning_context_loader_circ.cpp.o[0m
[246.451s] [ 50%] [32mBuilding CXX object CMakeFiles/planning_context_loader_circ.dir/src/path_circle_generator.cpp.o[0m
[248.561s] [ 51%] [32mBuilding CXX object CMakeFiles/planning_context_loader_circ.dir/src/trajectory_generator_circ.cpp.o[0m
[263.420s] [ 53%] [32m[1mLinking CXX shared library libplanning_context_loader_circ.so[0m
[263.837s] [ 53%] Built target planning_context_loader_circ
[263.873s] [ 54%] [32mBuilding CXX object test/unit_tests/CMakeFiles/unittest_trajectory_functions.dir/src/unittest_trajectory_functions.cpp.o[0m
[284.164s] [ 55%] [32m[1mLinking CXX executable unittest_trajectory_functions[0m
[284.712s] [ 55%] Built target unittest_trajectory_functions
[284.747s] [ 56%] [32mBuilding CXX object test/unit_tests/CMakeFiles/unittest_trajectory_generator_circ.dir/src/unittest_trajectory_generator_circ.cpp.o[0m
[305.191s] [ 57%] [32m[1mLinking CXX executable unittest_trajectory_generator_circ[0m
[305.723s] [ 57%] Built target unittest_trajectory_generator_circ
[305.769s] [ 59%] [32mBuilding CXX object CMakeFiles/planning_context_loader_ptp.dir/src/planning_context_loader_ptp.cpp.o[0m
[305.770s] [ 60%] [32mBuilding CXX object CMakeFiles/pilz_industrial_motion_planner.dir/src/pilz_industrial_motion_planner.cpp.o[0m
[305.777s] [ 62%] [32mBuilding CXX object CMakeFiles/planning_context_loader_lin.dir/src/velocity_profile_atrap.cpp.o[0m
[305.778s] [ 62%] [32mBuilding CXX object CMakeFiles/planning_context_loader_lin.dir/src/planning_context_loader_lin.cpp.o[0m
[305.778s] [ 65%] [32mBuilding CXX object CMakeFiles/planning_context_loader_ptp.dir/src/trajectory_generator_ptp.cpp.o[0m
[305.778s] [ 65%] [32mBuilding CXX object CMakeFiles/planning_context_loader_ptp.dir/src/velocity_profile_atrap.cpp.o[0m
[305.781s] [ 66%] [32mBuilding CXX object CMakeFiles/planning_context_loader_lin.dir/src/trajectory_generator_lin.cpp.o[0m
[322.910s] [ 67%] [32m[1mLinking CXX shared library libplanning_context_loader_lin.so[0m
[323.323s] [ 67%] Built target planning_context_loader_lin
[323.717s] [ 68%] [32m[1mLinking CXX shared library libplanning_context_loader_ptp.so[0m
[324.062s] [ 68%] Built target planning_context_loader_ptp
[328.840s] [ 69%] [32m[1mLinking CXX shared library libpilz_industrial_motion_planner.so[0m
[329.200s] [ 69%] Built target pilz_industrial_motion_planner
[329.236s] [ 71%] [32mBuilding CXX object test/unit_tests/CMakeFiles/unittest_trajectory_generator_ptp.dir/src/unittest_trajectory_generator_ptp.cpp.o[0m
[349.256s] [ 72%] [32m[1mLinking CXX executable unittest_trajectory_generator_ptp[0m
[349.745s] [ 72%] Built target unittest_trajectory_generator_ptp
[349.780s] [ 73%] [32mBuilding CXX object test/unit_tests/CMakeFiles/unittest_get_solver_tip_frame.dir/src/unittest_get_solver_tip_frame.cpp.o[0m
[359.305s] [ 74%] [32m[1mLinking CXX executable unittest_get_solver_tip_frame[0m
[364.864s] [ 74%] Built target unittest_get_solver_tip_frame
[364.900s] [ 75%] [32mBuilding CXX object test/unit_tests/CMakeFiles/unittest_planning_context.dir/src/unittest_planning_context.cpp.o[0m
[385.046s] [ 77%] [32m[1mLinking CXX executable unittest_planning_context[0m
[385.558s] [ 77%] Built target unittest_planning_context
[385.591s] [ 78%] [32mBuilding CXX object test/unit_tests/CMakeFiles/unittest_planning_context_loaders.dir/src/unittest_planning_context_loaders.cpp.o[0m
[407.366s] [ 79%] [32m[1mLinking CXX executable unittest_planning_context_loaders[0m
[407.926s] [ 79%] Built target unittest_planning_context_loaders
[407.964s] [ 80%] [32mBuilding CXX object test/unit_tests/CMakeFiles/unittest_pilz_industrial_motion_planner.dir/src/unittest_pilz_industrial_motion_planner.cpp.o[0m
[427.441s] [ 81%] [32m[1mLinking CXX executable unittest_pilz_industrial_motion_planner[0m
[427.886s] [ 81%] Built target unittest_pilz_industrial_motion_planner
[427.913s] [ 83%] [32mBuilding CXX object test/unit_tests/CMakeFiles/unittest_trajectory_generator.dir/src/unittest_trajectory_generator.cpp.o[0m
[438.235s] [ 84%] [32mBuilding CXX object test/unit_tests/CMakeFiles/unittest_trajectory_generator.dir/__/__/src/trajectory_generator.cpp.o[0m
[451.018s] [ 85%] [32m[1mLinking CXX executable unittest_trajectory_generator[0m
[451.521s] [ 85%] Built target unittest_trajectory_generator
[451.554s] [ 86%] [32mBuilding CXX object test/unit_tests/CMakeFiles/unittest_velocity_profile_atrap.dir/src/unittest_velocity_profile_atrap.cpp.o[0m
[456.129s] [ 87%] [32mBuilding CXX object test/unit_tests/CMakeFiles/unittest_velocity_profile_atrap.dir/__/__/src/velocity_profile_atrap.cpp.o[0m
[457.149s] [ 89%] [32m[1mLinking CXX executable unittest_velocity_profile_atrap[0m
[462.288s] [ 89%] Built target unittest_velocity_profile_atrap
[462.327s] [ 90%] [32mBuilding CXX object test/unit_tests/CMakeFiles/unittest_pilz_industrial_motion_planner_direct.dir/src/unittest_pilz_industrial_motion_planner_direct.cpp.o[0m
[462.332s] [ 91%] [32mBuilding CXX object test/unit_tests/CMakeFiles/unittest_trajectory_blender_transition_window.dir/__/__/src/trajectory_blender_transition_window.cpp.o[0m
[462.334s] [ 92%] [32mBuilding CXX object test/unit_tests/CMakeFiles/unittest_trajectory_generator_lin.dir/src/unittest_trajectory_generator_lin.cpp.o[0m
[462.336s] [ 93%] [32mBuilding CXX object test/unit_tests/CMakeFiles/unittest_trajectory_generator_common.dir/src/unittest_trajectory_generator_common.cpp.o[0m
[462.344s] [ 95%] [32mBuilding CXX object test/unit_tests/CMakeFiles/unittest_trajectory_blender_transition_window.dir/src/unittest_trajectory_blender_transition_window.cpp.o[0m
[484.952s] [ 96%] [32m[1mLinking CXX executable unittest_trajectory_generator_lin[0m
[485.693s] [ 96%] Built target unittest_trajectory_generator_lin
[487.583s] [ 97%] [32m[1mLinking CXX executable unittest_pilz_industrial_motion_planner_direct[0m
[488.105s] [ 98%] [32m[1mLinking CXX executable unittest_trajectory_blender_transition_window[0m
[488.160s] [ 98%] Built target unittest_pilz_industrial_motion_planner_direct
[488.726s] [ 98%] Built target unittest_trajectory_blender_transition_window
[495.700s] [100%] [32m[1mLinking CXX executable unittest_trajectory_generator_common[0m
[496.229s] [100%] Built target unittest_trajectory_generator_common
[496.245s] Invoked command in '/home/manoj/ros2_ws/build/pilz_industrial_motion_planner' returned '0': AMENT_PREFIX_PATH=/home/manoj/ros2_ws/install/moveit_resources_prbt_pg70_support:/home/manoj/ros2_ws/install/moveit_ros_planning_interface:/home/manoj/ros2_ws/install/moveit_resources_prbt_moveit_config:/home/manoj/ros2_ws/install/moveit_ros_move_group:/home/manoj/ros2_ws/install/moveit_ros_warehouse:/home/manoj/ros2_ws/install/moveit_planners_ompl:/home/manoj/ros2_ws/install/moveit_kinematics:/home/manoj/ros2_ws/install/moveit_ros_planning:/home/manoj/ros2_ws/install/pilz_industrial_motion_planner_testutils:/home/manoj/ros2_ws/install/moveit_simple_controller_manager:/home/manoj/ros2_ws/install/moveit_ros_occupancy_map_monitor:/home/manoj/ros2_ws/install/moveit_resources_prbt_ikfast_manipulator_plugin:/home/manoj/ros2_ws/install/moveit_core:/home/manoj/ros2_ws/install/moveit_resources_panda_moveit_config:/home/manoj/ros2_ws/install/moveit_resources_fanuc_moveit_config:/home/manoj/ros2_ws/install/moveit_resources_prbt_support:/home/manoj/ros2_ws/install/moveit_resources_pr2_description:/home/manoj/ros2_ws/install/moveit_resources_panda_description:/home/manoj/ros2_ws/install/moveit_resources_fanuc_description:/home/manoj/ros2_ws/install/moveit_configs_utils:/home/manoj/ros2_ws/install/moveit_common:${AMENT_PREFIX_PATH} CMAKE_PREFIX_PATH=/home/manoj/ros2_ws/install/moveit_resources_prbt_pg70_support:/home/manoj/ros2_ws/install/moveit_ros_planning_interface:/home/manoj/ros2_ws/install/moveit_resources_prbt_moveit_config:/home/manoj/ros2_ws/install/moveit_ros_move_group:/home/manoj/ros2_ws/install/moveit_ros_warehouse:/home/manoj/ros2_ws/install/moveit_planners_ompl:/home/manoj/ros2_ws/install/moveit_kinematics:/home/manoj/ros2_ws/install/moveit_ros_planning:/home/manoj/ros2_ws/install/pilz_industrial_motion_planner_testutils:/home/manoj/ros2_ws/install/moveit_simple_controller_manager:/home/manoj/ros2_ws/install/moveit_ros_occupancy_map_monitor:/home/manoj/ros2_ws/install/moveit_resources_prbt_ikfast_manipulator_plugin:/home/manoj/ros2_ws/install/moveit_core:/home/manoj/ros2_ws/install/moveit_resources_panda_moveit_config:/home/manoj/ros2_ws/install/moveit_resources_fanuc_moveit_config:/home/manoj/ros2_ws/install/moveit_resources_prbt_support:/home/manoj/ros2_ws/install/moveit_resources_pr2_description:/home/manoj/ros2_ws/install/moveit_resources_panda_description:/home/manoj/ros2_ws/install/moveit_resources_fanuc_description:/home/manoj/ros2_ws/install/moveit_common:/opt/ros/humble LD_LIBRARY_PATH=/home/manoj/ros2_ws/install/moveit_ros_planning_interface/lib:/home/manoj/ros2_ws/install/moveit_ros_move_group/lib:/home/manoj/ros2_ws/install/moveit_ros_warehouse/lib:/home/manoj/ros2_ws/install/moveit_planners_ompl/lib:/home/manoj/ros2_ws/install/moveit_kinematics/lib:/home/manoj/ros2_ws/install/moveit_ros_planning/lib:/home/manoj/ros2_ws/install/pilz_industrial_motion_planner_testutils/lib:/home/manoj/ros2_ws/install/moveit_simple_controller_manager/lib:/home/manoj/ros2_ws/install/moveit_ros_occupancy_map_monitor/lib:/home/manoj/ros2_ws/install/moveit_resources_prbt_ikfast_manipulator_plugin/lib:/home/manoj/ros2_ws/install/moveit_core/lib:${LD_LIBRARY_PATH} PATH=/home/manoj/ros2_ws/install/moveit_core/bin:${PATH} PYTHONPATH=/home/manoj/ros2_ws/install/moveit_configs_utils/lib/python3.10/site-packages:${PYTHONPATH} /usr/bin/cmake --build /home/manoj/ros2_ws/build/pilz_industrial_motion_planner -- -j12 -l12
[496.246s] Invoking command in '/home/manoj/ros2_ws/build/pilz_industrial_motion_planner': AMENT_PREFIX_PATH=/home/manoj/ros2_ws/install/moveit_resources_prbt_pg70_support:/home/manoj/ros2_ws/install/moveit_ros_planning_interface:/home/manoj/ros2_ws/install/moveit_resources_prbt_moveit_config:/home/manoj/ros2_ws/install/moveit_ros_move_group:/home/manoj/ros2_ws/install/moveit_ros_warehouse:/home/manoj/ros2_ws/install/moveit_planners_ompl:/home/manoj/ros2_ws/install/moveit_kinematics:/home/manoj/ros2_ws/install/moveit_ros_planning:/home/manoj/ros2_ws/install/pilz_industrial_motion_planner_testutils:/home/manoj/ros2_ws/install/moveit_simple_controller_manager:/home/manoj/ros2_ws/install/moveit_ros_occupancy_map_monitor:/home/manoj/ros2_ws/install/moveit_resources_prbt_ikfast_manipulator_plugin:/home/manoj/ros2_ws/install/moveit_core:/home/manoj/ros2_ws/install/moveit_resources_panda_moveit_config:/home/manoj/ros2_ws/install/moveit_resources_fanuc_moveit_config:/home/manoj/ros2_ws/install/moveit_resources_prbt_support:/home/manoj/ros2_ws/install/moveit_resources_pr2_description:/home/manoj/ros2_ws/install/moveit_resources_panda_description:/home/manoj/ros2_ws/install/moveit_resources_fanuc_description:/home/manoj/ros2_ws/install/moveit_configs_utils:/home/manoj/ros2_ws/install/moveit_common:${AMENT_PREFIX_PATH} CMAKE_PREFIX_PATH=/home/manoj/ros2_ws/install/moveit_resources_prbt_pg70_support:/home/manoj/ros2_ws/install/moveit_ros_planning_interface:/home/manoj/ros2_ws/install/moveit_resources_prbt_moveit_config:/home/manoj/ros2_ws/install/moveit_ros_move_group:/home/manoj/ros2_ws/install/moveit_ros_warehouse:/home/manoj/ros2_ws/install/moveit_planners_ompl:/home/manoj/ros2_ws/install/moveit_kinematics:/home/manoj/ros2_ws/install/moveit_ros_planning:/home/manoj/ros2_ws/install/pilz_industrial_motion_planner_testutils:/home/manoj/ros2_ws/install/moveit_simple_controller_manager:/home/manoj/ros2_ws/install/moveit_ros_occupancy_map_monitor:/home/manoj/ros2_ws/install/moveit_resources_prbt_ikfast_manipulator_plugin:/home/manoj/ros2_ws/install/moveit_core:/home/manoj/ros2_ws/install/moveit_resources_panda_moveit_config:/home/manoj/ros2_ws/install/moveit_resources_fanuc_moveit_config:/home/manoj/ros2_ws/install/moveit_resources_prbt_support:/home/manoj/ros2_ws/install/moveit_resources_pr2_description:/home/manoj/ros2_ws/install/moveit_resources_panda_description:/home/manoj/ros2_ws/install/moveit_resources_fanuc_description:/home/manoj/ros2_ws/install/moveit_common:/opt/ros/humble LD_LIBRARY_PATH=/home/manoj/ros2_ws/install/moveit_ros_planning_interface/lib:/home/manoj/ros2_ws/install/moveit_ros_move_group/lib:/home/manoj/ros2_ws/install/moveit_ros_warehouse/lib:/home/manoj/ros2_ws/install/moveit_planners_ompl/lib:/home/manoj/ros2_ws/install/moveit_kinematics/lib:/home/manoj/ros2_ws/install/moveit_ros_planning/lib:/home/manoj/ros2_ws/install/pilz_industrial_motion_planner_testutils/lib:/home/manoj/ros2_ws/install/moveit_simple_controller_manager/lib:/home/manoj/ros2_ws/install/moveit_ros_occupancy_map_monitor/lib:/home/manoj/ros2_ws/install/moveit_resources_prbt_ikfast_manipulator_plugin/lib:/home/manoj/ros2_ws/install/moveit_core/lib:${LD_LIBRARY_PATH} PATH=/home/manoj/ros2_ws/install/moveit_core/bin:${PATH} PYTHONPATH=/home/manoj/ros2_ws/install/moveit_configs_utils/lib/python3.10/site-packages:${PYTHONPATH} /usr/bin/cmake --install /home/manoj/ros2_ws/build/pilz_industrial_motion_planner
[496.259s] -- Install configuration: "Release"
[496.260s] -- Execute custom install script
[496.260s] -- Symlinking: /home/manoj/ros2_ws/install/pilz_industrial_motion_planner/share/pilz_industrial_motion_planner/plugins/pilz_industrial_motion_planner_plugin_description.xml
[496.274s] -- Symlinking: /home/manoj/ros2_ws/install/pilz_industrial_motion_planner/share/pilz_industrial_motion_planner/plugins/sequence_capability_plugin_description.xml
[496.287s] -- Symlinking: /home/manoj/ros2_ws/install/pilz_industrial_motion_planner/share/pilz_industrial_motion_planner/plugins/planning_context_plugin_description.xml
[496.302s] -- Symlinking: /home/manoj/ros2_ws/install/pilz_industrial_motion_planner/include/joint_limits_copy/joint_limits.hpp
[496.311s] -- Symlinking: /home/manoj/ros2_ws/install/pilz_industrial_motion_planner/include/joint_limits_copy/joint_limits_rosparam.hpp
[496.321s] -- Symlinking: /home/manoj/ros2_ws/install/pilz_industrial_motion_planner/include/pilz_industrial_motion_planner/capability_names.h
[496.334s] -- Symlinking: /home/manoj/ros2_ws/install/pilz_industrial_motion_planner/include/pilz_industrial_motion_planner/cartesian_limit.h
[496.346s] -- Symlinking: /home/manoj/ros2_ws/install/pilz_industrial_motion_planner/include/pilz_industrial_motion_planner/cartesian_limits_aggregator.h
[496.359s] -- Symlinking: /home/manoj/ros2_ws/install/pilz_industrial_motion_planner/include/pilz_industrial_motion_planner/cartesian_trajectory.h
[496.372s] -- Symlinking: /home/manoj/ros2_ws/install/pilz_industrial_motion_planner/include/pilz_industrial_motion_planner/cartesian_trajectory_point.h
[496.381s] -- Symlinking: /home/manoj/ros2_ws/install/pilz_industrial_motion_planner/include/pilz_industrial_motion_planner/command_list_manager.h
[496.397s] -- Symlinking: /home/manoj/ros2_ws/install/pilz_industrial_motion_planner/include/pilz_industrial_motion_planner/joint_limits_aggregator.h
[496.405s] -- Symlinking: /home/manoj/ros2_ws/install/pilz_industrial_motion_planner/include/pilz_industrial_motion_planner/joint_limits_container.h
[496.417s] -- Symlinking: /home/manoj/ros2_ws/install/pilz_industrial_motion_planner/include/pilz_industrial_motion_planner/joint_limits_extension.h
[496.426s] -- Symlinking: /home/manoj/ros2_ws/install/pilz_industrial_motion_planner/include/pilz_industrial_motion_planner/joint_limits_interface_extension.h
[496.437s] -- Symlinking: /home/manoj/ros2_ws/install/pilz_industrial_motion_planner/include/pilz_industrial_motion_planner/joint_limits_validator.h
[496.451s] -- Symlinking: /home/manoj/ros2_ws/install/pilz_industrial_motion_planner/include/pilz_industrial_motion_planner/limits_container.h
[496.462s] -- Symlinking: /home/manoj/ros2_ws/install/pilz_industrial_motion_planner/include/pilz_industrial_motion_planner/move_group_sequence_action.h
[496.475s] -- Symlinking: /home/manoj/ros2_ws/install/pilz_industrial_motion_planner/include/pilz_industrial_motion_planner/move_group_sequence_service.h
[496.488s] -- Symlinking: /home/manoj/ros2_ws/install/pilz_industrial_motion_planner/include/pilz_industrial_motion_planner/path_circle_generator.h
[496.501s] -- Symlinking: /home/manoj/ros2_ws/install/pilz_industrial_motion_planner/include/pilz_industrial_motion_planner/pilz_industrial_motion_planner.h
[496.510s] -- Symlinking: /home/manoj/ros2_ws/install/pilz_industrial_motion_planner/include/pilz_industrial_motion_planner/plan_components_builder.h
[496.519s] -- Symlinking: /home/manoj/ros2_ws/install/pilz_industrial_motion_planner/include/pilz_industrial_motion_planner/planning_context_base.h
[496.528s] -- Symlinking: /home/manoj/ros2_ws/install/pilz_industrial_motion_planner/include/pilz_industrial_motion_planner/planning_context_circ.h
[496.542s] -- Symlinking: /home/manoj/ros2_ws/install/pilz_industrial_motion_planner/include/pilz_industrial_motion_planner/planning_context_lin.h
[496.555s] -- Symlinking: /home/manoj/ros2_ws/install/pilz_industrial_motion_planner/include/pilz_industrial_motion_planner/planning_context_loader.h
[496.569s] -- Symlinking: /home/manoj/ros2_ws/install/pilz_industrial_motion_planner/include/pilz_industrial_motion_planner/planning_context_loader_circ.h
[496.581s] -- Symlinking: /home/manoj/ros2_ws/install/pilz_industrial_motion_planner/include/pilz_industrial_motion_planner/planning_context_loader_lin.h
[496.593s] -- Symlinking: /home/manoj/ros2_ws/install/pilz_industrial_motion_planner/include/pilz_industrial_motion_planner/planning_context_loader_ptp.h
[496.606s] -- Symlinking: /home/manoj/ros2_ws/install/pilz_industrial_motion_planner/include/pilz_industrial_motion_planner/planning_context_ptp.h
[496.614s] -- Symlinking: /home/manoj/ros2_ws/install/pilz_industrial_motion_planner/include/pilz_industrial_motion_planner/planning_exceptions.h
[496.627s] -- Symlinking: /home/manoj/ros2_ws/install/pilz_industrial_motion_planner/include/pilz_industrial_motion_planner/tip_frame_getter.h
[496.640s] -- Symlinking: /home/manoj/ros2_ws/install/pilz_industrial_motion_planner/include/pilz_industrial_motion_planner/trajectory_blend_request.h
[496.653s] -- Symlinking: /home/manoj/ros2_ws/install/pilz_industrial_motion_planner/include/pilz_industrial_motion_planner/trajectory_blend_response.h
[496.670s] -- Symlinking: /home/manoj/ros2_ws/install/pilz_industrial_motion_planner/include/pilz_industrial_motion_planner/trajectory_blender.h
[496.680s] -- Symlinking: /home/manoj/ros2_ws/install/pilz_industrial_motion_planner/include/pilz_industrial_motion_planner/trajectory_blender_transition_window.h
[496.695s] -- Symlinking: /home/manoj/ros2_ws/install/pilz_industrial_motion_planner/include/pilz_industrial_motion_planner/trajectory_functions.h
[496.706s] -- Symlinking: /home/manoj/ros2_ws/install/pilz_industrial_motion_planner/include/pilz_industrial_motion_planner/trajectory_generation_exceptions.h
[496.719s] -- Symlinking: /home/manoj/ros2_ws/install/pilz_industrial_motion_planner/include/pilz_industrial_motion_planner/trajectory_generator.h
[496.730s] -- Symlinking: /home/manoj/ros2_ws/install/pilz_industrial_motion_planner/include/pilz_industrial_motion_planner/trajectory_generator_circ.h
[496.743s] -- Symlinking: /home/manoj/ros2_ws/install/pilz_industrial_motion_planner/include/pilz_industrial_motion_planner/trajectory_generator_lin.h
[496.756s] -- Symlinking: /home/manoj/ros2_ws/install/pilz_industrial_motion_planner/include/pilz_industrial_motion_planner/trajectory_generator_ptp.h
[496.766s] -- Symlinking: /home/manoj/ros2_ws/install/pilz_industrial_motion_planner/include/pilz_industrial_motion_planner/velocity_profile_atrap.h
[496.778s] -- Symlinking: /home/manoj/ros2_ws/install/pilz_industrial_motion_planner/share/pilz_industrial_motion_planner/environment/library_path.sh
[496.786s] -- Symlinking: /home/manoj/ros2_ws/install/pilz_industrial_motion_planner/share/pilz_industrial_motion_planner/environment/library_path.dsv
[496.796s] -- Symlinking: /home/manoj/ros2_ws/install/pilz_industrial_motion_planner/lib/pilz_industrial_motion_planner/unittest_pilz_industrial_motion_planner_direct
[496.808s] -- Symlinking: /home/manoj/ros2_ws/install/pilz_industrial_motion_planner/lib/pilz_industrial_motion_planner/unittest_velocity_profile_atrap
[496.821s] -- Symlinking: /home/manoj/ros2_ws/install/pilz_industrial_motion_planner/lib/pilz_industrial_motion_planner/unittest_trajectory_generator
[496.838s] -- Symlinking: /home/manoj/ros2_ws/install/pilz_industrial_motion_planner/lib/pilz_industrial_motion_planner/unittest_trajectory_functions
[496.851s] -- Symlinking: /home/manoj/ros2_ws/install/pilz_industrial_motion_planner/lib/pilz_industrial_motion_planner/unittest_trajectory_blender_transition_window
[496.866s] -- Symlinking: /home/manoj/ros2_ws/install/pilz_industrial_motion_planner/lib/pilz_industrial_motion_planner/unittest_trajectory_generator_common
[496.880s] -- Symlinking: /home/manoj/ros2_ws/install/pilz_industrial_motion_planner/lib/pilz_industrial_motion_planner/unittest_trajectory_generator_circ
[496.894s] -- Symlinking: /home/manoj/ros2_ws/install/pilz_industrial_motion_planner/lib/pilz_industrial_motion_planner/unittest_trajectory_generator_lin
[496.907s] -- Symlinking: /home/manoj/ros2_ws/install/pilz_industrial_motion_planner/lib/pilz_industrial_motion_planner/unittest_trajectory_generator_ptp
[496.921s] -- Symlinking: /home/manoj/ros2_ws/install/pilz_industrial_motion_planner/lib/pilz_industrial_motion_planner/unittest_pilz_industrial_motion_planner
[496.935s] -- Symlinking: /home/manoj/ros2_ws/install/pilz_industrial_motion_planner/lib/pilz_industrial_motion_planner/unittest_joint_limit
[496.947s] -- Symlinking: /home/manoj/ros2_ws/install/pilz_industrial_motion_planner/lib/pilz_industrial_motion_planner/unittest_joint_limits_aggregator
[496.962s] -- Symlinking: /home/manoj/ros2_ws/install/pilz_industrial_motion_planner/lib/pilz_industrial_motion_planner/unittest_joint_limits_container
[496.973s] -- Symlinking: /home/manoj/ros2_ws/install/pilz_industrial_motion_planner/lib/pilz_industrial_motion_planner/unittest_joint_limits_validator
[496.988s] -- Symlinking: /home/manoj/ros2_ws/install/pilz_industrial_motion_planner/lib/pilz_industrial_motion_planner/unittest_cartesian_limits_aggregator
[497.000s] -- Symlinking: /home/manoj/ros2_ws/install/pilz_industrial_motion_planner/lib/pilz_industrial_motion_planner/unittest_planning_context_loaders
[497.015s] -- Symlinking: /home/manoj/ros2_ws/install/pilz_industrial_motion_planner/lib/pilz_industrial_motion_planner/unittest_planning_context
[497.028s] -- Symlinking: /home/manoj/ros2_ws/install/pilz_industrial_motion_planner/lib/pilz_industrial_motion_planner/unittest_get_solver_tip_frame
[497.044s] -- Symlinking: /home/manoj/ros2_ws/install/pilz_industrial_motion_planner/share/pilz_industrial_motion_planner/config/unittest_cartesian_limits_aggregator.yaml
[497.059s] -- Symlinking: /home/manoj/ros2_ws/install/pilz_industrial_motion_planner/share/pilz_industrial_motion_planner/config/unittest_joint_limit_config.yaml
[497.074s] -- Symlinking: /home/manoj/ros2_ws/install/pilz_industrial_motion_planner/share/pilz_industrial_motion_planner/config/unittest_joint_limits_aggregator.yaml
[497.087s] -- Symlinking: /home/manoj/ros2_ws/install/pilz_industrial_motion_planner/share/pilz_industrial_motion_planner/config/unittest_trajectory_blender_transition_window.yaml
[497.102s] -- Symlinking: /home/manoj/ros2_ws/install/pilz_industrial_motion_planner/share/pilz_industrial_motion_planner/config/unittest_trajectory_functions.yaml
[497.116s] -- Symlinking: /home/manoj/ros2_ws/install/pilz_industrial_motion_planner/share/pilz_industrial_motion_planner/config/unittest_trajectory_generator_circ.yaml
[497.129s] -- Symlinking: /home/manoj/ros2_ws/install/pilz_industrial_motion_planner/share/pilz_industrial_motion_planner/config/unittest_trajectory_generator_common.yaml
[497.143s] -- Symlinking: /home/manoj/ros2_ws/install/pilz_industrial_motion_planner/share/pilz_industrial_motion_planner/config/unittest_trajectory_generator_lin.yaml
[497.158s] -- Symlinking: /home/manoj/ros2_ws/install/pilz_industrial_motion_planner/share/pilz_industrial_motion_planner/config/unittest_trajectory_generator_ptp.yaml
[497.172s] -- Symlinking: /home/manoj/ros2_ws/install/pilz_industrial_motion_planner/share/pilz_industrial_motion_planner/launch/common_parameters.py
[497.183s] -- Symlinking: /home/manoj/ros2_ws/install/pilz_industrial_motion_planner/share/pilz_industrial_motion_planner/launch/unittest_cartesian_limits_aggregator.test.py
[497.194s] -- Symlinking: /home/manoj/ros2_ws/install/pilz_industrial_motion_planner/share/pilz_industrial_motion_planner/launch/unittest_joint_limit.test.py
[497.208s] -- Symlinking: /home/manoj/ros2_ws/install/pilz_industrial_motion_planner/share/pilz_industrial_motion_planner/launch/unittest_joint_limits_aggregator.test.py
[497.222s] -- Symlinking: /home/manoj/ros2_ws/install/pilz_industrial_motion_planner/share/pilz_industrial_motion_planner/launch/unittest_pilz_industrial_motion_planner.test.py
[497.236s] -- Symlinking: /home/manoj/ros2_ws/install/pilz_industrial_motion_planner/share/pilz_industrial_motion_planner/launch/unittest_planning_context.test.py
[497.251s] -- Symlinking: /home/manoj/ros2_ws/install/pilz_industrial_motion_planner/share/pilz_industrial_motion_planner/launch/unittest_planning_context_loaders.test.py
[497.262s] -- Symlinking: /home/manoj/ros2_ws/install/pilz_industrial_motion_planner/share/pilz_industrial_motion_planner/launch/unittest_trajectory_blender_transition_window.test.py
[497.277s] -- Symlinking: /home/manoj/ros2_ws/install/pilz_industrial_motion_planner/share/pilz_industrial_motion_planner/launch/unittest_trajectory_functions.test.py
[497.292s] -- Symlinking: /home/manoj/ros2_ws/install/pilz_industrial_motion_planner/share/pilz_industrial_motion_planner/launch/unittest_trajectory_generator_circ.test.py
[497.305s] -- Symlinking: /home/manoj/ros2_ws/install/pilz_industrial_motion_planner/share/pilz_industrial_motion_planner/launch/unittest_trajectory_generator_common.test.py
[497.320s] -- Symlinking: /home/manoj/ros2_ws/install/pilz_industrial_motion_planner/share/pilz_industrial_motion_planner/launch/unittest_trajectory_generator_lin.test.py
[497.335s] -- Symlinking: /home/manoj/ros2_ws/install/pilz_industrial_motion_planner/share/pilz_industrial_motion_planner/launch/unittest_trajectory_generator_ptp.test.py
[497.349s] -- Symlinking: /home/manoj/ros2_ws/install/pilz_industrial_motion_planner/share/pilz_industrial_motion_planner/test_data/concept_testdata.odp
[497.363s] -- Symlinking: /home/manoj/ros2_ws/install/pilz_industrial_motion_planner/share/pilz_industrial_motion_planner/test_data/concept_testdata.png
[497.378s] -- Symlinking: /home/manoj/ros2_ws/install/pilz_industrial_motion_planner/share/pilz_industrial_motion_planner/test_data/frankaemika_panda/testdata_sequence.xml
[497.393s] -- Symlinking: /home/manoj/ros2_ws/install/pilz_industrial_motion_planner/share/pilz_industrial_motion_planner/test_data/prbt/testdata_deprecated.xml
[497.404s] -- Symlinking: /home/manoj/ros2_ws/install/pilz_industrial_motion_planner/share/pilz_industrial_motion_planner/test_data/prbt/testdata_sequence.xml
[497.418s] -- Symlinking: /home/manoj/ros2_ws/install/pilz_industrial_motion_planner/share/pilz_industrial_motion_planner/test_data/prbt/testdata_with_gripper.xml
[497.431s] -- Symlinking: /home/manoj/ros2_ws/install/pilz_industrial_motion_planner/share/pilz_industrial_motion_planner/test_data/testpoints.py
[497.444s] -- Symlinking: /home/manoj/ros2_ws/install/pilz_industrial_motion_planner/share/ament_index/resource_index/package_run_dependencies/pilz_industrial_motion_planner
[497.459s] -- Symlinking: /home/manoj/ros2_ws/install/pilz_industrial_motion_planner/share/ament_index/resource_index/parent_prefix_path/pilz_industrial_motion_planner
[497.471s] -- Symlinking: /home/manoj/ros2_ws/install/pilz_industrial_motion_planner/share/pilz_industrial_motion_planner/environment/ament_prefix_path.sh
[497.481s] -- Symlinking: /home/manoj/ros2_ws/install/pilz_industrial_motion_planner/share/pilz_industrial_motion_planner/environment/ament_prefix_path.dsv
[497.496s] -- Symlinking: /home/manoj/ros2_ws/install/pilz_industrial_motion_planner/share/pilz_industrial_motion_planner/environment/path.sh
[497.506s] -- Symlinking: /home/manoj/ros2_ws/install/pilz_industrial_motion_planner/share/pilz_industrial_motion_planner/environment/path.dsv
[497.519s] -- Symlinking: /home/manoj/ros2_ws/install/pilz_industrial_motion_planner/share/pilz_industrial_motion_planner/local_setup.bash
[497.534s] -- Symlinking: /home/manoj/ros2_ws/install/pilz_industrial_motion_planner/share/pilz_industrial_motion_planner/local_setup.sh
[497.548s] -- Symlinking: /home/manoj/ros2_ws/install/pilz_industrial_motion_planner/share/pilz_industrial_motion_planner/local_setup.zsh
[497.563s] -- Symlinking: /home/manoj/ros2_ws/install/pilz_industrial_motion_planner/share/pilz_industrial_motion_planner/local_setup.dsv
[497.577s] -- Symlinking: /home/manoj/ros2_ws/install/pilz_industrial_motion_planner/share/pilz_industrial_motion_planner/package.dsv
[497.593s] -- Symlinking: /home/manoj/ros2_ws/install/pilz_industrial_motion_planner/share/ament_index/resource_index/packages/pilz_industrial_motion_planner
[497.606s] -- Symlinking: /home/manoj/ros2_ws/install/pilz_industrial_motion_planner/share/ament_index/resource_index/moveit_core__pluginlib__plugin/pilz_industrial_motion_planner
[497.621s] -- Symlinking: /home/manoj/ros2_ws/install/pilz_industrial_motion_planner/share/ament_index/resource_index/moveit_ros_move_group__pluginlib__plugin/pilz_industrial_motion_planner
[497.636s] -- Symlinking: /home/manoj/ros2_ws/install/pilz_industrial_motion_planner/share/ament_index/resource_index/pilz_industrial_motion_planner__pluginlib__plugin/pilz_industrial_motion_planner
[497.650s] -- Symlinking: /home/manoj/ros2_ws/install/pilz_industrial_motion_planner/share/pilz_industrial_motion_planner/cmake/ament_cmake_export_include_directories-extras.cmake
[497.666s] -- Symlinking: /home/manoj/ros2_ws/install/pilz_industrial_motion_planner/share/pilz_industrial_motion_planner/cmake/ament_cmake_export_targets-extras.cmake
[497.682s] -- Symlinking: /home/manoj/ros2_ws/install/pilz_industrial_motion_planner/share/pilz_industrial_motion_planner/cmake/ament_cmake_export_dependencies-extras.cmake
[497.697s] -- Symlinking: /home/manoj/ros2_ws/install/pilz_industrial_motion_planner/share/pilz_industrial_motion_planner/cmake/pilz_industrial_motion_plannerConfig.cmake
[497.711s] -- Symlinking: /home/manoj/ros2_ws/install/pilz_industrial_motion_planner/share/pilz_industrial_motion_planner/cmake/pilz_industrial_motion_plannerConfig-version.cmake
[497.728s] -- Symlinking: /home/manoj/ros2_ws/install/pilz_industrial_motion_planner/share/pilz_industrial_motion_planner/package.xml
[497.740s] -- Installing: /home/manoj/ros2_ws/install/pilz_industrial_motion_planner/lib/libpilz_industrial_motion_planner.so
[497.744s] -- Set runtime path of "/home/manoj/ros2_ws/install/pilz_industrial_motion_planner/lib/libpilz_industrial_motion_planner.so" to ""
[497.744s] -- Installing: /home/manoj/ros2_ws/install/pilz_industrial_motion_planner/lib/libjoint_limits_common.so
[497.744s] -- Set runtime path of "/home/manoj/ros2_ws/install/pilz_industrial_motion_planner/lib/libjoint_limits_common.so" to ""
[497.748s] -- Installing: /home/manoj/ros2_ws/install/pilz_industrial_motion_planner/lib/libplanning_context_loader_base.so
[497.748s] -- Set runtime path of "/home/manoj/ros2_ws/install/pilz_industrial_motion_planner/lib/libplanning_context_loader_base.so" to ""
[497.748s] -- Installing: /home/manoj/ros2_ws/install/pilz_industrial_motion_planner/lib/libplanning_context_loader_ptp.so
[497.748s] -- Set runtime path of "/home/manoj/ros2_ws/install/pilz_industrial_motion_planner/lib/libplanning_context_loader_ptp.so" to ""
[497.748s] -- Installing: /home/manoj/ros2_ws/install/pilz_industrial_motion_planner/lib/libplanning_context_loader_lin.so
[497.748s] -- Set runtime path of "/home/manoj/ros2_ws/install/pilz_industrial_motion_planner/lib/libplanning_context_loader_lin.so" to ""
[497.748s] -- Installing: /home/manoj/ros2_ws/install/pilz_industrial_motion_planner/lib/libplanning_context_loader_circ.so
[497.749s] -- Set runtime path of "/home/manoj/ros2_ws/install/pilz_industrial_motion_planner/lib/libplanning_context_loader_circ.so" to ""
[497.749s] -- Installing: /home/manoj/ros2_ws/install/pilz_industrial_motion_planner/lib/libcommand_list_manager.so
[497.750s] -- Set runtime path of "/home/manoj/ros2_ws/install/pilz_industrial_motion_planner/lib/libcommand_list_manager.so" to ""
[497.751s] -- Installing: /home/manoj/ros2_ws/install/pilz_industrial_motion_planner/lib/libsequence_capability.so
[497.752s] -- Set runtime path of "/home/manoj/ros2_ws/install/pilz_industrial_motion_planner/lib/libsequence_capability.so" to ""
[497.752s] -- Installing: /home/manoj/ros2_ws/install/pilz_industrial_motion_planner/lib/libtrajectory_generation_common.so
[497.754s] -- Set runtime path of "/home/manoj/ros2_ws/install/pilz_industrial_motion_planner/lib/libtrajectory_generation_common.so" to ""
[497.755s] -- Installing: /home/manoj/ros2_ws/install/pilz_industrial_motion_planner/share/pilz_industrial_motion_planner/cmake/pilz_industrial_motion_plannerTargetsExport.cmake
[497.755s] -- Installing: /home/manoj/ros2_ws/install/pilz_industrial_motion_planner/share/pilz_industrial_motion_planner/cmake/pilz_industrial_motion_plannerTargetsExport-release.cmake
[497.760s] Invoked command in '/home/manoj/ros2_ws/build/pilz_industrial_motion_planner' returned '0': AMENT_PREFIX_PATH=/home/manoj/ros2_ws/install/moveit_resources_prbt_pg70_support:/home/manoj/ros2_ws/install/moveit_ros_planning_interface:/home/manoj/ros2_ws/install/moveit_resources_prbt_moveit_config:/home/manoj/ros2_ws/install/moveit_ros_move_group:/home/manoj/ros2_ws/install/moveit_ros_warehouse:/home/manoj/ros2_ws/install/moveit_planners_ompl:/home/manoj/ros2_ws/install/moveit_kinematics:/home/manoj/ros2_ws/install/moveit_ros_planning:/home/manoj/ros2_ws/install/pilz_industrial_motion_planner_testutils:/home/manoj/ros2_ws/install/moveit_simple_controller_manager:/home/manoj/ros2_ws/install/moveit_ros_occupancy_map_monitor:/home/manoj/ros2_ws/install/moveit_resources_prbt_ikfast_manipulator_plugin:/home/manoj/ros2_ws/install/moveit_core:/home/manoj/ros2_ws/install/moveit_resources_panda_moveit_config:/home/manoj/ros2_ws/install/moveit_resources_fanuc_moveit_config:/home/manoj/ros2_ws/install/moveit_resources_prbt_support:/home/manoj/ros2_ws/install/moveit_resources_pr2_description:/home/manoj/ros2_ws/install/moveit_resources_panda_description:/home/manoj/ros2_ws/install/moveit_resources_fanuc_description:/home/manoj/ros2_ws/install/moveit_configs_utils:/home/manoj/ros2_ws/install/moveit_common:${AMENT_PREFIX_PATH} CMAKE_PREFIX_PATH=/home/manoj/ros2_ws/install/moveit_resources_prbt_pg70_support:/home/manoj/ros2_ws/install/moveit_ros_planning_interface:/home/manoj/ros2_ws/install/moveit_resources_prbt_moveit_config:/home/manoj/ros2_ws/install/moveit_ros_move_group:/home/manoj/ros2_ws/install/moveit_ros_warehouse:/home/manoj/ros2_ws/install/moveit_planners_ompl:/home/manoj/ros2_ws/install/moveit_kinematics:/home/manoj/ros2_ws/install/moveit_ros_planning:/home/manoj/ros2_ws/install/pilz_industrial_motion_planner_testutils:/home/manoj/ros2_ws/install/moveit_simple_controller_manager:/home/manoj/ros2_ws/install/moveit_ros_occupancy_map_monitor:/home/manoj/ros2_ws/install/moveit_resources_prbt_ikfast_manipulator_plugin:/home/manoj/ros2_ws/install/moveit_core:/home/manoj/ros2_ws/install/moveit_resources_panda_moveit_config:/home/manoj/ros2_ws/install/moveit_resources_fanuc_moveit_config:/home/manoj/ros2_ws/install/moveit_resources_prbt_support:/home/manoj/ros2_ws/install/moveit_resources_pr2_description:/home/manoj/ros2_ws/install/moveit_resources_panda_description:/home/manoj/ros2_ws/install/moveit_resources_fanuc_description:/home/manoj/ros2_ws/install/moveit_common:/opt/ros/humble LD_LIBRARY_PATH=/home/manoj/ros2_ws/install/moveit_ros_planning_interface/lib:/home/manoj/ros2_ws/install/moveit_ros_move_group/lib:/home/manoj/ros2_ws/install/moveit_ros_warehouse/lib:/home/manoj/ros2_ws/install/moveit_planners_ompl/lib:/home/manoj/ros2_ws/install/moveit_kinematics/lib:/home/manoj/ros2_ws/install/moveit_ros_planning/lib:/home/manoj/ros2_ws/install/pilz_industrial_motion_planner_testutils/lib:/home/manoj/ros2_ws/install/moveit_simple_controller_manager/lib:/home/manoj/ros2_ws/install/moveit_ros_occupancy_map_monitor/lib:/home/manoj/ros2_ws/install/moveit_resources_prbt_ikfast_manipulator_plugin/lib:/home/manoj/ros2_ws/install/moveit_core/lib:${LD_LIBRARY_PATH} PATH=/home/manoj/ros2_ws/install/moveit_core/bin:${PATH} PYTHONPATH=/home/manoj/ros2_ws/install/moveit_configs_utils/lib/python3.10/site-packages:${PYTHONPATH} /usr/bin/cmake --install /home/manoj/ros2_ws/build/pilz_industrial_motion_planner
