[0.036s] Invoking command in '/home/manoj/ros2_ws/build/moveit_ros_warehouse': AMENT_PREFIX_PATH=/home/manoj/ros2_ws/install/moveit_ros_planning:/home/manoj/ros2_ws/install/moveit_ros_occupancy_map_monitor:/home/manoj/ros2_ws/install/moveit_core:/home/manoj/ros2_ws/install/moveit_resources_panda_moveit_config:/home/manoj/ros2_ws/install/moveit_resources_pr2_description:/home/manoj/ros2_ws/install/moveit_resources_panda_description:/home/manoj/ros2_ws/install/moveit_configs_utils:/home/manoj/ros2_ws/install/moveit_common:${AMENT_PREFIX_PATH} CMAKE_PREFIX_PATH=/home/manoj/ros2_ws/install/moveit_ros_planning:/home/manoj/ros2_ws/install/moveit_ros_occupancy_map_monitor:/home/manoj/ros2_ws/install/moveit_core:/home/manoj/ros2_ws/install/moveit_resources_panda_moveit_config:/home/manoj/ros2_ws/install/moveit_resources_pr2_description:/home/manoj/ros2_ws/install/moveit_resources_panda_description:/home/manoj/ros2_ws/install/moveit_common:/home/manoj/ros3_ws/src/install/my_mobile_manipulator_description:/opt/ros/humble LD_LIBRARY_PATH=/home/manoj/ros2_ws/install/moveit_ros_planning/lib:/home/manoj/ros2_ws/install/moveit_ros_occupancy_map_monitor/lib:/home/manoj/ros2_ws/install/moveit_core/lib:${LD_LIBRARY_PATH} PATH=/home/manoj/ros2_ws/install/moveit_core/bin:${PATH} PYTHONPATH=/home/manoj/ros2_ws/install/moveit_configs_utils/lib/python3.10/site-packages:${PYTHONPATH} /usr/bin/cmake --build /home/manoj/ros2_ws/build/moveit_ros_warehouse -- -j12 -l12
[0.137s] [ 40%] Built target moveit_warehouse
[0.200s] [ 50%] Built target moveit_init_demo_warehouse
[0.201s] [ 60%] Built target moveit_warehouse_broadcast
[0.204s] [ 70%] Built target moveit_warehouse_services
[0.208s] [ 80%] Built target moveit_warehouse_save_as_text
[0.210s] [ 90%] Built target moveit_save_to_warehouse
[0.210s] [100%] Built target moveit_warehouse_import_from_text
[0.251s] Invoked command in '/home/manoj/ros2_ws/build/moveit_ros_warehouse' returned '0': AMENT_PREFIX_PATH=/home/manoj/ros2_ws/install/moveit_ros_planning:/home/manoj/ros2_ws/install/moveit_ros_occupancy_map_monitor:/home/manoj/ros2_ws/install/moveit_core:/home/manoj/ros2_ws/install/moveit_resources_panda_moveit_config:/home/manoj/ros2_ws/install/moveit_resources_pr2_description:/home/manoj/ros2_ws/install/moveit_resources_panda_description:/home/manoj/ros2_ws/install/moveit_configs_utils:/home/manoj/ros2_ws/install/moveit_common:${AMENT_PREFIX_PATH} CMAKE_PREFIX_PATH=/home/manoj/ros2_ws/install/moveit_ros_planning:/home/manoj/ros2_ws/install/moveit_ros_occupancy_map_monitor:/home/manoj/ros2_ws/install/moveit_core:/home/manoj/ros2_ws/install/moveit_resources_panda_moveit_config:/home/manoj/ros2_ws/install/moveit_resources_pr2_description:/home/manoj/ros2_ws/install/moveit_resources_panda_description:/home/manoj/ros2_ws/install/moveit_common:/home/manoj/ros3_ws/src/install/my_mobile_manipulator_description:/opt/ros/humble LD_LIBRARY_PATH=/home/manoj/ros2_ws/install/moveit_ros_planning/lib:/home/manoj/ros2_ws/install/moveit_ros_occupancy_map_monitor/lib:/home/manoj/ros2_ws/install/moveit_core/lib:${LD_LIBRARY_PATH} PATH=/home/manoj/ros2_ws/install/moveit_core/bin:${PATH} PYTHONPATH=/home/manoj/ros2_ws/install/moveit_configs_utils/lib/python3.10/site-packages:${PYTHONPATH} /usr/bin/cmake --build /home/manoj/ros2_ws/build/moveit_ros_warehouse -- -j12 -l12
[0.252s] Invoking command in '/home/manoj/ros2_ws/build/moveit_ros_warehouse': AMENT_PREFIX_PATH=/home/manoj/ros2_ws/install/moveit_ros_planning:/home/manoj/ros2_ws/install/moveit_ros_occupancy_map_monitor:/home/manoj/ros2_ws/install/moveit_core:/home/manoj/ros2_ws/install/moveit_resources_panda_moveit_config:/home/manoj/ros2_ws/install/moveit_resources_pr2_description:/home/manoj/ros2_ws/install/moveit_resources_panda_description:/home/manoj/ros2_ws/install/moveit_configs_utils:/home/manoj/ros2_ws/install/moveit_common:${AMENT_PREFIX_PATH} CMAKE_PREFIX_PATH=/home/manoj/ros2_ws/install/moveit_ros_planning:/home/manoj/ros2_ws/install/moveit_ros_occupancy_map_monitor:/home/manoj/ros2_ws/install/moveit_core:/home/manoj/ros2_ws/install/moveit_resources_panda_moveit_config:/home/manoj/ros2_ws/install/moveit_resources_pr2_description:/home/manoj/ros2_ws/install/moveit_resources_panda_description:/home/manoj/ros2_ws/install/moveit_common:/home/manoj/ros3_ws/src/install/my_mobile_manipulator_description:/opt/ros/humble LD_LIBRARY_PATH=/home/manoj/ros2_ws/install/moveit_ros_planning/lib:/home/manoj/ros2_ws/install/moveit_ros_occupancy_map_monitor/lib:/home/manoj/ros2_ws/install/moveit_core/lib:${LD_LIBRARY_PATH} PATH=/home/manoj/ros2_ws/install/moveit_core/bin:${PATH} PYTHONPATH=/home/manoj/ros2_ws/install/moveit_configs_utils/lib/python3.10/site-packages:${PYTHONPATH} /usr/bin/cmake --install /home/manoj/ros2_ws/build/moveit_ros_warehouse
[0.272s] -- Install configuration: "Release"
[0.273s] -- Execute custom install script
[0.273s] -- Up-to-date symlink: /home/manoj/ros2_ws/install/moveit_ros_warehouse/lib/moveit_ros_warehouse/moveit_save_to_warehouse
[0.273s] -- Up-to-date symlink: /home/manoj/ros2_ws/install/moveit_ros_warehouse/lib/moveit_ros_warehouse/moveit_warehouse_broadcast
[0.273s] -- Up-to-date symlink: /home/manoj/ros2_ws/install/moveit_ros_warehouse/lib/moveit_ros_warehouse/moveit_warehouse_import_from_text
[0.273s] -- Up-to-date symlink: /home/manoj/ros2_ws/install/moveit_ros_warehouse/lib/moveit_ros_warehouse/moveit_warehouse_save_as_text
[0.273s] -- Up-to-date symlink: /home/manoj/ros2_ws/install/moveit_ros_warehouse/lib/moveit_ros_warehouse/moveit_init_demo_warehouse
[0.273s] -- Up-to-date symlink: /home/manoj/ros2_ws/install/moveit_ros_warehouse/lib/moveit_ros_warehouse/moveit_warehouse_services
[0.273s] -- Up-to-date symlink: /home/manoj/ros2_ws/install/moveit_ros_warehouse/include/moveit/warehouse/constraints_storage.h
[0.273s] -- Up-to-date symlink: /home/manoj/ros2_ws/install/moveit_ros_warehouse/include/moveit/warehouse/moveit_message_storage.h
[0.273s] -- Up-to-date symlink: /home/manoj/ros2_ws/install/moveit_ros_warehouse/include/moveit/warehouse/planning_scene_storage.h
[0.273s] -- Up-to-date symlink: /home/manoj/ros2_ws/install/moveit_ros_warehouse/include/moveit/warehouse/planning_scene_world_storage.h
[0.273s] -- Up-to-date symlink: /home/manoj/ros2_ws/install/moveit_ros_warehouse/include/moveit/warehouse/state_storage.h
[0.277s] -- Up-to-date symlink: /home/manoj/ros2_ws/install/moveit_ros_warehouse/include/moveit/warehouse/trajectory_constraints_storage.h
[0.278s] -- Up-to-date symlink: /home/manoj/ros2_ws/install/moveit_ros_warehouse/include/moveit/warehouse/warehouse_connector.h
[0.278s] -- Up-to-date symlink: /home/manoj/ros2_ws/install/moveit_ros_warehouse/include/moveit_warehouse_export.h
[0.278s] -- Up-to-date symlink: /home/manoj/ros2_ws/install/moveit_ros_warehouse/share/moveit_ros_warehouse/environment/library_path.sh
[0.278s] -- Up-to-date symlink: /home/manoj/ros2_ws/install/moveit_ros_warehouse/share/moveit_ros_warehouse/environment/library_path.dsv
[0.278s] -- Up-to-date symlink: /home/manoj/ros2_ws/install/moveit_ros_warehouse/share/ament_index/resource_index/package_run_dependencies/moveit_ros_warehouse
[0.278s] -- Up-to-date symlink: /home/manoj/ros2_ws/install/moveit_ros_warehouse/share/ament_index/resource_index/parent_prefix_path/moveit_ros_warehouse
[0.278s] -- Up-to-date symlink: /home/manoj/ros2_ws/install/moveit_ros_warehouse/share/moveit_ros_warehouse/environment/ament_prefix_path.sh
[0.278s] -- Up-to-date symlink: /home/manoj/ros2_ws/install/moveit_ros_warehouse/share/moveit_ros_warehouse/environment/ament_prefix_path.dsv
[0.279s] -- Up-to-date symlink: /home/manoj/ros2_ws/install/moveit_ros_warehouse/share/moveit_ros_warehouse/environment/path.sh
[0.279s] -- Up-to-date symlink: /home/manoj/ros2_ws/install/moveit_ros_warehouse/share/moveit_ros_warehouse/environment/path.dsv
[0.279s] -- Up-to-date symlink: /home/manoj/ros2_ws/install/moveit_ros_warehouse/share/moveit_ros_warehouse/local_setup.bash
[0.280s] -- Up-to-date symlink: /home/manoj/ros2_ws/install/moveit_ros_warehouse/share/moveit_ros_warehouse/local_setup.sh
[0.280s] -- Up-to-date symlink: /home/manoj/ros2_ws/install/moveit_ros_warehouse/share/moveit_ros_warehouse/local_setup.zsh
[0.283s] -- Up-to-date symlink: /home/manoj/ros2_ws/install/moveit_ros_warehouse/share/moveit_ros_warehouse/local_setup.dsv
[0.284s] -- Symlinking: /home/manoj/ros2_ws/install/moveit_ros_warehouse/share/moveit_ros_warehouse/package.dsv
[0.285s] -- Up-to-date symlink: /home/manoj/ros2_ws/install/moveit_ros_warehouse/share/ament_index/resource_index/packages/moveit_ros_warehouse
[0.287s] -- Up-to-date symlink: /home/manoj/ros2_ws/install/moveit_ros_warehouse/share/moveit_ros_warehouse/cmake/ConfigExtras.cmake
[0.287s] -- Up-to-date symlink: /home/manoj/ros2_ws/install/moveit_ros_warehouse/share/moveit_ros_warehouse/cmake/ament_cmake_export_targets-extras.cmake
[0.287s] -- Up-to-date symlink: /home/manoj/ros2_ws/install/moveit_ros_warehouse/share/moveit_ros_warehouse/cmake/ament_cmake_export_dependencies-extras.cmake
[0.287s] -- Up-to-date symlink: /home/manoj/ros2_ws/install/moveit_ros_warehouse/share/moveit_ros_warehouse/cmake/moveit_ros_warehouseConfig.cmake
[0.287s] -- Up-to-date symlink: /home/manoj/ros2_ws/install/moveit_ros_warehouse/share/moveit_ros_warehouse/cmake/moveit_ros_warehouseConfig-version.cmake
[0.287s] -- Up-to-date symlink: /home/manoj/ros2_ws/install/moveit_ros_warehouse/share/moveit_ros_warehouse/package.xml
[0.288s] -- Up-to-date: /home/manoj/ros2_ws/install/moveit_ros_warehouse/lib/libmoveit_warehouse.so.2.5.9
[0.288s] -- Up-to-date: /home/manoj/ros2_ws/install/moveit_ros_warehouse/lib/libmoveit_warehouse.so
[0.288s] -- Up-to-date: /home/manoj/ros2_ws/install/moveit_ros_warehouse/share/moveit_ros_warehouse/cmake/export_moveit_ros_warehouseExport.cmake
[0.288s] -- Up-to-date: /home/manoj/ros2_ws/install/moveit_ros_warehouse/share/moveit_ros_warehouse/cmake/export_moveit_ros_warehouseExport-release.cmake
[0.313s] Invoked command in '/home/manoj/ros2_ws/build/moveit_ros_warehouse' returned '0': AMENT_PREFIX_PATH=/home/manoj/ros2_ws/install/moveit_ros_planning:/home/manoj/ros2_ws/install/moveit_ros_occupancy_map_monitor:/home/manoj/ros2_ws/install/moveit_core:/home/manoj/ros2_ws/install/moveit_resources_panda_moveit_config:/home/manoj/ros2_ws/install/moveit_resources_pr2_description:/home/manoj/ros2_ws/install/moveit_resources_panda_description:/home/manoj/ros2_ws/install/moveit_configs_utils:/home/manoj/ros2_ws/install/moveit_common:${AMENT_PREFIX_PATH} CMAKE_PREFIX_PATH=/home/manoj/ros2_ws/install/moveit_ros_planning:/home/manoj/ros2_ws/install/moveit_ros_occupancy_map_monitor:/home/manoj/ros2_ws/install/moveit_core:/home/manoj/ros2_ws/install/moveit_resources_panda_moveit_config:/home/manoj/ros2_ws/install/moveit_resources_pr2_description:/home/manoj/ros2_ws/install/moveit_resources_panda_description:/home/manoj/ros2_ws/install/moveit_common:/home/manoj/ros3_ws/src/install/my_mobile_manipulator_description:/opt/ros/humble LD_LIBRARY_PATH=/home/manoj/ros2_ws/install/moveit_ros_planning/lib:/home/manoj/ros2_ws/install/moveit_ros_occupancy_map_monitor/lib:/home/manoj/ros2_ws/install/moveit_core/lib:${LD_LIBRARY_PATH} PATH=/home/manoj/ros2_ws/install/moveit_core/bin:${PATH} PYTHONPATH=/home/manoj/ros2_ws/install/moveit_configs_utils/lib/python3.10/site-packages:${PYTHONPATH} /usr/bin/cmake --install /home/manoj/ros2_ws/build/moveit_ros_warehouse
