[0.069s] Invoking command in '/home/manoj/ros2_ws/build/moveit_chomp_optimizer_adapter': AMENT_PREFIX_PATH=/home/manoj/ros2_ws/install/chomp_motion_planner:/home/manoj/ros2_ws/install/moveit_core:/home/manoj/ros2_ws/install/moveit_resources_panda_moveit_config:/home/manoj/ros2_ws/install/moveit_resources_pr2_description:/home/manoj/ros2_ws/install/moveit_resources_panda_description:/home/manoj/ros2_ws/install/moveit_common:${AMENT_PREFIX_PATH} CMAKE_PREFIX_PATH=/home/manoj/ros2_ws/install/chomp_motion_planner:/home/manoj/ros2_ws/install/moveit_core:/home/manoj/ros2_ws/install/moveit_resources_panda_moveit_config:/home/manoj/ros2_ws/install/moveit_resources_pr2_description:/home/manoj/ros2_ws/install/moveit_resources_panda_description:/home/manoj/ros2_ws/install/moveit_common:/opt/ros/humble LD_LIBRARY_PATH=/home/manoj/ros2_ws/install/chomp_motion_planner/lib:/home/manoj/ros2_ws/install/moveit_core/lib:${LD_LIBRARY_PATH} PATH=/home/manoj/ros2_ws/install/moveit_core/bin:${PATH} /usr/bin/cmake /home/manoj/ros2_ws/src/moveit2/moveit_planners/chomp/chomp_optimizer_adapter -DCMAKE_INSTALL_PREFIX=/home/manoj/ros2_ws/install/moveit_chomp_optimizer_adapter
[0.097s] -- Found moveit_common: 2.5.9 (/home/manoj/ros2_ws/install/moveit_common/share/moveit_common/cmake)
[0.097s] -- Found ament_cmake: 1.3.11 (/opt/ros/humble/share/ament_cmake/cmake)
[0.206s] -- Override CMake install command with custom implementation using symlinks instead of copying resources
[0.286s] -- Found chomp_motion_planner: 2.5.9 (/home/manoj/ros2_ws/install/chomp_motion_planner/share/chomp_motion_planner/cmake)
[0.287s] -- Found moveit_core: 2.5.9 (/home/manoj/ros2_ws/install/moveit_core/share/moveit_core/cmake)
[0.315s] -- Found Boost: /usr/lib/x86_64-linux-gnu/cmake/Boost-1.74.0/BoostConfig.cmake (found version "1.74.0") found components: chrono date_time filesystem iostreams program_options regex serialization system thread 
[0.349s] -- Found parameter_traits: 0.4.0 (/opt/ros/humble/share/parameter_traits/cmake)
[0.369s] -- Found rosidl_generator_c: 3.1.6 (/opt/ros/humble/share/rosidl_generator_c/cmake)
[0.374s] -- Found rosidl_adapter: 3.1.6 (/opt/ros/humble/share/rosidl_adapter/cmake)
[0.379s] -- Found rosidl_generator_cpp: 3.1.6 (/opt/ros/humble/share/rosidl_generator_cpp/cmake)
[0.390s] -- Using all available rosidl_typesupport_c: rosidl_typesupport_fastrtps_c;rosidl_typesupport_introspection_c
[0.405s] -- Using all available rosidl_typesupport_cpp: rosidl_typesupport_fastrtps_cpp;rosidl_typesupport_introspection_cpp
[0.434s] -- Found rmw_implementation_cmake: 6.1.2 (/opt/ros/humble/share/rmw_implementation_cmake/cmake)
[0.435s] -- Found rmw_fastrtps_cpp: 6.2.7 (/opt/ros/humble/share/rmw_fastrtps_cpp/cmake)
[0.556s] -- Using RMW implementation 'rmw_fastrtps_cpp' as default
[0.611s] -- Found rclcpp_lifecycle: 16.0.12 (/opt/ros/humble/share/rclcpp_lifecycle/cmake)
[0.630s] -- Found Boost: /usr/lib/x86_64-linux-gnu/cmake/Boost-1.74.0/BoostConfig.cmake (found version "1.74.0") found components: filesystem 
[0.675s] -- library: /usr/lib/x86_64-linux-gnu/libcurl.so
[0.748s] -- Ensuring Eigen3 include directory is part of orocos-kdl CMake target
[1.012s] -- Found ament_lint_auto: 0.12.12 (/opt/ros/humble/share/ament_lint_auto/cmake)
[1.020s] -- Added test 'cppcheck' to perform static code analysis on C / C++ code
[1.020s] -- Configured cppcheck include dirs: 
[1.020s] -- Configured cppcheck exclude dirs and/or files: 
[1.021s] -- Added test 'xmllint' to check XML markup files
[1.023s] -- Configuring done
[1.052s] -- Generating done
[1.058s] -- Build files have been written to: /home/manoj/ros2_ws/build/moveit_chomp_optimizer_adapter
[1.072s] Invoked command in '/home/manoj/ros2_ws/build/moveit_chomp_optimizer_adapter' returned '0': AMENT_PREFIX_PATH=/home/manoj/ros2_ws/install/chomp_motion_planner:/home/manoj/ros2_ws/install/moveit_core:/home/manoj/ros2_ws/install/moveit_resources_panda_moveit_config:/home/manoj/ros2_ws/install/moveit_resources_pr2_description:/home/manoj/ros2_ws/install/moveit_resources_panda_description:/home/manoj/ros2_ws/install/moveit_common:${AMENT_PREFIX_PATH} CMAKE_PREFIX_PATH=/home/manoj/ros2_ws/install/chomp_motion_planner:/home/manoj/ros2_ws/install/moveit_core:/home/manoj/ros2_ws/install/moveit_resources_panda_moveit_config:/home/manoj/ros2_ws/install/moveit_resources_pr2_description:/home/manoj/ros2_ws/install/moveit_resources_panda_description:/home/manoj/ros2_ws/install/moveit_common:/opt/ros/humble LD_LIBRARY_PATH=/home/manoj/ros2_ws/install/chomp_motion_planner/lib:/home/manoj/ros2_ws/install/moveit_core/lib:${LD_LIBRARY_PATH} PATH=/home/manoj/ros2_ws/install/moveit_core/bin:${PATH} /usr/bin/cmake /home/manoj/ros2_ws/src/moveit2/moveit_planners/chomp/chomp_optimizer_adapter -DCMAKE_INSTALL_PREFIX=/home/manoj/ros2_ws/install/moveit_chomp_optimizer_adapter
[1.073s] Invoking command in '/home/manoj/ros2_ws/build/moveit_chomp_optimizer_adapter': AMENT_PREFIX_PATH=/home/manoj/ros2_ws/install/chomp_motion_planner:/home/manoj/ros2_ws/install/moveit_core:/home/manoj/ros2_ws/install/moveit_resources_panda_moveit_config:/home/manoj/ros2_ws/install/moveit_resources_pr2_description:/home/manoj/ros2_ws/install/moveit_resources_panda_description:/home/manoj/ros2_ws/install/moveit_common:${AMENT_PREFIX_PATH} CMAKE_PREFIX_PATH=/home/manoj/ros2_ws/install/chomp_motion_planner:/home/manoj/ros2_ws/install/moveit_core:/home/manoj/ros2_ws/install/moveit_resources_panda_moveit_config:/home/manoj/ros2_ws/install/moveit_resources_pr2_description:/home/manoj/ros2_ws/install/moveit_resources_panda_description:/home/manoj/ros2_ws/install/moveit_common:/opt/ros/humble LD_LIBRARY_PATH=/home/manoj/ros2_ws/install/chomp_motion_planner/lib:/home/manoj/ros2_ws/install/moveit_core/lib:${LD_LIBRARY_PATH} PATH=/home/manoj/ros2_ws/install/moveit_core/bin:${PATH} /usr/bin/cmake --build /home/manoj/ros2_ws/build/moveit_chomp_optimizer_adapter -- -j12 -l12
[1.123s] [35m[1mConsolidate compiler generated dependencies of target moveit_chomp_optimizer_adapter[0m
[1.157s] [100%] Built target moveit_chomp_optimizer_adapter
[1.171s] Invoked command in '/home/manoj/ros2_ws/build/moveit_chomp_optimizer_adapter' returned '0': AMENT_PREFIX_PATH=/home/manoj/ros2_ws/install/chomp_motion_planner:/home/manoj/ros2_ws/install/moveit_core:/home/manoj/ros2_ws/install/moveit_resources_panda_moveit_config:/home/manoj/ros2_ws/install/moveit_resources_pr2_description:/home/manoj/ros2_ws/install/moveit_resources_panda_description:/home/manoj/ros2_ws/install/moveit_common:${AMENT_PREFIX_PATH} CMAKE_PREFIX_PATH=/home/manoj/ros2_ws/install/chomp_motion_planner:/home/manoj/ros2_ws/install/moveit_core:/home/manoj/ros2_ws/install/moveit_resources_panda_moveit_config:/home/manoj/ros2_ws/install/moveit_resources_pr2_description:/home/manoj/ros2_ws/install/moveit_resources_panda_description:/home/manoj/ros2_ws/install/moveit_common:/opt/ros/humble LD_LIBRARY_PATH=/home/manoj/ros2_ws/install/chomp_motion_planner/lib:/home/manoj/ros2_ws/install/moveit_core/lib:${LD_LIBRARY_PATH} PATH=/home/manoj/ros2_ws/install/moveit_core/bin:${PATH} /usr/bin/cmake --build /home/manoj/ros2_ws/build/moveit_chomp_optimizer_adapter -- -j12 -l12
[1.173s] Invoking command in '/home/manoj/ros2_ws/build/moveit_chomp_optimizer_adapter': AMENT_PREFIX_PATH=/home/manoj/ros2_ws/install/chomp_motion_planner:/home/manoj/ros2_ws/install/moveit_core:/home/manoj/ros2_ws/install/moveit_resources_panda_moveit_config:/home/manoj/ros2_ws/install/moveit_resources_pr2_description:/home/manoj/ros2_ws/install/moveit_resources_panda_description:/home/manoj/ros2_ws/install/moveit_common:${AMENT_PREFIX_PATH} CMAKE_PREFIX_PATH=/home/manoj/ros2_ws/install/chomp_motion_planner:/home/manoj/ros2_ws/install/moveit_core:/home/manoj/ros2_ws/install/moveit_resources_panda_moveit_config:/home/manoj/ros2_ws/install/moveit_resources_pr2_description:/home/manoj/ros2_ws/install/moveit_resources_panda_description:/home/manoj/ros2_ws/install/moveit_common:/opt/ros/humble LD_LIBRARY_PATH=/home/manoj/ros2_ws/install/chomp_motion_planner/lib:/home/manoj/ros2_ws/install/moveit_core/lib:${LD_LIBRARY_PATH} PATH=/home/manoj/ros2_ws/install/moveit_core/bin:${PATH} /usr/bin/cmake --install /home/manoj/ros2_ws/build/moveit_chomp_optimizer_adapter
[1.179s] -- Install configuration: "Release"
[1.179s] -- Execute custom install script
[1.179s] -- Up-to-date symlink: /home/manoj/ros2_ws/install/moveit_chomp_optimizer_adapter/share/moveit_chomp_optimizer_adapter/environment/library_path.sh
[1.179s] -- Up-to-date symlink: /home/manoj/ros2_ws/install/moveit_chomp_optimizer_adapter/share/moveit_chomp_optimizer_adapter/environment/library_path.dsv
[1.179s] -- Up-to-date symlink: /home/manoj/ros2_ws/install/moveit_chomp_optimizer_adapter/share/moveit_chomp_optimizer_adapter//chomp_optimizer_adapter_plugin_description.xml
[1.179s] -- Up-to-date symlink: /home/manoj/ros2_ws/install/moveit_chomp_optimizer_adapter/share/ament_index/resource_index/package_run_dependencies/moveit_chomp_optimizer_adapter
[1.180s] -- Up-to-date symlink: /home/manoj/ros2_ws/install/moveit_chomp_optimizer_adapter/share/ament_index/resource_index/parent_prefix_path/moveit_chomp_optimizer_adapter
[1.180s] -- Up-to-date symlink: /home/manoj/ros2_ws/install/moveit_chomp_optimizer_adapter/share/moveit_chomp_optimizer_adapter/environment/ament_prefix_path.sh
[1.180s] -- Up-to-date symlink: /home/manoj/ros2_ws/install/moveit_chomp_optimizer_adapter/share/moveit_chomp_optimizer_adapter/environment/ament_prefix_path.dsv
[1.180s] -- Up-to-date symlink: /home/manoj/ros2_ws/install/moveit_chomp_optimizer_adapter/share/moveit_chomp_optimizer_adapter/environment/path.sh
[1.180s] -- Up-to-date symlink: /home/manoj/ros2_ws/install/moveit_chomp_optimizer_adapter/share/moveit_chomp_optimizer_adapter/environment/path.dsv
[1.180s] -- Up-to-date symlink: /home/manoj/ros2_ws/install/moveit_chomp_optimizer_adapter/share/moveit_chomp_optimizer_adapter/local_setup.bash
[1.180s] -- Up-to-date symlink: /home/manoj/ros2_ws/install/moveit_chomp_optimizer_adapter/share/moveit_chomp_optimizer_adapter/local_setup.sh
[1.180s] -- Up-to-date symlink: /home/manoj/ros2_ws/install/moveit_chomp_optimizer_adapter/share/moveit_chomp_optimizer_adapter/local_setup.zsh
[1.180s] -- Up-to-date symlink: /home/manoj/ros2_ws/install/moveit_chomp_optimizer_adapter/share/moveit_chomp_optimizer_adapter/local_setup.dsv
[1.180s] -- Symlinking: /home/manoj/ros2_ws/install/moveit_chomp_optimizer_adapter/share/moveit_chomp_optimizer_adapter/package.dsv
[1.187s] -- Up-to-date symlink: /home/manoj/ros2_ws/install/moveit_chomp_optimizer_adapter/share/ament_index/resource_index/packages/moveit_chomp_optimizer_adapter
[1.187s] -- Up-to-date symlink: /home/manoj/ros2_ws/install/moveit_chomp_optimizer_adapter/share/ament_index/resource_index/moveit_core__pluginlib__plugin/moveit_chomp_optimizer_adapter
[1.188s] -- Up-to-date symlink: /home/manoj/ros2_ws/install/moveit_chomp_optimizer_adapter/share/moveit_chomp_optimizer_adapter/cmake/ament_cmake_export_targets-extras.cmake
[1.188s] -- Up-to-date symlink: /home/manoj/ros2_ws/install/moveit_chomp_optimizer_adapter/share/moveit_chomp_optimizer_adapter/cmake/moveit_chomp_optimizer_adapterConfig.cmake
[1.188s] -- Up-to-date symlink: /home/manoj/ros2_ws/install/moveit_chomp_optimizer_adapter/share/moveit_chomp_optimizer_adapter/cmake/moveit_chomp_optimizer_adapterConfig-version.cmake
[1.188s] -- Up-to-date symlink: /home/manoj/ros2_ws/install/moveit_chomp_optimizer_adapter/share/moveit_chomp_optimizer_adapter/package.xml
[1.188s] -- Up-to-date: /home/manoj/ros2_ws/install/moveit_chomp_optimizer_adapter/lib/libmoveit_chomp_optimizer_adapter.so.2.5.9
[1.189s] -- Up-to-date: /home/manoj/ros2_ws/install/moveit_chomp_optimizer_adapter/lib/libmoveit_chomp_optimizer_adapter.so
[1.189s] -- Up-to-date: /home/manoj/ros2_ws/install/moveit_chomp_optimizer_adapter/share/moveit_chomp_optimizer_adapter/cmake/moveit_chomp_optimizer_adapterTargetsExport.cmake
[1.189s] -- Up-to-date: /home/manoj/ros2_ws/install/moveit_chomp_optimizer_adapter/share/moveit_chomp_optimizer_adapter/cmake/moveit_chomp_optimizer_adapterTargetsExport-release.cmake
[1.191s] Invoked command in '/home/manoj/ros2_ws/build/moveit_chomp_optimizer_adapter' returned '0': AMENT_PREFIX_PATH=/home/manoj/ros2_ws/install/chomp_motion_planner:/home/manoj/ros2_ws/install/moveit_core:/home/manoj/ros2_ws/install/moveit_resources_panda_moveit_config:/home/manoj/ros2_ws/install/moveit_resources_pr2_description:/home/manoj/ros2_ws/install/moveit_resources_panda_description:/home/manoj/ros2_ws/install/moveit_common:${AMENT_PREFIX_PATH} CMAKE_PREFIX_PATH=/home/manoj/ros2_ws/install/chomp_motion_planner:/home/manoj/ros2_ws/install/moveit_core:/home/manoj/ros2_ws/install/moveit_resources_panda_moveit_config:/home/manoj/ros2_ws/install/moveit_resources_pr2_description:/home/manoj/ros2_ws/install/moveit_resources_panda_description:/home/manoj/ros2_ws/install/moveit_common:/opt/ros/humble LD_LIBRARY_PATH=/home/manoj/ros2_ws/install/chomp_motion_planner/lib:/home/manoj/ros2_ws/install/moveit_core/lib:${LD_LIBRARY_PATH} PATH=/home/manoj/ros2_ws/install/moveit_core/bin:${PATH} /usr/bin/cmake --install /home/manoj/ros2_ws/build/moveit_chomp_optimizer_adapter
