[0.051s] Invoking command in '/home/manoj/ros2_ws/build/moveit_setup_app_plugins': AMENT_PREFIX_PATH=/home/manoj/ros2_ws/install/moveit_setup_framework:/home/manoj/ros2_ws/install/moveit_ros_visualization:/home/manoj/ros2_ws/install/moveit_ros_planning_interface:/home/manoj/ros2_ws/install/moveit_ros_move_group:/home/manoj/ros2_ws/install/moveit_ros_warehouse:/home/manoj/ros2_ws/install/moveit_ros_robot_interaction:/home/manoj/ros2_ws/install/moveit_planners_ompl:/home/manoj/ros2_ws/install/moveit_kinematics:/home/manoj/ros2_ws/install/moveit_ros_planning:/home/manoj/ros2_ws/install/moveit_simple_controller_manager:/home/manoj/ros2_ws/install/moveit_ros_occupancy_map_monitor:/home/manoj/ros2_ws/install/moveit_core:/home/manoj/ros2_ws/install/moveit_resources_panda_moveit_config:/home/manoj/ros2_ws/install/moveit_resources_fanuc_moveit_config:/home/manoj/ros2_ws/install/moveit_resources_pr2_description:/home/manoj/ros2_ws/install/moveit_resources_panda_description:/home/manoj/ros2_ws/install/moveit_resources_fanuc_description:/home/manoj/ros2_ws/install/moveit_configs_utils:/home/manoj/ros2_ws/install/moveit_common:${AMENT_PREFIX_PATH} CMAKE_PREFIX_PATH=/home/manoj/ros2_ws/install/moveit_setup_framework:/home/manoj/ros2_ws/install/moveit_ros_visualization:/home/manoj/ros2_ws/install/moveit_ros_planning_interface:/home/manoj/ros2_ws/install/moveit_ros_move_group:/home/manoj/ros2_ws/install/moveit_ros_warehouse:/home/manoj/ros2_ws/install/moveit_ros_robot_interaction:/home/manoj/ros2_ws/install/moveit_planners_ompl:/home/manoj/ros2_ws/install/moveit_kinematics:/home/manoj/ros2_ws/install/moveit_ros_planning:/home/manoj/ros2_ws/install/moveit_simple_controller_manager:/home/manoj/ros2_ws/install/moveit_ros_occupancy_map_monitor:/home/manoj/ros2_ws/install/moveit_core:/home/manoj/ros2_ws/install/moveit_resources_panda_moveit_config:/home/manoj/ros2_ws/install/moveit_resources_fanuc_moveit_config:/home/manoj/ros2_ws/install/moveit_resources_pr2_description:/home/manoj/ros2_ws/install/moveit_resources_panda_description:/home/manoj/ros2_ws/install/moveit_resources_fanuc_description:/home/manoj/ros2_ws/install/moveit_common:/opt/ros/humble LD_LIBRARY_PATH=/home/manoj/ros2_ws/install/moveit_setup_framework/lib:/home/manoj/ros2_ws/install/moveit_ros_visualization/lib:/home/manoj/ros2_ws/install/moveit_ros_planning_interface/lib:/home/manoj/ros2_ws/install/moveit_ros_move_group/lib:/home/manoj/ros2_ws/install/moveit_ros_warehouse/lib:/home/manoj/ros2_ws/install/moveit_ros_robot_interaction/lib:/home/manoj/ros2_ws/install/moveit_planners_ompl/lib:/home/manoj/ros2_ws/install/moveit_kinematics/lib:/home/manoj/ros2_ws/install/moveit_ros_planning/lib:/home/manoj/ros2_ws/install/moveit_simple_controller_manager/lib:/home/manoj/ros2_ws/install/moveit_ros_occupancy_map_monitor/lib:/home/manoj/ros2_ws/install/moveit_core/lib:${LD_LIBRARY_PATH} PATH=/home/manoj/ros2_ws/install/moveit_core/bin:${PATH} PYTHONPATH=/home/manoj/ros2_ws/install/moveit_configs_utils/lib/python3.10/site-packages:${PYTHONPATH} /usr/bin/cmake /home/manoj/ros2_ws/src/moveit2/moveit_setup_assistant/moveit_setup_app_plugins -DCMAKE_INSTALL_PREFIX=/home/manoj/ros2_ws/install/moveit_setup_app_plugins
[0.068s] -- Found moveit_common: 2.5.9 (/home/manoj/ros2_ws/install/moveit_common/share/moveit_common/cmake)
[0.068s] -- Found ament_cmake: 1.3.11 (/opt/ros/humble/share/ament_cmake/cmake)
[0.212s] -- Override CMake install command with custom implementation using symlinks instead of copying resources
[0.285s] -- Found ament_cmake_ros: 0.10.0 (/opt/ros/humble/share/ament_cmake_ros/cmake)
[0.286s] -- Found ament_index_cpp: 1.4.0 (/opt/ros/humble/share/ament_index_cpp/cmake)
[0.286s] -- Found moveit_ros_visualization: 2.5.9 (/home/manoj/ros2_ws/install/moveit_ros_visualization/share/moveit_ros_visualization/cmake)
[0.305s] -- Found Boost: /usr/lib/x86_64-linux-gnu/cmake/Boost-1.74.0/BoostConfig.cmake (found version "1.74.0") found components: thread date_time system filesystem 
[0.336s] -- Found Boost: /usr/lib/x86_64-linux-gnu/cmake/Boost-1.74.0/BoostConfig.cmake (found version "1.74.0") found components: filesystem 
[0.368s] -- Found rosidl_generator_c: 3.1.6 (/opt/ros/humble/share/rosidl_generator_c/cmake)
[0.368s] -- Found rosidl_adapter: 3.1.6 (/opt/ros/humble/share/rosidl_adapter/cmake)
[0.372s] -- Found rosidl_generator_cpp: 3.1.6 (/opt/ros/humble/share/rosidl_generator_cpp/cmake)
[0.383s] -- Using all available rosidl_typesupport_c: rosidl_typesupport_fastrtps_c;rosidl_typesupport_introspection_c
[0.396s] -- Using all available rosidl_typesupport_cpp: rosidl_typesupport_fastrtps_cpp;rosidl_typesupport_introspection_cpp
[0.496s] -- Found rmw_implementation_cmake: 6.1.2 (/opt/ros/humble/share/rmw_implementation_cmake/cmake)
[0.498s] -- Found rmw_fastrtps_cpp: 6.2.7 (/opt/ros/humble/share/rmw_fastrtps_cpp/cmake)
[0.718s] -- Using RMW implementation 'rmw_fastrtps_cpp' as default
[0.884s] -- library: /usr/lib/x86_64-linux-gnu/libcurl.so
[1.134s] -- Found Boost: /usr/lib/x86_64-linux-gnu/cmake/Boost-1.74.0/BoostConfig.cmake (found version "1.74.0") found components: system filesystem date_time program_options thread chrono 
[1.569s] -- Found Boost: /usr/lib/x86_64-linux-gnu/cmake/Boost-1.74.0/BoostConfig.cmake (found version "1.74.0") found components: chrono date_time filesystem iostreams program_options regex serialization system thread 
[1.679s] -- Found parameter_traits: 0.4.0 (/opt/ros/humble/share/parameter_traits/cmake)
[1.732s] -- Found rclcpp_lifecycle: 16.0.12 (/opt/ros/humble/share/rclcpp_lifecycle/cmake)
[1.811s] -- Ensuring Eigen3 include directory is part of orocos-kdl CMake target
[2.042s] -- Found Boost: /usr/lib/x86_64-linux-gnu/cmake/Boost-1.74.0/BoostConfig.cmake (found version "1.74.0") found components: date_time filesystem program_options system thread 
[2.067s] -- Found Boost: /usr/lib/x86_64-linux-gnu/cmake/Boost-1.74.0/BoostConfig.cmake (found version "1.74.0") found components: thread system filesystem regex date_time program_options 
[2.099s] -- Found Boost: /usr/lib/x86_64-linux-gnu/cmake/Boost-1.74.0/BoostConfig.cmake (found version "1.74.0") found components: system filesystem date_time program_options thread 
[2.190s] -- Setting OGRE_DIR to: '/opt/ros/humble/share/rviz_ogre_vendor/cmake/../../../opt/rviz_ogre_vendor/lib/OGRE/cmake'
[2.193s] -- Found OGRE
[2.193s] --   static     : OFF
[2.193s] --   components : HLMS;MeshLodGenerator;Overlay;Paging;Property;RTShaderSystem;Terrain;Volume
[2.193s] --   plugins    : Plugin_BSPSceneManager;Plugin_OctreeSceneManager;Plugin_PCZSceneManager;Plugin_ParticleFX;RenderSystem_GL;RenderSystem_GL3Plus;Codec_STBI
[2.193s] --   media      : /opt/ros/humble/opt/rviz_ogre_vendor/share/OGRE/Media
[2.194s] -- OGRE_LIBRARIES: OgreHLMS;OgreMeshLodGenerator;OgreOverlay;OgrePaging;OgreProperty;OgreRTShaderSystem;OgreTerrain;OgreVolume;OgreMain
[2.194s] -- OGRE_LIBRARY_DIRS: /opt/ros/humble/opt/rviz_ogre_vendor/lib
[2.194s] -- OGRE_PLUGINS: Plugin_BSPSceneManager;Plugin_OctreeSceneManager;Plugin_PCZSceneManager;Plugin_ParticleFX;RenderSystem_GL;RenderSystem_GL3Plus;Codec_STBI
[2.194s] -- OGRE_PLUGIN_DIR: /opt/ros/humble/opt/rviz_ogre_vendor/lib/OGRE
[2.194s] -- rviz_ogre_vendor::OgreOverlay for IMPORTED_LOCATION_RELEASE: /opt/ros/humble/opt/rviz_ogre_vendor/lib/libOgreOverlay.so
[2.194s] -- rviz_ogre_vendor::OgreOverlay for IMPORTED_LOCATION_DEBUG: /opt/ros/humble/opt/rviz_ogre_vendor/lib/libOgreOverlay.so
[2.194s] -- rviz_ogre_vendor::OgreMain for IMPORTED_LOCATION_RELEASE: /opt/ros/humble/opt/rviz_ogre_vendor/lib/libOgreMain.so
[2.194s] -- rviz_ogre_vendor::OgreMain for IMPORTED_LOCATION_DEBUG: /opt/ros/humble/opt/rviz_ogre_vendor/lib/libOgreMain.so
[2.267s] -- Setting assimp_DIR to: '/opt/ros/humble/share/rviz_assimp_vendor/cmake/../../../opt/rviz_assimp_vendor/lib/cmake/assimp-4.1'
[2.384s] -- Found moveit_setup_framework: 2.5.9 (/home/manoj/ros2_ws/install/moveit_setup_framework/share/moveit_setup_framework/cmake)
[2.410s] -- Found ament_lint_auto: 0.12.12 (/opt/ros/humble/share/ament_lint_auto/cmake)
[2.430s] -- Found gtest sources under '/opt/ros/humble/src/gtest_vendor': C++ tests using 'Google Test' will be built
[2.446s] -- Added test 'lint_cmake' to check CMake code style
[2.447s] -- Added test 'xmllint' to check XML markup files
[2.450s] -- Configuring done
[2.563s] -- Generating done
[2.584s] -- Build files have been written to: /home/manoj/ros2_ws/build/moveit_setup_app_plugins
[2.600s] Invoked command in '/home/manoj/ros2_ws/build/moveit_setup_app_plugins' returned '0': AMENT_PREFIX_PATH=/home/manoj/ros2_ws/install/moveit_setup_framework:/home/manoj/ros2_ws/install/moveit_ros_visualization:/home/manoj/ros2_ws/install/moveit_ros_planning_interface:/home/manoj/ros2_ws/install/moveit_ros_move_group:/home/manoj/ros2_ws/install/moveit_ros_warehouse:/home/manoj/ros2_ws/install/moveit_ros_robot_interaction:/home/manoj/ros2_ws/install/moveit_planners_ompl:/home/manoj/ros2_ws/install/moveit_kinematics:/home/manoj/ros2_ws/install/moveit_ros_planning:/home/manoj/ros2_ws/install/moveit_simple_controller_manager:/home/manoj/ros2_ws/install/moveit_ros_occupancy_map_monitor:/home/manoj/ros2_ws/install/moveit_core:/home/manoj/ros2_ws/install/moveit_resources_panda_moveit_config:/home/manoj/ros2_ws/install/moveit_resources_fanuc_moveit_config:/home/manoj/ros2_ws/install/moveit_resources_pr2_description:/home/manoj/ros2_ws/install/moveit_resources_panda_description:/home/manoj/ros2_ws/install/moveit_resources_fanuc_description:/home/manoj/ros2_ws/install/moveit_configs_utils:/home/manoj/ros2_ws/install/moveit_common:${AMENT_PREFIX_PATH} CMAKE_PREFIX_PATH=/home/manoj/ros2_ws/install/moveit_setup_framework:/home/manoj/ros2_ws/install/moveit_ros_visualization:/home/manoj/ros2_ws/install/moveit_ros_planning_interface:/home/manoj/ros2_ws/install/moveit_ros_move_group:/home/manoj/ros2_ws/install/moveit_ros_warehouse:/home/manoj/ros2_ws/install/moveit_ros_robot_interaction:/home/manoj/ros2_ws/install/moveit_planners_ompl:/home/manoj/ros2_ws/install/moveit_kinematics:/home/manoj/ros2_ws/install/moveit_ros_planning:/home/manoj/ros2_ws/install/moveit_simple_controller_manager:/home/manoj/ros2_ws/install/moveit_ros_occupancy_map_monitor:/home/manoj/ros2_ws/install/moveit_core:/home/manoj/ros2_ws/install/moveit_resources_panda_moveit_config:/home/manoj/ros2_ws/install/moveit_resources_fanuc_moveit_config:/home/manoj/ros2_ws/install/moveit_resources_pr2_description:/home/manoj/ros2_ws/install/moveit_resources_panda_description:/home/manoj/ros2_ws/install/moveit_resources_fanuc_description:/home/manoj/ros2_ws/install/moveit_common:/opt/ros/humble LD_LIBRARY_PATH=/home/manoj/ros2_ws/install/moveit_setup_framework/lib:/home/manoj/ros2_ws/install/moveit_ros_visualization/lib:/home/manoj/ros2_ws/install/moveit_ros_planning_interface/lib:/home/manoj/ros2_ws/install/moveit_ros_move_group/lib:/home/manoj/ros2_ws/install/moveit_ros_warehouse/lib:/home/manoj/ros2_ws/install/moveit_ros_robot_interaction/lib:/home/manoj/ros2_ws/install/moveit_planners_ompl/lib:/home/manoj/ros2_ws/install/moveit_kinematics/lib:/home/manoj/ros2_ws/install/moveit_ros_planning/lib:/home/manoj/ros2_ws/install/moveit_simple_controller_manager/lib:/home/manoj/ros2_ws/install/moveit_ros_occupancy_map_monitor/lib:/home/manoj/ros2_ws/install/moveit_core/lib:${LD_LIBRARY_PATH} PATH=/home/manoj/ros2_ws/install/moveit_core/bin:${PATH} PYTHONPATH=/home/manoj/ros2_ws/install/moveit_configs_utils/lib/python3.10/site-packages:${PYTHONPATH} /usr/bin/cmake /home/manoj/ros2_ws/src/moveit2/moveit_setup_assistant/moveit_setup_app_plugins -DCMAKE_INSTALL_PREFIX=/home/manoj/ros2_ws/install/moveit_setup_app_plugins
[2.606s] Invoking command in '/home/manoj/ros2_ws/build/moveit_setup_app_plugins': AMENT_PREFIX_PATH=/home/manoj/ros2_ws/install/moveit_setup_framework:/home/manoj/ros2_ws/install/moveit_ros_visualization:/home/manoj/ros2_ws/install/moveit_ros_planning_interface:/home/manoj/ros2_ws/install/moveit_ros_move_group:/home/manoj/ros2_ws/install/moveit_ros_warehouse:/home/manoj/ros2_ws/install/moveit_ros_robot_interaction:/home/manoj/ros2_ws/install/moveit_planners_ompl:/home/manoj/ros2_ws/install/moveit_kinematics:/home/manoj/ros2_ws/install/moveit_ros_planning:/home/manoj/ros2_ws/install/moveit_simple_controller_manager:/home/manoj/ros2_ws/install/moveit_ros_occupancy_map_monitor:/home/manoj/ros2_ws/install/moveit_core:/home/manoj/ros2_ws/install/moveit_resources_panda_moveit_config:/home/manoj/ros2_ws/install/moveit_resources_fanuc_moveit_config:/home/manoj/ros2_ws/install/moveit_resources_pr2_description:/home/manoj/ros2_ws/install/moveit_resources_panda_description:/home/manoj/ros2_ws/install/moveit_resources_fanuc_description:/home/manoj/ros2_ws/install/moveit_configs_utils:/home/manoj/ros2_ws/install/moveit_common:${AMENT_PREFIX_PATH} CMAKE_PREFIX_PATH=/home/manoj/ros2_ws/install/moveit_setup_framework:/home/manoj/ros2_ws/install/moveit_ros_visualization:/home/manoj/ros2_ws/install/moveit_ros_planning_interface:/home/manoj/ros2_ws/install/moveit_ros_move_group:/home/manoj/ros2_ws/install/moveit_ros_warehouse:/home/manoj/ros2_ws/install/moveit_ros_robot_interaction:/home/manoj/ros2_ws/install/moveit_planners_ompl:/home/manoj/ros2_ws/install/moveit_kinematics:/home/manoj/ros2_ws/install/moveit_ros_planning:/home/manoj/ros2_ws/install/moveit_simple_controller_manager:/home/manoj/ros2_ws/install/moveit_ros_occupancy_map_monitor:/home/manoj/ros2_ws/install/moveit_core:/home/manoj/ros2_ws/install/moveit_resources_panda_moveit_config:/home/manoj/ros2_ws/install/moveit_resources_fanuc_moveit_config:/home/manoj/ros2_ws/install/moveit_resources_pr2_description:/home/manoj/ros2_ws/install/moveit_resources_panda_description:/home/manoj/ros2_ws/install/moveit_resources_fanuc_description:/home/manoj/ros2_ws/install/moveit_common:/opt/ros/humble LD_LIBRARY_PATH=/home/manoj/ros2_ws/install/moveit_setup_framework/lib:/home/manoj/ros2_ws/install/moveit_ros_visualization/lib:/home/manoj/ros2_ws/install/moveit_ros_planning_interface/lib:/home/manoj/ros2_ws/install/moveit_ros_move_group/lib:/home/manoj/ros2_ws/install/moveit_ros_warehouse/lib:/home/manoj/ros2_ws/install/moveit_ros_robot_interaction/lib:/home/manoj/ros2_ws/install/moveit_planners_ompl/lib:/home/manoj/ros2_ws/install/moveit_kinematics/lib:/home/manoj/ros2_ws/install/moveit_ros_planning/lib:/home/manoj/ros2_ws/install/moveit_simple_controller_manager/lib:/home/manoj/ros2_ws/install/moveit_ros_occupancy_map_monitor/lib:/home/manoj/ros2_ws/install/moveit_core/lib:${LD_LIBRARY_PATH} PATH=/home/manoj/ros2_ws/install/moveit_core/bin:${PATH} PYTHONPATH=/home/manoj/ros2_ws/install/moveit_configs_utils/lib/python3.10/site-packages:${PYTHONPATH} /usr/bin/cmake --build /home/manoj/ros2_ws/build/moveit_setup_app_plugins -- -j12 -l12
[2.687s] [  4%] [34m[1mAutomatic MOC for target moveit_setup_app_plugins[0m
[2.698s] [  8%] [34m[1mAutomatic MOC for target gtest_main[0m
[2.698s] [ 12%] [34m[1mAutomatic MOC for target gtest[0m
[2.726s] [ 12%] Built target gtest_autogen
[2.727s] [ 12%] Built target gtest_main_autogen
[2.730s] [ 12%] Built target moveit_setup_app_plugins_autogen
[2.741s] [35m[1mConsolidate compiler generated dependencies of target gtest[0m
[2.748s] [35m[1mConsolidate compiler generated dependencies of target gtest_main[0m
[2.765s] [35m[1mConsolidate compiler generated dependencies of target moveit_setup_app_plugins[0m
[2.765s] [ 24%] Built target gtest
[2.768s] [ 36%] Built target gtest_main
[2.845s] [ 40%] [32m[1mLinking CXX shared library libmoveit_setup_app_plugins.so[0m
[3.765s] [ 84%] Built target moveit_setup_app_plugins
[3.792s] [ 88%] [34m[1mAutomatic MOC for target test_perception[0m
[3.827s] [ 88%] Built target test_perception_autogen
[3.845s] [35m[1mConsolidate compiler generated dependencies of target test_perception[0m
[3.860s] [ 92%] [32m[1mLinking CXX executable test_perception[0m
[4.578s] [100%] Built target test_perception
[4.594s] Invoked command in '/home/manoj/ros2_ws/build/moveit_setup_app_plugins' returned '0': AMENT_PREFIX_PATH=/home/manoj/ros2_ws/install/moveit_setup_framework:/home/manoj/ros2_ws/install/moveit_ros_visualization:/home/manoj/ros2_ws/install/moveit_ros_planning_interface:/home/manoj/ros2_ws/install/moveit_ros_move_group:/home/manoj/ros2_ws/install/moveit_ros_warehouse:/home/manoj/ros2_ws/install/moveit_ros_robot_interaction:/home/manoj/ros2_ws/install/moveit_planners_ompl:/home/manoj/ros2_ws/install/moveit_kinematics:/home/manoj/ros2_ws/install/moveit_ros_planning:/home/manoj/ros2_ws/install/moveit_simple_controller_manager:/home/manoj/ros2_ws/install/moveit_ros_occupancy_map_monitor:/home/manoj/ros2_ws/install/moveit_core:/home/manoj/ros2_ws/install/moveit_resources_panda_moveit_config:/home/manoj/ros2_ws/install/moveit_resources_fanuc_moveit_config:/home/manoj/ros2_ws/install/moveit_resources_pr2_description:/home/manoj/ros2_ws/install/moveit_resources_panda_description:/home/manoj/ros2_ws/install/moveit_resources_fanuc_description:/home/manoj/ros2_ws/install/moveit_configs_utils:/home/manoj/ros2_ws/install/moveit_common:${AMENT_PREFIX_PATH} CMAKE_PREFIX_PATH=/home/manoj/ros2_ws/install/moveit_setup_framework:/home/manoj/ros2_ws/install/moveit_ros_visualization:/home/manoj/ros2_ws/install/moveit_ros_planning_interface:/home/manoj/ros2_ws/install/moveit_ros_move_group:/home/manoj/ros2_ws/install/moveit_ros_warehouse:/home/manoj/ros2_ws/install/moveit_ros_robot_interaction:/home/manoj/ros2_ws/install/moveit_planners_ompl:/home/manoj/ros2_ws/install/moveit_kinematics:/home/manoj/ros2_ws/install/moveit_ros_planning:/home/manoj/ros2_ws/install/moveit_simple_controller_manager:/home/manoj/ros2_ws/install/moveit_ros_occupancy_map_monitor:/home/manoj/ros2_ws/install/moveit_core:/home/manoj/ros2_ws/install/moveit_resources_panda_moveit_config:/home/manoj/ros2_ws/install/moveit_resources_fanuc_moveit_config:/home/manoj/ros2_ws/install/moveit_resources_pr2_description:/home/manoj/ros2_ws/install/moveit_resources_panda_description:/home/manoj/ros2_ws/install/moveit_resources_fanuc_description:/home/manoj/ros2_ws/install/moveit_common:/opt/ros/humble LD_LIBRARY_PATH=/home/manoj/ros2_ws/install/moveit_setup_framework/lib:/home/manoj/ros2_ws/install/moveit_ros_visualization/lib:/home/manoj/ros2_ws/install/moveit_ros_planning_interface/lib:/home/manoj/ros2_ws/install/moveit_ros_move_group/lib:/home/manoj/ros2_ws/install/moveit_ros_warehouse/lib:/home/manoj/ros2_ws/install/moveit_ros_robot_interaction/lib:/home/manoj/ros2_ws/install/moveit_planners_ompl/lib:/home/manoj/ros2_ws/install/moveit_kinematics/lib:/home/manoj/ros2_ws/install/moveit_ros_planning/lib:/home/manoj/ros2_ws/install/moveit_simple_controller_manager/lib:/home/manoj/ros2_ws/install/moveit_ros_occupancy_map_monitor/lib:/home/manoj/ros2_ws/install/moveit_core/lib:${LD_LIBRARY_PATH} PATH=/home/manoj/ros2_ws/install/moveit_core/bin:${PATH} PYTHONPATH=/home/manoj/ros2_ws/install/moveit_configs_utils/lib/python3.10/site-packages:${PYTHONPATH} /usr/bin/cmake --build /home/manoj/ros2_ws/build/moveit_setup_app_plugins -- -j12 -l12
[4.599s] Invoking command in '/home/manoj/ros2_ws/build/moveit_setup_app_plugins': AMENT_PREFIX_PATH=/home/manoj/ros2_ws/install/moveit_setup_framework:/home/manoj/ros2_ws/install/moveit_ros_visualization:/home/manoj/ros2_ws/install/moveit_ros_planning_interface:/home/manoj/ros2_ws/install/moveit_ros_move_group:/home/manoj/ros2_ws/install/moveit_ros_warehouse:/home/manoj/ros2_ws/install/moveit_ros_robot_interaction:/home/manoj/ros2_ws/install/moveit_planners_ompl:/home/manoj/ros2_ws/install/moveit_kinematics:/home/manoj/ros2_ws/install/moveit_ros_planning:/home/manoj/ros2_ws/install/moveit_simple_controller_manager:/home/manoj/ros2_ws/install/moveit_ros_occupancy_map_monitor:/home/manoj/ros2_ws/install/moveit_core:/home/manoj/ros2_ws/install/moveit_resources_panda_moveit_config:/home/manoj/ros2_ws/install/moveit_resources_fanuc_moveit_config:/home/manoj/ros2_ws/install/moveit_resources_pr2_description:/home/manoj/ros2_ws/install/moveit_resources_panda_description:/home/manoj/ros2_ws/install/moveit_resources_fanuc_description:/home/manoj/ros2_ws/install/moveit_configs_utils:/home/manoj/ros2_ws/install/moveit_common:${AMENT_PREFIX_PATH} CMAKE_PREFIX_PATH=/home/manoj/ros2_ws/install/moveit_setup_framework:/home/manoj/ros2_ws/install/moveit_ros_visualization:/home/manoj/ros2_ws/install/moveit_ros_planning_interface:/home/manoj/ros2_ws/install/moveit_ros_move_group:/home/manoj/ros2_ws/install/moveit_ros_warehouse:/home/manoj/ros2_ws/install/moveit_ros_robot_interaction:/home/manoj/ros2_ws/install/moveit_planners_ompl:/home/manoj/ros2_ws/install/moveit_kinematics:/home/manoj/ros2_ws/install/moveit_ros_planning:/home/manoj/ros2_ws/install/moveit_simple_controller_manager:/home/manoj/ros2_ws/install/moveit_ros_occupancy_map_monitor:/home/manoj/ros2_ws/install/moveit_core:/home/manoj/ros2_ws/install/moveit_resources_panda_moveit_config:/home/manoj/ros2_ws/install/moveit_resources_fanuc_moveit_config:/home/manoj/ros2_ws/install/moveit_resources_pr2_description:/home/manoj/ros2_ws/install/moveit_resources_panda_description:/home/manoj/ros2_ws/install/moveit_resources_fanuc_description:/home/manoj/ros2_ws/install/moveit_common:/opt/ros/humble LD_LIBRARY_PATH=/home/manoj/ros2_ws/install/moveit_setup_framework/lib:/home/manoj/ros2_ws/install/moveit_ros_visualization/lib:/home/manoj/ros2_ws/install/moveit_ros_planning_interface/lib:/home/manoj/ros2_ws/install/moveit_ros_move_group/lib:/home/manoj/ros2_ws/install/moveit_ros_warehouse/lib:/home/manoj/ros2_ws/install/moveit_ros_robot_interaction/lib:/home/manoj/ros2_ws/install/moveit_planners_ompl/lib:/home/manoj/ros2_ws/install/moveit_kinematics/lib:/home/manoj/ros2_ws/install/moveit_ros_planning/lib:/home/manoj/ros2_ws/install/moveit_simple_controller_manager/lib:/home/manoj/ros2_ws/install/moveit_ros_occupancy_map_monitor/lib:/home/manoj/ros2_ws/install/moveit_core/lib:${LD_LIBRARY_PATH} PATH=/home/manoj/ros2_ws/install/moveit_core/bin:${PATH} PYTHONPATH=/home/manoj/ros2_ws/install/moveit_configs_utils/lib/python3.10/site-packages:${PYTHONPATH} /usr/bin/cmake --install /home/manoj/ros2_ws/build/moveit_setup_app_plugins
[4.610s] -- Install configuration: "Release"
[4.610s] -- Execute custom install script
[4.611s] -- Up-to-date symlink: /home/manoj/ros2_ws/install/moveit_setup_app_plugins/share/moveit_setup_app_plugins/templates/config/moveit.rviz
[4.611s] -- Up-to-date symlink: /home/manoj/ros2_ws/install/moveit_setup_app_plugins/share/moveit_setup_app_plugins/templates/config/sensors_3d.yaml
[4.611s] -- Up-to-date symlink: /home/manoj/ros2_ws/install/moveit_setup_app_plugins/share/moveit_setup_app_plugins/templates/launch/generic.launch.py.template
[4.611s] -- Up-to-date symlink: /home/manoj/ros2_ws/install/moveit_setup_app_plugins/share/moveit_setup_app_plugins/moveit_setup_framework_plugins.xml
[4.612s] -- Up-to-date symlink: /home/manoj/ros2_ws/install/moveit_setup_app_plugins/include/moveit_setup_app_plugins/launch_bundle.hpp
[4.612s] -- Up-to-date symlink: /home/manoj/ros2_ws/install/moveit_setup_app_plugins/include/moveit_setup_app_plugins/launches.hpp
[4.613s] -- Up-to-date symlink: /home/manoj/ros2_ws/install/moveit_setup_app_plugins/include/moveit_setup_app_plugins/launches_config.hpp
[4.613s] -- Up-to-date symlink: /home/manoj/ros2_ws/install/moveit_setup_app_plugins/include/moveit_setup_app_plugins/launches_widget.hpp
[4.613s] -- Up-to-date symlink: /home/manoj/ros2_ws/install/moveit_setup_app_plugins/include/moveit_setup_app_plugins/perception.hpp
[4.613s] -- Up-to-date symlink: /home/manoj/ros2_ws/install/moveit_setup_app_plugins/include/moveit_setup_app_plugins/perception_config.hpp
[4.613s] -- Up-to-date symlink: /home/manoj/ros2_ws/install/moveit_setup_app_plugins/include/moveit_setup_app_plugins/perception_widget.hpp
[4.613s] -- Up-to-date symlink: /home/manoj/ros2_ws/install/moveit_setup_app_plugins/share/moveit_setup_app_plugins/environment/library_path.sh
[4.613s] -- Up-to-date symlink: /home/manoj/ros2_ws/install/moveit_setup_app_plugins/share/moveit_setup_app_plugins/environment/library_path.dsv
[4.614s] -- Up-to-date symlink: /home/manoj/ros2_ws/install/moveit_setup_app_plugins/share/moveit_setup_app_plugins//moveit_setup_framework_plugins.xml
[4.614s] -- Up-to-date symlink: /home/manoj/ros2_ws/install/moveit_setup_app_plugins/share/ament_index/resource_index/package_run_dependencies/moveit_setup_app_plugins
[4.614s] -- Up-to-date symlink: /home/manoj/ros2_ws/install/moveit_setup_app_plugins/share/ament_index/resource_index/parent_prefix_path/moveit_setup_app_plugins
[4.614s] -- Up-to-date symlink: /home/manoj/ros2_ws/install/moveit_setup_app_plugins/share/moveit_setup_app_plugins/environment/ament_prefix_path.sh
[4.614s] -- Up-to-date symlink: /home/manoj/ros2_ws/install/moveit_setup_app_plugins/share/moveit_setup_app_plugins/environment/ament_prefix_path.dsv
[4.615s] -- Up-to-date symlink: /home/manoj/ros2_ws/install/moveit_setup_app_plugins/share/moveit_setup_app_plugins/environment/path.sh
[4.615s] -- Up-to-date symlink: /home/manoj/ros2_ws/install/moveit_setup_app_plugins/share/moveit_setup_app_plugins/environment/path.dsv
[4.615s] -- Up-to-date symlink: /home/manoj/ros2_ws/install/moveit_setup_app_plugins/share/moveit_setup_app_plugins/local_setup.bash
[4.615s] -- Up-to-date symlink: /home/manoj/ros2_ws/install/moveit_setup_app_plugins/share/moveit_setup_app_plugins/local_setup.sh
[4.615s] -- Up-to-date symlink: /home/manoj/ros2_ws/install/moveit_setup_app_plugins/share/moveit_setup_app_plugins/local_setup.zsh
[4.616s] -- Up-to-date symlink: /home/manoj/ros2_ws/install/moveit_setup_app_plugins/share/moveit_setup_app_plugins/local_setup.dsv
[4.616s] -- Symlinking: /home/manoj/ros2_ws/install/moveit_setup_app_plugins/share/moveit_setup_app_plugins/package.dsv
[4.628s] -- Up-to-date symlink: /home/manoj/ros2_ws/install/moveit_setup_app_plugins/share/ament_index/resource_index/packages/moveit_setup_app_plugins
[4.629s] -- Up-to-date symlink: /home/manoj/ros2_ws/install/moveit_setup_app_plugins/share/ament_index/resource_index/moveit_setup_framework__pluginlib__plugin/moveit_setup_app_plugins
[4.629s] -- Up-to-date symlink: /home/manoj/ros2_ws/install/moveit_setup_app_plugins/share/moveit_setup_app_plugins/cmake/ament_cmake_export_include_directories-extras.cmake
[4.629s] -- Up-to-date symlink: /home/manoj/ros2_ws/install/moveit_setup_app_plugins/share/moveit_setup_app_plugins/cmake/ament_cmake_export_libraries-extras.cmake
[4.629s] -- Up-to-date symlink: /home/manoj/ros2_ws/install/moveit_setup_app_plugins/share/moveit_setup_app_plugins/cmake/ament_cmake_export_targets-extras.cmake
[4.629s] -- Up-to-date symlink: /home/manoj/ros2_ws/install/moveit_setup_app_plugins/share/moveit_setup_app_plugins/cmake/moveit_setup_app_pluginsConfig.cmake
[4.629s] -- Up-to-date symlink: /home/manoj/ros2_ws/install/moveit_setup_app_plugins/share/moveit_setup_app_plugins/cmake/moveit_setup_app_pluginsConfig-version.cmake
[4.630s] -- Up-to-date symlink: /home/manoj/ros2_ws/install/moveit_setup_app_plugins/share/moveit_setup_app_plugins/package.xml
[4.630s] -- Installing: /home/manoj/ros2_ws/install/moveit_setup_app_plugins/lib/libmoveit_setup_app_plugins.so
[4.631s] -- Set runtime path of "/home/manoj/ros2_ws/install/moveit_setup_app_plugins/lib/libmoveit_setup_app_plugins.so" to ""
[4.631s] -- Up-to-date: /home/manoj/ros2_ws/install/moveit_setup_app_plugins/share/moveit_setup_app_plugins/cmake/export_moveit_setup_app_pluginsExport.cmake
[4.632s] -- Up-to-date: /home/manoj/ros2_ws/install/moveit_setup_app_plugins/share/moveit_setup_app_plugins/cmake/export_moveit_setup_app_pluginsExport-release.cmake
[4.635s] Invoked command in '/home/manoj/ros2_ws/build/moveit_setup_app_plugins' returned '0': AMENT_PREFIX_PATH=/home/manoj/ros2_ws/install/moveit_setup_framework:/home/manoj/ros2_ws/install/moveit_ros_visualization:/home/manoj/ros2_ws/install/moveit_ros_planning_interface:/home/manoj/ros2_ws/install/moveit_ros_move_group:/home/manoj/ros2_ws/install/moveit_ros_warehouse:/home/manoj/ros2_ws/install/moveit_ros_robot_interaction:/home/manoj/ros2_ws/install/moveit_planners_ompl:/home/manoj/ros2_ws/install/moveit_kinematics:/home/manoj/ros2_ws/install/moveit_ros_planning:/home/manoj/ros2_ws/install/moveit_simple_controller_manager:/home/manoj/ros2_ws/install/moveit_ros_occupancy_map_monitor:/home/manoj/ros2_ws/install/moveit_core:/home/manoj/ros2_ws/install/moveit_resources_panda_moveit_config:/home/manoj/ros2_ws/install/moveit_resources_fanuc_moveit_config:/home/manoj/ros2_ws/install/moveit_resources_pr2_description:/home/manoj/ros2_ws/install/moveit_resources_panda_description:/home/manoj/ros2_ws/install/moveit_resources_fanuc_description:/home/manoj/ros2_ws/install/moveit_configs_utils:/home/manoj/ros2_ws/install/moveit_common:${AMENT_PREFIX_PATH} CMAKE_PREFIX_PATH=/home/manoj/ros2_ws/install/moveit_setup_framework:/home/manoj/ros2_ws/install/moveit_ros_visualization:/home/manoj/ros2_ws/install/moveit_ros_planning_interface:/home/manoj/ros2_ws/install/moveit_ros_move_group:/home/manoj/ros2_ws/install/moveit_ros_warehouse:/home/manoj/ros2_ws/install/moveit_ros_robot_interaction:/home/manoj/ros2_ws/install/moveit_planners_ompl:/home/manoj/ros2_ws/install/moveit_kinematics:/home/manoj/ros2_ws/install/moveit_ros_planning:/home/manoj/ros2_ws/install/moveit_simple_controller_manager:/home/manoj/ros2_ws/install/moveit_ros_occupancy_map_monitor:/home/manoj/ros2_ws/install/moveit_core:/home/manoj/ros2_ws/install/moveit_resources_panda_moveit_config:/home/manoj/ros2_ws/install/moveit_resources_fanuc_moveit_config:/home/manoj/ros2_ws/install/moveit_resources_pr2_description:/home/manoj/ros2_ws/install/moveit_resources_panda_description:/home/manoj/ros2_ws/install/moveit_resources_fanuc_description:/home/manoj/ros2_ws/install/moveit_common:/opt/ros/humble LD_LIBRARY_PATH=/home/manoj/ros2_ws/install/moveit_setup_framework/lib:/home/manoj/ros2_ws/install/moveit_ros_visualization/lib:/home/manoj/ros2_ws/install/moveit_ros_planning_interface/lib:/home/manoj/ros2_ws/install/moveit_ros_move_group/lib:/home/manoj/ros2_ws/install/moveit_ros_warehouse/lib:/home/manoj/ros2_ws/install/moveit_ros_robot_interaction/lib:/home/manoj/ros2_ws/install/moveit_planners_ompl/lib:/home/manoj/ros2_ws/install/moveit_kinematics/lib:/home/manoj/ros2_ws/install/moveit_ros_planning/lib:/home/manoj/ros2_ws/install/moveit_simple_controller_manager/lib:/home/manoj/ros2_ws/install/moveit_ros_occupancy_map_monitor/lib:/home/manoj/ros2_ws/install/moveit_core/lib:${LD_LIBRARY_PATH} PATH=/home/manoj/ros2_ws/install/moveit_core/bin:${PATH} PYTHONPATH=/home/manoj/ros2_ws/install/moveit_configs_utils/lib/python3.10/site-packages:${PYTHONPATH} /usr/bin/cmake --install /home/manoj/ros2_ws/build/moveit_setup_app_plugins
