[0.027s] Invoking command in '/home/manoj/ros2_ws/build/moveit_ros_planning': AMENT_PREFIX_PATH=/home/manoj/ros2_ws/install/moveit_ros_occupancy_map_monitor:/home/manoj/ros2_ws/install/moveit_core:/home/manoj/ros2_ws/install/moveit_resources_panda_moveit_config:/home/manoj/ros2_ws/install/moveit_resources_pr2_description:/home/manoj/ros2_ws/install/moveit_resources_panda_description:/home/manoj/ros2_ws/install/moveit_configs_utils:/home/manoj/ros2_ws/install/moveit_common:${AMENT_PREFIX_PATH} CMAKE_PREFIX_PATH=/home/manoj/ros2_ws/install/moveit_ros_occupancy_map_monitor:/home/manoj/ros2_ws/install/moveit_core:/home/manoj/ros2_ws/install/moveit_resources_panda_moveit_config:/home/manoj/ros2_ws/install/moveit_resources_pr2_description:/home/manoj/ros2_ws/install/moveit_resources_panda_description:/home/manoj/ros2_ws/install/moveit_common:/opt/ros/humble LD_LIBRARY_PATH=/home/manoj/ros2_ws/install/moveit_ros_occupancy_map_monitor/lib:/home/manoj/ros2_ws/install/moveit_core/lib:${LD_LIBRARY_PATH} PATH=/home/manoj/ros2_ws/install/moveit_core/bin:${PATH} PYTHONPATH=/home/manoj/ros2_ws/install/moveit_configs_utils/lib/python3.10/site-packages:${PYTHONPATH} /usr/bin/cmake /home/manoj/ros2_ws/src/moveit2/moveit_ros/planning -DCMAKE_BUILD_TYPE=Release -DCMAKE_INSTALL_PREFIX=/home/manoj/ros2_ws/install/moveit_ros_planning
[0.044s] -- Found moveit_common: 2.5.9 (/home/manoj/ros2_ws/install/moveit_common/share/moveit_common/cmake)
[0.044s] -- Found ament_cmake: 1.3.11 (/opt/ros/humble/share/ament_cmake/cmake)
[0.191s] -- Override CMake install command with custom implementation using symlinks instead of copying resources
[0.281s] -- Found moveit_msgs: 2.2.1 (/opt/ros/humble/share/moveit_msgs/cmake)
[0.318s] -- Found rosidl_generator_c: 3.1.6 (/opt/ros/humble/share/rosidl_generator_c/cmake)
[0.322s] -- Found rosidl_adapter: 3.1.6 (/opt/ros/humble/share/rosidl_adapter/cmake)
[0.330s] -- Found rosidl_generator_cpp: 3.1.6 (/opt/ros/humble/share/rosidl_generator_cpp/cmake)
[0.343s] -- Using all available rosidl_typesupport_c: rosidl_typesupport_fastrtps_c;rosidl_typesupport_introspection_c
[0.359s] -- Using all available rosidl_typesupport_cpp: rosidl_typesupport_fastrtps_cpp;rosidl_typesupport_introspection_cpp
[0.572s] -- Found pluginlib: 5.1.0 (/opt/ros/humble/share/pluginlib/cmake)
[0.593s] -- Found rclcpp: 16.0.12 (/opt/ros/humble/share/rclcpp/cmake)
[0.625s] -- Found rmw_implementation_cmake: 6.1.2 (/opt/ros/humble/share/rmw_implementation_cmake/cmake)
[0.627s] -- Found rmw_fastrtps_cpp: 6.2.7 (/opt/ros/humble/share/rmw_fastrtps_cpp/cmake)
[0.651s] -- Found TinyXML2 via Config file: TinyXML2_DIR-NOTFOUND
[0.662s] -- Found TinyXML2 via Config file: TinyXML2_DIR-NOTFOUND
[0.682s] -- Found TinyXML2 via Config file: TinyXML2_DIR-NOTFOUND
[0.690s] -- Found TinyXML2 via Config file: TinyXML2_DIR-NOTFOUND
[0.700s] -- Using RMW implementation 'rmw_fastrtps_cpp' as default
[0.732s] -- Found message_filters: 4.3.7 (/opt/ros/humble/share/message_filters/cmake)
[0.737s] -- Found srdfdom: 2.0.7 (/opt/ros/humble/share/srdfdom/cmake)
[0.745s] -- Found tf2: 0.25.12 (/opt/ros/humble/share/tf2/cmake)
[0.749s] -- Found tf2_geometry_msgs: 0.25.12 (/opt/ros/humble/share/tf2_geometry_msgs/cmake)
[0.755s] -- Found eigen3_cmake_module: 0.1.1 (/opt/ros/humble/share/eigen3_cmake_module/cmake)
[0.755s] -- Ensuring Eigen3 include directory is part of orocos-kdl CMake target
[0.806s] -- Found tf2_eigen: 0.25.12 (/opt/ros/humble/share/tf2_eigen/cmake)
[0.809s] -- Found moveit_core: 2.5.9 (/home/manoj/ros2_ws/install/moveit_core/share/moveit_core/cmake)
[0.824s] -- Found Boost: /usr/lib/x86_64-linux-gnu/cmake/Boost-1.74.0/BoostConfig.cmake (found version "1.74.0") found components: chrono date_time filesystem iostreams program_options regex serialization system thread 
[0.857s] -- Found parameter_traits: 0.4.0 (/opt/ros/humble/share/parameter_traits/cmake)
[0.873s] -- Found rclcpp_lifecycle: 16.0.12 (/opt/ros/humble/share/rclcpp_lifecycle/cmake)
[0.894s] -- Found Boost: /usr/lib/x86_64-linux-gnu/cmake/Boost-1.74.0/BoostConfig.cmake (found version "1.74.0") found components: filesystem 
[0.924s] -- library: /usr/lib/x86_64-linux-gnu/libcurl.so
[0.983s] -- Found moveit_ros_occupancy_map_monitor: 2.5.9 (/home/manoj/ros2_ws/install/moveit_ros_occupancy_map_monitor/share/moveit_ros_occupancy_map_monitor/cmake)
[1.004s] -- Found Boost: /usr/lib/x86_64-linux-gnu/cmake/Boost-1.74.0/BoostConfig.cmake (found version "1.74.0") found components: system filesystem date_time program_options thread chrono 
[1.078s] -- Found ament_cmake_gtest: 1.3.11 (/opt/ros/humble/share/ament_cmake_gtest/cmake)
[1.079s] -- Found ament_cmake_gmock: 1.3.11 (/opt/ros/humble/share/ament_cmake_gmock/cmake)
[1.080s] -- Found ros_testing: 0.4.0 (/opt/ros/humble/share/ros_testing/cmake)
[1.081s] -- Found launch_testing_ament_cmake: 1.0.8 (/opt/ros/humble/share/launch_testing_ament_cmake/cmake)
[1.081s] -- Found python_cmake_module: 0.10.0 (/opt/ros/humble/share/python_cmake_module/cmake)
[1.106s] -- Using PYTHON_EXECUTABLE: /usr/bin/python3
[1.106s] -- Using PYTHON_INCLUDE_DIRS: /usr/include/python3.10
[1.106s] -- Using PYTHON_LIBRARIES: /usr/lib/x86_64-linux-gnu/libpython3.10.so
[1.107s] -- Found gmock sources under '/opt/ros/humble/src/gmock_vendor': C++ tests using 'Google Mock' will be built
[1.111s] -- Found gtest sources under '/opt/ros/humble/src/gtest_vendor': C++ tests using 'Google Test' will be built
[1.146s] -- Found ament_lint_auto: 0.12.12 (/opt/ros/humble/share/ament_lint_auto/cmake)
[1.161s] -- Found launch_testing_ament_cmake: 1.0.8 (/opt/ros/humble/share/launch_testing_ament_cmake/cmake)
[1.161s] -- Found python_cmake_module: 0.10.0 (/opt/ros/humble/share/python_cmake_module/cmake)
[1.184s] -- Using PYTHON_EXECUTABLE: /usr/bin/python3
[1.184s] -- Using PYTHON_INCLUDE_DIRS: /usr/include/python3.10
[1.184s] -- Using PYTHON_LIBRARIES: /usr/lib/x86_64-linux-gnu/libpython3.10.so
[1.202s] -- Added test 'cppcheck' to perform static code analysis on C / C++ code
[1.202s] -- Configured cppcheck include dirs: /home/manoj/ros2_ws/src/moveit2/moveit_ros/planning/rdf_loader/include;/home/manoj/ros2_ws/src/moveit2/moveit_ros/planning/kinematics_plugin_loader/include;/home/manoj/ros2_ws/src/moveit2/moveit_ros/planning/robot_model_loader/include;/home/manoj/ros2_ws/src/moveit2/moveit_ros/planning/constraint_sampler_manager_loader/include;/home/manoj/ros2_ws/src/moveit2/moveit_ros/planning/planning_pipeline/include;/home/manoj/ros2_ws/src/moveit2/moveit_ros/planning/planning_scene_monitor/include;/home/manoj/ros2_ws/src/moveit2/moveit_ros/planning/trajectory_execution_manager/include;/home/manoj/ros2_ws/src/moveit2/moveit_ros/planning/plan_execution/include;/home/manoj/ros2_ws/src/moveit2/moveit_ros/planning/collision_plugin_loader/include;/home/manoj/ros2_ws/src/moveit2/moveit_ros/planning/moveit_cpp/include
[1.202s] -- Configured cppcheck exclude dirs and/or files: 
[1.204s] -- Added test 'lint_cmake' to check CMake code style
[1.207s] -- Added test 'pep257' to check Python code against some of the docstring style conventions in PEP 257
[1.209s] -- Added test 'xmllint' to check XML markup files
[1.213s] -- Configuring done
[1.517s] -- Generating done
[1.604s] -- Build files have been written to: /home/manoj/ros2_ws/build/moveit_ros_planning
[1.622s] Invoked command in '/home/manoj/ros2_ws/build/moveit_ros_planning' returned '0': AMENT_PREFIX_PATH=/home/manoj/ros2_ws/install/moveit_ros_occupancy_map_monitor:/home/manoj/ros2_ws/install/moveit_core:/home/manoj/ros2_ws/install/moveit_resources_panda_moveit_config:/home/manoj/ros2_ws/install/moveit_resources_pr2_description:/home/manoj/ros2_ws/install/moveit_resources_panda_description:/home/manoj/ros2_ws/install/moveit_configs_utils:/home/manoj/ros2_ws/install/moveit_common:${AMENT_PREFIX_PATH} CMAKE_PREFIX_PATH=/home/manoj/ros2_ws/install/moveit_ros_occupancy_map_monitor:/home/manoj/ros2_ws/install/moveit_core:/home/manoj/ros2_ws/install/moveit_resources_panda_moveit_config:/home/manoj/ros2_ws/install/moveit_resources_pr2_description:/home/manoj/ros2_ws/install/moveit_resources_panda_description:/home/manoj/ros2_ws/install/moveit_common:/opt/ros/humble LD_LIBRARY_PATH=/home/manoj/ros2_ws/install/moveit_ros_occupancy_map_monitor/lib:/home/manoj/ros2_ws/install/moveit_core/lib:${LD_LIBRARY_PATH} PATH=/home/manoj/ros2_ws/install/moveit_core/bin:${PATH} PYTHONPATH=/home/manoj/ros2_ws/install/moveit_configs_utils/lib/python3.10/site-packages:${PYTHONPATH} /usr/bin/cmake /home/manoj/ros2_ws/src/moveit2/moveit_ros/planning -DCMAKE_BUILD_TYPE=Release -DCMAKE_INSTALL_PREFIX=/home/manoj/ros2_ws/install/moveit_ros_planning
[1.622s] Invoking command in '/home/manoj/ros2_ws/build/moveit_ros_planning': AMENT_PREFIX_PATH=/home/manoj/ros2_ws/install/moveit_ros_occupancy_map_monitor:/home/manoj/ros2_ws/install/moveit_core:/home/manoj/ros2_ws/install/moveit_resources_panda_moveit_config:/home/manoj/ros2_ws/install/moveit_resources_pr2_description:/home/manoj/ros2_ws/install/moveit_resources_panda_description:/home/manoj/ros2_ws/install/moveit_configs_utils:/home/manoj/ros2_ws/install/moveit_common:${AMENT_PREFIX_PATH} CMAKE_PREFIX_PATH=/home/manoj/ros2_ws/install/moveit_ros_occupancy_map_monitor:/home/manoj/ros2_ws/install/moveit_core:/home/manoj/ros2_ws/install/moveit_resources_panda_moveit_config:/home/manoj/ros2_ws/install/moveit_resources_pr2_description:/home/manoj/ros2_ws/install/moveit_resources_panda_description:/home/manoj/ros2_ws/install/moveit_common:/opt/ros/humble LD_LIBRARY_PATH=/home/manoj/ros2_ws/install/moveit_ros_occupancy_map_monitor/lib:/home/manoj/ros2_ws/install/moveit_core/lib:${LD_LIBRARY_PATH} PATH=/home/manoj/ros2_ws/install/moveit_core/bin:${PATH} PYTHONPATH=/home/manoj/ros2_ws/install/moveit_configs_utils/lib/python3.10/site-packages:${PYTHONPATH} /usr/bin/cmake --build /home/manoj/ros2_ws/build/moveit_ros_planning -- -j12 -l12
[1.674s] [35m[1mConsolidate compiler generated dependencies of target moveit_rdf_loader[0m
[1.695s] [  4%] Built target moveit_rdf_loader
[1.704s] [35m[1mConsolidate compiler generated dependencies of target gtest[0m
[1.717s] [  7%] Built target gtest
[1.734s] [35m[1mConsolidate compiler generated dependencies of target moveit_constraint_sampler_manager_loader[0m
[1.761s] [ 10%] Built target moveit_constraint_sampler_manager_loader
[1.773s] [35m[1mConsolidate compiler generated dependencies of target moveit_kinematics_plugin_loader[0m
[1.798s] [ 13%] Built target moveit_kinematics_plugin_loader
[1.806s] [35m[1mConsolidate compiler generated dependencies of target gtest_main[0m
[1.818s] [ 16%] Built target gtest_main
[1.832s] [35m[1mConsolidate compiler generated dependencies of target moveit_robot_model_loader[0m
[1.854s] [ 19%] Built target moveit_robot_model_loader
[1.863s] [35m[1mConsolidate compiler generated dependencies of target gmock[0m
[1.876s] [ 23%] Built target gmock
[1.886s] [35m[1mConsolidate compiler generated dependencies of target moveit_print_planning_model_info[0m
[1.904s] [ 26%] Built target moveit_print_planning_model_info
[1.913s] [35m[1mConsolidate compiler generated dependencies of target gmock_main[0m
[1.929s] [ 29%] Built target gmock_main
[1.948s] [35m[1mConsolidate compiler generated dependencies of target moveit_list_request_adapter_plugins[0m
[1.975s] [ 32%] Built target moveit_list_request_adapter_plugins
[1.997s] [35m[1mConsolidate compiler generated dependencies of target moveit_default_planning_request_adapter_plugins[0m
[2.052s] [ 48%] Built target moveit_default_planning_request_adapter_plugins
[2.064s] [35m[1mConsolidate compiler generated dependencies of target moveit_planning_pipeline[0m
[2.089s] [ 51%] Built target moveit_planning_pipeline
[2.101s] [35m[1mConsolidate compiler generated dependencies of target moveit_collision_plugin_loader[0m
[2.127s] [ 54%] Built target moveit_collision_plugin_loader
[2.152s] [35m[1mConsolidate compiler generated dependencies of target moveit_planning_scene_monitor[0m
[2.194s] [ 63%] Built target moveit_planning_scene_monitor
[2.207s] [35m[1mConsolidate compiler generated dependencies of target demo_scene[0m
[2.236s] [ 66%] Built target demo_scene
[2.251s] [35m[1mConsolidate compiler generated dependencies of target moveit_trajectory_execution_manager[0m
[2.280s] [ 69%] Built target moveit_trajectory_execution_manager
[2.292s] [35m[1mConsolidate compiler generated dependencies of target moveit_publish_scene_from_text[0m
[2.317s] [ 72%] Built target moveit_publish_scene_from_text
[2.335s] [35m[1mConsolidate compiler generated dependencies of target moveit_cpp[0m
[2.370s] [ 76%] Built target moveit_cpp
[2.383s] [35m[1mConsolidate compiler generated dependencies of target moveit_plan_execution[0m
[2.406s] [ 79%] Built target moveit_plan_execution
[2.420s] [35m[1mConsolidate compiler generated dependencies of target moveit_evaluate_collision_checking_speed[0m
[2.456s] [ 82%] Built target moveit_evaluate_collision_checking_speed
[2.471s] [35m[1mConsolidate compiler generated dependencies of target moveit_visualize_robot_collision_volume[0m
[2.501s] [ 85%] Built target moveit_visualize_robot_collision_volume
[2.514s] [35m[1mConsolidate compiler generated dependencies of target moveit_display_random_state[0m
[2.539s] [ 88%] Built target moveit_display_random_state
[2.551s] [35m[1mConsolidate compiler generated dependencies of target moveit_print_planning_scene_info[0m
[2.580s] [ 91%] Built target moveit_print_planning_scene_info
[2.593s] [35m[1mConsolidate compiler generated dependencies of target planning_scene_monitor_test[0m
[2.617s] [ 94%] Built target planning_scene_monitor_test
[2.630s] [35m[1mConsolidate compiler generated dependencies of target trajectory_monitor_tests[0m
[2.662s] [ 97%] Built target trajectory_monitor_tests
[2.677s] [35m[1mConsolidate compiler generated dependencies of target current_state_monitor_tests[0m
[2.702s] [100%] Built target current_state_monitor_tests
[2.711s] Invoked command in '/home/manoj/ros2_ws/build/moveit_ros_planning' returned '0': AMENT_PREFIX_PATH=/home/manoj/ros2_ws/install/moveit_ros_occupancy_map_monitor:/home/manoj/ros2_ws/install/moveit_core:/home/manoj/ros2_ws/install/moveit_resources_panda_moveit_config:/home/manoj/ros2_ws/install/moveit_resources_pr2_description:/home/manoj/ros2_ws/install/moveit_resources_panda_description:/home/manoj/ros2_ws/install/moveit_configs_utils:/home/manoj/ros2_ws/install/moveit_common:${AMENT_PREFIX_PATH} CMAKE_PREFIX_PATH=/home/manoj/ros2_ws/install/moveit_ros_occupancy_map_monitor:/home/manoj/ros2_ws/install/moveit_core:/home/manoj/ros2_ws/install/moveit_resources_panda_moveit_config:/home/manoj/ros2_ws/install/moveit_resources_pr2_description:/home/manoj/ros2_ws/install/moveit_resources_panda_description:/home/manoj/ros2_ws/install/moveit_common:/opt/ros/humble LD_LIBRARY_PATH=/home/manoj/ros2_ws/install/moveit_ros_occupancy_map_monitor/lib:/home/manoj/ros2_ws/install/moveit_core/lib:${LD_LIBRARY_PATH} PATH=/home/manoj/ros2_ws/install/moveit_core/bin:${PATH} PYTHONPATH=/home/manoj/ros2_ws/install/moveit_configs_utils/lib/python3.10/site-packages:${PYTHONPATH} /usr/bin/cmake --build /home/manoj/ros2_ws/build/moveit_ros_planning -- -j12 -l12
[2.713s] Invoking command in '/home/manoj/ros2_ws/build/moveit_ros_planning': AMENT_PREFIX_PATH=/home/manoj/ros2_ws/install/moveit_ros_occupancy_map_monitor:/home/manoj/ros2_ws/install/moveit_core:/home/manoj/ros2_ws/install/moveit_resources_panda_moveit_config:/home/manoj/ros2_ws/install/moveit_resources_pr2_description:/home/manoj/ros2_ws/install/moveit_resources_panda_description:/home/manoj/ros2_ws/install/moveit_configs_utils:/home/manoj/ros2_ws/install/moveit_common:${AMENT_PREFIX_PATH} CMAKE_PREFIX_PATH=/home/manoj/ros2_ws/install/moveit_ros_occupancy_map_monitor:/home/manoj/ros2_ws/install/moveit_core:/home/manoj/ros2_ws/install/moveit_resources_panda_moveit_config:/home/manoj/ros2_ws/install/moveit_resources_pr2_description:/home/manoj/ros2_ws/install/moveit_resources_panda_description:/home/manoj/ros2_ws/install/moveit_common:/opt/ros/humble LD_LIBRARY_PATH=/home/manoj/ros2_ws/install/moveit_ros_occupancy_map_monitor/lib:/home/manoj/ros2_ws/install/moveit_core/lib:${LD_LIBRARY_PATH} PATH=/home/manoj/ros2_ws/install/moveit_core/bin:${PATH} PYTHONPATH=/home/manoj/ros2_ws/install/moveit_configs_utils/lib/python3.10/site-packages:${PYTHONPATH} /usr/bin/cmake --install /home/manoj/ros2_ws/build/moveit_ros_planning
[2.720s] -- Install configuration: "Release"
[2.720s] -- Execute custom install script
[2.721s] -- Up-to-date symlink: /home/manoj/ros2_ws/install/moveit_ros_planning/include/moveit/rdf_loader/rdf_loader.h
[2.721s] -- Up-to-date symlink: /home/manoj/ros2_ws/install/moveit_ros_planning/include/moveit/rdf_loader/synchronized_string_parameter.h
[2.721s] -- Up-to-date symlink: /home/manoj/ros2_ws/install/moveit_ros_planning/share/moveit_ros_planning/rdf_loader/test/data/gonzo.srdf
[2.721s] -- Up-to-date symlink: /home/manoj/ros2_ws/install/moveit_ros_planning/share/moveit_ros_planning/rdf_loader/test/data/gonzo.urdf
[2.721s] -- Up-to-date symlink: /home/manoj/ros2_ws/install/moveit_ros_planning/share/moveit_ros_planning/rdf_loader/test/data/kermit.srdf
[2.722s] -- Up-to-date symlink: /home/manoj/ros2_ws/install/moveit_ros_planning/share/moveit_ros_planning/rdf_loader/test/data/kermit.urdf
[2.722s] -- Up-to-date symlink: /home/manoj/ros2_ws/install/moveit_ros_planning/share/moveit_ros_planning/rdf_loader/test/data/robin.srdf.xacro
[2.722s] -- Up-to-date symlink: /home/manoj/ros2_ws/install/moveit_ros_planning/share/moveit_ros_planning/rdf_loader/test/launch/test_rdf_integration.test.py
[2.722s] -- Up-to-date symlink: /home/manoj/ros2_ws/install/moveit_ros_planning/include/moveit/collision_plugin_loader/collision_plugin_loader.h
[2.722s] -- Up-to-date symlink: /home/manoj/ros2_ws/install/moveit_ros_planning/include/moveit/kinematics_plugin_loader/kinematics_plugin_loader.h
[2.723s] -- Up-to-date symlink: /home/manoj/ros2_ws/install/moveit_ros_planning/include/moveit/robot_model_loader/robot_model_loader.h
[2.723s] -- Up-to-date symlink: /home/manoj/ros2_ws/install/moveit_ros_planning/include/moveit/constraint_sampler_manager_loader/constraint_sampler_manager_loader.h
[2.723s] -- Up-to-date symlink: /home/manoj/ros2_ws/install/moveit_ros_planning/include/moveit/planning_pipeline/planning_pipeline.h
[2.724s] -- Up-to-date symlink: /home/manoj/ros2_ws/install/moveit_ros_planning/include/moveit_planning_pipeline_export.h
[2.724s] -- Up-to-date symlink: /home/manoj/ros2_ws/install/moveit_ros_planning/lib/moveit_ros_planning/moveit_list_request_adapter_plugins
[2.724s] -- Up-to-date symlink: /home/manoj/ros2_ws/install/moveit_ros_planning/lib/moveit_ros_planning/demo_scene
[2.725s] -- Up-to-date symlink: /home/manoj/ros2_ws/install/moveit_ros_planning/include/moveit/planning_scene_monitor/current_state_monitor.h
[2.725s] -- Up-to-date symlink: /home/manoj/ros2_ws/install/moveit_ros_planning/include/moveit/planning_scene_monitor/current_state_monitor_middleware_handle.hpp
[2.725s] -- Up-to-date symlink: /home/manoj/ros2_ws/install/moveit_ros_planning/include/moveit/planning_scene_monitor/planning_scene_monitor.h
[2.725s] -- Up-to-date symlink: /home/manoj/ros2_ws/install/moveit_ros_planning/include/moveit/planning_scene_monitor/trajectory_monitor.h
[2.725s] -- Up-to-date symlink: /home/manoj/ros2_ws/install/moveit_ros_planning/include/moveit/planning_scene_monitor/trajectory_monitor_middleware_handle.hpp
[2.725s] -- Up-to-date symlink: /home/manoj/ros2_ws/install/moveit_ros_planning/include/moveit_planning_scene_monitor_export.h
[2.726s] -- Up-to-date symlink: /home/manoj/ros2_ws/install/moveit_ros_planning/lib/moveit_ros_planning/moveit_print_planning_model_info
[2.726s] -- Up-to-date symlink: /home/manoj/ros2_ws/install/moveit_ros_planning/lib/moveit_ros_planning/moveit_print_planning_scene_info
[2.726s] -- Up-to-date symlink: /home/manoj/ros2_ws/install/moveit_ros_planning/lib/moveit_ros_planning/moveit_display_random_state
[2.726s] -- Up-to-date symlink: /home/manoj/ros2_ws/install/moveit_ros_planning/lib/moveit_ros_planning/moveit_visualize_robot_collision_volume
[2.726s] -- Up-to-date symlink: /home/manoj/ros2_ws/install/moveit_ros_planning/lib/moveit_ros_planning/moveit_evaluate_collision_checking_speed
[2.726s] -- Up-to-date symlink: /home/manoj/ros2_ws/install/moveit_ros_planning/lib/moveit_ros_planning/moveit_publish_scene_from_text
[2.727s] -- Up-to-date symlink: /home/manoj/ros2_ws/install/moveit_ros_planning/include/moveit/trajectory_execution_manager/trajectory_execution_manager.h
[2.727s] -- Up-to-date symlink: /home/manoj/ros2_ws/install/moveit_ros_planning/include/moveit_trajectory_execution_manager_export.h
[2.727s] -- Up-to-date symlink: /home/manoj/ros2_ws/install/moveit_ros_planning/include/moveit/plan_execution/plan_execution.h
[2.727s] -- Up-to-date symlink: /home/manoj/ros2_ws/install/moveit_ros_planning/include/moveit/plan_execution/plan_representation.h
[2.728s] -- Up-to-date symlink: /home/manoj/ros2_ws/install/moveit_ros_planning/include/moveit/moveit_cpp/moveit_cpp.h
[2.728s] -- Up-to-date symlink: /home/manoj/ros2_ws/install/moveit_ros_planning/include/moveit/moveit_cpp/planning_component.h
[2.728s] -- Up-to-date symlink: /home/manoj/ros2_ws/install/moveit_ros_planning/share/moveit_ros_planning/environment/library_path.sh
[2.728s] -- Up-to-date symlink: /home/manoj/ros2_ws/install/moveit_ros_planning/share/moveit_ros_planning/environment/library_path.dsv
[2.728s] -- Up-to-date symlink: /home/manoj/ros2_ws/install/moveit_ros_planning/share/moveit_ros_planning//planning_request_adapters_plugin_description.xml
[2.728s] -- Up-to-date symlink: /home/manoj/ros2_ws/install/moveit_ros_planning/share/ament_index/resource_index/package_run_dependencies/moveit_ros_planning
[2.729s] -- Up-to-date symlink: /home/manoj/ros2_ws/install/moveit_ros_planning/share/ament_index/resource_index/parent_prefix_path/moveit_ros_planning
[2.729s] -- Up-to-date symlink: /home/manoj/ros2_ws/install/moveit_ros_planning/share/moveit_ros_planning/environment/ament_prefix_path.sh
[2.729s] -- Up-to-date symlink: /home/manoj/ros2_ws/install/moveit_ros_planning/share/moveit_ros_planning/environment/ament_prefix_path.dsv
[2.729s] -- Up-to-date symlink: /home/manoj/ros2_ws/install/moveit_ros_planning/share/moveit_ros_planning/environment/path.sh
[2.729s] -- Up-to-date symlink: /home/manoj/ros2_ws/install/moveit_ros_planning/share/moveit_ros_planning/environment/path.dsv
[2.729s] -- Up-to-date symlink: /home/manoj/ros2_ws/install/moveit_ros_planning/share/moveit_ros_planning/local_setup.bash
[2.730s] -- Up-to-date symlink: /home/manoj/ros2_ws/install/moveit_ros_planning/share/moveit_ros_planning/local_setup.sh
[2.730s] -- Up-to-date symlink: /home/manoj/ros2_ws/install/moveit_ros_planning/share/moveit_ros_planning/local_setup.zsh
[2.730s] -- Up-to-date symlink: /home/manoj/ros2_ws/install/moveit_ros_planning/share/moveit_ros_planning/local_setup.dsv
[2.730s] -- Symlinking: /home/manoj/ros2_ws/install/moveit_ros_planning/share/moveit_ros_planning/package.dsv
[2.739s] -- Up-to-date symlink: /home/manoj/ros2_ws/install/moveit_ros_planning/share/ament_index/resource_index/packages/moveit_ros_planning
[2.740s] -- Up-to-date symlink: /home/manoj/ros2_ws/install/moveit_ros_planning/share/ament_index/resource_index/moveit_core__pluginlib__plugin/moveit_ros_planning
[2.740s] -- Up-to-date symlink: /home/manoj/ros2_ws/install/moveit_ros_planning/share/moveit_ros_planning/cmake/ConfigExtras.cmake
[2.740s] -- Up-to-date symlink: /home/manoj/ros2_ws/install/moveit_ros_planning/share/moveit_ros_planning/cmake/ament_cmake_export_targets-extras.cmake
[2.740s] -- Up-to-date symlink: /home/manoj/ros2_ws/install/moveit_ros_planning/share/moveit_ros_planning/cmake/ament_cmake_export_dependencies-extras.cmake
[2.740s] -- Up-to-date symlink: /home/manoj/ros2_ws/install/moveit_ros_planning/share/moveit_ros_planning/cmake/moveit_ros_planningConfig.cmake
[2.740s] -- Up-to-date symlink: /home/manoj/ros2_ws/install/moveit_ros_planning/share/moveit_ros_planning/cmake/moveit_ros_planningConfig-version.cmake
[2.740s] -- Up-to-date symlink: /home/manoj/ros2_ws/install/moveit_ros_planning/share/moveit_ros_planning/package.xml
[2.742s] -- Up-to-date: /home/manoj/ros2_ws/install/moveit_ros_planning/lib/libmoveit_rdf_loader.so.2.5.9
[2.742s] -- Up-to-date: /home/manoj/ros2_ws/install/moveit_ros_planning/lib/libmoveit_rdf_loader.so
[2.742s] -- Up-to-date: /home/manoj/ros2_ws/install/moveit_ros_planning/lib/libmoveit_kinematics_plugin_loader.so.2.5.9
[2.742s] -- Up-to-date: /home/manoj/ros2_ws/install/moveit_ros_planning/lib/libmoveit_kinematics_plugin_loader.so
[2.742s] -- Up-to-date: /home/manoj/ros2_ws/install/moveit_ros_planning/lib/libmoveit_robot_model_loader.so.2.5.9
[2.742s] -- Up-to-date: /home/manoj/ros2_ws/install/moveit_ros_planning/lib/libmoveit_robot_model_loader.so
[2.743s] -- Up-to-date: /home/manoj/ros2_ws/install/moveit_ros_planning/lib/libmoveit_constraint_sampler_manager_loader.so.2.5.9
[2.743s] -- Up-to-date: /home/manoj/ros2_ws/install/moveit_ros_planning/lib/libmoveit_constraint_sampler_manager_loader.so
[2.743s] -- Up-to-date: /home/manoj/ros2_ws/install/moveit_ros_planning/lib/libmoveit_planning_pipeline.so.2.5.9
[2.743s] -- Up-to-date: /home/manoj/ros2_ws/install/moveit_ros_planning/lib/libmoveit_planning_pipeline.so
[2.744s] -- Up-to-date: /home/manoj/ros2_ws/install/moveit_ros_planning/lib/libmoveit_trajectory_execution_manager.so.2.5.9
[2.744s] -- Up-to-date: /home/manoj/ros2_ws/install/moveit_ros_planning/lib/libmoveit_trajectory_execution_manager.so
[2.744s] -- Up-to-date: /home/manoj/ros2_ws/install/moveit_ros_planning/lib/libmoveit_plan_execution.so.2.5.9
[2.744s] -- Up-to-date: /home/manoj/ros2_ws/install/moveit_ros_planning/lib/libmoveit_plan_execution.so
[2.745s] -- Up-to-date: /home/manoj/ros2_ws/install/moveit_ros_planning/lib/libmoveit_planning_scene_monitor.so.2.5.9
[2.745s] -- Up-to-date: /home/manoj/ros2_ws/install/moveit_ros_planning/lib/libmoveit_planning_scene_monitor.so
[2.745s] -- Up-to-date: /home/manoj/ros2_ws/install/moveit_ros_planning/lib/libmoveit_collision_plugin_loader.so.2.5.9
[2.745s] -- Up-to-date: /home/manoj/ros2_ws/install/moveit_ros_planning/lib/libmoveit_collision_plugin_loader.so
[2.745s] -- Up-to-date: /home/manoj/ros2_ws/install/moveit_ros_planning/lib/libmoveit_default_planning_request_adapter_plugins.so.2.5.9
[2.746s] -- Up-to-date: /home/manoj/ros2_ws/install/moveit_ros_planning/lib/libmoveit_default_planning_request_adapter_plugins.so
[2.746s] -- Up-to-date: /home/manoj/ros2_ws/install/moveit_ros_planning/lib/libmoveit_cpp.so.2.5.9
[2.746s] -- Up-to-date: /home/manoj/ros2_ws/install/moveit_ros_planning/lib/libmoveit_cpp.so
[2.747s] -- Up-to-date: /home/manoj/ros2_ws/install/moveit_ros_planning/share/moveit_ros_planning/cmake/export_moveit_ros_planningExport.cmake
[2.747s] -- Up-to-date: /home/manoj/ros2_ws/install/moveit_ros_planning/share/moveit_ros_planning/cmake/export_moveit_ros_planningExport-release.cmake
[2.751s] Invoked command in '/home/manoj/ros2_ws/build/moveit_ros_planning' returned '0': AMENT_PREFIX_PATH=/home/manoj/ros2_ws/install/moveit_ros_occupancy_map_monitor:/home/manoj/ros2_ws/install/moveit_core:/home/manoj/ros2_ws/install/moveit_resources_panda_moveit_config:/home/manoj/ros2_ws/install/moveit_resources_pr2_description:/home/manoj/ros2_ws/install/moveit_resources_panda_description:/home/manoj/ros2_ws/install/moveit_configs_utils:/home/manoj/ros2_ws/install/moveit_common:${AMENT_PREFIX_PATH} CMAKE_PREFIX_PATH=/home/manoj/ros2_ws/install/moveit_ros_occupancy_map_monitor:/home/manoj/ros2_ws/install/moveit_core:/home/manoj/ros2_ws/install/moveit_resources_panda_moveit_config:/home/manoj/ros2_ws/install/moveit_resources_pr2_description:/home/manoj/ros2_ws/install/moveit_resources_panda_description:/home/manoj/ros2_ws/install/moveit_common:/opt/ros/humble LD_LIBRARY_PATH=/home/manoj/ros2_ws/install/moveit_ros_occupancy_map_monitor/lib:/home/manoj/ros2_ws/install/moveit_core/lib:${LD_LIBRARY_PATH} PATH=/home/manoj/ros2_ws/install/moveit_core/bin:${PATH} PYTHONPATH=/home/manoj/ros2_ws/install/moveit_configs_utils/lib/python3.10/site-packages:${PYTHONPATH} /usr/bin/cmake --install /home/manoj/ros2_ws/build/moveit_ros_planning
