[0.037s] Invoking command in '/home/manoj/ros2_ws/build/moveit_ros_perception': AMENT_PREFIX_PATH=/home/manoj/ros2_ws/install/moveit_ros_planning:/home/manoj/ros2_ws/install/moveit_ros_occupancy_map_monitor:/home/manoj/ros2_ws/install/moveit_core:/home/manoj/ros2_ws/install/moveit_configs_utils:/home/manoj/ros2_ws/install/moveit_resources_prbt_support:/home/manoj/ros2_ws/install/moveit_resources:/home/manoj/ros2_ws/install/moveit_resources_pr2_description:/home/manoj/ros2_ws/install/moveit_resources_panda_moveit_config:/home/manoj/ros2_ws/install/dual_arm_panda_moveit_config:/home/manoj/ros2_ws/install/moveit_resources_panda_description:/home/manoj/ros2_ws/install/moveit_resources_fanuc_moveit_config:/home/manoj/ros2_ws/install/moveit_resources_fanuc_description:/home/manoj/ros2_ws/install/moveit_common:/home/manoj/ros2_ws/install/ur_description:/home/manoj/ros2_ws/install/my_mobile_manipulator_description:/opt/ros/humble CMAKE_PREFIX_PATH=/home/manoj/ros2_ws/install/moveit_ros_planning:/home/manoj/ros2_ws/install/moveit_ros_occupancy_map_monitor:/home/manoj/ros2_ws/install/moveit_core:/home/manoj/ros2_ws/install/moveit_resources_panda_moveit_config:/home/manoj/ros2_ws/install/moveit_resources_pr2_description:/home/manoj/ros2_ws/install/moveit_resources_panda_description:/home/manoj/ros2_ws/install/moveit_common:/home/manoj/ros2_ws/install/moveit_resources_prbt_support:/home/manoj/ros2_ws/install/moveit_resources:/home/manoj/ros2_ws/install/dual_arm_panda_moveit_config:/home/manoj/ros2_ws/install/moveit_resources_fanuc_moveit_config:/home/manoj/ros2_ws/install/moveit_resources_fanuc_description:/home/manoj/ros2_ws/install/ur_description:/home/manoj/ros2_ws/install/my_mobile_manipulator_description:/home/manoj/ros2_ws/install/moveit_configs_utils:/opt/ros/humble LD_LIBRARY_PATH=/home/manoj/ros2_ws/install/moveit_ros_planning/lib:/home/manoj/ros2_ws/install/moveit_ros_occupancy_map_monitor/lib:/home/manoj/ros2_ws/install/moveit_core/lib:${LD_LIBRARY_PATH} PATH=/home/manoj/ros2_ws/install/moveit_core/bin:${PATH} PYTHONPATH=/home/manoj/ros2_ws/build/moveit_configs_utils:${PYTHONPATH} /usr/bin/cmake /home/manoj/ros2_ws/src/moveit2/moveit_ros/perception -DAMENT_CMAKE_SYMLINK_INSTALL=1 -DCMAKE_INSTALL_PREFIX=/home/manoj/ros2_ws/install/moveit_ros_perception
[0.130s] -- The C compiler identification is GNU 11.4.0
[0.225s] -- The CXX compiler identification is GNU 11.4.0
[0.250s] -- Detecting C compiler ABI info
[0.374s] -- Detecting C compiler ABI info - done
[0.385s] -- Check for working C compiler: /usr/bin/cc - skipped
[0.385s] -- Detecting C compile features
[0.386s] -- Detecting C compile features - done
[0.393s] -- Detecting CXX compiler ABI info
[0.533s] -- Detecting CXX compiler ABI info - done
[0.547s] -- Check for working CXX compiler: /usr/bin/c++ - skipped
[0.548s] -- Detecting CXX compile features
[0.548s] -- Detecting CXX compile features - done
[0.552s] -- Found moveit_common: 2.5.9 (/home/manoj/ros2_ws/install/moveit_common/share/moveit_common/cmake)
[0.559s] -- Found ament_cmake: 1.3.11 (/opt/ros/humble/share/ament_cmake/cmake)
[0.840s] -- Found Python3: /usr/bin/python3 (found version "3.10.12") found components: Interpreter 
[0.947s] -- Override CMake install command with custom implementation using symlinks instead of copying resources
[1.140s] [0mmoveit_ros_perception: You did not request a specific build type: Choosing 'Release' for maximum performance[0m
[1.161s] -- Found OpenGL: /usr/lib/x86_64-linux-gnu/libOpenGL.so   
[1.267s] -- Found GLEW: /usr/include (found version "2.2.0") 
[1.279s] -- Found PkgConfig: /usr/bin/pkg-config (found version "0.29.2") 
[1.279s] -- Checking for module 'glut'
[1.284s] --   No package 'glut' found
[1.294s] -- Found GLUT: /usr/lib/x86_64-linux-gnu/libglut.so  
[1.298s] -- Found cv_bridge: 3.2.1 (/opt/ros/humble/share/cv_bridge/cmake)
[1.414s] -- Found rosidl_generator_c: 3.1.6 (/opt/ros/humble/share/rosidl_generator_c/cmake)
[1.430s] -- Found rosidl_adapter: 3.1.6 (/opt/ros/humble/share/rosidl_adapter/cmake)
[1.451s] -- Found rosidl_generator_cpp: 3.1.6 (/opt/ros/humble/share/rosidl_generator_cpp/cmake)
[1.471s] -- Using all available rosidl_typesupport_c: rosidl_typesupport_fastrtps_c;rosidl_typesupport_introspection_c
[1.508s] -- Using all available rosidl_typesupport_cpp: rosidl_typesupport_fastrtps_cpp;rosidl_typesupport_introspection_cpp
[1.642s] -- Found moveit_core: 2.5.9 (/home/manoj/ros2_ws/install/moveit_core/share/moveit_core/cmake)
[2.051s] -- Found Boost: /usr/lib/x86_64-linux-gnu/cmake/Boost-1.74.0/BoostConfig.cmake (found version "1.74.0") found components: chrono date_time filesystem iostreams program_options regex serialization system thread 
[2.141s] -- Found parameter_traits: 0.4.0 (/opt/ros/humble/share/parameter_traits/cmake)
[2.225s] -- Found rmw_implementation_cmake: 6.1.2 (/opt/ros/humble/share/rmw_implementation_cmake/cmake)
[2.230s] -- Found rmw_fastrtps_cpp: 6.2.7 (/opt/ros/humble/share/rmw_fastrtps_cpp/cmake)
[2.379s] -- Found OpenSSL: /usr/lib/x86_64-linux-gnu/libcrypto.so (found version "3.0.2")  
[2.428s] -- Found FastRTPS: /opt/ros/humble/include  
[2.501s] -- Using RMW implementation 'rmw_fastrtps_cpp' as default
[2.533s] -- Found Threads: TRUE  
[2.630s] -- Found Eigen3: TRUE (found version "3.4.0") 
[2.636s] -- Found rclcpp_lifecycle: 16.0.12 (/opt/ros/humble/share/rclcpp_lifecycle/cmake)
[2.687s] -- Found Boost: /usr/lib/x86_64-linux-gnu/cmake/Boost-1.74.0/BoostConfig.cmake (found version "1.74.0") found components: filesystem 
[2.856s] -- library: /usr/lib/x86_64-linux-gnu/libcurl.so
[2.967s] -- Ensuring Eigen3 include directory is part of orocos-kdl CMake target
[3.457s] -- Found image_transport: 3.1.11 (/opt/ros/humble/share/image_transport/cmake)
[3.464s] -- Found moveit_ros_occupancy_map_monitor: 2.5.9 (/home/manoj/ros2_ws/install/moveit_ros_occupancy_map_monitor/share/moveit_ros_occupancy_map_monitor/cmake)
[4.153s] -- Found OpenMP_C: -fopenmp (found version "4.5") 
[4.366s] -- Found OpenMP_CXX: -fopenmp (found version "4.5") 
[4.366s] -- Found OpenMP: TRUE (found version "4.5")  
[4.375s] -- Found OpenCV: /usr (found version "4.5.4") 
[4.383s] -- Found Boost: /usr/lib/x86_64-linux-gnu/cmake/Boost-1.74.0/BoostConfig.cmake (found version "1.74.0") found components: thread 
[4.442s] -- Performing Test COMPILER_HAS_HIDDEN_VISIBILITY
[4.652s] -- Performing Test COMPILER_HAS_HIDDEN_VISIBILITY - Success
[4.653s] -- Performing Test COMPILER_HAS_HIDDEN_INLINE_VISIBILITY
[4.855s] -- Performing Test COMPILER_HAS_HIDDEN_INLINE_VISIBILITY - Success
[4.856s] -- Performing Test COMPILER_HAS_DEPRECATED_ATTR
[5.065s] -- Performing Test COMPILER_HAS_DEPRECATED_ATTR - Success
[5.129s] -- Found ament_lint_auto: 0.12.12 (/opt/ros/humble/share/ament_lint_auto/cmake)
[5.193s] -- Added test 'cppcheck' to perform static code analysis on C / C++ code
[5.195s] -- Configured cppcheck include dirs: /home/manoj/ros2_ws/src/moveit2/moveit_ros/perception/depth_image_octomap_updater/include;/home/manoj/ros2_ws/src/moveit2/moveit_ros/perception/lazy_free_space_updater/include;/home/manoj/ros2_ws/src/moveit2/moveit_ros/perception/mesh_filter/include;/home/manoj/ros2_ws/src/moveit2/moveit_ros/perception/point_containment_filter/include;/home/manoj/ros2_ws/src/moveit2/moveit_ros/perception/pointcloud_octomap_updater/include;/home/manoj/ros2_ws/src/moveit2/moveit_ros/perception/semantic_world/include
[5.196s] -- Configured cppcheck exclude dirs and/or files: 
[5.201s] -- Added test 'lint_cmake' to check CMake code style
[5.204s] -- Added test 'xmllint' to check XML markup files
[5.211s] -- Configuring done
[5.482s] -- Generating done
[5.552s] -- Build files have been written to: /home/manoj/ros2_ws/build/moveit_ros_perception
[5.585s] Invoked command in '/home/manoj/ros2_ws/build/moveit_ros_perception' returned '0': AMENT_PREFIX_PATH=/home/manoj/ros2_ws/install/moveit_ros_planning:/home/manoj/ros2_ws/install/moveit_ros_occupancy_map_monitor:/home/manoj/ros2_ws/install/moveit_core:/home/manoj/ros2_ws/install/moveit_configs_utils:/home/manoj/ros2_ws/install/moveit_resources_prbt_support:/home/manoj/ros2_ws/install/moveit_resources:/home/manoj/ros2_ws/install/moveit_resources_pr2_description:/home/manoj/ros2_ws/install/moveit_resources_panda_moveit_config:/home/manoj/ros2_ws/install/dual_arm_panda_moveit_config:/home/manoj/ros2_ws/install/moveit_resources_panda_description:/home/manoj/ros2_ws/install/moveit_resources_fanuc_moveit_config:/home/manoj/ros2_ws/install/moveit_resources_fanuc_description:/home/manoj/ros2_ws/install/moveit_common:/home/manoj/ros2_ws/install/ur_description:/home/manoj/ros2_ws/install/my_mobile_manipulator_description:/opt/ros/humble CMAKE_PREFIX_PATH=/home/manoj/ros2_ws/install/moveit_ros_planning:/home/manoj/ros2_ws/install/moveit_ros_occupancy_map_monitor:/home/manoj/ros2_ws/install/moveit_core:/home/manoj/ros2_ws/install/moveit_resources_panda_moveit_config:/home/manoj/ros2_ws/install/moveit_resources_pr2_description:/home/manoj/ros2_ws/install/moveit_resources_panda_description:/home/manoj/ros2_ws/install/moveit_common:/home/manoj/ros2_ws/install/moveit_resources_prbt_support:/home/manoj/ros2_ws/install/moveit_resources:/home/manoj/ros2_ws/install/dual_arm_panda_moveit_config:/home/manoj/ros2_ws/install/moveit_resources_fanuc_moveit_config:/home/manoj/ros2_ws/install/moveit_resources_fanuc_description:/home/manoj/ros2_ws/install/ur_description:/home/manoj/ros2_ws/install/my_mobile_manipulator_description:/home/manoj/ros2_ws/install/moveit_configs_utils:/opt/ros/humble LD_LIBRARY_PATH=/home/manoj/ros2_ws/install/moveit_ros_planning/lib:/home/manoj/ros2_ws/install/moveit_ros_occupancy_map_monitor/lib:/home/manoj/ros2_ws/install/moveit_core/lib:${LD_LIBRARY_PATH} PATH=/home/manoj/ros2_ws/install/moveit_core/bin:${PATH} PYTHONPATH=/home/manoj/ros2_ws/build/moveit_configs_utils:${PYTHONPATH} /usr/bin/cmake /home/manoj/ros2_ws/src/moveit2/moveit_ros/perception -DAMENT_CMAKE_SYMLINK_INSTALL=1 -DCMAKE_INSTALL_PREFIX=/home/manoj/ros2_ws/install/moveit_ros_perception
[5.588s] Invoking command in '/home/manoj/ros2_ws/build/moveit_ros_perception': AMENT_PREFIX_PATH=/home/manoj/ros2_ws/install/moveit_ros_planning:/home/manoj/ros2_ws/install/moveit_ros_occupancy_map_monitor:/home/manoj/ros2_ws/install/moveit_core:/home/manoj/ros2_ws/install/moveit_configs_utils:/home/manoj/ros2_ws/install/moveit_resources_prbt_support:/home/manoj/ros2_ws/install/moveit_resources:/home/manoj/ros2_ws/install/moveit_resources_pr2_description:/home/manoj/ros2_ws/install/moveit_resources_panda_moveit_config:/home/manoj/ros2_ws/install/dual_arm_panda_moveit_config:/home/manoj/ros2_ws/install/moveit_resources_panda_description:/home/manoj/ros2_ws/install/moveit_resources_fanuc_moveit_config:/home/manoj/ros2_ws/install/moveit_resources_fanuc_description:/home/manoj/ros2_ws/install/moveit_common:/home/manoj/ros2_ws/install/ur_description:/home/manoj/ros2_ws/install/my_mobile_manipulator_description:/opt/ros/humble CMAKE_PREFIX_PATH=/home/manoj/ros2_ws/install/moveit_ros_planning:/home/manoj/ros2_ws/install/moveit_ros_occupancy_map_monitor:/home/manoj/ros2_ws/install/moveit_core:/home/manoj/ros2_ws/install/moveit_resources_panda_moveit_config:/home/manoj/ros2_ws/install/moveit_resources_pr2_description:/home/manoj/ros2_ws/install/moveit_resources_panda_description:/home/manoj/ros2_ws/install/moveit_common:/home/manoj/ros2_ws/install/moveit_resources_prbt_support:/home/manoj/ros2_ws/install/moveit_resources:/home/manoj/ros2_ws/install/dual_arm_panda_moveit_config:/home/manoj/ros2_ws/install/moveit_resources_fanuc_moveit_config:/home/manoj/ros2_ws/install/moveit_resources_fanuc_description:/home/manoj/ros2_ws/install/ur_description:/home/manoj/ros2_ws/install/my_mobile_manipulator_description:/home/manoj/ros2_ws/install/moveit_configs_utils:/opt/ros/humble LD_LIBRARY_PATH=/home/manoj/ros2_ws/install/moveit_ros_planning/lib:/home/manoj/ros2_ws/install/moveit_ros_occupancy_map_monitor/lib:/home/manoj/ros2_ws/install/moveit_core/lib:${LD_LIBRARY_PATH} PATH=/home/manoj/ros2_ws/install/moveit_core/bin:${PATH} PYTHONPATH=/home/manoj/ros2_ws/build/moveit_configs_utils:${PYTHONPATH} /usr/bin/cmake --build /home/manoj/ros2_ws/build/moveit_ros_perception -- -j12 -l12
[5.709s] [  5%] [32mBuilding CXX object lazy_free_space_updater/CMakeFiles/moveit_lazy_free_space_updater.dir/src/lazy_free_space_updater.cpp.o[0m
[9.651s] [ 10%] [32m[1mLinking CXX shared library libmoveit_lazy_free_space_updater.so[0m
[10.071s] [ 10%] Built target moveit_lazy_free_space_updater
[10.110s] [ 15%] [32mBuilding CXX object semantic_world/CMakeFiles/moveit_semantic_world.dir/src/semantic_world.cpp.o[0m
[57.337s] [ 20%] [32m[1mLinking CXX shared library libmoveit_semantic_world.so[0m
[59.316s] [ 20%] Built target moveit_semantic_world
[59.442s] [ 25%] [32mBuilding CXX object mesh_filter/CMakeFiles/moveit_mesh_filter.dir/src/mesh_filter_base.cpp.o[0m
[75.566s] [ 30%] [32mBuilding CXX object mesh_filter/CMakeFiles/moveit_mesh_filter.dir/src/gl_mesh.cpp.o[0m
[79.797s] [ 35%] [32mBuilding CXX object mesh_filter/CMakeFiles/moveit_mesh_filter.dir/src/gl_renderer.cpp.o[0m
[82.495s] [ 40%] [32mBuilding CXX object mesh_filter/CMakeFiles/moveit_mesh_filter.dir/src/stereo_camera_model.cpp.o[0m
[85.295s] [ 45%] [32mBuilding CXX object mesh_filter/CMakeFiles/moveit_mesh_filter.dir/src/sensor_model.cpp.o[0m
[87.129s] [ 50%] [32m[1mLinking CXX shared library libmoveit_mesh_filter.so[0m
[87.690s] [ 50%] Built target moveit_mesh_filter
[87.730s] [ 55%] [32mBuilding CXX object point_containment_filter/CMakeFiles/moveit_point_containment_filter.dir/src/shape_mask.cpp.o[0m
[93.758s] [ 60%] [32m[1mLinking CXX shared library libmoveit_point_containment_filter.so[0m
[94.013s] [ 60%] Built target moveit_point_containment_filter
[94.058s] [ 65%] [32mBuilding CXX object depth_image_octomap_updater/CMakeFiles/moveit_depth_image_octomap_updater_core.dir/src/depth_image_octomap_updater.cpp.o[0m
[107.105s] [ 70%] [32m[1mLinking CXX shared library libmoveit_depth_image_octomap_updater_core.so[0m
[107.515s] [ 70%] Built target moveit_depth_image_octomap_updater_core
[107.556s] [ 75%] [32mBuilding CXX object pointcloud_octomap_updater/CMakeFiles/moveit_pointcloud_octomap_updater_core.dir/src/pointcloud_octomap_updater.cpp.o[0m
[136.707s] [ 80%] [32m[1mLinking CXX shared library libmoveit_pointcloud_octomap_updater_core.so[0m
[137.161s] [ 80%] Built target moveit_pointcloud_octomap_updater_core
[137.202s] [ 85%] [32mBuilding CXX object depth_image_octomap_updater/CMakeFiles/moveit_depth_image_octomap_updater.dir/src/updater_plugin.cpp.o[0m
[144.351s] [ 90%] [32m[1mLinking CXX shared library libmoveit_depth_image_octomap_updater.so[0m
[144.650s] [ 90%] Built target moveit_depth_image_octomap_updater
[144.690s] [ 95%] [32mBuilding CXX object pointcloud_octomap_updater/CMakeFiles/moveit_pointcloud_octomap_updater.dir/src/plugin_init.cpp.o[0m
[152.349s] [100%] [32m[1mLinking CXX shared library libmoveit_pointcloud_octomap_updater.so[0m
[152.673s] [100%] Built target moveit_pointcloud_octomap_updater
[152.694s] Invoked command in '/home/manoj/ros2_ws/build/moveit_ros_perception' returned '0': AMENT_PREFIX_PATH=/home/manoj/ros2_ws/install/moveit_ros_planning:/home/manoj/ros2_ws/install/moveit_ros_occupancy_map_monitor:/home/manoj/ros2_ws/install/moveit_core:/home/manoj/ros2_ws/install/moveit_configs_utils:/home/manoj/ros2_ws/install/moveit_resources_prbt_support:/home/manoj/ros2_ws/install/moveit_resources:/home/manoj/ros2_ws/install/moveit_resources_pr2_description:/home/manoj/ros2_ws/install/moveit_resources_panda_moveit_config:/home/manoj/ros2_ws/install/dual_arm_panda_moveit_config:/home/manoj/ros2_ws/install/moveit_resources_panda_description:/home/manoj/ros2_ws/install/moveit_resources_fanuc_moveit_config:/home/manoj/ros2_ws/install/moveit_resources_fanuc_description:/home/manoj/ros2_ws/install/moveit_common:/home/manoj/ros2_ws/install/ur_description:/home/manoj/ros2_ws/install/my_mobile_manipulator_description:/opt/ros/humble CMAKE_PREFIX_PATH=/home/manoj/ros2_ws/install/moveit_ros_planning:/home/manoj/ros2_ws/install/moveit_ros_occupancy_map_monitor:/home/manoj/ros2_ws/install/moveit_core:/home/manoj/ros2_ws/install/moveit_resources_panda_moveit_config:/home/manoj/ros2_ws/install/moveit_resources_pr2_description:/home/manoj/ros2_ws/install/moveit_resources_panda_description:/home/manoj/ros2_ws/install/moveit_common:/home/manoj/ros2_ws/install/moveit_resources_prbt_support:/home/manoj/ros2_ws/install/moveit_resources:/home/manoj/ros2_ws/install/dual_arm_panda_moveit_config:/home/manoj/ros2_ws/install/moveit_resources_fanuc_moveit_config:/home/manoj/ros2_ws/install/moveit_resources_fanuc_description:/home/manoj/ros2_ws/install/ur_description:/home/manoj/ros2_ws/install/my_mobile_manipulator_description:/home/manoj/ros2_ws/install/moveit_configs_utils:/opt/ros/humble LD_LIBRARY_PATH=/home/manoj/ros2_ws/install/moveit_ros_planning/lib:/home/manoj/ros2_ws/install/moveit_ros_occupancy_map_monitor/lib:/home/manoj/ros2_ws/install/moveit_core/lib:${LD_LIBRARY_PATH} PATH=/home/manoj/ros2_ws/install/moveit_core/bin:${PATH} PYTHONPATH=/home/manoj/ros2_ws/build/moveit_configs_utils:${PYTHONPATH} /usr/bin/cmake --build /home/manoj/ros2_ws/build/moveit_ros_perception -- -j12 -l12
[152.696s] Invoking command in '/home/manoj/ros2_ws/build/moveit_ros_perception': AMENT_PREFIX_PATH=/home/manoj/ros2_ws/install/moveit_ros_planning:/home/manoj/ros2_ws/install/moveit_ros_occupancy_map_monitor:/home/manoj/ros2_ws/install/moveit_core:/home/manoj/ros2_ws/install/moveit_configs_utils:/home/manoj/ros2_ws/install/moveit_resources_prbt_support:/home/manoj/ros2_ws/install/moveit_resources:/home/manoj/ros2_ws/install/moveit_resources_pr2_description:/home/manoj/ros2_ws/install/moveit_resources_panda_moveit_config:/home/manoj/ros2_ws/install/dual_arm_panda_moveit_config:/home/manoj/ros2_ws/install/moveit_resources_panda_description:/home/manoj/ros2_ws/install/moveit_resources_fanuc_moveit_config:/home/manoj/ros2_ws/install/moveit_resources_fanuc_description:/home/manoj/ros2_ws/install/moveit_common:/home/manoj/ros2_ws/install/ur_description:/home/manoj/ros2_ws/install/my_mobile_manipulator_description:/opt/ros/humble CMAKE_PREFIX_PATH=/home/manoj/ros2_ws/install/moveit_ros_planning:/home/manoj/ros2_ws/install/moveit_ros_occupancy_map_monitor:/home/manoj/ros2_ws/install/moveit_core:/home/manoj/ros2_ws/install/moveit_resources_panda_moveit_config:/home/manoj/ros2_ws/install/moveit_resources_pr2_description:/home/manoj/ros2_ws/install/moveit_resources_panda_description:/home/manoj/ros2_ws/install/moveit_common:/home/manoj/ros2_ws/install/moveit_resources_prbt_support:/home/manoj/ros2_ws/install/moveit_resources:/home/manoj/ros2_ws/install/dual_arm_panda_moveit_config:/home/manoj/ros2_ws/install/moveit_resources_fanuc_moveit_config:/home/manoj/ros2_ws/install/moveit_resources_fanuc_description:/home/manoj/ros2_ws/install/ur_description:/home/manoj/ros2_ws/install/my_mobile_manipulator_description:/home/manoj/ros2_ws/install/moveit_configs_utils:/opt/ros/humble LD_LIBRARY_PATH=/home/manoj/ros2_ws/install/moveit_ros_planning/lib:/home/manoj/ros2_ws/install/moveit_ros_occupancy_map_monitor/lib:/home/manoj/ros2_ws/install/moveit_core/lib:${LD_LIBRARY_PATH} PATH=/home/manoj/ros2_ws/install/moveit_core/bin:${PATH} PYTHONPATH=/home/manoj/ros2_ws/build/moveit_configs_utils:${PYTHONPATH} /usr/bin/cmake --install /home/manoj/ros2_ws/build/moveit_ros_perception
[152.704s] -- Install configuration: "Release"
[152.705s] -- Execute custom install script
[152.706s] -- Symlinking: /home/manoj/ros2_ws/install/moveit_ros_perception/include/moveit/lazy_free_space_updater/lazy_free_space_updater.h
[152.723s] -- Symlinking: /home/manoj/ros2_ws/install/moveit_ros_perception/include/moveit/point_containment_filter/shape_mask.h
[152.741s] -- Symlinking: /home/manoj/ros2_ws/install/moveit_ros_perception/include/moveit/pointcloud_octomap_updater/pointcloud_octomap_updater.h
[152.758s] -- Symlinking: /home/manoj/ros2_ws/install/moveit_ros_perception/include/moveit/mesh_filter/depth_self_filter_nodelet.h
[152.773s] -- Symlinking: /home/manoj/ros2_ws/install/moveit_ros_perception/include/moveit/mesh_filter/filter_job.h
[152.785s] -- Symlinking: /home/manoj/ros2_ws/install/moveit_ros_perception/include/moveit/mesh_filter/gl_mesh.h
[152.801s] -- Symlinking: /home/manoj/ros2_ws/install/moveit_ros_perception/include/moveit/mesh_filter/gl_renderer.h
[152.815s] -- Symlinking: /home/manoj/ros2_ws/install/moveit_ros_perception/include/moveit/mesh_filter/mesh_filter.h
[152.832s] -- Symlinking: /home/manoj/ros2_ws/install/moveit_ros_perception/include/moveit/mesh_filter/mesh_filter_base.h
[152.849s] -- Symlinking: /home/manoj/ros2_ws/install/moveit_ros_perception/include/moveit/mesh_filter/sensor_model.h
[152.862s] -- Symlinking: /home/manoj/ros2_ws/install/moveit_ros_perception/include/moveit/mesh_filter/stereo_camera_model.h
[152.877s] -- Symlinking: /home/manoj/ros2_ws/install/moveit_ros_perception/include/moveit/mesh_filter/transform_provider.h
[152.890s] -- Symlinking: /home/manoj/ros2_ws/install/moveit_ros_perception/include/moveit_mesh_filter_export.h
[152.903s] -- Symlinking: /home/manoj/ros2_ws/install/moveit_ros_perception/include/moveit/depth_image_octomap_updater/depth_image_octomap_updater.h
[152.918s] -- Symlinking: /home/manoj/ros2_ws/install/moveit_ros_perception/include/moveit/semantic_world/semantic_world.h
[152.936s] -- Symlinking: /home/manoj/ros2_ws/install/moveit_ros_perception/share/moveit_ros_perception/environment/library_path.sh
[152.951s] -- Symlinking: /home/manoj/ros2_ws/install/moveit_ros_perception/share/moveit_ros_perception/environment/library_path.dsv
[152.968s] -- Symlinking: /home/manoj/ros2_ws/install/moveit_ros_perception/share/moveit_ros_perception//pointcloud_octomap_updater_plugin_description.xml
[152.981s] -- Symlinking: /home/manoj/ros2_ws/install/moveit_ros_perception/share/moveit_ros_perception//depth_image_octomap_updater_plugin_description.xml
[152.995s] -- Symlinking: /home/manoj/ros2_ws/install/moveit_ros_perception/share/ament_index/resource_index/package_run_dependencies/moveit_ros_perception
[153.010s] -- Symlinking: /home/manoj/ros2_ws/install/moveit_ros_perception/share/ament_index/resource_index/parent_prefix_path/moveit_ros_perception
[153.026s] -- Symlinking: /home/manoj/ros2_ws/install/moveit_ros_perception/share/moveit_ros_perception/environment/ament_prefix_path.sh
[153.043s] -- Symlinking: /home/manoj/ros2_ws/install/moveit_ros_perception/share/moveit_ros_perception/environment/ament_prefix_path.dsv
[153.058s] -- Symlinking: /home/manoj/ros2_ws/install/moveit_ros_perception/share/moveit_ros_perception/environment/path.sh
[153.074s] -- Symlinking: /home/manoj/ros2_ws/install/moveit_ros_perception/share/moveit_ros_perception/environment/path.dsv
[153.086s] -- Symlinking: /home/manoj/ros2_ws/install/moveit_ros_perception/share/moveit_ros_perception/local_setup.bash
[153.104s] -- Symlinking: /home/manoj/ros2_ws/install/moveit_ros_perception/share/moveit_ros_perception/local_setup.sh
[153.117s] -- Symlinking: /home/manoj/ros2_ws/install/moveit_ros_perception/share/moveit_ros_perception/local_setup.zsh
[153.129s] -- Symlinking: /home/manoj/ros2_ws/install/moveit_ros_perception/share/moveit_ros_perception/local_setup.dsv
[153.147s] -- Symlinking: /home/manoj/ros2_ws/install/moveit_ros_perception/share/moveit_ros_perception/package.dsv
[153.157s] -- Symlinking: /home/manoj/ros2_ws/install/moveit_ros_perception/share/ament_index/resource_index/packages/moveit_ros_perception
[153.167s] -- Symlinking: /home/manoj/ros2_ws/install/moveit_ros_perception/share/ament_index/resource_index/moveit_ros_occupancy_map_monitor__pluginlib__plugin/moveit_ros_perception
[153.176s] -- Symlinking: /home/manoj/ros2_ws/install/moveit_ros_perception/share/moveit_ros_perception/cmake/ConfigExtras.cmake
[153.185s] -- Symlinking: /home/manoj/ros2_ws/install/moveit_ros_perception/share/moveit_ros_perception/cmake/ament_cmake_export_targets-extras.cmake
[153.198s] -- Symlinking: /home/manoj/ros2_ws/install/moveit_ros_perception/share/moveit_ros_perception/cmake/ament_cmake_export_dependencies-extras.cmake
[153.217s] -- Symlinking: /home/manoj/ros2_ws/install/moveit_ros_perception/share/moveit_ros_perception/cmake/moveit_ros_perceptionConfig.cmake
[153.232s] -- Symlinking: /home/manoj/ros2_ws/install/moveit_ros_perception/share/moveit_ros_perception/cmake/moveit_ros_perceptionConfig-version.cmake
[153.248s] -- Symlinking: /home/manoj/ros2_ws/install/moveit_ros_perception/share/moveit_ros_perception/package.xml
[153.263s] -- Installing: /home/manoj/ros2_ws/install/moveit_ros_perception/lib/libmoveit_depth_image_octomap_updater.so.2.5.9
[153.264s] -- Set runtime path of "/home/manoj/ros2_ws/install/moveit_ros_perception/lib/libmoveit_depth_image_octomap_updater.so.2.5.9" to ""
[153.264s] -- Installing: /home/manoj/ros2_ws/install/moveit_ros_perception/lib/libmoveit_depth_image_octomap_updater.so
[153.264s] -- Installing: /home/manoj/ros2_ws/install/moveit_ros_perception/lib/libmoveit_depth_image_octomap_updater_core.so.2.5.9
[153.265s] -- Set runtime path of "/home/manoj/ros2_ws/install/moveit_ros_perception/lib/libmoveit_depth_image_octomap_updater_core.so.2.5.9" to ""
[153.265s] -- Installing: /home/manoj/ros2_ws/install/moveit_ros_perception/lib/libmoveit_depth_image_octomap_updater_core.so
[153.265s] -- Installing: /home/manoj/ros2_ws/install/moveit_ros_perception/lib/libmoveit_lazy_free_space_updater.so.2.5.9
[153.266s] -- Set runtime path of "/home/manoj/ros2_ws/install/moveit_ros_perception/lib/libmoveit_lazy_free_space_updater.so.2.5.9" to ""
[153.266s] -- Installing: /home/manoj/ros2_ws/install/moveit_ros_perception/lib/libmoveit_lazy_free_space_updater.so
[153.266s] -- Installing: /home/manoj/ros2_ws/install/moveit_ros_perception/lib/libmoveit_mesh_filter.so.2.5.9
[153.267s] -- Set runtime path of "/home/manoj/ros2_ws/install/moveit_ros_perception/lib/libmoveit_mesh_filter.so.2.5.9" to ""
[153.267s] -- Installing: /home/manoj/ros2_ws/install/moveit_ros_perception/lib/libmoveit_mesh_filter.so
[153.267s] -- Installing: /home/manoj/ros2_ws/install/moveit_ros_perception/lib/libmoveit_point_containment_filter.so.2.5.9
[153.268s] -- Set runtime path of "/home/manoj/ros2_ws/install/moveit_ros_perception/lib/libmoveit_point_containment_filter.so.2.5.9" to ""
[153.268s] -- Installing: /home/manoj/ros2_ws/install/moveit_ros_perception/lib/libmoveit_point_containment_filter.so
[153.269s] -- Installing: /home/manoj/ros2_ws/install/moveit_ros_perception/lib/libmoveit_pointcloud_octomap_updater.so.2.5.9
[153.269s] -- Set runtime path of "/home/manoj/ros2_ws/install/moveit_ros_perception/lib/libmoveit_pointcloud_octomap_updater.so.2.5.9" to ""
[153.269s] -- Installing: /home/manoj/ros2_ws/install/moveit_ros_perception/lib/libmoveit_pointcloud_octomap_updater.so
[153.269s] -- Installing: /home/manoj/ros2_ws/install/moveit_ros_perception/lib/libmoveit_pointcloud_octomap_updater_core.so.2.5.9
[153.273s] -- Set runtime path of "/home/manoj/ros2_ws/install/moveit_ros_perception/lib/libmoveit_pointcloud_octomap_updater_core.so.2.5.9" to ""
[153.273s] -- Installing: /home/manoj/ros2_ws/install/moveit_ros_perception/lib/libmoveit_pointcloud_octomap_updater_core.so
[153.273s] -- Installing: /home/manoj/ros2_ws/install/moveit_ros_perception/lib/libmoveit_semantic_world.so.2.5.9
[153.275s] -- Set runtime path of "/home/manoj/ros2_ws/install/moveit_ros_perception/lib/libmoveit_semantic_world.so.2.5.9" to ""
[153.275s] -- Installing: /home/manoj/ros2_ws/install/moveit_ros_perception/lib/libmoveit_semantic_world.so
[153.276s] -- Installing: /home/manoj/ros2_ws/install/moveit_ros_perception/share/moveit_ros_perception/cmake/export_moveit_ros_perceptionExport.cmake
[153.276s] -- Installing: /home/manoj/ros2_ws/install/moveit_ros_perception/share/moveit_ros_perception/cmake/export_moveit_ros_perceptionExport-release.cmake
[153.281s] Invoked command in '/home/manoj/ros2_ws/build/moveit_ros_perception' returned '0': AMENT_PREFIX_PATH=/home/manoj/ros2_ws/install/moveit_ros_planning:/home/manoj/ros2_ws/install/moveit_ros_occupancy_map_monitor:/home/manoj/ros2_ws/install/moveit_core:/home/manoj/ros2_ws/install/moveit_configs_utils:/home/manoj/ros2_ws/install/moveit_resources_prbt_support:/home/manoj/ros2_ws/install/moveit_resources:/home/manoj/ros2_ws/install/moveit_resources_pr2_description:/home/manoj/ros2_ws/install/moveit_resources_panda_moveit_config:/home/manoj/ros2_ws/install/dual_arm_panda_moveit_config:/home/manoj/ros2_ws/install/moveit_resources_panda_description:/home/manoj/ros2_ws/install/moveit_resources_fanuc_moveit_config:/home/manoj/ros2_ws/install/moveit_resources_fanuc_description:/home/manoj/ros2_ws/install/moveit_common:/home/manoj/ros2_ws/install/ur_description:/home/manoj/ros2_ws/install/my_mobile_manipulator_description:/opt/ros/humble CMAKE_PREFIX_PATH=/home/manoj/ros2_ws/install/moveit_ros_planning:/home/manoj/ros2_ws/install/moveit_ros_occupancy_map_monitor:/home/manoj/ros2_ws/install/moveit_core:/home/manoj/ros2_ws/install/moveit_resources_panda_moveit_config:/home/manoj/ros2_ws/install/moveit_resources_pr2_description:/home/manoj/ros2_ws/install/moveit_resources_panda_description:/home/manoj/ros2_ws/install/moveit_common:/home/manoj/ros2_ws/install/moveit_resources_prbt_support:/home/manoj/ros2_ws/install/moveit_resources:/home/manoj/ros2_ws/install/dual_arm_panda_moveit_config:/home/manoj/ros2_ws/install/moveit_resources_fanuc_moveit_config:/home/manoj/ros2_ws/install/moveit_resources_fanuc_description:/home/manoj/ros2_ws/install/ur_description:/home/manoj/ros2_ws/install/my_mobile_manipulator_description:/home/manoj/ros2_ws/install/moveit_configs_utils:/opt/ros/humble LD_LIBRARY_PATH=/home/manoj/ros2_ws/install/moveit_ros_planning/lib:/home/manoj/ros2_ws/install/moveit_ros_occupancy_map_monitor/lib:/home/manoj/ros2_ws/install/moveit_core/lib:${LD_LIBRARY_PATH} PATH=/home/manoj/ros2_ws/install/moveit_core/bin:${PATH} PYTHONPATH=/home/manoj/ros2_ws/build/moveit_configs_utils:${PYTHONPATH} /usr/bin/cmake --install /home/manoj/ros2_ws/build/moveit_ros_perception
