-- Found ament_cmake: 1.3.11 (/opt/ros/humble/share/ament_cmake/cmake)
-- Override CMake install command with custom implementation using symlinks instead of copying resources
-- Found ament_lint_auto: 0.12.12 (/opt/ros/humble/share/ament_lint_auto/cmake)
-- Added test 'copyright' to check source files copyright and LICENSE
-- Added test 'lint_cmake' to check CMake code style
-- Added test 'xmllint' to check XML markup files
-- Configuring done
-- Generating done
-- Build files have been written to: /home/manoj/ros2_ws/build/moveit_ros
-- Install configuration: "Release"
-- Execute custom install script
-- Symlinking: /home/manoj/ros2_ws/install/moveit_ros/share/ament_index/resource_index/package_run_dependencies/moveit_ros
-- Symlinking: /home/manoj/ros2_ws/install/moveit_ros/share/ament_index/resource_index/parent_prefix_path/moveit_ros
-- Symlinking: /home/manoj/ros2_ws/install/moveit_ros/share/moveit_ros/environment/ament_prefix_path.sh
-- Symlinking: /home/manoj/ros2_ws/install/moveit_ros/share/moveit_ros/environment/ament_prefix_path.dsv
-- Symlinking: /home/manoj/ros2_ws/install/moveit_ros/share/moveit_ros/environment/path.sh
-- Symlinking: /home/manoj/ros2_ws/install/moveit_ros/share/moveit_ros/environment/path.dsv
-- Symlinking: /home/manoj/ros2_ws/install/moveit_ros/share/moveit_ros/local_setup.bash
-- Symlinking: /home/manoj/ros2_ws/install/moveit_ros/share/moveit_ros/local_setup.sh
-- Symlinking: /home/manoj/ros2_ws/install/moveit_ros/share/moveit_ros/local_setup.zsh
-- Symlinking: /home/manoj/ros2_ws/install/moveit_ros/share/moveit_ros/local_setup.dsv
-- Symlinking: /home/manoj/ros2_ws/install/moveit_ros/share/moveit_ros/package.dsv
-- Symlinking: /home/manoj/ros2_ws/install/moveit_ros/share/ament_index/resource_index/packages/moveit_ros
-- Symlinking: /home/manoj/ros2_ws/install/moveit_ros/share/moveit_ros/cmake/moveit_rosConfig.cmake
-- Symlinking: /home/manoj/ros2_ws/install/moveit_ros/share/moveit_ros/cmake/moveit_rosConfig-version.cmake
-- Symlinking: /home/manoj/ros2_ws/install/moveit_ros/share/moveit_ros/package.xml
